Port monitor named: Port1_e1.prt

nx        = 98
ny        = 4
nz        = 11

nu        = 9
nv        = 96
iu        = 2
iv        = 2

idir      = 1
dcut      = -1.030000e-001
icut      = 2
type      = 0
frequency = 1.800000e+009

fcutoff   = 0.000000e+000
alpha     = 0.000000e+000
beta      = 6.980020e+001
accuracy  = 3.152607e-014

type          = QTEM
wave imp.     = 2.045148e+002
wave imp.sig. = 1.382405e-009
line imp.     = 4.796610e+001

ref. port     = 0

-0.000000e+000  -0.000000e+000  -0.000000e+000  -0.000000e+000  -1.762407e-009  -1.834445e-009  -1.722674e-009  -1.270202e-009  -0.000000e+000  
-0.000000e+000  -0.000000e+000  -2.548505e-009  -3.233170e-009  -3.967017e-009  -4.276062e-009  -4.003018e-009  -2.849562e-009  -0.000000e+000  
-0.000000e+000  -0.000000e+000  -2.772563e-009  -4.455313e-009  -6.297305e-009  -6.672679e-009  -5.967840e-009  -3.955800e-009  -0.000000e+000  
2.091881e-009  -0.000000e+000  -2.230129e-009  -6.360988e-009  -1.086168e-008  -1.038454e-008  -8.627719e-009  -5.318014e-009  -0.000000e+000  
1.023937e-008  1.763609e-008  -1.081869e-008  -9.963557e-009  -2.250173e-008  -1.567076e-008  -1.171905e-008  -6.819639e-009  -0.000000e+000  
7.657621e-009  1.059798e-008  -8.290201e-009  -6.615078e-009  -2.189726e-008  -1.766276e-008  -1.389532e-008  -8.319124e-009  -0.000000e+000  
4.135933e-009  5.068112e-009  -6.231882e-009  -5.621934e-009  -2.196055e-008  -1.918743e-008  -1.582867e-008  -9.906353e-009  -0.000000e+000  
1.973797e-009  2.343071e-009  -5.972550e-009  -5.697625e-009  -2.375221e-008  -2.156887e-008  -1.831380e-008  -1.185538e-008  -0.000000e+000  
-0.000000e+000  -0.000000e+000  -9.054102e-009  -8.807312e-009  -3.752948e-008  -3.472064e-008  -3.003503e-008  -2.002404e-008  -0.000000e+000  
-0.000000e+000  -0.000000e+000  -1.780807e-008  -1.734641e-008  -7.403374e-008  -6.861863e-008  -5.949090e-008  -3.982861e-008  -0.000000e+000  
-0.000000e+000  -0.000000e+000  -3.708452e-008  -3.612582e-008  -1.541979e-007  -1.429381e-007  -1.239475e-007  -8.301521e-008  -0.000000e+000  
-0.000000e+000  -0.000000e+000  -7.820649e-008  -7.618514e-008  -3.251864e-007  -3.014435e-007  -2.613977e-007  -1.750799e-007  -0.000000e+000  
-0.000000e+000  -0.000000e+000  -1.653877e-007  -1.611130e-007  -6.876888e-007  -6.374788e-007  -5.527924e-007  -3.702525e-007  -0.000000e+000  
-0.000000e+000  -0.000000e+000  -3.499676e-007  -3.409218e-007  -1.455178e-006  -1.348932e-006  -1.169732e-006  -7.834708e-007  -0.000000e+000  
-0.000000e+000  -0.000000e+000  -7.406449e-007  -7.215010e-007  -3.079629e-006  -2.854778e-006  -2.475534e-006  -1.658078e-006  -0.000000e+000  
-0.000000e+000  -0.000000e+000  -1.567494e-006  -1.526978e-006  -6.517697e-006  -6.041824e-006  -5.239195e-006  -3.509141e-006  -0.000000e+000  
-0.000000e+000  -0.000000e+000  -3.317450e-006  -3.231701e-006  -1.379408e-005  -1.278694e-005  -1.108825e-005  -7.426757e-006  -0.000000e+000  
-0.000000e+000  -0.000000e+000  -7.021071e-006  -6.839593e-006  -2.919387e-005  -2.706235e-005  -2.346724e-005  -1.571803e-005  -0.000000e+000  
-0.000000e+000  -0.000000e+000  -1.485944e-005  -1.447536e-005  -6.178610e-005  -5.727494e-005  -4.966622e-005  -3.326575e-005  -0.000000e+000  
-0.000000e+000  -0.000000e+000  -3.144862e-005  -3.063575e-005  -1.307645e-004  -1.212171e-004  -1.051139e-004  -7.040385e-005  -0.000000e+000  
-0.000000e+000  -0.000000e+000  -6.655808e-005  -6.483770e-005  -2.767509e-004  -2.565446e-004  -2.224638e-004  -1.490032e-004  -0.000000e+000  
-0.000000e+000  -0.000000e+000  -1.408640e-004  -1.372230e-004  -5.857176e-004  -5.429528e-004  -4.708240e-004  -3.153514e-004  -0.000000e+000  
-0.000000e+000  -0.000000e+000  -2.832454e-004  -2.759241e-004  -1.177745e-003  -1.091754e-003  -9.467198e-004  -6.340997e-004  -0.000000e+000  
-0.000000e+000  -0.000000e+000  -3.757418e-004  -3.660298e-004  -1.562348e-003  -1.448277e-003  -1.255880e-003  -8.411710e-004  -0.000000e+000  
-0.000000e+000  -0.000000e+000  -4.960830e-004  -4.832604e-004  -2.062731e-003  -1.912126e-003  -1.658109e-003  -1.110578e-003  -0.000000e+000  
-0.000000e+000  -0.000000e+000  -6.531867e-004  -6.363033e-004  -2.715974e-003  -2.517674e-003  -2.183212e-003  -1.462285e-003  -0.000000e+000  
-0.000000e+000  -0.000000e+000  -8.600784e-004  -8.378474e-004  -3.576237e-003  -3.315127e-003  -2.874727e-003  -1.925452e-003  -0.000000e+000  
-0.000000e+000  -0.000000e+000  -1.131476e-003  -1.102230e-003  -4.704719e-003  -4.361215e-003  -3.781847e-003  -2.533028e-003  -0.000000e+000  
-0.000000e+000  -0.000000e+000  -1.487735e-003  -1.449280e-003  -6.186056e-003  -5.734396e-003  -4.972607e-003  -3.330582e-003  -0.000000e+000  
-0.000000e+000  -0.000000e+000  -2.989903e-003  -2.912621e-003  -1.243212e-002  -1.152442e-002  -9.993449e-003  -6.693469e-003  -0.000000e+000  
-0.000000e+000  -0.000000e+000  -6.376430e-003  -6.211612e-003  -2.651341e-002  -2.457759e-002  -2.131255e-002  -1.427482e-002  -0.000000e+000  
-0.000000e+000  -0.000000e+000  -1.368541e-002  -1.333166e-002  -5.690434e-002  -5.274953e-002  -4.574189e-002  -3.063711e-002  -0.000000e+000  
-0.000000e+000  -0.000000e+000  -2.941307e-002  -2.865276e-002  -1.223001e-001  -1.133702e-001  -9.830883e-002  -6.584487e-002  -0.000000e+000  
-0.000000e+000  -0.000000e+000  -6.323524e-002  -6.160044e-002  -2.629314e-001  -2.437312e-001  -2.113486e-001  -1.415521e-001  -0.000000e+000  
-0.000000e+000  -0.000000e+000  -1.359639e-001  -1.324476e-001  -5.653239e-001  -5.240302e-001  -4.543907e-001  -3.043066e-001  -0.000000e+000  
-0.000000e+000  -0.000000e+000  -2.923772e-001  -2.848080e-001  -1.215599e+000  -1.126735e+000  -9.769035e-001  -6.540842e-001  -0.000000e+000  
-0.000000e+000  -0.000000e+000  -6.289368e-001  -6.126065e-001  -2.614422e+000  -2.422857e+000  -2.100076e+000  -1.405185e+000  -0.000000e+000  
-0.000000e+000  -0.000000e+000  -1.354203e+000  -1.318732e+000  -5.626270e+000  -5.211280e+000  -4.513375e+000  -3.014379e+000  -0.000000e+000  
-0.000000e+000  -0.000000e+000  -2.924037e+000  -2.845374e+000  -1.212842e+001  -1.121657e+001  -9.692042e+000  -6.439552e+000  -0.000000e+000  
-0.000000e+000  -0.000000e+000  -6.368625e+000  -6.182110e+000  -2.627157e+001  -2.418443e+001  -2.075945e+001  -1.359468e+001  -0.000000e+000  
-0.000000e+000  -0.000000e+000  -1.427110e+001  -1.372561e+001  -5.768335e+001  -5.233905e+001  -4.407557e+001  -2.773600e+001  -0.000000e+000  
-0.000000e+000  -0.000000e+000  -3.530941e+001  -3.270199e+001  -1.313069e+002  -1.136078e+002  -9.045467e+001  -5.100483e+001  -0.000000e+000  
-0.000000e+000  -0.000000e+000  -1.123815e+002  -9.167643e+001  -3.075420e+002  -2.275488e+002  -1.533277e+002  -6.262189e+001  -0.000000e+000  
-0.000000e+000  -0.000000e+000  -2.550788e+002  -1.805460e+002  -4.451715e+002  -2.594937e+002  -1.385379e+002  -3.568257e+001  -0.000000e+000  
-0.000000e+000  -0.000000e+000  -6.212525e+002  -4.012872e+002  -5.893209e+002  -2.113514e+002  -5.338680e+001  1.952579e+001  -0.000000e+000  
-0.000000e+000  -0.000000e+000  -1.647322e+003  -1.155160e+003  -4.399212e+002  1.134794e+002  1.732290e+002  1.061551e+002  -0.000000e+000  
-0.000000e+000  -0.000000e+000  -3.302037e+003  -3.838277e+003  1.635520e+003  7.350208e+002  4.171149e+002  1.702140e+002  -0.000000e+000  
-0.000000e+000  -0.000000e+000  -4.131140e+003  -4.612664e+003  1.741971e+003  9.784927e+002  5.592533e+002  2.114251e+002  -0.000000e+000  
-0.000000e+000  -0.000000e+000  -4.131140e+003  -4.612664e+003  1.741971e+003  9.784927e+002  5.592533e+002  2.114251e+002  -0.000000e+000  
-0.000000e+000  -0.000000e+000  -3.302037e+003  -3.838277e+003  1.635520e+003  7.350208e+002  4.171149e+002  1.702140e+002  -0.000000e+000  
-0.000000e+000  -0.000000e+000  -1.647322e+003  -1.155160e+003  -4.399212e+002  1.134794e+002  1.732290e+002  1.061551e+002  -0.000000e+000  
-0.000000e+000  -0.000000e+000  -6.212525e+002  -4.012872e+002  -5.893209e+002  -2.113514e+002  -5.338680e+001  1.952579e+001  -0.000000e+000  
-0.000000e+000  -0.000000e+000  -2.550788e+002  -1.805460e+002  -4.451715e+002  -2.594937e+002  -1.385379e+002  -3.568257e+001  -0.000000e+000  
-0.000000e+000  -0.000000e+000  -1.123815e+002  -9.167643e+001  -3.075420e+002  -2.275488e+002  -1.533277e+002  -6.262189e+001  -0.000000e+000  
-0.000000e+000  -0.000000e+000  -3.530941e+001  -3.270199e+001  -1.313069e+002  -1.136078e+002  -9.045467e+001  -5.100483e+001  -0.000000e+000  
-0.000000e+000  -0.000000e+000  -1.427110e+001  -1.372561e+001  -5.768335e+001  -5.233905e+001  -4.407557e+001  -2.773600e+001  -0.000000e+000  
-0.000000e+000  -0.000000e+000  -6.368625e+000  -6.182110e+000  -2.627157e+001  -2.418443e+001  -2.075945e+001  -1.359468e+001  -0.000000e+000  
-0.000000e+000  -0.000000e+000  -2.924037e+000  -2.845374e+000  -1.212842e+001  -1.121657e+001  -9.692042e+000  -6.439552e+000  -0.000000e+000  
-0.000000e+000  -0.000000e+000  -1.354203e+000  -1.318732e+000  -5.626270e+000  -5.211280e+000  -4.513375e+000  -3.014379e+000  -0.000000e+000  
-0.000000e+000  -0.000000e+000  -6.289368e-001  -6.126065e-001  -2.614422e+000  -2.422857e+000  -2.100076e+000  -1.405185e+000  -0.000000e+000  
-0.000000e+000  -0.000000e+000  -2.923772e-001  -2.848080e-001  -1.215599e+000  -1.126735e+000  -9.769035e-001  -6.540842e-001  -0.000000e+000  
-0.000000e+000  -0.000000e+000  -1.359639e-001  -1.324476e-001  -5.653239e-001  -5.240302e-001  -4.543907e-001  -3.043066e-001  -0.000000e+000  
-0.000000e+000  -0.000000e+000  -6.323524e-002  -6.160044e-002  -2.629314e-001  -2.437312e-001  -2.113486e-001  -1.415521e-001  -0.000000e+000  
-0.000000e+000  -0.000000e+000  -2.941307e-002  -2.865276e-002  -1.223001e-001  -1.133702e-001  -9.830883e-002  -6.584487e-002  -0.000000e+000  
-0.000000e+000  -0.000000e+000  -1.368541e-002  -1.333166e-002  -5.690434e-002  -5.274953e-002  -4.574189e-002  -3.063711e-002  -0.000000e+000  
-0.000000e+000  -0.000000e+000  -6.376430e-003  -6.211612e-003  -2.651341e-002  -2.457759e-002  -2.131255e-002  -1.427482e-002  -0.000000e+000  
-0.000000e+000  -0.000000e+000  -2.989903e-003  -2.912621e-003  -1.243212e-002  -1.152442e-002  -9.993449e-003  -6.693469e-003  -0.000000e+000  
-0.000000e+000  -0.000000e+000  -1.487735e-003  -1.449280e-003  -6.186056e-003  -5.734396e-003  -4.972607e-003  -3.330582e-003  -0.000000e+000  
-0.000000e+000  -0.000000e+000  -1.131476e-003  -1.102230e-003  -4.704719e-003  -4.361215e-003  -3.781847e-003  -2.533028e-003  -0.000000e+000  
-0.000000e+000  -0.000000e+000  -8.600784e-004  -8.378474e-004  -3.576237e-003  -3.315127e-003  -2.874727e-003  -1.925452e-003  -0.000000e+000  
-0.000000e+000  -0.000000e+000  -6.531867e-004  -6.363033e-004  -2.715974e-003  -2.517674e-003  -2.183212e-003  -1.462285e-003  -0.000000e+000  
-0.000000e+000  -0.000000e+000  -4.960830e-004  -4.832604e-004  -2.062731e-003  -1.912126e-003  -1.658109e-003  -1.110578e-003  -0.000000e+000  
-0.000000e+000  -0.000000e+000  -3.757418e-004  -3.660298e-004  -1.562348e-003  -1.448277e-003  -1.255880e-003  -8.411710e-004  -0.000000e+000  
-0.000000e+000  -0.000000e+000  -2.832454e-004  -2.759241e-004  -1.177745e-003  -1.091754e-003  -9.467198e-004  -6.340997e-004  -0.000000e+000  
-0.000000e+000  -0.000000e+000  -1.408640e-004  -1.372230e-004  -5.857176e-004  -5.429528e-004  -4.708240e-004  -3.153514e-004  -0.000000e+000  
-0.000000e+000  -0.000000e+000  -6.655808e-005  -6.483770e-005  -2.767509e-004  -2.565446e-004  -2.224638e-004  -1.490032e-004  -0.000000e+000  
-0.000000e+000  -0.000000e+000  -3.144862e-005  -3.063574e-005  -1.307645e-004  -1.212171e-004  -1.051139e-004  -7.040385e-005  -0.000000e+000  
-0.000000e+000  -0.000000e+000  -1.485944e-005  -1.447536e-005  -6.178609e-005  -5.727493e-005  -4.966621e-005  -3.326574e-005  -0.000000e+000  
-0.000000e+000  -0.000000e+000  -7.021069e-006  -6.839591e-006  -2.919386e-005  -2.706234e-005  -2.346723e-005  -1.571803e-005  -0.000000e+000  
-0.000000e+000  -0.000000e+000  -3.317449e-006  -3.231700e-006  -1.379407e-005  -1.278694e-005  -1.108825e-005  -7.426756e-006  -0.000000e+000  
-0.000000e+000  -0.000000e+000  -1.567495e-006  -1.526978e-006  -6.517700e-006  -6.041827e-006  -5.239197e-006  -3.509142e-006  -0.000000e+000  
-0.000000e+000  -0.000000e+000  -7.406468e-007  -7.215027e-007  -3.079637e-006  -2.854785e-006  -2.475539e-006  -1.658081e-006  -0.000000e+000  
-0.000000e+000  -0.000000e+000  -3.499696e-007  -3.409236e-007  -1.455186e-006  -1.348939e-006  -1.169738e-006  -7.834741e-007  -0.000000e+000  
-0.000000e+000  -0.000000e+000  -1.653905e-007  -1.611155e-007  -6.876993e-007  -6.374886e-007  -5.528010e-007  -3.702580e-007  -0.000000e+000  
-0.000000e+000  -0.000000e+000  -7.821005e-008  -7.618826e-008  -3.251983e-007  -3.014541e-007  -2.614069e-007  -1.750865e-007  -0.000000e+000  
-0.000000e+000  -0.000000e+000  -3.708567e-008  -3.612708e-008  -1.542028e-007  -1.429431e-007  -1.239521e-007  -8.301806e-008  -0.000000e+000  
-0.000000e+000  -0.000000e+000  -1.780751e-008  -1.734584e-008  -7.403104e-008  -6.861597e-008  -5.948883e-008  -3.982785e-008  -0.000000e+000  
-0.000000e+000  -0.000000e+000  -9.052780e-009  -8.806099e-009  -3.752553e-008  -3.471785e-008  -3.003299e-008  -2.002230e-008  -0.000000e+000  
1.972939e-009  2.341751e-009  -5.971594e-009  -5.696942e-009  -2.374910e-008  -2.156621e-008  -1.831165e-008  -1.185404e-008  -0.000000e+000  
4.135482e-009  5.067273e-009  -6.230811e-009  -5.620160e-009  -2.195639e-008  -1.918385e-008  -1.582562e-008  -9.904710e-009  -0.000000e+000  
7.657155e-009  1.059672e-008  -8.287210e-009  -6.613520e-009  -2.189092e-008  -1.765777e-008  -1.389140e-008  -8.316987e-009  -0.000000e+000  
1.023846e-008  1.763313e-008  -1.081496e-008  -9.960002e-009  -2.249422e-008  -1.566491e-008  -1.171470e-008  -6.817063e-009  -0.000000e+000  
2.092933e-009  -0.000000e+000  -2.227500e-009  -6.356785e-009  -1.085633e-008  -1.037913e-008  -8.622984e-009  -5.315137e-009  -0.000000e+000  
-0.000000e+000  -0.000000e+000  -2.768717e-009  -4.450558e-009  -6.292026e-009  -6.667202e-009  -5.963031e-009  -3.952474e-009  -0.000000e+000  
-0.000000e+000  -0.000000e+000  -2.543891e-009  -3.227981e-009  -3.961519e-009  -4.270469e-009  -3.998022e-009  -2.845971e-009  -0.000000e+000  
-0.000000e+000  -0.000000e+000  -0.000000e+000  -0.000000e+000  -1.760302e-009  -1.832277e-009  -1.720438e-009  -1.268689e-009  -0.000000e+000  

6.502103e-009  6.564604e-009  6.620992e-009  6.644785e-009  6.622454e-009  6.496523e-009  6.319761e-009  6.148560e-009  5.908540e-009  
1.248159e-008  1.334762e-008  1.417500e-008  1.465269e-008  1.461958e-008  1.365263e-008  1.262741e-008  1.189063e-008  1.130903e-008  
1.415301e-008  1.623563e-008  1.819676e-008  1.936759e-008  1.920850e-008  1.665768e-008  1.487859e-008  1.390375e-008  1.339695e-008  
1.401617e-008  1.955209e-008  2.440628e-008  2.794197e-008  2.721602e-008  1.885514e-008  1.627318e-008  1.545268e-008  1.545130e-008  
8.853329e-009  7.685556e-009  -0.000000e+000  6.208544e-009  1.035138e-008  1.428337e-008  1.568155e-008  1.650468e-008  1.763227e-008  
4.800266e-009  2.909635e-009  -0.000000e+000  4.430053e-009  8.202324e-009  1.290590e-008  1.590243e-008  1.792100e-008  2.023576e-008  
2.600152e-009  1.425007e-009  -0.000000e+000  4.594958e-009  8.912731e-009  1.374427e-008  1.744915e-008  2.020700e-008  2.353750e-008  
7.058167e-010  -0.000000e+000  -0.000000e+000  6.352421e-009  1.255652e-008  1.795510e-008  2.257391e-008  2.631036e-008  3.123332e-008  
-0.000000e+000  -0.000000e+000  -0.000000e+000  1.199321e-008  2.374901e-008  3.200131e-008  3.911369e-008  4.493242e-008  5.275582e-008  
-0.000000e+000  -0.000000e+000  -0.000000e+000  2.320399e-008  4.595557e-008  5.958335e-008  7.118567e-008  8.058964e-008  9.306897e-008  
-0.000000e+000  -0.000000e+000  -0.000000e+000  4.460273e-008  8.834132e-008  1.103756e-007  1.287881e-007  1.434736e-007  1.624656e-007  
-0.000000e+000  -0.000000e+000  -0.000000e+000  8.545090e-008  1.692570e-007  2.028687e-007  2.300949e-007  2.512028e-007  2.772086e-007  
-0.000000e+000  -0.000000e+000  -0.000000e+000  1.633025e-007  3.234849e-007  3.693125e-007  4.041196e-007  4.294197e-007  4.568969e-007  
-0.000000e+000  -0.000000e+000  -0.000000e+000  3.113253e-007  6.167522e-007  6.643889e-007  6.935681e-007  7.093402e-007  7.137584e-007  
-0.000000e+000  -0.000000e+000  -0.000000e+000  5.919461e-007  1.172785e-006  1.177296e-006  1.152240e-006  1.111912e-006  1.016409e-006  
-0.000000e+000  -0.000000e+000  -0.000000e+000  1.122127e-006  2.223434e-006  2.045018e-006  1.822568e-006  1.593363e-006  1.186602e-006  
-0.000000e+000  -0.000000e+000  -0.000000e+000  2.119834e-006  4.200850e-006  3.456400e-006  2.654936e-006  1.889085e-006  6.288188e-007  
-0.000000e+000  -0.000000e+000  -0.000000e+000  3.988653e-006  7.905386e-006  5.613838e-006  3.272241e-006  1.103418e-006  -2.343328e-006  
-0.000000e+000  -0.000000e+000  -0.000000e+000  7.470084e-006  1.480793e-005  8.560667e-006  2.345299e-006  -3.314300e-006  -1.213041e-005  
-0.000000e+000  -0.000000e+000  -0.000000e+000  1.391358e-005  2.758628e-005  1.163714e-005  -3.975493e-006  -1.804086e-005  -3.966867e-005  
-0.000000e+000  -0.000000e+000  -0.000000e+000  2.574600e-005  5.105832e-005  1.198034e-005  -2.586045e-005  -5.970243e-005  -1.112710e-004  
-0.000000e+000  -0.000000e+000  -0.000000e+000  4.644744e-005  9.213833e-005  1.098961e-006  -8.638886e-005  -1.642238e-004  -2.820545e-004  
-0.000000e+000  -0.000000e+000  -0.000000e+000  7.016891e-005  1.392309e-004  -2.692066e-005  -1.858684e-004  -3.268355e-004  -5.393928e-004  
-0.000000e+000  -0.000000e+000  -0.000000e+000  8.643040e-005  1.715206e-004  -5.164134e-005  -2.647411e-004  -4.534963e-004  -7.376541e-004  
-0.000000e+000  -0.000000e+000  -0.000000e+000  1.064405e-004  2.112629e-004  -8.926792e-005  -3.757557e-004  -6.292110e-004  -1.010187e-003  
-0.000000e+000  -0.000000e+000  -0.000000e+000  1.310448e-004  2.601419e-004  -1.451868e-004  -5.309567e-004  -8.718638e-004  -1.383555e-003  
-0.000000e+000  -0.000000e+000  -0.000000e+000  1.612218e-004  3.201082e-004  -2.269599e-004  -7.468559e-004  -1.205811e-003  -1.893768e-003  
-0.000000e+000  -0.000000e+000  -0.000000e+000  1.979808e-004  3.931768e-004  -3.445862e-004  -1.044744e-003  -1.662235e-003  -2.586680e-003  
-0.000000e+000  -0.000000e+000  -0.000000e+000  2.799414e-004  5.561530e-004  -6.523568e-004  -1.797072e-003  -2.805268e-003  -4.312010e-003  
-0.000000e+000  -0.000000e+000  -0.000000e+000  4.809231e-004  9.562262e-004  -1.746005e-003  -4.298418e-003  -6.541960e-003  -9.886293e-003  
-0.000000e+000  -0.000000e+000  -0.000000e+000  8.165416e-004  1.625507e-003  -4.525047e-003  -1.032083e-002  -1.540666e-002  -2.297119e-002  
-0.000000e+000  -0.000000e+000  -0.000000e+000  1.320679e-003  2.634033e-003  -1.122850e-002  -2.426566e-002  -3.568964e-002  -5.264987e-002  
-0.000000e+000  -0.000000e+000  -0.000000e+000  1.975784e-003  3.953618e-003  -2.710034e-002  -5.625629e-002  -8.177347e-002  -1.195955e-001  
-0.000000e+000  -0.000000e+000  -0.000000e+000  2.535840e-003  5.111490e-003  -6.412508e-002  -1.290347e-001  -1.857816e-001  -2.697670e-001  
-0.000000e+000  -0.000000e+000  -0.000000e+000  2.056758e-003  4.270132e-003  -1.495002e-001  -2.934667e-001  -4.191937e-001  -6.049737e-001  
-0.000000e+000  -0.000000e+000  -0.000000e+000  -2.332217e-003  -4.181118e-003  -3.446553e-001  -6.629747e-001  -9.406056e-001  -1.349936e+000  
-0.000000e+000  -0.000000e+000  -0.000000e+000  -1.859174e-002  -3.581473e-002  -7.882646e-001  -1.490417e+000  -2.101501e+000  -2.998641e+000  
-0.000000e+000  -0.000000e+000  -0.000000e+000  -6.819881e-002  -1.325269e-001  -1.796251e+000  -3.343151e+000  -4.683024e+000  -6.630276e+000  
-0.000000e+000  -0.000000e+000  -0.000000e+000  -2.117598e-001  -4.112260e-001  -4.113196e+000  -7.524262e+000  -1.044256e+001  -1.457251e+001  
-0.000000e+000  -0.000000e+000  -0.000000e+000  -6.538281e-001  -1.254084e+000  -9.670031e+000  -1.722381e+001  -2.346829e+001  -3.168495e+001  
-0.000000e+000  -0.000000e+000  -0.000000e+000  -2.402776e+000  -4.428896e+000  -2.469186e+001  -4.143521e+001  -5.395021e+001  -6.718837e+001  
-0.000000e+000  -0.000000e+000  -0.000000e+000  -1.302908e+001  -2.223791e+001  -7.581379e+001  -1.094336e+002  -1.269322e+002  -1.310357e+002  
-0.000000e+000  -0.000000e+000  -0.000000e+000  -7.642029e+001  -1.218908e+002  -2.362815e+002  -2.583554e+002  -2.404687e+002  -1.826718e+002  
-0.000000e+000  -0.000000e+000  -0.000000e+000  -2.037887e+002  -3.236842e+002  -4.418458e+002  -3.916055e+002  -3.106212e+002  -1.976851e+002  
-0.000000e+000  -0.000000e+000  -0.000000e+000  -5.829280e+002  -1.008316e+003  -8.632079e+002  -5.663164e+002  -3.595681e+002  -1.860825e+002  
-0.000000e+000  -0.000000e+000  -0.000000e+000  -1.315437e+003  -3.340028e+003  -1.395740e+003  -6.218346e+002  -3.167688e+002  -1.402508e+002  
-0.000000e+000  -0.000000e+000  -0.000000e+000  -6.294740e+002  -0.000000e+000  -6.479477e+002  -3.567057e+002  -1.866394e+002  -7.828003e+001  
-0.000000e+000  -0.000000e+000  -0.000000e+000  -0.000000e+000  -0.000000e+000  1.721251e-009  2.494756e-009  2.753681e-009  2.542012e-009  
-0.000000e+000  -0.000000e+000  -0.000000e+000  6.294740e+002  -0.000000e+000  6.479477e+002  3.567057e+002  1.866394e+002  7.828003e+001  
-0.000000e+000  -0.000000e+000  -0.000000e+000  1.315437e+003  3.340028e+003  1.395740e+003  6.218346e+002  3.167688e+002  1.402508e+002  
-0.000000e+000  -0.000000e+000  -0.000000e+000  5.829280e+002  1.008316e+003  8.632079e+002  5.663164e+002  3.595681e+002  1.860825e+002  
-0.000000e+000  -0.000000e+000  -0.000000e+000  2.037887e+002  3.236842e+002  4.418458e+002  3.916055e+002  3.106212e+002  1.976851e+002  
-0.000000e+000  -0.000000e+000  -0.000000e+000  7.642029e+001  1.218908e+002  2.362815e+002  2.583554e+002  2.404687e+002  1.826718e+002  
-0.000000e+000  -0.000000e+000  -0.000000e+000  1.302908e+001  2.223791e+001  7.581379e+001  1.094336e+002  1.269322e+002  1.310357e+002  
-0.000000e+000  -0.000000e+000  -0.000000e+000  2.402776e+000  4.428896e+000  2.469186e+001  4.143521e+001  5.395021e+001  6.718837e+001  
-0.000000e+000  -0.000000e+000  -0.000000e+000  6.538281e-001  1.254084e+000  9.670031e+000  1.722381e+001  2.346829e+001  3.168495e+001  
-0.000000e+000  -0.000000e+000  -0.000000e+000  2.117598e-001  4.112260e-001  4.113196e+000  7.524262e+000  1.044256e+001  1.457251e+001  
-0.000000e+000  -0.000000e+000  -0.000000e+000  6.819881e-002  1.325269e-001  1.796251e+000  3.343151e+000  4.683024e+000  6.630276e+000  
-0.000000e+000  -0.000000e+000  -0.000000e+000  1.859174e-002  3.581473e-002  7.882646e-001  1.490417e+000  2.101501e+000  2.998641e+000  
-0.000000e+000  -0.000000e+000  -0.000000e+000  2.332217e-003  4.181118e-003  3.446553e-001  6.629747e-001  9.406056e-001  1.349936e+000  
-0.000000e+000  -0.000000e+000  -0.000000e+000  -2.056758e-003  -4.270132e-003  1.495002e-001  2.934667e-001  4.191937e-001  6.049737e-001  
-0.000000e+000  -0.000000e+000  -0.000000e+000  -2.535840e-003  -5.111490e-003  6.412508e-002  1.290347e-001  1.857816e-001  2.697670e-001  
-0.000000e+000  -0.000000e+000  -0.000000e+000  -1.975784e-003  -3.953618e-003  2.710034e-002  5.625629e-002  8.177347e-002  1.195955e-001  
-0.000000e+000  -0.000000e+000  -0.000000e+000  -1.320679e-003  -2.634033e-003  1.122850e-002  2.426566e-002  3.568964e-002  5.264987e-002  
-0.000000e+000  -0.000000e+000  -0.000000e+000  -8.165416e-004  -1.625507e-003  4.525047e-003  1.032083e-002  1.540666e-002  2.297119e-002  
-0.000000e+000  -0.000000e+000  -0.000000e+000  -4.809231e-004  -9.562262e-004  1.746005e-003  4.298418e-003  6.541960e-003  9.886293e-003  
-0.000000e+000  -0.000000e+000  -0.000000e+000  -2.799414e-004  -5.561530e-004  6.523568e-004  1.797072e-003  2.805268e-003  4.312010e-003  
-0.000000e+000  -0.000000e+000  -0.000000e+000  -1.979808e-004  -3.931768e-004  3.445862e-004  1.044744e-003  1.662235e-003  2.586680e-003  
-0.000000e+000  -0.000000e+000  -0.000000e+000  -1.612218e-004  -3.201082e-004  2.269599e-004  7.468559e-004  1.205811e-003  1.893768e-003  
-0.000000e+000  -0.000000e+000  -0.000000e+000  -1.310448e-004  -2.601419e-004  1.451868e-004  5.309567e-004  8.718638e-004  1.383555e-003  
-0.000000e+000  -0.000000e+000  -0.000000e+000  -1.064405e-004  -2.112629e-004  8.926792e-005  3.757557e-004  6.292110e-004  1.010187e-003  
-0.000000e+000  -0.000000e+000  -0.000000e+000  -8.643040e-005  -1.715206e-004  5.164134e-005  2.647411e-004  4.534963e-004  7.376541e-004  
-0.000000e+000  -0.000000e+000  -0.000000e+000  -7.016891e-005  -1.392309e-004  2.692066e-005  1.858684e-004  3.268355e-004  5.393928e-004  
-0.000000e+000  -0.000000e+000  -0.000000e+000  -4.644744e-005  -9.213833e-005  -1.098961e-006  8.638886e-005  1.642238e-004  2.820545e-004  
-0.000000e+000  -0.000000e+000  -0.000000e+000  -2.574600e-005  -5.105832e-005  -1.198034e-005  2.586045e-005  5.970243e-005  1.112710e-004  
-0.000000e+000  -0.000000e+000  -0.000000e+000  -1.391358e-005  -2.758628e-005  -1.163714e-005  3.975493e-006  1.804086e-005  3.966867e-005  
-0.000000e+000  -0.000000e+000  -0.000000e+000  -7.470084e-006  -1.480793e-005  -8.560666e-006  -2.345298e-006  3.314301e-006  1.213041e-005  
-0.000000e+000  -0.000000e+000  -0.000000e+000  -3.988653e-006  -7.905387e-006  -5.613838e-006  -3.272241e-006  -1.103420e-006  2.343326e-006  
-0.000000e+000  -0.000000e+000  -0.000000e+000  -2.119834e-006  -4.200850e-006  -3.456401e-006  -2.654938e-006  -1.889088e-006  -6.288215e-007  
-0.000000e+000  -0.000000e+000  -0.000000e+000  -1.122127e-006  -2.223434e-006  -2.045019e-006  -1.822569e-006  -1.593365e-006  -1.186605e-006  
-0.000000e+000  -0.000000e+000  -0.000000e+000  -5.919459e-007  -1.172785e-006  -1.177296e-006  -1.152241e-006  -1.111913e-006  -1.016411e-006  
-0.000000e+000  -0.000000e+000  -0.000000e+000  -3.113255e-007  -6.167526e-007  -6.643897e-007  -6.935692e-007  -7.093416e-007  -7.137600e-007  
-0.000000e+000  -0.000000e+000  -0.000000e+000  -1.633021e-007  -3.234840e-007  -3.693118e-007  -4.041190e-007  -4.294194e-007  -4.568968e-007  
-0.000000e+000  -0.000000e+000  -0.000000e+000  -8.545035e-008  -1.692558e-007  -2.028671e-007  -2.300928e-007  -2.512004e-007  -2.772062e-007  
-0.000000e+000  -0.000000e+000  -0.000000e+000  -4.460322e-008  -8.834229e-008  -1.103756e-007  -1.287874e-007  -1.434723e-007  -1.624637e-007  
-0.000000e+000  -0.000000e+000  -0.000000e+000  -2.320482e-008  -4.595718e-008  -5.958441e-008  -7.118617e-008  -8.058960e-008  -9.306792e-008  
-0.000000e+000  -0.000000e+000  -0.000000e+000  -1.199319e-008  -2.374897e-008  -3.200101e-008  -3.911319e-008  -4.493172e-008  -5.275438e-008  
-7.055110e-010  -0.000000e+000  -0.000000e+000  -6.352384e-009  -1.255615e-008  -1.795468e-008  -2.257332e-008  -2.630965e-008  -3.123269e-008  
-2.599737e-009  -1.424844e-009  -0.000000e+000  -4.594997e-009  -8.912642e-009  -1.374392e-008  -1.744844e-008  -2.020627e-008  -2.353709e-008  
-4.799479e-009  -2.909258e-009  -0.000000e+000  -4.430048e-009  -8.202311e-009  -1.290526e-008  -1.590179e-008  -1.792036e-008  -2.023564e-008  
-8.851403e-009  -7.683997e-009  -0.000000e+000  -6.207556e-009  -1.035000e-008  -1.428239e-008  -1.568065e-008  -1.650439e-008  -1.763282e-008  
-1.401316e-008  -1.954752e-008  -2.440173e-008  -2.793620e-008  -2.721103e-008  -1.885258e-008  -1.627227e-008  -1.545225e-008  -1.545204e-008  
-1.415041e-008  -1.623280e-008  -1.819274e-008  -1.936489e-008  -1.920538e-008  -1.665600e-008  -1.487802e-008  -1.390362e-008  -1.339802e-008  
-1.247964e-008  -1.334556e-008  -1.417319e-008  -1.465067e-008  -1.461790e-008  -1.365190e-008  -1.262709e-008  -1.189090e-008  -1.131014e-008  
-6.501558e-009  -6.564153e-009  -6.620686e-009  -6.644694e-009  -6.622572e-009  -6.497108e-009  -6.320775e-009  -6.149807e-009  -5.910195e-009  
-0.000000e+000  -0.000000e+000  -0.000000e+000  -0.000000e+000  -0.000000e+000  -0.000000e+000  -0.000000e+000  -0.000000e+000  -0.000000e+000  

0.000000e+000  0.000000e+000  0.000000e+000  0.000000e+000  0.000000e+000  0.000000e+000  0.000000e+000  0.000000e+000  0.000000e+000  
0.000000e+000  0.000000e+000  0.000000e+000  0.000000e+000  0.000000e+000  0.000000e+000  0.000000e+000  0.000000e+000  0.000000e+000  
0.000000e+000  0.000000e+000  0.000000e+000  0.000000e+000  0.000000e+000  0.000000e+000  0.000000e+000  0.000000e+000  0.000000e+000  
0.000000e+000  0.000000e+000  0.000000e+000  0.000000e+000  0.000000e+000  0.000000e+000  0.000000e+000  0.000000e+000  0.000000e+000  
0.000000e+000  0.000000e+000  0.000000e+000  0.000000e+000  0.000000e+000  0.000000e+000  0.000000e+000  0.000000e+000  0.000000e+000  
0.000000e+000  0.000000e+000  0.000000e+000  0.000000e+000  0.000000e+000  0.000000e+000  0.000000e+000  0.000000e+000  0.000000e+000  
0.000000e+000  0.000000e+000  0.000000e+000  0.000000e+000  0.000000e+000  0.000000e+000  0.000000e+000  0.000000e+000  0.000000e+000  
0.000000e+000  0.000000e+000  0.000000e+000  0.000000e+000  0.000000e+000  0.000000e+000  0.000000e+000  0.000000e+000  0.000000e+000  
0.000000e+000  0.000000e+000  0.000000e+000  0.000000e+000  0.000000e+000  0.000000e+000  0.000000e+000  0.000000e+000  0.000000e+000  
0.000000e+000  0.000000e+000  0.000000e+000  0.000000e+000  0.000000e+000  0.000000e+000  0.000000e+000  0.000000e+000  0.000000e+000  
0.000000e+000  0.000000e+000  0.000000e+000  0.000000e+000  0.000000e+000  0.000000e+000  0.000000e+000  0.000000e+000  0.000000e+000  
0.000000e+000  0.000000e+000  0.000000e+000  0.000000e+000  0.000000e+000  0.000000e+000  0.000000e+000  0.000000e+000  0.000000e+000  
0.000000e+000  0.000000e+000  0.000000e+000  0.000000e+000  0.000000e+000  0.000000e+000  0.000000e+000  0.000000e+000  0.000000e+000  
0.000000e+000  0.000000e+000  0.000000e+000  0.000000e+000  0.000000e+000  0.000000e+000  0.000000e+000  0.000000e+000  0.000000e+000  
0.000000e+000  0.000000e+000  0.000000e+000  0.000000e+000  0.000000e+000  0.000000e+000  0.000000e+000  0.000000e+000  0.000000e+000  
0.000000e+000  0.000000e+000  0.000000e+000  0.000000e+000  0.000000e+000  0.000000e+000  0.000000e+000  0.000000e+000  0.000000e+000  
0.000000e+000  0.000000e+000  0.000000e+000  0.000000e+000  0.000000e+000  0.000000e+000  0.000000e+000  0.000000e+000  0.000000e+000  
0.000000e+000  0.000000e+000  0.000000e+000  0.000000e+000  0.000000e+000  0.000000e+000  0.000000e+000  0.000000e+000  0.000000e+000  
0.000000e+000  0.000000e+000  0.000000e+000  0.000000e+000  0.000000e+000  0.000000e+000  0.000000e+000  0.000000e+000  0.000000e+000  
0.000000e+000  0.000000e+000  0.000000e+000  0.000000e+000  0.000000e+000  0.000000e+000  0.000000e+000  0.000000e+000  0.000000e+000  
0.000000e+000  0.000000e+000  0.000000e+000  0.000000e+000  0.000000e+000  0.000000e+000  0.000000e+000  0.000000e+000  0.000000e+000  
0.000000e+000  0.000000e+000  0.000000e+000  0.000000e+000  0.000000e+000  0.000000e+000  0.000000e+000  0.000000e+000  0.000000e+000  
0.000000e+000  0.000000e+000  0.000000e+000  0.000000e+000  0.000000e+000  0.000000e+000  0.000000e+000  0.000000e+000  0.000000e+000  
0.000000e+000  0.000000e+000  0.000000e+000  0.000000e+000  0.000000e+000  0.000000e+000  0.000000e+000  0.000000e+000  0.000000e+000  
0.000000e+000  0.000000e+000  0.000000e+000  0.000000e+000  0.000000e+000  0.000000e+000  0.000000e+000  0.000000e+000  0.000000e+000  
0.000000e+000  0.000000e+000  0.000000e+000  0.000000e+000  0.000000e+000  0.000000e+000  0.000000e+000  0.000000e+000  0.000000e+000  
0.000000e+000  0.000000e+000  0.000000e+000  0.000000e+000  0.000000e+000  0.000000e+000  0.000000e+000  0.000000e+000  0.000000e+000  
0.000000e+000  0.000000e+000  0.000000e+000  0.000000e+000  0.000000e+000  0.000000e+000  0.000000e+000  0.000000e+000  0.000000e+000  
0.000000e+000  0.000000e+000  0.000000e+000  0.000000e+000  0.000000e+000  0.000000e+000  0.000000e+000  0.000000e+000  0.000000e+000  
0.000000e+000  0.000000e+000  0.000000e+000  0.000000e+000  0.000000e+000  0.000000e+000  0.000000e+000  0.000000e+000  0.000000e+000  
0.000000e+000  0.000000e+000  0.000000e+000  0.000000e+000  0.000000e+000  0.000000e+000  0.000000e+000  0.000000e+000  0.000000e+000  
0.000000e+000  0.000000e+000  0.000000e+000  0.000000e+000  0.000000e+000  0.000000e+000  0.000000e+000  0.000000e+000  0.000000e+000  
0.000000e+000  0.000000e+000  0.000000e+000  0.000000e+000  0.000000e+000  0.000000e+000  0.000000e+000  0.000000e+000  0.000000e+000  
0.000000e+000  0.000000e+000  0.000000e+000  0.000000e+000  0.000000e+000  0.000000e+000  0.000000e+000  0.000000e+000  0.000000e+000  
0.000000e+000  0.000000e+000  0.000000e+000  0.000000e+000  0.000000e+000  0.000000e+000  0.000000e+000  0.000000e+000  0.000000e+000  
0.000000e+000  0.000000e+000  0.000000e+000  0.000000e+000  0.000000e+000  0.000000e+000  0.000000e+000  0.000000e+000  0.000000e+000  
0.000000e+000  0.000000e+000  0.000000e+000  0.000000e+000  0.000000e+000  0.000000e+000  0.000000e+000  0.000000e+000  0.000000e+000  
0.000000e+000  0.000000e+000  0.000000e+000  0.000000e+000  0.000000e+000  0.000000e+000  0.000000e+000  0.000000e+000  0.000000e+000  
0.000000e+000  0.000000e+000  0.000000e+000  0.000000e+000  0.000000e+000  0.000000e+000  0.000000e+000  0.000000e+000  0.000000e+000  
0.000000e+000  0.000000e+000  0.000000e+000  0.000000e+000  0.000000e+000  0.000000e+000  0.000000e+000  0.000000e+000  0.000000e+000  
0.000000e+000  0.000000e+000  0.000000e+000  0.000000e+000  0.000000e+000  0.000000e+000  0.000000e+000  0.000000e+000  0.000000e+000  
0.000000e+000  0.000000e+000  0.000000e+000  0.000000e+000  0.000000e+000  0.000000e+000  0.000000e+000  0.000000e+000  0.000000e+000  
0.000000e+000  0.000000e+000  0.000000e+000  0.000000e+000  0.000000e+000  0.000000e+000  0.000000e+000  0.000000e+000  0.000000e+000  
0.000000e+000  0.000000e+000  0.000000e+000  0.000000e+000  0.000000e+000  0.000000e+000  0.000000e+000  0.000000e+000  0.000000e+000  
0.000000e+000  0.000000e+000  0.000000e+000  0.000000e+000  0.000000e+000  0.000000e+000  0.000000e+000  0.000000e+000  0.000000e+000  
0.000000e+000  0.000000e+000  0.000000e+000  0.000000e+000  0.000000e+000  0.000000e+000  0.000000e+000  0.000000e+000  0.000000e+000  
0.000000e+000  0.000000e+000  0.000000e+000  0.000000e+000  0.000000e+000  0.000000e+000  0.000000e+000  0.000000e+000  0.000000e+000  
0.000000e+000  0.000000e+000  0.000000e+000  0.000000e+000  0.000000e+000  0.000000e+000  0.000000e+000  0.000000e+000  0.000000e+000  
0.000000e+000  0.000000e+000  0.000000e+000  0.000000e+000  0.000000e+000  0.000000e+000  0.000000e+000  0.000000e+000  0.000000e+000  
0.000000e+000  0.000000e+000  0.000000e+000  0.000000e+000  0.000000e+000  0.000000e+000  0.000000e+000  0.000000e+000  0.000000e+000  
0.000000e+000  0.000000e+000  0.000000e+000  0.000000e+000  0.000000e+000  0.000000e+000  0.000000e+000  0.000000e+000  0.000000e+000  
0.000000e+000  0.000000e+000  0.000000e+000  0.000000e+000  0.000000e+000  0.000000e+000  0.000000e+000  0.000000e+000  0.000000e+000  
0.000000e+000  0.000000e+000  0.000000e+000  0.000000e+000  0.000000e+000  0.000000e+000  0.000000e+000  0.000000e+000  0.000000e+000  
0.000000e+000  0.000000e+000  0.000000e+000  0.000000e+000  0.000000e+000  0.000000e+000  0.000000e+000  0.000000e+000  0.000000e+000  
0.000000e+000  0.000000e+000  0.000000e+000  0.000000e+000  0.000000e+000  0.000000e+000  0.000000e+000  0.000000e+000  0.000000e+000  
0.000000e+000  0.000000e+000  0.000000e+000  0.000000e+000  0.000000e+000  0.000000e+000  0.000000e+000  0.000000e+000  0.000000e+000  
0.000000e+000  0.000000e+000  0.000000e+000  0.000000e+000  0.000000e+000  0.000000e+000  0.000000e+000  0.000000e+000  0.000000e+000  
0.000000e+000  0.000000e+000  0.000000e+000  0.000000e+000  0.000000e+000  0.000000e+000  0.000000e+000  0.000000e+000  0.000000e+000  
0.000000e+000  0.000000e+000  0.000000e+000  0.000000e+000  0.000000e+000  0.000000e+000  0.000000e+000  0.000000e+000  0.000000e+000  
0.000000e+000  0.000000e+000  0.000000e+000  0.000000e+000  0.000000e+000  0.000000e+000  0.000000e+000  0.000000e+000  0.000000e+000  
0.000000e+000  0.000000e+000  0.000000e+000  0.000000e+000  0.000000e+000  0.000000e+000  0.000000e+000  0.000000e+000  0.000000e+000  
0.000000e+000  0.000000e+000  0.000000e+000  0.000000e+000  0.000000e+000  0.000000e+000  0.000000e+000  0.000000e+000  0.000000e+000  
0.000000e+000  0.000000e+000  0.000000e+000  0.000000e+000  0.000000e+000  0.000000e+000  0.000000e+000  0.000000e+000  0.000000e+000  
0.000000e+000  0.000000e+000  0.000000e+000  0.000000e+000  0.000000e+000  0.000000e+000  0.000000e+000  0.000000e+000  0.000000e+000  
0.000000e+000  0.000000e+000  0.000000e+000  0.000000e+000  0.000000e+000  0.000000e+000  0.000000e+000  0.000000e+000  0.000000e+000  
0.000000e+000  0.000000e+000  0.000000e+000  0.000000e+000  0.000000e+000  0.000000e+000  0.000000e+000  0.000000e+000  0.000000e+000  
0.000000e+000  0.000000e+000  0.000000e+000  0.000000e+000  0.000000e+000  0.000000e+000  0.000000e+000  0.000000e+000  0.000000e+000  
0.000000e+000  0.000000e+000  0.000000e+000  0.000000e+000  0.000000e+000  0.000000e+000  0.000000e+000  0.000000e+000  0.000000e+000  
0.000000e+000  0.000000e+000  0.000000e+000  0.000000e+000  0.000000e+000  0.000000e+000  0.000000e+000  0.000000e+000  0.000000e+000  
0.000000e+000  0.000000e+000  0.000000e+000  0.000000e+000  0.000000e+000  0.000000e+000  0.000000e+000  0.000000e+000  0.000000e+000  
0.000000e+000  0.000000e+000  0.000000e+000  0.000000e+000  0.000000e+000  0.000000e+000  0.000000e+000  0.000000e+000  0.000000e+000  
0.000000e+000  0.000000e+000  0.000000e+000  0.000000e+000  0.000000e+000  0.000000e+000  0.000000e+000  0.000000e+000  0.000000e+000  
0.000000e+000  0.000000e+000  0.000000e+000  0.000000e+000  0.000000e+000  0.000000e+000  0.000000e+000  0.000000e+000  0.000000e+000  
0.000000e+000  0.000000e+000  0.000000e+000  0.000000e+000  0.000000e+000  0.000000e+000  0.000000e+000  0.000000e+000  0.000000e+000  
0.000000e+000  0.000000e+000  0.000000e+000  0.000000e+000  0.000000e+000  0.000000e+000  0.000000e+000  0.000000e+000  0.000000e+000  
0.000000e+000  0.000000e+000  0.000000e+000  0.000000e+000  0.000000e+000  0.000000e+000  0.000000e+000  0.000000e+000  0.000000e+000  
0.000000e+000  0.000000e+000  0.000000e+000  0.000000e+000  0.000000e+000  0.000000e+000  0.000000e+000  0.000000e+000  0.000000e+000  
0.000000e+000  0.000000e+000  0.000000e+000  0.000000e+000  0.000000e+000  0.000000e+000  0.000000e+000  0.000000e+000  0.000000e+000  
0.000000e+000  0.000000e+000  0.000000e+000  0.000000e+000  0.000000e+000  0.000000e+000  0.000000e+000  0.000000e+000  0.000000e+000  
0.000000e+000  0.000000e+000  0.000000e+000  0.000000e+000  0.000000e+000  0.000000e+000  0.000000e+000  0.000000e+000  0.000000e+000  
0.000000e+000  0.000000e+000  0.000000e+000  0.000000e+000  0.000000e+000  0.000000e+000  0.000000e+000  0.000000e+000  0.000000e+000  
0.000000e+000  0.000000e+000  0.000000e+000  0.000000e+000  0.000000e+000  0.000000e+000  0.000000e+000  0.000000e+000  0.000000e+000  
0.000000e+000  0.000000e+000  0.000000e+000  0.000000e+000  0.000000e+000  0.000000e+000  0.000000e+000  0.000000e+000  0.000000e+000  
0.000000e+000  0.000000e+000  0.000000e+000  0.000000e+000  0.000000e+000  0.000000e+000  0.000000e+000  0.000000e+000  0.000000e+000  
0.000000e+000  0.000000e+000  0.000000e+000  0.000000e+000  0.000000e+000  0.000000e+000  0.000000e+000  0.000000e+000  0.000000e+000  
0.000000e+000  0.000000e+000  0.000000e+000  0.000000e+000  0.000000e+000  0.000000e+000  0.000000e+000  0.000000e+000  0.000000e+000  
0.000000e+000  0.000000e+000  0.000000e+000  0.000000e+000  0.000000e+000  0.000000e+000  0.000000e+000  0.000000e+000  0.000000e+000  
0.000000e+000  0.000000e+000  0.000000e+000  0.000000e+000  0.000000e+000  0.000000e+000  0.000000e+000  0.000000e+000  0.000000e+000  
0.000000e+000  0.000000e+000  0.000000e+000  0.000000e+000  0.000000e+000  0.000000e+000  0.000000e+000  0.000000e+000  0.000000e+000  
0.000000e+000  0.000000e+000  0.000000e+000  0.000000e+000  0.000000e+000  0.000000e+000  0.000000e+000  0.000000e+000  0.000000e+000  
0.000000e+000  0.000000e+000  0.000000e+000  0.000000e+000  0.000000e+000  0.000000e+000  0.000000e+000  0.000000e+000  0.000000e+000  
0.000000e+000  0.000000e+000  0.000000e+000  0.000000e+000  0.000000e+000  0.000000e+000  0.000000e+000  0.000000e+000  0.000000e+000  
0.000000e+000  0.000000e+000  0.000000e+000  0.000000e+000  0.000000e+000  0.000000e+000  0.000000e+000  0.000000e+000  0.000000e+000  
0.000000e+000  0.000000e+000  0.000000e+000  0.000000e+000  0.000000e+000  0.000000e+000  0.000000e+000  0.000000e+000  0.000000e+000  
0.000000e+000  0.000000e+000  0.000000e+000  0.000000e+000  0.000000e+000  0.000000e+000  0.000000e+000  0.000000e+000  0.000000e+000  
0.000000e+000  0.000000e+000  0.000000e+000  0.000000e+000  0.000000e+000  0.000000e+000  0.000000e+000  0.000000e+000  0.000000e+000  

0.000000e+000  0.000000e+000  0.000000e+000  0.000000e+000  0.000000e+000  0.000000e+000  0.000000e+000  0.000000e+000  0.000000e+000  
0.000000e+000  0.000000e+000  0.000000e+000  0.000000e+000  0.000000e+000  0.000000e+000  0.000000e+000  0.000000e+000  0.000000e+000  
0.000000e+000  0.000000e+000  0.000000e+000  0.000000e+000  0.000000e+000  0.000000e+000  0.000000e+000  0.000000e+000  0.000000e+000  
0.000000e+000  0.000000e+000  0.000000e+000  0.000000e+000  0.000000e+000  0.000000e+000  0.000000e+000  0.000000e+000  0.000000e+000  
0.000000e+000  0.000000e+000  0.000000e+000  0.000000e+000  0.000000e+000  0.000000e+000  0.000000e+000  0.000000e+000  0.000000e+000  
0.000000e+000  0.000000e+000  0.000000e+000  0.000000e+000  0.000000e+000  0.000000e+000  0.000000e+000  0.000000e+000  0.000000e+000  
0.000000e+000  0.000000e+000  0.000000e+000  0.000000e+000  0.000000e+000  0.000000e+000  0.000000e+000  0.000000e+000  0.000000e+000  
0.000000e+000  0.000000e+000  0.000000e+000  0.000000e+000  0.000000e+000  0.000000e+000  0.000000e+000  0.000000e+000  0.000000e+000  
0.000000e+000  0.000000e+000  0.000000e+000  0.000000e+000  0.000000e+000  0.000000e+000  0.000000e+000  0.000000e+000  0.000000e+000  
0.000000e+000  0.000000e+000  0.000000e+000  0.000000e+000  0.000000e+000  0.000000e+000  0.000000e+000  0.000000e+000  0.000000e+000  
0.000000e+000  0.000000e+000  0.000000e+000  0.000000e+000  0.000000e+000  0.000000e+000  0.000000e+000  0.000000e+000  0.000000e+000  
0.000000e+000  0.000000e+000  0.000000e+000  0.000000e+000  0.000000e+000  0.000000e+000  0.000000e+000  0.000000e+000  0.000000e+000  
0.000000e+000  0.000000e+000  0.000000e+000  0.000000e+000  0.000000e+000  0.000000e+000  0.000000e+000  0.000000e+000  0.000000e+000  
0.000000e+000  0.000000e+000  0.000000e+000  0.000000e+000  0.000000e+000  0.000000e+000  0.000000e+000  0.000000e+000  0.000000e+000  
0.000000e+000  0.000000e+000  0.000000e+000  0.000000e+000  0.000000e+000  0.000000e+000  0.000000e+000  0.000000e+000  0.000000e+000  
0.000000e+000  0.000000e+000  0.000000e+000  0.000000e+000  0.000000e+000  0.000000e+000  0.000000e+000  0.000000e+000  0.000000e+000  
0.000000e+000  0.000000e+000  0.000000e+000  0.000000e+000  0.000000e+000  0.000000e+000  0.000000e+000  0.000000e+000  0.000000e+000  
0.000000e+000  0.000000e+000  0.000000e+000  0.000000e+000  0.000000e+000  0.000000e+000  0.000000e+000  0.000000e+000  0.000000e+000  
0.000000e+000  0.000000e+000  0.000000e+000  0.000000e+000  0.000000e+000  0.000000e+000  0.000000e+000  0.000000e+000  0.000000e+000  
0.000000e+000  0.000000e+000  0.000000e+000  0.000000e+000  0.000000e+000  0.000000e+000  0.000000e+000  0.000000e+000  0.000000e+000  
0.000000e+000  0.000000e+000  0.000000e+000  0.000000e+000  0.000000e+000  0.000000e+000  0.000000e+000  0.000000e+000  0.000000e+000  
0.000000e+000  0.000000e+000  0.000000e+000  0.000000e+000  0.000000e+000  0.000000e+000  0.000000e+000  0.000000e+000  0.000000e+000  
0.000000e+000  0.000000e+000  0.000000e+000  0.000000e+000  0.000000e+000  0.000000e+000  0.000000e+000  0.000000e+000  0.000000e+000  
0.000000e+000  0.000000e+000  0.000000e+000  0.000000e+000  0.000000e+000  0.000000e+000  0.000000e+000  0.000000e+000  0.000000e+000  
0.000000e+000  0.000000e+000  0.000000e+000  0.000000e+000  0.000000e+000  0.000000e+000  0.000000e+000  0.000000e+000  0.000000e+000  
0.000000e+000  0.000000e+000  0.000000e+000  0.000000e+000  0.000000e+000  0.000000e+000  0.000000e+000  0.000000e+000  0.000000e+000  
0.000000e+000  0.000000e+000  0.000000e+000  0.000000e+000  0.000000e+000  0.000000e+000  0.000000e+000  0.000000e+000  0.000000e+000  
0.000000e+000  0.000000e+000  0.000000e+000  0.000000e+000  0.000000e+000  0.000000e+000  0.000000e+000  0.000000e+000  0.000000e+000  
0.000000e+000  0.000000e+000  0.000000e+000  0.000000e+000  0.000000e+000  0.000000e+000  0.000000e+000  0.000000e+000  0.000000e+000  
0.000000e+000  0.000000e+000  0.000000e+000  0.000000e+000  0.000000e+000  0.000000e+000  0.000000e+000  0.000000e+000  0.000000e+000  
0.000000e+000  0.000000e+000  0.000000e+000  0.000000e+000  0.000000e+000  0.000000e+000  0.000000e+000  0.000000e+000  0.000000e+000  
0.000000e+000  0.000000e+000  0.000000e+000  0.000000e+000  0.000000e+000  0.000000e+000  0.000000e+000  0.000000e+000  0.000000e+000  
0.000000e+000  0.000000e+000  0.000000e+000  0.000000e+000  0.000000e+000  0.000000e+000  0.000000e+000  0.000000e+000  0.000000e+000  
0.000000e+000  0.000000e+000  0.000000e+000  0.000000e+000  0.000000e+000  0.000000e+000  0.000000e+000  0.000000e+000  0.000000e+000  
0.000000e+000  0.000000e+000  0.000000e+000  0.000000e+000  0.000000e+000  0.000000e+000  0.000000e+000  0.000000e+000  0.000000e+000  
0.000000e+000  0.000000e+000  0.000000e+000  0.000000e+000  0.000000e+000  0.000000e+000  0.000000e+000  0.000000e+000  0.000000e+000  
0.000000e+000  0.000000e+000  0.000000e+000  0.000000e+000  0.000000e+000  0.000000e+000  0.000000e+000  0.000000e+000  0.000000e+000  
0.000000e+000  0.000000e+000  0.000000e+000  0.000000e+000  0.000000e+000  0.000000e+000  0.000000e+000  0.000000e+000  0.000000e+000  
0.000000e+000  0.000000e+000  0.000000e+000  0.000000e+000  0.000000e+000  0.000000e+000  0.000000e+000  0.000000e+000  0.000000e+000  
0.000000e+000  0.000000e+000  0.000000e+000  0.000000e+000  0.000000e+000  0.000000e+000  0.000000e+000  0.000000e+000  0.000000e+000  
0.000000e+000  0.000000e+000  0.000000e+000  0.000000e+000  0.000000e+000  0.000000e+000  0.000000e+000  0.000000e+000  0.000000e+000  
0.000000e+000  0.000000e+000  0.000000e+000  0.000000e+000  0.000000e+000  0.000000e+000  0.000000e+000  0.000000e+000  0.000000e+000  
0.000000e+000  0.000000e+000  0.000000e+000  0.000000e+000  0.000000e+000  0.000000e+000  0.000000e+000  0.000000e+000  0.000000e+000  
0.000000e+000  0.000000e+000  0.000000e+000  0.000000e+000  0.000000e+000  0.000000e+000  0.000000e+000  0.000000e+000  0.000000e+000  
0.000000e+000  0.000000e+000  0.000000e+000  0.000000e+000  0.000000e+000  0.000000e+000  0.000000e+000  0.000000e+000  0.000000e+000  
0.000000e+000  0.000000e+000  0.000000e+000  0.000000e+000  0.000000e+000  0.000000e+000  0.000000e+000  0.000000e+000  0.000000e+000  
0.000000e+000  0.000000e+000  0.000000e+000  0.000000e+000  0.000000e+000  0.000000e+000  0.000000e+000  0.000000e+000  0.000000e+000  
0.000000e+000  0.000000e+000  0.000000e+000  0.000000e+000  0.000000e+000  0.000000e+000  0.000000e+000  0.000000e+000  0.000000e+000  
0.000000e+000  0.000000e+000  0.000000e+000  0.000000e+000  0.000000e+000  0.000000e+000  0.000000e+000  0.000000e+000  0.000000e+000  
0.000000e+000  0.000000e+000  0.000000e+000  0.000000e+000  0.000000e+000  0.000000e+000  0.000000e+000  0.000000e+000  0.000000e+000  
0.000000e+000  0.000000e+000  0.000000e+000  0.000000e+000  0.000000e+000  0.000000e+000  0.000000e+000  0.000000e+000  0.000000e+000  
0.000000e+000  0.000000e+000  0.000000e+000  0.000000e+000  0.000000e+000  0.000000e+000  0.000000e+000  0.000000e+000  0.000000e+000  
0.000000e+000  0.000000e+000  0.000000e+000  0.000000e+000  0.000000e+000  0.000000e+000  0.000000e+000  0.000000e+000  0.000000e+000  
0.000000e+000  0.000000e+000  0.000000e+000  0.000000e+000  0.000000e+000  0.000000e+000  0.000000e+000  0.000000e+000  0.000000e+000  
0.000000e+000  0.000000e+000  0.000000e+000  0.000000e+000  0.000000e+000  0.000000e+000  0.000000e+000  0.000000e+000  0.000000e+000  
0.000000e+000  0.000000e+000  0.000000e+000  0.000000e+000  0.000000e+000  0.000000e+000  0.000000e+000  0.000000e+000  0.000000e+000  
0.000000e+000  0.000000e+000  0.000000e+000  0.000000e+000  0.000000e+000  0.000000e+000  0.000000e+000  0.000000e+000  0.000000e+000  
0.000000e+000  0.000000e+000  0.000000e+000  0.000000e+000  0.000000e+000  0.000000e+000  0.000000e+000  0.000000e+000  0.000000e+000  
0.000000e+000  0.000000e+000  0.000000e+000  0.000000e+000  0.000000e+000  0.000000e+000  0.000000e+000  0.000000e+000  0.000000e+000  
0.000000e+000  0.000000e+000  0.000000e+000  0.000000e+000  0.000000e+000  0.000000e+000  0.000000e+000  0.000000e+000  0.000000e+000  
0.000000e+000  0.000000e+000  0.000000e+000  0.000000e+000  0.000000e+000  0.000000e+000  0.000000e+000  0.000000e+000  0.000000e+000  
0.000000e+000  0.000000e+000  0.000000e+000  0.000000e+000  0.000000e+000  0.000000e+000  0.000000e+000  0.000000e+000  0.000000e+000  
0.000000e+000  0.000000e+000  0.000000e+000  0.000000e+000  0.000000e+000  0.000000e+000  0.000000e+000  0.000000e+000  0.000000e+000  
0.000000e+000  0.000000e+000  0.000000e+000  0.000000e+000  0.000000e+000  0.000000e+000  0.000000e+000  0.000000e+000  0.000000e+000  
0.000000e+000  0.000000e+000  0.000000e+000  0.000000e+000  0.000000e+000  0.000000e+000  0.000000e+000  0.000000e+000  0.000000e+000  
0.000000e+000  0.000000e+000  0.000000e+000  0.000000e+000  0.000000e+000  0.000000e+000  0.000000e+000  0.000000e+000  0.000000e+000  
0.000000e+000  0.000000e+000  0.000000e+000  0.000000e+000  0.000000e+000  0.000000e+000  0.000000e+000  0.000000e+000  0.000000e+000  
0.000000e+000  0.000000e+000  0.000000e+000  0.000000e+000  0.000000e+000  0.000000e+000  0.000000e+000  0.000000e+000  0.000000e+000  
0.000000e+000  0.000000e+000  0.000000e+000  0.000000e+000  0.000000e+000  0.000000e+000  0.000000e+000  0.000000e+000  0.000000e+000  
0.000000e+000  0.000000e+000  0.000000e+000  0.000000e+000  0.000000e+000  0.000000e+000  0.000000e+000  0.000000e+000  0.000000e+000  
0.000000e+000  0.000000e+000  0.000000e+000  0.000000e+000  0.000000e+000  0.000000e+000  0.000000e+000  0.000000e+000  0.000000e+000  
0.000000e+000  0.000000e+000  0.000000e+000  0.000000e+000  0.000000e+000  0.000000e+000  0.000000e+000  0.000000e+000  0.000000e+000  
0.000000e+000  0.000000e+000  0.000000e+000  0.000000e+000  0.000000e+000  0.000000e+000  0.000000e+000  0.000000e+000  0.000000e+000  
0.000000e+000  0.000000e+000  0.000000e+000  0.000000e+000  0.000000e+000  0.000000e+000  0.000000e+000  0.000000e+000  0.000000e+000  
0.000000e+000  0.000000e+000  0.000000e+000  0.000000e+000  0.000000e+000  0.000000e+000  0.000000e+000  0.000000e+000  0.000000e+000  
0.000000e+000  0.000000e+000  0.000000e+000  0.000000e+000  0.000000e+000  0.000000e+000  0.000000e+000  0.000000e+000  0.000000e+000  
0.000000e+000  0.000000e+000  0.000000e+000  0.000000e+000  0.000000e+000  0.000000e+000  0.000000e+000  0.000000e+000  0.000000e+000  
0.000000e+000  0.000000e+000  0.000000e+000  0.000000e+000  0.000000e+000  0.000000e+000  0.000000e+000  0.000000e+000  0.000000e+000  
0.000000e+000  0.000000e+000  0.000000e+000  0.000000e+000  0.000000e+000  0.000000e+000  0.000000e+000  0.000000e+000  0.000000e+000  
0.000000e+000  0.000000e+000  0.000000e+000  0.000000e+000  0.000000e+000  0.000000e+000  0.000000e+000  0.000000e+000  0.000000e+000  
0.000000e+000  0.000000e+000  0.000000e+000  0.000000e+000  0.000000e+000  0.000000e+000  0.000000e+000  0.000000e+000  0.000000e+000  
0.000000e+000  0.000000e+000  0.000000e+000  0.000000e+000  0.000000e+000  0.000000e+000  0.000000e+000  0.000000e+000  0.000000e+000  
0.000000e+000  0.000000e+000  0.000000e+000  0.000000e+000  0.000000e+000  0.000000e+000  0.000000e+000  0.000000e+000  0.000000e+000  
0.000000e+000  0.000000e+000  0.000000e+000  0.000000e+000  0.000000e+000  0.000000e+000  0.000000e+000  0.000000e+000  0.000000e+000  
0.000000e+000  0.000000e+000  0.000000e+000  0.000000e+000  0.000000e+000  0.000000e+000  0.000000e+000  0.000000e+000  0.000000e+000  
0.000000e+000  0.000000e+000  0.000000e+000  0.000000e+000  0.000000e+000  0.000000e+000  0.000000e+000  0.000000e+000  0.000000e+000  
0.000000e+000  0.000000e+000  0.000000e+000  0.000000e+000  0.000000e+000  0.000000e+000  0.000000e+000  0.000000e+000  0.000000e+000  
0.000000e+000  0.000000e+000  0.000000e+000  0.000000e+000  0.000000e+000  0.000000e+000  0.000000e+000  0.000000e+000  0.000000e+000  
0.000000e+000  0.000000e+000  0.000000e+000  0.000000e+000  0.000000e+000  0.000000e+000  0.000000e+000  0.000000e+000  0.000000e+000  
0.000000e+000  0.000000e+000  0.000000e+000  0.000000e+000  0.000000e+000  0.000000e+000  0.000000e+000  0.000000e+000  0.000000e+000  
0.000000e+000  0.000000e+000  0.000000e+000  0.000000e+000  0.000000e+000  0.000000e+000  0.000000e+000  0.000000e+000  0.000000e+000  
0.000000e+000  0.000000e+000  0.000000e+000  0.000000e+000  0.000000e+000  0.000000e+000  0.000000e+000  0.000000e+000  0.000000e+000  
0.000000e+000  0.000000e+000  0.000000e+000  0.000000e+000  0.000000e+000  0.000000e+000  0.000000e+000  0.000000e+000  0.000000e+000  
0.000000e+000  0.000000e+000  0.000000e+000  0.000000e+000  0.000000e+000  0.000000e+000  0.000000e+000  0.000000e+000  0.000000e+000  
0.000000e+000  0.000000e+000  0.000000e+000  0.000000e+000  0.000000e+000  0.000000e+000  0.000000e+000  0.000000e+000  0.000000e+000  
0.000000e+000  0.000000e+000  0.000000e+000  0.000000e+000  0.000000e+000  0.000000e+000  0.000000e+000  0.000000e+000  0.000000e+000  

0.000000e+000  0.000000e+000  0.000000e+000  0.000000e+000  0.000000e+000  0.000000e+000  0.000000e+000  0.000000e+000  0.000000e+000  
0.000000e+000  0.000000e+000  0.000000e+000  0.000000e+000  0.000000e+000  0.000000e+000  0.000000e+000  0.000000e+000  0.000000e+000  
0.000000e+000  0.000000e+000  0.000000e+000  0.000000e+000  0.000000e+000  0.000000e+000  0.000000e+000  0.000000e+000  0.000000e+000  
0.000000e+000  0.000000e+000  0.000000e+000  0.000000e+000  0.000000e+000  0.000000e+000  0.000000e+000  0.000000e+000  0.000000e+000  
0.000000e+000  0.000000e+000  0.000000e+000  0.000000e+000  0.000000e+000  0.000000e+000  0.000000e+000  0.000000e+000  0.000000e+000  
0.000000e+000  0.000000e+000  0.000000e+000  0.000000e+000  0.000000e+000  0.000000e+000  0.000000e+000  0.000000e+000  0.000000e+000  
0.000000e+000  0.000000e+000  0.000000e+000  0.000000e+000  0.000000e+000  0.000000e+000  0.000000e+000  0.000000e+000  0.000000e+000  
0.000000e+000  0.000000e+000  0.000000e+000  0.000000e+000  0.000000e+000  0.000000e+000  0.000000e+000  0.000000e+000  0.000000e+000  
0.000000e+000  0.000000e+000  0.000000e+000  0.000000e+000  0.000000e+000  0.000000e+000  0.000000e+000  0.000000e+000  0.000000e+000  
0.000000e+000  0.000000e+000  0.000000e+000  0.000000e+000  0.000000e+000  0.000000e+000  0.000000e+000  0.000000e+000  0.000000e+000  
0.000000e+000  0.000000e+000  0.000000e+000  0.000000e+000  0.000000e+000  0.000000e+000  0.000000e+000  0.000000e+000  0.000000e+000  
0.000000e+000  0.000000e+000  0.000000e+000  0.000000e+000  0.000000e+000  0.000000e+000  0.000000e+000  0.000000e+000  0.000000e+000  
0.000000e+000  0.000000e+000  0.000000e+000  0.000000e+000  0.000000e+000  0.000000e+000  0.000000e+000  0.000000e+000  0.000000e+000  
0.000000e+000  0.000000e+000  0.000000e+000  0.000000e+000  0.000000e+000  0.000000e+000  0.000000e+000  0.000000e+000  0.000000e+000  
0.000000e+000  0.000000e+000  0.000000e+000  0.000000e+000  0.000000e+000  0.000000e+000  0.000000e+000  0.000000e+000  0.000000e+000  
0.000000e+000  0.000000e+000  0.000000e+000  0.000000e+000  0.000000e+000  0.000000e+000  0.000000e+000  0.000000e+000  0.000000e+000  
0.000000e+000  0.000000e+000  0.000000e+000  0.000000e+000  0.000000e+000  0.000000e+000  0.000000e+000  0.000000e+000  0.000000e+000  
0.000000e+000  0.000000e+000  0.000000e+000  0.000000e+000  0.000000e+000  0.000000e+000  0.000000e+000  0.000000e+000  0.000000e+000  
0.000000e+000  0.000000e+000  0.000000e+000  0.000000e+000  0.000000e+000  0.000000e+000  0.000000e+000  0.000000e+000  0.000000e+000  
0.000000e+000  0.000000e+000  0.000000e+000  0.000000e+000  0.000000e+000  0.000000e+000  0.000000e+000  0.000000e+000  0.000000e+000  
0.000000e+000  0.000000e+000  0.000000e+000  0.000000e+000  0.000000e+000  0.000000e+000  0.000000e+000  0.000000e+000  0.000000e+000  
0.000000e+000  0.000000e+000  0.000000e+000  0.000000e+000  0.000000e+000  0.000000e+000  0.000000e+000  0.000000e+000  0.000000e+000  
0.000000e+000  0.000000e+000  0.000000e+000  0.000000e+000  0.000000e+000  0.000000e+000  0.000000e+000  0.000000e+000  0.000000e+000  
0.000000e+000  0.000000e+000  0.000000e+000  0.000000e+000  0.000000e+000  0.000000e+000  0.000000e+000  0.000000e+000  0.000000e+000  
0.000000e+000  0.000000e+000  0.000000e+000  0.000000e+000  0.000000e+000  0.000000e+000  0.000000e+000  0.000000e+000  0.000000e+000  
0.000000e+000  0.000000e+000  0.000000e+000  0.000000e+000  0.000000e+000  0.000000e+000  0.000000e+000  0.000000e+000  0.000000e+000  
0.000000e+000  0.000000e+000  0.000000e+000  0.000000e+000  0.000000e+000  0.000000e+000  0.000000e+000  0.000000e+000  0.000000e+000  
0.000000e+000  0.000000e+000  0.000000e+000  0.000000e+000  0.000000e+000  0.000000e+000  0.000000e+000  0.000000e+000  0.000000e+000  
0.000000e+000  0.000000e+000  0.000000e+000  0.000000e+000  0.000000e+000  0.000000e+000  0.000000e+000  0.000000e+000  0.000000e+000  
0.000000e+000  0.000000e+000  0.000000e+000  0.000000e+000  0.000000e+000  0.000000e+000  0.000000e+000  0.000000e+000  0.000000e+000  
0.000000e+000  0.000000e+000  0.000000e+000  0.000000e+000  0.000000e+000  0.000000e+000  0.000000e+000  0.000000e+000  0.000000e+000  
0.000000e+000  0.000000e+000  0.000000e+000  0.000000e+000  0.000000e+000  0.000000e+000  0.000000e+000  0.000000e+000  0.000000e+000  
0.000000e+000  0.000000e+000  0.000000e+000  0.000000e+000  0.000000e+000  0.000000e+000  0.000000e+000  0.000000e+000  0.000000e+000  
0.000000e+000  0.000000e+000  0.000000e+000  0.000000e+000  0.000000e+000  0.000000e+000  0.000000e+000  0.000000e+000  0.000000e+000  
0.000000e+000  0.000000e+000  0.000000e+000  0.000000e+000  0.000000e+000  0.000000e+000  0.000000e+000  0.000000e+000  0.000000e+000  
0.000000e+000  0.000000e+000  0.000000e+000  0.000000e+000  0.000000e+000  0.000000e+000  0.000000e+000  0.000000e+000  0.000000e+000  
0.000000e+000  0.000000e+000  0.000000e+000  0.000000e+000  0.000000e+000  0.000000e+000  0.000000e+000  0.000000e+000  0.000000e+000  
0.000000e+000  0.000000e+000  0.000000e+000  0.000000e+000  0.000000e+000  0.000000e+000  0.000000e+000  0.000000e+000  0.000000e+000  
0.000000e+000  0.000000e+000  0.000000e+000  0.000000e+000  0.000000e+000  0.000000e+000  0.000000e+000  0.000000e+000  0.000000e+000  
0.000000e+000  0.000000e+000  0.000000e+000  0.000000e+000  0.000000e+000  0.000000e+000  0.000000e+000  0.000000e+000  0.000000e+000  
0.000000e+000  0.000000e+000  0.000000e+000  0.000000e+000  0.000000e+000  0.000000e+000  0.000000e+000  0.000000e+000  0.000000e+000  
0.000000e+000  0.000000e+000  0.000000e+000  0.000000e+000  0.000000e+000  0.000000e+000  0.000000e+000  0.000000e+000  0.000000e+000  
0.000000e+000  0.000000e+000  0.000000e+000  0.000000e+000  0.000000e+000  0.000000e+000  0.000000e+000  0.000000e+000  0.000000e+000  
0.000000e+000  0.000000e+000  0.000000e+000  0.000000e+000  0.000000e+000  0.000000e+000  0.000000e+000  0.000000e+000  0.000000e+000  
0.000000e+000  0.000000e+000  0.000000e+000  0.000000e+000  0.000000e+000  0.000000e+000  0.000000e+000  0.000000e+000  0.000000e+000  
0.000000e+000  0.000000e+000  0.000000e+000  0.000000e+000  0.000000e+000  0.000000e+000  0.000000e+000  0.000000e+000  0.000000e+000  
0.000000e+000  0.000000e+000  0.000000e+000  0.000000e+000  0.000000e+000  0.000000e+000  0.000000e+000  0.000000e+000  0.000000e+000  
0.000000e+000  0.000000e+000  0.000000e+000  0.000000e+000  0.000000e+000  0.000000e+000  0.000000e+000  0.000000e+000  0.000000e+000  
0.000000e+000  0.000000e+000  0.000000e+000  0.000000e+000  0.000000e+000  0.000000e+000  0.000000e+000  0.000000e+000  0.000000e+000  
0.000000e+000  0.000000e+000  0.000000e+000  0.000000e+000  0.000000e+000  0.000000e+000  0.000000e+000  0.000000e+000  0.000000e+000  
0.000000e+000  0.000000e+000  0.000000e+000  0.000000e+000  0.000000e+000  0.000000e+000  0.000000e+000  0.000000e+000  0.000000e+000  
0.000000e+000  0.000000e+000  0.000000e+000  0.000000e+000  0.000000e+000  0.000000e+000  0.000000e+000  0.000000e+000  0.000000e+000  
0.000000e+000  0.000000e+000  0.000000e+000  0.000000e+000  0.000000e+000  0.000000e+000  0.000000e+000  0.000000e+000  0.000000e+000  
0.000000e+000  0.000000e+000  0.000000e+000  0.000000e+000  0.000000e+000  0.000000e+000  0.000000e+000  0.000000e+000  0.000000e+000  
0.000000e+000  0.000000e+000  0.000000e+000  0.000000e+000  0.000000e+000  0.000000e+000  0.000000e+000  0.000000e+000  0.000000e+000  
0.000000e+000  0.000000e+000  0.000000e+000  0.000000e+000  0.000000e+000  0.000000e+000  0.000000e+000  0.000000e+000  0.000000e+000  
0.000000e+000  0.000000e+000  0.000000e+000  0.000000e+000  0.000000e+000  0.000000e+000  0.000000e+000  0.000000e+000  0.000000e+000  
0.000000e+000  0.000000e+000  0.000000e+000  0.000000e+000  0.000000e+000  0.000000e+000  0.000000e+000  0.000000e+000  0.000000e+000  
0.000000e+000  0.000000e+000  0.000000e+000  0.000000e+000  0.000000e+000  0.000000e+000  0.000000e+000  0.000000e+000  0.000000e+000  
0.000000e+000  0.000000e+000  0.000000e+000  0.000000e+000  0.000000e+000  0.000000e+000  0.000000e+000  0.000000e+000  0.000000e+000  
0.000000e+000  0.000000e+000  0.000000e+000  0.000000e+000  0.000000e+000  0.000000e+000  0.000000e+000  0.000000e+000  0.000000e+000  
0.000000e+000  0.000000e+000  0.000000e+000  0.000000e+000  0.000000e+000  0.000000e+000  0.000000e+000  0.000000e+000  0.000000e+000  
0.000000e+000  0.000000e+000  0.000000e+000  0.000000e+000  0.000000e+000  0.000000e+000  0.000000e+000  0.000000e+000  0.000000e+000  
0.000000e+000  0.000000e+000  0.000000e+000  0.000000e+000  0.000000e+000  0.000000e+000  0.000000e+000  0.000000e+000  0.000000e+000  
0.000000e+000  0.000000e+000  0.000000e+000  0.000000e+000  0.000000e+000  0.000000e+000  0.000000e+000  0.000000e+000  0.000000e+000  
0.000000e+000  0.000000e+000  0.000000e+000  0.000000e+000  0.000000e+000  0.000000e+000  0.000000e+000  0.000000e+000  0.000000e+000  
0.000000e+000  0.000000e+000  0.000000e+000  0.000000e+000  0.000000e+000  0.000000e+000  0.000000e+000  0.000000e+000  0.000000e+000  
0.000000e+000  0.000000e+000  0.000000e+000  0.000000e+000  0.000000e+000  0.000000e+000  0.000000e+000  0.000000e+000  0.000000e+000  
0.000000e+000  0.000000e+000  0.000000e+000  0.000000e+000  0.000000e+000  0.000000e+000  0.000000e+000  0.000000e+000  0.000000e+000  
0.000000e+000  0.000000e+000  0.000000e+000  0.000000e+000  0.000000e+000  0.000000e+000  0.000000e+000  0.000000e+000  0.000000e+000  
0.000000e+000  0.000000e+000  0.000000e+000  0.000000e+000  0.000000e+000  0.000000e+000  0.000000e+000  0.000000e+000  0.000000e+000  
0.000000e+000  0.000000e+000  0.000000e+000  0.000000e+000  0.000000e+000  0.000000e+000  0.000000e+000  0.000000e+000  0.000000e+000  
0.000000e+000  0.000000e+000  0.000000e+000  0.000000e+000  0.000000e+000  0.000000e+000  0.000000e+000  0.000000e+000  0.000000e+000  
0.000000e+000  0.000000e+000  0.000000e+000  0.000000e+000  0.000000e+000  0.000000e+000  0.000000e+000  0.000000e+000  0.000000e+000  
0.000000e+000  0.000000e+000  0.000000e+000  0.000000e+000  0.000000e+000  0.000000e+000  0.000000e+000  0.000000e+000  0.000000e+000  
0.000000e+000  0.000000e+000  0.000000e+000  0.000000e+000  0.000000e+000  0.000000e+000  0.000000e+000  0.000000e+000  0.000000e+000  
0.000000e+000  0.000000e+000  0.000000e+000  0.000000e+000  0.000000e+000  0.000000e+000  0.000000e+000  0.000000e+000  0.000000e+000  
0.000000e+000  0.000000e+000  0.000000e+000  0.000000e+000  0.000000e+000  0.000000e+000  0.000000e+000  0.000000e+000  0.000000e+000  
0.000000e+000  0.000000e+000  0.000000e+000  0.000000e+000  0.000000e+000  0.000000e+000  0.000000e+000  0.000000e+000  0.000000e+000  
0.000000e+000  0.000000e+000  0.000000e+000  0.000000e+000  0.000000e+000  0.000000e+000  0.000000e+000  0.000000e+000  0.000000e+000  
0.000000e+000  0.000000e+000  0.000000e+000  0.000000e+000  0.000000e+000  0.000000e+000  0.000000e+000  0.000000e+000  0.000000e+000  
0.000000e+000  0.000000e+000  0.000000e+000  0.000000e+000  0.000000e+000  0.000000e+000  0.000000e+000  0.000000e+000  0.000000e+000  
0.000000e+000  0.000000e+000  0.000000e+000  0.000000e+000  0.000000e+000  0.000000e+000  0.000000e+000  0.000000e+000  0.000000e+000  
0.000000e+000  0.000000e+000  0.000000e+000  0.000000e+000  0.000000e+000  0.000000e+000  0.000000e+000  0.000000e+000  0.000000e+000  
0.000000e+000  0.000000e+000  0.000000e+000  0.000000e+000  0.000000e+000  0.000000e+000  0.000000e+000  0.000000e+000  0.000000e+000  
0.000000e+000  0.000000e+000  0.000000e+000  0.000000e+000  0.000000e+000  0.000000e+000  0.000000e+000  0.000000e+000  0.000000e+000  
0.000000e+000  0.000000e+000  0.000000e+000  0.000000e+000  0.000000e+000  0.000000e+000  0.000000e+000  0.000000e+000  0.000000e+000  
0.000000e+000  0.000000e+000  0.000000e+000  0.000000e+000  0.000000e+000  0.000000e+000  0.000000e+000  0.000000e+000  0.000000e+000  
0.000000e+000  0.000000e+000  0.000000e+000  0.000000e+000  0.000000e+000  0.000000e+000  0.000000e+000  0.000000e+000  0.000000e+000  
0.000000e+000  0.000000e+000  0.000000e+000  0.000000e+000  0.000000e+000  0.000000e+000  0.000000e+000  0.000000e+000  0.000000e+000  
0.000000e+000  0.000000e+000  0.000000e+000  0.000000e+000  0.000000e+000  0.000000e+000  0.000000e+000  0.000000e+000  0.000000e+000  
0.000000e+000  0.000000e+000  0.000000e+000  0.000000e+000  0.000000e+000  0.000000e+000  0.000000e+000  0.000000e+000  0.000000e+000  
0.000000e+000  0.000000e+000  0.000000e+000  0.000000e+000  0.000000e+000  0.000000e+000  0.000000e+000  0.000000e+000  0.000000e+000  
0.000000e+000  0.000000e+000  0.000000e+000  0.000000e+000  0.000000e+000  0.000000e+000  0.000000e+000  0.000000e+000  0.000000e+000  
0.000000e+000  0.000000e+000  0.000000e+000  0.000000e+000  0.000000e+000  0.000000e+000  0.000000e+000  0.000000e+000  0.000000e+000  
0.000000e+000  0.000000e+000  0.000000e+000  0.000000e+000  0.000000e+000  0.000000e+000  0.000000e+000  0.000000e+000  0.000000e+000  

-2.618089e-008  -2.643255e-008  -2.665960e-008  -2.675540e-008  -1.838858e-009  -2.532211e-008  -2.674427e-008  -2.805468e-008  -3.009795e-008  
-2.545938e-008  -2.888061e-008  1.298217e-008  -2.183476e-008  -2.371249e-008  -2.688131e-008  -3.002649e-008  -3.285417e-008  -3.714334e-008  
-1.786070e-008  -3.086114e-008  6.138296e-009  -2.024799e-008  -2.308926e-008  -2.775391e-008  -3.223875e-008  -3.617456e-008  -4.195346e-008  
-1.094641e-008  1.220543e-009  -2.684885e-008  -1.764886e-008  -2.216756e-008  -2.902116e-008  -3.529825e-008  -4.067079e-008  -4.835869e-008  
-6.348109e-009  -4.613631e-009  -0.000000e+000  -1.349941e-008  -2.158186e-008  -3.114033e-008  -3.964422e-008  -4.678663e-008  -5.683854e-008  
-3.320007e-009  -1.916528e-009  -0.000000e+000  -1.152331e-008  -2.192456e-008  -3.485077e-008  -4.603232e-008  -5.534871e-008  -6.835320e-008  
-1.678602e-009  -9.138146e-010  -0.000000e+000  -1.263617e-008  -2.487347e-008  -4.090335e-008  -5.506076e-008  -6.690540e-008  -8.348787e-008  
-7.894465e-010  1.742139e-009  -0.000000e+000  -1.505331e-008  -2.975246e-008  -4.961814e-008  -6.732827e-008  -8.224424e-008  -1.032247e-007  
2.703810e-009  -0.000000e+000  -0.000000e+000  -2.602804e-008  -5.151757e-008  -8.641659e-008  -1.177571e-007  -1.442903e-007  -1.818746e-007  
-0.000000e+000  -0.000000e+000  -0.000000e+000  -4.957963e-008  -9.814608e-008  -1.645070e-007  -2.241538e-007  -2.746843e-007  -3.463199e-007  
-0.000000e+000  -0.000000e+000  -0.000000e+000  -9.602379e-008  -1.900819e-007  -3.178907e-007  -4.327371e-007  -5.300181e-007  -6.679319e-007  
-0.000000e+000  -0.000000e+000  -0.000000e+000  -1.867256e-007  -3.696396e-007  -6.164808e-007  -8.382275e-007  -1.026015e-006  -1.292172e-006  
-0.000000e+000  -0.000000e+000  -0.000000e+000  -3.634392e-007  -7.194676e-007  -1.196259e-006  -1.624446e-006  -1.986971e-006  -2.500606e-006  
-0.000000e+000  -0.000000e+000  -0.000000e+000  -7.074630e-007  -1.400504e-006  -2.320824e-006  -3.147028e-006  -3.846346e-006  -4.836783e-006  
-0.000000e+000  -0.000000e+000  -0.000000e+000  -1.376929e-006  -2.725805e-006  -4.500466e-006  -6.093024e-006  -7.440595e-006  -9.348286e-006  
-0.000000e+000  -0.000000e+000  -0.000000e+000  -2.679308e-006  -5.304069e-006  -8.722202e-006  -1.178823e-005  -1.438171e-005  -1.805143e-005  
-0.000000e+000  -0.000000e+000  -0.000000e+000  -5.212186e-006  -1.031836e-005  -1.689330e-005  -2.278806e-005  -2.777241e-005  -3.482132e-005  
-0.000000e+000  -0.000000e+000  -0.000000e+000  -1.013662e-005  -2.006726e-005  -3.269591e-005  -4.401193e-005  -5.357615e-005  -6.709376e-005  
-0.000000e+000  -0.000000e+000  -0.000000e+000  -1.970743e-005  -3.901482e-005  -6.323109e-005  -8.491695e-005  -1.032369e-004  -1.291118e-004  
-0.000000e+000  -0.000000e+000  -0.000000e+000  -3.830164e-005  -7.582668e-005  -1.221772e-004  -1.636557e-004  -1.986774e-004  -2.481035e-004  
-0.000000e+000  -0.000000e+000  -0.000000e+000  -7.441174e-005  -1.473166e-004  -2.358479e-004  -3.150114e-004  -3.818109e-004  -4.760027e-004  
-0.000000e+000  -0.000000e+000  -0.000000e+000  -1.445063e-004  -2.860904e-004  -4.547897e-004  -6.055043e-004  -7.325912e-004  -9.116143e-004  
-0.000000e+000  -0.000000e+000  -0.000000e+000  -2.678394e-004  -5.302704e-004  -8.367922e-004  -1.110376e-003  -1.340897e-003  -1.665277e-003  
-0.000000e+000  -0.000000e+000  -0.000000e+000  -3.428529e-004  -6.787872e-004  -1.067496e-003  -1.414276e-003  -1.706369e-003  -2.117179e-003  
-0.000000e+000  -0.000000e+000  -0.000000e+000  -4.374986e-004  -8.661743e-004  -1.357569e-003  -1.795757e-003  -2.164709e-003  -2.683349e-003  
-0.000000e+000  -0.000000e+000  -0.000000e+000  -5.571787e-004  -1.103129e-003  -1.722999e-003  -2.275491e-003  -2.740512e-003  -3.393848e-003  
-0.000000e+000  -0.000000e+000  -0.000000e+000  -7.097275e-004  -1.405162e-003  -2.186947e-003  -2.883406e-003  -3.469373e-003  -4.292169e-003  
-0.000000e+000  -0.000000e+000  -0.000000e+000  -9.033203e-004  -1.788461e-003  -2.773267e-003  -3.650130e-003  -4.387575e-003  -5.422459e-003  
-0.000000e+000  -0.000000e+000  -0.000000e+000  -1.149114e-003  -2.275119e-003  -3.514442e-003  -4.617314e-003  -5.544430e-003  -6.844669e-003  
-0.000000e+000  -0.000000e+000  -0.000000e+000  -2.133225e-003  -4.223630e-003  -6.460929e-003  -8.448992e-003  -1.011831e-002  -1.245555e-002  
-0.000000e+000  -0.000000e+000  -0.000000e+000  -4.161696e-003  -8.240043e-003  -1.245372e-002  -1.619086e-002  -1.932409e-002  -2.370141e-002  
-0.000000e+000  -0.000000e+000  -0.000000e+000  -8.152663e-003  -1.614246e-002  -2.406502e-002  -3.107537e-002  -3.694206e-002  -4.511628e-002  
-0.000000e+000  -0.000000e+000  -0.000000e+000  -1.597790e-002  -3.163750e-002  -4.644391e-002  -5.950874e-002  -7.041765e-002  -8.556742e-002  
-0.000000e+000  -0.000000e+000  -0.000000e+000  -3.129575e-002  -6.196992e-002  -8.940748e-002  -1.135338e-001  -1.336225e-001  -1.614058e-001  
-0.000000e+000  -0.000000e+000  -0.000000e+000  -6.124305e-002  -1.212735e-001  -1.715686e-001  -2.155997e-001  -2.521310e-001  -3.023854e-001  
-0.000000e+000  -0.000000e+000  -0.000000e+000  -1.197253e-001  -2.370870e-001  -3.280139e-001  -4.071578e-001  -4.725088e-001  -5.617603e-001  
-0.000000e+000  -0.000000e+000  -0.000000e+000  -2.338233e-001  -4.630377e-001  -6.244787e-001  -7.638835e-001  -8.782213e-001  -1.032751e+000  
-0.000000e+000  -0.000000e+000  -0.000000e+000  -4.563578e-001  -9.036978e-001  -1.183405e+000  -1.422083e+000  -1.615835e+000  -1.873406e+000  
-0.000000e+000  -0.000000e+000  -0.000000e+000  -8.910888e-001  -1.764322e+000  -2.232125e+000  -2.623490e+000  -2.935595e+000  -3.338495e+000  
-0.000000e+000  -0.000000e+000  -0.000000e+000  -1.746245e+000  -3.455976e+000  -4.194856e+000  -4.789466e+000  -5.246956e+000  -5.802565e+000  
-0.000000e+000  -0.000000e+000  -0.000000e+000  -3.462885e+000  -6.845533e+000  -7.881711e+000  -8.637809e+000  -9.167326e+000  -9.709526e+000  
-0.000000e+000  -0.000000e+000  -0.000000e+000  -7.080990e+000  -1.396737e+001  -1.490144e+001  -1.530554e+001  -1.541883e+001  -1.524492e+001  
-0.000000e+000  -0.000000e+000  -0.000000e+000  -1.465661e+001  -2.892765e+001  -2.715958e+001  -2.501380e+001  -2.315313e+001  -2.084863e+001  
-0.000000e+000  -0.000000e+000  -0.000000e+000  -1.954514e+001  -3.915103e+001  -3.294930e+001  -2.828450e+001  -2.514965e+001  -2.214962e+001  
-0.000000e+000  -0.000000e+000  -0.000000e+000  -2.419733e+001  -5.051779e+001  -3.701506e+001  -2.980907e+001  -2.591465e+001  -2.285577e+001  
-0.000000e+000  -0.000000e+000  -0.000000e+000  -2.239730e+001  -5.339827e+001  -3.336734e+001  -2.734563e+001  -2.487187e+001  -2.295721e+001  
-0.000000e+000  -0.000000e+000  -0.000000e+000  -5.014461e+000  -0.000000e+000  -1.989443e+001  -2.290160e+001  -2.343642e+001  -2.283123e+001  
-0.000000e+000  -0.000000e+000  -0.000000e+000  -1.135682e+000  -0.000000e+000  -1.394056e+001  -2.007547e+001  -2.237968e+001  -2.270055e+001  
-0.000000e+000  -0.000000e+000  -0.000000e+000  -1.135682e+000  -0.000000e+000  -1.394056e+001  -2.007547e+001  -2.237968e+001  -2.270055e+001  
-0.000000e+000  -0.000000e+000  -0.000000e+000  -5.014461e+000  -0.000000e+000  -1.989443e+001  -2.290160e+001  -2.343642e+001  -2.283123e+001  
-0.000000e+000  -0.000000e+000  -0.000000e+000  -2.239730e+001  -5.339827e+001  -3.336734e+001  -2.734563e+001  -2.487187e+001  -2.295721e+001  
-0.000000e+000  -0.000000e+000  -0.000000e+000  -2.419733e+001  -5.051779e+001  -3.701506e+001  -2.980907e+001  -2.591465e+001  -2.285577e+001  
-0.000000e+000  -0.000000e+000  -0.000000e+000  -1.954514e+001  -3.915103e+001  -3.294930e+001  -2.828450e+001  -2.514965e+001  -2.214962e+001  
-0.000000e+000  -0.000000e+000  -0.000000e+000  -1.465661e+001  -2.892765e+001  -2.715958e+001  -2.501380e+001  -2.315313e+001  -2.084863e+001  
-0.000000e+000  -0.000000e+000  -0.000000e+000  -7.080990e+000  -1.396737e+001  -1.490144e+001  -1.530554e+001  -1.541883e+001  -1.524492e+001  
-0.000000e+000  -0.000000e+000  -0.000000e+000  -3.462885e+000  -6.845533e+000  -7.881711e+000  -8.637809e+000  -9.167326e+000  -9.709526e+000  
-0.000000e+000  -0.000000e+000  -0.000000e+000  -1.746245e+000  -3.455976e+000  -4.194856e+000  -4.789466e+000  -5.246956e+000  -5.802565e+000  
-0.000000e+000  -0.000000e+000  -0.000000e+000  -8.910888e-001  -1.764322e+000  -2.232125e+000  -2.623490e+000  -2.935595e+000  -3.338495e+000  
-0.000000e+000  -0.000000e+000  -0.000000e+000  -4.563578e-001  -9.036978e-001  -1.183405e+000  -1.422083e+000  -1.615835e+000  -1.873406e+000  
-0.000000e+000  -0.000000e+000  -0.000000e+000  -2.338233e-001  -4.630377e-001  -6.244787e-001  -7.638835e-001  -8.782213e-001  -1.032751e+000  
-0.000000e+000  -0.000000e+000  -0.000000e+000  -1.197253e-001  -2.370870e-001  -3.280139e-001  -4.071578e-001  -4.725088e-001  -5.617603e-001  
-0.000000e+000  -0.000000e+000  -0.000000e+000  -6.124305e-002  -1.212735e-001  -1.715686e-001  -2.155997e-001  -2.521310e-001  -3.023854e-001  
-0.000000e+000  -0.000000e+000  -0.000000e+000  -3.129575e-002  -6.196992e-002  -8.940748e-002  -1.135338e-001  -1.336225e-001  -1.614058e-001  
-0.000000e+000  -0.000000e+000  -0.000000e+000  -1.597790e-002  -3.163750e-002  -4.644391e-002  -5.950874e-002  -7.041765e-002  -8.556742e-002  
-0.000000e+000  -0.000000e+000  -0.000000e+000  -8.152663e-003  -1.614246e-002  -2.406502e-002  -3.107537e-002  -3.694206e-002  -4.511628e-002  
-0.000000e+000  -0.000000e+000  -0.000000e+000  -4.161696e-003  -8.240043e-003  -1.245372e-002  -1.619086e-002  -1.932409e-002  -2.370141e-002  
-0.000000e+000  -0.000000e+000  -0.000000e+000  -2.133225e-003  -4.223630e-003  -6.460929e-003  -8.448992e-003  -1.011831e-002  -1.245555e-002  
-0.000000e+000  -0.000000e+000  -0.000000e+000  -1.149114e-003  -2.275119e-003  -3.514442e-003  -4.617314e-003  -5.544430e-003  -6.844669e-003  
-0.000000e+000  -0.000000e+000  -0.000000e+000  -9.033203e-004  -1.788461e-003  -2.773267e-003  -3.650130e-003  -4.387575e-003  -5.422459e-003  
-0.000000e+000  -0.000000e+000  -0.000000e+000  -7.097275e-004  -1.405162e-003  -2.186947e-003  -2.883406e-003  -3.469373e-003  -4.292169e-003  
-0.000000e+000  -0.000000e+000  -0.000000e+000  -5.571787e-004  -1.103129e-003  -1.722999e-003  -2.275491e-003  -2.740512e-003  -3.393848e-003  
-0.000000e+000  -0.000000e+000  -0.000000e+000  -4.374986e-004  -8.661743e-004  -1.357569e-003  -1.795757e-003  -2.164709e-003  -2.683349e-003  
-0.000000e+000  -0.000000e+000  -0.000000e+000  -3.428529e-004  -6.787872e-004  -1.067496e-003  -1.414276e-003  -1.706369e-003  -2.117179e-003  
-0.000000e+000  -0.000000e+000  -0.000000e+000  -2.678394e-004  -5.302704e-004  -8.367922e-004  -1.110376e-003  -1.340897e-003  -1.665277e-003  
-0.000000e+000  -0.000000e+000  -0.000000e+000  -1.445063e-004  -2.860904e-004  -4.547897e-004  -6.055043e-004  -7.325912e-004  -9.116143e-004  
-0.000000e+000  -0.000000e+000  -0.000000e+000  -7.441174e-005  -1.473166e-004  -2.358479e-004  -3.150114e-004  -3.818108e-004  -4.760027e-004  
-0.000000e+000  -0.000000e+000  -0.000000e+000  -3.830164e-005  -7.582668e-005  -1.221772e-004  -1.636557e-004  -1.986774e-004  -2.481035e-004  
-0.000000e+000  -0.000000e+000  -0.000000e+000  -1.970743e-005  -3.901480e-005  -6.323107e-005  -8.491693e-005  -1.032369e-004  -1.291118e-004  
-0.000000e+000  -0.000000e+000  -0.000000e+000  -1.013662e-005  -2.006725e-005  -3.269590e-005  -4.401191e-005  -5.357613e-005  -6.709375e-005  
-0.000000e+000  -0.000000e+000  -0.000000e+000  -5.212185e-006  -1.031835e-005  -1.689329e-005  -2.278806e-005  -2.777241e-005  -3.482132e-005  
-0.000000e+000  -0.000000e+000  -0.000000e+000  -2.679304e-006  -5.304063e-006  -8.722200e-006  -1.178823e-005  -1.438172e-005  -1.805144e-005  
-0.000000e+000  -0.000000e+000  -0.000000e+000  -1.376932e-006  -2.725803e-006  -4.500476e-006  -6.093038e-006  -7.440609e-006  -9.348304e-006  
-0.000000e+000  -0.000000e+000  -0.000000e+000  -7.074688e-007  -1.400510e-006  -2.320838e-006  -3.147047e-006  -3.846371e-006  -4.836806e-006  
-0.000000e+000  -0.000000e+000  -0.000000e+000  -3.634440e-007  -7.194733e-007  -1.196271e-006  -1.624465e-006  -1.987001e-006  -2.500642e-006  
-0.000000e+000  -0.000000e+000  -0.000000e+000  -1.867294e-007  -3.696432e-007  -6.164909e-007  -8.382379e-007  -1.026030e-006  -1.292203e-006  
-0.000000e+000  -0.000000e+000  -0.000000e+000  -9.602038e-008  -1.900838e-007  -3.178861e-007  -4.327371e-007  -5.300260e-007  -6.679429e-007  
-0.000000e+000  -0.000000e+000  -0.000000e+000  -4.958284e-008  -9.815331e-008  -1.645114e-007  -2.241506e-007  -2.746773e-007  -3.463175e-007  
2.702639e-009  -0.000000e+000  -0.000000e+000  -2.602616e-008  -5.151037e-008  -8.640355e-008  -1.177486e-007  -1.442882e-007  -1.818629e-007  
-7.849880e-010  1.749292e-009  -0.000000e+000  -1.504799e-008  -2.975134e-008  -4.961260e-008  -6.732299e-008  -8.223841e-008  -1.032168e-007  
-1.679801e-009  -9.092264e-010  -0.000000e+000  -1.264920e-008  -2.485055e-008  -4.089977e-008  -5.505392e-008  -6.689425e-008  -8.347675e-008  
-3.329061e-009  -1.914964e-009  -0.000000e+000  -1.150785e-008  -2.193536e-008  -3.483853e-008  -4.602243e-008  -5.533219e-008  -6.833558e-008  
-6.354200e-009  -4.609385e-009  -0.000000e+000  -1.350155e-008  -2.157431e-008  -3.113781e-008  -3.962700e-008  -4.677509e-008  -5.682369e-008  
-1.094827e-008  1.257482e-009  -2.688970e-008  -1.764416e-008  -2.216387e-008  -2.901242e-008  -3.528673e-008  -4.065412e-008  -4.834089e-008  
-1.785373e-008  -3.085280e-008  6.093696e-009  -2.025708e-008  -2.308110e-008  -2.774605e-008  -3.222826e-008  -3.615948e-008  -4.193657e-008  
-2.545340e-008  -2.887378e-008  1.290685e-008  -2.183685e-008  -2.370920e-008  -2.687685e-008  -3.001390e-008  -3.283975e-008  -3.712317e-008  
-2.617869e-008  -2.643074e-008  -2.665837e-008  -2.675504e-008  -1.868983e-009  -2.532520e-008  -2.674916e-008  -2.805443e-008  -3.009710e-008  

