Port monitor named: Port1_h1.prt

nx        = 98
ny        = 4
nz        = 11

nu        = 9
nv        = 96
iu        = 2
iv        = 2

idir      = 1
dcut      = -1.030000e-001
icut      = 2
type      = 1
frequency = 1.800000e+009

fcutoff   = 0.000000e+000
alpha     = 0.000000e+000
beta      = 6.980020e+001
accuracy  = 3.152607e-014

type          = QTEM
wave imp.     = 2.045148e+002
wave imp.sig. = 1.382405e-009
line imp.     = 4.796610e+001

ref. port     = 0

-4.135421e-011  -0.000000e+000  -5.501125e-010  -9.688223e-011  2.530751e-010  -1.154803e-011  1.181721e-011  3.246867e-011  6.297189e-011  
-4.600915e-010  3.838763e-011  2.895600e-010  -1.552396e-010  -1.045089e-010  -2.125636e-011  5.408580e-011  1.158612e-010  1.969008e-010  
-4.323825e-010  -1.763436e-009  1.641849e-009  -2.315261e-010  -1.427103e-010  -1.530319e-011  8.749473e-011  1.676843e-010  2.703608e-010  
-3.101635e-010  2.101610e-010  -1.116230e-009  -3.550009e-010  -1.644039e-010  1.861450e-011  1.481612e-010  2.450767e-010  3.691506e-010  
-1.979721e-010  -1.753495e-010  -0.000000e+000  -1.313106e-010  -3.335450e-011  1.191536e-010  2.488987e-010  3.557704e-010  5.008699e-010  
-1.073183e-010  -6.544748e-011  -0.000000e+000  3.501993e-011  1.101667e-010  2.454125e-010  3.825208e-010  5.015962e-010  6.727730e-010  
-5.813395e-011  -1.425028e-010  -0.000000e+000  1.007529e-010  2.051487e-010  3.771182e-010  5.401794e-010  6.833311e-010  8.913571e-010  
-7.189414e-011  3.412591e-011  -0.000000e+000  1.837802e-010  3.646776e-010  6.326443e-010  8.769580e-010  1.086172e-009  1.387238e-009  
4.893410e-011  -0.000000e+000  -0.000000e+000  3.673396e-010  7.272543e-010  1.256128e-009  1.733492e-009  2.139222e-009  2.717065e-009  
-0.000000e+000  -0.000000e+000  -0.000000e+000  7.265946e-010  1.438173e-009  2.483340e-009  3.425371e-009  4.225283e-009  5.363513e-009  
-0.000000e+000  -0.000000e+000  -0.000000e+000  1.422484e-009  2.815803e-009  4.861859e-009  6.706133e-009  8.272010e-009  1.049971e-008  
-0.000000e+000  -0.000000e+000  -0.000000e+000  2.778524e-009  5.499990e-009  9.496606e-009  1.309908e-008  1.615785e-008  2.050903e-008  
-0.000000e+000  -0.000000e+000  -0.000000e+000  5.424190e-009  1.073682e-008  1.853881e-008  2.557127e-008  3.154236e-008  4.003667e-008  
-0.000000e+000  -0.000000e+000  -0.000000e+000  1.058712e-008  2.095653e-008  3.618460e-008  4.991093e-008  6.156568e-008  7.814463e-008  
-0.000000e+000  -0.000000e+000  -0.000000e+000  2.066352e-008  4.090206e-008  7.062382e-008  9.741400e-008  1.201608e-007  1.525194e-007  
-0.000000e+000  -0.000000e+000  -0.000000e+000  4.032947e-008  7.982969e-008  1.378385e-007  1.901261e-007  2.345222e-007  2.976771e-007  
-0.000000e+000  -0.000000e+000  -0.000000e+000  7.871237e-008  1.558061e-007  2.690236e-007  3.710747e-007  4.577235e-007  5.809850e-007  
-0.000000e+000  -0.000000e+000  -0.000000e+000  1.536251e-007  3.040912e-007  5.250608e-007  7.242366e-007  8.933515e-007  1.133924e-006  
-0.000000e+000  -0.000000e+000  -0.000000e+000  2.998342e-007  5.935028e-007  1.024775e-006  1.413512e-006  1.743579e-006  2.213111e-006  
-0.000000e+000  -0.000000e+000  -0.000000e+000  5.851945e-007  1.158356e-006  2.000082e-006  2.758791e-006  3.402990e-006  4.319390e-006  
-0.000000e+000  -0.000000e+000  -0.000000e+000  1.142140e-006  2.260795e-006  3.903615e-006  5.384407e-006  6.641709e-006  8.430271e-006  
-0.000000e+000  -0.000000e+000  -0.000000e+000  2.187796e-006  4.330605e-006  7.477465e-006  1.031396e-005  1.272235e-005  1.614838e-005  
-0.000000e+000  -0.000000e+000  -0.000000e+000  3.482497e-006  6.893384e-006  1.190250e-005  1.641759e-005  2.025122e-005  2.570472e-005  
-0.000000e+000  -0.000000e+000  -0.000000e+000  4.404248e-006  8.717932e-006  1.505287e-005  2.076301e-005  2.561133e-005  3.250827e-005  
-0.000000e+000  -0.000000e+000  -0.000000e+000  5.583206e-006  1.105161e-005  1.908232e-005  2.632098e-005  3.246714e-005  4.121029e-005  
-0.000000e+000  -0.000000e+000  -0.000000e+000  7.092751e-006  1.403965e-005  2.424165e-005  3.343745e-005  4.124536e-005  5.235241e-005  
-0.000000e+000  -0.000000e+000  -0.000000e+000  9.026041e-006  1.786648e-005  3.084926e-005  4.255158e-005  5.248771e-005  6.662223e-005  
-0.000000e+000  -0.000000e+000  -0.000000e+000  1.149281e-005  2.274930e-005  3.928022e-005  5.418072e-005  6.683233e-005  8.482973e-005  
-0.000000e+000  -0.000000e+000  -0.000000e+000  1.727529e-005  3.419535e-005  5.904360e-005  8.144110e-005  1.004582e-004  1.275107e-004  
-0.000000e+000  -0.000000e+000  -0.000000e+000  3.355828e-005  6.642649e-005  1.146956e-004  1.582040e-004  1.951457e-004  2.476965e-004  
-0.000000e+000  -0.000000e+000  -0.000000e+000  6.666192e-005  1.319530e-004  2.278371e-004  3.142638e-004  3.876459e-004  4.920332e-004  
-0.000000e+000  -0.000000e+000  -0.000000e+000  1.320833e-004  2.614501e-004  4.514326e-004  6.226747e-004  7.680687e-004  9.748883e-004  
-0.000000e+000  -0.000000e+000  -0.000000e+000  2.615454e-004  5.177104e-004  8.938976e-004  1.232967e-003  1.520846e-003  1.930316e-003  
-0.000000e+000  -0.000000e+000  -0.000000e+000  5.178537e-004  1.025047e-003  1.769849e-003  2.441112e-003  3.010977e-003  3.821371e-003  
-0.000000e+000  -0.000000e+000  -0.000000e+000  1.025505e-003  2.029857e-003  3.504575e-003  4.833415e-003  5.961235e-003  7.564213e-003  
-0.000000e+000  -0.000000e+000  -0.000000e+000  2.031905e-003  4.021678e-003  6.942507e-003  9.572964e-003  1.180395e-002  1.497023e-002  
-0.000000e+000  -0.000000e+000  -0.000000e+000  4.031959e-003  7.979120e-003  1.376887e-002  1.897528e-002  2.338275e-002  2.961350e-002  
-0.000000e+000  -0.000000e+000  -0.000000e+000  8.033175e-003  1.589085e-002  2.739267e-002  3.769369e-002  4.636997e-002  5.850698e-002  
-0.000000e+000  -0.000000e+000  -0.000000e+000  1.618314e-002  3.197550e-002  5.495715e-002  7.530892e-002  9.221597e-002  1.152035e-001  
-0.000000e+000  -0.000000e+000  -0.000000e+000  3.360945e-002  6.618155e-002  1.127792e-001  1.527375e-001  1.846813e-001  2.247982e-001  
-0.000000e+000  -0.000000e+000  -0.000000e+000  7.587024e-002  1.478652e-001  2.455742e-001  3.215722e-001  3.756663e-001  4.280017e-001  
-0.000000e+000  -0.000000e+000  -0.000000e+000  2.075570e-001  3.927329e-001  6.046500e-001  7.214425e-001  7.699739e-001  7.497499e-001  
-0.000000e+000  -0.000000e+000  -0.000000e+000  6.232378e-001  1.117107e+000  1.454063e+000  1.434725e+000  1.282260e+000  9.631299e-001  
-0.000000e+000  -0.000000e+000  -0.000000e+000  1.236794e+000  2.166156e+000  2.376218e+000  2.000600e+000  1.564343e+000  1.006698e+000  
-0.000000e+000  -0.000000e+000  -0.000000e+000  2.771635e+000  5.098201e+000  4.054464e+000  2.656407e+000  1.713055e+000  9.190474e-001  
-0.000000e+000  -0.000000e+000  -0.000000e+000  5.237388e+000  1.374706e+001  5.906886e+000  2.741312e+000  1.454738e+000  6.799456e-001  
-0.000000e+000  -0.000000e+000  -0.000000e+000  2.830522e+000  -0.000000e+000  2.781620e+000  1.561713e+000  8.455309e-001  3.756618e-001  
-0.000000e+000  -0.000000e+000  -0.000000e+000  1.649452e-010  -0.000000e+000  -1.147021e-011  -1.436242e-011  -1.575176e-011  -1.367416e-011  
-0.000000e+000  -0.000000e+000  -0.000000e+000  -2.830522e+000  -0.000000e+000  -2.781620e+000  -1.561713e+000  -8.455309e-001  -3.756618e-001  
-0.000000e+000  -0.000000e+000  -0.000000e+000  -5.237388e+000  -1.374706e+001  -5.906886e+000  -2.741312e+000  -1.454738e+000  -6.799456e-001  
-0.000000e+000  -0.000000e+000  -0.000000e+000  -2.771635e+000  -5.098201e+000  -4.054464e+000  -2.656407e+000  -1.713055e+000  -9.190474e-001  
-0.000000e+000  -0.000000e+000  -0.000000e+000  -1.236794e+000  -2.166156e+000  -2.376218e+000  -2.000600e+000  -1.564343e+000  -1.006698e+000  
-0.000000e+000  -0.000000e+000  -0.000000e+000  -6.232378e-001  -1.117107e+000  -1.454063e+000  -1.434725e+000  -1.282260e+000  -9.631299e-001  
-0.000000e+000  -0.000000e+000  -0.000000e+000  -2.075570e-001  -3.927329e-001  -6.046500e-001  -7.214425e-001  -7.699739e-001  -7.497499e-001  
-0.000000e+000  -0.000000e+000  -0.000000e+000  -7.587024e-002  -1.478652e-001  -2.455742e-001  -3.215722e-001  -3.756663e-001  -4.280017e-001  
-0.000000e+000  -0.000000e+000  -0.000000e+000  -3.360945e-002  -6.618155e-002  -1.127792e-001  -1.527375e-001  -1.846813e-001  -2.247982e-001  
-0.000000e+000  -0.000000e+000  -0.000000e+000  -1.618314e-002  -3.197550e-002  -5.495715e-002  -7.530892e-002  -9.221597e-002  -1.152035e-001  
-0.000000e+000  -0.000000e+000  -0.000000e+000  -8.033175e-003  -1.589085e-002  -2.739267e-002  -3.769369e-002  -4.636997e-002  -5.850698e-002  
-0.000000e+000  -0.000000e+000  -0.000000e+000  -4.031959e-003  -7.979120e-003  -1.376887e-002  -1.897528e-002  -2.338275e-002  -2.961350e-002  
-0.000000e+000  -0.000000e+000  -0.000000e+000  -2.031905e-003  -4.021678e-003  -6.942507e-003  -9.572964e-003  -1.180395e-002  -1.497023e-002  
-0.000000e+000  -0.000000e+000  -0.000000e+000  -1.025505e-003  -2.029857e-003  -3.504575e-003  -4.833415e-003  -5.961235e-003  -7.564213e-003  
-0.000000e+000  -0.000000e+000  -0.000000e+000  -5.178537e-004  -1.025047e-003  -1.769849e-003  -2.441112e-003  -3.010977e-003  -3.821371e-003  
-0.000000e+000  -0.000000e+000  -0.000000e+000  -2.615454e-004  -5.177104e-004  -8.938976e-004  -1.232967e-003  -1.520846e-003  -1.930316e-003  
-0.000000e+000  -0.000000e+000  -0.000000e+000  -1.320833e-004  -2.614501e-004  -4.514326e-004  -6.226747e-004  -7.680687e-004  -9.748883e-004  
-0.000000e+000  -0.000000e+000  -0.000000e+000  -6.666192e-005  -1.319530e-004  -2.278371e-004  -3.142638e-004  -3.876459e-004  -4.920332e-004  
-0.000000e+000  -0.000000e+000  -0.000000e+000  -3.355828e-005  -6.642649e-005  -1.146956e-004  -1.582040e-004  -1.951457e-004  -2.476965e-004  
-0.000000e+000  -0.000000e+000  -0.000000e+000  -1.727529e-005  -3.419535e-005  -5.904360e-005  -8.144110e-005  -1.004582e-004  -1.275107e-004  
-0.000000e+000  -0.000000e+000  -0.000000e+000  -1.149281e-005  -2.274930e-005  -3.928022e-005  -5.418072e-005  -6.683233e-005  -8.482973e-005  
-0.000000e+000  -0.000000e+000  -0.000000e+000  -9.026041e-006  -1.786648e-005  -3.084926e-005  -4.255158e-005  -5.248771e-005  -6.662223e-005  
-0.000000e+000  -0.000000e+000  -0.000000e+000  -7.092751e-006  -1.403965e-005  -2.424165e-005  -3.343745e-005  -4.124536e-005  -5.235241e-005  
-0.000000e+000  -0.000000e+000  -0.000000e+000  -5.583206e-006  -1.105161e-005  -1.908232e-005  -2.632098e-005  -3.246714e-005  -4.121029e-005  
-0.000000e+000  -0.000000e+000  -0.000000e+000  -4.404248e-006  -8.717932e-006  -1.505287e-005  -2.076301e-005  -2.561133e-005  -3.250827e-005  
-0.000000e+000  -0.000000e+000  -0.000000e+000  -3.482497e-006  -6.893385e-006  -1.190250e-005  -1.641759e-005  -2.025122e-005  -2.570472e-005  
-0.000000e+000  -0.000000e+000  -0.000000e+000  -2.187796e-006  -4.330605e-006  -7.477464e-006  -1.031396e-005  -1.272235e-005  -1.614838e-005  
-0.000000e+000  -0.000000e+000  -0.000000e+000  -1.142140e-006  -2.260795e-006  -3.903615e-006  -5.384407e-006  -6.641709e-006  -8.430271e-006  
-0.000000e+000  -0.000000e+000  -0.000000e+000  -5.851946e-007  -1.158356e-006  -2.000082e-006  -2.758791e-006  -3.402990e-006  -4.319390e-006  
-0.000000e+000  -0.000000e+000  -0.000000e+000  -2.998341e-007  -5.935029e-007  -1.024775e-006  -1.413512e-006  -1.743579e-006  -2.213111e-006  
-0.000000e+000  -0.000000e+000  -0.000000e+000  -1.536251e-007  -3.040911e-007  -5.250607e-007  -7.242366e-007  -8.933514e-007  -1.133924e-006  
-0.000000e+000  -0.000000e+000  -0.000000e+000  -7.871229e-008  -1.558061e-007  -2.690235e-007  -3.710744e-007  -4.577232e-007  -5.809847e-007  
-0.000000e+000  -0.000000e+000  -0.000000e+000  -4.032952e-008  -7.982969e-008  -1.378384e-007  -1.901260e-007  -2.345220e-007  -2.976769e-007  
-0.000000e+000  -0.000000e+000  -0.000000e+000  -2.066340e-008  -4.090200e-008  -7.062358e-008  -9.741385e-008  -1.201607e-007  -1.525192e-007  
-0.000000e+000  -0.000000e+000  -0.000000e+000  -1.058707e-008  -2.095638e-008  -3.618453e-008  -4.991083e-008  -6.156548e-008  -7.814454e-008  
-0.000000e+000  -0.000000e+000  -0.000000e+000  -5.424209e-009  -1.073682e-008  -1.853886e-008  -2.557126e-008  -3.154225e-008  -4.003642e-008  
-0.000000e+000  -0.000000e+000  -0.000000e+000  -2.778546e-009  -5.500035e-009  -9.496636e-009  -1.309925e-008  -1.615814e-008  -2.050913e-008  
-0.000000e+000  -0.000000e+000  -0.000000e+000  -1.422612e-009  -2.815828e-009  -4.862125e-009  -6.706326e-009  -8.272144e-009  -1.050008e-008  
-0.000000e+000  -0.000000e+000  -0.000000e+000  -7.264707e-010  -1.438069e-009  -2.483171e-009  -3.425426e-009  -4.225556e-009  -5.363761e-009  
-4.891291e-011  -0.000000e+000  -0.000000e+000  -3.674318e-010  -7.275157e-010  -1.256446e-009  -1.733590e-009  -2.139135e-009  -2.717242e-009  
7.178237e-011  -3.426603e-011  -0.000000e+000  -1.838477e-010  -3.645602e-010  -6.324995e-010  -8.768986e-010  -1.086249e-009  -1.387166e-009  
5.842057e-011  1.426329e-010  -0.000000e+000  -9.981673e-011  -2.062615e-010  -3.770201e-010  -5.402621e-010  -6.836061e-010  -8.915236e-010  
1.077152e-010  6.559996e-011  -0.000000e+000  -3.647315e-011  -1.084462e-010  -2.458579e-010  -3.826800e-010  -5.018732e-010  -6.731052e-010  
1.978114e-010  1.752050e-010  -0.000000e+000  1.322034e-010  3.241109e-011  -1.186621e-010  -2.492768e-010  -3.555176e-010  -5.007263e-010  
3.099265e-010  -2.118993e-010  1.117723e-009  3.546131e-010  1.645821e-010  -1.895384e-011  -1.478666e-010  -2.453483e-010  -3.693015e-010  
4.319062e-010  1.764923e-009  -1.641672e-009  2.322366e-010  1.424605e-010  1.534135e-011  -8.744303e-011  -1.676014e-010  -2.703076e-010  
4.601337e-010  -3.831852e-011  -2.879568e-010  1.548624e-010  1.047561e-010  2.143103e-011  -5.419810e-011  -1.158252e-010  -1.970674e-010  
4.140102e-011  -0.000000e+000  5.491115e-010  9.684980e-011  -2.526382e-010  1.164949e-011  -1.158404e-011  -3.227759e-011  -6.271153e-011  
-0.000000e+000  -0.000000e+000  -0.000000e+000  -0.000000e+000  -0.000000e+000  -0.000000e+000  -0.000000e+000  -0.000000e+000  -0.000000e+000  

-2.166056e-011  -1.954214e-011  -8.425947e-012  2.191470e-009  -1.347602e-009  -9.009710e-011  -8.317597e-011  -5.952824e-011  -0.000000e+000  
-2.944638e-010  3.603115e-009  -3.074750e-009  -1.810294e-010  -2.001602e-010  -2.003300e-010  -1.808854e-010  -1.258599e-010  -0.000000e+000  
-1.118943e-009  3.184529e-009  -2.334355e-009  -2.717773e-010  -2.968927e-010  -2.884834e-010  -2.537180e-010  -1.701462e-010  -0.000000e+000  
1.057479e-009  -2.415923e-009  7.982086e-010  -4.286712e-010  -4.441168e-010  -4.089025e-010  -3.486995e-010  -2.266246e-010  -0.000000e+000  
1.995744e-010  3.800100e-010  -8.926854e-010  -7.598053e-010  -6.555079e-010  -5.618301e-010  -4.647949e-010  -2.956547e-010  -0.000000e+000  
1.584057e-010  2.244106e-010  -1.054218e-009  -9.473037e-010  -8.445582e-010  -7.242861e-010  -5.994371e-010  -3.800244e-010  -0.000000e+000  
8.613772e-011  1.070739e-010  -1.141988e-009  -1.103911e-009  -1.021831e-009  -9.014485e-010  -7.530859e-010  -4.811362e-010  -0.000000e+000  
2.275866e-010  -1.451701e-010  -1.353308e-009  -1.320809e-009  -1.249336e-009  -1.115711e-009  -9.404092e-010  -6.054123e-010  -0.000000e+000  
-2.327159e-010  -0.000000e+000  -2.333696e-009  -2.285121e-009  -2.174157e-009  -1.957464e-009  -1.660359e-009  -1.078570e-009  -0.000000e+000  
-0.000000e+000  -0.000000e+000  -4.448109e-009  -4.356730e-009  -4.147303e-009  -3.737893e-009  -3.173279e-009  -2.063918e-009  -0.000000e+000  
-0.000000e+000  -0.000000e+000  -8.627657e-009  -8.450064e-009  -8.044592e-009  -7.250214e-009  -6.155416e-009  -4.004609e-009  -0.000000e+000  
-0.000000e+000  -0.000000e+000  -1.680707e-008  -1.646189e-008  -1.567124e-008  -1.412382e-008  -1.199088e-008  -7.801452e-009  -0.000000e+000  
-0.000000e+000  -0.000000e+000  -3.277762e-008  -3.210483e-008  -3.056270e-008  -2.754478e-008  -2.338502e-008  -1.521440e-008  -0.000000e+000  
-0.000000e+000  -0.000000e+000  -6.394187e-008  -6.262901e-008  -5.962073e-008  -5.373272e-008  -4.561794e-008  -2.967918e-008  -0.000000e+000  
-0.000000e+000  -0.000000e+000  -1.247417e-007  -1.221805e-007  -1.163109e-007  -1.048236e-007  -8.899257e-008  -5.789730e-008  -0.000000e+000  
-0.000000e+000  -0.000000e+000  -2.433500e-007  -2.383535e-007  -2.269022e-007  -2.044889e-007  -1.736039e-007  -1.129434e-007  -0.000000e+000  
-0.000000e+000  -0.000000e+000  -4.747173e-007  -4.649718e-007  -4.426305e-007  -3.989025e-007  -3.386505e-007  -2.203157e-007  -0.000000e+000  
-0.000000e+000  -0.000000e+000  -9.260229e-007  -9.070148e-007  -8.634279e-007  -7.781166e-007  -6.605782e-007  -4.297452e-007  -0.000000e+000  
-0.000000e+000  -0.000000e+000  -1.806295e-006  -1.769224e-006  -1.684190e-006  -1.517757e-006  -1.288476e-006  -8.382147e-007  -0.000000e+000  
-0.000000e+000  -0.000000e+000  -3.523175e-006  -3.450879e-006  -3.284992e-006  -2.960315e-006  -2.513076e-006  -1.634843e-006  -0.000000e+000  
-0.000000e+000  -0.000000e+000  -6.871578e-006  -6.730597e-006  -6.406993e-006  -5.773634e-006  -4.901290e-006  -3.188391e-006  -0.000000e+000  
-0.000000e+000  -0.000000e+000  -1.340150e-005  -1.312660e-005  -1.249536e-005  -1.125990e-005  -9.558470e-006  -6.217837e-006  -0.000000e+000  
-0.000000e+000  -0.000000e+000  -2.494822e-005  -2.443657e-005  -2.326121e-005  -2.096083e-005  -1.779324e-005  -1.157433e-005  -0.000000e+000  
-0.000000e+000  -0.000000e+000  -3.200012e-005  -3.134390e-005  -2.983617e-005  -2.688529e-005  -2.282223e-005  -1.484547e-005  -0.000000e+000  
-0.000000e+000  -0.000000e+000  -4.091546e-005  -4.007650e-005  -3.814852e-005  -3.437519e-005  -2.917999e-005  -1.898088e-005  -0.000000e+000  
-0.000000e+000  -0.000000e+000  -5.221319e-005  -5.114267e-005  -4.868211e-005  -4.386645e-005  -3.723651e-005  -2.422119e-005  -0.000000e+000  
-0.000000e+000  -0.000000e+000  -6.664634e-005  -6.528002e-005  -6.213899e-005  -5.599158e-005  -4.752869e-005  -3.091558e-005  -0.000000e+000  
-0.000000e+000  -0.000000e+000  -8.500620e-005  -8.326365e-005  -7.925692e-005  -7.141529e-005  -6.062067e-005  -3.943095e-005  -0.000000e+000  
-0.000000e+000  -0.000000e+000  -1.083740e-004  -1.061527e-004  -1.010440e-004  -9.104577e-005  -7.728330e-005  -5.026862e-005  -0.000000e+000  
-0.000000e+000  -0.000000e+000  -2.023065e-004  -1.981608e-004  -1.886218e-004  -1.699531e-004  -1.442599e-004  -9.383048e-005  -0.000000e+000  
-0.000000e+000  -0.000000e+000  -3.973476e-004  -3.892075e-004  -3.704661e-004  -3.337883e-004  -2.833193e-004  -1.842714e-004  -0.000000e+000  
-0.000000e+000  -0.000000e+000  -7.842593e-004  -7.681977e-004  -7.311939e-004  -6.587770e-004  -5.591524e-004  -3.636573e-004  -0.000000e+000  
-0.000000e+000  -0.000000e+000  -1.549750e-003  -1.518021e-003  -1.444868e-003  -1.301711e-003  -1.104816e-003  -7.184998e-004  -0.000000e+000  
-0.000000e+000  -0.000000e+000  -3.063102e-003  -3.000405e-003  -2.855738e-003  -2.572641e-003  -2.183392e-003  -1.419812e-003  -0.000000e+000  
-0.000000e+000  -0.000000e+000  -6.054231e-003  -5.930314e-003  -5.644141e-003  -5.084177e-003  -4.314547e-003  -2.805206e-003  -0.000000e+000  
-0.000000e+000  -0.000000e+000  -1.196608e-002  -1.172101e-002  -1.115453e-002  -1.004626e-002  -8.523964e-003  -5.540134e-003  -0.000000e+000  
-0.000000e+000  -0.000000e+000  -2.365421e-002  -2.316864e-002  -2.204504e-002  -1.984778e-002  -1.683326e-002  -1.093150e-002  -0.000000e+000  
-0.000000e+000  -0.000000e+000  -4.678864e-002  -4.582129e-002  -4.358024e-002  -3.920280e-002  -3.321361e-002  -2.152208e-002  -0.000000e+000  
-0.000000e+000  -0.000000e+000  -9.273418e-002  -9.077743e-002  -8.623877e-002  -7.740212e-002  -6.539560e-002  -4.213437e-002  -0.000000e+000  
-0.000000e+000  -0.000000e+000  -1.848645e-001  -1.807370e-001  -1.711557e-001  -1.526793e-001  -1.280401e-001  -8.125794e-002  -0.000000e+000  
-0.000000e+000  -0.000000e+000  -3.746584e-001  -3.649223e-001  -3.423787e-001  -3.001620e-001  -2.466589e-001  -1.503602e-001  -0.000000e+000  
-0.000000e+000  -0.000000e+000  -7.962045e-001  -7.662821e-001  -6.981429e-001  -5.809998e-001  -4.507073e-001  -2.459633e-001  -0.000000e+000  
-0.000000e+000  -0.000000e+000  -1.841021e+000  -1.705421e+000  -1.409614e+000  -9.952085e-001  -6.469446e-001  -2.474504e-001  -0.000000e+000  
-0.000000e+000  -0.000000e+000  -2.971805e+000  -2.611097e+000  -1.832756e+000  -1.008472e+000  -5.016586e-001  -9.700387e-002  -0.000000e+000  
-0.000000e+000  -0.000000e+000  -5.179357e+000  -4.285781e+000  -2.124432e+000  -6.271406e-001  -4.014895e-002  1.756744e-001  -0.000000e+000  
-0.000000e+000  -0.000000e+000  -1.006035e+001  -8.399921e+000  -1.018470e+000  9.006693e-001  9.918225e-001  5.712926e-001  -0.000000e+000  
-0.000000e+000  -0.000000e+000  -1.665825e+001  -1.853898e+001  7.206612e+000  3.438431e+000  2.018073e+000  8.517519e-001  -0.000000e+000  
-0.000000e+000  -0.000000e+000  -2.038906e+001  -2.255418e+001  7.736878e+000  4.455854e+000  2.615269e+000  1.029999e+000  -0.000000e+000  
-0.000000e+000  -0.000000e+000  -2.038906e+001  -2.255418e+001  7.736878e+000  4.455854e+000  2.615269e+000  1.029999e+000  -0.000000e+000  
-0.000000e+000  -0.000000e+000  -1.665825e+001  -1.853898e+001  7.206612e+000  3.438431e+000  2.018073e+000  8.517519e-001  -0.000000e+000  
-0.000000e+000  -0.000000e+000  -1.006035e+001  -8.399921e+000  -1.018470e+000  9.006693e-001  9.918225e-001  5.712926e-001  -0.000000e+000  
-0.000000e+000  -0.000000e+000  -5.179357e+000  -4.285781e+000  -2.124432e+000  -6.271406e-001  -4.014895e-002  1.756744e-001  -0.000000e+000  
-0.000000e+000  -0.000000e+000  -2.971805e+000  -2.611097e+000  -1.832756e+000  -1.008472e+000  -5.016586e-001  -9.700387e-002  -0.000000e+000  
-0.000000e+000  -0.000000e+000  -1.841021e+000  -1.705421e+000  -1.409614e+000  -9.952085e-001  -6.469446e-001  -2.474504e-001  -0.000000e+000  
-0.000000e+000  -0.000000e+000  -7.962045e-001  -7.662821e-001  -6.981429e-001  -5.809998e-001  -4.507073e-001  -2.459633e-001  -0.000000e+000  
-0.000000e+000  -0.000000e+000  -3.746584e-001  -3.649223e-001  -3.423787e-001  -3.001620e-001  -2.466589e-001  -1.503602e-001  -0.000000e+000  
-0.000000e+000  -0.000000e+000  -1.848645e-001  -1.807370e-001  -1.711557e-001  -1.526793e-001  -1.280401e-001  -8.125794e-002  -0.000000e+000  
-0.000000e+000  -0.000000e+000  -9.273418e-002  -9.077743e-002  -8.623877e-002  -7.740212e-002  -6.539560e-002  -4.213437e-002  -0.000000e+000  
-0.000000e+000  -0.000000e+000  -4.678864e-002  -4.582129e-002  -4.358024e-002  -3.920280e-002  -3.321361e-002  -2.152208e-002  -0.000000e+000  
-0.000000e+000  -0.000000e+000  -2.365421e-002  -2.316864e-002  -2.204504e-002  -1.984778e-002  -1.683326e-002  -1.093150e-002  -0.000000e+000  
-0.000000e+000  -0.000000e+000  -1.196608e-002  -1.172101e-002  -1.115453e-002  -1.004626e-002  -8.523964e-003  -5.540134e-003  -0.000000e+000  
-0.000000e+000  -0.000000e+000  -6.054231e-003  -5.930314e-003  -5.644141e-003  -5.084177e-003  -4.314547e-003  -2.805206e-003  -0.000000e+000  
-0.000000e+000  -0.000000e+000  -3.063102e-003  -3.000405e-003  -2.855738e-003  -2.572641e-003  -2.183392e-003  -1.419812e-003  -0.000000e+000  
-0.000000e+000  -0.000000e+000  -1.549750e-003  -1.518021e-003  -1.444868e-003  -1.301711e-003  -1.104816e-003  -7.184998e-004  -0.000000e+000  
-0.000000e+000  -0.000000e+000  -7.842593e-004  -7.681977e-004  -7.311939e-004  -6.587770e-004  -5.591524e-004  -3.636573e-004  -0.000000e+000  
-0.000000e+000  -0.000000e+000  -3.973476e-004  -3.892075e-004  -3.704661e-004  -3.337883e-004  -2.833193e-004  -1.842714e-004  -0.000000e+000  
-0.000000e+000  -0.000000e+000  -2.023065e-004  -1.981608e-004  -1.886218e-004  -1.699531e-004  -1.442599e-004  -9.383048e-005  -0.000000e+000  
-0.000000e+000  -0.000000e+000  -1.083740e-004  -1.061527e-004  -1.010440e-004  -9.104577e-005  -7.728330e-005  -5.026862e-005  -0.000000e+000  
-0.000000e+000  -0.000000e+000  -8.500620e-005  -8.326365e-005  -7.925692e-005  -7.141529e-005  -6.062067e-005  -3.943095e-005  -0.000000e+000  
-0.000000e+000  -0.000000e+000  -6.664634e-005  -6.528002e-005  -6.213899e-005  -5.599158e-005  -4.752869e-005  -3.091558e-005  -0.000000e+000  
-0.000000e+000  -0.000000e+000  -5.221319e-005  -5.114267e-005  -4.868211e-005  -4.386645e-005  -3.723651e-005  -2.422119e-005  -0.000000e+000  
-0.000000e+000  -0.000000e+000  -4.091546e-005  -4.007650e-005  -3.814852e-005  -3.437520e-005  -2.917999e-005  -1.898087e-005  -0.000000e+000  
-0.000000e+000  -0.000000e+000  -3.200012e-005  -3.134390e-005  -2.983617e-005  -2.688529e-005  -2.282223e-005  -1.484547e-005  -0.000000e+000  
-0.000000e+000  -0.000000e+000  -2.494822e-005  -2.443657e-005  -2.326121e-005  -2.096083e-005  -1.779324e-005  -1.157433e-005  -0.000000e+000  
-0.000000e+000  -0.000000e+000  -1.340150e-005  -1.312660e-005  -1.249536e-005  -1.125990e-005  -9.558469e-006  -6.217837e-006  -0.000000e+000  
-0.000000e+000  -0.000000e+000  -6.871578e-006  -6.730598e-006  -6.406993e-006  -5.773634e-006  -4.901290e-006  -3.188390e-006  -0.000000e+000  
-0.000000e+000  -0.000000e+000  -3.523175e-006  -3.450879e-006  -3.284992e-006  -2.960315e-006  -2.513076e-006  -1.634843e-006  -0.000000e+000  
-0.000000e+000  -0.000000e+000  -1.806295e-006  -1.769223e-006  -1.684189e-006  -1.517757e-006  -1.288475e-006  -8.382147e-007  -0.000000e+000  
-0.000000e+000  -0.000000e+000  -9.260225e-007  -9.070148e-007  -8.634274e-007  -7.781165e-007  -6.605781e-007  -4.297452e-007  -0.000000e+000  
-0.000000e+000  -0.000000e+000  -4.747172e-007  -4.649713e-007  -4.426304e-007  -3.989027e-007  -3.386506e-007  -2.203156e-007  -0.000000e+000  
-0.000000e+000  -0.000000e+000  -2.433497e-007  -2.383533e-007  -2.269024e-007  -2.044894e-007  -1.736042e-007  -1.129433e-007  -0.000000e+000  
-0.000000e+000  -0.000000e+000  -1.247420e-007  -1.221800e-007  -1.163116e-007  -1.048238e-007  -8.899261e-008  -5.789742e-008  -0.000000e+000  
-0.000000e+000  -0.000000e+000  -6.394239e-008  -6.262902e-008  -5.962125e-008  -5.373303e-008  -4.561828e-008  -2.967915e-008  -0.000000e+000  
-0.000000e+000  -0.000000e+000  -3.277806e-008  -3.210492e-008  -3.056307e-008  -2.754529e-008  -2.338570e-008  -1.521457e-008  -0.000000e+000  
-0.000000e+000  -0.000000e+000  -1.680742e-008  -1.646189e-008  -1.567167e-008  -1.412389e-008  -1.199118e-008  -7.801897e-009  -0.000000e+000  
-0.000000e+000  -0.000000e+000  -8.627363e-009  -8.450540e-009  -8.044243e-009  -7.250502e-009  -6.155892e-009  -4.004702e-009  -0.000000e+000  
-0.000000e+000  -0.000000e+000  -4.448389e-009  -4.357080e-009  -4.147133e-009  -3.737443e-009  -3.173049e-009  -2.064037e-009  -0.000000e+000  
-2.326152e-010  -0.000000e+000  -2.333524e-009  -2.284647e-009  -2.173805e-009  -1.957711e-009  -1.660712e-009  -1.078310e-009  -0.000000e+000  
2.278143e-010  -1.458199e-010  -1.352835e-009  -1.321175e-009  -1.249069e-009  -1.115712e-009  -9.403675e-010  -6.053517e-010  -0.000000e+000  
8.663363e-011  1.066571e-010  -1.143129e-009  -1.100741e-009  -1.022914e-009  -9.012450e-010  -7.528250e-010  -4.811288e-010  -0.000000e+000  
1.593172e-010  2.242638e-010  -1.052844e-009  -9.496056e-010  -8.432128e-010  -7.243955e-010  -5.990401e-010  -3.799852e-010  -0.000000e+000  
2.004595e-010  3.797255e-010  -8.928002e-010  -7.589352e-010  -6.557582e-010  -5.609631e-010  -4.650975e-010  -2.955554e-010  -0.000000e+000  
1.060824e-009  -2.422618e-009  8.022282e-010  -4.287398e-010  -4.438025e-010  -4.087176e-010  -3.483826e-010  -2.265809e-010  -0.000000e+000  
-1.118826e-009  3.179972e-009  -2.331212e-009  -2.702375e-010  -2.968838e-010  -2.883070e-010  -2.534323e-010  -1.700826e-010  -0.000000e+000  
-2.943914e-010  3.596044e-009  -3.068286e-009  -1.805310e-010  -2.000663e-010  -1.998391e-010  -1.807568e-010  -1.256924e-010  -0.000000e+000  
-2.169341e-011  -1.959224e-011  -8.502371e-012  2.188789e-009  -1.346050e-009  -9.018893e-011  -8.287215e-011  -5.950526e-011  -0.000000e+000  

0.000000e+000  0.000000e+000  0.000000e+000  0.000000e+000  0.000000e+000  0.000000e+000  0.000000e+000  0.000000e+000  0.000000e+000  
0.000000e+000  0.000000e+000  0.000000e+000  0.000000e+000  0.000000e+000  0.000000e+000  0.000000e+000  0.000000e+000  0.000000e+000  
0.000000e+000  0.000000e+000  0.000000e+000  0.000000e+000  0.000000e+000  0.000000e+000  0.000000e+000  0.000000e+000  0.000000e+000  
0.000000e+000  0.000000e+000  0.000000e+000  0.000000e+000  0.000000e+000  0.000000e+000  0.000000e+000  0.000000e+000  0.000000e+000  
0.000000e+000  0.000000e+000  0.000000e+000  0.000000e+000  0.000000e+000  0.000000e+000  0.000000e+000  0.000000e+000  0.000000e+000  
0.000000e+000  0.000000e+000  0.000000e+000  0.000000e+000  0.000000e+000  0.000000e+000  0.000000e+000  0.000000e+000  0.000000e+000  
0.000000e+000  0.000000e+000  0.000000e+000  0.000000e+000  0.000000e+000  0.000000e+000  0.000000e+000  0.000000e+000  0.000000e+000  
0.000000e+000  0.000000e+000  0.000000e+000  0.000000e+000  0.000000e+000  0.000000e+000  0.000000e+000  0.000000e+000  0.000000e+000  
0.000000e+000  0.000000e+000  0.000000e+000  0.000000e+000  0.000000e+000  0.000000e+000  0.000000e+000  0.000000e+000  0.000000e+000  
0.000000e+000  0.000000e+000  0.000000e+000  0.000000e+000  0.000000e+000  0.000000e+000  0.000000e+000  0.000000e+000  0.000000e+000  
0.000000e+000  0.000000e+000  0.000000e+000  0.000000e+000  0.000000e+000  0.000000e+000  0.000000e+000  0.000000e+000  0.000000e+000  
0.000000e+000  0.000000e+000  0.000000e+000  0.000000e+000  0.000000e+000  0.000000e+000  0.000000e+000  0.000000e+000  0.000000e+000  
0.000000e+000  0.000000e+000  0.000000e+000  0.000000e+000  0.000000e+000  0.000000e+000  0.000000e+000  0.000000e+000  0.000000e+000  
0.000000e+000  0.000000e+000  0.000000e+000  0.000000e+000  0.000000e+000  0.000000e+000  0.000000e+000  0.000000e+000  0.000000e+000  
0.000000e+000  0.000000e+000  0.000000e+000  0.000000e+000  0.000000e+000  0.000000e+000  0.000000e+000  0.000000e+000  0.000000e+000  
0.000000e+000  0.000000e+000  0.000000e+000  0.000000e+000  0.000000e+000  0.000000e+000  0.000000e+000  0.000000e+000  0.000000e+000  
0.000000e+000  0.000000e+000  0.000000e+000  0.000000e+000  0.000000e+000  0.000000e+000  0.000000e+000  0.000000e+000  0.000000e+000  
0.000000e+000  0.000000e+000  0.000000e+000  0.000000e+000  0.000000e+000  0.000000e+000  0.000000e+000  0.000000e+000  0.000000e+000  
0.000000e+000  0.000000e+000  0.000000e+000  0.000000e+000  0.000000e+000  0.000000e+000  0.000000e+000  0.000000e+000  0.000000e+000  
0.000000e+000  0.000000e+000  0.000000e+000  0.000000e+000  0.000000e+000  0.000000e+000  0.000000e+000  0.000000e+000  0.000000e+000  
0.000000e+000  0.000000e+000  0.000000e+000  0.000000e+000  0.000000e+000  0.000000e+000  0.000000e+000  0.000000e+000  0.000000e+000  
0.000000e+000  0.000000e+000  0.000000e+000  0.000000e+000  0.000000e+000  0.000000e+000  0.000000e+000  0.000000e+000  0.000000e+000  
0.000000e+000  0.000000e+000  0.000000e+000  0.000000e+000  0.000000e+000  0.000000e+000  0.000000e+000  0.000000e+000  0.000000e+000  
0.000000e+000  0.000000e+000  0.000000e+000  0.000000e+000  0.000000e+000  0.000000e+000  0.000000e+000  0.000000e+000  0.000000e+000  
0.000000e+000  0.000000e+000  0.000000e+000  0.000000e+000  0.000000e+000  0.000000e+000  0.000000e+000  0.000000e+000  0.000000e+000  
0.000000e+000  0.000000e+000  0.000000e+000  0.000000e+000  0.000000e+000  0.000000e+000  0.000000e+000  0.000000e+000  0.000000e+000  
0.000000e+000  0.000000e+000  0.000000e+000  0.000000e+000  0.000000e+000  0.000000e+000  0.000000e+000  0.000000e+000  0.000000e+000  
0.000000e+000  0.000000e+000  0.000000e+000  0.000000e+000  0.000000e+000  0.000000e+000  0.000000e+000  0.000000e+000  0.000000e+000  
0.000000e+000  0.000000e+000  0.000000e+000  0.000000e+000  0.000000e+000  0.000000e+000  0.000000e+000  0.000000e+000  0.000000e+000  
0.000000e+000  0.000000e+000  0.000000e+000  0.000000e+000  0.000000e+000  0.000000e+000  0.000000e+000  0.000000e+000  0.000000e+000  
0.000000e+000  0.000000e+000  0.000000e+000  0.000000e+000  0.000000e+000  0.000000e+000  0.000000e+000  0.000000e+000  0.000000e+000  
0.000000e+000  0.000000e+000  0.000000e+000  0.000000e+000  0.000000e+000  0.000000e+000  0.000000e+000  0.000000e+000  0.000000e+000  
0.000000e+000  0.000000e+000  0.000000e+000  0.000000e+000  0.000000e+000  0.000000e+000  0.000000e+000  0.000000e+000  0.000000e+000  
0.000000e+000  0.000000e+000  0.000000e+000  0.000000e+000  0.000000e+000  0.000000e+000  0.000000e+000  0.000000e+000  0.000000e+000  
0.000000e+000  0.000000e+000  0.000000e+000  0.000000e+000  0.000000e+000  0.000000e+000  0.000000e+000  0.000000e+000  0.000000e+000  
0.000000e+000  0.000000e+000  0.000000e+000  0.000000e+000  0.000000e+000  0.000000e+000  0.000000e+000  0.000000e+000  0.000000e+000  
0.000000e+000  0.000000e+000  0.000000e+000  0.000000e+000  0.000000e+000  0.000000e+000  0.000000e+000  0.000000e+000  0.000000e+000  
0.000000e+000  0.000000e+000  0.000000e+000  0.000000e+000  0.000000e+000  0.000000e+000  0.000000e+000  0.000000e+000  0.000000e+000  
0.000000e+000  0.000000e+000  0.000000e+000  0.000000e+000  0.000000e+000  0.000000e+000  0.000000e+000  0.000000e+000  0.000000e+000  
0.000000e+000  0.000000e+000  0.000000e+000  0.000000e+000  0.000000e+000  0.000000e+000  0.000000e+000  0.000000e+000  0.000000e+000  
0.000000e+000  0.000000e+000  0.000000e+000  0.000000e+000  0.000000e+000  0.000000e+000  0.000000e+000  0.000000e+000  0.000000e+000  
0.000000e+000  0.000000e+000  0.000000e+000  0.000000e+000  0.000000e+000  0.000000e+000  0.000000e+000  0.000000e+000  0.000000e+000  
0.000000e+000  0.000000e+000  0.000000e+000  0.000000e+000  0.000000e+000  0.000000e+000  0.000000e+000  0.000000e+000  0.000000e+000  
0.000000e+000  0.000000e+000  0.000000e+000  0.000000e+000  0.000000e+000  0.000000e+000  0.000000e+000  0.000000e+000  0.000000e+000  
0.000000e+000  0.000000e+000  0.000000e+000  0.000000e+000  0.000000e+000  0.000000e+000  0.000000e+000  0.000000e+000  0.000000e+000  
0.000000e+000  0.000000e+000  0.000000e+000  0.000000e+000  0.000000e+000  0.000000e+000  0.000000e+000  0.000000e+000  0.000000e+000  
0.000000e+000  0.000000e+000  0.000000e+000  0.000000e+000  0.000000e+000  0.000000e+000  0.000000e+000  0.000000e+000  0.000000e+000  
0.000000e+000  0.000000e+000  0.000000e+000  0.000000e+000  0.000000e+000  0.000000e+000  0.000000e+000  0.000000e+000  0.000000e+000  
0.000000e+000  0.000000e+000  0.000000e+000  0.000000e+000  0.000000e+000  0.000000e+000  0.000000e+000  0.000000e+000  0.000000e+000  
0.000000e+000  0.000000e+000  0.000000e+000  0.000000e+000  0.000000e+000  0.000000e+000  0.000000e+000  0.000000e+000  0.000000e+000  
0.000000e+000  0.000000e+000  0.000000e+000  0.000000e+000  0.000000e+000  0.000000e+000  0.000000e+000  0.000000e+000  0.000000e+000  
0.000000e+000  0.000000e+000  0.000000e+000  0.000000e+000  0.000000e+000  0.000000e+000  0.000000e+000  0.000000e+000  0.000000e+000  
0.000000e+000  0.000000e+000  0.000000e+000  0.000000e+000  0.000000e+000  0.000000e+000  0.000000e+000  0.000000e+000  0.000000e+000  
0.000000e+000  0.000000e+000  0.000000e+000  0.000000e+000  0.000000e+000  0.000000e+000  0.000000e+000  0.000000e+000  0.000000e+000  
0.000000e+000  0.000000e+000  0.000000e+000  0.000000e+000  0.000000e+000  0.000000e+000  0.000000e+000  0.000000e+000  0.000000e+000  
0.000000e+000  0.000000e+000  0.000000e+000  0.000000e+000  0.000000e+000  0.000000e+000  0.000000e+000  0.000000e+000  0.000000e+000  
0.000000e+000  0.000000e+000  0.000000e+000  0.000000e+000  0.000000e+000  0.000000e+000  0.000000e+000  0.000000e+000  0.000000e+000  
0.000000e+000  0.000000e+000  0.000000e+000  0.000000e+000  0.000000e+000  0.000000e+000  0.000000e+000  0.000000e+000  0.000000e+000  
0.000000e+000  0.000000e+000  0.000000e+000  0.000000e+000  0.000000e+000  0.000000e+000  0.000000e+000  0.000000e+000  0.000000e+000  
0.000000e+000  0.000000e+000  0.000000e+000  0.000000e+000  0.000000e+000  0.000000e+000  0.000000e+000  0.000000e+000  0.000000e+000  
0.000000e+000  0.000000e+000  0.000000e+000  0.000000e+000  0.000000e+000  0.000000e+000  0.000000e+000  0.000000e+000  0.000000e+000  
0.000000e+000  0.000000e+000  0.000000e+000  0.000000e+000  0.000000e+000  0.000000e+000  0.000000e+000  0.000000e+000  0.000000e+000  
0.000000e+000  0.000000e+000  0.000000e+000  0.000000e+000  0.000000e+000  0.000000e+000  0.000000e+000  0.000000e+000  0.000000e+000  
0.000000e+000  0.000000e+000  0.000000e+000  0.000000e+000  0.000000e+000  0.000000e+000  0.000000e+000  0.000000e+000  0.000000e+000  
0.000000e+000  0.000000e+000  0.000000e+000  0.000000e+000  0.000000e+000  0.000000e+000  0.000000e+000  0.000000e+000  0.000000e+000  
0.000000e+000  0.000000e+000  0.000000e+000  0.000000e+000  0.000000e+000  0.000000e+000  0.000000e+000  0.000000e+000  0.000000e+000  
0.000000e+000  0.000000e+000  0.000000e+000  0.000000e+000  0.000000e+000  0.000000e+000  0.000000e+000  0.000000e+000  0.000000e+000  
0.000000e+000  0.000000e+000  0.000000e+000  0.000000e+000  0.000000e+000  0.000000e+000  0.000000e+000  0.000000e+000  0.000000e+000  
0.000000e+000  0.000000e+000  0.000000e+000  0.000000e+000  0.000000e+000  0.000000e+000  0.000000e+000  0.000000e+000  0.000000e+000  
0.000000e+000  0.000000e+000  0.000000e+000  0.000000e+000  0.000000e+000  0.000000e+000  0.000000e+000  0.000000e+000  0.000000e+000  
0.000000e+000  0.000000e+000  0.000000e+000  0.000000e+000  0.000000e+000  0.000000e+000  0.000000e+000  0.000000e+000  0.000000e+000  
0.000000e+000  0.000000e+000  0.000000e+000  0.000000e+000  0.000000e+000  0.000000e+000  0.000000e+000  0.000000e+000  0.000000e+000  
0.000000e+000  0.000000e+000  0.000000e+000  0.000000e+000  0.000000e+000  0.000000e+000  0.000000e+000  0.000000e+000  0.000000e+000  
0.000000e+000  0.000000e+000  0.000000e+000  0.000000e+000  0.000000e+000  0.000000e+000  0.000000e+000  0.000000e+000  0.000000e+000  
0.000000e+000  0.000000e+000  0.000000e+000  0.000000e+000  0.000000e+000  0.000000e+000  0.000000e+000  0.000000e+000  0.000000e+000  
0.000000e+000  0.000000e+000  0.000000e+000  0.000000e+000  0.000000e+000  0.000000e+000  0.000000e+000  0.000000e+000  0.000000e+000  
0.000000e+000  0.000000e+000  0.000000e+000  0.000000e+000  0.000000e+000  0.000000e+000  0.000000e+000  0.000000e+000  0.000000e+000  
0.000000e+000  0.000000e+000  0.000000e+000  0.000000e+000  0.000000e+000  0.000000e+000  0.000000e+000  0.000000e+000  0.000000e+000  
0.000000e+000  0.000000e+000  0.000000e+000  0.000000e+000  0.000000e+000  0.000000e+000  0.000000e+000  0.000000e+000  0.000000e+000  
0.000000e+000  0.000000e+000  0.000000e+000  0.000000e+000  0.000000e+000  0.000000e+000  0.000000e+000  0.000000e+000  0.000000e+000  
0.000000e+000  0.000000e+000  0.000000e+000  0.000000e+000  0.000000e+000  0.000000e+000  0.000000e+000  0.000000e+000  0.000000e+000  
0.000000e+000  0.000000e+000  0.000000e+000  0.000000e+000  0.000000e+000  0.000000e+000  0.000000e+000  0.000000e+000  0.000000e+000  
0.000000e+000  0.000000e+000  0.000000e+000  0.000000e+000  0.000000e+000  0.000000e+000  0.000000e+000  0.000000e+000  0.000000e+000  
0.000000e+000  0.000000e+000  0.000000e+000  0.000000e+000  0.000000e+000  0.000000e+000  0.000000e+000  0.000000e+000  0.000000e+000  
0.000000e+000  0.000000e+000  0.000000e+000  0.000000e+000  0.000000e+000  0.000000e+000  0.000000e+000  0.000000e+000  0.000000e+000  
0.000000e+000  0.000000e+000  0.000000e+000  0.000000e+000  0.000000e+000  0.000000e+000  0.000000e+000  0.000000e+000  0.000000e+000  
0.000000e+000  0.000000e+000  0.000000e+000  0.000000e+000  0.000000e+000  0.000000e+000  0.000000e+000  0.000000e+000  0.000000e+000  
0.000000e+000  0.000000e+000  0.000000e+000  0.000000e+000  0.000000e+000  0.000000e+000  0.000000e+000  0.000000e+000  0.000000e+000  
0.000000e+000  0.000000e+000  0.000000e+000  0.000000e+000  0.000000e+000  0.000000e+000  0.000000e+000  0.000000e+000  0.000000e+000  
0.000000e+000  0.000000e+000  0.000000e+000  0.000000e+000  0.000000e+000  0.000000e+000  0.000000e+000  0.000000e+000  0.000000e+000  
0.000000e+000  0.000000e+000  0.000000e+000  0.000000e+000  0.000000e+000  0.000000e+000  0.000000e+000  0.000000e+000  0.000000e+000  
0.000000e+000  0.000000e+000  0.000000e+000  0.000000e+000  0.000000e+000  0.000000e+000  0.000000e+000  0.000000e+000  0.000000e+000  
0.000000e+000  0.000000e+000  0.000000e+000  0.000000e+000  0.000000e+000  0.000000e+000  0.000000e+000  0.000000e+000  0.000000e+000  
0.000000e+000  0.000000e+000  0.000000e+000  0.000000e+000  0.000000e+000  0.000000e+000  0.000000e+000  0.000000e+000  0.000000e+000  
0.000000e+000  0.000000e+000  0.000000e+000  0.000000e+000  0.000000e+000  0.000000e+000  0.000000e+000  0.000000e+000  0.000000e+000  
0.000000e+000  0.000000e+000  0.000000e+000  0.000000e+000  0.000000e+000  0.000000e+000  0.000000e+000  0.000000e+000  0.000000e+000  

0.000000e+000  0.000000e+000  0.000000e+000  0.000000e+000  0.000000e+000  0.000000e+000  0.000000e+000  0.000000e+000  0.000000e+000  
0.000000e+000  0.000000e+000  0.000000e+000  0.000000e+000  0.000000e+000  0.000000e+000  0.000000e+000  0.000000e+000  0.000000e+000  
0.000000e+000  0.000000e+000  0.000000e+000  0.000000e+000  0.000000e+000  0.000000e+000  0.000000e+000  0.000000e+000  0.000000e+000  
0.000000e+000  0.000000e+000  0.000000e+000  0.000000e+000  0.000000e+000  0.000000e+000  0.000000e+000  0.000000e+000  0.000000e+000  
0.000000e+000  0.000000e+000  0.000000e+000  0.000000e+000  0.000000e+000  0.000000e+000  0.000000e+000  0.000000e+000  0.000000e+000  
0.000000e+000  0.000000e+000  0.000000e+000  0.000000e+000  0.000000e+000  0.000000e+000  0.000000e+000  0.000000e+000  0.000000e+000  
0.000000e+000  0.000000e+000  0.000000e+000  0.000000e+000  0.000000e+000  0.000000e+000  0.000000e+000  0.000000e+000  0.000000e+000  
0.000000e+000  0.000000e+000  0.000000e+000  0.000000e+000  0.000000e+000  0.000000e+000  0.000000e+000  0.000000e+000  0.000000e+000  
0.000000e+000  0.000000e+000  0.000000e+000  0.000000e+000  0.000000e+000  0.000000e+000  0.000000e+000  0.000000e+000  0.000000e+000  
0.000000e+000  0.000000e+000  0.000000e+000  0.000000e+000  0.000000e+000  0.000000e+000  0.000000e+000  0.000000e+000  0.000000e+000  
0.000000e+000  0.000000e+000  0.000000e+000  0.000000e+000  0.000000e+000  0.000000e+000  0.000000e+000  0.000000e+000  0.000000e+000  
0.000000e+000  0.000000e+000  0.000000e+000  0.000000e+000  0.000000e+000  0.000000e+000  0.000000e+000  0.000000e+000  0.000000e+000  
0.000000e+000  0.000000e+000  0.000000e+000  0.000000e+000  0.000000e+000  0.000000e+000  0.000000e+000  0.000000e+000  0.000000e+000  
0.000000e+000  0.000000e+000  0.000000e+000  0.000000e+000  0.000000e+000  0.000000e+000  0.000000e+000  0.000000e+000  0.000000e+000  
0.000000e+000  0.000000e+000  0.000000e+000  0.000000e+000  0.000000e+000  0.000000e+000  0.000000e+000  0.000000e+000  0.000000e+000  
0.000000e+000  0.000000e+000  0.000000e+000  0.000000e+000  0.000000e+000  0.000000e+000  0.000000e+000  0.000000e+000  0.000000e+000  
0.000000e+000  0.000000e+000  0.000000e+000  0.000000e+000  0.000000e+000  0.000000e+000  0.000000e+000  0.000000e+000  0.000000e+000  
0.000000e+000  0.000000e+000  0.000000e+000  0.000000e+000  0.000000e+000  0.000000e+000  0.000000e+000  0.000000e+000  0.000000e+000  
0.000000e+000  0.000000e+000  0.000000e+000  0.000000e+000  0.000000e+000  0.000000e+000  0.000000e+000  0.000000e+000  0.000000e+000  
0.000000e+000  0.000000e+000  0.000000e+000  0.000000e+000  0.000000e+000  0.000000e+000  0.000000e+000  0.000000e+000  0.000000e+000  
0.000000e+000  0.000000e+000  0.000000e+000  0.000000e+000  0.000000e+000  0.000000e+000  0.000000e+000  0.000000e+000  0.000000e+000  
0.000000e+000  0.000000e+000  0.000000e+000  0.000000e+000  0.000000e+000  0.000000e+000  0.000000e+000  0.000000e+000  0.000000e+000  
0.000000e+000  0.000000e+000  0.000000e+000  0.000000e+000  0.000000e+000  0.000000e+000  0.000000e+000  0.000000e+000  0.000000e+000  
0.000000e+000  0.000000e+000  0.000000e+000  0.000000e+000  0.000000e+000  0.000000e+000  0.000000e+000  0.000000e+000  0.000000e+000  
0.000000e+000  0.000000e+000  0.000000e+000  0.000000e+000  0.000000e+000  0.000000e+000  0.000000e+000  0.000000e+000  0.000000e+000  
0.000000e+000  0.000000e+000  0.000000e+000  0.000000e+000  0.000000e+000  0.000000e+000  0.000000e+000  0.000000e+000  0.000000e+000  
0.000000e+000  0.000000e+000  0.000000e+000  0.000000e+000  0.000000e+000  0.000000e+000  0.000000e+000  0.000000e+000  0.000000e+000  
0.000000e+000  0.000000e+000  0.000000e+000  0.000000e+000  0.000000e+000  0.000000e+000  0.000000e+000  0.000000e+000  0.000000e+000  
0.000000e+000  0.000000e+000  0.000000e+000  0.000000e+000  0.000000e+000  0.000000e+000  0.000000e+000  0.000000e+000  0.000000e+000  
0.000000e+000  0.000000e+000  0.000000e+000  0.000000e+000  0.000000e+000  0.000000e+000  0.000000e+000  0.000000e+000  0.000000e+000  
0.000000e+000  0.000000e+000  0.000000e+000  0.000000e+000  0.000000e+000  0.000000e+000  0.000000e+000  0.000000e+000  0.000000e+000  
0.000000e+000  0.000000e+000  0.000000e+000  0.000000e+000  0.000000e+000  0.000000e+000  0.000000e+000  0.000000e+000  0.000000e+000  
0.000000e+000  0.000000e+000  0.000000e+000  0.000000e+000  0.000000e+000  0.000000e+000  0.000000e+000  0.000000e+000  0.000000e+000  
0.000000e+000  0.000000e+000  0.000000e+000  0.000000e+000  0.000000e+000  0.000000e+000  0.000000e+000  0.000000e+000  0.000000e+000  
0.000000e+000  0.000000e+000  0.000000e+000  0.000000e+000  0.000000e+000  0.000000e+000  0.000000e+000  0.000000e+000  0.000000e+000  
0.000000e+000  0.000000e+000  0.000000e+000  0.000000e+000  0.000000e+000  0.000000e+000  0.000000e+000  0.000000e+000  0.000000e+000  
0.000000e+000  0.000000e+000  0.000000e+000  0.000000e+000  0.000000e+000  0.000000e+000  0.000000e+000  0.000000e+000  0.000000e+000  
0.000000e+000  0.000000e+000  0.000000e+000  0.000000e+000  0.000000e+000  0.000000e+000  0.000000e+000  0.000000e+000  0.000000e+000  
0.000000e+000  0.000000e+000  0.000000e+000  0.000000e+000  0.000000e+000  0.000000e+000  0.000000e+000  0.000000e+000  0.000000e+000  
0.000000e+000  0.000000e+000  0.000000e+000  0.000000e+000  0.000000e+000  0.000000e+000  0.000000e+000  0.000000e+000  0.000000e+000  
0.000000e+000  0.000000e+000  0.000000e+000  0.000000e+000  0.000000e+000  0.000000e+000  0.000000e+000  0.000000e+000  0.000000e+000  
0.000000e+000  0.000000e+000  0.000000e+000  0.000000e+000  0.000000e+000  0.000000e+000  0.000000e+000  0.000000e+000  0.000000e+000  
0.000000e+000  0.000000e+000  0.000000e+000  0.000000e+000  0.000000e+000  0.000000e+000  0.000000e+000  0.000000e+000  0.000000e+000  
0.000000e+000  0.000000e+000  0.000000e+000  0.000000e+000  0.000000e+000  0.000000e+000  0.000000e+000  0.000000e+000  0.000000e+000  
0.000000e+000  0.000000e+000  0.000000e+000  0.000000e+000  0.000000e+000  0.000000e+000  0.000000e+000  0.000000e+000  0.000000e+000  
0.000000e+000  0.000000e+000  0.000000e+000  0.000000e+000  0.000000e+000  0.000000e+000  0.000000e+000  0.000000e+000  0.000000e+000  
0.000000e+000  0.000000e+000  0.000000e+000  0.000000e+000  0.000000e+000  0.000000e+000  0.000000e+000  0.000000e+000  0.000000e+000  
0.000000e+000  0.000000e+000  0.000000e+000  0.000000e+000  0.000000e+000  0.000000e+000  0.000000e+000  0.000000e+000  0.000000e+000  
0.000000e+000  0.000000e+000  0.000000e+000  0.000000e+000  0.000000e+000  0.000000e+000  0.000000e+000  0.000000e+000  0.000000e+000  
0.000000e+000  0.000000e+000  0.000000e+000  0.000000e+000  0.000000e+000  0.000000e+000  0.000000e+000  0.000000e+000  0.000000e+000  
0.000000e+000  0.000000e+000  0.000000e+000  0.000000e+000  0.000000e+000  0.000000e+000  0.000000e+000  0.000000e+000  0.000000e+000  
0.000000e+000  0.000000e+000  0.000000e+000  0.000000e+000  0.000000e+000  0.000000e+000  0.000000e+000  0.000000e+000  0.000000e+000  
0.000000e+000  0.000000e+000  0.000000e+000  0.000000e+000  0.000000e+000  0.000000e+000  0.000000e+000  0.000000e+000  0.000000e+000  
0.000000e+000  0.000000e+000  0.000000e+000  0.000000e+000  0.000000e+000  0.000000e+000  0.000000e+000  0.000000e+000  0.000000e+000  
0.000000e+000  0.000000e+000  0.000000e+000  0.000000e+000  0.000000e+000  0.000000e+000  0.000000e+000  0.000000e+000  0.000000e+000  
0.000000e+000  0.000000e+000  0.000000e+000  0.000000e+000  0.000000e+000  0.000000e+000  0.000000e+000  0.000000e+000  0.000000e+000  
0.000000e+000  0.000000e+000  0.000000e+000  0.000000e+000  0.000000e+000  0.000000e+000  0.000000e+000  0.000000e+000  0.000000e+000  
0.000000e+000  0.000000e+000  0.000000e+000  0.000000e+000  0.000000e+000  0.000000e+000  0.000000e+000  0.000000e+000  0.000000e+000  
0.000000e+000  0.000000e+000  0.000000e+000  0.000000e+000  0.000000e+000  0.000000e+000  0.000000e+000  0.000000e+000  0.000000e+000  
0.000000e+000  0.000000e+000  0.000000e+000  0.000000e+000  0.000000e+000  0.000000e+000  0.000000e+000  0.000000e+000  0.000000e+000  
0.000000e+000  0.000000e+000  0.000000e+000  0.000000e+000  0.000000e+000  0.000000e+000  0.000000e+000  0.000000e+000  0.000000e+000  
0.000000e+000  0.000000e+000  0.000000e+000  0.000000e+000  0.000000e+000  0.000000e+000  0.000000e+000  0.000000e+000  0.000000e+000  
0.000000e+000  0.000000e+000  0.000000e+000  0.000000e+000  0.000000e+000  0.000000e+000  0.000000e+000  0.000000e+000  0.000000e+000  
0.000000e+000  0.000000e+000  0.000000e+000  0.000000e+000  0.000000e+000  0.000000e+000  0.000000e+000  0.000000e+000  0.000000e+000  
0.000000e+000  0.000000e+000  0.000000e+000  0.000000e+000  0.000000e+000  0.000000e+000  0.000000e+000  0.000000e+000  0.000000e+000  
0.000000e+000  0.000000e+000  0.000000e+000  0.000000e+000  0.000000e+000  0.000000e+000  0.000000e+000  0.000000e+000  0.000000e+000  
0.000000e+000  0.000000e+000  0.000000e+000  0.000000e+000  0.000000e+000  0.000000e+000  0.000000e+000  0.000000e+000  0.000000e+000  
0.000000e+000  0.000000e+000  0.000000e+000  0.000000e+000  0.000000e+000  0.000000e+000  0.000000e+000  0.000000e+000  0.000000e+000  
0.000000e+000  0.000000e+000  0.000000e+000  0.000000e+000  0.000000e+000  0.000000e+000  0.000000e+000  0.000000e+000  0.000000e+000  
0.000000e+000  0.000000e+000  0.000000e+000  0.000000e+000  0.000000e+000  0.000000e+000  0.000000e+000  0.000000e+000  0.000000e+000  
0.000000e+000  0.000000e+000  0.000000e+000  0.000000e+000  0.000000e+000  0.000000e+000  0.000000e+000  0.000000e+000  0.000000e+000  
0.000000e+000  0.000000e+000  0.000000e+000  0.000000e+000  0.000000e+000  0.000000e+000  0.000000e+000  0.000000e+000  0.000000e+000  
0.000000e+000  0.000000e+000  0.000000e+000  0.000000e+000  0.000000e+000  0.000000e+000  0.000000e+000  0.000000e+000  0.000000e+000  
0.000000e+000  0.000000e+000  0.000000e+000  0.000000e+000  0.000000e+000  0.000000e+000  0.000000e+000  0.000000e+000  0.000000e+000  
0.000000e+000  0.000000e+000  0.000000e+000  0.000000e+000  0.000000e+000  0.000000e+000  0.000000e+000  0.000000e+000  0.000000e+000  
0.000000e+000  0.000000e+000  0.000000e+000  0.000000e+000  0.000000e+000  0.000000e+000  0.000000e+000  0.000000e+000  0.000000e+000  
0.000000e+000  0.000000e+000  0.000000e+000  0.000000e+000  0.000000e+000  0.000000e+000  0.000000e+000  0.000000e+000  0.000000e+000  
0.000000e+000  0.000000e+000  0.000000e+000  0.000000e+000  0.000000e+000  0.000000e+000  0.000000e+000  0.000000e+000  0.000000e+000  
0.000000e+000  0.000000e+000  0.000000e+000  0.000000e+000  0.000000e+000  0.000000e+000  0.000000e+000  0.000000e+000  0.000000e+000  
0.000000e+000  0.000000e+000  0.000000e+000  0.000000e+000  0.000000e+000  0.000000e+000  0.000000e+000  0.000000e+000  0.000000e+000  
0.000000e+000  0.000000e+000  0.000000e+000  0.000000e+000  0.000000e+000  0.000000e+000  0.000000e+000  0.000000e+000  0.000000e+000  
0.000000e+000  0.000000e+000  0.000000e+000  0.000000e+000  0.000000e+000  0.000000e+000  0.000000e+000  0.000000e+000  0.000000e+000  
0.000000e+000  0.000000e+000  0.000000e+000  0.000000e+000  0.000000e+000  0.000000e+000  0.000000e+000  0.000000e+000  0.000000e+000  
0.000000e+000  0.000000e+000  0.000000e+000  0.000000e+000  0.000000e+000  0.000000e+000  0.000000e+000  0.000000e+000  0.000000e+000  
0.000000e+000  0.000000e+000  0.000000e+000  0.000000e+000  0.000000e+000  0.000000e+000  0.000000e+000  0.000000e+000  0.000000e+000  
0.000000e+000  0.000000e+000  0.000000e+000  0.000000e+000  0.000000e+000  0.000000e+000  0.000000e+000  0.000000e+000  0.000000e+000  
0.000000e+000  0.000000e+000  0.000000e+000  0.000000e+000  0.000000e+000  0.000000e+000  0.000000e+000  0.000000e+000  0.000000e+000  
0.000000e+000  0.000000e+000  0.000000e+000  0.000000e+000  0.000000e+000  0.000000e+000  0.000000e+000  0.000000e+000  0.000000e+000  
0.000000e+000  0.000000e+000  0.000000e+000  0.000000e+000  0.000000e+000  0.000000e+000  0.000000e+000  0.000000e+000  0.000000e+000  
0.000000e+000  0.000000e+000  0.000000e+000  0.000000e+000  0.000000e+000  0.000000e+000  0.000000e+000  0.000000e+000  0.000000e+000  
0.000000e+000  0.000000e+000  0.000000e+000  0.000000e+000  0.000000e+000  0.000000e+000  0.000000e+000  0.000000e+000  0.000000e+000  
0.000000e+000  0.000000e+000  0.000000e+000  0.000000e+000  0.000000e+000  0.000000e+000  0.000000e+000  0.000000e+000  0.000000e+000  
0.000000e+000  0.000000e+000  0.000000e+000  0.000000e+000  0.000000e+000  0.000000e+000  0.000000e+000  0.000000e+000  0.000000e+000  
0.000000e+000  0.000000e+000  0.000000e+000  0.000000e+000  0.000000e+000  0.000000e+000  0.000000e+000  0.000000e+000  0.000000e+000  
0.000000e+000  0.000000e+000  0.000000e+000  0.000000e+000  0.000000e+000  0.000000e+000  0.000000e+000  0.000000e+000  0.000000e+000  
0.000000e+000  0.000000e+000  0.000000e+000  0.000000e+000  0.000000e+000  0.000000e+000  0.000000e+000  0.000000e+000  0.000000e+000  

0.000000e+000  0.000000e+000  0.000000e+000  0.000000e+000  0.000000e+000  0.000000e+000  0.000000e+000  0.000000e+000  0.000000e+000  
0.000000e+000  0.000000e+000  0.000000e+000  0.000000e+000  0.000000e+000  0.000000e+000  0.000000e+000  0.000000e+000  0.000000e+000  
0.000000e+000  0.000000e+000  0.000000e+000  0.000000e+000  0.000000e+000  0.000000e+000  0.000000e+000  0.000000e+000  0.000000e+000  
0.000000e+000  0.000000e+000  0.000000e+000  0.000000e+000  0.000000e+000  0.000000e+000  0.000000e+000  0.000000e+000  0.000000e+000  
0.000000e+000  0.000000e+000  0.000000e+000  0.000000e+000  0.000000e+000  0.000000e+000  0.000000e+000  0.000000e+000  0.000000e+000  
0.000000e+000  0.000000e+000  0.000000e+000  0.000000e+000  0.000000e+000  0.000000e+000  0.000000e+000  0.000000e+000  0.000000e+000  
0.000000e+000  0.000000e+000  0.000000e+000  0.000000e+000  0.000000e+000  0.000000e+000  0.000000e+000  0.000000e+000  0.000000e+000  
0.000000e+000  0.000000e+000  0.000000e+000  0.000000e+000  0.000000e+000  0.000000e+000  0.000000e+000  0.000000e+000  0.000000e+000  
0.000000e+000  0.000000e+000  0.000000e+000  0.000000e+000  0.000000e+000  0.000000e+000  0.000000e+000  0.000000e+000  0.000000e+000  
0.000000e+000  0.000000e+000  0.000000e+000  0.000000e+000  0.000000e+000  0.000000e+000  0.000000e+000  0.000000e+000  0.000000e+000  
0.000000e+000  0.000000e+000  0.000000e+000  0.000000e+000  0.000000e+000  0.000000e+000  0.000000e+000  0.000000e+000  0.000000e+000  
0.000000e+000  0.000000e+000  0.000000e+000  0.000000e+000  0.000000e+000  0.000000e+000  0.000000e+000  0.000000e+000  0.000000e+000  
0.000000e+000  0.000000e+000  0.000000e+000  0.000000e+000  0.000000e+000  0.000000e+000  0.000000e+000  0.000000e+000  0.000000e+000  
0.000000e+000  0.000000e+000  0.000000e+000  0.000000e+000  0.000000e+000  0.000000e+000  0.000000e+000  0.000000e+000  0.000000e+000  
0.000000e+000  0.000000e+000  0.000000e+000  0.000000e+000  0.000000e+000  0.000000e+000  0.000000e+000  0.000000e+000  0.000000e+000  
0.000000e+000  0.000000e+000  0.000000e+000  0.000000e+000  0.000000e+000  0.000000e+000  0.000000e+000  0.000000e+000  0.000000e+000  
0.000000e+000  0.000000e+000  0.000000e+000  0.000000e+000  0.000000e+000  0.000000e+000  0.000000e+000  0.000000e+000  0.000000e+000  
0.000000e+000  0.000000e+000  0.000000e+000  0.000000e+000  0.000000e+000  0.000000e+000  0.000000e+000  0.000000e+000  0.000000e+000  
0.000000e+000  0.000000e+000  0.000000e+000  0.000000e+000  0.000000e+000  0.000000e+000  0.000000e+000  0.000000e+000  0.000000e+000  
0.000000e+000  0.000000e+000  0.000000e+000  0.000000e+000  0.000000e+000  0.000000e+000  0.000000e+000  0.000000e+000  0.000000e+000  
0.000000e+000  0.000000e+000  0.000000e+000  0.000000e+000  0.000000e+000  0.000000e+000  0.000000e+000  0.000000e+000  0.000000e+000  
0.000000e+000  0.000000e+000  0.000000e+000  0.000000e+000  0.000000e+000  0.000000e+000  0.000000e+000  0.000000e+000  0.000000e+000  
0.000000e+000  0.000000e+000  0.000000e+000  0.000000e+000  0.000000e+000  0.000000e+000  0.000000e+000  0.000000e+000  0.000000e+000  
0.000000e+000  0.000000e+000  0.000000e+000  0.000000e+000  0.000000e+000  0.000000e+000  0.000000e+000  0.000000e+000  0.000000e+000  
0.000000e+000  0.000000e+000  0.000000e+000  0.000000e+000  0.000000e+000  0.000000e+000  0.000000e+000  0.000000e+000  0.000000e+000  
0.000000e+000  0.000000e+000  0.000000e+000  0.000000e+000  0.000000e+000  0.000000e+000  0.000000e+000  0.000000e+000  0.000000e+000  
0.000000e+000  0.000000e+000  0.000000e+000  0.000000e+000  0.000000e+000  0.000000e+000  0.000000e+000  0.000000e+000  0.000000e+000  
0.000000e+000  0.000000e+000  0.000000e+000  0.000000e+000  0.000000e+000  0.000000e+000  0.000000e+000  0.000000e+000  0.000000e+000  
0.000000e+000  0.000000e+000  0.000000e+000  0.000000e+000  0.000000e+000  0.000000e+000  0.000000e+000  0.000000e+000  0.000000e+000  
0.000000e+000  0.000000e+000  0.000000e+000  0.000000e+000  0.000000e+000  0.000000e+000  0.000000e+000  0.000000e+000  0.000000e+000  
0.000000e+000  0.000000e+000  0.000000e+000  0.000000e+000  0.000000e+000  0.000000e+000  0.000000e+000  0.000000e+000  0.000000e+000  
0.000000e+000  0.000000e+000  0.000000e+000  0.000000e+000  0.000000e+000  0.000000e+000  0.000000e+000  0.000000e+000  0.000000e+000  
0.000000e+000  0.000000e+000  0.000000e+000  0.000000e+000  0.000000e+000  0.000000e+000  0.000000e+000  0.000000e+000  0.000000e+000  
0.000000e+000  0.000000e+000  0.000000e+000  0.000000e+000  0.000000e+000  0.000000e+000  0.000000e+000  0.000000e+000  0.000000e+000  
0.000000e+000  0.000000e+000  0.000000e+000  0.000000e+000  0.000000e+000  0.000000e+000  0.000000e+000  0.000000e+000  0.000000e+000  
0.000000e+000  0.000000e+000  0.000000e+000  0.000000e+000  0.000000e+000  0.000000e+000  0.000000e+000  0.000000e+000  0.000000e+000  
0.000000e+000  0.000000e+000  0.000000e+000  0.000000e+000  0.000000e+000  0.000000e+000  0.000000e+000  0.000000e+000  0.000000e+000  
0.000000e+000  0.000000e+000  0.000000e+000  0.000000e+000  0.000000e+000  0.000000e+000  0.000000e+000  0.000000e+000  0.000000e+000  
0.000000e+000  0.000000e+000  0.000000e+000  0.000000e+000  0.000000e+000  0.000000e+000  0.000000e+000  0.000000e+000  0.000000e+000  
0.000000e+000  0.000000e+000  0.000000e+000  0.000000e+000  0.000000e+000  0.000000e+000  0.000000e+000  0.000000e+000  0.000000e+000  
0.000000e+000  0.000000e+000  0.000000e+000  0.000000e+000  0.000000e+000  0.000000e+000  0.000000e+000  0.000000e+000  0.000000e+000  
0.000000e+000  0.000000e+000  0.000000e+000  0.000000e+000  0.000000e+000  0.000000e+000  0.000000e+000  0.000000e+000  0.000000e+000  
0.000000e+000  0.000000e+000  0.000000e+000  0.000000e+000  0.000000e+000  0.000000e+000  0.000000e+000  0.000000e+000  0.000000e+000  
0.000000e+000  0.000000e+000  0.000000e+000  0.000000e+000  0.000000e+000  0.000000e+000  0.000000e+000  0.000000e+000  0.000000e+000  
0.000000e+000  0.000000e+000  0.000000e+000  0.000000e+000  0.000000e+000  0.000000e+000  0.000000e+000  0.000000e+000  0.000000e+000  
0.000000e+000  0.000000e+000  0.000000e+000  0.000000e+000  0.000000e+000  0.000000e+000  0.000000e+000  0.000000e+000  0.000000e+000  
0.000000e+000  0.000000e+000  0.000000e+000  0.000000e+000  0.000000e+000  0.000000e+000  0.000000e+000  0.000000e+000  0.000000e+000  
0.000000e+000  0.000000e+000  0.000000e+000  0.000000e+000  0.000000e+000  0.000000e+000  0.000000e+000  0.000000e+000  0.000000e+000  
0.000000e+000  0.000000e+000  0.000000e+000  0.000000e+000  0.000000e+000  0.000000e+000  0.000000e+000  0.000000e+000  0.000000e+000  
0.000000e+000  0.000000e+000  0.000000e+000  0.000000e+000  0.000000e+000  0.000000e+000  0.000000e+000  0.000000e+000  0.000000e+000  
0.000000e+000  0.000000e+000  0.000000e+000  0.000000e+000  0.000000e+000  0.000000e+000  0.000000e+000  0.000000e+000  0.000000e+000  
0.000000e+000  0.000000e+000  0.000000e+000  0.000000e+000  0.000000e+000  0.000000e+000  0.000000e+000  0.000000e+000  0.000000e+000  
0.000000e+000  0.000000e+000  0.000000e+000  0.000000e+000  0.000000e+000  0.000000e+000  0.000000e+000  0.000000e+000  0.000000e+000  
0.000000e+000  0.000000e+000  0.000000e+000  0.000000e+000  0.000000e+000  0.000000e+000  0.000000e+000  0.000000e+000  0.000000e+000  
0.000000e+000  0.000000e+000  0.000000e+000  0.000000e+000  0.000000e+000  0.000000e+000  0.000000e+000  0.000000e+000  0.000000e+000  
0.000000e+000  0.000000e+000  0.000000e+000  0.000000e+000  0.000000e+000  0.000000e+000  0.000000e+000  0.000000e+000  0.000000e+000  
0.000000e+000  0.000000e+000  0.000000e+000  0.000000e+000  0.000000e+000  0.000000e+000  0.000000e+000  0.000000e+000  0.000000e+000  
0.000000e+000  0.000000e+000  0.000000e+000  0.000000e+000  0.000000e+000  0.000000e+000  0.000000e+000  0.000000e+000  0.000000e+000  
0.000000e+000  0.000000e+000  0.000000e+000  0.000000e+000  0.000000e+000  0.000000e+000  0.000000e+000  0.000000e+000  0.000000e+000  
0.000000e+000  0.000000e+000  0.000000e+000  0.000000e+000  0.000000e+000  0.000000e+000  0.000000e+000  0.000000e+000  0.000000e+000  
0.000000e+000  0.000000e+000  0.000000e+000  0.000000e+000  0.000000e+000  0.000000e+000  0.000000e+000  0.000000e+000  0.000000e+000  
0.000000e+000  0.000000e+000  0.000000e+000  0.000000e+000  0.000000e+000  0.000000e+000  0.000000e+000  0.000000e+000  0.000000e+000  
0.000000e+000  0.000000e+000  0.000000e+000  0.000000e+000  0.000000e+000  0.000000e+000  0.000000e+000  0.000000e+000  0.000000e+000  
0.000000e+000  0.000000e+000  0.000000e+000  0.000000e+000  0.000000e+000  0.000000e+000  0.000000e+000  0.000000e+000  0.000000e+000  
0.000000e+000  0.000000e+000  0.000000e+000  0.000000e+000  0.000000e+000  0.000000e+000  0.000000e+000  0.000000e+000  0.000000e+000  
0.000000e+000  0.000000e+000  0.000000e+000  0.000000e+000  0.000000e+000  0.000000e+000  0.000000e+000  0.000000e+000  0.000000e+000  
0.000000e+000  0.000000e+000  0.000000e+000  0.000000e+000  0.000000e+000  0.000000e+000  0.000000e+000  0.000000e+000  0.000000e+000  
0.000000e+000  0.000000e+000  0.000000e+000  0.000000e+000  0.000000e+000  0.000000e+000  0.000000e+000  0.000000e+000  0.000000e+000  
0.000000e+000  0.000000e+000  0.000000e+000  0.000000e+000  0.000000e+000  0.000000e+000  0.000000e+000  0.000000e+000  0.000000e+000  
0.000000e+000  0.000000e+000  0.000000e+000  0.000000e+000  0.000000e+000  0.000000e+000  0.000000e+000  0.000000e+000  0.000000e+000  
0.000000e+000  0.000000e+000  0.000000e+000  0.000000e+000  0.000000e+000  0.000000e+000  0.000000e+000  0.000000e+000  0.000000e+000  
0.000000e+000  0.000000e+000  0.000000e+000  0.000000e+000  0.000000e+000  0.000000e+000  0.000000e+000  0.000000e+000  0.000000e+000  
0.000000e+000  0.000000e+000  0.000000e+000  0.000000e+000  0.000000e+000  0.000000e+000  0.000000e+000  0.000000e+000  0.000000e+000  
0.000000e+000  0.000000e+000  0.000000e+000  0.000000e+000  0.000000e+000  0.000000e+000  0.000000e+000  0.000000e+000  0.000000e+000  
0.000000e+000  0.000000e+000  0.000000e+000  0.000000e+000  0.000000e+000  0.000000e+000  0.000000e+000  0.000000e+000  0.000000e+000  
0.000000e+000  0.000000e+000  0.000000e+000  0.000000e+000  0.000000e+000  0.000000e+000  0.000000e+000  0.000000e+000  0.000000e+000  
0.000000e+000  0.000000e+000  0.000000e+000  0.000000e+000  0.000000e+000  0.000000e+000  0.000000e+000  0.000000e+000  0.000000e+000  
0.000000e+000  0.000000e+000  0.000000e+000  0.000000e+000  0.000000e+000  0.000000e+000  0.000000e+000  0.000000e+000  0.000000e+000  
0.000000e+000  0.000000e+000  0.000000e+000  0.000000e+000  0.000000e+000  0.000000e+000  0.000000e+000  0.000000e+000  0.000000e+000  
0.000000e+000  0.000000e+000  0.000000e+000  0.000000e+000  0.000000e+000  0.000000e+000  0.000000e+000  0.000000e+000  0.000000e+000  
0.000000e+000  0.000000e+000  0.000000e+000  0.000000e+000  0.000000e+000  0.000000e+000  0.000000e+000  0.000000e+000  0.000000e+000  
0.000000e+000  0.000000e+000  0.000000e+000  0.000000e+000  0.000000e+000  0.000000e+000  0.000000e+000  0.000000e+000  0.000000e+000  
0.000000e+000  0.000000e+000  0.000000e+000  0.000000e+000  0.000000e+000  0.000000e+000  0.000000e+000  0.000000e+000  0.000000e+000  
0.000000e+000  0.000000e+000  0.000000e+000  0.000000e+000  0.000000e+000  0.000000e+000  0.000000e+000  0.000000e+000  0.000000e+000  
0.000000e+000  0.000000e+000  0.000000e+000  0.000000e+000  0.000000e+000  0.000000e+000  0.000000e+000  0.000000e+000  0.000000e+000  
0.000000e+000  0.000000e+000  0.000000e+000  0.000000e+000  0.000000e+000  0.000000e+000  0.000000e+000  0.000000e+000  0.000000e+000  
0.000000e+000  0.000000e+000  0.000000e+000  0.000000e+000  0.000000e+000  0.000000e+000  0.000000e+000  0.000000e+000  0.000000e+000  
0.000000e+000  0.000000e+000  0.000000e+000  0.000000e+000  0.000000e+000  0.000000e+000  0.000000e+000  0.000000e+000  0.000000e+000  
0.000000e+000  0.000000e+000  0.000000e+000  0.000000e+000  0.000000e+000  0.000000e+000  0.000000e+000  0.000000e+000  0.000000e+000  
0.000000e+000  0.000000e+000  0.000000e+000  0.000000e+000  0.000000e+000  0.000000e+000  0.000000e+000  0.000000e+000  0.000000e+000  
0.000000e+000  0.000000e+000  0.000000e+000  0.000000e+000  0.000000e+000  0.000000e+000  0.000000e+000  0.000000e+000  0.000000e+000  
0.000000e+000  0.000000e+000  0.000000e+000  0.000000e+000  0.000000e+000  0.000000e+000  0.000000e+000  0.000000e+000  0.000000e+000  
0.000000e+000  0.000000e+000  0.000000e+000  0.000000e+000  0.000000e+000  0.000000e+000  0.000000e+000  0.000000e+000  0.000000e+000  
0.000000e+000  0.000000e+000  0.000000e+000  0.000000e+000  0.000000e+000  0.000000e+000  0.000000e+000  0.000000e+000  0.000000e+000  
0.000000e+000  0.000000e+000  0.000000e+000  0.000000e+000  0.000000e+000  0.000000e+000  0.000000e+000  0.000000e+000  0.000000e+000  
0.000000e+000  0.000000e+000  0.000000e+000  0.000000e+000  0.000000e+000  0.000000e+000  0.000000e+000  0.000000e+000  0.000000e+000  

5.379414e-012  4.853350e-012  3.536792e-011  4.025085e-011  2.160492e-011  2.180129e-011  2.001262e-011  1.436150e-011  0.000000e+000  
7.453834e-011  7.121234e-011  5.377314e-011  6.122771e-011  6.716447e-011  6.732343e-011  6.110813e-011  4.288867e-011  0.000000e+000  
6.946482e-011  1.687935e-010  7.450947e-011  8.602093e-011  9.410489e-011  9.336619e-011  8.401229e-011  5.827347e-011  0.000000e+000  
4.888127e-011  3.520142e-011  1.077508e-010  1.252187e-010  1.341760e-010  1.302139e-010  1.154551e-010  7.877187e-011  0.000000e+000  
3.120861e-011  4.058462e-011  1.884262e-010  1.935358e-010  1.933508e-010  1.813499e-010  1.579637e-010  1.059107e-010  0.000000e+000  
1.694716e-011  2.045346e-011  2.846204e-010  2.811111e-010  2.714136e-010  2.486411e-010  2.137302e-010  1.413498e-010  0.000000e+000  
9.165757e-012  1.087247e-011  3.909068e-010  3.836202e-010  3.668884e-010  3.327400e-010  2.840335e-010  1.862995e-010  0.000000e+000  
-2.208565e-011  4.589727e-011  6.190738e-010  6.065795e-010  5.776878e-010  5.209741e-010  4.426430e-010  2.884065e-010  0.000000e+000  
0.000000e+000  0.000000e+000  1.213263e-009  1.188494e-009  1.131183e-009  1.019020e-009  8.648650e-010  5.624672e-010  0.000000e+000  
0.000000e+000  0.000000e+000  2.389716e-009  2.340930e-009  2.227844e-009  2.006579e-009  1.702736e-009  1.107070e-009  0.000000e+000  
0.000000e+000  0.000000e+000  4.667152e-009  4.571916e-009  4.350913e-009  3.918492e-009  3.324925e-009  2.161533e-009  0.000000e+000  
0.000000e+000  0.000000e+000  9.093438e-009  8.907991e-009  8.477083e-009  7.633989e-009  6.477229e-009  4.210525e-009  0.000000e+000  
0.000000e+000  0.000000e+000  1.770341e-008  1.734264e-008  1.650314e-008  1.486062e-008  1.260804e-008  8.195135e-009  0.000000e+000  
0.000000e+000  0.000000e+000  3.445237e-008  3.375083e-008  3.211575e-008  2.891682e-008  2.453195e-008  1.594405e-008  0.000000e+000  
0.000000e+000  0.000000e+000  6.702758e-008  6.566390e-008  6.248001e-008  5.625122e-008  4.771789e-008  3.101010e-008  0.000000e+000  
0.000000e+000  0.000000e+000  1.303649e-007  1.277151e-007  1.215166e-007  1.093909e-007  9.278883e-008  6.029317e-008  0.000000e+000  
0.000000e+000  0.000000e+000  2.534734e-007  2.483267e-007  2.362622e-007  2.126622e-007  1.803709e-007  1.171885e-007  0.000000e+000  
0.000000e+000  0.000000e+000  4.926721e-007  4.826798e-007  4.592033e-007  4.132824e-007  3.504945e-007  2.276884e-007  0.000000e+000  
0.000000e+000  0.000000e+000  9.572464e-007  9.378557e-007  8.921844e-007  8.028555e-007  6.808100e-007  4.422022e-007  0.000000e+000  
0.000000e+000  0.000000e+000  1.859151e-006  1.821542e-006  1.732718e-006  1.558999e-006  1.321856e-006  8.584373e-007  0.000000e+000  
0.000000e+000  0.000000e+000  3.609226e-006  3.536323e-006  3.363629e-006  3.025903e-006  2.565302e-006  1.665656e-006  0.000000e+000  
0.000000e+000  0.000000e+000  6.874204e-006  6.735574e-006  6.406127e-006  5.761906e-006  4.884168e-006  3.170691e-006  0.000000e+000  
0.000000e+000  0.000000e+000  1.089061e-005  1.067127e-005  1.014864e-005  9.126723e-006  7.735531e-006  5.020928e-006  0.000000e+000  
0.000000e+000  0.000000e+000  1.374145e-005  1.346488e-005  1.280501e-005  1.151479e-005  9.759039e-006  6.333837e-006  0.000000e+000  
0.000000e+000  0.000000e+000  1.737698e-005  1.702749e-005  1.619245e-005  1.455979e-005  1.233902e-005  8.007629e-006  0.000000e+000  
0.000000e+000  0.000000e+000  2.201800e-005  2.157549e-005  2.051665e-005  1.844649e-005  1.563190e-005  1.014371e-005  0.000000e+000  
0.000000e+000  0.000000e+000  2.794349e-005  2.738233e-005  2.603750e-005  2.340829e-005  1.983532e-005  1.287014e-005  0.000000e+000  
0.000000e+000  0.000000e+000  3.548017e-005  3.476823e-005  3.305931e-005  2.971842e-005  2.518056e-005  1.633682e-005  0.000000e+000  
0.000000e+000  0.000000e+000  5.308952e-005  5.202564e-005  4.946523e-005  4.446001e-005  3.766700e-005  2.443402e-005  0.000000e+000  
0.000000e+000  0.000000e+000  1.022671e-004  1.002227e-004  9.527864e-005  8.561487e-005  7.251883e-005  4.702812e-005  0.000000e+000  
0.000000e+000  0.000000e+000  2.012444e-004  1.972326e-004  1.874769e-004  1.684109e-004  1.426166e-004  9.245543e-005  0.000000e+000  
0.000000e+000  0.000000e+000  3.946629e-004  3.868192e-004  3.676297e-004  3.301322e-004  2.794956e-004  1.811245e-004  0.000000e+000  
0.000000e+000  0.000000e+000  7.726991e-004  7.573940e-004  7.196975e-004  6.460489e-004  5.467967e-004  3.541992e-004  0.000000e+000  
0.000000e+000  0.000000e+000  1.510914e-003  1.481098e-003  1.407110e-003  1.262585e-003  1.068260e-003  6.916574e-004  0.000000e+000  
0.000000e+000  0.000000e+000  2.950669e-003  2.892675e-003  2.747558e-003  2.464159e-003  2.084089e-003  1.348592e-003  0.000000e+000  
0.000000e+000  0.000000e+000  5.754686e-003  5.642051e-003  5.357557e-003  4.802141e-003  4.059483e-003  2.624877e-003  0.000000e+000  
0.000000e+000  0.000000e+000  1.120785e-002  1.098929e-002  1.043143e-002  9.342828e-003  7.892535e-003  5.097584e-003  0.000000e+000  
0.000000e+000  0.000000e+000  2.180042e-002  2.137602e-002  2.027963e-002  1.814208e-002  1.530839e-002  9.867270e-003  0.000000e+000  
0.000000e+000  0.000000e+000  4.237210e-002  4.154349e-002  3.937189e-002  3.514634e-002  2.958928e-002  1.899086e-002  0.000000e+000  
0.000000e+000  0.000000e+000  8.243155e-002  8.078655e-002  7.638816e-002  6.786869e-002  5.684080e-002  3.611829e-002  0.000000e+000  
0.000000e+000  0.000000e+000  1.612172e-001  1.578323e-001  1.483941e-001  1.302924e-001  1.077135e-001  6.678427e-002  0.000000e+000  
0.000000e+000  0.000000e+000  3.146743e-001  3.077026e-001  2.851384e-001  2.424244e-001  1.938049e-001  1.131351e-001  0.000000e+000  
0.000000e+000  0.000000e+000  5.153927e-001  5.076792e-001  4.575115e-001  3.614617e-001  2.698054e-001  1.411894e-001  0.000000e+000  
0.000000e+000  0.000000e+000  6.463838e-001  6.495565e-001  5.731509e-001  4.230722e-001  2.991396e-001  1.456259e-001  0.000000e+000  
0.000000e+000  0.000000e+000  7.660593e-001  8.179167e-001  6.970095e-001  4.544421e-001  2.956104e-001  1.313259e-001  0.000000e+000  
0.000000e+000  0.000000e+000  7.330207e-001  9.068370e-001  7.292833e-001  3.929620e-001  2.336775e-001  9.641441e-002  0.000000e+000  
0.000000e+000  0.000000e+000  4.258539e-001  4.909218e-001  3.822928e-001  2.227633e-001  1.323223e-001  5.303863e-002  0.000000e+000  
0.000000e+000  0.000000e+000  -1.520264e-011  0.000000e+000  -5.188293e-012  -4.459890e-012  -3.519066e-012  0.000000e+000  0.000000e+000  
0.000000e+000  0.000000e+000  -4.258539e-001  -4.909218e-001  -3.822928e-001  -2.227633e-001  -1.323223e-001  -5.303863e-002  0.000000e+000  
0.000000e+000  0.000000e+000  -7.330207e-001  -9.068370e-001  -7.292833e-001  -3.929620e-001  -2.336775e-001  -9.641441e-002  0.000000e+000  
0.000000e+000  0.000000e+000  -7.660593e-001  -8.179167e-001  -6.970095e-001  -4.544421e-001  -2.956104e-001  -1.313259e-001  0.000000e+000  
0.000000e+000  0.000000e+000  -6.463838e-001  -6.495565e-001  -5.731509e-001  -4.230722e-001  -2.991396e-001  -1.456259e-001  0.000000e+000  
0.000000e+000  0.000000e+000  -5.153927e-001  -5.076792e-001  -4.575115e-001  -3.614617e-001  -2.698054e-001  -1.411894e-001  0.000000e+000  
0.000000e+000  0.000000e+000  -3.146743e-001  -3.077026e-001  -2.851384e-001  -2.424244e-001  -1.938049e-001  -1.131351e-001  0.000000e+000  
0.000000e+000  0.000000e+000  -1.612172e-001  -1.578323e-001  -1.483941e-001  -1.302924e-001  -1.077135e-001  -6.678427e-002  0.000000e+000  
0.000000e+000  0.000000e+000  -8.243155e-002  -8.078655e-002  -7.638816e-002  -6.786869e-002  -5.684080e-002  -3.611829e-002  0.000000e+000  
0.000000e+000  0.000000e+000  -4.237210e-002  -4.154349e-002  -3.937189e-002  -3.514634e-002  -2.958928e-002  -1.899086e-002  0.000000e+000  
0.000000e+000  0.000000e+000  -2.180042e-002  -2.137602e-002  -2.027963e-002  -1.814208e-002  -1.530839e-002  -9.867270e-003  0.000000e+000  
0.000000e+000  0.000000e+000  -1.120785e-002  -1.098929e-002  -1.043143e-002  -9.342828e-003  -7.892535e-003  -5.097584e-003  0.000000e+000  
0.000000e+000  0.000000e+000  -5.754686e-003  -5.642051e-003  -5.357557e-003  -4.802141e-003  -4.059483e-003  -2.624877e-003  0.000000e+000  
0.000000e+000  0.000000e+000  -2.950669e-003  -2.892675e-003  -2.747558e-003  -2.464159e-003  -2.084089e-003  -1.348592e-003  0.000000e+000  
0.000000e+000  0.000000e+000  -1.510914e-003  -1.481098e-003  -1.407110e-003  -1.262585e-003  -1.068260e-003  -6.916574e-004  0.000000e+000  
0.000000e+000  0.000000e+000  -7.726991e-004  -7.573940e-004  -7.196975e-004  -6.460489e-004  -5.467967e-004  -3.541992e-004  0.000000e+000  
0.000000e+000  0.000000e+000  -3.946629e-004  -3.868192e-004  -3.676297e-004  -3.301322e-004  -2.794956e-004  -1.811245e-004  0.000000e+000  
0.000000e+000  0.000000e+000  -2.012444e-004  -1.972326e-004  -1.874769e-004  -1.684109e-004  -1.426166e-004  -9.245543e-005  0.000000e+000  
0.000000e+000  0.000000e+000  -1.022671e-004  -1.002227e-004  -9.527864e-005  -8.561487e-005  -7.251883e-005  -4.702812e-005  0.000000e+000  
0.000000e+000  0.000000e+000  -5.308952e-005  -5.202564e-005  -4.946523e-005  -4.446001e-005  -3.766700e-005  -2.443402e-005  0.000000e+000  
0.000000e+000  0.000000e+000  -3.548017e-005  -3.476823e-005  -3.305931e-005  -2.971842e-005  -2.518056e-005  -1.633682e-005  0.000000e+000  
0.000000e+000  0.000000e+000  -2.794349e-005  -2.738233e-005  -2.603750e-005  -2.340829e-005  -1.983532e-005  -1.287014e-005  0.000000e+000  
0.000000e+000  0.000000e+000  -2.201800e-005  -2.157549e-005  -2.051665e-005  -1.844649e-005  -1.563190e-005  -1.014371e-005  0.000000e+000  
0.000000e+000  0.000000e+000  -1.737698e-005  -1.702749e-005  -1.619245e-005  -1.455979e-005  -1.233902e-005  -8.007629e-006  0.000000e+000  
0.000000e+000  0.000000e+000  -1.374145e-005  -1.346488e-005  -1.280501e-005  -1.151479e-005  -9.759039e-006  -6.333837e-006  0.000000e+000  
0.000000e+000  0.000000e+000  -1.089061e-005  -1.067127e-005  -1.014864e-005  -9.126723e-006  -7.735531e-006  -5.020928e-006  0.000000e+000  
0.000000e+000  0.000000e+000  -6.874204e-006  -6.735574e-006  -6.406127e-006  -5.761906e-006  -4.884168e-006  -3.170691e-006  0.000000e+000  
0.000000e+000  0.000000e+000  -3.609226e-006  -3.536323e-006  -3.363629e-006  -3.025903e-006  -2.565302e-006  -1.665656e-006  0.000000e+000  
0.000000e+000  0.000000e+000  -1.859151e-006  -1.821542e-006  -1.732718e-006  -1.558999e-006  -1.321856e-006  -8.584373e-007  0.000000e+000  
0.000000e+000  0.000000e+000  -9.572463e-007  -9.378557e-007  -8.921844e-007  -8.028555e-007  -6.808100e-007  -4.422022e-007  0.000000e+000  
0.000000e+000  0.000000e+000  -4.926721e-007  -4.826798e-007  -4.592033e-007  -4.132824e-007  -3.504945e-007  -2.276884e-007  0.000000e+000  
0.000000e+000  0.000000e+000  -2.534734e-007  -2.483267e-007  -2.362622e-007  -2.126622e-007  -1.803709e-007  -1.171885e-007  0.000000e+000  
0.000000e+000  0.000000e+000  -1.303648e-007  -1.277150e-007  -1.215166e-007  -1.093909e-007  -9.278879e-008  -6.029315e-008  0.000000e+000  
0.000000e+000  0.000000e+000  -6.702754e-008  -6.566386e-008  -6.247997e-008  -5.625119e-008  -4.771787e-008  -3.101009e-008  0.000000e+000  
0.000000e+000  0.000000e+000  -3.445238e-008  -3.375085e-008  -3.211577e-008  -2.891683e-008  -2.453195e-008  -1.594405e-008  0.000000e+000  
0.000000e+000  0.000000e+000  -1.770337e-008  -1.734259e-008  -1.650309e-008  -1.486057e-008  -1.260800e-008  -8.195101e-009  0.000000e+000  
0.000000e+000  0.000000e+000  -9.093375e-009  -8.907927e-009  -8.477034e-009  -7.633950e-009  -6.477200e-009  -4.210504e-009  0.000000e+000  
0.000000e+000  0.000000e+000  -4.667239e-009  -4.571992e-009  -4.350986e-009  -3.918550e-009  -3.324976e-009  -2.161584e-009  0.000000e+000  
0.000000e+000  0.000000e+000  -2.389820e-009  -2.341032e-009  -2.227950e-009  -2.006686e-009  -1.702825e-009  -1.107109e-009  0.000000e+000  
0.000000e+000  0.000000e+000  -1.213275e-009  -1.188504e-009  -1.131191e-009  -1.019011e-009  -8.648535e-010  -5.624657e-010  0.000000e+000  
2.207615e-011  -4.587142e-011  -6.190634e-010  -6.065399e-010  -5.776684e-010  -5.209621e-010  -4.426383e-010  -2.884008e-010  0.000000e+000  
-9.208239e-012  -1.091163e-011  -3.909161e-010  -3.836646e-010  -3.669274e-010  -3.327665e-010  -2.840784e-010  -1.863229e-010  0.000000e+000  
-1.698178e-011  -2.046603e-011  -2.847179e-010  -2.810993e-010  -2.714884e-010  -2.487126e-010  -2.137752e-010  -1.413881e-010  0.000000e+000  
-3.121763e-011  -4.057553e-011  -1.884563e-010  -1.936037e-010  -1.934336e-010  -1.813984e-010  -1.580205e-010  -1.059549e-010  0.000000e+000  
-4.885050e-011  -3.525064e-011  -1.076696e-010  -1.253224e-010  -1.342006e-010  -1.302842e-010  -1.155032e-010  -7.881808e-011  0.000000e+000  
-6.938975e-011  -1.686920e-010  -7.468914e-011  -8.601208e-011  -9.418419e-011  -9.343274e-011  -8.404104e-011  -5.832849e-011  0.000000e+000  
-7.452947e-011  -7.123320e-011  -5.379486e-011  -6.128116e-011  -6.723031e-011  -6.735277e-011  -6.115102e-011  -4.292450e-011  0.000000e+000  
-5.387572e-012  -4.865792e-012  -3.532666e-011  -4.020144e-011  -2.158723e-011  -2.178105e-011  -1.998988e-011  -1.434499e-011  0.000000e+000  
0.000000e+000  0.000000e+000  0.000000e+000  0.000000e+000  0.000000e+000  0.000000e+000  0.000000e+000  0.000000e+000  0.000000e+000  

