Defined reference frequency for open boundary condition (1.8 GHz) is larger
than the lowest relevant system frequency (monitor at 0.698 GHz).
Please check open boundary settings to ensure accurate monitor results for the
lowest frequency of interest.

--------------------------------------------------------------------------------
Build version: 2015.0 Release from 2015-01-16 (change 344899)

Starting adaptive port meshing.

--------------------------------------------------------------------------------
Mode calculation for port 1:

--------------------------------------------------------------------------------

--------------------------------------------------------------------------------

--------------------------------------------------------------------------------
Number of mesh faces filled with PEC due to fill limit restrictions: 0

--------------------------------------------------------------------------------
Port mode solver: Detected dispersive material(s) at port 1. 
Using a constant approximation of dispersive material(s) at 1.8GHz and
neglecting loss terms. 

--------------------------------------------------------------------------------
  -------------------------------- F-Calc 1.8 --------------------------------
  Port   Mode   Type        Z-Wave        Z-Wave-Sigma  Z-Line        F-Cutoff
  1      1      QTEM        205           1.38e-009     48            ---
  ----------------------------------------------------------------------------

Pass 1 successfully completed. 

--------------------------------------------------------------------------------

--------------------------------------------------------------------------------
*** Warning ***

Solver run aborted by user.

--------------------------------------------------------------------------------
Defined reference frequency for open boundary condition (1.8 GHz) is larger
than the lowest relevant system frequency (monitor at 0.698 GHz).
Please check open boundary settings to ensure accurate monitor results for the
lowest frequency of interest.

--------------------------------------------------------------------------------
Adaptation results were found. Adaptive port meshing skipped.

--------------------------------------------------------------------------------

Solver started at: 10:54 AM Tuesday, 11. August 2020

  Module:  Time Domain: S-Parameter (Win 64)
  Version: 2015.0 Release from 2015-01-16 (change 344899)


--------------------------------------------------------------------------------

--------------------------------------------------------------------------------
======================================================================
 Solver cycle: 1
======================================================================

Stimulation at port 1 (mode 1) 


--------------------------------------------------------------------------------
Units settings: 

  Dimensions: mm
  Frequency:  GHz
  Time:       ns

--------------------------------------------------------------------------------
Number of mesh faces filled with PEC due to fill limit restrictions: 0

--------------------------------------------------------------------------------
Mesh statistics:

   Hexahedral mesh type: FPBA [accuracy enhancement is enabled]

   Parallelization type: domain decomposition
      Number of parallel working threads: 2
      Number of calculation domains used: 2


--------------------------------------------------------------------------------
Port mode solver: Detected dispersive material(s) at port 1. 
Using a constant approximation of dispersive material(s) at 1.8GHz and
neglecting loss terms. 

--------------------------------------------------------------------------------
Boundary conditions: 

  YZsymmetry: none
  XZsymmetry: none
  XYsymmetry: none

  Xmin: expanded open, 4 Layer, depth 33.3103 mm
  Xmax: expanded open, 4 Layer, depth 33.3103 mm

  Ymin: expanded open, 4 Layer, depth 33.3103 mm
  Ymax: expanded open, 4 Layer, depth 33.3103 mm

  Zmin: expanded open, 4 Layer, depth 30.708 mm
  Zmax: expanded open, 4 Layer, depth 33.3103 mm

  PML-Type: Convolution PML

--------------------------------------------------------------------------------
Frequency settings: 

  Fmin:    0
  Fmax:    3.6
  Nfsteps: 1001

--------------------------------------------------------------------------------
Waveguide boundaries:

Port: 1

  -------------------------------- F-Calc 1.8 --------------------------------
  Port   Mode   Type        Z-Wave        Z-Wave-Sigma  Z-Line        F-Cutoff
  1      1      QTEM        204           1.43e-009     48            ---
  ----------------------------------------------------------------------------

Field update statistics:

  Number of components in total: 	1005577
  Number of lossy metal components:	18178
  Number of disp. elements:		37336

Subcycling state:      Automatically deactivated

--------------------------------------------------------------------------------

--------------------------------------------------------------------------------

--------------------------------------------------------------------------------
Steady state energy criterion met, solver finished successfully.

--------------------------------------------------------------------------------
Frequency domain results normalized to default signal.

--------------------------------------------------------------------------------

  ----------------------------------------------------------------------------
                      Peak memory used (kB)         Free physical memory (kB) 
                                                    At begin     Minimum      
  ----------------------------------------------------------------------------
  Matrices calc.      244264                        9129212      8942420      
  Solver run total    400692                        9204172      8721268      
  ----------------------------------------------------------------------------

--------------------------------------------------------------------------------
Solver Statistics:

  Hardware:
     Computer name:                 	DESKTOP-S1T4ESL 

     Number of CPU threads:             4
     hardware info:                  	hardware acceleration not activated

  Number of mesh cells:             	161700
  Excitation duration:              	9.87374652e-001 ns 
  Calculation time for excitation:  	2      	s
  Number of calculated pulse widths:	19.4323 
  Steady state accuracy limit:      	-30	dB 
  Simulated number of time steps:   	9600   
  Maximum number of time steps:     	9880   
  Time step width:
     without subcycles:             	1.99864130e-003 ns
     used:                          	1.99864130e-003 ns

  Matrix calculation time:          	14     	s
  Solver setup time:                	4      	s
  Solver loop time:                 	50     	s
  Solver post processing time:      	11     	s
                                    	------------
  Total solver time:                	79     	s  ( = 0 h, 1 m, 19 s )

--------------------------------------------------------------------------------

  Adaptive port meshing time:       	0      	s
  Total solver time (all cycles):   	79     	s  ( = 0 h, 1 m, 19 s )
                                    	------------
  Total simulation time:            	79     	s  ( = 0 h, 1 m, 19 s )

--------------------------------------------------------------------------------
Solver finished at: 10:56 AM Tuesday, 11. August 2020


--------------------------------------------------------------------------------
Creating parametric 1D results.

--------------------------------------------------------------------------------
