Port monitor named: Port1_e1.prt

nx        = 106
ny        = 78
nz        = 21

nu        = 9
nv        = 96
iu        = 8
iv        = 6

idir      = 1
dcut      = -1.030000e-001
icut      = 6
type      = 0
frequency = 1.800000e+009

fcutoff   = 0.000000e+000
alpha     = 0.000000e+000
beta      = 6.981078e+001
accuracy  = 5.876393e-014

type          = QTEM
wave imp.     = 2.044849e+002
wave imp.sig. = 1.433592e-009
line imp.     = 4.796610e+001

ref. port     = 0

-0.000000e+000  -0.000000e+000  -0.000000e+000  -0.000000e+000  -0.000000e+000  -1.317499e-009  -0.000000e+000  -9.437902e-010  -0.000000e+000  
-0.000000e+000  -0.000000e+000  -0.000000e+000  -2.499750e-009  -3.152946e-009  -3.418945e-009  -3.187773e-009  -2.224877e-009  -0.000000e+000  
-0.000000e+000  -0.000000e+000  -2.490849e-009  -3.809045e-009  -5.245104e-009  -5.467855e-009  -4.824556e-009  -3.107846e-009  -0.000000e+000  
-0.000000e+000  -0.000000e+000  -2.584360e-009  -5.672297e-009  -9.164156e-009  -8.571887e-009  -7.004346e-009  -4.179590e-009  -0.000000e+000  
3.835801e-009  1.159393e-008  -9.368766e-009  -8.528165e-009  -1.883999e-008  -1.288124e-008  -9.469616e-009  -5.330116e-009  -0.000000e+000  
1.989045e-009  4.769587e-009  -6.976293e-009  -5.503994e-009  -1.791227e-008  -1.425962e-008  -1.106559e-008  -6.428452e-009  -0.000000e+000  
-0.000000e+000  -0.000000e+000  -5.050090e-009  -4.522725e-009  -1.749609e-008  -1.516001e-008  -1.237977e-008  -7.550648e-009  -0.000000e+000  
-0.000000e+000  -0.000000e+000  -4.684071e-009  -4.453789e-009  -1.849495e-008  -1.671398e-008  -1.408767e-008  -8.921699e-009  -0.000000e+000  
-0.000000e+000  -0.000000e+000  -6.874080e-009  -6.680713e-009  -2.843348e-008  -2.623587e-008  -2.257812e-008  -1.478419e-008  -0.000000e+000  
-0.000000e+000  -0.000000e+000  -1.350039e-008  -1.314071e-008  -5.602693e-008  -5.180561e-008  -4.469647e-008  -2.940683e-008  -0.000000e+000  
-0.000000e+000  -0.000000e+000  -2.832699e-008  -2.757512e-008  -1.175830e-007  -1.087404e-007  -9.383806e-008  -6.176727e-008  -0.000000e+000  
-0.000000e+000  -0.000000e+000  -6.030308e-008  -5.870226e-008  -2.503123e-007  -2.314919e-007  -1.997714e-007  -1.315004e-007  -0.000000e+000  
-0.000000e+000  -0.000000e+000  -1.287767e-007  -1.253587e-007  -5.345439e-007  -4.943521e-007  -4.266119e-007  -2.808202e-007  -0.000000e+000  
-0.000000e+000  -0.000000e+000  -2.751905e-007  -2.678875e-007  -1.142307e-006  -1.056417e-006  -9.116562e-007  -6.001067e-007  -0.000000e+000  
-0.000000e+000  -0.000000e+000  -5.881647e-007  -5.725553e-007  -2.441447e-006  -2.257876e-006  -1.948480e-006  -1.282604e-006  -0.000000e+000  
-0.000000e+000  -0.000000e+000  -1.257123e-006  -1.223761e-006  -5.218274e-006  -4.825913e-006  -4.164620e-006  -2.741399e-006  -0.000000e+000  
-0.000000e+000  -0.000000e+000  -2.686959e-006  -2.615650e-006  -1.115346e-005  -1.031484e-005  -8.901402e-006  -5.859427e-006  -0.000000e+000  
-0.000000e+000  -0.000000e+000  -5.743078e-006  -5.590663e-006  -2.383930e-005  -2.204683e-005  -1.902577e-005  -1.252388e-005  -0.000000e+000  
-0.000000e+000  -0.000000e+000  -1.227520e-005  -1.194943e-005  -5.095390e-005  -4.712269e-005  -4.066549e-005  -2.676842e-005  -0.000000e+000  
-0.000000e+000  -0.000000e+000  -2.623690e-005  -2.554061e-005  -1.089084e-004  -1.007196e-004  -8.691805e-005  -5.721458e-005  -0.000000e+000  
-0.000000e+000  -0.000000e+000  -5.607852e-005  -5.459026e-005  -2.327798e-004  -2.152772e-004  -1.857778e-004  -1.222899e-004  -0.000000e+000  
-0.000000e+000  -0.000000e+000  -1.198617e-004  -1.166807e-004  -4.975414e-004  -4.601315e-004  -3.970799e-004  -2.613813e-004  -0.000000e+000  
-0.000000e+000  -0.000000e+000  -2.432695e-004  -2.368134e-004  -1.009803e-003  -9.338760e-004  -8.059074e-004  -5.304956e-004  -0.000000e+000  
-0.000000e+000  -0.000000e+000  -3.240439e-004  -3.154441e-004  -1.345094e-003  -1.243957e-003  -1.073498e-003  -7.066395e-004  -0.000000e+000  
-0.000000e+000  -0.000000e+000  -4.294983e-004  -4.180999e-004  -1.782831e-003  -1.648781e-003  -1.422849e-003  -9.366028e-004  -0.000000e+000  
-0.000000e+000  -0.000000e+000  -5.676644e-004  -5.525992e-004  -2.356353e-003  -2.179180e-003  -1.880568e-003  -1.237900e-003  -0.000000e+000  
-0.000000e+000  -0.000000e+000  -7.502876e-004  -7.303758e-004  -3.114415e-003  -2.880244e-003  -2.485565e-003  -1.636145e-003  -0.000000e+000  
-0.000000e+000  -0.000000e+000  -9.907444e-004  -9.644512e-004  -4.112542e-003  -3.803322e-003  -3.282154e-003  -2.160506e-003  -0.000000e+000  
-0.000000e+000  -0.000000e+000  -1.307570e-003  -1.272868e-003  -5.427672e-003  -5.019567e-003  -4.331738e-003  -2.851404e-003  -0.000000e+000  
-0.000000e+000  -0.000000e+000  -2.651139e-003  -2.580781e-003  -1.100477e-002  -1.017733e-002  -8.782731e-003  -5.781306e-003  -0.000000e+000  
-0.000000e+000  -0.000000e+000  -5.710158e-003  -5.558615e-003  -2.370264e-002  -2.192043e-002  -1.891667e-002  -1.245204e-002  -0.000000e+000  
-0.000000e+000  -0.000000e+000  -1.237926e-002  -1.205072e-002  -5.138577e-002  -4.752203e-002  -4.101001e-002  -2.699506e-002  -0.000000e+000  
-0.000000e+000  -0.000000e+000  -2.687492e-002  -2.616164e-002  -1.115563e-001  -1.031680e-001  -8.903038e-002  -5.860413e-002  -0.000000e+000  
-0.000000e+000  -0.000000e+000  -5.836247e-002  -5.681331e-002  -2.422576e-001  -2.240397e-001  -1.933361e-001  -1.272597e-001  -0.000000e+000  
-0.000000e+000  -0.000000e+000  -1.267547e-001  -1.233890e-001  -5.261368e-001  -4.865605e-001  -4.198653e-001  -2.763458e-001  -0.000000e+000  
-0.000000e+000  -0.000000e+000  -2.753267e-001  -2.680089e-001  -1.142764e+000  -1.056739e+000  -9.117976e-001  -5.999877e-001  -0.000000e+000  
-0.000000e+000  -0.000000e+000  -5.982348e-001  -5.822894e-001  -2.482578e+000  -2.295285e+000  -1.979918e+000  -1.301997e+000  -0.000000e+000  
-0.000000e+000  -0.000000e+000  -1.301057e+000  -1.266086e+000  -5.396337e+000  -4.986651e+000  -4.298098e+000  -2.821263e+000  -0.000000e+000  
-0.000000e+000  -0.000000e+000  -2.837334e+000  -2.759083e+000  -1.174915e+001  -1.084077e+001  -9.322780e+000  -6.088012e+000  -0.000000e+000  
-0.000000e+000  -0.000000e+000  -6.240225e+000  -6.053372e+000  -2.570010e+001  -2.360560e+001  -2.016871e+001  -1.298307e+001  -0.000000e+000  
-0.000000e+000  -0.000000e+000  -1.411239e+001  -1.356441e+001  -5.695548e+001  -5.157348e+001  -4.324400e+001  -2.676049e+001  -0.000000e+000  
-0.000000e+000  -0.000000e+000  -3.518550e+001  -3.257216e+001  -1.306967e+002  -1.129084e+002  -8.959044e+001  -4.974484e+001  -0.000000e+000  
-0.000000e+000  -0.000000e+000  -1.124253e+002  -9.171470e+001  -3.076759e+002  -2.275891e+002  -1.531752e+002  -6.192621e+001  -0.000000e+000  
-0.000000e+000  -0.000000e+000  -2.552165e+002  -1.806822e+002  -4.457617e+002  -2.600427e+002  -1.389945e+002  -3.582771e+001  -0.000000e+000  
-0.000000e+000  -0.000000e+000  -6.214889e+002  -4.015295e+002  -5.904167e+002  -2.124778e+002  -5.458633e+001  1.820146e+001  -0.000000e+000  
-0.000000e+000  -0.000000e+000  -1.647641e+003  -1.155502e+003  -4.415084e+002  1.118212e+002  1.712850e+002  1.034806e+002  -0.000000e+000  
-0.000000e+000  -0.000000e+000  -3.302373e+003  -3.838603e+003  1.634142e+003  7.331408e+002  4.147621e+002  1.667233e+002  -0.000000e+000  
-0.000000e+000  -0.000000e+000  -4.131518e+003  -4.613070e+003  1.739945e+003  9.763545e+002  5.566345e+002  2.074307e+002  -0.000000e+000  
-0.000000e+000  -0.000000e+000  -4.131518e+003  -4.613070e+003  1.739945e+003  9.763545e+002  5.566345e+002  2.074307e+002  -0.000000e+000  
-0.000000e+000  -0.000000e+000  -3.302373e+003  -3.838603e+003  1.634142e+003  7.331408e+002  4.147621e+002  1.667233e+002  -0.000000e+000  
-0.000000e+000  -0.000000e+000  -1.647641e+003  -1.155502e+003  -4.415084e+002  1.118212e+002  1.712850e+002  1.034806e+002  -0.000000e+000  
-0.000000e+000  -0.000000e+000  -6.214889e+002  -4.015295e+002  -5.904167e+002  -2.124778e+002  -5.458633e+001  1.820146e+001  -0.000000e+000  
-0.000000e+000  -0.000000e+000  -2.552165e+002  -1.806822e+002  -4.457617e+002  -2.600427e+002  -1.389945e+002  -3.582771e+001  -0.000000e+000  
-0.000000e+000  -0.000000e+000  -1.124253e+002  -9.171470e+001  -3.076759e+002  -2.275891e+002  -1.531752e+002  -6.192621e+001  -0.000000e+000  
-0.000000e+000  -0.000000e+000  -3.518550e+001  -3.257216e+001  -1.306967e+002  -1.129084e+002  -8.959044e+001  -4.974484e+001  -0.000000e+000  
-0.000000e+000  -0.000000e+000  -1.411239e+001  -1.356441e+001  -5.695548e+001  -5.157348e+001  -4.324400e+001  -2.676049e+001  -0.000000e+000  
-0.000000e+000  -0.000000e+000  -6.240225e+000  -6.053372e+000  -2.570010e+001  -2.360560e+001  -2.016871e+001  -1.298307e+001  -0.000000e+000  
-0.000000e+000  -0.000000e+000  -2.837334e+000  -2.759083e+000  -1.174915e+001  -1.084077e+001  -9.322780e+000  -6.088012e+000  -0.000000e+000  
-0.000000e+000  -0.000000e+000  -1.301057e+000  -1.266086e+000  -5.396337e+000  -4.986651e+000  -4.298098e+000  -2.821263e+000  -0.000000e+000  
-0.000000e+000  -0.000000e+000  -5.982348e-001  -5.822894e-001  -2.482578e+000  -2.295285e+000  -1.979918e+000  -1.301997e+000  -0.000000e+000  
-0.000000e+000  -0.000000e+000  -2.753267e-001  -2.680089e-001  -1.142764e+000  -1.056739e+000  -9.117976e-001  -5.999877e-001  -0.000000e+000  
-0.000000e+000  -0.000000e+000  -1.267547e-001  -1.233890e-001  -5.261368e-001  -4.865605e-001  -4.198653e-001  -2.763458e-001  -0.000000e+000  
-0.000000e+000  -0.000000e+000  -5.836247e-002  -5.681331e-002  -2.422576e-001  -2.240397e-001  -1.933361e-001  -1.272597e-001  -0.000000e+000  
-0.000000e+000  -0.000000e+000  -2.687492e-002  -2.616164e-002  -1.115563e-001  -1.031680e-001  -8.903038e-002  -5.860413e-002  -0.000000e+000  
-0.000000e+000  -0.000000e+000  -1.237926e-002  -1.205072e-002  -5.138577e-002  -4.752203e-002  -4.101001e-002  -2.699506e-002  -0.000000e+000  
-0.000000e+000  -0.000000e+000  -5.710158e-003  -5.558615e-003  -2.370264e-002  -2.192043e-002  -1.891667e-002  -1.245204e-002  -0.000000e+000  
-0.000000e+000  -0.000000e+000  -2.651139e-003  -2.580781e-003  -1.100477e-002  -1.017733e-002  -8.782731e-003  -5.781306e-003  -0.000000e+000  
-0.000000e+000  -0.000000e+000  -1.307570e-003  -1.272868e-003  -5.427672e-003  -5.019567e-003  -4.331738e-003  -2.851404e-003  -0.000000e+000  
-0.000000e+000  -0.000000e+000  -9.907444e-004  -9.644512e-004  -4.112542e-003  -3.803322e-003  -3.282154e-003  -2.160506e-003  -0.000000e+000  
-0.000000e+000  -0.000000e+000  -7.502876e-004  -7.303758e-004  -3.114415e-003  -2.880244e-003  -2.485565e-003  -1.636145e-003  -0.000000e+000  
-0.000000e+000  -0.000000e+000  -5.676644e-004  -5.525992e-004  -2.356353e-003  -2.179180e-003  -1.880568e-003  -1.237900e-003  -0.000000e+000  
-0.000000e+000  -0.000000e+000  -4.294983e-004  -4.180999e-004  -1.782831e-003  -1.648781e-003  -1.422849e-003  -9.366028e-004  -0.000000e+000  
-0.000000e+000  -0.000000e+000  -3.240439e-004  -3.154441e-004  -1.345094e-003  -1.243957e-003  -1.073498e-003  -7.066395e-004  -0.000000e+000  
-0.000000e+000  -0.000000e+000  -2.432695e-004  -2.368134e-004  -1.009803e-003  -9.338760e-004  -8.059074e-004  -5.304956e-004  -0.000000e+000  
-0.000000e+000  -0.000000e+000  -1.198617e-004  -1.166807e-004  -4.975414e-004  -4.601315e-004  -3.970799e-004  -2.613813e-004  -0.000000e+000  
-0.000000e+000  -0.000000e+000  -5.607852e-005  -5.459026e-005  -2.327798e-004  -2.152772e-004  -1.857778e-004  -1.222899e-004  -0.000000e+000  
-0.000000e+000  -0.000000e+000  -2.623690e-005  -2.554061e-005  -1.089084e-004  -1.007196e-004  -8.691805e-005  -5.721458e-005  -0.000000e+000  
-0.000000e+000  -0.000000e+000  -1.227520e-005  -1.194943e-005  -5.095390e-005  -4.712269e-005  -4.066549e-005  -2.676842e-005  -0.000000e+000  
-0.000000e+000  -0.000000e+000  -5.743078e-006  -5.590664e-006  -2.383930e-005  -2.204683e-005  -1.902577e-005  -1.252388e-005  -0.000000e+000  
-0.000000e+000  -0.000000e+000  -2.686959e-006  -2.615650e-006  -1.115347e-005  -1.031484e-005  -8.901402e-006  -5.859427e-006  -0.000000e+000  
-0.000000e+000  -0.000000e+000  -1.257124e-006  -1.223761e-006  -5.218272e-006  -4.825913e-006  -4.164620e-006  -2.741398e-006  -0.000000e+000  
-0.000000e+000  -0.000000e+000  -5.881637e-007  -5.725544e-007  -2.441445e-006  -2.257874e-006  -1.948479e-006  -1.282604e-006  -0.000000e+000  
-0.000000e+000  -0.000000e+000  -2.751904e-007  -2.678871e-007  -1.142305e-006  -1.056415e-006  -9.116554e-007  -6.001056e-007  -0.000000e+000  
-0.000000e+000  -0.000000e+000  -1.287758e-007  -1.253584e-007  -5.345440e-007  -4.943514e-007  -4.266102e-007  -2.808194e-007  -0.000000e+000  
-0.000000e+000  -0.000000e+000  -6.030126e-008  -5.870147e-008  -2.503119e-007  -2.314905e-007  -1.997689e-007  -1.315005e-007  -0.000000e+000  
-0.000000e+000  -0.000000e+000  -2.832712e-008  -2.757496e-008  -1.175821e-007  -1.087391e-007  -9.383722e-008  -6.176628e-008  -0.000000e+000  
-0.000000e+000  -0.000000e+000  -1.350009e-008  -1.314041e-008  -5.602638e-008  -5.180465e-008  -4.469506e-008  -2.940619e-008  -0.000000e+000  
-0.000000e+000  -0.000000e+000  -6.874210e-009  -6.680518e-009  -2.843158e-008  -2.623455e-008  -2.257724e-008  -1.478267e-008  -0.000000e+000  
-0.000000e+000  -0.000000e+000  -4.682772e-009  -4.453063e-009  -1.849213e-008  -1.671117e-008  -1.408466e-008  -8.920737e-009  -0.000000e+000  
-0.000000e+000  -0.000000e+000  -5.048921e-009  -4.520187e-009  -1.749264e-008  -1.515701e-008  -1.237651e-008  -7.549549e-009  -0.000000e+000  
1.988363e-009  4.766806e-009  -6.973297e-009  -5.503424e-009  -1.790704e-008  -1.425604e-008  -1.106280e-008  -6.427147e-009  -0.000000e+000  
3.834790e-009  1.158995e-008  -9.366095e-009  -8.525665e-009  -1.883444e-008  -1.287750e-008  -9.467558e-009  -5.328817e-009  -0.000000e+000  
-0.000000e+000  -0.000000e+000  -2.584182e-009  -5.670466e-009  -9.161746e-009  -8.569811e-009  -7.002691e-009  -4.178482e-009  -0.000000e+000  
-0.000000e+000  -0.000000e+000  -2.490496e-009  -3.807822e-009  -5.243764e-009  -5.466250e-009  -4.823831e-009  -3.106838e-009  -0.000000e+000  
-0.000000e+000  -0.000000e+000  -0.000000e+000  -2.499339e-009  -3.152542e-009  -3.418365e-009  -3.187867e-009  -2.223960e-009  -0.000000e+000  
-0.000000e+000  -0.000000e+000  -0.000000e+000  -0.000000e+000  -0.000000e+000  -1.317441e-009  -0.000000e+000  -9.434083e-010  -0.000000e+000  

6.224891e-009  6.209968e-009  6.168426e-009  6.094950e-009  5.985349e-009  5.754049e-009  5.504788e-009  5.285381e-009  4.998876e-009  
1.332358e-008  1.341767e-008  1.352516e-008  1.348298e-008  1.312561e-008  1.197335e-008  1.089704e-008  1.013940e-008  9.519743e-009  
1.585610e-008  1.633649e-008  1.695102e-008  1.739358e-008  1.691420e-008  1.443708e-008  1.273701e-008  1.178555e-008  1.122994e-008  
1.655926e-008  1.899862e-008  2.091289e-008  2.401063e-008  2.329225e-008  1.607316e-008  1.377223e-008  1.298832e-008  1.287491e-008  
7.446329e-009  6.427567e-009  -0.000000e+000  5.208176e-009  8.587042e-009  1.194339e-008  1.309200e-008  1.373915e-008  1.459687e-008  
2.580036e-009  1.836079e-009  -0.000000e+000  3.581602e-009  6.588128e-009  1.059309e-008  1.311500e-008  1.479132e-008  1.665858e-008  
-0.000000e+000  -0.000000e+000  -0.000000e+000  3.656266e-009  7.074307e-009  1.116201e-008  1.428046e-008  1.658431e-008  1.930644e-008  
-0.000000e+000  -0.000000e+000  -0.000000e+000  5.044187e-009  9.966487e-009  1.450314e-008  1.838176e-008  2.150843e-008  2.556346e-008  
-0.000000e+000  -0.000000e+000  -0.000000e+000  9.605721e-009  1.901662e-008  2.600694e-008  3.203578e-008  3.695789e-008  4.348735e-008  
-0.000000e+000  -0.000000e+000  -0.000000e+000  1.874318e-008  3.711219e-008  4.886103e-008  5.888563e-008  6.700515e-008  7.765908e-008  
-0.000000e+000  -0.000000e+000  -0.000000e+000  3.632114e-008  7.192134e-008  9.137749e-008  1.077151e-007  1.207698e-007  1.375371e-007  
-0.000000e+000  -0.000000e+000  -0.000000e+000  7.014517e-008  1.389070e-007  1.696091e-007  1.947451e-007  2.143825e-007  2.386698e-007  
-0.000000e+000  -0.000000e+000  -0.000000e+000  1.351309e-007  2.676163e-007  3.119321e-007  3.465078e-007  3.723047e-007  4.016153e-007  
-0.000000e+000  -0.000000e+000  -0.000000e+000  2.596908e-007  5.143397e-007  5.671942e-007  6.034719e-007  6.268313e-007  6.450828e-007  
-0.000000e+000  -0.000000e+000  -0.000000e+000  4.977405e-007  9.859096e-007  1.016562e-006  1.020126e-006  1.007572e-006  9.592885e-007  
-0.000000e+000  -0.000000e+000  -0.000000e+000  9.511303e-007  1.884173e-006  1.787807e-006  1.649948e-006  1.500243e-006  1.225383e-006  
-0.000000e+000  -0.000000e+000  -0.000000e+000  1.811226e-006  3.588454e-006  3.064133e-006  2.483383e-006  1.921769e-006  9.967036e-007  
-0.000000e+000  -0.000000e+000  -0.000000e+000  3.435281e-006  6.807063e-006  5.060321e-006  3.256415e-006  1.580827e-006  -1.060282e-006  
-0.000000e+000  -0.000000e+000  -0.000000e+000  6.485074e-006  1.285246e-005  7.887776e-006  2.925687e-006  -1.590217e-006  -8.540880e-006  
-0.000000e+000  -0.000000e+000  -0.000000e+000  1.217486e-005  2.413362e-005  1.110089e-005  -1.680938e-006  -1.317100e-005  -3.059482e-005  
-0.000000e+000  -0.000000e+000  -0.000000e+000  2.270623e-005  4.502031e-005  1.240261e-005  -1.919624e-005  -4.736920e-005  -8.965998e-005  
-0.000000e+000  -0.000000e+000  -0.000000e+000  4.127614e-005  8.186298e-005  4.549532e-006  -6.971747e-005  -1.355524e-004  -2.336666e-004  
-0.000000e+000  -0.000000e+000  -0.000000e+000  6.270918e-005  1.244043e-004  -1.838986e-005  -1.548764e-004  -2.754533e-004  -4.543717e-004  
-0.000000e+000  -0.000000e+000  -0.000000e+000  7.744541e-005  1.536599e-004  -3.911641e-005  -2.230142e-004  -3.852541e-004  -6.255759e-004  
-0.000000e+000  -0.000000e+000  -0.000000e+000  9.563009e-005  1.897702e-004  -7.118852e-005  -3.196650e-004  -5.385948e-004  -8.623539e-004  
-0.000000e+000  -0.000000e+000  -0.000000e+000  1.180511e-004  2.343043e-004  -1.194623e-004  -4.557239e-004  -7.516430e-004  -1.188579e-003  
-0.000000e+000  -0.000000e+000  -0.000000e+000  1.456237e-004  2.890863e-004  -1.908009e-004  -6.462120e-004  -1.046537e-003  -1.636783e-003  
-0.000000e+000  -0.000000e+000  -0.000000e+000  1.792970e-004  3.560111e-004  -2.943453e-004  -9.106218e-004  -1.451796e-003  -2.248651e-003  
-0.000000e+000  -0.000000e+000  -0.000000e+000  2.545645e-004  5.056576e-004  -5.674313e-004  -1.582210e-003  -2.472044e-003  -3.779855e-003  
-0.000000e+000  -0.000000e+000  -0.000000e+000  4.402183e-004  8.751826e-004  -1.553254e-003  -3.842891e-003  -5.846396e-003  -8.782963e-003  
-0.000000e+000  -0.000000e+000  -0.000000e+000  7.518835e-004  1.496684e-003  -4.096101e-003  -9.356030e-003  -1.395046e-002  -2.066899e-002  
-0.000000e+000  -0.000000e+000  -0.000000e+000  1.221382e-003  2.436055e-003  -1.031293e-002  -2.227830e-002  -3.271432e-002  -4.794544e-002  
-0.000000e+000  -0.000000e+000  -0.000000e+000  1.828951e-003  3.660684e-003  -2.521566e-002  -5.226951e-002  -7.583562e-002  -1.101718e-001  
-0.000000e+000  -0.000000e+000  -0.000000e+000  2.326819e-003  4.694449e-003  -6.038643e-002  -1.212669e-001  -1.742391e-001  -2.513009e-001  
-0.000000e+000  -0.000000e+000  -0.000000e+000  1.765609e-003  3.690101e-003  -1.423936e-001  -2.788592e-001  -3.974679e-001  -5.697340e-001  
-0.000000e+000  -0.000000e+000  -0.000000e+000  -2.754805e-003  -5.018764e-003  -3.318733e-001  -6.367706e-001  -9.014263e-001  -1.284952e+000  
-0.000000e+000  -0.000000e+000  -0.000000e+000  -1.932205e-002  -3.724967e-002  -7.670708e-001  -1.446571e+000  -2.035133e+000  -2.884451e+000  
-0.000000e+000  -0.000000e+000  -0.000000e+000  -6.985471e-002  -1.357598e-001  -1.765756e+000  -3.277955e+000  -4.581686e+000  -6.444319e+000  
-0.000000e+000  -0.000000e+000  -0.000000e+000  -2.162511e-001  -4.200001e-001  -4.081872e+000  -7.449171e+000  -1.031753e+001  -1.430991e+001  
-0.000000e+000  -0.000000e+000  -0.000000e+000  -6.662022e-001  -1.278390e+000  -9.674294e+000  -1.719885e+001  -2.339760e+001  -3.143146e+001  
-0.000000e+000  -0.000000e+000  -0.000000e+000  -2.433666e+000  -4.490103e+000  -2.482731e+001  -4.163060e+001  -5.417709e+001  -6.732242e+001  
-0.000000e+000  -0.000000e+000  -0.000000e+000  -1.309096e+001  -2.236205e+001  -7.622718e+001  -1.101387e+002  -1.279254e+002  -1.325774e+002  
-0.000000e+000  -0.000000e+000  -0.000000e+000  -7.649622e+001  -1.220454e+002  -2.368783e+002  -2.594461e+002  -2.421500e+002  -1.861314e+002  
-0.000000e+000  -0.000000e+000  -0.000000e+000  -2.038641e+002  -3.238395e+002  -4.424820e+002  -3.927915e+002  -3.125120e+002  -2.020035e+002  
-0.000000e+000  -0.000000e+000  -0.000000e+000  -5.829893e+002  -1.008449e+003  -8.638015e+002  -5.674112e+002  -3.613598e+002  -1.906108e+002  
-0.000000e+000  -0.000000e+000  -0.000000e+000  -1.315461e+003  -3.340118e+003  -1.396258e+003  -6.226454e+002  -3.181077e+002  -1.438689e+002  
-0.000000e+000  -0.000000e+000  -0.000000e+000  -6.295106e+002  -0.000000e+000  -6.480458e+002  -3.571186e+002  -1.873786e+002  -8.035974e+001  
-0.000000e+000  -0.000000e+000  -0.000000e+000  -0.000000e+000  -0.000000e+000  1.730243e-009  2.510779e-009  2.777643e-009  2.583130e-009  
-0.000000e+000  -0.000000e+000  -0.000000e+000  6.295106e+002  -0.000000e+000  6.480458e+002  3.571186e+002  1.873786e+002  8.035974e+001  
-0.000000e+000  -0.000000e+000  -0.000000e+000  1.315461e+003  3.340118e+003  1.396258e+003  6.226454e+002  3.181077e+002  1.438689e+002  
-0.000000e+000  -0.000000e+000  -0.000000e+000  5.829893e+002  1.008449e+003  8.638015e+002  5.674112e+002  3.613598e+002  1.906108e+002  
-0.000000e+000  -0.000000e+000  -0.000000e+000  2.038641e+002  3.238395e+002  4.424820e+002  3.927915e+002  3.125120e+002  2.020035e+002  
-0.000000e+000  -0.000000e+000  -0.000000e+000  7.649622e+001  1.220454e+002  2.368783e+002  2.594461e+002  2.421500e+002  1.861314e+002  
-0.000000e+000  -0.000000e+000  -0.000000e+000  1.309096e+001  2.236205e+001  7.622718e+001  1.101387e+002  1.279254e+002  1.325774e+002  
-0.000000e+000  -0.000000e+000  -0.000000e+000  2.433666e+000  4.490103e+000  2.482731e+001  4.163060e+001  5.417709e+001  6.732242e+001  
-0.000000e+000  -0.000000e+000  -0.000000e+000  6.662022e-001  1.278390e+000  9.674294e+000  1.719885e+001  2.339760e+001  3.143146e+001  
-0.000000e+000  -0.000000e+000  -0.000000e+000  2.162511e-001  4.200001e-001  4.081872e+000  7.449171e+000  1.031753e+001  1.430991e+001  
-0.000000e+000  -0.000000e+000  -0.000000e+000  6.985471e-002  1.357598e-001  1.765756e+000  3.277955e+000  4.581686e+000  6.444319e+000  
-0.000000e+000  -0.000000e+000  -0.000000e+000  1.932205e-002  3.724967e-002  7.670708e-001  1.446571e+000  2.035133e+000  2.884451e+000  
-0.000000e+000  -0.000000e+000  -0.000000e+000  2.754805e-003  5.018764e-003  3.318733e-001  6.367706e-001  9.014263e-001  1.284952e+000  
-0.000000e+000  -0.000000e+000  -0.000000e+000  -1.765609e-003  -3.690101e-003  1.423936e-001  2.788592e-001  3.974679e-001  5.697340e-001  
-0.000000e+000  -0.000000e+000  -0.000000e+000  -2.326819e-003  -4.694449e-003  6.038643e-002  1.212669e-001  1.742391e-001  2.513009e-001  
-0.000000e+000  -0.000000e+000  -0.000000e+000  -1.828951e-003  -3.660684e-003  2.521566e-002  5.226951e-002  7.583562e-002  1.101718e-001  
-0.000000e+000  -0.000000e+000  -0.000000e+000  -1.221382e-003  -2.436055e-003  1.031293e-002  2.227830e-002  3.271432e-002  4.794544e-002  
-0.000000e+000  -0.000000e+000  -0.000000e+000  -7.518835e-004  -1.496684e-003  4.096101e-003  9.356030e-003  1.395046e-002  2.066899e-002  
-0.000000e+000  -0.000000e+000  -0.000000e+000  -4.402183e-004  -8.751826e-004  1.553254e-003  3.842891e-003  5.846396e-003  8.782963e-003  
-0.000000e+000  -0.000000e+000  -0.000000e+000  -2.545645e-004  -5.056576e-004  5.674313e-004  1.582210e-003  2.472044e-003  3.779855e-003  
-0.000000e+000  -0.000000e+000  -0.000000e+000  -1.792970e-004  -3.560111e-004  2.943453e-004  9.106218e-004  1.451796e-003  2.248651e-003  
-0.000000e+000  -0.000000e+000  -0.000000e+000  -1.456237e-004  -2.890863e-004  1.908009e-004  6.462120e-004  1.046537e-003  1.636783e-003  
-0.000000e+000  -0.000000e+000  -0.000000e+000  -1.180511e-004  -2.343042e-004  1.194623e-004  4.557239e-004  7.516430e-004  1.188579e-003  
-0.000000e+000  -0.000000e+000  -0.000000e+000  -9.563009e-005  -1.897702e-004  7.118852e-005  3.196650e-004  5.385948e-004  8.623539e-004  
-0.000000e+000  -0.000000e+000  -0.000000e+000  -7.744541e-005  -1.536599e-004  3.911641e-005  2.230142e-004  3.852541e-004  6.255759e-004  
-0.000000e+000  -0.000000e+000  -0.000000e+000  -6.270918e-005  -1.244043e-004  1.838986e-005  1.548764e-004  2.754533e-004  4.543717e-004  
-0.000000e+000  -0.000000e+000  -0.000000e+000  -4.127614e-005  -8.186298e-005  -4.549533e-006  6.971747e-005  1.355524e-004  2.336666e-004  
-0.000000e+000  -0.000000e+000  -0.000000e+000  -2.270623e-005  -4.502031e-005  -1.240262e-005  1.919624e-005  4.736920e-005  8.965997e-005  
-0.000000e+000  -0.000000e+000  -0.000000e+000  -1.217486e-005  -2.413362e-005  -1.110089e-005  1.680936e-006  1.317100e-005  3.059481e-005  
-0.000000e+000  -0.000000e+000  -0.000000e+000  -6.485074e-006  -1.285246e-005  -7.887777e-006  -2.925687e-006  1.590217e-006  8.540879e-006  
-0.000000e+000  -0.000000e+000  -0.000000e+000  -3.435281e-006  -6.807064e-006  -5.060321e-006  -3.256415e-006  -1.580828e-006  1.060282e-006  
-0.000000e+000  -0.000000e+000  -0.000000e+000  -1.811226e-006  -3.588454e-006  -3.064133e-006  -2.483384e-006  -1.921770e-006  -9.967041e-007  
-0.000000e+000  -0.000000e+000  -0.000000e+000  -9.511301e-007  -1.884173e-006  -1.787808e-006  -1.649948e-006  -1.500243e-006  -1.225383e-006  
-0.000000e+000  -0.000000e+000  -0.000000e+000  -4.977407e-007  -9.859096e-007  -1.016562e-006  -1.020125e-006  -1.007571e-006  -9.592876e-007  
-0.000000e+000  -0.000000e+000  -0.000000e+000  -2.596907e-007  -5.143395e-007  -5.671934e-007  -6.034710e-007  -6.268304e-007  -6.450806e-007  
-0.000000e+000  -0.000000e+000  -0.000000e+000  -1.351309e-007  -2.676158e-007  -3.119308e-007  -3.465060e-007  -3.723027e-007  -4.016132e-007  
-0.000000e+000  -0.000000e+000  -0.000000e+000  -7.014508e-008  -1.389066e-007  -1.696083e-007  -1.947436e-007  -2.143805e-007  -2.386678e-007  
-0.000000e+000  -0.000000e+000  -0.000000e+000  -3.632096e-008  -7.192094e-008  -9.137656e-008  -1.077139e-007  -1.207685e-007  -1.375354e-007  
-0.000000e+000  -0.000000e+000  -0.000000e+000  -1.874296e-008  -3.711174e-008  -4.886032e-008  -5.888456e-008  -6.700365e-008  -7.765749e-008  
-0.000000e+000  -0.000000e+000  -0.000000e+000  -9.605484e-009  -1.901594e-008  -2.600558e-008  -3.203395e-008  -3.695567e-008  -4.348514e-008  
-0.000000e+000  -0.000000e+000  -0.000000e+000  -5.044326e-009  -9.966242e-009  -1.450191e-008  -1.837972e-008  -2.150606e-008  -2.556021e-008  
-0.000000e+000  -0.000000e+000  -0.000000e+000  -3.656014e-009  -7.073409e-009  -1.116082e-008  -1.427819e-008  -1.658159e-008  -1.930366e-008  
-2.579199e-009  -1.834843e-009  -0.000000e+000  -3.581133e-009  -6.586804e-009  -1.059044e-008  -1.311222e-008  -1.478793e-008  -1.665511e-008  
-7.443804e-009  -6.426133e-009  -0.000000e+000  -5.206794e-009  -8.584405e-009  -1.194082e-008  -1.308895e-008  -1.373655e-008  -1.459355e-008  
-1.655421e-008  -1.899159e-008  -2.090799e-008  -2.400274e-008  -2.328562e-008  -1.606760e-008  -1.376840e-008  -1.298440e-008  -1.287096e-008  
-1.585036e-008  -1.633195e-008  -1.694370e-008  -1.738916e-008  -1.690838e-008  -1.443252e-008  -1.273337e-008  -1.178205e-008  -1.122641e-008  
-1.331877e-008  -1.341316e-008  -1.352075e-008  -1.347845e-008  -1.312137e-008  -1.196992e-008  -1.089334e-008  -1.013602e-008  -9.515737e-009  
-6.222665e-009  -6.207833e-009  -6.166220e-009  -6.092776e-009  -5.982995e-009  -5.751626e-009  -5.502426e-009  -5.283113e-009  -4.996798e-009  
-0.000000e+000  -0.000000e+000  -0.000000e+000  -0.000000e+000  -0.000000e+000  -0.000000e+000  -0.000000e+000  -0.000000e+000  -0.000000e+000  

0.000000e+000  0.000000e+000  0.000000e+000  0.000000e+000  0.000000e+000  0.000000e+000  0.000000e+000  0.000000e+000  0.000000e+000  
0.000000e+000  0.000000e+000  0.000000e+000  0.000000e+000  0.000000e+000  0.000000e+000  0.000000e+000  0.000000e+000  0.000000e+000  
0.000000e+000  0.000000e+000  0.000000e+000  0.000000e+000  0.000000e+000  0.000000e+000  0.000000e+000  0.000000e+000  0.000000e+000  
0.000000e+000  0.000000e+000  0.000000e+000  0.000000e+000  0.000000e+000  0.000000e+000  0.000000e+000  0.000000e+000  0.000000e+000  
0.000000e+000  0.000000e+000  0.000000e+000  0.000000e+000  0.000000e+000  0.000000e+000  0.000000e+000  0.000000e+000  0.000000e+000  
0.000000e+000  0.000000e+000  0.000000e+000  0.000000e+000  0.000000e+000  0.000000e+000  0.000000e+000  0.000000e+000  0.000000e+000  
0.000000e+000  0.000000e+000  0.000000e+000  0.000000e+000  0.000000e+000  0.000000e+000  0.000000e+000  0.000000e+000  0.000000e+000  
0.000000e+000  0.000000e+000  0.000000e+000  0.000000e+000  0.000000e+000  0.000000e+000  0.000000e+000  0.000000e+000  0.000000e+000  
0.000000e+000  0.000000e+000  0.000000e+000  0.000000e+000  0.000000e+000  0.000000e+000  0.000000e+000  0.000000e+000  0.000000e+000  
0.000000e+000  0.000000e+000  0.000000e+000  0.000000e+000  0.000000e+000  0.000000e+000  0.000000e+000  0.000000e+000  0.000000e+000  
0.000000e+000  0.000000e+000  0.000000e+000  0.000000e+000  0.000000e+000  0.000000e+000  0.000000e+000  0.000000e+000  0.000000e+000  
0.000000e+000  0.000000e+000  0.000000e+000  0.000000e+000  0.000000e+000  0.000000e+000  0.000000e+000  0.000000e+000  0.000000e+000  
0.000000e+000  0.000000e+000  0.000000e+000  0.000000e+000  0.000000e+000  0.000000e+000  0.000000e+000  0.000000e+000  0.000000e+000  
0.000000e+000  0.000000e+000  0.000000e+000  0.000000e+000  0.000000e+000  0.000000e+000  0.000000e+000  0.000000e+000  0.000000e+000  
0.000000e+000  0.000000e+000  0.000000e+000  0.000000e+000  0.000000e+000  0.000000e+000  0.000000e+000  0.000000e+000  0.000000e+000  
0.000000e+000  0.000000e+000  0.000000e+000  0.000000e+000  0.000000e+000  0.000000e+000  0.000000e+000  0.000000e+000  0.000000e+000  
0.000000e+000  0.000000e+000  0.000000e+000  0.000000e+000  0.000000e+000  0.000000e+000  0.000000e+000  0.000000e+000  0.000000e+000  
0.000000e+000  0.000000e+000  0.000000e+000  0.000000e+000  0.000000e+000  0.000000e+000  0.000000e+000  0.000000e+000  0.000000e+000  
0.000000e+000  0.000000e+000  0.000000e+000  0.000000e+000  0.000000e+000  0.000000e+000  0.000000e+000  0.000000e+000  0.000000e+000  
0.000000e+000  0.000000e+000  0.000000e+000  0.000000e+000  0.000000e+000  0.000000e+000  0.000000e+000  0.000000e+000  0.000000e+000  
0.000000e+000  0.000000e+000  0.000000e+000  0.000000e+000  0.000000e+000  0.000000e+000  0.000000e+000  0.000000e+000  0.000000e+000  
0.000000e+000  0.000000e+000  0.000000e+000  0.000000e+000  0.000000e+000  0.000000e+000  0.000000e+000  0.000000e+000  0.000000e+000  
0.000000e+000  0.000000e+000  0.000000e+000  0.000000e+000  0.000000e+000  0.000000e+000  0.000000e+000  0.000000e+000  0.000000e+000  
0.000000e+000  0.000000e+000  0.000000e+000  0.000000e+000  0.000000e+000  0.000000e+000  0.000000e+000  0.000000e+000  0.000000e+000  
0.000000e+000  0.000000e+000  0.000000e+000  0.000000e+000  0.000000e+000  0.000000e+000  0.000000e+000  0.000000e+000  0.000000e+000  
0.000000e+000  0.000000e+000  0.000000e+000  0.000000e+000  0.000000e+000  0.000000e+000  0.000000e+000  0.000000e+000  0.000000e+000  
0.000000e+000  0.000000e+000  0.000000e+000  0.000000e+000  0.000000e+000  0.000000e+000  0.000000e+000  0.000000e+000  0.000000e+000  
0.000000e+000  0.000000e+000  0.000000e+000  0.000000e+000  0.000000e+000  0.000000e+000  0.000000e+000  0.000000e+000  0.000000e+000  
0.000000e+000  0.000000e+000  0.000000e+000  0.000000e+000  0.000000e+000  0.000000e+000  0.000000e+000  0.000000e+000  0.000000e+000  
0.000000e+000  0.000000e+000  0.000000e+000  0.000000e+000  0.000000e+000  0.000000e+000  0.000000e+000  0.000000e+000  0.000000e+000  
0.000000e+000  0.000000e+000  0.000000e+000  0.000000e+000  0.000000e+000  0.000000e+000  0.000000e+000  0.000000e+000  0.000000e+000  
0.000000e+000  0.000000e+000  0.000000e+000  0.000000e+000  0.000000e+000  0.000000e+000  0.000000e+000  0.000000e+000  0.000000e+000  
0.000000e+000  0.000000e+000  0.000000e+000  0.000000e+000  0.000000e+000  0.000000e+000  0.000000e+000  0.000000e+000  0.000000e+000  
0.000000e+000  0.000000e+000  0.000000e+000  0.000000e+000  0.000000e+000  0.000000e+000  0.000000e+000  0.000000e+000  0.000000e+000  
0.000000e+000  0.000000e+000  0.000000e+000  0.000000e+000  0.000000e+000  0.000000e+000  0.000000e+000  0.000000e+000  0.000000e+000  
0.000000e+000  0.000000e+000  0.000000e+000  0.000000e+000  0.000000e+000  0.000000e+000  0.000000e+000  0.000000e+000  0.000000e+000  
0.000000e+000  0.000000e+000  0.000000e+000  0.000000e+000  0.000000e+000  0.000000e+000  0.000000e+000  0.000000e+000  0.000000e+000  
0.000000e+000  0.000000e+000  0.000000e+000  0.000000e+000  0.000000e+000  0.000000e+000  0.000000e+000  0.000000e+000  0.000000e+000  
0.000000e+000  0.000000e+000  0.000000e+000  0.000000e+000  0.000000e+000  0.000000e+000  0.000000e+000  0.000000e+000  0.000000e+000  
0.000000e+000  0.000000e+000  0.000000e+000  0.000000e+000  0.000000e+000  0.000000e+000  0.000000e+000  0.000000e+000  0.000000e+000  
0.000000e+000  0.000000e+000  0.000000e+000  0.000000e+000  0.000000e+000  0.000000e+000  0.000000e+000  0.000000e+000  0.000000e+000  
0.000000e+000  0.000000e+000  0.000000e+000  0.000000e+000  0.000000e+000  0.000000e+000  0.000000e+000  0.000000e+000  0.000000e+000  
0.000000e+000  0.000000e+000  0.000000e+000  0.000000e+000  0.000000e+000  0.000000e+000  0.000000e+000  0.000000e+000  0.000000e+000  
0.000000e+000  0.000000e+000  0.000000e+000  0.000000e+000  0.000000e+000  0.000000e+000  0.000000e+000  0.000000e+000  0.000000e+000  
0.000000e+000  0.000000e+000  0.000000e+000  0.000000e+000  0.000000e+000  0.000000e+000  0.000000e+000  0.000000e+000  0.000000e+000  
0.000000e+000  0.000000e+000  0.000000e+000  0.000000e+000  0.000000e+000  0.000000e+000  0.000000e+000  0.000000e+000  0.000000e+000  
0.000000e+000  0.000000e+000  0.000000e+000  0.000000e+000  0.000000e+000  0.000000e+000  0.000000e+000  0.000000e+000  0.000000e+000  
0.000000e+000  0.000000e+000  0.000000e+000  0.000000e+000  0.000000e+000  0.000000e+000  0.000000e+000  0.000000e+000  0.000000e+000  
0.000000e+000  0.000000e+000  0.000000e+000  0.000000e+000  0.000000e+000  0.000000e+000  0.000000e+000  0.000000e+000  0.000000e+000  
0.000000e+000  0.000000e+000  0.000000e+000  0.000000e+000  0.000000e+000  0.000000e+000  0.000000e+000  0.000000e+000  0.000000e+000  
0.000000e+000  0.000000e+000  0.000000e+000  0.000000e+000  0.000000e+000  0.000000e+000  0.000000e+000  0.000000e+000  0.000000e+000  
0.000000e+000  0.000000e+000  0.000000e+000  0.000000e+000  0.000000e+000  0.000000e+000  0.000000e+000  0.000000e+000  0.000000e+000  
0.000000e+000  0.000000e+000  0.000000e+000  0.000000e+000  0.000000e+000  0.000000e+000  0.000000e+000  0.000000e+000  0.000000e+000  
0.000000e+000  0.000000e+000  0.000000e+000  0.000000e+000  0.000000e+000  0.000000e+000  0.000000e+000  0.000000e+000  0.000000e+000  
0.000000e+000  0.000000e+000  0.000000e+000  0.000000e+000  0.000000e+000  0.000000e+000  0.000000e+000  0.000000e+000  0.000000e+000  
0.000000e+000  0.000000e+000  0.000000e+000  0.000000e+000  0.000000e+000  0.000000e+000  0.000000e+000  0.000000e+000  0.000000e+000  
0.000000e+000  0.000000e+000  0.000000e+000  0.000000e+000  0.000000e+000  0.000000e+000  0.000000e+000  0.000000e+000  0.000000e+000  
0.000000e+000  0.000000e+000  0.000000e+000  0.000000e+000  0.000000e+000  0.000000e+000  0.000000e+000  0.000000e+000  0.000000e+000  
0.000000e+000  0.000000e+000  0.000000e+000  0.000000e+000  0.000000e+000  0.000000e+000  0.000000e+000  0.000000e+000  0.000000e+000  
0.000000e+000  0.000000e+000  0.000000e+000  0.000000e+000  0.000000e+000  0.000000e+000  0.000000e+000  0.000000e+000  0.000000e+000  
0.000000e+000  0.000000e+000  0.000000e+000  0.000000e+000  0.000000e+000  0.000000e+000  0.000000e+000  0.000000e+000  0.000000e+000  
0.000000e+000  0.000000e+000  0.000000e+000  0.000000e+000  0.000000e+000  0.000000e+000  0.000000e+000  0.000000e+000  0.000000e+000  
0.000000e+000  0.000000e+000  0.000000e+000  0.000000e+000  0.000000e+000  0.000000e+000  0.000000e+000  0.000000e+000  0.000000e+000  
0.000000e+000  0.000000e+000  0.000000e+000  0.000000e+000  0.000000e+000  0.000000e+000  0.000000e+000  0.000000e+000  0.000000e+000  
0.000000e+000  0.000000e+000  0.000000e+000  0.000000e+000  0.000000e+000  0.000000e+000  0.000000e+000  0.000000e+000  0.000000e+000  
0.000000e+000  0.000000e+000  0.000000e+000  0.000000e+000  0.000000e+000  0.000000e+000  0.000000e+000  0.000000e+000  0.000000e+000  
0.000000e+000  0.000000e+000  0.000000e+000  0.000000e+000  0.000000e+000  0.000000e+000  0.000000e+000  0.000000e+000  0.000000e+000  
0.000000e+000  0.000000e+000  0.000000e+000  0.000000e+000  0.000000e+000  0.000000e+000  0.000000e+000  0.000000e+000  0.000000e+000  
0.000000e+000  0.000000e+000  0.000000e+000  0.000000e+000  0.000000e+000  0.000000e+000  0.000000e+000  0.000000e+000  0.000000e+000  
0.000000e+000  0.000000e+000  0.000000e+000  0.000000e+000  0.000000e+000  0.000000e+000  0.000000e+000  0.000000e+000  0.000000e+000  
0.000000e+000  0.000000e+000  0.000000e+000  0.000000e+000  0.000000e+000  0.000000e+000  0.000000e+000  0.000000e+000  0.000000e+000  
0.000000e+000  0.000000e+000  0.000000e+000  0.000000e+000  0.000000e+000  0.000000e+000  0.000000e+000  0.000000e+000  0.000000e+000  
0.000000e+000  0.000000e+000  0.000000e+000  0.000000e+000  0.000000e+000  0.000000e+000  0.000000e+000  0.000000e+000  0.000000e+000  
0.000000e+000  0.000000e+000  0.000000e+000  0.000000e+000  0.000000e+000  0.000000e+000  0.000000e+000  0.000000e+000  0.000000e+000  
0.000000e+000  0.000000e+000  0.000000e+000  0.000000e+000  0.000000e+000  0.000000e+000  0.000000e+000  0.000000e+000  0.000000e+000  
0.000000e+000  0.000000e+000  0.000000e+000  0.000000e+000  0.000000e+000  0.000000e+000  0.000000e+000  0.000000e+000  0.000000e+000  
0.000000e+000  0.000000e+000  0.000000e+000  0.000000e+000  0.000000e+000  0.000000e+000  0.000000e+000  0.000000e+000  0.000000e+000  
0.000000e+000  0.000000e+000  0.000000e+000  0.000000e+000  0.000000e+000  0.000000e+000  0.000000e+000  0.000000e+000  0.000000e+000  
0.000000e+000  0.000000e+000  0.000000e+000  0.000000e+000  0.000000e+000  0.000000e+000  0.000000e+000  0.000000e+000  0.000000e+000  
0.000000e+000  0.000000e+000  0.000000e+000  0.000000e+000  0.000000e+000  0.000000e+000  0.000000e+000  0.000000e+000  0.000000e+000  
0.000000e+000  0.000000e+000  0.000000e+000  0.000000e+000  0.000000e+000  0.000000e+000  0.000000e+000  0.000000e+000  0.000000e+000  
0.000000e+000  0.000000e+000  0.000000e+000  0.000000e+000  0.000000e+000  0.000000e+000  0.000000e+000  0.000000e+000  0.000000e+000  
0.000000e+000  0.000000e+000  0.000000e+000  0.000000e+000  0.000000e+000  0.000000e+000  0.000000e+000  0.000000e+000  0.000000e+000  
0.000000e+000  0.000000e+000  0.000000e+000  0.000000e+000  0.000000e+000  0.000000e+000  0.000000e+000  0.000000e+000  0.000000e+000  
0.000000e+000  0.000000e+000  0.000000e+000  0.000000e+000  0.000000e+000  0.000000e+000  0.000000e+000  0.000000e+000  0.000000e+000  
0.000000e+000  0.000000e+000  0.000000e+000  0.000000e+000  0.000000e+000  0.000000e+000  0.000000e+000  0.000000e+000  0.000000e+000  
0.000000e+000  0.000000e+000  0.000000e+000  0.000000e+000  0.000000e+000  0.000000e+000  0.000000e+000  0.000000e+000  0.000000e+000  
0.000000e+000  0.000000e+000  0.000000e+000  0.000000e+000  0.000000e+000  0.000000e+000  0.000000e+000  0.000000e+000  0.000000e+000  
0.000000e+000  0.000000e+000  0.000000e+000  0.000000e+000  0.000000e+000  0.000000e+000  0.000000e+000  0.000000e+000  0.000000e+000  
0.000000e+000  0.000000e+000  0.000000e+000  0.000000e+000  0.000000e+000  0.000000e+000  0.000000e+000  0.000000e+000  0.000000e+000  
0.000000e+000  0.000000e+000  0.000000e+000  0.000000e+000  0.000000e+000  0.000000e+000  0.000000e+000  0.000000e+000  0.000000e+000  
0.000000e+000  0.000000e+000  0.000000e+000  0.000000e+000  0.000000e+000  0.000000e+000  0.000000e+000  0.000000e+000  0.000000e+000  
0.000000e+000  0.000000e+000  0.000000e+000  0.000000e+000  0.000000e+000  0.000000e+000  0.000000e+000  0.000000e+000  0.000000e+000  
0.000000e+000  0.000000e+000  0.000000e+000  0.000000e+000  0.000000e+000  0.000000e+000  0.000000e+000  0.000000e+000  0.000000e+000  
0.000000e+000  0.000000e+000  0.000000e+000  0.000000e+000  0.000000e+000  0.000000e+000  0.000000e+000  0.000000e+000  0.000000e+000  
0.000000e+000  0.000000e+000  0.000000e+000  0.000000e+000  0.000000e+000  0.000000e+000  0.000000e+000  0.000000e+000  0.000000e+000  

0.000000e+000  0.000000e+000  0.000000e+000  0.000000e+000  0.000000e+000  0.000000e+000  0.000000e+000  0.000000e+000  0.000000e+000  
0.000000e+000  0.000000e+000  0.000000e+000  0.000000e+000  0.000000e+000  0.000000e+000  0.000000e+000  0.000000e+000  0.000000e+000  
0.000000e+000  0.000000e+000  0.000000e+000  0.000000e+000  0.000000e+000  0.000000e+000  0.000000e+000  0.000000e+000  0.000000e+000  
0.000000e+000  0.000000e+000  0.000000e+000  0.000000e+000  0.000000e+000  0.000000e+000  0.000000e+000  0.000000e+000  0.000000e+000  
0.000000e+000  0.000000e+000  0.000000e+000  0.000000e+000  0.000000e+000  0.000000e+000  0.000000e+000  0.000000e+000  0.000000e+000  
0.000000e+000  0.000000e+000  0.000000e+000  0.000000e+000  0.000000e+000  0.000000e+000  0.000000e+000  0.000000e+000  0.000000e+000  
0.000000e+000  0.000000e+000  0.000000e+000  0.000000e+000  0.000000e+000  0.000000e+000  0.000000e+000  0.000000e+000  0.000000e+000  
0.000000e+000  0.000000e+000  0.000000e+000  0.000000e+000  0.000000e+000  0.000000e+000  0.000000e+000  0.000000e+000  0.000000e+000  
0.000000e+000  0.000000e+000  0.000000e+000  0.000000e+000  0.000000e+000  0.000000e+000  0.000000e+000  0.000000e+000  0.000000e+000  
0.000000e+000  0.000000e+000  0.000000e+000  0.000000e+000  0.000000e+000  0.000000e+000  0.000000e+000  0.000000e+000  0.000000e+000  
0.000000e+000  0.000000e+000  0.000000e+000  0.000000e+000  0.000000e+000  0.000000e+000  0.000000e+000  0.000000e+000  0.000000e+000  
0.000000e+000  0.000000e+000  0.000000e+000  0.000000e+000  0.000000e+000  0.000000e+000  0.000000e+000  0.000000e+000  0.000000e+000  
0.000000e+000  0.000000e+000  0.000000e+000  0.000000e+000  0.000000e+000  0.000000e+000  0.000000e+000  0.000000e+000  0.000000e+000  
0.000000e+000  0.000000e+000  0.000000e+000  0.000000e+000  0.000000e+000  0.000000e+000  0.000000e+000  0.000000e+000  0.000000e+000  
0.000000e+000  0.000000e+000  0.000000e+000  0.000000e+000  0.000000e+000  0.000000e+000  0.000000e+000  0.000000e+000  0.000000e+000  
0.000000e+000  0.000000e+000  0.000000e+000  0.000000e+000  0.000000e+000  0.000000e+000  0.000000e+000  0.000000e+000  0.000000e+000  
0.000000e+000  0.000000e+000  0.000000e+000  0.000000e+000  0.000000e+000  0.000000e+000  0.000000e+000  0.000000e+000  0.000000e+000  
0.000000e+000  0.000000e+000  0.000000e+000  0.000000e+000  0.000000e+000  0.000000e+000  0.000000e+000  0.000000e+000  0.000000e+000  
0.000000e+000  0.000000e+000  0.000000e+000  0.000000e+000  0.000000e+000  0.000000e+000  0.000000e+000  0.000000e+000  0.000000e+000  
0.000000e+000  0.000000e+000  0.000000e+000  0.000000e+000  0.000000e+000  0.000000e+000  0.000000e+000  0.000000e+000  0.000000e+000  
0.000000e+000  0.000000e+000  0.000000e+000  0.000000e+000  0.000000e+000  0.000000e+000  0.000000e+000  0.000000e+000  0.000000e+000  
0.000000e+000  0.000000e+000  0.000000e+000  0.000000e+000  0.000000e+000  0.000000e+000  0.000000e+000  0.000000e+000  0.000000e+000  
0.000000e+000  0.000000e+000  0.000000e+000  0.000000e+000  0.000000e+000  0.000000e+000  0.000000e+000  0.000000e+000  0.000000e+000  
0.000000e+000  0.000000e+000  0.000000e+000  0.000000e+000  0.000000e+000  0.000000e+000  0.000000e+000  0.000000e+000  0.000000e+000  
0.000000e+000  0.000000e+000  0.000000e+000  0.000000e+000  0.000000e+000  0.000000e+000  0.000000e+000  0.000000e+000  0.000000e+000  
0.000000e+000  0.000000e+000  0.000000e+000  0.000000e+000  0.000000e+000  0.000000e+000  0.000000e+000  0.000000e+000  0.000000e+000  
0.000000e+000  0.000000e+000  0.000000e+000  0.000000e+000  0.000000e+000  0.000000e+000  0.000000e+000  0.000000e+000  0.000000e+000  
0.000000e+000  0.000000e+000  0.000000e+000  0.000000e+000  0.000000e+000  0.000000e+000  0.000000e+000  0.000000e+000  0.000000e+000  
0.000000e+000  0.000000e+000  0.000000e+000  0.000000e+000  0.000000e+000  0.000000e+000  0.000000e+000  0.000000e+000  0.000000e+000  
0.000000e+000  0.000000e+000  0.000000e+000  0.000000e+000  0.000000e+000  0.000000e+000  0.000000e+000  0.000000e+000  0.000000e+000  
0.000000e+000  0.000000e+000  0.000000e+000  0.000000e+000  0.000000e+000  0.000000e+000  0.000000e+000  0.000000e+000  0.000000e+000  
0.000000e+000  0.000000e+000  0.000000e+000  0.000000e+000  0.000000e+000  0.000000e+000  0.000000e+000  0.000000e+000  0.000000e+000  
0.000000e+000  0.000000e+000  0.000000e+000  0.000000e+000  0.000000e+000  0.000000e+000  0.000000e+000  0.000000e+000  0.000000e+000  
0.000000e+000  0.000000e+000  0.000000e+000  0.000000e+000  0.000000e+000  0.000000e+000  0.000000e+000  0.000000e+000  0.000000e+000  
0.000000e+000  0.000000e+000  0.000000e+000  0.000000e+000  0.000000e+000  0.000000e+000  0.000000e+000  0.000000e+000  0.000000e+000  
0.000000e+000  0.000000e+000  0.000000e+000  0.000000e+000  0.000000e+000  0.000000e+000  0.000000e+000  0.000000e+000  0.000000e+000  
0.000000e+000  0.000000e+000  0.000000e+000  0.000000e+000  0.000000e+000  0.000000e+000  0.000000e+000  0.000000e+000  0.000000e+000  
0.000000e+000  0.000000e+000  0.000000e+000  0.000000e+000  0.000000e+000  0.000000e+000  0.000000e+000  0.000000e+000  0.000000e+000  
0.000000e+000  0.000000e+000  0.000000e+000  0.000000e+000  0.000000e+000  0.000000e+000  0.000000e+000  0.000000e+000  0.000000e+000  
0.000000e+000  0.000000e+000  0.000000e+000  0.000000e+000  0.000000e+000  0.000000e+000  0.000000e+000  0.000000e+000  0.000000e+000  
0.000000e+000  0.000000e+000  0.000000e+000  0.000000e+000  0.000000e+000  0.000000e+000  0.000000e+000  0.000000e+000  0.000000e+000  
0.000000e+000  0.000000e+000  0.000000e+000  0.000000e+000  0.000000e+000  0.000000e+000  0.000000e+000  0.000000e+000  0.000000e+000  
0.000000e+000  0.000000e+000  0.000000e+000  0.000000e+000  0.000000e+000  0.000000e+000  0.000000e+000  0.000000e+000  0.000000e+000  
0.000000e+000  0.000000e+000  0.000000e+000  0.000000e+000  0.000000e+000  0.000000e+000  0.000000e+000  0.000000e+000  0.000000e+000  
0.000000e+000  0.000000e+000  0.000000e+000  0.000000e+000  0.000000e+000  0.000000e+000  0.000000e+000  0.000000e+000  0.000000e+000  
0.000000e+000  0.000000e+000  0.000000e+000  0.000000e+000  0.000000e+000  0.000000e+000  0.000000e+000  0.000000e+000  0.000000e+000  
0.000000e+000  0.000000e+000  0.000000e+000  0.000000e+000  0.000000e+000  0.000000e+000  0.000000e+000  0.000000e+000  0.000000e+000  
0.000000e+000  0.000000e+000  0.000000e+000  0.000000e+000  0.000000e+000  0.000000e+000  0.000000e+000  0.000000e+000  0.000000e+000  
0.000000e+000  0.000000e+000  0.000000e+000  0.000000e+000  0.000000e+000  0.000000e+000  0.000000e+000  0.000000e+000  0.000000e+000  
0.000000e+000  0.000000e+000  0.000000e+000  0.000000e+000  0.000000e+000  0.000000e+000  0.000000e+000  0.000000e+000  0.000000e+000  
0.000000e+000  0.000000e+000  0.000000e+000  0.000000e+000  0.000000e+000  0.000000e+000  0.000000e+000  0.000000e+000  0.000000e+000  
0.000000e+000  0.000000e+000  0.000000e+000  0.000000e+000  0.000000e+000  0.000000e+000  0.000000e+000  0.000000e+000  0.000000e+000  
0.000000e+000  0.000000e+000  0.000000e+000  0.000000e+000  0.000000e+000  0.000000e+000  0.000000e+000  0.000000e+000  0.000000e+000  
0.000000e+000  0.000000e+000  0.000000e+000  0.000000e+000  0.000000e+000  0.000000e+000  0.000000e+000  0.000000e+000  0.000000e+000  
0.000000e+000  0.000000e+000  0.000000e+000  0.000000e+000  0.000000e+000  0.000000e+000  0.000000e+000  0.000000e+000  0.000000e+000  
0.000000e+000  0.000000e+000  0.000000e+000  0.000000e+000  0.000000e+000  0.000000e+000  0.000000e+000  0.000000e+000  0.000000e+000  
0.000000e+000  0.000000e+000  0.000000e+000  0.000000e+000  0.000000e+000  0.000000e+000  0.000000e+000  0.000000e+000  0.000000e+000  
0.000000e+000  0.000000e+000  0.000000e+000  0.000000e+000  0.000000e+000  0.000000e+000  0.000000e+000  0.000000e+000  0.000000e+000  
0.000000e+000  0.000000e+000  0.000000e+000  0.000000e+000  0.000000e+000  0.000000e+000  0.000000e+000  0.000000e+000  0.000000e+000  
0.000000e+000  0.000000e+000  0.000000e+000  0.000000e+000  0.000000e+000  0.000000e+000  0.000000e+000  0.000000e+000  0.000000e+000  
0.000000e+000  0.000000e+000  0.000000e+000  0.000000e+000  0.000000e+000  0.000000e+000  0.000000e+000  0.000000e+000  0.000000e+000  
0.000000e+000  0.000000e+000  0.000000e+000  0.000000e+000  0.000000e+000  0.000000e+000  0.000000e+000  0.000000e+000  0.000000e+000  
0.000000e+000  0.000000e+000  0.000000e+000  0.000000e+000  0.000000e+000  0.000000e+000  0.000000e+000  0.000000e+000  0.000000e+000  
0.000000e+000  0.000000e+000  0.000000e+000  0.000000e+000  0.000000e+000  0.000000e+000  0.000000e+000  0.000000e+000  0.000000e+000  
0.000000e+000  0.000000e+000  0.000000e+000  0.000000e+000  0.000000e+000  0.000000e+000  0.000000e+000  0.000000e+000  0.000000e+000  
0.000000e+000  0.000000e+000  0.000000e+000  0.000000e+000  0.000000e+000  0.000000e+000  0.000000e+000  0.000000e+000  0.000000e+000  
0.000000e+000  0.000000e+000  0.000000e+000  0.000000e+000  0.000000e+000  0.000000e+000  0.000000e+000  0.000000e+000  0.000000e+000  
0.000000e+000  0.000000e+000  0.000000e+000  0.000000e+000  0.000000e+000  0.000000e+000  0.000000e+000  0.000000e+000  0.000000e+000  
0.000000e+000  0.000000e+000  0.000000e+000  0.000000e+000  0.000000e+000  0.000000e+000  0.000000e+000  0.000000e+000  0.000000e+000  
0.000000e+000  0.000000e+000  0.000000e+000  0.000000e+000  0.000000e+000  0.000000e+000  0.000000e+000  0.000000e+000  0.000000e+000  
0.000000e+000  0.000000e+000  0.000000e+000  0.000000e+000  0.000000e+000  0.000000e+000  0.000000e+000  0.000000e+000  0.000000e+000  
0.000000e+000  0.000000e+000  0.000000e+000  0.000000e+000  0.000000e+000  0.000000e+000  0.000000e+000  0.000000e+000  0.000000e+000  
0.000000e+000  0.000000e+000  0.000000e+000  0.000000e+000  0.000000e+000  0.000000e+000  0.000000e+000  0.000000e+000  0.000000e+000  
0.000000e+000  0.000000e+000  0.000000e+000  0.000000e+000  0.000000e+000  0.000000e+000  0.000000e+000  0.000000e+000  0.000000e+000  
0.000000e+000  0.000000e+000  0.000000e+000  0.000000e+000  0.000000e+000  0.000000e+000  0.000000e+000  0.000000e+000  0.000000e+000  
0.000000e+000  0.000000e+000  0.000000e+000  0.000000e+000  0.000000e+000  0.000000e+000  0.000000e+000  0.000000e+000  0.000000e+000  
0.000000e+000  0.000000e+000  0.000000e+000  0.000000e+000  0.000000e+000  0.000000e+000  0.000000e+000  0.000000e+000  0.000000e+000  
0.000000e+000  0.000000e+000  0.000000e+000  0.000000e+000  0.000000e+000  0.000000e+000  0.000000e+000  0.000000e+000  0.000000e+000  
0.000000e+000  0.000000e+000  0.000000e+000  0.000000e+000  0.000000e+000  0.000000e+000  0.000000e+000  0.000000e+000  0.000000e+000  
0.000000e+000  0.000000e+000  0.000000e+000  0.000000e+000  0.000000e+000  0.000000e+000  0.000000e+000  0.000000e+000  0.000000e+000  
0.000000e+000  0.000000e+000  0.000000e+000  0.000000e+000  0.000000e+000  0.000000e+000  0.000000e+000  0.000000e+000  0.000000e+000  
0.000000e+000  0.000000e+000  0.000000e+000  0.000000e+000  0.000000e+000  0.000000e+000  0.000000e+000  0.000000e+000  0.000000e+000  
0.000000e+000  0.000000e+000  0.000000e+000  0.000000e+000  0.000000e+000  0.000000e+000  0.000000e+000  0.000000e+000  0.000000e+000  
0.000000e+000  0.000000e+000  0.000000e+000  0.000000e+000  0.000000e+000  0.000000e+000  0.000000e+000  0.000000e+000  0.000000e+000  
0.000000e+000  0.000000e+000  0.000000e+000  0.000000e+000  0.000000e+000  0.000000e+000  0.000000e+000  0.000000e+000  0.000000e+000  
0.000000e+000  0.000000e+000  0.000000e+000  0.000000e+000  0.000000e+000  0.000000e+000  0.000000e+000  0.000000e+000  0.000000e+000  
0.000000e+000  0.000000e+000  0.000000e+000  0.000000e+000  0.000000e+000  0.000000e+000  0.000000e+000  0.000000e+000  0.000000e+000  
0.000000e+000  0.000000e+000  0.000000e+000  0.000000e+000  0.000000e+000  0.000000e+000  0.000000e+000  0.000000e+000  0.000000e+000  
0.000000e+000  0.000000e+000  0.000000e+000  0.000000e+000  0.000000e+000  0.000000e+000  0.000000e+000  0.000000e+000  0.000000e+000  
0.000000e+000  0.000000e+000  0.000000e+000  0.000000e+000  0.000000e+000  0.000000e+000  0.000000e+000  0.000000e+000  0.000000e+000  
0.000000e+000  0.000000e+000  0.000000e+000  0.000000e+000  0.000000e+000  0.000000e+000  0.000000e+000  0.000000e+000  0.000000e+000  
0.000000e+000  0.000000e+000  0.000000e+000  0.000000e+000  0.000000e+000  0.000000e+000  0.000000e+000  0.000000e+000  0.000000e+000  
0.000000e+000  0.000000e+000  0.000000e+000  0.000000e+000  0.000000e+000  0.000000e+000  0.000000e+000  0.000000e+000  0.000000e+000  
0.000000e+000  0.000000e+000  0.000000e+000  0.000000e+000  0.000000e+000  0.000000e+000  0.000000e+000  0.000000e+000  0.000000e+000  
0.000000e+000  0.000000e+000  0.000000e+000  0.000000e+000  0.000000e+000  0.000000e+000  0.000000e+000  0.000000e+000  0.000000e+000  
0.000000e+000  0.000000e+000  0.000000e+000  0.000000e+000  0.000000e+000  0.000000e+000  0.000000e+000  0.000000e+000  0.000000e+000  

0.000000e+000  0.000000e+000  0.000000e+000  0.000000e+000  0.000000e+000  0.000000e+000  0.000000e+000  0.000000e+000  0.000000e+000  
0.000000e+000  0.000000e+000  0.000000e+000  0.000000e+000  0.000000e+000  0.000000e+000  0.000000e+000  0.000000e+000  0.000000e+000  
0.000000e+000  0.000000e+000  0.000000e+000  0.000000e+000  0.000000e+000  0.000000e+000  0.000000e+000  0.000000e+000  0.000000e+000  
0.000000e+000  0.000000e+000  0.000000e+000  0.000000e+000  0.000000e+000  0.000000e+000  0.000000e+000  0.000000e+000  0.000000e+000  
0.000000e+000  0.000000e+000  0.000000e+000  0.000000e+000  0.000000e+000  0.000000e+000  0.000000e+000  0.000000e+000  0.000000e+000  
0.000000e+000  0.000000e+000  0.000000e+000  0.000000e+000  0.000000e+000  0.000000e+000  0.000000e+000  0.000000e+000  0.000000e+000  
0.000000e+000  0.000000e+000  0.000000e+000  0.000000e+000  0.000000e+000  0.000000e+000  0.000000e+000  0.000000e+000  0.000000e+000  
0.000000e+000  0.000000e+000  0.000000e+000  0.000000e+000  0.000000e+000  0.000000e+000  0.000000e+000  0.000000e+000  0.000000e+000  
0.000000e+000  0.000000e+000  0.000000e+000  0.000000e+000  0.000000e+000  0.000000e+000  0.000000e+000  0.000000e+000  0.000000e+000  
0.000000e+000  0.000000e+000  0.000000e+000  0.000000e+000  0.000000e+000  0.000000e+000  0.000000e+000  0.000000e+000  0.000000e+000  
0.000000e+000  0.000000e+000  0.000000e+000  0.000000e+000  0.000000e+000  0.000000e+000  0.000000e+000  0.000000e+000  0.000000e+000  
0.000000e+000  0.000000e+000  0.000000e+000  0.000000e+000  0.000000e+000  0.000000e+000  0.000000e+000  0.000000e+000  0.000000e+000  
0.000000e+000  0.000000e+000  0.000000e+000  0.000000e+000  0.000000e+000  0.000000e+000  0.000000e+000  0.000000e+000  0.000000e+000  
0.000000e+000  0.000000e+000  0.000000e+000  0.000000e+000  0.000000e+000  0.000000e+000  0.000000e+000  0.000000e+000  0.000000e+000  
0.000000e+000  0.000000e+000  0.000000e+000  0.000000e+000  0.000000e+000  0.000000e+000  0.000000e+000  0.000000e+000  0.000000e+000  
0.000000e+000  0.000000e+000  0.000000e+000  0.000000e+000  0.000000e+000  0.000000e+000  0.000000e+000  0.000000e+000  0.000000e+000  
0.000000e+000  0.000000e+000  0.000000e+000  0.000000e+000  0.000000e+000  0.000000e+000  0.000000e+000  0.000000e+000  0.000000e+000  
0.000000e+000  0.000000e+000  0.000000e+000  0.000000e+000  0.000000e+000  0.000000e+000  0.000000e+000  0.000000e+000  0.000000e+000  
0.000000e+000  0.000000e+000  0.000000e+000  0.000000e+000  0.000000e+000  0.000000e+000  0.000000e+000  0.000000e+000  0.000000e+000  
0.000000e+000  0.000000e+000  0.000000e+000  0.000000e+000  0.000000e+000  0.000000e+000  0.000000e+000  0.000000e+000  0.000000e+000  
0.000000e+000  0.000000e+000  0.000000e+000  0.000000e+000  0.000000e+000  0.000000e+000  0.000000e+000  0.000000e+000  0.000000e+000  
0.000000e+000  0.000000e+000  0.000000e+000  0.000000e+000  0.000000e+000  0.000000e+000  0.000000e+000  0.000000e+000  0.000000e+000  
0.000000e+000  0.000000e+000  0.000000e+000  0.000000e+000  0.000000e+000  0.000000e+000  0.000000e+000  0.000000e+000  0.000000e+000  
0.000000e+000  0.000000e+000  0.000000e+000  0.000000e+000  0.000000e+000  0.000000e+000  0.000000e+000  0.000000e+000  0.000000e+000  
0.000000e+000  0.000000e+000  0.000000e+000  0.000000e+000  0.000000e+000  0.000000e+000  0.000000e+000  0.000000e+000  0.000000e+000  
0.000000e+000  0.000000e+000  0.000000e+000  0.000000e+000  0.000000e+000  0.000000e+000  0.000000e+000  0.000000e+000  0.000000e+000  
0.000000e+000  0.000000e+000  0.000000e+000  0.000000e+000  0.000000e+000  0.000000e+000  0.000000e+000  0.000000e+000  0.000000e+000  
0.000000e+000  0.000000e+000  0.000000e+000  0.000000e+000  0.000000e+000  0.000000e+000  0.000000e+000  0.000000e+000  0.000000e+000  
0.000000e+000  0.000000e+000  0.000000e+000  0.000000e+000  0.000000e+000  0.000000e+000  0.000000e+000  0.000000e+000  0.000000e+000  
0.000000e+000  0.000000e+000  0.000000e+000  0.000000e+000  0.000000e+000  0.000000e+000  0.000000e+000  0.000000e+000  0.000000e+000  
0.000000e+000  0.000000e+000  0.000000e+000  0.000000e+000  0.000000e+000  0.000000e+000  0.000000e+000  0.000000e+000  0.000000e+000  
0.000000e+000  0.000000e+000  0.000000e+000  0.000000e+000  0.000000e+000  0.000000e+000  0.000000e+000  0.000000e+000  0.000000e+000  
0.000000e+000  0.000000e+000  0.000000e+000  0.000000e+000  0.000000e+000  0.000000e+000  0.000000e+000  0.000000e+000  0.000000e+000  
0.000000e+000  0.000000e+000  0.000000e+000  0.000000e+000  0.000000e+000  0.000000e+000  0.000000e+000  0.000000e+000  0.000000e+000  
0.000000e+000  0.000000e+000  0.000000e+000  0.000000e+000  0.000000e+000  0.000000e+000  0.000000e+000  0.000000e+000  0.000000e+000  
0.000000e+000  0.000000e+000  0.000000e+000  0.000000e+000  0.000000e+000  0.000000e+000  0.000000e+000  0.000000e+000  0.000000e+000  
0.000000e+000  0.000000e+000  0.000000e+000  0.000000e+000  0.000000e+000  0.000000e+000  0.000000e+000  0.000000e+000  0.000000e+000  
0.000000e+000  0.000000e+000  0.000000e+000  0.000000e+000  0.000000e+000  0.000000e+000  0.000000e+000  0.000000e+000  0.000000e+000  
0.000000e+000  0.000000e+000  0.000000e+000  0.000000e+000  0.000000e+000  0.000000e+000  0.000000e+000  0.000000e+000  0.000000e+000  
0.000000e+000  0.000000e+000  0.000000e+000  0.000000e+000  0.000000e+000  0.000000e+000  0.000000e+000  0.000000e+000  0.000000e+000  
0.000000e+000  0.000000e+000  0.000000e+000  0.000000e+000  0.000000e+000  0.000000e+000  0.000000e+000  0.000000e+000  0.000000e+000  
0.000000e+000  0.000000e+000  0.000000e+000  0.000000e+000  0.000000e+000  0.000000e+000  0.000000e+000  0.000000e+000  0.000000e+000  
0.000000e+000  0.000000e+000  0.000000e+000  0.000000e+000  0.000000e+000  0.000000e+000  0.000000e+000  0.000000e+000  0.000000e+000  
0.000000e+000  0.000000e+000  0.000000e+000  0.000000e+000  0.000000e+000  0.000000e+000  0.000000e+000  0.000000e+000  0.000000e+000  
0.000000e+000  0.000000e+000  0.000000e+000  0.000000e+000  0.000000e+000  0.000000e+000  0.000000e+000  0.000000e+000  0.000000e+000  
0.000000e+000  0.000000e+000  0.000000e+000  0.000000e+000  0.000000e+000  0.000000e+000  0.000000e+000  0.000000e+000  0.000000e+000  
0.000000e+000  0.000000e+000  0.000000e+000  0.000000e+000  0.000000e+000  0.000000e+000  0.000000e+000  0.000000e+000  0.000000e+000  
0.000000e+000  0.000000e+000  0.000000e+000  0.000000e+000  0.000000e+000  0.000000e+000  0.000000e+000  0.000000e+000  0.000000e+000  
0.000000e+000  0.000000e+000  0.000000e+000  0.000000e+000  0.000000e+000  0.000000e+000  0.000000e+000  0.000000e+000  0.000000e+000  
0.000000e+000  0.000000e+000  0.000000e+000  0.000000e+000  0.000000e+000  0.000000e+000  0.000000e+000  0.000000e+000  0.000000e+000  
0.000000e+000  0.000000e+000  0.000000e+000  0.000000e+000  0.000000e+000  0.000000e+000  0.000000e+000  0.000000e+000  0.000000e+000  
0.000000e+000  0.000000e+000  0.000000e+000  0.000000e+000  0.000000e+000  0.000000e+000  0.000000e+000  0.000000e+000  0.000000e+000  
0.000000e+000  0.000000e+000  0.000000e+000  0.000000e+000  0.000000e+000  0.000000e+000  0.000000e+000  0.000000e+000  0.000000e+000  
0.000000e+000  0.000000e+000  0.000000e+000  0.000000e+000  0.000000e+000  0.000000e+000  0.000000e+000  0.000000e+000  0.000000e+000  
0.000000e+000  0.000000e+000  0.000000e+000  0.000000e+000  0.000000e+000  0.000000e+000  0.000000e+000  0.000000e+000  0.000000e+000  
0.000000e+000  0.000000e+000  0.000000e+000  0.000000e+000  0.000000e+000  0.000000e+000  0.000000e+000  0.000000e+000  0.000000e+000  
0.000000e+000  0.000000e+000  0.000000e+000  0.000000e+000  0.000000e+000  0.000000e+000  0.000000e+000  0.000000e+000  0.000000e+000  
0.000000e+000  0.000000e+000  0.000000e+000  0.000000e+000  0.000000e+000  0.000000e+000  0.000000e+000  0.000000e+000  0.000000e+000  
0.000000e+000  0.000000e+000  0.000000e+000  0.000000e+000  0.000000e+000  0.000000e+000  0.000000e+000  0.000000e+000  0.000000e+000  
0.000000e+000  0.000000e+000  0.000000e+000  0.000000e+000  0.000000e+000  0.000000e+000  0.000000e+000  0.000000e+000  0.000000e+000  
0.000000e+000  0.000000e+000  0.000000e+000  0.000000e+000  0.000000e+000  0.000000e+000  0.000000e+000  0.000000e+000  0.000000e+000  
0.000000e+000  0.000000e+000  0.000000e+000  0.000000e+000  0.000000e+000  0.000000e+000  0.000000e+000  0.000000e+000  0.000000e+000  
0.000000e+000  0.000000e+000  0.000000e+000  0.000000e+000  0.000000e+000  0.000000e+000  0.000000e+000  0.000000e+000  0.000000e+000  
0.000000e+000  0.000000e+000  0.000000e+000  0.000000e+000  0.000000e+000  0.000000e+000  0.000000e+000  0.000000e+000  0.000000e+000  
0.000000e+000  0.000000e+000  0.000000e+000  0.000000e+000  0.000000e+000  0.000000e+000  0.000000e+000  0.000000e+000  0.000000e+000  
0.000000e+000  0.000000e+000  0.000000e+000  0.000000e+000  0.000000e+000  0.000000e+000  0.000000e+000  0.000000e+000  0.000000e+000  
0.000000e+000  0.000000e+000  0.000000e+000  0.000000e+000  0.000000e+000  0.000000e+000  0.000000e+000  0.000000e+000  0.000000e+000  
0.000000e+000  0.000000e+000  0.000000e+000  0.000000e+000  0.000000e+000  0.000000e+000  0.000000e+000  0.000000e+000  0.000000e+000  
0.000000e+000  0.000000e+000  0.000000e+000  0.000000e+000  0.000000e+000  0.000000e+000  0.000000e+000  0.000000e+000  0.000000e+000  
0.000000e+000  0.000000e+000  0.000000e+000  0.000000e+000  0.000000e+000  0.000000e+000  0.000000e+000  0.000000e+000  0.000000e+000  
0.000000e+000  0.000000e+000  0.000000e+000  0.000000e+000  0.000000e+000  0.000000e+000  0.000000e+000  0.000000e+000  0.000000e+000  
0.000000e+000  0.000000e+000  0.000000e+000  0.000000e+000  0.000000e+000  0.000000e+000  0.000000e+000  0.000000e+000  0.000000e+000  
0.000000e+000  0.000000e+000  0.000000e+000  0.000000e+000  0.000000e+000  0.000000e+000  0.000000e+000  0.000000e+000  0.000000e+000  
0.000000e+000  0.000000e+000  0.000000e+000  0.000000e+000  0.000000e+000  0.000000e+000  0.000000e+000  0.000000e+000  0.000000e+000  
0.000000e+000  0.000000e+000  0.000000e+000  0.000000e+000  0.000000e+000  0.000000e+000  0.000000e+000  0.000000e+000  0.000000e+000  
0.000000e+000  0.000000e+000  0.000000e+000  0.000000e+000  0.000000e+000  0.000000e+000  0.000000e+000  0.000000e+000  0.000000e+000  
0.000000e+000  0.000000e+000  0.000000e+000  0.000000e+000  0.000000e+000  0.000000e+000  0.000000e+000  0.000000e+000  0.000000e+000  
0.000000e+000  0.000000e+000  0.000000e+000  0.000000e+000  0.000000e+000  0.000000e+000  0.000000e+000  0.000000e+000  0.000000e+000  
0.000000e+000  0.000000e+000  0.000000e+000  0.000000e+000  0.000000e+000  0.000000e+000  0.000000e+000  0.000000e+000  0.000000e+000  
0.000000e+000  0.000000e+000  0.000000e+000  0.000000e+000  0.000000e+000  0.000000e+000  0.000000e+000  0.000000e+000  0.000000e+000  
0.000000e+000  0.000000e+000  0.000000e+000  0.000000e+000  0.000000e+000  0.000000e+000  0.000000e+000  0.000000e+000  0.000000e+000  
0.000000e+000  0.000000e+000  0.000000e+000  0.000000e+000  0.000000e+000  0.000000e+000  0.000000e+000  0.000000e+000  0.000000e+000  
0.000000e+000  0.000000e+000  0.000000e+000  0.000000e+000  0.000000e+000  0.000000e+000  0.000000e+000  0.000000e+000  0.000000e+000  
0.000000e+000  0.000000e+000  0.000000e+000  0.000000e+000  0.000000e+000  0.000000e+000  0.000000e+000  0.000000e+000  0.000000e+000  
0.000000e+000  0.000000e+000  0.000000e+000  0.000000e+000  0.000000e+000  0.000000e+000  0.000000e+000  0.000000e+000  0.000000e+000  
0.000000e+000  0.000000e+000  0.000000e+000  0.000000e+000  0.000000e+000  0.000000e+000  0.000000e+000  0.000000e+000  0.000000e+000  
0.000000e+000  0.000000e+000  0.000000e+000  0.000000e+000  0.000000e+000  0.000000e+000  0.000000e+000  0.000000e+000  0.000000e+000  
0.000000e+000  0.000000e+000  0.000000e+000  0.000000e+000  0.000000e+000  0.000000e+000  0.000000e+000  0.000000e+000  0.000000e+000  
0.000000e+000  0.000000e+000  0.000000e+000  0.000000e+000  0.000000e+000  0.000000e+000  0.000000e+000  0.000000e+000  0.000000e+000  
0.000000e+000  0.000000e+000  0.000000e+000  0.000000e+000  0.000000e+000  0.000000e+000  0.000000e+000  0.000000e+000  0.000000e+000  
0.000000e+000  0.000000e+000  0.000000e+000  0.000000e+000  0.000000e+000  0.000000e+000  0.000000e+000  0.000000e+000  0.000000e+000  
0.000000e+000  0.000000e+000  0.000000e+000  0.000000e+000  0.000000e+000  0.000000e+000  0.000000e+000  0.000000e+000  0.000000e+000  
0.000000e+000  0.000000e+000  0.000000e+000  0.000000e+000  0.000000e+000  0.000000e+000  0.000000e+000  0.000000e+000  0.000000e+000  
0.000000e+000  0.000000e+000  0.000000e+000  0.000000e+000  0.000000e+000  0.000000e+000  0.000000e+000  0.000000e+000  0.000000e+000  
0.000000e+000  0.000000e+000  0.000000e+000  0.000000e+000  0.000000e+000  0.000000e+000  0.000000e+000  0.000000e+000  0.000000e+000  
0.000000e+000  0.000000e+000  0.000000e+000  0.000000e+000  0.000000e+000  0.000000e+000  0.000000e+000  0.000000e+000  0.000000e+000  

-2.600319e-008  -2.594086e-008  -2.576732e-008  -2.546040e-008  -2.500255e-008  -8.743274e-009  -3.828819e-008  -1.520188e-008  -2.578653e-008  
-3.022010e-008  -3.068419e-008  -3.131862e-008  1.330751e-008  -2.119706e-008  -2.338879e-008  -2.563894e-008  -2.768014e-008  -3.080837e-008  
-2.705824e-008  -3.118559e-008  7.514488e-009  -1.817909e-008  -2.025211e-008  -2.373766e-008  -2.712594e-008  -3.009645e-008  -3.442340e-008  
-7.512821e-009  -2.844311e-008  3.443746e-009  -1.540743e-008  -1.896359e-008  -2.435531e-008  -2.925618e-008  -3.343272e-008  -3.929621e-008  
-4.316186e-009  -3.524557e-009  -0.000000e+000  -1.133200e-008  -1.799239e-008  -2.566673e-008  -3.243585e-008  -3.807025e-008  -4.583792e-008  
-1.469238e-009  -1.031529e-009  -0.000000e+000  -9.467800e-009  -1.789240e-008  -2.837371e-008  -3.731413e-008  -4.471588e-008  -5.482192e-008  
2.679772e-008  1.907055e-008  -0.000000e+000  -1.021826e-008  -2.014530e-008  -3.302562e-008  -4.437714e-008  -5.380929e-008  -6.674197e-008  
-0.000000e+000  -0.000000e+000  -0.000000e+000  -1.212200e-008  -2.393838e-008  -3.992797e-008  -5.412127e-008  -6.601858e-008  -8.242453e-008  
-0.000000e+000  -0.000000e+000  -0.000000e+000  -2.093381e-008  -4.142306e-008  -6.957060e-008  -9.475518e-008  -1.159628e-007  -1.454832e-007  
-0.000000e+000  -0.000000e+000  -0.000000e+000  -4.010686e-008  -7.937205e-008  -1.332049e-007  -1.814480e-007  -2.221127e-007  -2.787284e-007  
-0.000000e+000  -0.000000e+000  -0.000000e+000  -7.822825e-008  -1.548222e-007  -2.592923e-007  -3.528925e-007  -4.317708e-007  -5.416157e-007  
-0.000000e+000  -0.000000e+000  -0.000000e+000  -1.532872e-007  -3.033666e-007  -5.067028e-007  -6.888600e-007  -8.423541e-007  -1.056011e-006  
-0.000000e+000  -0.000000e+000  -0.000000e+000  -3.006394e-007  -5.949978e-007  -9.909180e-007  -1.345470e-006  -1.644137e-006  -2.059756e-006  
-0.000000e+000  -0.000000e+000  -0.000000e+000  -5.897009e-007  -1.167111e-006  -1.937488e-006  -2.627107e-006  -3.207829e-006  -4.015729e-006  
-0.000000e+000  -0.000000e+000  -0.000000e+000  -1.156581e-006  -2.289060e-006  -3.786514e-006  -5.126513e-006  -6.254581e-006  -7.823214e-006  
-0.000000e+000  -0.000000e+000  -0.000000e+000  -2.267871e-006  -4.488515e-006  -7.396020e-006  -9.996623e-006  -1.218521e-005  -1.522713e-005  
-0.000000e+000  -0.000000e+000  -0.000000e+000  -4.445819e-006  -8.799132e-006  -1.443706e-005  -1.947747e-005  -2.371775e-005  -2.960815e-005  
-0.000000e+000  -0.000000e+000  -0.000000e+000  -8.712852e-006  -1.724458e-005  -2.816125e-005  -3.791572e-005  -4.611830e-005  -5.750614e-005  
-0.000000e+000  -0.000000e+000  -0.000000e+000  -1.706995e-005  -3.378544e-005  -5.488898e-005  -7.373443e-005  -8.957415e-005  -1.115501e-004  
-0.000000e+000  -0.000000e+000  -0.000000e+000  -3.343144e-005  -6.616943e-005  -1.068912e-004  -1.432308e-004  -1.737584e-004  -2.160800e-004  
-0.000000e+000  -0.000000e+000  -0.000000e+000  -6.545063e-005  -1.295454e-004  -2.079606e-004  -2.778836e-004  -3.365878e-004  -4.179017e-004  
-0.000000e+000  -0.000000e+000  -0.000000e+000  -1.280834e-004  -2.535171e-004  -4.041632e-004  -5.383766e-004  -6.509789e-004  -8.067963e-004  
-0.000000e+000  -0.000000e+000  -0.000000e+000  -2.391196e-004  -4.732995e-004  -7.491301e-004  -9.946408e-004  -1.200468e-003  -1.484987e-003  
-0.000000e+000  -0.000000e+000  -0.000000e+000  -3.070422e-004  -6.077457e-004  -9.586871e-004  -1.270911e-003  -1.532575e-003  -1.894094e-003  
-0.000000e+000  -0.000000e+000  -0.000000e+000  -3.929709e-004  -7.778346e-004  -1.222892e-003  -1.618668e-003  -1.950236e-003  -2.408100e-003  
-0.000000e+000  -0.000000e+000  -0.000000e+000  -5.019291e-004  -9.935101e-004  -1.556672e-003  -2.057240e-003  -2.476445e-003  -3.055019e-003  
-0.000000e+000  -0.000000e+000  -0.000000e+000  -6.412028e-004  -1.269195e-003  -1.981654e-003  -2.614611e-003  -3.144481e-003  -3.875384e-003  
-0.000000e+000  -0.000000e+000  -0.000000e+000  -8.184529e-004  -1.620056e-003  -2.520289e-003  -3.319651e-003  -3.988553e-003  -4.910691e-003  
-0.000000e+000  -0.000000e+000  -0.000000e+000  -1.044141e-003  -2.066801e-003  -3.203165e-003  -4.211647e-003  -5.055173e-003  -6.217321e-003  
-0.000000e+000  -0.000000e+000  -0.000000e+000  -1.951793e-003  -3.863507e-003  -5.930262e-003  -7.761775e-003  -9.291965e-003  -1.139666e-002  
-0.000000e+000  -0.000000e+000  -0.000000e+000  -3.837012e-003  -7.595415e-003  -1.152014e-002  -1.499156e-002  -1.788753e-002  -2.186214e-002  
-0.000000e+000  -0.000000e+000  -0.000000e+000  -7.575229e-003  -1.499566e-002  -2.243710e-002  -2.900394e-002  -3.447223e-002  -4.195728e-002  
-0.000000e+000  -0.000000e+000  -0.000000e+000  -1.496190e-002  -2.961892e-002  -4.364363e-002  -5.598543e-002  -6.623972e-002  -8.022998e-002  
-0.000000e+000  -0.000000e+000  -0.000000e+000  -2.953332e-002  -5.846669e-002  -8.467501e-002  -1.076588e-001  -1.267021e-001  -1.525767e-001  
-0.000000e+000  -0.000000e+000  -0.000000e+000  -5.824118e-002  -1.153030e-001  -1.637494e-001  -2.060491e-001  -2.409723e-001  -2.881712e-001  
-0.000000e+000  -0.000000e+000  -0.000000e+000  -1.147330e-001  -2.271499e-001  -3.154684e-001  -3.921389e-001  -4.551401e-001  -5.396745e-001  
-0.000000e+000  -0.000000e+000  -0.000000e+000  -2.257850e-001  -4.470204e-001  -6.051319e-001  -7.413053e-001  -8.524571e-001  -1.000057e+000  
-0.000000e+000  -0.000000e+000  -0.000000e+000  -4.439962e-001  -8.790285e-001  -1.155201e+000  -1.390264e+000  -1.580188e+000  -1.828294e+000  
-0.000000e+000  -0.000000e+000  -0.000000e+000  -8.733599e-001  -1.728862e+000  -2.194392e+000  -2.582933e+000  -2.891419e+000  -3.282898e+000  
-0.000000e+000  -0.000000e+000  -0.000000e+000  -1.723623e+000  -3.410565e+000  -4.151287e+000  -4.746277e+000  -5.202361e+000  -5.747508e+000  
-0.000000e+000  -0.000000e+000  -0.000000e+000  -3.440039e+000  -6.799358e+000  -7.845175e+000  -8.608265e+000  -9.142000e+000  -9.682648e+000  
-0.000000e+000  -0.000000e+000  -0.000000e+000  -7.070428e+000  -1.394547e+001  -1.489756e+001  -1.531699e+001  -1.544368e+001  -1.529313e+001  
-0.000000e+000  -0.000000e+000  -0.000000e+000  -1.467518e+001  -2.896468e+001  -2.721149e+001  -2.508259e+001  -2.324238e+001  -2.099959e+001  
-0.000000e+000  -0.000000e+000  -0.000000e+000  -1.957518e+001  -3.921240e+001  -3.301816e+001  -2.836736e+001  -2.525286e+001  -2.232130e+001  
-0.000000e+000  -0.000000e+000  -0.000000e+000  -2.423494e+001  -5.059743e+001  -3.709320e+001  -2.989861e+001  -2.602387e+001  -2.303238e+001  
-0.000000e+000  -0.000000e+000  -0.000000e+000  -2.242916e+001  -5.347299e+001  -3.343905e+001  -2.743205e+001  -2.497906e+001  -2.312206e+001  
-0.000000e+000  -0.000000e+000  -0.000000e+000  -5.021591e+000  -0.000000e+000  -1.994797e+001  -2.298143e+001  -2.353989e+001  -2.298383e+001  
-0.000000e+000  -0.000000e+000  -0.000000e+000  -1.137296e+000  -0.000000e+000  -1.398422e+001  -2.015060e+001  -2.248018e+001  -2.284413e+001  
-0.000000e+000  -0.000000e+000  -0.000000e+000  -1.137296e+000  -0.000000e+000  -1.398422e+001  -2.015060e+001  -2.248018e+001  -2.284413e+001  
-0.000000e+000  -0.000000e+000  -0.000000e+000  -5.021591e+000  -0.000000e+000  -1.994797e+001  -2.298143e+001  -2.353989e+001  -2.298383e+001  
-0.000000e+000  -0.000000e+000  -0.000000e+000  -2.242916e+001  -5.347299e+001  -3.343905e+001  -2.743205e+001  -2.497906e+001  -2.312206e+001  
-0.000000e+000  -0.000000e+000  -0.000000e+000  -2.423494e+001  -5.059743e+001  -3.709320e+001  -2.989861e+001  -2.602387e+001  -2.303238e+001  
-0.000000e+000  -0.000000e+000  -0.000000e+000  -1.957518e+001  -3.921240e+001  -3.301816e+001  -2.836736e+001  -2.525286e+001  -2.232130e+001  
-0.000000e+000  -0.000000e+000  -0.000000e+000  -1.467518e+001  -2.896468e+001  -2.721149e+001  -2.508259e+001  -2.324238e+001  -2.099959e+001  
-0.000000e+000  -0.000000e+000  -0.000000e+000  -7.070428e+000  -1.394547e+001  -1.489756e+001  -1.531699e+001  -1.544368e+001  -1.529313e+001  
-0.000000e+000  -0.000000e+000  -0.000000e+000  -3.440039e+000  -6.799358e+000  -7.845175e+000  -8.608265e+000  -9.142000e+000  -9.682648e+000  
-0.000000e+000  -0.000000e+000  -0.000000e+000  -1.723623e+000  -3.410565e+000  -4.151287e+000  -4.746277e+000  -5.202361e+000  -5.747508e+000  
-0.000000e+000  -0.000000e+000  -0.000000e+000  -8.733599e-001  -1.728862e+000  -2.194392e+000  -2.582933e+000  -2.891419e+000  -3.282898e+000  
-0.000000e+000  -0.000000e+000  -0.000000e+000  -4.439962e-001  -8.790285e-001  -1.155201e+000  -1.390264e+000  -1.580188e+000  -1.828294e+000  
-0.000000e+000  -0.000000e+000  -0.000000e+000  -2.257850e-001  -4.470204e-001  -6.051319e-001  -7.413053e-001  -8.524571e-001  -1.000057e+000  
-0.000000e+000  -0.000000e+000  -0.000000e+000  -1.147330e-001  -2.271499e-001  -3.154684e-001  -3.921389e-001  -4.551401e-001  -5.396745e-001  
-0.000000e+000  -0.000000e+000  -0.000000e+000  -5.824118e-002  -1.153030e-001  -1.637494e-001  -2.060491e-001  -2.409723e-001  -2.881712e-001  
-0.000000e+000  -0.000000e+000  -0.000000e+000  -2.953332e-002  -5.846669e-002  -8.467501e-002  -1.076588e-001  -1.267021e-001  -1.525767e-001  
-0.000000e+000  -0.000000e+000  -0.000000e+000  -1.496190e-002  -2.961892e-002  -4.364363e-002  -5.598543e-002  -6.623972e-002  -8.022998e-002  
-0.000000e+000  -0.000000e+000  -0.000000e+000  -7.575229e-003  -1.499566e-002  -2.243710e-002  -2.900394e-002  -3.447223e-002  -4.195728e-002  
-0.000000e+000  -0.000000e+000  -0.000000e+000  -3.837012e-003  -7.595415e-003  -1.152014e-002  -1.499156e-002  -1.788753e-002  -2.186214e-002  
-0.000000e+000  -0.000000e+000  -0.000000e+000  -1.951793e-003  -3.863507e-003  -5.930262e-003  -7.761775e-003  -9.291965e-003  -1.139666e-002  
-0.000000e+000  -0.000000e+000  -0.000000e+000  -1.044141e-003  -2.066801e-003  -3.203165e-003  -4.211646e-003  -5.055173e-003  -6.217321e-003  
-0.000000e+000  -0.000000e+000  -0.000000e+000  -8.184529e-004  -1.620056e-003  -2.520289e-003  -3.319651e-003  -3.988553e-003  -4.910691e-003  
-0.000000e+000  -0.000000e+000  -0.000000e+000  -6.412029e-004  -1.269195e-003  -1.981654e-003  -2.614611e-003  -3.144481e-003  -3.875384e-003  
-0.000000e+000  -0.000000e+000  -0.000000e+000  -5.019291e-004  -9.935101e-004  -1.556672e-003  -2.057240e-003  -2.476445e-003  -3.055019e-003  
-0.000000e+000  -0.000000e+000  -0.000000e+000  -3.929709e-004  -7.778346e-004  -1.222892e-003  -1.618668e-003  -1.950236e-003  -2.408100e-003  
-0.000000e+000  -0.000000e+000  -0.000000e+000  -3.070422e-004  -6.077457e-004  -9.586872e-004  -1.270911e-003  -1.532575e-003  -1.894094e-003  
-0.000000e+000  -0.000000e+000  -0.000000e+000  -2.391196e-004  -4.732995e-004  -7.491301e-004  -9.946408e-004  -1.200468e-003  -1.484987e-003  
-0.000000e+000  -0.000000e+000  -0.000000e+000  -1.280834e-004  -2.535171e-004  -4.041633e-004  -5.383766e-004  -6.509789e-004  -8.067963e-004  
-0.000000e+000  -0.000000e+000  -0.000000e+000  -6.545063e-005  -1.295454e-004  -2.079606e-004  -2.778836e-004  -3.365878e-004  -4.179017e-004  
-0.000000e+000  -0.000000e+000  -0.000000e+000  -3.343144e-005  -6.616944e-005  -1.068912e-004  -1.432309e-004  -1.737584e-004  -2.160800e-004  
-0.000000e+000  -0.000000e+000  -0.000000e+000  -1.706996e-005  -3.378545e-005  -5.488897e-005  -7.373443e-005  -8.957415e-005  -1.115501e-004  
-0.000000e+000  -0.000000e+000  -0.000000e+000  -8.712855e-006  -1.724459e-005  -2.816125e-005  -3.791573e-005  -4.611829e-005  -5.750615e-005  
-0.000000e+000  -0.000000e+000  -0.000000e+000  -4.445824e-006  -8.799139e-006  -1.443706e-005  -1.947747e-005  -2.371775e-005  -2.960815e-005  
-0.000000e+000  -0.000000e+000  -0.000000e+000  -2.267881e-006  -4.488526e-006  -7.396010e-006  -9.996622e-006  -1.218521e-005  -1.522713e-005  
-0.000000e+000  -0.000000e+000  -0.000000e+000  -1.156582e-006  -2.289050e-006  -3.786517e-006  -5.126504e-006  -6.254572e-006  -7.823218e-006  
-0.000000e+000  -0.000000e+000  -0.000000e+000  -5.897067e-007  -1.167113e-006  -1.937485e-006  -2.627102e-006  -3.207836e-006  -4.015723e-006  
-0.000000e+000  -0.000000e+000  -0.000000e+000  -3.006291e-007  -5.949880e-007  -9.909255e-007  -1.345481e-006  -1.644131e-006  -2.059751e-006  
-0.000000e+000  -0.000000e+000  -0.000000e+000  -1.532691e-007  -3.033483e-007  -5.067147e-007  -6.888721e-007  -8.423320e-007  -1.056011e-006  
-0.000000e+000  -0.000000e+000  -0.000000e+000  -7.823349e-008  -1.548237e-007  -2.592958e-007  -3.528869e-007  -4.317727e-007  -5.416102e-007  
-0.000000e+000  -0.000000e+000  -0.000000e+000  -4.010695e-008  -7.936825e-008  -1.332119e-007  -1.814560e-007  -2.221097e-007  -2.787274e-007  
-0.000000e+000  -0.000000e+000  -0.000000e+000  -2.093818e-008  -4.142761e-008  -6.956340e-008  -9.475092e-008  -1.159680e-007  -1.454793e-007  
-0.000000e+000  -0.000000e+000  -0.000000e+000  -1.211399e-008  -2.393979e-008  -3.992765e-008  -5.412497e-008  -6.600567e-008  -8.241675e-008  
2.678903e-008  1.905772e-008  -0.000000e+000  -1.024503e-008  -2.010304e-008  -3.303554e-008  -4.438551e-008  -5.380049e-008  -6.674349e-008  
-1.468931e-009  -9.968247e-010  -0.000000e+000  -9.433821e-009  -1.792231e-008  -2.835371e-008  -3.730777e-008  -4.469681e-008  -5.481357e-008  
-4.316345e-009  -3.531539e-009  -0.000000e+000  -1.133581e-008  -1.798436e-008  -2.567737e-008  -3.242456e-008  -3.807863e-008  -4.583786e-008  
-7.520229e-009  -2.841642e-008  3.414786e-009  -1.539993e-008  -1.896309e-008  -2.434063e-008  -2.924914e-008  -3.342429e-008  -3.928596e-008  
-2.704826e-008  -3.118529e-008  7.539348e-009  -1.819584e-008  -2.023690e-008  -2.372874e-008  -2.711649e-008  -3.009710e-008  -3.442321e-008  
-3.020911e-008  -3.067406e-008  -3.130925e-008  1.331017e-008  -2.118890e-008  -2.338654e-008  -2.562541e-008  -2.768281e-008  -3.079540e-008  
-2.599389e-008  -2.593194e-008  -2.575811e-008  -2.545131e-008  -2.499272e-008  -8.733823e-009  -3.827765e-008  -1.519519e-008  -2.577587e-008  

