Port monitor named: Port1_h1.prt

nx        = 106
ny        = 78
nz        = 21

nu        = 9
nv        = 96
iu        = 8
iv        = 6

idir      = 1
dcut      = -1.030000e-001
icut      = 6
type      = 1
frequency = 1.800000e+009

fcutoff   = 0.000000e+000
alpha     = 0.000000e+000
beta      = 6.981078e+001
accuracy  = 5.876393e-014

type          = QTEM
wave imp.     = 2.044849e+002
wave imp.sig. = 1.433592e-009
line imp.     = 4.796610e+001

ref. port     = 0

2.448265e-011  3.142933e-011  4.218280e-011  -5.361236e-010  -7.908780e-011  1.629597e-010  -1.921984e-010  1.369644e-010  4.101465e-011  
-2.313852e-010  -3.959394e-011  -2.104460e-009  1.586239e-009  -1.140659e-010  -4.050436e-011  2.451321e-011  7.700679e-011  1.429612e-010  
-1.103661e-009  -2.241747e-010  1.303753e-010  -2.308990e-010  -1.507062e-010  -3.849985e-011  4.923391e-011  1.172020e-010  2.005709e-010  
-2.491040e-010  -1.401087e-009  2.507316e-011  -3.318254e-010  -1.653820e-010  -1.012647e-011  9.922464e-011  1.795859e-010  2.800777e-010  
-1.818251e-010  -1.587643e-010  -0.000000e+000  -1.206926e-010  -4.728133e-011  7.944150e-011  1.845773e-010  2.715666e-010  3.866552e-010  
-1.454827e-009  -1.034608e-009  -0.000000e+000  2.069487e-011  8.257977e-011  1.853026e-010  2.959269e-010  3.912821e-010  5.263223e-010  
1.367194e-009  9.729615e-010  -0.000000e+000  7.916725e-011  1.587703e-010  2.973233e-010  4.269903e-010  5.414437e-010  7.052758e-010  
-0.000000e+000  -0.000000e+000  -0.000000e+000  1.478331e-010  2.935432e-010  5.094152e-010  7.056662e-010  8.726822e-010  1.109657e-009  
-0.000000e+000  -0.000000e+000  -0.000000e+000  2.998144e-010  5.933986e-010  1.023919e-009  1.411624e-009  1.739586e-009  2.197889e-009  
-0.000000e+000  -0.000000e+000  -0.000000e+000  5.978617e-010  1.183216e-009  2.041950e-009  2.813589e-009  3.465303e-009  4.376324e-009  
-0.000000e+000  -0.000000e+000  -0.000000e+000  1.180023e-009  2.335107e-009  4.028838e-009  5.551310e-009  6.837596e-009  8.634055e-009  
-0.000000e+000  -0.000000e+000  -0.000000e+000  2.322255e-009  4.595688e-009  7.930302e-009  1.092687e-008  1.345778e-008  1.699362e-008  
-0.000000e+000  -0.000000e+000  -0.000000e+000  4.567728e-009  9.039678e-009  1.559900e-008  2.149328e-008  2.647125e-008  3.342686e-008  
-0.000000e+000  -0.000000e+000  -0.000000e+000  8.983907e-009  1.777882e-008  3.067798e-008  4.227048e-008  5.206172e-008  6.573999e-008  
-0.000000e+000  -0.000000e+000  -0.000000e+000  1.766743e-008  3.496337e-008  6.033221e-008  8.312937e-008  1.023845e-007  1.292855e-007  
-0.000000e+000  -0.000000e+000  -0.000000e+000  3.474498e-008  6.875934e-008  1.186484e-007  1.634817e-007  2.013490e-007  2.542516e-007  
-0.000000e+000  -0.000000e+000  -0.000000e+000  6.832886e-008  1.352210e-007  2.333322e-007  3.215009e-007  3.959699e-007  5.000077e-007  
-0.000000e+000  -0.000000e+000  -0.000000e+000  1.343744e-007  2.659233e-007  4.588676e-007  6.322586e-007  7.787078e-007  9.833072e-007  
-0.000000e+000  -0.000000e+000  -0.000000e+000  2.642587e-007  5.229606e-007  9.024013e-007  1.243389e-006  1.531395e-006  1.933756e-006  
-0.000000e+000  -0.000000e+000  -0.000000e+000  5.196867e-007  1.028446e-006  1.774648e-006  2.445229e-006  3.011615e-006  3.802893e-006  
-0.000000e+000  -0.000000e+000  -0.000000e+000  1.022007e-006  2.022525e-006  3.489993e-006  4.808748e-006  5.922594e-006  7.478706e-006  
-0.000000e+000  -0.000000e+000  -0.000000e+000  1.972284e-006  3.903097e-006  6.735040e-006  9.279991e-006  1.142951e-005  1.443251e-005  
-0.000000e+000  -0.000000e+000  -0.000000e+000  3.157315e-006  6.248241e-006  1.078173e-005  1.485580e-005  1.829683e-005  2.310417e-005  
-0.000000e+000  -0.000000e+000  -0.000000e+000  4.003589e-006  7.922994e-006  1.367162e-005  1.883768e-005  2.320104e-005  2.929691e-005  
-0.000000e+000  -0.000000e+000  -0.000000e+000  5.089206e-006  1.007140e-005  1.737883e-005  2.394573e-005  2.949225e-005  3.724109e-005  
-0.000000e+000  -0.000000e+000  -0.000000e+000  6.483248e-006  1.283017e-005  2.213927e-005  3.050498e-005  3.757081e-005  4.744222e-005  
-0.000000e+000  -0.000000e+000  -0.000000e+000  8.273738e-006  1.637350e-005  2.825350e-005  3.892957e-005  4.794679e-005  6.054439e-005  
-0.000000e+000  -0.000000e+000  -0.000000e+000  1.056482e-005  2.090749e-005  3.607718e-005  4.970957e-005  6.122373e-005  7.730972e-005  
-0.000000e+000  -0.000000e+000  -0.000000e+000  1.595073e-005  3.156606e-005  5.446920e-005  7.505131e-005  9.243535e-005  1.167219e-004  
-0.000000e+000  -0.000000e+000  -0.000000e+000  3.122118e-005  6.178585e-005  1.066153e-004  1.469017e-004  1.809282e-004  2.284651e-004  
-0.000000e+000  -0.000000e+000  -0.000000e+000  6.250320e-005  1.236921e-004  2.134381e-004  2.940888e-004  3.622074e-004  4.573719e-004  
-0.000000e+000  -0.000000e+000  -0.000000e+000  1.248039e-004  2.469832e-004  4.261833e-004  5.872207e-004  7.232333e-004  9.132433e-004  
-0.000000e+000  -0.000000e+000  -0.000000e+000  2.490474e-004  4.928561e-004  8.504450e-004  1.171782e-003  1.443175e-003  1.822285e-003  
-0.000000e+000  -0.000000e+000  -0.000000e+000  4.969304e-004  9.834008e-004  1.696871e-003  2.337965e-003  2.879367e-003  3.635506e-003  
-0.000000e+000  -0.000000e+000  -0.000000e+000  9.916869e-004  1.962462e-003  3.386086e-003  4.665047e-003  5.744862e-003  7.252175e-003  
-0.000000e+000  -0.000000e+000  -0.000000e+000  1.980043e-003  3.918127e-003  6.759541e-003  9.310884e-003  1.146353e-002  1.446417e-002  
-0.000000e+000  -0.000000e+000  -0.000000e+000  3.959003e-003  7.832987e-003  1.350851e-002  1.859737e-002  2.288330e-002  2.883495e-002  
-0.000000e+000  -0.000000e+000  -0.000000e+000  7.946315e-003  1.571574e-002  2.707546e-002  3.722122e-002  4.572466e-002  5.741280e-002  
-0.000000e+000  -0.000000e+000  -0.000000e+000  1.611872e-002  3.184270e-002  5.470301e-002  7.489906e-002  9.160219e-002  1.139340e-001  
-0.000000e+000  -0.000000e+000  -0.000000e+000  3.366675e-002  6.628835e-002  1.129318e-001  1.528694e-001  1.846928e-001  2.240756e-001  
-0.000000e+000  -0.000000e+000  -0.000000e+000  7.624128e-002  1.485991e-001  2.468362e-001  3.232888e-001  3.777094e-001  4.300398e-001  
-0.000000e+000  -0.000000e+000  -0.000000e+000  2.084227e-001  3.944760e-001  6.077942e-001  7.260742e-001  7.761677e-001  7.593675e-001  
-0.000000e+000  -0.000000e+000  -0.000000e+000  6.242494e-001  1.119192e+000  1.458031e+000  1.440989e+000  1.291405e+000  9.813101e-001  
-0.000000e+000  -0.000000e+000  -0.000000e+000  1.237700e+000  2.168086e+000  2.380142e+000  2.007056e+000  1.574166e+000  1.028307e+000  
-0.000000e+000  -0.000000e+000  -0.000000e+000  2.772078e+000  5.099356e+000  4.057696e+000  2.662048e+000  1.722021e+000  9.408323e-001  
-0.000000e+000  -0.000000e+000  -0.000000e+000  5.236742e+000  1.374627e+001  5.909193e+000  2.745293e+000  1.461289e+000  6.969610e-001  
-0.000000e+000  -0.000000e+000  -0.000000e+000  2.830799e+000  -0.000000e+000  2.781920e+000  1.563691e+000  8.491014e-001  3.853285e-001  
-0.000000e+000  -0.000000e+000  -0.000000e+000  1.711210e-010  -0.000000e+000  -1.175446e-011  -1.294853e-011  -1.632439e-011  -1.366335e-011  
-0.000000e+000  -0.000000e+000  -0.000000e+000  -2.830799e+000  -0.000000e+000  -2.781920e+000  -1.563691e+000  -8.491014e-001  -3.853285e-001  
-0.000000e+000  -0.000000e+000  -0.000000e+000  -5.236742e+000  -1.374627e+001  -5.909193e+000  -2.745293e+000  -1.461289e+000  -6.969610e-001  
-0.000000e+000  -0.000000e+000  -0.000000e+000  -2.772078e+000  -5.099356e+000  -4.057696e+000  -2.662048e+000  -1.722021e+000  -9.408323e-001  
-0.000000e+000  -0.000000e+000  -0.000000e+000  -1.237700e+000  -2.168086e+000  -2.380142e+000  -2.007056e+000  -1.574166e+000  -1.028307e+000  
-0.000000e+000  -0.000000e+000  -0.000000e+000  -6.242494e-001  -1.119192e+000  -1.458031e+000  -1.440989e+000  -1.291405e+000  -9.813101e-001  
-0.000000e+000  -0.000000e+000  -0.000000e+000  -2.084227e-001  -3.944760e-001  -6.077942e-001  -7.260742e-001  -7.761677e-001  -7.593675e-001  
-0.000000e+000  -0.000000e+000  -0.000000e+000  -7.624128e-002  -1.485991e-001  -2.468362e-001  -3.232888e-001  -3.777094e-001  -4.300398e-001  
-0.000000e+000  -0.000000e+000  -0.000000e+000  -3.366675e-002  -6.628835e-002  -1.129318e-001  -1.528694e-001  -1.846928e-001  -2.240756e-001  
-0.000000e+000  -0.000000e+000  -0.000000e+000  -1.611872e-002  -3.184270e-002  -5.470301e-002  -7.489906e-002  -9.160219e-002  -1.139340e-001  
-0.000000e+000  -0.000000e+000  -0.000000e+000  -7.946315e-003  -1.571574e-002  -2.707546e-002  -3.722122e-002  -4.572466e-002  -5.741280e-002  
-0.000000e+000  -0.000000e+000  -0.000000e+000  -3.959003e-003  -7.832987e-003  -1.350851e-002  -1.859737e-002  -2.288330e-002  -2.883495e-002  
-0.000000e+000  -0.000000e+000  -0.000000e+000  -1.980043e-003  -3.918127e-003  -6.759541e-003  -9.310884e-003  -1.146353e-002  -1.446417e-002  
-0.000000e+000  -0.000000e+000  -0.000000e+000  -9.916869e-004  -1.962462e-003  -3.386086e-003  -4.665047e-003  -5.744862e-003  -7.252175e-003  
-0.000000e+000  -0.000000e+000  -0.000000e+000  -4.969304e-004  -9.834008e-004  -1.696871e-003  -2.337965e-003  -2.879367e-003  -3.635506e-003  
-0.000000e+000  -0.000000e+000  -0.000000e+000  -2.490474e-004  -4.928561e-004  -8.504450e-004  -1.171782e-003  -1.443175e-003  -1.822285e-003  
-0.000000e+000  -0.000000e+000  -0.000000e+000  -1.248039e-004  -2.469832e-004  -4.261833e-004  -5.872207e-004  -7.232333e-004  -9.132433e-004  
-0.000000e+000  -0.000000e+000  -0.000000e+000  -6.250320e-005  -1.236921e-004  -2.134381e-004  -2.940888e-004  -3.622074e-004  -4.573719e-004  
-0.000000e+000  -0.000000e+000  -0.000000e+000  -3.122118e-005  -6.178585e-005  -1.066153e-004  -1.469017e-004  -1.809282e-004  -2.284651e-004  
-0.000000e+000  -0.000000e+000  -0.000000e+000  -1.595073e-005  -3.156606e-005  -5.446920e-005  -7.505131e-005  -9.243535e-005  -1.167219e-004  
-0.000000e+000  -0.000000e+000  -0.000000e+000  -1.056482e-005  -2.090749e-005  -3.607718e-005  -4.970956e-005  -6.122373e-005  -7.730972e-005  
-0.000000e+000  -0.000000e+000  -0.000000e+000  -8.273736e-006  -1.637350e-005  -2.825350e-005  -3.892957e-005  -4.794679e-005  -6.054439e-005  
-0.000000e+000  -0.000000e+000  -0.000000e+000  -6.483250e-006  -1.283017e-005  -2.213927e-005  -3.050498e-005  -3.757082e-005  -4.744222e-005  
-0.000000e+000  -0.000000e+000  -0.000000e+000  -5.089206e-006  -1.007140e-005  -1.737883e-005  -2.394573e-005  -2.949225e-005  -3.724109e-005  
-0.000000e+000  -0.000000e+000  -0.000000e+000  -4.003588e-006  -7.922994e-006  -1.367162e-005  -1.883768e-005  -2.320104e-005  -2.929691e-005  
-0.000000e+000  -0.000000e+000  -0.000000e+000  -3.157316e-006  -6.248241e-006  -1.078173e-005  -1.485580e-005  -1.829683e-005  -2.310417e-005  
-0.000000e+000  -0.000000e+000  -0.000000e+000  -1.972284e-006  -3.903098e-006  -6.735040e-006  -9.279991e-006  -1.142951e-005  -1.443251e-005  
-0.000000e+000  -0.000000e+000  -0.000000e+000  -1.022007e-006  -2.022525e-006  -3.489994e-006  -4.808748e-006  -5.922594e-006  -7.478706e-006  
-0.000000e+000  -0.000000e+000  -0.000000e+000  -5.196866e-007  -1.028446e-006  -1.774648e-006  -2.445229e-006  -3.011615e-006  -3.802893e-006  
-0.000000e+000  -0.000000e+000  -0.000000e+000  -2.642586e-007  -5.229606e-007  -9.024015e-007  -1.243390e-006  -1.531395e-006  -1.933756e-006  
-0.000000e+000  -0.000000e+000  -0.000000e+000  -1.343744e-007  -2.659234e-007  -4.588673e-007  -6.322585e-007  -7.787080e-007  -9.833073e-007  
-0.000000e+000  -0.000000e+000  -0.000000e+000  -6.832883e-008  -1.352209e-007  -2.333322e-007  -3.215009e-007  -3.959697e-007  -5.000077e-007  
-0.000000e+000  -0.000000e+000  -0.000000e+000  -3.474488e-008  -6.875925e-008  -1.186486e-007  -1.634818e-007  -2.013491e-007  -2.542516e-007  
-0.000000e+000  -0.000000e+000  -0.000000e+000  -1.766761e-008  -3.496377e-008  -6.033197e-008  -8.312952e-008  -1.023847e-007  -1.292854e-007  
-0.000000e+000  -0.000000e+000  -0.000000e+000  -8.983811e-009  -1.777858e-008  -3.067811e-008  -4.227043e-008  -5.206144e-008  -6.574017e-008  
-0.000000e+000  -0.000000e+000  -0.000000e+000  -4.568019e-009  -9.039910e-009  -1.559881e-008  -2.149299e-008  -2.647149e-008  -3.342685e-008  
-0.000000e+000  -0.000000e+000  -0.000000e+000  -2.322397e-009  -4.595842e-009  -7.930225e-009  -1.092686e-008  -1.345807e-008  -1.699354e-008  
-0.000000e+000  -0.000000e+000  -0.000000e+000  -1.179601e-009  -2.334751e-009  -4.028994e-009  -5.551636e-009  -6.837169e-009  -8.634163e-009  
-0.000000e+000  -0.000000e+000  -0.000000e+000  -5.979562e-010  -1.183315e-009  -2.041889e-009  -2.813350e-009  -3.465399e-009  -4.376251e-009  
-0.000000e+000  -0.000000e+000  -0.000000e+000  -2.997379e-010  -5.932508e-010  -1.024184e-009  -1.411854e-009  -1.739448e-009  -2.197951e-009  
-0.000000e+000  -0.000000e+000  -0.000000e+000  -1.480750e-010  -2.936059e-010  -5.092865e-010  -7.055201e-010  -8.730485e-010  -1.109749e-009  
-1.366751e-009  -9.723070e-010  -0.000000e+000  -7.739386e-011  -1.610027e-010  -2.968067e-010  -4.267632e-010  -5.412473e-010  -7.048151e-010  
1.454363e-009  1.032177e-009  -0.000000e+000  -2.379667e-011  -7.890419e-011  -1.868424e-010  -2.966925e-010  -3.918227e-010  -5.268425e-010  
1.818365e-010  1.608840e-010  -0.000000e+000  1.226134e-010  4.533254e-011  -7.789061e-011  -1.848434e-010  -2.701791e-010  -3.862485e-010  
2.494596e-010  1.399286e-009  -2.402254e-011  3.311936e-010  1.657447e-010  8.770295e-012  -9.902062e-011  -1.804875e-010  -2.806317e-010  
1.102719e-009  2.255373e-010  -1.332358e-010  2.321500e-010  1.499061e-010  3.877956e-011  -4.937813e-011  -1.167424e-010  -2.000603e-010  
2.313087e-010  3.905567e-011  2.105251e-009  -1.587280e-009  1.144150e-010  4.083769e-011  -2.474598e-011  -7.691756e-011  -1.436520e-010  
-2.447146e-011  -3.142398e-011  -4.219160e-011  5.360290e-010  7.905432e-011  -1.630656e-010  1.922260e-010  -1.370977e-010  -4.099468e-011  
-0.000000e+000  -0.000000e+000  -0.000000e+000  -0.000000e+000  -0.000000e+000  -0.000000e+000  -0.000000e+000  -0.000000e+000  -0.000000e+000  

5.365094e-012  1.493585e-011  2.699503e-011  4.026823e-011  9.270565e-010  -1.691036e-009  1.316314e-009  -2.806917e-010  -0.000000e+000  
-3.994379e-011  -5.460525e-011  3.924977e-009  -3.047039e-009  -1.404536e-010  -1.450910e-010  -1.320416e-010  -9.251526e-011  -0.000000e+000  
-3.552388e-010  3.330902e-009  -2.272048e-009  -2.010367e-010  -2.245000e-010  -2.200480e-010  -1.930684e-010  -1.281159e-010  -0.000000e+000  
-1.801463e-009  2.744490e-009  -1.670701e-009  -3.406357e-010  -3.524345e-010  -3.215383e-010  -2.725400e-010  -1.734543e-010  -0.000000e+000  
8.697676e-011  2.810865e-010  -7.507768e-010  -6.276879e-010  -5.301103e-010  -4.492282e-010  -3.677722e-010  -2.287683e-010  -0.000000e+000  
4.744367e-011  1.161978e-010  -8.669836e-010  -7.679998e-010  -6.855989e-010  -5.798001e-010  -4.763804e-010  -2.951499e-010  -0.000000e+000  
-6.650744e-010  -1.715091e-009  -9.235269e-010  -8.953230e-010  -8.203393e-010  -7.216966e-010  -5.986035e-010  -3.743829e-010  -0.000000e+000  
-0.000000e+000  -0.000000e+000  -1.089167e-009  -1.061157e-009  -1.002527e-009  -8.913597e-010  -7.475489e-010  -4.717032e-010  -0.000000e+000  
-0.000000e+000  -0.000000e+000  -1.874945e-009  -1.834895e-009  -1.744556e-009  -1.564822e-009  -1.320098e-009  -8.425351e-010  -0.000000e+000  
-0.000000e+000  -0.000000e+000  -3.593810e-009  -3.518016e-009  -3.344595e-009  -3.005154e-009  -2.538132e-009  -1.621027e-009  -0.000000e+000  
-0.000000e+000  -0.000000e+000  -7.019506e-009  -6.872074e-009  -6.534149e-009  -5.870943e-009  -4.958345e-009  -3.168240e-009  -0.000000e+000  
-0.000000e+000  -0.000000e+000  -1.377819e-008  -1.348819e-008  -1.282318e-008  -1.152316e-008  -9.733065e-009  -6.218279e-009  -0.000000e+000  
-0.000000e+000  -0.000000e+000  -2.707452e-008  -2.650530e-008  -2.519990e-008  -2.264379e-008  -1.912465e-008  -1.221905e-008  -0.000000e+000  
-0.000000e+000  -0.000000e+000  -5.321736e-008  -5.210046e-008  -4.953569e-008  -4.450922e-008  -3.758913e-008  -2.401838e-008  -0.000000e+000  
-0.000000e+000  -0.000000e+000  -1.046132e-007  -1.024167e-007  -9.737287e-008  -8.749355e-008  -7.389010e-008  -4.721133e-008  -0.000000e+000  
-0.000000e+000  -0.000000e+000  -2.056397e-007  -2.013222e-007  -1.914097e-007  -1.719837e-007  -1.452434e-007  -9.280148e-008  -0.000000e+000  
-0.000000e+000  -0.000000e+000  -4.042189e-007  -3.957326e-007  -3.762440e-007  -3.380562e-007  -2.854922e-007  -1.824079e-007  -0.000000e+000  
-0.000000e+000  -0.000000e+000  -7.945265e-007  -7.778480e-007  -7.395356e-007  -6.644659e-007  -5.611416e-007  -3.585213e-007  -0.000000e+000  
-0.000000e+000  -0.000000e+000  -1.561640e-006  -1.528863e-006  -1.453549e-006  -1.305980e-006  -1.102884e-006  -7.046373e-007  -0.000000e+000  
-0.000000e+000  -0.000000e+000  -3.069252e-006  -3.004842e-006  -2.856795e-006  -2.566719e-006  -2.167534e-006  -1.384818e-006  -0.000000e+000  
-0.000000e+000  -0.000000e+000  -6.032000e-006  -5.905437e-006  -5.614427e-006  -5.044247e-006  -4.259686e-006  -2.721419e-006  -0.000000e+000  
-0.000000e+000  -0.000000e+000  -1.185401e-005  -1.160533e-005  -1.103333e-005  -9.912626e-006  -8.370721e-006  -5.347745e-006  -0.000000e+000  
-0.000000e+000  -0.000000e+000  -2.222609e-005  -2.175992e-005  -2.068722e-005  -1.858552e-005  -1.569429e-005  -1.002627e-005  -0.000000e+000  
-0.000000e+000  -0.000000e+000  -2.859681e-005  -2.799707e-005  -2.661678e-005  -2.391243e-005  -2.019237e-005  -1.289972e-005  -0.000000e+000  
-0.000000e+000  -0.000000e+000  -3.667245e-005  -3.590341e-005  -3.413318e-005  -3.066483e-005  -2.589411e-005  -1.654205e-005  -0.000000e+000  
-0.000000e+000  -0.000000e+000  -4.693426e-005  -4.595012e-005  -4.368432e-005  -3.924508e-005  -3.313922e-005  -2.117025e-005  -0.000000e+000  
-0.000000e+000  -0.000000e+000  -6.008077e-005  -5.882109e-005  -5.592036e-005  -5.023717e-005  -4.242080e-005  -2.709927e-005  -0.000000e+000  
-0.000000e+000  -0.000000e+000  -7.685147e-005  -7.524031e-005  -7.152954e-005  -6.425931e-005  -5.426081e-005  -3.466252e-005  -0.000000e+000  
-0.000000e+000  -0.000000e+000  -9.825754e-005  -9.619781e-005  -9.145298e-005  -8.215686e-005  -6.937298e-005  -4.431585e-005  -0.000000e+000  
-0.000000e+000  -0.000000e+000  -1.846873e-004  -1.808167e-004  -1.718960e-004  -1.544187e-004  -1.303879e-004  -8.329002e-005  -0.000000e+000  
-0.000000e+000  -0.000000e+000  -3.655229e-004  -3.578647e-004  -3.402040e-004  -3.056040e-004  -2.580388e-004  -1.648255e-004  -0.000000e+000  
-0.000000e+000  -0.000000e+000  -7.270669e-004  -7.118384e-004  -6.766971e-004  -6.078512e-004  -5.132278e-004  -3.278160e-004  -0.000000e+000  
-0.000000e+000  -0.000000e+000  -1.447945e-003  -1.417627e-003  -1.347615e-003  -1.210457e-003  -1.021989e-003  -6.527413e-004  -0.000000e+000  
-0.000000e+000  -0.000000e+000  -2.884205e-003  -2.823828e-003  -2.684296e-003  -2.410954e-003  -2.035464e-003  -1.299933e-003  -0.000000e+000  
-0.000000e+000  -0.000000e+000  -5.745075e-003  -5.624818e-003  -5.346662e-003  -4.801800e-003  -4.053606e-003  -2.588400e-003  -0.000000e+000  
-0.000000e+000  -0.000000e+000  -1.144346e-002  -1.120380e-002  -1.064894e-002  -9.562249e-003  -8.070913e-003  -5.151875e-003  -0.000000e+000  
-0.000000e+000  -0.000000e+000  -2.279688e-002  -2.231841e-002  -2.120953e-002  -1.903870e-002  -1.606295e-002  -1.024495e-002  -0.000000e+000  
-0.000000e+000  -0.000000e+000  -4.544136e-002  -4.448119e-002  -4.225345e-002  -3.789715e-002  -3.194126e-002  -2.032891e-002  -0.000000e+000  
-0.000000e+000  -0.000000e+000  -9.075116e-002  -8.879619e-002  -8.425517e-002  -7.540359e-002  -6.338264e-002  -4.011451e-002  -0.000000e+000  
-0.000000e+000  -0.000000e+000  -1.822489e-001  -1.781049e-001  -1.684732e-001  -1.498758e-001  -1.250737e-001  -7.799095e-002  -0.000000e+000  
-0.000000e+000  -0.000000e+000  -3.718801e-001  -3.620889e-001  -3.393959e-001  -2.968392e-001  -2.428475e-001  -1.455486e-001  -0.000000e+000  
-0.000000e+000  -0.000000e+000  -7.946932e-001  -7.646715e-001  -6.962705e-001  -5.785234e-001  -4.472934e-001  -2.404213e-001  -0.000000e+000  
-0.000000e+000  -0.000000e+000  -1.842953e+000  -1.707301e+000  -1.411349e+000  -9.965386e-001  -6.474766e-001  -2.456893e-001  -0.000000e+000  
-0.000000e+000  -0.000000e+000  -2.975314e+000  -2.614656e+000  -1.836414e+000  -1.012160e+000  -5.051649e-001  -9.952901e-002  -0.000000e+000  
-0.000000e+000  -0.000000e+000  -5.184289e+000  -4.290966e+000  -2.130168e+000  -6.334810e-001  -4.720328e-002  1.674262e-001  -0.000000e+000  
-0.000000e+000  -0.000000e+000  -1.006594e+001  -8.406233e+000  -1.026422e+000  8.917695e-001  9.812179e-001  5.567308e-001  -0.000000e+000  
-0.000000e+000  -0.000000e+000  -1.666299e+001  -1.854300e+001  7.198840e+000  3.428244e+000  2.005479e+000  8.334506e-001  -0.000000e+000  
-0.000000e+000  -0.000000e+000  -2.039414e+001  -2.255947e+001  7.725658e+000  4.444285e+000  2.601375e+000  1.009412e+000  -0.000000e+000  
-0.000000e+000  -0.000000e+000  -2.039414e+001  -2.255947e+001  7.725658e+000  4.444285e+000  2.601375e+000  1.009412e+000  -0.000000e+000  
-0.000000e+000  -0.000000e+000  -1.666299e+001  -1.854300e+001  7.198840e+000  3.428244e+000  2.005479e+000  8.334506e-001  -0.000000e+000  
-0.000000e+000  -0.000000e+000  -1.006594e+001  -8.406233e+000  -1.026422e+000  8.917695e-001  9.812179e-001  5.567308e-001  -0.000000e+000  
-0.000000e+000  -0.000000e+000  -5.184289e+000  -4.290966e+000  -2.130168e+000  -6.334810e-001  -4.720328e-002  1.674262e-001  -0.000000e+000  
-0.000000e+000  -0.000000e+000  -2.975314e+000  -2.614656e+000  -1.836414e+000  -1.012160e+000  -5.051649e-001  -9.952901e-002  -0.000000e+000  
-0.000000e+000  -0.000000e+000  -1.842953e+000  -1.707301e+000  -1.411349e+000  -9.965386e-001  -6.474766e-001  -2.456893e-001  -0.000000e+000  
-0.000000e+000  -0.000000e+000  -7.946932e-001  -7.646715e-001  -6.962705e-001  -5.785234e-001  -4.472934e-001  -2.404213e-001  -0.000000e+000  
-0.000000e+000  -0.000000e+000  -3.718801e-001  -3.620889e-001  -3.393959e-001  -2.968392e-001  -2.428475e-001  -1.455486e-001  -0.000000e+000  
-0.000000e+000  -0.000000e+000  -1.822489e-001  -1.781049e-001  -1.684732e-001  -1.498758e-001  -1.250737e-001  -7.799095e-002  -0.000000e+000  
-0.000000e+000  -0.000000e+000  -9.075116e-002  -8.879619e-002  -8.425517e-002  -7.540359e-002  -6.338264e-002  -4.011451e-002  -0.000000e+000  
-0.000000e+000  -0.000000e+000  -4.544136e-002  -4.448119e-002  -4.225345e-002  -3.789715e-002  -3.194126e-002  -2.032891e-002  -0.000000e+000  
-0.000000e+000  -0.000000e+000  -2.279688e-002  -2.231841e-002  -2.120953e-002  -1.903870e-002  -1.606295e-002  -1.024495e-002  -0.000000e+000  
-0.000000e+000  -0.000000e+000  -1.144346e-002  -1.120380e-002  -1.064894e-002  -9.562249e-003  -8.070913e-003  -5.151875e-003  -0.000000e+000  
-0.000000e+000  -0.000000e+000  -5.745075e-003  -5.624818e-003  -5.346662e-003  -4.801800e-003  -4.053606e-003  -2.588400e-003  -0.000000e+000  
-0.000000e+000  -0.000000e+000  -2.884205e-003  -2.823828e-003  -2.684296e-003  -2.410954e-003  -2.035464e-003  -1.299933e-003  -0.000000e+000  
-0.000000e+000  -0.000000e+000  -1.447945e-003  -1.417627e-003  -1.347615e-003  -1.210457e-003  -1.021989e-003  -6.527413e-004  -0.000000e+000  
-0.000000e+000  -0.000000e+000  -7.270669e-004  -7.118384e-004  -6.766971e-004  -6.078512e-004  -5.132278e-004  -3.278160e-004  -0.000000e+000  
-0.000000e+000  -0.000000e+000  -3.655230e-004  -3.578647e-004  -3.402040e-004  -3.056040e-004  -2.580388e-004  -1.648255e-004  -0.000000e+000  
-0.000000e+000  -0.000000e+000  -1.846873e-004  -1.808167e-004  -1.718960e-004  -1.544187e-004  -1.303879e-004  -8.329002e-005  -0.000000e+000  
-0.000000e+000  -0.000000e+000  -9.825754e-005  -9.619781e-005  -9.145298e-005  -8.215686e-005  -6.937298e-005  -4.431585e-005  -0.000000e+000  
-0.000000e+000  -0.000000e+000  -7.685147e-005  -7.524031e-005  -7.152954e-005  -6.425931e-005  -5.426081e-005  -3.466251e-005  -0.000000e+000  
-0.000000e+000  -0.000000e+000  -6.008077e-005  -5.882108e-005  -5.592036e-005  -5.023717e-005  -4.242080e-005  -2.709927e-005  -0.000000e+000  
-0.000000e+000  -0.000000e+000  -4.693426e-005  -4.595012e-005  -4.368432e-005  -3.924508e-005  -3.313922e-005  -2.117025e-005  -0.000000e+000  
-0.000000e+000  -0.000000e+000  -3.667245e-005  -3.590341e-005  -3.413318e-005  -3.066483e-005  -2.589411e-005  -1.654205e-005  -0.000000e+000  
-0.000000e+000  -0.000000e+000  -2.859681e-005  -2.799707e-005  -2.661678e-005  -2.391243e-005  -2.019237e-005  -1.289972e-005  -0.000000e+000  
-0.000000e+000  -0.000000e+000  -2.222609e-005  -2.175992e-005  -2.068722e-005  -1.858552e-005  -1.569429e-005  -1.002627e-005  -0.000000e+000  
-0.000000e+000  -0.000000e+000  -1.185401e-005  -1.160533e-005  -1.103334e-005  -9.912625e-006  -8.370721e-006  -5.347746e-006  -0.000000e+000  
-0.000000e+000  -0.000000e+000  -6.032000e-006  -5.905437e-006  -5.614426e-006  -5.044247e-006  -4.259687e-006  -2.721419e-006  -0.000000e+000  
-0.000000e+000  -0.000000e+000  -3.069252e-006  -3.004842e-006  -2.856794e-006  -2.566719e-006  -2.167534e-006  -1.384818e-006  -0.000000e+000  
-0.000000e+000  -0.000000e+000  -1.561640e-006  -1.528863e-006  -1.453548e-006  -1.305980e-006  -1.102885e-006  -7.046373e-007  -0.000000e+000  
-0.000000e+000  -0.000000e+000  -7.945268e-007  -7.778479e-007  -7.395356e-007  -6.644662e-007  -5.611410e-007  -3.585214e-007  -0.000000e+000  
-0.000000e+000  -0.000000e+000  -4.042194e-007  -3.957328e-007  -3.762437e-007  -3.380564e-007  -2.854922e-007  -1.824077e-007  -0.000000e+000  
-0.000000e+000  -0.000000e+000  -2.056406e-007  -2.013223e-007  -1.914085e-007  -1.719842e-007  -1.452436e-007  -9.280133e-008  -0.000000e+000  
-0.000000e+000  -0.000000e+000  -1.046132e-007  -1.024157e-007  -9.737364e-008  -8.749283e-008  -7.389010e-008  -4.721167e-008  -0.000000e+000  
-0.000000e+000  -0.000000e+000  -5.321787e-008  -5.210020e-008  -4.953533e-008  -4.450909e-008  -3.758983e-008  -2.401804e-008  -0.000000e+000  
-0.000000e+000  -0.000000e+000  -2.707361e-008  -2.650534e-008  -2.520089e-008  -2.264399e-008  -1.912364e-008  -1.221908e-008  -0.000000e+000  
-0.000000e+000  -0.000000e+000  -1.377659e-008  -1.348817e-008  -1.282490e-008  -1.152317e-008  -9.731101e-009  -6.218855e-009  -0.000000e+000  
-0.000000e+000  -0.000000e+000  -7.019969e-009  -6.871745e-009  -6.534260e-009  -5.870418e-009  -4.958764e-009  -3.168042e-009  -0.000000e+000  
-0.000000e+000  -0.000000e+000  -3.593816e-009  -3.517673e-009  -3.345213e-009  -3.005198e-009  -2.537501e-009  -1.621075e-009  -0.000000e+000  
-0.000000e+000  -0.000000e+000  -1.875330e-009  -1.834909e-009  -1.743877e-009  -1.564983e-009  -1.320633e-009  -8.422911e-010  -0.000000e+000  
-0.000000e+000  -0.000000e+000  -1.088456e-009  -1.061981e-009  -1.002415e-009  -8.915753e-010  -7.465866e-010  -4.718323e-010  -0.000000e+000  
-6.654305e-010  -1.713937e-009  -9.258759e-010  -8.892385e-010  -8.232978e-010  -7.215937e-010  -5.976083e-010  -3.746465e-010  -0.000000e+000  
5.040088e-011  1.130631e-010  -8.639804e-010  -7.736159e-010  -6.827275e-010  -5.805603e-010  -4.756423e-010  -2.954231e-010  -0.000000e+000  
8.638455e-011  2.815110e-010  -7.510002e-010  -6.266343e-010  -5.311480e-010  -4.479596e-010  -3.688833e-010  -2.285419e-010  -0.000000e+000  
-1.798528e-009  2.739701e-009  -1.667493e-009  -3.412418e-010  -3.516145e-010  -3.219636e-010  -2.724524e-010  -1.734016e-010  -0.000000e+000  
-3.560728e-010  3.333016e-009  -2.275706e-009  -1.982201e-010  -2.248516e-010  -2.200101e-010  -1.936407e-010  -1.280891e-010  -0.000000e+000  
-4.001813e-011  -5.467054e-011  3.924386e-009  -3.046554e-009  -1.407883e-010  -1.444446e-010  -1.329659e-010  -9.210281e-011  -0.000000e+000  
5.332168e-012  1.496155e-011  2.698354e-011  4.033405e-011  9.270347e-010  -1.690974e-009  1.316095e-009  -2.805862e-010  -0.000000e+000  

0.000000e+000  0.000000e+000  0.000000e+000  0.000000e+000  0.000000e+000  0.000000e+000  0.000000e+000  0.000000e+000  0.000000e+000  
0.000000e+000  0.000000e+000  0.000000e+000  0.000000e+000  0.000000e+000  0.000000e+000  0.000000e+000  0.000000e+000  0.000000e+000  
0.000000e+000  0.000000e+000  0.000000e+000  0.000000e+000  0.000000e+000  0.000000e+000  0.000000e+000  0.000000e+000  0.000000e+000  
0.000000e+000  0.000000e+000  0.000000e+000  0.000000e+000  0.000000e+000  0.000000e+000  0.000000e+000  0.000000e+000  0.000000e+000  
0.000000e+000  0.000000e+000  0.000000e+000  0.000000e+000  0.000000e+000  0.000000e+000  0.000000e+000  0.000000e+000  0.000000e+000  
0.000000e+000  0.000000e+000  0.000000e+000  0.000000e+000  0.000000e+000  0.000000e+000  0.000000e+000  0.000000e+000  0.000000e+000  
0.000000e+000  0.000000e+000  0.000000e+000  0.000000e+000  0.000000e+000  0.000000e+000  0.000000e+000  0.000000e+000  0.000000e+000  
0.000000e+000  0.000000e+000  0.000000e+000  0.000000e+000  0.000000e+000  0.000000e+000  0.000000e+000  0.000000e+000  0.000000e+000  
0.000000e+000  0.000000e+000  0.000000e+000  0.000000e+000  0.000000e+000  0.000000e+000  0.000000e+000  0.000000e+000  0.000000e+000  
0.000000e+000  0.000000e+000  0.000000e+000  0.000000e+000  0.000000e+000  0.000000e+000  0.000000e+000  0.000000e+000  0.000000e+000  
0.000000e+000  0.000000e+000  0.000000e+000  0.000000e+000  0.000000e+000  0.000000e+000  0.000000e+000  0.000000e+000  0.000000e+000  
0.000000e+000  0.000000e+000  0.000000e+000  0.000000e+000  0.000000e+000  0.000000e+000  0.000000e+000  0.000000e+000  0.000000e+000  
0.000000e+000  0.000000e+000  0.000000e+000  0.000000e+000  0.000000e+000  0.000000e+000  0.000000e+000  0.000000e+000  0.000000e+000  
0.000000e+000  0.000000e+000  0.000000e+000  0.000000e+000  0.000000e+000  0.000000e+000  0.000000e+000  0.000000e+000  0.000000e+000  
0.000000e+000  0.000000e+000  0.000000e+000  0.000000e+000  0.000000e+000  0.000000e+000  0.000000e+000  0.000000e+000  0.000000e+000  
0.000000e+000  0.000000e+000  0.000000e+000  0.000000e+000  0.000000e+000  0.000000e+000  0.000000e+000  0.000000e+000  0.000000e+000  
0.000000e+000  0.000000e+000  0.000000e+000  0.000000e+000  0.000000e+000  0.000000e+000  0.000000e+000  0.000000e+000  0.000000e+000  
0.000000e+000  0.000000e+000  0.000000e+000  0.000000e+000  0.000000e+000  0.000000e+000  0.000000e+000  0.000000e+000  0.000000e+000  
0.000000e+000  0.000000e+000  0.000000e+000  0.000000e+000  0.000000e+000  0.000000e+000  0.000000e+000  0.000000e+000  0.000000e+000  
0.000000e+000  0.000000e+000  0.000000e+000  0.000000e+000  0.000000e+000  0.000000e+000  0.000000e+000  0.000000e+000  0.000000e+000  
0.000000e+000  0.000000e+000  0.000000e+000  0.000000e+000  0.000000e+000  0.000000e+000  0.000000e+000  0.000000e+000  0.000000e+000  
0.000000e+000  0.000000e+000  0.000000e+000  0.000000e+000  0.000000e+000  0.000000e+000  0.000000e+000  0.000000e+000  0.000000e+000  
0.000000e+000  0.000000e+000  0.000000e+000  0.000000e+000  0.000000e+000  0.000000e+000  0.000000e+000  0.000000e+000  0.000000e+000  
0.000000e+000  0.000000e+000  0.000000e+000  0.000000e+000  0.000000e+000  0.000000e+000  0.000000e+000  0.000000e+000  0.000000e+000  
0.000000e+000  0.000000e+000  0.000000e+000  0.000000e+000  0.000000e+000  0.000000e+000  0.000000e+000  0.000000e+000  0.000000e+000  
0.000000e+000  0.000000e+000  0.000000e+000  0.000000e+000  0.000000e+000  0.000000e+000  0.000000e+000  0.000000e+000  0.000000e+000  
0.000000e+000  0.000000e+000  0.000000e+000  0.000000e+000  0.000000e+000  0.000000e+000  0.000000e+000  0.000000e+000  0.000000e+000  
0.000000e+000  0.000000e+000  0.000000e+000  0.000000e+000  0.000000e+000  0.000000e+000  0.000000e+000  0.000000e+000  0.000000e+000  
0.000000e+000  0.000000e+000  0.000000e+000  0.000000e+000  0.000000e+000  0.000000e+000  0.000000e+000  0.000000e+000  0.000000e+000  
0.000000e+000  0.000000e+000  0.000000e+000  0.000000e+000  0.000000e+000  0.000000e+000  0.000000e+000  0.000000e+000  0.000000e+000  
0.000000e+000  0.000000e+000  0.000000e+000  0.000000e+000  0.000000e+000  0.000000e+000  0.000000e+000  0.000000e+000  0.000000e+000  
0.000000e+000  0.000000e+000  0.000000e+000  0.000000e+000  0.000000e+000  0.000000e+000  0.000000e+000  0.000000e+000  0.000000e+000  
0.000000e+000  0.000000e+000  0.000000e+000  0.000000e+000  0.000000e+000  0.000000e+000  0.000000e+000  0.000000e+000  0.000000e+000  
0.000000e+000  0.000000e+000  0.000000e+000  0.000000e+000  0.000000e+000  0.000000e+000  0.000000e+000  0.000000e+000  0.000000e+000  
0.000000e+000  0.000000e+000  0.000000e+000  0.000000e+000  0.000000e+000  0.000000e+000  0.000000e+000  0.000000e+000  0.000000e+000  
0.000000e+000  0.000000e+000  0.000000e+000  0.000000e+000  0.000000e+000  0.000000e+000  0.000000e+000  0.000000e+000  0.000000e+000  
0.000000e+000  0.000000e+000  0.000000e+000  0.000000e+000  0.000000e+000  0.000000e+000  0.000000e+000  0.000000e+000  0.000000e+000  
0.000000e+000  0.000000e+000  0.000000e+000  0.000000e+000  0.000000e+000  0.000000e+000  0.000000e+000  0.000000e+000  0.000000e+000  
0.000000e+000  0.000000e+000  0.000000e+000  0.000000e+000  0.000000e+000  0.000000e+000  0.000000e+000  0.000000e+000  0.000000e+000  
0.000000e+000  0.000000e+000  0.000000e+000  0.000000e+000  0.000000e+000  0.000000e+000  0.000000e+000  0.000000e+000  0.000000e+000  
0.000000e+000  0.000000e+000  0.000000e+000  0.000000e+000  0.000000e+000  0.000000e+000  0.000000e+000  0.000000e+000  0.000000e+000  
0.000000e+000  0.000000e+000  0.000000e+000  0.000000e+000  0.000000e+000  0.000000e+000  0.000000e+000  0.000000e+000  0.000000e+000  
0.000000e+000  0.000000e+000  0.000000e+000  0.000000e+000  0.000000e+000  0.000000e+000  0.000000e+000  0.000000e+000  0.000000e+000  
0.000000e+000  0.000000e+000  0.000000e+000  0.000000e+000  0.000000e+000  0.000000e+000  0.000000e+000  0.000000e+000  0.000000e+000  
0.000000e+000  0.000000e+000  0.000000e+000  0.000000e+000  0.000000e+000  0.000000e+000  0.000000e+000  0.000000e+000  0.000000e+000  
0.000000e+000  0.000000e+000  0.000000e+000  0.000000e+000  0.000000e+000  0.000000e+000  0.000000e+000  0.000000e+000  0.000000e+000  
0.000000e+000  0.000000e+000  0.000000e+000  0.000000e+000  0.000000e+000  0.000000e+000  0.000000e+000  0.000000e+000  0.000000e+000  
0.000000e+000  0.000000e+000  0.000000e+000  0.000000e+000  0.000000e+000  0.000000e+000  0.000000e+000  0.000000e+000  0.000000e+000  
0.000000e+000  0.000000e+000  0.000000e+000  0.000000e+000  0.000000e+000  0.000000e+000  0.000000e+000  0.000000e+000  0.000000e+000  
0.000000e+000  0.000000e+000  0.000000e+000  0.000000e+000  0.000000e+000  0.000000e+000  0.000000e+000  0.000000e+000  0.000000e+000  
0.000000e+000  0.000000e+000  0.000000e+000  0.000000e+000  0.000000e+000  0.000000e+000  0.000000e+000  0.000000e+000  0.000000e+000  
0.000000e+000  0.000000e+000  0.000000e+000  0.000000e+000  0.000000e+000  0.000000e+000  0.000000e+000  0.000000e+000  0.000000e+000  
0.000000e+000  0.000000e+000  0.000000e+000  0.000000e+000  0.000000e+000  0.000000e+000  0.000000e+000  0.000000e+000  0.000000e+000  
0.000000e+000  0.000000e+000  0.000000e+000  0.000000e+000  0.000000e+000  0.000000e+000  0.000000e+000  0.000000e+000  0.000000e+000  
0.000000e+000  0.000000e+000  0.000000e+000  0.000000e+000  0.000000e+000  0.000000e+000  0.000000e+000  0.000000e+000  0.000000e+000  
0.000000e+000  0.000000e+000  0.000000e+000  0.000000e+000  0.000000e+000  0.000000e+000  0.000000e+000  0.000000e+000  0.000000e+000  
0.000000e+000  0.000000e+000  0.000000e+000  0.000000e+000  0.000000e+000  0.000000e+000  0.000000e+000  0.000000e+000  0.000000e+000  
0.000000e+000  0.000000e+000  0.000000e+000  0.000000e+000  0.000000e+000  0.000000e+000  0.000000e+000  0.000000e+000  0.000000e+000  
0.000000e+000  0.000000e+000  0.000000e+000  0.000000e+000  0.000000e+000  0.000000e+000  0.000000e+000  0.000000e+000  0.000000e+000  
0.000000e+000  0.000000e+000  0.000000e+000  0.000000e+000  0.000000e+000  0.000000e+000  0.000000e+000  0.000000e+000  0.000000e+000  
0.000000e+000  0.000000e+000  0.000000e+000  0.000000e+000  0.000000e+000  0.000000e+000  0.000000e+000  0.000000e+000  0.000000e+000  
0.000000e+000  0.000000e+000  0.000000e+000  0.000000e+000  0.000000e+000  0.000000e+000  0.000000e+000  0.000000e+000  0.000000e+000  
0.000000e+000  0.000000e+000  0.000000e+000  0.000000e+000  0.000000e+000  0.000000e+000  0.000000e+000  0.000000e+000  0.000000e+000  
0.000000e+000  0.000000e+000  0.000000e+000  0.000000e+000  0.000000e+000  0.000000e+000  0.000000e+000  0.000000e+000  0.000000e+000  
0.000000e+000  0.000000e+000  0.000000e+000  0.000000e+000  0.000000e+000  0.000000e+000  0.000000e+000  0.000000e+000  0.000000e+000  
0.000000e+000  0.000000e+000  0.000000e+000  0.000000e+000  0.000000e+000  0.000000e+000  0.000000e+000  0.000000e+000  0.000000e+000  
0.000000e+000  0.000000e+000  0.000000e+000  0.000000e+000  0.000000e+000  0.000000e+000  0.000000e+000  0.000000e+000  0.000000e+000  
0.000000e+000  0.000000e+000  0.000000e+000  0.000000e+000  0.000000e+000  0.000000e+000  0.000000e+000  0.000000e+000  0.000000e+000  
0.000000e+000  0.000000e+000  0.000000e+000  0.000000e+000  0.000000e+000  0.000000e+000  0.000000e+000  0.000000e+000  0.000000e+000  
0.000000e+000  0.000000e+000  0.000000e+000  0.000000e+000  0.000000e+000  0.000000e+000  0.000000e+000  0.000000e+000  0.000000e+000  
0.000000e+000  0.000000e+000  0.000000e+000  0.000000e+000  0.000000e+000  0.000000e+000  0.000000e+000  0.000000e+000  0.000000e+000  
0.000000e+000  0.000000e+000  0.000000e+000  0.000000e+000  0.000000e+000  0.000000e+000  0.000000e+000  0.000000e+000  0.000000e+000  
0.000000e+000  0.000000e+000  0.000000e+000  0.000000e+000  0.000000e+000  0.000000e+000  0.000000e+000  0.000000e+000  0.000000e+000  
0.000000e+000  0.000000e+000  0.000000e+000  0.000000e+000  0.000000e+000  0.000000e+000  0.000000e+000  0.000000e+000  0.000000e+000  
0.000000e+000  0.000000e+000  0.000000e+000  0.000000e+000  0.000000e+000  0.000000e+000  0.000000e+000  0.000000e+000  0.000000e+000  
0.000000e+000  0.000000e+000  0.000000e+000  0.000000e+000  0.000000e+000  0.000000e+000  0.000000e+000  0.000000e+000  0.000000e+000  
0.000000e+000  0.000000e+000  0.000000e+000  0.000000e+000  0.000000e+000  0.000000e+000  0.000000e+000  0.000000e+000  0.000000e+000  
0.000000e+000  0.000000e+000  0.000000e+000  0.000000e+000  0.000000e+000  0.000000e+000  0.000000e+000  0.000000e+000  0.000000e+000  
0.000000e+000  0.000000e+000  0.000000e+000  0.000000e+000  0.000000e+000  0.000000e+000  0.000000e+000  0.000000e+000  0.000000e+000  
0.000000e+000  0.000000e+000  0.000000e+000  0.000000e+000  0.000000e+000  0.000000e+000  0.000000e+000  0.000000e+000  0.000000e+000  
0.000000e+000  0.000000e+000  0.000000e+000  0.000000e+000  0.000000e+000  0.000000e+000  0.000000e+000  0.000000e+000  0.000000e+000  
0.000000e+000  0.000000e+000  0.000000e+000  0.000000e+000  0.000000e+000  0.000000e+000  0.000000e+000  0.000000e+000  0.000000e+000  
0.000000e+000  0.000000e+000  0.000000e+000  0.000000e+000  0.000000e+000  0.000000e+000  0.000000e+000  0.000000e+000  0.000000e+000  
0.000000e+000  0.000000e+000  0.000000e+000  0.000000e+000  0.000000e+000  0.000000e+000  0.000000e+000  0.000000e+000  0.000000e+000  
0.000000e+000  0.000000e+000  0.000000e+000  0.000000e+000  0.000000e+000  0.000000e+000  0.000000e+000  0.000000e+000  0.000000e+000  
0.000000e+000  0.000000e+000  0.000000e+000  0.000000e+000  0.000000e+000  0.000000e+000  0.000000e+000  0.000000e+000  0.000000e+000  
0.000000e+000  0.000000e+000  0.000000e+000  0.000000e+000  0.000000e+000  0.000000e+000  0.000000e+000  0.000000e+000  0.000000e+000  
0.000000e+000  0.000000e+000  0.000000e+000  0.000000e+000  0.000000e+000  0.000000e+000  0.000000e+000  0.000000e+000  0.000000e+000  
0.000000e+000  0.000000e+000  0.000000e+000  0.000000e+000  0.000000e+000  0.000000e+000  0.000000e+000  0.000000e+000  0.000000e+000  
0.000000e+000  0.000000e+000  0.000000e+000  0.000000e+000  0.000000e+000  0.000000e+000  0.000000e+000  0.000000e+000  0.000000e+000  
0.000000e+000  0.000000e+000  0.000000e+000  0.000000e+000  0.000000e+000  0.000000e+000  0.000000e+000  0.000000e+000  0.000000e+000  
0.000000e+000  0.000000e+000  0.000000e+000  0.000000e+000  0.000000e+000  0.000000e+000  0.000000e+000  0.000000e+000  0.000000e+000  
0.000000e+000  0.000000e+000  0.000000e+000  0.000000e+000  0.000000e+000  0.000000e+000  0.000000e+000  0.000000e+000  0.000000e+000  
0.000000e+000  0.000000e+000  0.000000e+000  0.000000e+000  0.000000e+000  0.000000e+000  0.000000e+000  0.000000e+000  0.000000e+000  
0.000000e+000  0.000000e+000  0.000000e+000  0.000000e+000  0.000000e+000  0.000000e+000  0.000000e+000  0.000000e+000  0.000000e+000  
0.000000e+000  0.000000e+000  0.000000e+000  0.000000e+000  0.000000e+000  0.000000e+000  0.000000e+000  0.000000e+000  0.000000e+000  

0.000000e+000  0.000000e+000  0.000000e+000  0.000000e+000  0.000000e+000  0.000000e+000  0.000000e+000  0.000000e+000  0.000000e+000  
0.000000e+000  0.000000e+000  0.000000e+000  0.000000e+000  0.000000e+000  0.000000e+000  0.000000e+000  0.000000e+000  0.000000e+000  
0.000000e+000  0.000000e+000  0.000000e+000  0.000000e+000  0.000000e+000  0.000000e+000  0.000000e+000  0.000000e+000  0.000000e+000  
0.000000e+000  0.000000e+000  0.000000e+000  0.000000e+000  0.000000e+000  0.000000e+000  0.000000e+000  0.000000e+000  0.000000e+000  
0.000000e+000  0.000000e+000  0.000000e+000  0.000000e+000  0.000000e+000  0.000000e+000  0.000000e+000  0.000000e+000  0.000000e+000  
0.000000e+000  0.000000e+000  0.000000e+000  0.000000e+000  0.000000e+000  0.000000e+000  0.000000e+000  0.000000e+000  0.000000e+000  
0.000000e+000  0.000000e+000  0.000000e+000  0.000000e+000  0.000000e+000  0.000000e+000  0.000000e+000  0.000000e+000  0.000000e+000  
0.000000e+000  0.000000e+000  0.000000e+000  0.000000e+000  0.000000e+000  0.000000e+000  0.000000e+000  0.000000e+000  0.000000e+000  
0.000000e+000  0.000000e+000  0.000000e+000  0.000000e+000  0.000000e+000  0.000000e+000  0.000000e+000  0.000000e+000  0.000000e+000  
0.000000e+000  0.000000e+000  0.000000e+000  0.000000e+000  0.000000e+000  0.000000e+000  0.000000e+000  0.000000e+000  0.000000e+000  
0.000000e+000  0.000000e+000  0.000000e+000  0.000000e+000  0.000000e+000  0.000000e+000  0.000000e+000  0.000000e+000  0.000000e+000  
0.000000e+000  0.000000e+000  0.000000e+000  0.000000e+000  0.000000e+000  0.000000e+000  0.000000e+000  0.000000e+000  0.000000e+000  
0.000000e+000  0.000000e+000  0.000000e+000  0.000000e+000  0.000000e+000  0.000000e+000  0.000000e+000  0.000000e+000  0.000000e+000  
0.000000e+000  0.000000e+000  0.000000e+000  0.000000e+000  0.000000e+000  0.000000e+000  0.000000e+000  0.000000e+000  0.000000e+000  
0.000000e+000  0.000000e+000  0.000000e+000  0.000000e+000  0.000000e+000  0.000000e+000  0.000000e+000  0.000000e+000  0.000000e+000  
0.000000e+000  0.000000e+000  0.000000e+000  0.000000e+000  0.000000e+000  0.000000e+000  0.000000e+000  0.000000e+000  0.000000e+000  
0.000000e+000  0.000000e+000  0.000000e+000  0.000000e+000  0.000000e+000  0.000000e+000  0.000000e+000  0.000000e+000  0.000000e+000  
0.000000e+000  0.000000e+000  0.000000e+000  0.000000e+000  0.000000e+000  0.000000e+000  0.000000e+000  0.000000e+000  0.000000e+000  
0.000000e+000  0.000000e+000  0.000000e+000  0.000000e+000  0.000000e+000  0.000000e+000  0.000000e+000  0.000000e+000  0.000000e+000  
0.000000e+000  0.000000e+000  0.000000e+000  0.000000e+000  0.000000e+000  0.000000e+000  0.000000e+000  0.000000e+000  0.000000e+000  
0.000000e+000  0.000000e+000  0.000000e+000  0.000000e+000  0.000000e+000  0.000000e+000  0.000000e+000  0.000000e+000  0.000000e+000  
0.000000e+000  0.000000e+000  0.000000e+000  0.000000e+000  0.000000e+000  0.000000e+000  0.000000e+000  0.000000e+000  0.000000e+000  
0.000000e+000  0.000000e+000  0.000000e+000  0.000000e+000  0.000000e+000  0.000000e+000  0.000000e+000  0.000000e+000  0.000000e+000  
0.000000e+000  0.000000e+000  0.000000e+000  0.000000e+000  0.000000e+000  0.000000e+000  0.000000e+000  0.000000e+000  0.000000e+000  
0.000000e+000  0.000000e+000  0.000000e+000  0.000000e+000  0.000000e+000  0.000000e+000  0.000000e+000  0.000000e+000  0.000000e+000  
0.000000e+000  0.000000e+000  0.000000e+000  0.000000e+000  0.000000e+000  0.000000e+000  0.000000e+000  0.000000e+000  0.000000e+000  
0.000000e+000  0.000000e+000  0.000000e+000  0.000000e+000  0.000000e+000  0.000000e+000  0.000000e+000  0.000000e+000  0.000000e+000  
0.000000e+000  0.000000e+000  0.000000e+000  0.000000e+000  0.000000e+000  0.000000e+000  0.000000e+000  0.000000e+000  0.000000e+000  
0.000000e+000  0.000000e+000  0.000000e+000  0.000000e+000  0.000000e+000  0.000000e+000  0.000000e+000  0.000000e+000  0.000000e+000  
0.000000e+000  0.000000e+000  0.000000e+000  0.000000e+000  0.000000e+000  0.000000e+000  0.000000e+000  0.000000e+000  0.000000e+000  
0.000000e+000  0.000000e+000  0.000000e+000  0.000000e+000  0.000000e+000  0.000000e+000  0.000000e+000  0.000000e+000  0.000000e+000  
0.000000e+000  0.000000e+000  0.000000e+000  0.000000e+000  0.000000e+000  0.000000e+000  0.000000e+000  0.000000e+000  0.000000e+000  
0.000000e+000  0.000000e+000  0.000000e+000  0.000000e+000  0.000000e+000  0.000000e+000  0.000000e+000  0.000000e+000  0.000000e+000  
0.000000e+000  0.000000e+000  0.000000e+000  0.000000e+000  0.000000e+000  0.000000e+000  0.000000e+000  0.000000e+000  0.000000e+000  
0.000000e+000  0.000000e+000  0.000000e+000  0.000000e+000  0.000000e+000  0.000000e+000  0.000000e+000  0.000000e+000  0.000000e+000  
0.000000e+000  0.000000e+000  0.000000e+000  0.000000e+000  0.000000e+000  0.000000e+000  0.000000e+000  0.000000e+000  0.000000e+000  
0.000000e+000  0.000000e+000  0.000000e+000  0.000000e+000  0.000000e+000  0.000000e+000  0.000000e+000  0.000000e+000  0.000000e+000  
0.000000e+000  0.000000e+000  0.000000e+000  0.000000e+000  0.000000e+000  0.000000e+000  0.000000e+000  0.000000e+000  0.000000e+000  
0.000000e+000  0.000000e+000  0.000000e+000  0.000000e+000  0.000000e+000  0.000000e+000  0.000000e+000  0.000000e+000  0.000000e+000  
0.000000e+000  0.000000e+000  0.000000e+000  0.000000e+000  0.000000e+000  0.000000e+000  0.000000e+000  0.000000e+000  0.000000e+000  
0.000000e+000  0.000000e+000  0.000000e+000  0.000000e+000  0.000000e+000  0.000000e+000  0.000000e+000  0.000000e+000  0.000000e+000  
0.000000e+000  0.000000e+000  0.000000e+000  0.000000e+000  0.000000e+000  0.000000e+000  0.000000e+000  0.000000e+000  0.000000e+000  
0.000000e+000  0.000000e+000  0.000000e+000  0.000000e+000  0.000000e+000  0.000000e+000  0.000000e+000  0.000000e+000  0.000000e+000  
0.000000e+000  0.000000e+000  0.000000e+000  0.000000e+000  0.000000e+000  0.000000e+000  0.000000e+000  0.000000e+000  0.000000e+000  
0.000000e+000  0.000000e+000  0.000000e+000  0.000000e+000  0.000000e+000  0.000000e+000  0.000000e+000  0.000000e+000  0.000000e+000  
0.000000e+000  0.000000e+000  0.000000e+000  0.000000e+000  0.000000e+000  0.000000e+000  0.000000e+000  0.000000e+000  0.000000e+000  
0.000000e+000  0.000000e+000  0.000000e+000  0.000000e+000  0.000000e+000  0.000000e+000  0.000000e+000  0.000000e+000  0.000000e+000  
0.000000e+000  0.000000e+000  0.000000e+000  0.000000e+000  0.000000e+000  0.000000e+000  0.000000e+000  0.000000e+000  0.000000e+000  
0.000000e+000  0.000000e+000  0.000000e+000  0.000000e+000  0.000000e+000  0.000000e+000  0.000000e+000  0.000000e+000  0.000000e+000  
0.000000e+000  0.000000e+000  0.000000e+000  0.000000e+000  0.000000e+000  0.000000e+000  0.000000e+000  0.000000e+000  0.000000e+000  
0.000000e+000  0.000000e+000  0.000000e+000  0.000000e+000  0.000000e+000  0.000000e+000  0.000000e+000  0.000000e+000  0.000000e+000  
0.000000e+000  0.000000e+000  0.000000e+000  0.000000e+000  0.000000e+000  0.000000e+000  0.000000e+000  0.000000e+000  0.000000e+000  
0.000000e+000  0.000000e+000  0.000000e+000  0.000000e+000  0.000000e+000  0.000000e+000  0.000000e+000  0.000000e+000  0.000000e+000  
0.000000e+000  0.000000e+000  0.000000e+000  0.000000e+000  0.000000e+000  0.000000e+000  0.000000e+000  0.000000e+000  0.000000e+000  
0.000000e+000  0.000000e+000  0.000000e+000  0.000000e+000  0.000000e+000  0.000000e+000  0.000000e+000  0.000000e+000  0.000000e+000  
0.000000e+000  0.000000e+000  0.000000e+000  0.000000e+000  0.000000e+000  0.000000e+000  0.000000e+000  0.000000e+000  0.000000e+000  
0.000000e+000  0.000000e+000  0.000000e+000  0.000000e+000  0.000000e+000  0.000000e+000  0.000000e+000  0.000000e+000  0.000000e+000  
0.000000e+000  0.000000e+000  0.000000e+000  0.000000e+000  0.000000e+000  0.000000e+000  0.000000e+000  0.000000e+000  0.000000e+000  
0.000000e+000  0.000000e+000  0.000000e+000  0.000000e+000  0.000000e+000  0.000000e+000  0.000000e+000  0.000000e+000  0.000000e+000  
0.000000e+000  0.000000e+000  0.000000e+000  0.000000e+000  0.000000e+000  0.000000e+000  0.000000e+000  0.000000e+000  0.000000e+000  
0.000000e+000  0.000000e+000  0.000000e+000  0.000000e+000  0.000000e+000  0.000000e+000  0.000000e+000  0.000000e+000  0.000000e+000  
0.000000e+000  0.000000e+000  0.000000e+000  0.000000e+000  0.000000e+000  0.000000e+000  0.000000e+000  0.000000e+000  0.000000e+000  
0.000000e+000  0.000000e+000  0.000000e+000  0.000000e+000  0.000000e+000  0.000000e+000  0.000000e+000  0.000000e+000  0.000000e+000  
0.000000e+000  0.000000e+000  0.000000e+000  0.000000e+000  0.000000e+000  0.000000e+000  0.000000e+000  0.000000e+000  0.000000e+000  
0.000000e+000  0.000000e+000  0.000000e+000  0.000000e+000  0.000000e+000  0.000000e+000  0.000000e+000  0.000000e+000  0.000000e+000  
0.000000e+000  0.000000e+000  0.000000e+000  0.000000e+000  0.000000e+000  0.000000e+000  0.000000e+000  0.000000e+000  0.000000e+000  
0.000000e+000  0.000000e+000  0.000000e+000  0.000000e+000  0.000000e+000  0.000000e+000  0.000000e+000  0.000000e+000  0.000000e+000  
0.000000e+000  0.000000e+000  0.000000e+000  0.000000e+000  0.000000e+000  0.000000e+000  0.000000e+000  0.000000e+000  0.000000e+000  
0.000000e+000  0.000000e+000  0.000000e+000  0.000000e+000  0.000000e+000  0.000000e+000  0.000000e+000  0.000000e+000  0.000000e+000  
0.000000e+000  0.000000e+000  0.000000e+000  0.000000e+000  0.000000e+000  0.000000e+000  0.000000e+000  0.000000e+000  0.000000e+000  
0.000000e+000  0.000000e+000  0.000000e+000  0.000000e+000  0.000000e+000  0.000000e+000  0.000000e+000  0.000000e+000  0.000000e+000  
0.000000e+000  0.000000e+000  0.000000e+000  0.000000e+000  0.000000e+000  0.000000e+000  0.000000e+000  0.000000e+000  0.000000e+000  
0.000000e+000  0.000000e+000  0.000000e+000  0.000000e+000  0.000000e+000  0.000000e+000  0.000000e+000  0.000000e+000  0.000000e+000  
0.000000e+000  0.000000e+000  0.000000e+000  0.000000e+000  0.000000e+000  0.000000e+000  0.000000e+000  0.000000e+000  0.000000e+000  
0.000000e+000  0.000000e+000  0.000000e+000  0.000000e+000  0.000000e+000  0.000000e+000  0.000000e+000  0.000000e+000  0.000000e+000  
0.000000e+000  0.000000e+000  0.000000e+000  0.000000e+000  0.000000e+000  0.000000e+000  0.000000e+000  0.000000e+000  0.000000e+000  
0.000000e+000  0.000000e+000  0.000000e+000  0.000000e+000  0.000000e+000  0.000000e+000  0.000000e+000  0.000000e+000  0.000000e+000  
0.000000e+000  0.000000e+000  0.000000e+000  0.000000e+000  0.000000e+000  0.000000e+000  0.000000e+000  0.000000e+000  0.000000e+000  
0.000000e+000  0.000000e+000  0.000000e+000  0.000000e+000  0.000000e+000  0.000000e+000  0.000000e+000  0.000000e+000  0.000000e+000  
0.000000e+000  0.000000e+000  0.000000e+000  0.000000e+000  0.000000e+000  0.000000e+000  0.000000e+000  0.000000e+000  0.000000e+000  
0.000000e+000  0.000000e+000  0.000000e+000  0.000000e+000  0.000000e+000  0.000000e+000  0.000000e+000  0.000000e+000  0.000000e+000  
0.000000e+000  0.000000e+000  0.000000e+000  0.000000e+000  0.000000e+000  0.000000e+000  0.000000e+000  0.000000e+000  0.000000e+000  
0.000000e+000  0.000000e+000  0.000000e+000  0.000000e+000  0.000000e+000  0.000000e+000  0.000000e+000  0.000000e+000  0.000000e+000  
0.000000e+000  0.000000e+000  0.000000e+000  0.000000e+000  0.000000e+000  0.000000e+000  0.000000e+000  0.000000e+000  0.000000e+000  
0.000000e+000  0.000000e+000  0.000000e+000  0.000000e+000  0.000000e+000  0.000000e+000  0.000000e+000  0.000000e+000  0.000000e+000  
0.000000e+000  0.000000e+000  0.000000e+000  0.000000e+000  0.000000e+000  0.000000e+000  0.000000e+000  0.000000e+000  0.000000e+000  
0.000000e+000  0.000000e+000  0.000000e+000  0.000000e+000  0.000000e+000  0.000000e+000  0.000000e+000  0.000000e+000  0.000000e+000  
0.000000e+000  0.000000e+000  0.000000e+000  0.000000e+000  0.000000e+000  0.000000e+000  0.000000e+000  0.000000e+000  0.000000e+000  
0.000000e+000  0.000000e+000  0.000000e+000  0.000000e+000  0.000000e+000  0.000000e+000  0.000000e+000  0.000000e+000  0.000000e+000  
0.000000e+000  0.000000e+000  0.000000e+000  0.000000e+000  0.000000e+000  0.000000e+000  0.000000e+000  0.000000e+000  0.000000e+000  
0.000000e+000  0.000000e+000  0.000000e+000  0.000000e+000  0.000000e+000  0.000000e+000  0.000000e+000  0.000000e+000  0.000000e+000  
0.000000e+000  0.000000e+000  0.000000e+000  0.000000e+000  0.000000e+000  0.000000e+000  0.000000e+000  0.000000e+000  0.000000e+000  
0.000000e+000  0.000000e+000  0.000000e+000  0.000000e+000  0.000000e+000  0.000000e+000  0.000000e+000  0.000000e+000  0.000000e+000  
0.000000e+000  0.000000e+000  0.000000e+000  0.000000e+000  0.000000e+000  0.000000e+000  0.000000e+000  0.000000e+000  0.000000e+000  
0.000000e+000  0.000000e+000  0.000000e+000  0.000000e+000  0.000000e+000  0.000000e+000  0.000000e+000  0.000000e+000  0.000000e+000  
0.000000e+000  0.000000e+000  0.000000e+000  0.000000e+000  0.000000e+000  0.000000e+000  0.000000e+000  0.000000e+000  0.000000e+000  

0.000000e+000  0.000000e+000  0.000000e+000  0.000000e+000  0.000000e+000  0.000000e+000  0.000000e+000  0.000000e+000  0.000000e+000  
0.000000e+000  0.000000e+000  0.000000e+000  0.000000e+000  0.000000e+000  0.000000e+000  0.000000e+000  0.000000e+000  0.000000e+000  
0.000000e+000  0.000000e+000  0.000000e+000  0.000000e+000  0.000000e+000  0.000000e+000  0.000000e+000  0.000000e+000  0.000000e+000  
0.000000e+000  0.000000e+000  0.000000e+000  0.000000e+000  0.000000e+000  0.000000e+000  0.000000e+000  0.000000e+000  0.000000e+000  
0.000000e+000  0.000000e+000  0.000000e+000  0.000000e+000  0.000000e+000  0.000000e+000  0.000000e+000  0.000000e+000  0.000000e+000  
0.000000e+000  0.000000e+000  0.000000e+000  0.000000e+000  0.000000e+000  0.000000e+000  0.000000e+000  0.000000e+000  0.000000e+000  
0.000000e+000  0.000000e+000  0.000000e+000  0.000000e+000  0.000000e+000  0.000000e+000  0.000000e+000  0.000000e+000  0.000000e+000  
0.000000e+000  0.000000e+000  0.000000e+000  0.000000e+000  0.000000e+000  0.000000e+000  0.000000e+000  0.000000e+000  0.000000e+000  
0.000000e+000  0.000000e+000  0.000000e+000  0.000000e+000  0.000000e+000  0.000000e+000  0.000000e+000  0.000000e+000  0.000000e+000  
0.000000e+000  0.000000e+000  0.000000e+000  0.000000e+000  0.000000e+000  0.000000e+000  0.000000e+000  0.000000e+000  0.000000e+000  
0.000000e+000  0.000000e+000  0.000000e+000  0.000000e+000  0.000000e+000  0.000000e+000  0.000000e+000  0.000000e+000  0.000000e+000  
0.000000e+000  0.000000e+000  0.000000e+000  0.000000e+000  0.000000e+000  0.000000e+000  0.000000e+000  0.000000e+000  0.000000e+000  
0.000000e+000  0.000000e+000  0.000000e+000  0.000000e+000  0.000000e+000  0.000000e+000  0.000000e+000  0.000000e+000  0.000000e+000  
0.000000e+000  0.000000e+000  0.000000e+000  0.000000e+000  0.000000e+000  0.000000e+000  0.000000e+000  0.000000e+000  0.000000e+000  
0.000000e+000  0.000000e+000  0.000000e+000  0.000000e+000  0.000000e+000  0.000000e+000  0.000000e+000  0.000000e+000  0.000000e+000  
0.000000e+000  0.000000e+000  0.000000e+000  0.000000e+000  0.000000e+000  0.000000e+000  0.000000e+000  0.000000e+000  0.000000e+000  
0.000000e+000  0.000000e+000  0.000000e+000  0.000000e+000  0.000000e+000  0.000000e+000  0.000000e+000  0.000000e+000  0.000000e+000  
0.000000e+000  0.000000e+000  0.000000e+000  0.000000e+000  0.000000e+000  0.000000e+000  0.000000e+000  0.000000e+000  0.000000e+000  
0.000000e+000  0.000000e+000  0.000000e+000  0.000000e+000  0.000000e+000  0.000000e+000  0.000000e+000  0.000000e+000  0.000000e+000  
0.000000e+000  0.000000e+000  0.000000e+000  0.000000e+000  0.000000e+000  0.000000e+000  0.000000e+000  0.000000e+000  0.000000e+000  
0.000000e+000  0.000000e+000  0.000000e+000  0.000000e+000  0.000000e+000  0.000000e+000  0.000000e+000  0.000000e+000  0.000000e+000  
0.000000e+000  0.000000e+000  0.000000e+000  0.000000e+000  0.000000e+000  0.000000e+000  0.000000e+000  0.000000e+000  0.000000e+000  
0.000000e+000  0.000000e+000  0.000000e+000  0.000000e+000  0.000000e+000  0.000000e+000  0.000000e+000  0.000000e+000  0.000000e+000  
0.000000e+000  0.000000e+000  0.000000e+000  0.000000e+000  0.000000e+000  0.000000e+000  0.000000e+000  0.000000e+000  0.000000e+000  
0.000000e+000  0.000000e+000  0.000000e+000  0.000000e+000  0.000000e+000  0.000000e+000  0.000000e+000  0.000000e+000  0.000000e+000  
0.000000e+000  0.000000e+000  0.000000e+000  0.000000e+000  0.000000e+000  0.000000e+000  0.000000e+000  0.000000e+000  0.000000e+000  
0.000000e+000  0.000000e+000  0.000000e+000  0.000000e+000  0.000000e+000  0.000000e+000  0.000000e+000  0.000000e+000  0.000000e+000  
0.000000e+000  0.000000e+000  0.000000e+000  0.000000e+000  0.000000e+000  0.000000e+000  0.000000e+000  0.000000e+000  0.000000e+000  
0.000000e+000  0.000000e+000  0.000000e+000  0.000000e+000  0.000000e+000  0.000000e+000  0.000000e+000  0.000000e+000  0.000000e+000  
0.000000e+000  0.000000e+000  0.000000e+000  0.000000e+000  0.000000e+000  0.000000e+000  0.000000e+000  0.000000e+000  0.000000e+000  
0.000000e+000  0.000000e+000  0.000000e+000  0.000000e+000  0.000000e+000  0.000000e+000  0.000000e+000  0.000000e+000  0.000000e+000  
0.000000e+000  0.000000e+000  0.000000e+000  0.000000e+000  0.000000e+000  0.000000e+000  0.000000e+000  0.000000e+000  0.000000e+000  
0.000000e+000  0.000000e+000  0.000000e+000  0.000000e+000  0.000000e+000  0.000000e+000  0.000000e+000  0.000000e+000  0.000000e+000  
0.000000e+000  0.000000e+000  0.000000e+000  0.000000e+000  0.000000e+000  0.000000e+000  0.000000e+000  0.000000e+000  0.000000e+000  
0.000000e+000  0.000000e+000  0.000000e+000  0.000000e+000  0.000000e+000  0.000000e+000  0.000000e+000  0.000000e+000  0.000000e+000  
0.000000e+000  0.000000e+000  0.000000e+000  0.000000e+000  0.000000e+000  0.000000e+000  0.000000e+000  0.000000e+000  0.000000e+000  
0.000000e+000  0.000000e+000  0.000000e+000  0.000000e+000  0.000000e+000  0.000000e+000  0.000000e+000  0.000000e+000  0.000000e+000  
0.000000e+000  0.000000e+000  0.000000e+000  0.000000e+000  0.000000e+000  0.000000e+000  0.000000e+000  0.000000e+000  0.000000e+000  
0.000000e+000  0.000000e+000  0.000000e+000  0.000000e+000  0.000000e+000  0.000000e+000  0.000000e+000  0.000000e+000  0.000000e+000  
0.000000e+000  0.000000e+000  0.000000e+000  0.000000e+000  0.000000e+000  0.000000e+000  0.000000e+000  0.000000e+000  0.000000e+000  
0.000000e+000  0.000000e+000  0.000000e+000  0.000000e+000  0.000000e+000  0.000000e+000  0.000000e+000  0.000000e+000  0.000000e+000  
0.000000e+000  0.000000e+000  0.000000e+000  0.000000e+000  0.000000e+000  0.000000e+000  0.000000e+000  0.000000e+000  0.000000e+000  
0.000000e+000  0.000000e+000  0.000000e+000  0.000000e+000  0.000000e+000  0.000000e+000  0.000000e+000  0.000000e+000  0.000000e+000  
0.000000e+000  0.000000e+000  0.000000e+000  0.000000e+000  0.000000e+000  0.000000e+000  0.000000e+000  0.000000e+000  0.000000e+000  
0.000000e+000  0.000000e+000  0.000000e+000  0.000000e+000  0.000000e+000  0.000000e+000  0.000000e+000  0.000000e+000  0.000000e+000  
0.000000e+000  0.000000e+000  0.000000e+000  0.000000e+000  0.000000e+000  0.000000e+000  0.000000e+000  0.000000e+000  0.000000e+000  
0.000000e+000  0.000000e+000  0.000000e+000  0.000000e+000  0.000000e+000  0.000000e+000  0.000000e+000  0.000000e+000  0.000000e+000  
0.000000e+000  0.000000e+000  0.000000e+000  0.000000e+000  0.000000e+000  0.000000e+000  0.000000e+000  0.000000e+000  0.000000e+000  
0.000000e+000  0.000000e+000  0.000000e+000  0.000000e+000  0.000000e+000  0.000000e+000  0.000000e+000  0.000000e+000  0.000000e+000  
0.000000e+000  0.000000e+000  0.000000e+000  0.000000e+000  0.000000e+000  0.000000e+000  0.000000e+000  0.000000e+000  0.000000e+000  
0.000000e+000  0.000000e+000  0.000000e+000  0.000000e+000  0.000000e+000  0.000000e+000  0.000000e+000  0.000000e+000  0.000000e+000  
0.000000e+000  0.000000e+000  0.000000e+000  0.000000e+000  0.000000e+000  0.000000e+000  0.000000e+000  0.000000e+000  0.000000e+000  
0.000000e+000  0.000000e+000  0.000000e+000  0.000000e+000  0.000000e+000  0.000000e+000  0.000000e+000  0.000000e+000  0.000000e+000  
0.000000e+000  0.000000e+000  0.000000e+000  0.000000e+000  0.000000e+000  0.000000e+000  0.000000e+000  0.000000e+000  0.000000e+000  
0.000000e+000  0.000000e+000  0.000000e+000  0.000000e+000  0.000000e+000  0.000000e+000  0.000000e+000  0.000000e+000  0.000000e+000  
0.000000e+000  0.000000e+000  0.000000e+000  0.000000e+000  0.000000e+000  0.000000e+000  0.000000e+000  0.000000e+000  0.000000e+000  
0.000000e+000  0.000000e+000  0.000000e+000  0.000000e+000  0.000000e+000  0.000000e+000  0.000000e+000  0.000000e+000  0.000000e+000  
0.000000e+000  0.000000e+000  0.000000e+000  0.000000e+000  0.000000e+000  0.000000e+000  0.000000e+000  0.000000e+000  0.000000e+000  
0.000000e+000  0.000000e+000  0.000000e+000  0.000000e+000  0.000000e+000  0.000000e+000  0.000000e+000  0.000000e+000  0.000000e+000  
0.000000e+000  0.000000e+000  0.000000e+000  0.000000e+000  0.000000e+000  0.000000e+000  0.000000e+000  0.000000e+000  0.000000e+000  
0.000000e+000  0.000000e+000  0.000000e+000  0.000000e+000  0.000000e+000  0.000000e+000  0.000000e+000  0.000000e+000  0.000000e+000  
0.000000e+000  0.000000e+000  0.000000e+000  0.000000e+000  0.000000e+000  0.000000e+000  0.000000e+000  0.000000e+000  0.000000e+000  
0.000000e+000  0.000000e+000  0.000000e+000  0.000000e+000  0.000000e+000  0.000000e+000  0.000000e+000  0.000000e+000  0.000000e+000  
0.000000e+000  0.000000e+000  0.000000e+000  0.000000e+000  0.000000e+000  0.000000e+000  0.000000e+000  0.000000e+000  0.000000e+000  
0.000000e+000  0.000000e+000  0.000000e+000  0.000000e+000  0.000000e+000  0.000000e+000  0.000000e+000  0.000000e+000  0.000000e+000  
0.000000e+000  0.000000e+000  0.000000e+000  0.000000e+000  0.000000e+000  0.000000e+000  0.000000e+000  0.000000e+000  0.000000e+000  
0.000000e+000  0.000000e+000  0.000000e+000  0.000000e+000  0.000000e+000  0.000000e+000  0.000000e+000  0.000000e+000  0.000000e+000  
0.000000e+000  0.000000e+000  0.000000e+000  0.000000e+000  0.000000e+000  0.000000e+000  0.000000e+000  0.000000e+000  0.000000e+000  
0.000000e+000  0.000000e+000  0.000000e+000  0.000000e+000  0.000000e+000  0.000000e+000  0.000000e+000  0.000000e+000  0.000000e+000  
0.000000e+000  0.000000e+000  0.000000e+000  0.000000e+000  0.000000e+000  0.000000e+000  0.000000e+000  0.000000e+000  0.000000e+000  
0.000000e+000  0.000000e+000  0.000000e+000  0.000000e+000  0.000000e+000  0.000000e+000  0.000000e+000  0.000000e+000  0.000000e+000  
0.000000e+000  0.000000e+000  0.000000e+000  0.000000e+000  0.000000e+000  0.000000e+000  0.000000e+000  0.000000e+000  0.000000e+000  
0.000000e+000  0.000000e+000  0.000000e+000  0.000000e+000  0.000000e+000  0.000000e+000  0.000000e+000  0.000000e+000  0.000000e+000  
0.000000e+000  0.000000e+000  0.000000e+000  0.000000e+000  0.000000e+000  0.000000e+000  0.000000e+000  0.000000e+000  0.000000e+000  
0.000000e+000  0.000000e+000  0.000000e+000  0.000000e+000  0.000000e+000  0.000000e+000  0.000000e+000  0.000000e+000  0.000000e+000  
0.000000e+000  0.000000e+000  0.000000e+000  0.000000e+000  0.000000e+000  0.000000e+000  0.000000e+000  0.000000e+000  0.000000e+000  
0.000000e+000  0.000000e+000  0.000000e+000  0.000000e+000  0.000000e+000  0.000000e+000  0.000000e+000  0.000000e+000  0.000000e+000  
0.000000e+000  0.000000e+000  0.000000e+000  0.000000e+000  0.000000e+000  0.000000e+000  0.000000e+000  0.000000e+000  0.000000e+000  
0.000000e+000  0.000000e+000  0.000000e+000  0.000000e+000  0.000000e+000  0.000000e+000  0.000000e+000  0.000000e+000  0.000000e+000  
0.000000e+000  0.000000e+000  0.000000e+000  0.000000e+000  0.000000e+000  0.000000e+000  0.000000e+000  0.000000e+000  0.000000e+000  
0.000000e+000  0.000000e+000  0.000000e+000  0.000000e+000  0.000000e+000  0.000000e+000  0.000000e+000  0.000000e+000  0.000000e+000  
0.000000e+000  0.000000e+000  0.000000e+000  0.000000e+000  0.000000e+000  0.000000e+000  0.000000e+000  0.000000e+000  0.000000e+000  
0.000000e+000  0.000000e+000  0.000000e+000  0.000000e+000  0.000000e+000  0.000000e+000  0.000000e+000  0.000000e+000  0.000000e+000  
0.000000e+000  0.000000e+000  0.000000e+000  0.000000e+000  0.000000e+000  0.000000e+000  0.000000e+000  0.000000e+000  0.000000e+000  
0.000000e+000  0.000000e+000  0.000000e+000  0.000000e+000  0.000000e+000  0.000000e+000  0.000000e+000  0.000000e+000  0.000000e+000  
0.000000e+000  0.000000e+000  0.000000e+000  0.000000e+000  0.000000e+000  0.000000e+000  0.000000e+000  0.000000e+000  0.000000e+000  
0.000000e+000  0.000000e+000  0.000000e+000  0.000000e+000  0.000000e+000  0.000000e+000  0.000000e+000  0.000000e+000  0.000000e+000  
0.000000e+000  0.000000e+000  0.000000e+000  0.000000e+000  0.000000e+000  0.000000e+000  0.000000e+000  0.000000e+000  0.000000e+000  
0.000000e+000  0.000000e+000  0.000000e+000  0.000000e+000  0.000000e+000  0.000000e+000  0.000000e+000  0.000000e+000  0.000000e+000  
0.000000e+000  0.000000e+000  0.000000e+000  0.000000e+000  0.000000e+000  0.000000e+000  0.000000e+000  0.000000e+000  0.000000e+000  
0.000000e+000  0.000000e+000  0.000000e+000  0.000000e+000  0.000000e+000  0.000000e+000  0.000000e+000  0.000000e+000  0.000000e+000  
0.000000e+000  0.000000e+000  0.000000e+000  0.000000e+000  0.000000e+000  0.000000e+000  0.000000e+000  0.000000e+000  0.000000e+000  
0.000000e+000  0.000000e+000  0.000000e+000  0.000000e+000  0.000000e+000  0.000000e+000  0.000000e+000  0.000000e+000  0.000000e+000  
0.000000e+000  0.000000e+000  0.000000e+000  0.000000e+000  0.000000e+000  0.000000e+000  0.000000e+000  0.000000e+000  0.000000e+000  
0.000000e+000  0.000000e+000  0.000000e+000  0.000000e+000  0.000000e+000  0.000000e+000  0.000000e+000  0.000000e+000  0.000000e+000  
0.000000e+000  0.000000e+000  0.000000e+000  0.000000e+000  0.000000e+000  0.000000e+000  0.000000e+000  0.000000e+000  0.000000e+000  

0.000000e+000  -3.575496e-012  -6.462351e-012  2.299901e-011  2.797939e-011  1.322600e-011  2.911219e-011  9.254641e-012  0.000000e+000  
8.098304e-012  9.251250e-012  1.270144e-010  3.728215e-011  4.410121e-011  4.616250e-011  4.270210e-011  3.017858e-011  0.000000e+000  
4.134691e-011  5.289215e-011  4.383241e-011  5.562355e-011  6.443985e-011  6.597152e-011  6.014978e-011  4.175606e-011  0.000000e+000  
8.645995e-012  8.680192e-011  7.029402e-011  8.669769e-011  9.619149e-011  9.496980e-011  8.468505e-011  5.742359e-011  0.000000e+000  
6.535261e-012  1.512648e-011  1.380220e-010  1.428891e-010  1.440378e-010  1.358138e-010  1.183242e-010  7.840594e-011  0.000000e+000  
3.744700e-011  7.821387e-011  2.167375e-010  2.143678e-010  2.071180e-010  1.897288e-010  1.626274e-010  1.059528e-010  0.000000e+000  
0.000000e+000  0.000000e+000  3.029035e-010  2.971079e-010  2.840298e-010  2.570870e-010  2.184942e-010  1.409448e-010  0.000000e+000  
0.000000e+000  0.000000e+000  4.865475e-010  4.765503e-010  4.533475e-010  4.076672e-010  3.445887e-010  2.205959e-010  0.000000e+000  
0.000000e+000  0.000000e+000  9.647707e-010  9.446257e-010  8.979596e-010  8.065129e-010  6.809468e-010  4.349367e-010  0.000000e+000  
0.000000e+000  0.000000e+000  1.916843e-009  1.876836e-009  1.783939e-009  1.601991e-009  1.352325e-009  8.635284e-010  0.000000e+000  
0.000000e+000  0.000000e+000  3.773242e-009  3.694469e-009  3.511493e-009  3.153102e-009  2.661546e-009  1.699347e-009  0.000000e+000  
0.000000e+000  0.000000e+000  7.408687e-009  7.254128e-009  6.894628e-009  6.190476e-009  5.225072e-009  3.335852e-009  0.000000e+000  
0.000000e+000  0.000000e+000  1.453491e-008  1.423193e-008  1.352617e-008  1.214377e-008  1.024929e-008  6.542954e-009  0.000000e+000  
0.000000e+000  0.000000e+000  2.850471e-008  2.791093e-008  2.652572e-008  2.381271e-008  2.009653e-008  1.282798e-008  0.000000e+000  
0.000000e+000  0.000000e+000  5.588443e-008  5.472131e-008  5.200327e-008  4.668004e-008  3.939237e-008  2.514231e-008  0.000000e+000  
0.000000e+000  0.000000e+000  1.095317e-007  1.072540e-007  1.019218e-007  9.147933e-008  7.719153e-008  4.926215e-008  0.000000e+000  
0.000000e+000  0.000000e+000  2.146120e-007  2.101539e-007  1.996956e-007  1.792154e-007  1.512112e-007  9.648818e-008  0.000000e+000  
0.000000e+000  0.000000e+000  4.203610e-007  4.116387e-007  3.911313e-007  3.509745e-007  2.961030e-007  1.889185e-007  0.000000e+000  
0.000000e+000  0.000000e+000  8.230597e-007  8.060025e-007  7.658007e-007  6.870840e-007  5.796045e-007  3.697421e-007  0.000000e+000  
0.000000e+000  0.000000e+000  1.610888e-006  1.577549e-006  1.498761e-006  1.344504e-006  1.134055e-006  7.233203e-007  0.000000e+000  
0.000000e+000  0.000000e+000  3.151429e-006  3.086303e-006  2.931944e-006  2.629749e-006  2.217847e-006  1.414329e-006  0.000000e+000  
0.000000e+000  0.000000e+000  6.047712e-006  5.922932e-006  5.626248e-006  5.045462e-006  4.254606e-006  2.712655e-006  0.000000e+000  
0.000000e+000  0.000000e+000  9.636455e-006  9.437895e-006  8.964539e-006  8.037965e-006  6.777277e-006  4.320366e-006  0.000000e+000  
0.000000e+000  0.000000e+000  1.219169e-005  1.194065e-005  1.134139e-005  1.016842e-005  8.573108e-006  5.464738e-006  0.000000e+000  
0.000000e+000  0.000000e+000  1.546000e-005  1.514188e-005  1.438146e-005  1.289307e-005  1.086964e-005  6.928028e-006  0.000000e+000  
0.000000e+000  0.000000e+000  1.964442e-005  1.924049e-005  1.827356e-005  1.638102e-005  1.380933e-005  8.800919e-006  0.000000e+000  
0.000000e+000  0.000000e+000  2.500246e-005  2.448876e-005  2.325716e-005  2.084670e-005  1.757277e-005  1.119837e-005  0.000000e+000  
0.000000e+000  0.000000e+000  3.183705e-005  3.118347e-005  2.961395e-005  2.654228e-005  2.237233e-005  1.425552e-005  0.000000e+000  
0.000000e+000  0.000000e+000  4.785191e-005  4.687085e-005  4.450882e-005  3.988642e-005  3.361627e-005  2.141670e-005  0.000000e+000  
0.000000e+000  0.000000e+000  9.288747e-005  9.098777e-005  8.639183e-005  7.739886e-005  6.521817e-005  4.153775e-005  0.000000e+000  
0.000000e+000  0.000000e+000  1.842267e-004  1.804695e-004  1.713297e-004  1.534481e-004  1.292686e-004  8.230399e-005  0.000000e+000  
0.000000e+000  0.000000e+000  3.641131e-004  3.567101e-004  3.385922e-004  3.031509e-004  2.553149e-004  1.624955e-004  0.000000e+000  
0.000000e+000  0.000000e+000  7.184433e-004  7.038860e-004  6.680186e-004  5.978688e-004  5.033790e-004  3.202407e-004  0.000000e+000  
0.000000e+000  0.000000e+000  1.415741e-003  1.387164e-003  1.316221e-003  1.177498e-003  9.910678e-004  6.301926e-004  0.000000e+000  
0.000000e+000  0.000000e+000  2.786207e-003  2.730197e-003  2.589981e-003  2.315866e-003  1.948433e-003  1.238231e-003  0.000000e+000  
0.000000e+000  0.000000e+000  5.475776e-003  5.366170e-003  5.089185e-003  4.547862e-003  3.824419e-003  2.428574e-003  0.000000e+000  
0.000000e+000  0.000000e+000  1.074617e-002  1.053191e-002  9.984680e-003  8.915714e-003  7.492311e-003  4.752356e-003  0.000000e+000  
0.000000e+000  0.000000e+000  2.106055e-002  2.064152e-002  1.955817e-002  1.744382e-002  1.464229e-002  9.268814e-003  0.000000e+000  
0.000000e+000  0.000000e+000  4.123871e-002  4.041516e-002  3.825473e-002  3.404649e-002  2.851447e-002  1.797376e-002  0.000000e+000  
0.000000e+000  0.000000e+000  8.080644e-002  7.916234e-002  7.476148e-002  6.622791e-002  5.518357e-002  3.444173e-002  0.000000e+000  
0.000000e+000  0.000000e+000  1.591166e-001  1.557212e-001  1.462440e-001  1.280471e-001  1.053403e-001  6.416751e-002  0.000000e+000  
0.000000e+000  0.000000e+000  3.124116e-001  3.054117e-001  2.827492e-001  2.398075e-001  1.908667e-001  1.095263e-001  0.000000e+000  
0.000000e+000  0.000000e+000  5.134742e-001  5.057257e-001  4.554350e-001  3.590981e-001  2.670183e-001  1.374514e-001  0.000000e+000  
0.000000e+000  0.000000e+000  6.447640e-001  6.479023e-001  5.713735e-001  4.210044e-001  2.966360e-001  1.421138e-001  0.000000e+000  
0.000000e+000  0.000000e+000  7.648479e-001  8.166788e-001  6.956666e-001  4.528411e-001  2.936241e-001  1.284262e-001  0.000000e+000  
0.000000e+000  0.000000e+000  7.322339e-001  9.060501e-001  7.284261e-001  3.918930e-001  2.323300e-001  9.440122e-002  0.000000e+000  
0.000000e+000  0.000000e+000  4.254331e-001  4.904746e-001  3.817715e-001  2.221919e-001  1.316112e-001  5.196549e-002  0.000000e+000  
0.000000e+000  0.000000e+000  -1.542676e-011  0.000000e+000  -5.208871e-012  -4.446496e-012  -3.502240e-012  0.000000e+000  0.000000e+000  
0.000000e+000  0.000000e+000  -4.254331e-001  -4.904746e-001  -3.817715e-001  -2.221919e-001  -1.316112e-001  -5.196549e-002  0.000000e+000  
0.000000e+000  0.000000e+000  -7.322339e-001  -9.060501e-001  -7.284261e-001  -3.918930e-001  -2.323300e-001  -9.440122e-002  0.000000e+000  
0.000000e+000  0.000000e+000  -7.648479e-001  -8.166788e-001  -6.956666e-001  -4.528411e-001  -2.936241e-001  -1.284262e-001  0.000000e+000  
0.000000e+000  0.000000e+000  -6.447640e-001  -6.479023e-001  -5.713735e-001  -4.210044e-001  -2.966360e-001  -1.421138e-001  0.000000e+000  
0.000000e+000  0.000000e+000  -5.134742e-001  -5.057257e-001  -4.554350e-001  -3.590981e-001  -2.670183e-001  -1.374514e-001  0.000000e+000  
0.000000e+000  0.000000e+000  -3.124116e-001  -3.054117e-001  -2.827492e-001  -2.398075e-001  -1.908667e-001  -1.095263e-001  0.000000e+000  
0.000000e+000  0.000000e+000  -1.591166e-001  -1.557212e-001  -1.462440e-001  -1.280471e-001  -1.053403e-001  -6.416751e-002  0.000000e+000  
0.000000e+000  0.000000e+000  -8.080644e-002  -7.916234e-002  -7.476148e-002  -6.622791e-002  -5.518357e-002  -3.444173e-002  0.000000e+000  
0.000000e+000  0.000000e+000  -4.123871e-002  -4.041516e-002  -3.825473e-002  -3.404649e-002  -2.851447e-002  -1.797376e-002  0.000000e+000  
0.000000e+000  0.000000e+000  -2.106055e-002  -2.064152e-002  -1.955817e-002  -1.744382e-002  -1.464229e-002  -9.268814e-003  0.000000e+000  
0.000000e+000  0.000000e+000  -1.074617e-002  -1.053191e-002  -9.984680e-003  -8.915714e-003  -7.492311e-003  -4.752356e-003  0.000000e+000  
0.000000e+000  0.000000e+000  -5.475776e-003  -5.366170e-003  -5.089185e-003  -4.547862e-003  -3.824419e-003  -2.428574e-003  0.000000e+000  
0.000000e+000  0.000000e+000  -2.786207e-003  -2.730197e-003  -2.589981e-003  -2.315866e-003  -1.948433e-003  -1.238231e-003  0.000000e+000  
0.000000e+000  0.000000e+000  -1.415741e-003  -1.387164e-003  -1.316221e-003  -1.177498e-003  -9.910678e-004  -6.301926e-004  0.000000e+000  
0.000000e+000  0.000000e+000  -7.184433e-004  -7.038860e-004  -6.680186e-004  -5.978688e-004  -5.033790e-004  -3.202407e-004  0.000000e+000  
0.000000e+000  0.000000e+000  -3.641131e-004  -3.567101e-004  -3.385922e-004  -3.031509e-004  -2.553149e-004  -1.624955e-004  0.000000e+000  
0.000000e+000  0.000000e+000  -1.842267e-004  -1.804695e-004  -1.713297e-004  -1.534481e-004  -1.292686e-004  -8.230399e-005  0.000000e+000  
0.000000e+000  0.000000e+000  -9.288747e-005  -9.098777e-005  -8.639183e-005  -7.739886e-005  -6.521817e-005  -4.153775e-005  0.000000e+000  
0.000000e+000  0.000000e+000  -4.785191e-005  -4.687085e-005  -4.450882e-005  -3.988642e-005  -3.361627e-005  -2.141670e-005  0.000000e+000  
0.000000e+000  0.000000e+000  -3.183705e-005  -3.118346e-005  -2.961395e-005  -2.654228e-005  -2.237233e-005  -1.425552e-005  0.000000e+000  
0.000000e+000  0.000000e+000  -2.500246e-005  -2.448876e-005  -2.325716e-005  -2.084670e-005  -1.757277e-005  -1.119837e-005  0.000000e+000  
0.000000e+000  0.000000e+000  -1.964442e-005  -1.924049e-005  -1.827356e-005  -1.638102e-005  -1.380933e-005  -8.800919e-006  0.000000e+000  
0.000000e+000  0.000000e+000  -1.546000e-005  -1.514188e-005  -1.438146e-005  -1.289307e-005  -1.086964e-005  -6.928028e-006  0.000000e+000  
0.000000e+000  0.000000e+000  -1.219169e-005  -1.194065e-005  -1.134139e-005  -1.016842e-005  -8.573108e-006  -5.464738e-006  0.000000e+000  
0.000000e+000  0.000000e+000  -9.636455e-006  -9.437895e-006  -8.964539e-006  -8.037965e-006  -6.777277e-006  -4.320366e-006  0.000000e+000  
0.000000e+000  0.000000e+000  -6.047712e-006  -5.922932e-006  -5.626248e-006  -5.045462e-006  -4.254606e-006  -2.712655e-006  0.000000e+000  
0.000000e+000  0.000000e+000  -3.151429e-006  -3.086303e-006  -2.931944e-006  -2.629749e-006  -2.217847e-006  -1.414329e-006  0.000000e+000  
0.000000e+000  0.000000e+000  -1.610888e-006  -1.577549e-006  -1.498761e-006  -1.344504e-006  -1.134055e-006  -7.233203e-007  0.000000e+000  
0.000000e+000  0.000000e+000  -8.230597e-007  -8.060025e-007  -7.658007e-007  -6.870841e-007  -5.796045e-007  -3.697421e-007  0.000000e+000  
0.000000e+000  0.000000e+000  -4.203610e-007  -4.116387e-007  -3.911313e-007  -3.509746e-007  -2.961031e-007  -1.889185e-007  0.000000e+000  
0.000000e+000  0.000000e+000  -2.146120e-007  -2.101539e-007  -1.996956e-007  -1.792154e-007  -1.512112e-007  -9.648820e-008  0.000000e+000  
0.000000e+000  0.000000e+000  -1.095316e-007  -1.072541e-007  -1.019218e-007  -9.147936e-008  -7.719152e-008  -4.926214e-008  0.000000e+000  
0.000000e+000  0.000000e+000  -5.588447e-008  -5.472131e-008  -5.200326e-008  -4.668005e-008  -3.939238e-008  -2.514230e-008  0.000000e+000  
0.000000e+000  0.000000e+000  -2.850468e-008  -2.791091e-008  -2.652568e-008  -2.381268e-008  -2.009652e-008  -1.282796e-008  0.000000e+000  
0.000000e+000  0.000000e+000  -1.453493e-008  -1.423188e-008  -1.352609e-008  -1.214372e-008  -1.024930e-008  -6.542944e-009  0.000000e+000  
0.000000e+000  0.000000e+000  -7.408696e-009  -7.254114e-009  -6.894611e-009  -6.190452e-009  -5.225053e-009  -3.335835e-009  0.000000e+000  
0.000000e+000  0.000000e+000  -3.773191e-009  -3.694439e-009  -3.511473e-009  -3.153088e-009  -2.661507e-009  -1.699358e-009  0.000000e+000  
0.000000e+000  0.000000e+000  -1.916831e-009  -1.876818e-009  -1.783917e-009  -1.601965e-009  -1.352311e-009  -8.635196e-010  0.000000e+000  
0.000000e+000  0.000000e+000  -9.647420e-010  -9.445851e-010  -8.979451e-010  -8.064929e-010  -6.809148e-010  -4.349529e-010  0.000000e+000  
0.000000e+000  0.000000e+000  -4.865877e-010  -4.765270e-010  -4.533095e-010  -4.076502e-010  -3.446119e-010  -2.205618e-010  0.000000e+000  
0.000000e+000  0.000000e+000  -3.028747e-010  -2.971436e-010  -2.840454e-010  -2.570349e-010  -2.184811e-010  -1.409504e-010  0.000000e+000  
-3.737792e-011  -7.818311e-011  -2.167895e-010  -2.141922e-010  -2.071332e-010  -1.897513e-010  -1.625687e-010  -1.059613e-010  0.000000e+000  
-6.612348e-012  -1.510998e-011  -1.379402e-010  -1.428773e-010  -1.440582e-010  -1.357945e-010  -1.183121e-010  -7.838696e-011  0.000000e+000  
-8.527820e-012  -8.709389e-011  -7.002066e-011  -8.677348e-011  -9.608763e-011  -9.498079e-011  -8.465904e-011  -5.741270e-011  0.000000e+000  
-4.145031e-011  -5.265312e-011  -4.409650e-011  -5.546837e-011  -6.445596e-011  -6.599927e-011  -6.010833e-011  -4.175015e-011  0.000000e+000  
-8.123650e-012  -9.260432e-012  -1.269850e-010  -3.726486e-011  -4.409843e-011  -4.609294e-011  -4.267812e-011  -3.015734e-011  0.000000e+000  
0.000000e+000  3.581649e-012  6.459602e-012  -2.297788e-011  -2.797017e-011  -1.322268e-011  -2.911878e-011  -9.252608e-012  0.000000e+000  
0.000000e+000  0.000000e+000  0.000000e+000  0.000000e+000  0.000000e+000  0.000000e+000  0.000000e+000  0.000000e+000  0.000000e+000  

