DESKTOP-S1T4ESL: <<<<<<<<<<<<<<<<<<<<<<<<<<<
                 2020 Aug 12 (Wed): 11:01:18
                 <<<<<<<<<<<<<<<<<<<<<<<<<<<
                 
DESKTOP-S1T4ESL: ===============================
                 Processing CAD model
                 Version 2015.0 (build 20150116)
                 2020 Aug 12 (Wed): 11:01:18
                 ===============================
                 
DESKTOP-S1T4ESL: sssssssssssssssssssssssssssssssssss
                 The point accuracy is set to 0.00%.
                 sssssssssssssssssssssssssssssssssss
                 
==================================================================================================
== CST Matrix Calculation Priority Log                                                          ==
==================================================================================================
 
Priorities are sorted in ascending order beginning with the lowest priority
 
Priority:   3, shape   3: component1:substrate, material: FR-4 (lossy)
Priority:   4, shape   1: component1:feedline, material: Copper (annealed)
Priority:   4, shape   2: component1:ground, material: Copper (annealed)
 
==================================================================================================
 
DESKTOP-S1T4ESL: =======================
                 Finished CAD processing
                 =======================
                 
DESKTOP-S1T4ESL: >>>>>>>>>>>>>>>>>>>>>>>>>>>
                 2020 Aug 12 (Wed): 11:01:19
                 >>>>>>>>>>>>>>>>>>>>>>>>>>>
                 
DESKTOP-S1T4ESL: <<<<<<<<<<<<<<<<<<<<<<<<<<<
                 2020 Aug 12 (Wed): 11:02:12
                 <<<<<<<<<<<<<<<<<<<<<<<<<<<
                 
DESKTOP-S1T4ESL: ======================
                 Mesher selection: FPBA
                 ======================
                 
DESKTOP-S1T4ESL: ===============================
                 Processing CAD model
                 Version 2015.0 (build 20150116)
                 2020 Aug 12 (Wed): 11:02:12
                 ===============================
                 
DESKTOP-S1T4ESL: sssssssssssssssssssssssssssssssssss
                 The point accuracy is set to 0.00%.
                 sssssssssssssssssssssssssssssssssss
                 
DESKTOP-S1T4ESL: =======================
                 Finished CAD processing
                 =======================
                 
DESKTOP-S1T4ESL: 1xN000: <<<<<<<<<<<<<<<<<<<<<<<<<<<
                         2020 Aug 12 (Wed): 11:02:13
                         <<<<<<<<<<<<<<<<<<<<<<<<<<<

DESKTOP-S1T4ESL: 1xN000: =======================================
                         Matrix computation (FPBA)
                         	[FPBA accuracy enhancement is enabled]
                         Version 2015.0 (build 20150116)
                         2020 Aug 12 (Wed): 11:02:13
                         =======================================

DESKTOP-S1T4ESL: 1xN000: sssssssssssssssssssssssssssssssssss
                         The point accuracy is set to 0.00%.
                         sssssssssssssssssssssssssssssssssss

DESKTOP-S1T4ESL: 1xN000: ==================================
                         Finished matrix computation (FPBA)
                         ==================================

DESKTOP-S1T4ESL: 1xN000: >>>>>>>>>>>>>>>>>>>>>>>>>>>
                         2020 Aug 12 (Wed): 11:02:25
                         >>>>>>>>>>>>>>>>>>>>>>>>>>>



DESKTOP-S1T4ESL: 1xN001: <<<<<<<<<<<<<<<<<<<<<<<<<<<
                         2020 Aug 12 (Wed): 11:02:13
                         <<<<<<<<<<<<<<<<<<<<<<<<<<<

DESKTOP-S1T4ESL: 1xN001: =======================================
                         Matrix computation (FPBA)
                         	[FPBA accuracy enhancement is enabled]
                         Version 2015.0 (build 20150116)
                         2020 Aug 12 (Wed): 11:02:13
                         =======================================

DESKTOP-S1T4ESL: 1xN001: sssssssssssssssssssssssssssssssssss
                         The point accuracy is set to 0.00%.
                         sssssssssssssssssssssssssssssssssss

DESKTOP-S1T4ESL: 1xN001: ==================================
                         Finished matrix computation (FPBA)
                         ==================================

DESKTOP-S1T4ESL: 1xN001: >>>>>>>>>>>>>>>>>>>>>>>>>>>
                         2020 Aug 12 (Wed): 11:02:26
                         >>>>>>>>>>>>>>>>>>>>>>>>>>>



DESKTOP-S1T4ESL: 1xN002: <<<<<<<<<<<<<<<<<<<<<<<<<<<
                         2020 Aug 12 (Wed): 11:02:13
                         <<<<<<<<<<<<<<<<<<<<<<<<<<<

DESKTOP-S1T4ESL: 1xN002: =======================================
                         Matrix computation (FPBA)
                         	[FPBA accuracy enhancement is enabled]
                         Version 2015.0 (build 20150116)
                         2020 Aug 12 (Wed): 11:02:13
                         =======================================

DESKTOP-S1T4ESL: 1xN002: sssssssssssssssssssssssssssssssssss
                         The point accuracy is set to 0.00%.
                         sssssssssssssssssssssssssssssssssss

DESKTOP-S1T4ESL: 1xN002: ==================================
                         Finished matrix computation (FPBA)
                         ==================================

DESKTOP-S1T4ESL: 1xN002: >>>>>>>>>>>>>>>>>>>>>>>>>>>
                         2020 Aug 12 (Wed): 11:02:24
                         >>>>>>>>>>>>>>>>>>>>>>>>>>>



DESKTOP-S1T4ESL: 1xN003: <<<<<<<<<<<<<<<<<<<<<<<<<<<
                         2020 Aug 12 (Wed): 11:02:13
                         <<<<<<<<<<<<<<<<<<<<<<<<<<<

DESKTOP-S1T4ESL: 1xN003: =======================================
                         Matrix computation (FPBA)
                         	[FPBA accuracy enhancement is enabled]
                         Version 2015.0 (build 20150116)
                         2020 Aug 12 (Wed): 11:02:13
                         =======================================

DESKTOP-S1T4ESL: 1xN003: sssssssssssssssssssssssssssssssssss
                         The point accuracy is set to 0.00%.
                         sssssssssssssssssssssssssssssssssss

DESKTOP-S1T4ESL: 1xN003: ==================================
                         Finished matrix computation (FPBA)
                         ==================================

DESKTOP-S1T4ESL: 1xN003: >>>>>>>>>>>>>>>>>>>>>>>>>>>
                         2020 Aug 12 (Wed): 11:02:24
                         >>>>>>>>>>>>>>>>>>>>>>>>>>>



DESKTOP-S1T4ESL: >>>>>>>>>>>>>>>>>>>>>>>>>>>
                 2020 Aug 12 (Wed): 11:02:30
                 >>>>>>>>>>>>>>>>>>>>>>>>>>>
                 
