Defined reference frequency for open boundary condition (1.8 GHz) is larger
than the lowest relevant system frequency (monitor at 0.698 GHz).
Please check open boundary settings to ensure accurate monitor results for the
lowest frequency of interest.

--------------------------------------------------------------------------------

Solver started at: 11:02 AM Wednesday, 12. August 2020

  Module:  Time Domain: S-Parameter (Win 64)
  Version: 2015.0 Release from 2015-01-16 (change 344899)


--------------------------------------------------------------------------------

--------------------------------------------------------------------------------
======================================================================
 Solver cycle: 1
======================================================================

Stimulation at port 1 (mode 1) 


--------------------------------------------------------------------------------
Units settings: 

  Dimensions: mm
  Frequency:  GHz
  Time:       ns

--------------------------------------------------------------------------------
Number of mesh faces filled with PEC due to fill limit restrictions: 0

--------------------------------------------------------------------------------
Mesh statistics:

   Hexahedral mesh type: FPBA [accuracy enhancement is enabled]

   Parallelization type: domain decomposition
      Number of parallel working threads: 4
      Number of calculation domains used: 4


--------------------------------------------------------------------------------
Port mode solver: Detected dispersive material(s) at port 1. 
Using a constant approximation of dispersive material(s) at 1.8GHz and
neglecting loss terms. 

--------------------------------------------------------------------------------
Boundary conditions: 

  YZsymmetry: none
  XZsymmetry: none
  XYsymmetry: none

  Xmin: expanded open, 4 Layer, depth 33.3103 mm
  Xmax: expanded open, 4 Layer, depth 33.3103 mm

  Ymin: expanded open, 4 Layer, depth 33.3103 mm
  Ymax: expanded open, 4 Layer, depth 30.682 mm

  Zmin: expanded open, 4 Layer, depth 33.3103 mm
  Zmax: expanded open, 4 Layer, depth 33.3103 mm

  PML-Type: Convolution PML

--------------------------------------------------------------------------------
Frequency settings: 

  Fmin:    0
  Fmax:    3.6
  Nfsteps: 1001

--------------------------------------------------------------------------------
Waveguide boundaries:

Port: 1

  -------------------------------- F-Calc 1.8 --------------------------------
  Port   Mode   Type        Z-Wave        Z-Wave-Sigma  Z-Line        F-Cutoff
  1      1      QTEM        236           13.9          95.2          ---
  ----------------------------------------------------------------------------

*** Warning ***

Some higher order propagating modes at port 1 are not considered in time domain
calculation. This possibly leads to an inaccurate energy balance. Consider to
increase the number of modes or decrease the upper frequency limit. More...

--------------------------------------------------------------------------------
Field update statistics:

  Number of components in total: 	1998149
  Number of lossy metal components:	44014
  Number of disp. elements:		155960

Subcycling state:      Automatically deactivated

--------------------------------------------------------------------------------

--------------------------------------------------------------------------------

--------------------------------------------------------------------------------
Steady state energy criterion met, solver finished successfully.

--------------------------------------------------------------------------------
Frequency domain results normalized to default signal.

--------------------------------------------------------------------------------

  ----------------------------------------------------------------------------
                      Peak memory used (kB)         Free physical memory (kB) 
                                                    At begin     Minimum      
  ----------------------------------------------------------------------------
  Matrices calc.      486220                        8424596      7984464      
  Solver run total    657356                        8463472      7685216      
  ----------------------------------------------------------------------------

--------------------------------------------------------------------------------
Solver Statistics:

  Hardware:
     Computer name:                 	DESKTOP-S1T4ESL 

     Number of CPU threads:             4
     hardware info:                  	hardware acceleration not activated

  Number of mesh cells:             	324000
  Excitation duration:              	9.87374652e-001 ns 
  Calculation time for excitation:  	4      	s
  Number of calculated pulse widths:	17.0914 
  Steady state accuracy limit:      	-30	dB 
  Simulated number of time steps:   	7654   
  Maximum number of time steps:     	8956   
  Time step width:
     without subcycles:             	2.20481294e-003 ns
     used:                          	2.20481294e-003 ns

  Matrix calculation time:          	20     	s
  Solver setup time:                	6      	s
  Solver loop time:                 	76     	s
  Solver post processing time:      	21     	s
                                    	------------
  Total solver time:                	123    	s  ( = 0 h, 2 m, 3 s )

--------------------------------------------------------------------------------

  Adaptive port meshing time:       	53     	s
  Total solver time (all cycles):   	123    	s  ( = 0 h, 2 m, 3 s )
                                    	------------
  Total simulation time:            	176    	s  ( = 0 h, 2 m, 56 s )

--------------------------------------------------------------------------------
Solver finished at: 11:04 AM Wednesday, 12. August 2020


--------------------------------------------------------------------------------
Creating parametric 1D results.

--------------------------------------------------------------------------------
