Port monitor named: Port1_e1.prt

nx        = 162
ny        = 104
nz        = 21

nu        = 7
nv        = 14
iu        = 10
iv        = 75

idir      = 1
dcut      = -8.869000e-002
icut      = 6
type      = 0
frequency = 1.850000e+009

fcutoff   = 4.143662e+009
alpha     = 1.100766e+002
beta      = 0.000000e+000
accuracy  = 1.186017e-013

type          = UNDEF
wave imp.     = 6.573823e+002
wave imp.sig. = 1.005084e-008
line imp.     = 0.000000e+000

ref. port     = 0

3.952257e+001  1.026171e+002  5.027630e+002  5.320578e+002  5.031038e+002  3.675511e+002  0.000000e+000  
5.332950e+001  1.386793e+002  6.795981e+002  7.144548e+002  6.678680e+002  4.749978e+002  0.000000e+000  
8.429699e+001  2.255500e+002  1.126789e+003  1.165748e+003  1.057497e+003  7.040596e+002  0.000000e+000  
8.918731e+001  2.807826e+002  1.569670e+003  1.586767e+003  1.386188e+003  8.655210e+002  0.000000e+000  
-1.040278e+001  2.276750e+002  2.326279e+003  2.201576e+003  1.805264e+003  1.040672e+003  0.000000e+000  
-6.955152e+002  -2.202353e+003  4.185160e+003  3.053557e+003  2.255788e+003  1.194367e+003  0.000000e+000  
-6.213170e+002  -1.592482e+003  4.903053e+003  3.449256e+003  2.471555e+003  1.265244e+003  0.000000e+000  
-6.213170e+002  -1.592482e+003  4.903053e+003  3.449256e+003  2.471555e+003  1.265244e+003  0.000000e+000  
-6.955152e+002  -2.202353e+003  4.185160e+003  3.053557e+003  2.255788e+003  1.194367e+003  0.000000e+000  
-1.040278e+001  2.276750e+002  2.326279e+003  2.201576e+003  1.805264e+003  1.040672e+003  0.000000e+000  
8.918731e+001  2.807826e+002  1.569670e+003  1.586767e+003  1.386188e+003  8.655210e+002  0.000000e+000  
8.429699e+001  2.255500e+002  1.126789e+003  1.165748e+003  1.057497e+003  7.040596e+002  0.000000e+000  
5.332950e+001  1.386793e+002  6.795981e+002  7.144548e+002  6.678680e+002  4.749978e+002  0.000000e+000  
3.952257e+001  1.026171e+002  5.027630e+002  5.320578e+002  5.031038e+002  3.675511e+002  0.000000e+000  

-6.419078e+002  -6.375644e+002  -6.261944e+002  -5.545488e+002  -4.814791e+002  -4.158748e+002  -3.178810e+002  
-1.639070e+003  -1.626810e+003  -1.592712e+003  -1.361408e+003  -1.130011e+003  -9.310524e+002  -6.624049e+002  
-2.302972e+003  -2.297288e+003  -2.254297e+003  -1.809530e+003  -1.389167e+003  -1.061594e+003  -6.909532e+002  
-2.710733e+003  -2.773733e+003  -2.801415e+003  -2.048424e+003  -1.438139e+003  -1.022211e+003  -6.211457e+002  
-2.807740e+003  -3.257301e+003  -3.857804e+003  -2.095744e+003  -1.254439e+003  -8.088408e+002  -4.576156e+002  
-1.267144e+003  -1.207249e+003  0.000000e+000  -1.151647e+003  -6.835411e+002  -4.279767e+002  -2.340060e+002  
0.000000e+000  0.000000e+000  0.000000e+000  0.000000e+000  0.000000e+000  0.000000e+000  0.000000e+000  
1.267144e+003  1.207249e+003  0.000000e+000  1.151647e+003  6.835411e+002  4.279767e+002  2.340060e+002  
2.807740e+003  3.257301e+003  3.857804e+003  2.095744e+003  1.254439e+003  8.088408e+002  4.576156e+002  
2.710733e+003  2.773733e+003  2.801415e+003  2.048424e+003  1.438139e+003  1.022211e+003  6.211457e+002  
2.302972e+003  2.297288e+003  2.254297e+003  1.809530e+003  1.389167e+003  1.061594e+003  6.909532e+002  
1.639070e+003  1.626810e+003  1.592712e+003  1.361408e+003  1.130011e+003  9.310524e+002  6.624049e+002  
6.419078e+002  6.375644e+002  6.261944e+002  5.545488e+002  4.814791e+002  4.158748e+002  3.178810e+002  
0.000000e+000  0.000000e+000  0.000000e+000  0.000000e+000  0.000000e+000  0.000000e+000  0.000000e+000  

-2.532278e+003  -2.533526e+003  -2.536578e+003  -2.594086e+003  -2.659632e+003  -2.724254e+003  -2.838253e+003  
-2.266735e+003  -2.270024e+003  -2.278398e+003  -2.364030e+003  -2.458902e+003  -2.550199e+003  -2.704638e+003  
-1.738330e+003  -1.746277e+003  -1.767494e+003  -1.924479e+003  -2.092470e+003  -2.247386e+003  -2.488667e+003  
-1.356257e+003  -1.365709e+003  -1.395781e+003  -1.624290e+003  -1.861499e+003  -2.070767e+003  -2.373767e+003  
-9.022483e+002  -9.014099e+002  -9.283242e+002  -1.281097e+003  -1.620768e+003  -1.899986e+003  -2.270279e+003  
-4.273634e+002  -3.493865e+002  0.000000e+000  -9.247997e+002  -1.409202e+003  -1.764322e+003  -2.193912e+003  
-2.483207e+002  -1.786335e+002  0.000000e+000  -7.637361e+002  -1.313297e+003  -1.704397e+003  -2.161307e+003  
-2.483207e+002  -1.786335e+002  0.000000e+000  -7.637361e+002  -1.313297e+003  -1.704397e+003  -2.161307e+003  
-4.273634e+002  -3.493865e+002  0.000000e+000  -9.247997e+002  -1.409202e+003  -1.764322e+003  -2.193912e+003  
-9.022483e+002  -9.014099e+002  -9.283242e+002  -1.281097e+003  -1.620768e+003  -1.899986e+003  -2.270279e+003  
-1.356257e+003  -1.365709e+003  -1.395781e+003  -1.624290e+003  -1.861499e+003  -2.070767e+003  -2.373767e+003  
-1.738330e+003  -1.746277e+003  -1.767494e+003  -1.924479e+003  -2.092470e+003  -2.247386e+003  -2.488667e+003  
-2.266735e+003  -2.270024e+003  -2.278398e+003  -2.364030e+003  -2.458902e+003  -2.550199e+003  -2.704638e+003  
-2.532278e+003  -2.533526e+003  -2.536578e+003  -2.594086e+003  -2.659632e+003  -2.724254e+003  -2.838253e+003  

0.000000e+000  0.000000e+000  0.000000e+000  0.000000e+000  0.000000e+000  0.000000e+000  0.000000e+000  
0.000000e+000  0.000000e+000  0.000000e+000  0.000000e+000  0.000000e+000  0.000000e+000  0.000000e+000  
0.000000e+000  0.000000e+000  0.000000e+000  0.000000e+000  0.000000e+000  0.000000e+000  0.000000e+000  
0.000000e+000  0.000000e+000  0.000000e+000  0.000000e+000  0.000000e+000  0.000000e+000  0.000000e+000  
0.000000e+000  0.000000e+000  0.000000e+000  0.000000e+000  0.000000e+000  0.000000e+000  0.000000e+000  
0.000000e+000  0.000000e+000  0.000000e+000  0.000000e+000  0.000000e+000  0.000000e+000  0.000000e+000  
0.000000e+000  0.000000e+000  0.000000e+000  0.000000e+000  0.000000e+000  0.000000e+000  0.000000e+000  
0.000000e+000  0.000000e+000  0.000000e+000  0.000000e+000  0.000000e+000  0.000000e+000  0.000000e+000  
0.000000e+000  0.000000e+000  0.000000e+000  0.000000e+000  0.000000e+000  0.000000e+000  0.000000e+000  
0.000000e+000  0.000000e+000  0.000000e+000  0.000000e+000  0.000000e+000  0.000000e+000  0.000000e+000  
0.000000e+000  0.000000e+000  0.000000e+000  0.000000e+000  0.000000e+000  0.000000e+000  0.000000e+000  
0.000000e+000  0.000000e+000  0.000000e+000  0.000000e+000  0.000000e+000  0.000000e+000  0.000000e+000  
0.000000e+000  0.000000e+000  0.000000e+000  0.000000e+000  0.000000e+000  0.000000e+000  0.000000e+000  
0.000000e+000  0.000000e+000  0.000000e+000  0.000000e+000  0.000000e+000  0.000000e+000  0.000000e+000  

0.000000e+000  0.000000e+000  0.000000e+000  0.000000e+000  0.000000e+000  0.000000e+000  0.000000e+000  
0.000000e+000  0.000000e+000  0.000000e+000  0.000000e+000  0.000000e+000  0.000000e+000  0.000000e+000  
0.000000e+000  0.000000e+000  0.000000e+000  0.000000e+000  0.000000e+000  0.000000e+000  0.000000e+000  
0.000000e+000  0.000000e+000  0.000000e+000  0.000000e+000  0.000000e+000  0.000000e+000  0.000000e+000  
0.000000e+000  0.000000e+000  0.000000e+000  0.000000e+000  0.000000e+000  0.000000e+000  0.000000e+000  
0.000000e+000  0.000000e+000  0.000000e+000  0.000000e+000  0.000000e+000  0.000000e+000  0.000000e+000  
0.000000e+000  0.000000e+000  0.000000e+000  0.000000e+000  0.000000e+000  0.000000e+000  0.000000e+000  
0.000000e+000  0.000000e+000  0.000000e+000  0.000000e+000  0.000000e+000  0.000000e+000  0.000000e+000  
0.000000e+000  0.000000e+000  0.000000e+000  0.000000e+000  0.000000e+000  0.000000e+000  0.000000e+000  
0.000000e+000  0.000000e+000  0.000000e+000  0.000000e+000  0.000000e+000  0.000000e+000  0.000000e+000  
0.000000e+000  0.000000e+000  0.000000e+000  0.000000e+000  0.000000e+000  0.000000e+000  0.000000e+000  
0.000000e+000  0.000000e+000  0.000000e+000  0.000000e+000  0.000000e+000  0.000000e+000  0.000000e+000  
0.000000e+000  0.000000e+000  0.000000e+000  0.000000e+000  0.000000e+000  0.000000e+000  0.000000e+000  
0.000000e+000  0.000000e+000  0.000000e+000  0.000000e+000  0.000000e+000  0.000000e+000  0.000000e+000  

0.000000e+000  0.000000e+000  0.000000e+000  0.000000e+000  0.000000e+000  0.000000e+000  0.000000e+000  
0.000000e+000  0.000000e+000  0.000000e+000  0.000000e+000  0.000000e+000  0.000000e+000  0.000000e+000  
0.000000e+000  0.000000e+000  0.000000e+000  0.000000e+000  0.000000e+000  0.000000e+000  0.000000e+000  
0.000000e+000  0.000000e+000  0.000000e+000  0.000000e+000  0.000000e+000  0.000000e+000  0.000000e+000  
0.000000e+000  0.000000e+000  0.000000e+000  0.000000e+000  0.000000e+000  0.000000e+000  0.000000e+000  
0.000000e+000  0.000000e+000  0.000000e+000  0.000000e+000  0.000000e+000  0.000000e+000  0.000000e+000  
0.000000e+000  0.000000e+000  0.000000e+000  0.000000e+000  0.000000e+000  0.000000e+000  0.000000e+000  
0.000000e+000  0.000000e+000  0.000000e+000  0.000000e+000  0.000000e+000  0.000000e+000  0.000000e+000  
0.000000e+000  0.000000e+000  0.000000e+000  0.000000e+000  0.000000e+000  0.000000e+000  0.000000e+000  
0.000000e+000  0.000000e+000  0.000000e+000  0.000000e+000  0.000000e+000  0.000000e+000  0.000000e+000  
0.000000e+000  0.000000e+000  0.000000e+000  0.000000e+000  0.000000e+000  0.000000e+000  0.000000e+000  
0.000000e+000  0.000000e+000  0.000000e+000  0.000000e+000  0.000000e+000  0.000000e+000  0.000000e+000  
0.000000e+000  0.000000e+000  0.000000e+000  0.000000e+000  0.000000e+000  0.000000e+000  0.000000e+000  
0.000000e+000  0.000000e+000  0.000000e+000  0.000000e+000  0.000000e+000  0.000000e+000  0.000000e+000  

