Port monitor named: Port1_h1.prt

nx        = 162
ny        = 104
nz        = 21

nu        = 7
nv        = 14
iu        = 10
iv        = 75

idir      = 1
dcut      = -8.869000e-002
icut      = 6
type      = 1
frequency = 1.850000e+009

fcutoff   = 4.143662e+009
alpha     = 1.100766e+002
beta      = 0.000000e+000
accuracy  = 1.186017e-013

type          = UNDEF
wave imp.     = 6.573823e+002
wave imp.sig. = 1.005084e-008
line imp.     = 0.000000e+000

ref. port     = 0

0.000000e+000  0.000000e+000  0.000000e+000  0.000000e+000  0.000000e+000  0.000000e+000  0.000000e+000  
0.000000e+000  0.000000e+000  0.000000e+000  0.000000e+000  0.000000e+000  0.000000e+000  0.000000e+000  
0.000000e+000  0.000000e+000  0.000000e+000  0.000000e+000  0.000000e+000  0.000000e+000  0.000000e+000  
0.000000e+000  0.000000e+000  0.000000e+000  0.000000e+000  0.000000e+000  0.000000e+000  0.000000e+000  
0.000000e+000  0.000000e+000  0.000000e+000  0.000000e+000  0.000000e+000  0.000000e+000  0.000000e+000  
0.000000e+000  0.000000e+000  0.000000e+000  0.000000e+000  0.000000e+000  0.000000e+000  0.000000e+000  
0.000000e+000  0.000000e+000  0.000000e+000  0.000000e+000  0.000000e+000  0.000000e+000  0.000000e+000  
0.000000e+000  0.000000e+000  0.000000e+000  0.000000e+000  0.000000e+000  0.000000e+000  0.000000e+000  
0.000000e+000  0.000000e+000  0.000000e+000  0.000000e+000  0.000000e+000  0.000000e+000  0.000000e+000  
0.000000e+000  0.000000e+000  0.000000e+000  0.000000e+000  0.000000e+000  0.000000e+000  0.000000e+000  
0.000000e+000  0.000000e+000  0.000000e+000  0.000000e+000  0.000000e+000  0.000000e+000  0.000000e+000  
0.000000e+000  0.000000e+000  0.000000e+000  0.000000e+000  0.000000e+000  0.000000e+000  0.000000e+000  
0.000000e+000  0.000000e+000  0.000000e+000  0.000000e+000  0.000000e+000  0.000000e+000  0.000000e+000  
0.000000e+000  0.000000e+000  0.000000e+000  0.000000e+000  0.000000e+000  0.000000e+000  0.000000e+000  

0.000000e+000  0.000000e+000  0.000000e+000  0.000000e+000  0.000000e+000  0.000000e+000  0.000000e+000  
0.000000e+000  0.000000e+000  0.000000e+000  0.000000e+000  0.000000e+000  0.000000e+000  0.000000e+000  
0.000000e+000  0.000000e+000  0.000000e+000  0.000000e+000  0.000000e+000  0.000000e+000  0.000000e+000  
0.000000e+000  0.000000e+000  0.000000e+000  0.000000e+000  0.000000e+000  0.000000e+000  0.000000e+000  
0.000000e+000  0.000000e+000  0.000000e+000  0.000000e+000  0.000000e+000  0.000000e+000  0.000000e+000  
0.000000e+000  0.000000e+000  0.000000e+000  0.000000e+000  0.000000e+000  0.000000e+000  0.000000e+000  
0.000000e+000  0.000000e+000  0.000000e+000  0.000000e+000  0.000000e+000  0.000000e+000  0.000000e+000  
0.000000e+000  0.000000e+000  0.000000e+000  0.000000e+000  0.000000e+000  0.000000e+000  0.000000e+000  
0.000000e+000  0.000000e+000  0.000000e+000  0.000000e+000  0.000000e+000  0.000000e+000  0.000000e+000  
0.000000e+000  0.000000e+000  0.000000e+000  0.000000e+000  0.000000e+000  0.000000e+000  0.000000e+000  
0.000000e+000  0.000000e+000  0.000000e+000  0.000000e+000  0.000000e+000  0.000000e+000  0.000000e+000  
0.000000e+000  0.000000e+000  0.000000e+000  0.000000e+000  0.000000e+000  0.000000e+000  0.000000e+000  
0.000000e+000  0.000000e+000  0.000000e+000  0.000000e+000  0.000000e+000  0.000000e+000  0.000000e+000  
0.000000e+000  0.000000e+000  0.000000e+000  0.000000e+000  0.000000e+000  0.000000e+000  0.000000e+000  

0.000000e+000  0.000000e+000  0.000000e+000  0.000000e+000  0.000000e+000  0.000000e+000  0.000000e+000  
0.000000e+000  0.000000e+000  0.000000e+000  0.000000e+000  0.000000e+000  0.000000e+000  0.000000e+000  
0.000000e+000  0.000000e+000  0.000000e+000  0.000000e+000  0.000000e+000  0.000000e+000  0.000000e+000  
0.000000e+000  0.000000e+000  0.000000e+000  0.000000e+000  0.000000e+000  0.000000e+000  0.000000e+000  
0.000000e+000  0.000000e+000  0.000000e+000  0.000000e+000  0.000000e+000  0.000000e+000  0.000000e+000  
0.000000e+000  0.000000e+000  0.000000e+000  0.000000e+000  0.000000e+000  0.000000e+000  0.000000e+000  
0.000000e+000  0.000000e+000  0.000000e+000  0.000000e+000  0.000000e+000  0.000000e+000  0.000000e+000  
0.000000e+000  0.000000e+000  0.000000e+000  0.000000e+000  0.000000e+000  0.000000e+000  0.000000e+000  
0.000000e+000  0.000000e+000  0.000000e+000  0.000000e+000  0.000000e+000  0.000000e+000  0.000000e+000  
0.000000e+000  0.000000e+000  0.000000e+000  0.000000e+000  0.000000e+000  0.000000e+000  0.000000e+000  
0.000000e+000  0.000000e+000  0.000000e+000  0.000000e+000  0.000000e+000  0.000000e+000  0.000000e+000  
0.000000e+000  0.000000e+000  0.000000e+000  0.000000e+000  0.000000e+000  0.000000e+000  0.000000e+000  
0.000000e+000  0.000000e+000  0.000000e+000  0.000000e+000  0.000000e+000  0.000000e+000  0.000000e+000  
0.000000e+000  0.000000e+000  0.000000e+000  0.000000e+000  0.000000e+000  0.000000e+000  0.000000e+000  

-9.351047e-001  -9.234760e-001  -8.934693e-001  -8.220151e-001  -7.351821e-001  -6.496898e-001  -5.090632e-001  
-2.502792e+000  -2.464242e+000  -2.360178e+000  -2.097335e+000  -1.785563e+000  -1.496432e+000  -1.079611e+000  
-3.765124e+000  -3.724761e+000  -3.559184e+000  -2.957276e+000  -2.298916e+000  -1.763003e+000  -1.144428e+000  
-4.668671e+000  -4.762747e+000  -4.728710e+000  -3.534154e+000  -2.469352e+000  -1.737101e+000  -1.039684e+000  
-5.091629e+000  -5.967811e+000  -7.213508e+000  -3.901923e+000  -2.241497e+000  -1.403823e+000  -7.728100e-001  
-2.312873e+000  -2.215022e+000  0.000000e+000  -1.992097e+000  -1.202844e+000  -7.449527e-001  -3.967121e-001  
-1.650735e-010  -1.265102e-010  0.000000e+000  -1.822391e-010  -2.686107e-010  -3.053676e-010  -3.233717e-010  
2.312873e+000  2.215022e+000  0.000000e+000  1.992097e+000  1.202844e+000  7.449527e-001  3.967121e-001  
5.091629e+000  5.967811e+000  7.213508e+000  3.901923e+000  2.241497e+000  1.403823e+000  7.728100e-001  
4.668671e+000  4.762747e+000  4.728710e+000  3.534154e+000  2.469352e+000  1.737101e+000  1.039684e+000  
3.765124e+000  3.724761e+000  3.559184e+000  2.957276e+000  2.298916e+000  1.763003e+000  1.144428e+000  
2.502792e+000  2.464242e+000  2.360178e+000  2.097335e+000  1.785563e+000  1.496432e+000  1.079611e+000  
9.351047e-001  9.234760e-001  8.934693e-001  8.220151e-001  7.351821e-001  6.496898e-001  5.090632e-001  
0.000000e+000  0.000000e+000  0.000000e+000  0.000000e+000  0.000000e+000  0.000000e+000  0.000000e+000  

1.932682e-001  5.177278e-001  5.429692e-001  3.099759e-001  1.439855e-001  -2.129577e-002  0.000000e+000  
1.264272e-001  3.438109e-001  2.882257e-001  2.935168e-002  -1.199665e-001  -2.017087e-001  0.000000e+000  
-3.025176e-002  -7.700308e-002  -3.691150e-001  -6.967179e-001  -7.744853e-001  -6.017347e-001  0.000000e+000  
-1.194488e-001  -4.024284e-001  -1.068486e+000  -1.430698e+000  -1.365236e+000  -8.960944e-001  0.000000e+000  
-8.179834e-003  -5.381715e-001  -2.380403e+000  -2.580660e+000  -2.155173e+000  -1.223761e+000  0.000000e+000  
1.288738e+000  4.092462e+000  -6.483881e+000  -4.329082e+000  -3.044068e+000  -1.517356e+000  0.000000e+000  
1.153673e+000  2.958645e+000  -7.458450e+000  -5.024747e+000  -3.448878e+000  -1.652119e+000  0.000000e+000  
1.153673e+000  2.958645e+000  -7.458450e+000  -5.024747e+000  -3.448878e+000  -1.652119e+000  0.000000e+000  
1.288738e+000  4.092462e+000  -6.483881e+000  -4.329082e+000  -3.044068e+000  -1.517356e+000  0.000000e+000  
-8.179834e-003  -5.381715e-001  -2.380403e+000  -2.580660e+000  -2.155173e+000  -1.223761e+000  0.000000e+000  
-1.194488e-001  -4.024284e-001  -1.068486e+000  -1.430698e+000  -1.365236e+000  -8.960944e-001  0.000000e+000  
-3.025176e-002  -7.700308e-002  -3.691150e-001  -6.967179e-001  -7.744853e-001  -6.017347e-001  0.000000e+000  
1.264272e-001  3.438109e-001  2.882257e-001  2.935168e-002  -1.199665e-001  -2.017087e-001  0.000000e+000  
1.932682e-001  5.177278e-001  5.429692e-001  3.099759e-001  1.439855e-001  -2.129577e-002  0.000000e+000  

6.358627e-002  1.682350e-001  1.996746e-001  1.591495e-001  1.210964e-001  6.353810e-002  -0.000000e+000  
1.560860e-001  4.133982e-001  4.835683e-001  3.734919e-001  2.761556e-001  1.380455e-001  -0.000000e+000  
2.057466e-001  5.470699e-001  6.219550e-001  4.530038e-001  3.194782e-001  1.494800e-001  -0.000000e+000  
2.292513e-001  6.174725e-001  6.763681e-001  4.602166e-001  3.100485e-001  1.376406e-001  -0.000000e+000  
2.234952e-001  6.456766e-001  6.483712e-001  3.890237e-001  2.463456e-001  1.034568e-001  -0.000000e+000  
1.000459e-001  2.562323e-001  3.269242e-001  2.047130e-001  1.294438e-001  5.336200e-002  -0.000000e+000  
-0.000000e+000  -0.000000e+000  -0.000000e+000  -0.000000e+000  -0.000000e+000  -0.000000e+000  -0.000000e+000  
-1.000459e-001  -2.562323e-001  -3.269242e-001  -2.047130e-001  -1.294438e-001  -5.336200e-002  -0.000000e+000  
-2.234952e-001  -6.456766e-001  -6.483712e-001  -3.890237e-001  -2.463456e-001  -1.034568e-001  -0.000000e+000  
-2.292513e-001  -6.174725e-001  -6.763681e-001  -4.602166e-001  -3.100485e-001  -1.376406e-001  -0.000000e+000  
-2.057466e-001  -5.470699e-001  -6.219550e-001  -4.530038e-001  -3.194782e-001  -1.494800e-001  -0.000000e+000  
-1.560860e-001  -4.133982e-001  -4.835683e-001  -3.734919e-001  -2.761556e-001  -1.380455e-001  -0.000000e+000  
-6.358627e-002  -1.682350e-001  -1.996746e-001  -1.591495e-001  -1.210964e-001  -6.353810e-002  -0.000000e+000  
-0.000000e+000  -0.000000e+000  -0.000000e+000  -0.000000e+000  -0.000000e+000  -0.000000e+000  -0.000000e+000  

