Port monitor named: Port1_e1.prt

nx        = 132
ny        = 80
nz        = 21

nu        = 7
nv        = 14
iu        = 10
iv        = 60

idir      = 1
dcut      = -6.289350e-002
icut      = 6
type      = 0
frequency = 1.850000e+009

fcutoff   = 4.146413e+009
alpha     = 1.100878e+002
beta      = 0.000000e+000
accuracy  = 1.300169e-013

type          = UNDEF
wave imp.     = 6.627394e+002
wave imp.sig. = 6.115734e-009
line imp.     = 0.000000e+000

ref. port     = 0

3.454396e+001  9.980825e+001  4.986532e+002  5.304440e+002  5.025634e+002  3.677345e+002  0.000000e+000  
4.683758e+001  1.354454e+002  6.764976e+002  7.143135e+002  6.685313e+002  4.758287e+002  0.000000e+000  
7.545863e+001  2.231564e+002  1.131874e+003  1.172972e+003  1.063287e+003  7.074682e+002  0.000000e+000  
8.348647e+001  2.831508e+002  1.586424e+003  1.600781e+003  1.395414e+003  8.705249e+002  0.000000e+000  
3.438510e+000  2.462562e+002  2.360282e+003  2.222003e+003  1.816839e+003  1.047078e+003  0.000000e+000  
-6.186601e+002  -2.157385e+003  4.211048e+003  3.072349e+003  2.266651e+003  1.201630e+003  0.000000e+000  
-5.343669e+002  -1.513963e+003  4.939404e+003  3.469604e+003  2.482286e+003  1.272869e+003  0.000000e+000  
-5.343669e+002  -1.513963e+003  4.939404e+003  3.469604e+003  2.482286e+003  1.272869e+003  0.000000e+000  
-6.186601e+002  -2.157385e+003  4.211048e+003  3.072349e+003  2.266651e+003  1.201630e+003  0.000000e+000  
3.438510e+000  2.462562e+002  2.360282e+003  2.222003e+003  1.816839e+003  1.047078e+003  0.000000e+000  
8.348647e+001  2.831508e+002  1.586424e+003  1.600781e+003  1.395414e+003  8.705249e+002  0.000000e+000  
7.545863e+001  2.231564e+002  1.131874e+003  1.172972e+003  1.063287e+003  7.074682e+002  0.000000e+000  
4.683758e+001  1.354454e+002  6.764976e+002  7.143135e+002  6.685313e+002  4.758287e+002  0.000000e+000  
3.454396e+001  9.980825e+001  4.986532e+002  5.304440e+002  5.025634e+002  3.677345e+002  0.000000e+000  

-6.433609e+002  -6.395159e+002  -6.283434e+002  -5.560636e+002  -4.821532e+002  -4.158309e+002  -3.179623e+002  
-1.656917e+003  -1.645689e+003  -1.611479e+003  -1.375133e+003  -1.139069e+003  -9.366916e+002  -6.669264e+002  
-2.340914e+003  -2.333468e+003  -2.287530e+003  -1.829304e+003  -1.400367e+003  -1.067941e+003  -6.961879e+002  
-2.772894e+003  -2.823329e+003  -2.840506e+003  -2.067058e+003  -1.447639e+003  -1.027490e+003  -6.259261e+002  
-2.905979e+003  -3.314250e+003  -3.877181e+003  -2.102590e+003  -1.258920e+003  -8.119426e+002  -4.610915e+002  
-1.286662e+003  -1.218937e+003  0.000000e+000  -1.158207e+003  -6.860483e+002  -4.294421e+002  -2.357676e+002  
0.000000e+000  0.000000e+000  0.000000e+000  0.000000e+000  0.000000e+000  0.000000e+000  0.000000e+000  
1.286662e+003  1.218937e+003  0.000000e+000  1.158207e+003  6.860483e+002  4.294421e+002  2.357676e+002  
2.905979e+003  3.314250e+003  3.877181e+003  2.102590e+003  1.258920e+003  8.119426e+002  4.610915e+002  
2.772894e+003  2.823329e+003  2.840506e+003  2.067058e+003  1.447639e+003  1.027490e+003  6.259261e+002  
2.340914e+003  2.333468e+003  2.287530e+003  1.829304e+003  1.400367e+003  1.067941e+003  6.961879e+002  
1.656917e+003  1.645689e+003  1.611479e+003  1.375133e+003  1.139069e+003  9.366916e+002  6.669264e+002  
6.433609e+002  6.395159e+002  6.283434e+002  5.560636e+002  4.821532e+002  4.158309e+002  3.179623e+002  
0.000000e+000  0.000000e+000  0.000000e+000  0.000000e+000  0.000000e+000  0.000000e+000  0.000000e+000  

-2.551258e+003  -2.552366e+003  -2.555399e+003  -2.612926e+003  -2.678843e+003  -2.743936e+003  -2.857543e+003  
-2.285758e+003  -2.288660e+003  -2.296889e+003  -2.382722e+003  -2.478239e+003  -2.570246e+003  -2.724158e+003  
-1.752914e+003  -1.760049e+003  -1.781084e+003  -1.939664e+003  -2.109621e+003  -2.266208e+003  -2.507143e+003  
-1.365414e+003  -1.374305e+003  -1.404694e+003  -1.636809e+003  -1.877247e+003  -2.088881e+003  -2.391598e+003  
-9.018499e+002  -9.025832e+002  -9.316703e+002  -1.291158e+003  -1.635389e+003  -1.917548e+003  -2.287514e+003  
-4.109720e+002  -3.417229e+002  0.000000e+000  -9.342815e+002  -1.423447e+003  -1.781618e+003  -2.210714e+003  
-2.294052e+002  -1.695635e+002  0.000000e+000  -7.725455e+002  -1.327351e+003  -1.721597e+003  -2.177926e+003  
-2.294052e+002  -1.695635e+002  0.000000e+000  -7.725455e+002  -1.327351e+003  -1.721597e+003  -2.177926e+003  
-4.109720e+002  -3.417229e+002  0.000000e+000  -9.342815e+002  -1.423447e+003  -1.781618e+003  -2.210714e+003  
-9.018499e+002  -9.025832e+002  -9.316703e+002  -1.291158e+003  -1.635389e+003  -1.917548e+003  -2.287514e+003  
-1.365414e+003  -1.374305e+003  -1.404694e+003  -1.636809e+003  -1.877247e+003  -2.088881e+003  -2.391598e+003  
-1.752914e+003  -1.760049e+003  -1.781084e+003  -1.939664e+003  -2.109621e+003  -2.266208e+003  -2.507143e+003  
-2.285758e+003  -2.288660e+003  -2.296889e+003  -2.382722e+003  -2.478239e+003  -2.570246e+003  -2.724158e+003  
-2.551258e+003  -2.552366e+003  -2.555399e+003  -2.612926e+003  -2.678843e+003  -2.743936e+003  -2.857543e+003  

0.000000e+000  0.000000e+000  0.000000e+000  0.000000e+000  0.000000e+000  0.000000e+000  0.000000e+000  
0.000000e+000  0.000000e+000  0.000000e+000  0.000000e+000  0.000000e+000  0.000000e+000  0.000000e+000  
0.000000e+000  0.000000e+000  0.000000e+000  0.000000e+000  0.000000e+000  0.000000e+000  0.000000e+000  
0.000000e+000  0.000000e+000  0.000000e+000  0.000000e+000  0.000000e+000  0.000000e+000  0.000000e+000  
0.000000e+000  0.000000e+000  0.000000e+000  0.000000e+000  0.000000e+000  0.000000e+000  0.000000e+000  
0.000000e+000  0.000000e+000  0.000000e+000  0.000000e+000  0.000000e+000  0.000000e+000  0.000000e+000  
0.000000e+000  0.000000e+000  0.000000e+000  0.000000e+000  0.000000e+000  0.000000e+000  0.000000e+000  
0.000000e+000  0.000000e+000  0.000000e+000  0.000000e+000  0.000000e+000  0.000000e+000  0.000000e+000  
0.000000e+000  0.000000e+000  0.000000e+000  0.000000e+000  0.000000e+000  0.000000e+000  0.000000e+000  
0.000000e+000  0.000000e+000  0.000000e+000  0.000000e+000  0.000000e+000  0.000000e+000  0.000000e+000  
0.000000e+000  0.000000e+000  0.000000e+000  0.000000e+000  0.000000e+000  0.000000e+000  0.000000e+000  
0.000000e+000  0.000000e+000  0.000000e+000  0.000000e+000  0.000000e+000  0.000000e+000  0.000000e+000  
0.000000e+000  0.000000e+000  0.000000e+000  0.000000e+000  0.000000e+000  0.000000e+000  0.000000e+000  
0.000000e+000  0.000000e+000  0.000000e+000  0.000000e+000  0.000000e+000  0.000000e+000  0.000000e+000  

0.000000e+000  0.000000e+000  0.000000e+000  0.000000e+000  0.000000e+000  0.000000e+000  0.000000e+000  
0.000000e+000  0.000000e+000  0.000000e+000  0.000000e+000  0.000000e+000  0.000000e+000  0.000000e+000  
0.000000e+000  0.000000e+000  0.000000e+000  0.000000e+000  0.000000e+000  0.000000e+000  0.000000e+000  
0.000000e+000  0.000000e+000  0.000000e+000  0.000000e+000  0.000000e+000  0.000000e+000  0.000000e+000  
0.000000e+000  0.000000e+000  0.000000e+000  0.000000e+000  0.000000e+000  0.000000e+000  0.000000e+000  
0.000000e+000  0.000000e+000  0.000000e+000  0.000000e+000  0.000000e+000  0.000000e+000  0.000000e+000  
0.000000e+000  0.000000e+000  0.000000e+000  0.000000e+000  0.000000e+000  0.000000e+000  0.000000e+000  
0.000000e+000  0.000000e+000  0.000000e+000  0.000000e+000  0.000000e+000  0.000000e+000  0.000000e+000  
0.000000e+000  0.000000e+000  0.000000e+000  0.000000e+000  0.000000e+000  0.000000e+000  0.000000e+000  
0.000000e+000  0.000000e+000  0.000000e+000  0.000000e+000  0.000000e+000  0.000000e+000  0.000000e+000  
0.000000e+000  0.000000e+000  0.000000e+000  0.000000e+000  0.000000e+000  0.000000e+000  0.000000e+000  
0.000000e+000  0.000000e+000  0.000000e+000  0.000000e+000  0.000000e+000  0.000000e+000  0.000000e+000  
0.000000e+000  0.000000e+000  0.000000e+000  0.000000e+000  0.000000e+000  0.000000e+000  0.000000e+000  
0.000000e+000  0.000000e+000  0.000000e+000  0.000000e+000  0.000000e+000  0.000000e+000  0.000000e+000  

0.000000e+000  0.000000e+000  0.000000e+000  0.000000e+000  0.000000e+000  0.000000e+000  0.000000e+000  
0.000000e+000  0.000000e+000  0.000000e+000  0.000000e+000  0.000000e+000  0.000000e+000  0.000000e+000  
0.000000e+000  0.000000e+000  0.000000e+000  0.000000e+000  0.000000e+000  0.000000e+000  0.000000e+000  
0.000000e+000  0.000000e+000  0.000000e+000  0.000000e+000  0.000000e+000  0.000000e+000  0.000000e+000  
0.000000e+000  0.000000e+000  0.000000e+000  0.000000e+000  0.000000e+000  0.000000e+000  0.000000e+000  
0.000000e+000  0.000000e+000  0.000000e+000  0.000000e+000  0.000000e+000  0.000000e+000  0.000000e+000  
0.000000e+000  0.000000e+000  0.000000e+000  0.000000e+000  0.000000e+000  0.000000e+000  0.000000e+000  
0.000000e+000  0.000000e+000  0.000000e+000  0.000000e+000  0.000000e+000  0.000000e+000  0.000000e+000  
0.000000e+000  0.000000e+000  0.000000e+000  0.000000e+000  0.000000e+000  0.000000e+000  0.000000e+000  
0.000000e+000  0.000000e+000  0.000000e+000  0.000000e+000  0.000000e+000  0.000000e+000  0.000000e+000  
0.000000e+000  0.000000e+000  0.000000e+000  0.000000e+000  0.000000e+000  0.000000e+000  0.000000e+000  
0.000000e+000  0.000000e+000  0.000000e+000  0.000000e+000  0.000000e+000  0.000000e+000  0.000000e+000  
0.000000e+000  0.000000e+000  0.000000e+000  0.000000e+000  0.000000e+000  0.000000e+000  0.000000e+000  
0.000000e+000  0.000000e+000  0.000000e+000  0.000000e+000  0.000000e+000  0.000000e+000  0.000000e+000  

