Port monitor named: Port1_h1.prt

nx        = 132
ny        = 80
nz        = 21

nu        = 7
nv        = 14
iu        = 10
iv        = 60

idir      = 1
dcut      = -6.289350e-002
icut      = 6
type      = 1
frequency = 1.850000e+009

fcutoff   = 4.146413e+009
alpha     = 1.100878e+002
beta      = 0.000000e+000
accuracy  = 1.300169e-013

type          = UNDEF
wave imp.     = 6.627394e+002
wave imp.sig. = 6.115734e-009
line imp.     = 0.000000e+000

ref. port     = 0

0.000000e+000  0.000000e+000  0.000000e+000  0.000000e+000  0.000000e+000  0.000000e+000  0.000000e+000  
0.000000e+000  0.000000e+000  0.000000e+000  0.000000e+000  0.000000e+000  0.000000e+000  0.000000e+000  
0.000000e+000  0.000000e+000  0.000000e+000  0.000000e+000  0.000000e+000  0.000000e+000  0.000000e+000  
0.000000e+000  0.000000e+000  0.000000e+000  0.000000e+000  0.000000e+000  0.000000e+000  0.000000e+000  
0.000000e+000  0.000000e+000  0.000000e+000  0.000000e+000  0.000000e+000  0.000000e+000  0.000000e+000  
0.000000e+000  0.000000e+000  0.000000e+000  0.000000e+000  0.000000e+000  0.000000e+000  0.000000e+000  
0.000000e+000  0.000000e+000  0.000000e+000  0.000000e+000  0.000000e+000  0.000000e+000  0.000000e+000  
0.000000e+000  0.000000e+000  0.000000e+000  0.000000e+000  0.000000e+000  0.000000e+000  0.000000e+000  
0.000000e+000  0.000000e+000  0.000000e+000  0.000000e+000  0.000000e+000  0.000000e+000  0.000000e+000  
0.000000e+000  0.000000e+000  0.000000e+000  0.000000e+000  0.000000e+000  0.000000e+000  0.000000e+000  
0.000000e+000  0.000000e+000  0.000000e+000  0.000000e+000  0.000000e+000  0.000000e+000  0.000000e+000  
0.000000e+000  0.000000e+000  0.000000e+000  0.000000e+000  0.000000e+000  0.000000e+000  0.000000e+000  
0.000000e+000  0.000000e+000  0.000000e+000  0.000000e+000  0.000000e+000  0.000000e+000  0.000000e+000  
0.000000e+000  0.000000e+000  0.000000e+000  0.000000e+000  0.000000e+000  0.000000e+000  0.000000e+000  

0.000000e+000  0.000000e+000  0.000000e+000  0.000000e+000  0.000000e+000  0.000000e+000  0.000000e+000  
0.000000e+000  0.000000e+000  0.000000e+000  0.000000e+000  0.000000e+000  0.000000e+000  0.000000e+000  
0.000000e+000  0.000000e+000  0.000000e+000  0.000000e+000  0.000000e+000  0.000000e+000  0.000000e+000  
0.000000e+000  0.000000e+000  0.000000e+000  0.000000e+000  0.000000e+000  0.000000e+000  0.000000e+000  
0.000000e+000  0.000000e+000  0.000000e+000  0.000000e+000  0.000000e+000  0.000000e+000  0.000000e+000  
0.000000e+000  0.000000e+000  0.000000e+000  0.000000e+000  0.000000e+000  0.000000e+000  0.000000e+000  
0.000000e+000  0.000000e+000  0.000000e+000  0.000000e+000  0.000000e+000  0.000000e+000  0.000000e+000  
0.000000e+000  0.000000e+000  0.000000e+000  0.000000e+000  0.000000e+000  0.000000e+000  0.000000e+000  
0.000000e+000  0.000000e+000  0.000000e+000  0.000000e+000  0.000000e+000  0.000000e+000  0.000000e+000  
0.000000e+000  0.000000e+000  0.000000e+000  0.000000e+000  0.000000e+000  0.000000e+000  0.000000e+000  
0.000000e+000  0.000000e+000  0.000000e+000  0.000000e+000  0.000000e+000  0.000000e+000  0.000000e+000  
0.000000e+000  0.000000e+000  0.000000e+000  0.000000e+000  0.000000e+000  0.000000e+000  0.000000e+000  
0.000000e+000  0.000000e+000  0.000000e+000  0.000000e+000  0.000000e+000  0.000000e+000  0.000000e+000  
0.000000e+000  0.000000e+000  0.000000e+000  0.000000e+000  0.000000e+000  0.000000e+000  0.000000e+000  

0.000000e+000  0.000000e+000  0.000000e+000  0.000000e+000  0.000000e+000  0.000000e+000  0.000000e+000  
0.000000e+000  0.000000e+000  0.000000e+000  0.000000e+000  0.000000e+000  0.000000e+000  0.000000e+000  
0.000000e+000  0.000000e+000  0.000000e+000  0.000000e+000  0.000000e+000  0.000000e+000  0.000000e+000  
0.000000e+000  0.000000e+000  0.000000e+000  0.000000e+000  0.000000e+000  0.000000e+000  0.000000e+000  
0.000000e+000  0.000000e+000  0.000000e+000  0.000000e+000  0.000000e+000  0.000000e+000  0.000000e+000  
0.000000e+000  0.000000e+000  0.000000e+000  0.000000e+000  0.000000e+000  0.000000e+000  0.000000e+000  
0.000000e+000  0.000000e+000  0.000000e+000  0.000000e+000  0.000000e+000  0.000000e+000  0.000000e+000  
0.000000e+000  0.000000e+000  0.000000e+000  0.000000e+000  0.000000e+000  0.000000e+000  0.000000e+000  
0.000000e+000  0.000000e+000  0.000000e+000  0.000000e+000  0.000000e+000  0.000000e+000  0.000000e+000  
0.000000e+000  0.000000e+000  0.000000e+000  0.000000e+000  0.000000e+000  0.000000e+000  0.000000e+000  
0.000000e+000  0.000000e+000  0.000000e+000  0.000000e+000  0.000000e+000  0.000000e+000  0.000000e+000  
0.000000e+000  0.000000e+000  0.000000e+000  0.000000e+000  0.000000e+000  0.000000e+000  0.000000e+000  
0.000000e+000  0.000000e+000  0.000000e+000  0.000000e+000  0.000000e+000  0.000000e+000  0.000000e+000  
0.000000e+000  0.000000e+000  0.000000e+000  0.000000e+000  0.000000e+000  0.000000e+000  0.000000e+000  

-9.227416e-001  -9.127155e-001  -8.839694e-001  -8.134089e-001  -7.269677e-001  -6.417477e-001  -5.031812e-001  
-2.491809e+000  -2.457438e+000  -2.355259e+000  -2.091428e+000  -1.777929e+000  -1.487687e+000  -1.074403e+000  
-3.777396e+000  -3.736413e+000  -3.565582e+000  -2.954263e+000  -2.290927e+000  -1.753472e+000  -1.140102e+000  
-4.726296e+000  -4.797150e+000  -4.739645e+000  -3.527996e+000  -2.458971e+000  -1.727050e+000  -1.036098e+000  
-5.233139e+000  -6.024596e+000  -7.195307e+000  -3.880754e+000  -2.227580e+000  -1.394540e+000  -7.702224e-001  
-2.332030e+000  -2.219195e+000  0.000000e+000  -1.986321e+000  -1.196020e+000  -7.399289e-001  -3.954001e-001  
0.000000e+000  5.423518e-011  0.000000e+000  1.105894e-010  1.443669e-010  1.660355e-010  1.811876e-010  
2.332030e+000  2.219195e+000  0.000000e+000  1.986321e+000  1.196020e+000  7.399289e-001  3.954001e-001  
5.233139e+000  6.024596e+000  7.195307e+000  3.880754e+000  2.227580e+000  1.394540e+000  7.702224e-001  
4.726296e+000  4.797150e+000  4.739645e+000  3.527996e+000  2.458971e+000  1.727050e+000  1.036098e+000  
3.777396e+000  3.736413e+000  3.565582e+000  2.954263e+000  2.290927e+000  1.753472e+000  1.140102e+000  
2.491809e+000  2.457438e+000  2.355259e+000  2.091428e+000  1.777929e+000  1.487687e+000  1.074403e+000  
9.227416e-001  9.127155e-001  8.839694e-001  8.134089e-001  7.269677e-001  6.417477e-001  5.031812e-001  
0.000000e+000  0.000000e+000  0.000000e+000  0.000000e+000  0.000000e+000  0.000000e+000  0.000000e+000  

1.675768e-001  4.982190e-001  5.269516e-001  2.953621e-001  1.314854e-001  -2.774971e-002  0.000000e+000  
1.099701e-001  3.316831e-001  2.774517e-001  1.848508e-002  -1.293874e-001  -2.061899e-001  0.000000e+000  
-2.878948e-002  -7.969910e-002  -3.766192e-001  -7.058314e-001  -7.815903e-001  -6.046231e-001  0.000000e+000  
-1.153891e-001  -4.108553e-001  -1.081134e+000  -1.440442e+000  -1.370332e+000  -8.980058e-001  0.000000e+000  
-3.549213e-002  -5.799121e-001  -2.403125e+000  -2.588321e+000  -2.155449e+000  -1.224406e+000  0.000000e+000  
1.136545e+000  3.975875e+000  -6.470217e+000  -4.320263e+000  -3.034822e+000  -1.516540e+000  0.000000e+000  
9.840268e-001  2.789630e+000  -7.453010e+000  -5.013175e+000  -3.435926e+000  -1.650635e+000  0.000000e+000  
9.840268e-001  2.789630e+000  -7.453010e+000  -5.013175e+000  -3.435926e+000  -1.650635e+000  0.000000e+000  
1.136545e+000  3.975875e+000  -6.470217e+000  -4.320263e+000  -3.034822e+000  -1.516540e+000  0.000000e+000  
-3.549213e-002  -5.799121e-001  -2.403125e+000  -2.588321e+000  -2.155449e+000  -1.224406e+000  0.000000e+000  
-1.153891e-001  -4.108553e-001  -1.081134e+000  -1.440442e+000  -1.370332e+000  -8.980058e-001  0.000000e+000  
-2.878948e-002  -7.969910e-002  -3.766192e-001  -7.058314e-001  -7.815903e-001  -6.046231e-001  0.000000e+000  
1.099701e-001  3.316831e-001  2.774517e-001  1.848508e-002  -1.293874e-001  -2.061899e-001  0.000000e+000  
1.675768e-001  4.982190e-001  5.269516e-001  2.953621e-001  1.314854e-001  -2.774971e-002  0.000000e+000  

5.475241e-002  1.609357e-001  1.937812e-001  1.543926e-001  1.173311e-001  6.166617e-002  -0.000000e+000  
1.356675e-001  3.991290e-001  4.734811e-001  3.653550e-001  2.696813e-001  1.350286e-001  -0.000000e+000  
1.797750e-001  5.306701e-001  6.113039e-001  4.443753e-001  3.126457e-001  1.465110e-001  -0.000000e+000  
2.012883e-001  6.009746e-001  6.661134e-001  4.520260e-001  3.036783e-001  1.350365e-001  -0.000000e+000  
1.979832e-001  6.317699e-001  6.393198e-001  3.823565e-001  2.413832e-001  1.015642e-001  -0.000000e+000  
8.696587e-002  2.461982e-001  3.225256e-001  2.012906e-001  1.268689e-001  5.240131e-002  -0.000000e+000  
-0.000000e+000  -0.000000e+000  -0.000000e+000  -0.000000e+000  -0.000000e+000  -0.000000e+000  -0.000000e+000  
-8.696587e-002  -2.461982e-001  -3.225256e-001  -2.012906e-001  -1.268689e-001  -5.240131e-002  -0.000000e+000  
-1.979832e-001  -6.317699e-001  -6.393198e-001  -3.823565e-001  -2.413832e-001  -1.015642e-001  -0.000000e+000  
-2.012883e-001  -6.009746e-001  -6.661134e-001  -4.520260e-001  -3.036783e-001  -1.350365e-001  -0.000000e+000  
-1.797750e-001  -5.306701e-001  -6.113039e-001  -4.443753e-001  -3.126457e-001  -1.465110e-001  -0.000000e+000  
-1.356675e-001  -3.991290e-001  -4.734811e-001  -3.653550e-001  -2.696813e-001  -1.350286e-001  -0.000000e+000  
-5.475241e-002  -1.609357e-001  -1.937812e-001  -1.543926e-001  -1.173311e-001  -6.166617e-002  -0.000000e+000  
-0.000000e+000  -0.000000e+000  -0.000000e+000  -0.000000e+000  -0.000000e+000  -0.000000e+000  -0.000000e+000  

