Port monitor named: Port1_e1.prt

nx        = 126
ny        = 99
nz        = 21

nu        = 9
nv        = 116
iu        = 8
iv        = 6

idir      = 1
dcut      = -1.047000e-001
icut      = 6
type      = 0
frequency = 1.800000e+009

fcutoff   = 0.000000e+000
alpha     = 0.000000e+000
beta      = 6.981522e+001
accuracy  = 3.371235e-014

type          = QTEM
wave imp.     = 2.044707e+002
wave imp.sig. = 1.997620e-009
line imp.     = 4.908036e+001

ref. port     = 0

-0.000000e+000  -0.000000e+000  -0.000000e+000  -0.000000e+000  -0.000000e+000  -0.000000e+000  -0.000000e+000  -6.334812e-010  -0.000000e+000  
-0.000000e+000  -0.000000e+000  -0.000000e+000  -1.677982e-009  -2.116224e-009  -2.294830e-009  -2.138123e-009  -1.489317e-009  -0.000000e+000  
-0.000000e+000  -0.000000e+000  -1.668140e-009  -2.557614e-009  -3.524789e-009  -3.670235e-009  -3.233752e-009  -2.077109e-009  -0.000000e+000  
-0.000000e+000  -0.000000e+000  -1.718925e-009  -3.812123e-009  -6.168703e-009  -5.755625e-009  -4.691029e-009  -2.787904e-009  -0.000000e+000  
2.625504e-009  7.927023e-009  -6.345376e-009  -5.765038e-009  -1.271393e-008  -8.644654e-009  -6.329943e-009  -3.545349e-009  -0.000000e+000  
-0.000000e+000  3.248525e-009  -4.685228e-009  -3.691551e-009  -1.198115e-008  -9.510734e-009  -7.360799e-009  -4.259540e-009  -0.000000e+000  
-0.000000e+000  -0.000000e+000  -3.358018e-009  -3.002459e-009  -1.160078e-008  -1.003704e-008  -8.183891e-009  -4.979308e-009  -0.000000e+000  
-0.000000e+000  -0.000000e+000  -3.083986e-009  -2.931997e-009  -1.216964e-008  -1.099249e-008  -9.259191e-009  -5.857182e-009  -0.000000e+000  
-0.000000e+000  -0.000000e+000  -4.523851e-009  -4.396830e-009  -1.871163e-008  -1.726592e-008  -1.485901e-008  -9.729150e-009  -0.000000e+000  
-0.000000e+000  -0.000000e+000  -8.950860e-009  -8.712357e-009  -3.714601e-008  -3.434754e-008  -2.963397e-008  -1.949743e-008  -0.000000e+000  
-0.000000e+000  -0.000000e+000  -1.895747e-008  -1.845408e-008  -7.868927e-008  -7.277179e-008  -6.279922e-008  -4.133629e-008  -0.000000e+000  
-0.000000e+000  -0.000000e+000  -4.074259e-008  -3.966120e-008  -1.691195e-007  -1.564034e-007  -1.349713e-007  -8.884597e-008  -0.000000e+000  
-0.000000e+000  -0.000000e+000  -8.783726e-008  -8.550600e-008  -3.646091e-007  -3.371944e-007  -2.909891e-007  -1.915464e-007  -0.000000e+000  
-0.000000e+000  -0.000000e+000  -1.894972e-007  -1.844683e-007  -7.865975e-007  -7.274538e-007  -6.277715e-007  -4.132360e-007  -0.000000e+000  
-0.000000e+000  -0.000000e+000  -4.088727e-007  -3.980219e-007  -1.697217e-006  -1.569604e-006  -1.354522e-006  -8.916261e-007  -0.000000e+000  
-0.000000e+000  -0.000000e+000  -8.822362e-007  -8.588227e-007  -3.662131e-006  -3.386777e-006  -2.922688e-006  -1.923885e-006  -0.000000e+000  
-0.000000e+000  -0.000000e+000  -1.903633e-006  -1.853113e-006  -7.901910e-006  -7.307769e-006  -6.306389e-006  -4.151235e-006  -0.000000e+000  
-0.000000e+000  -0.000000e+000  -4.107540e-006  -3.998531e-006  -1.705024e-005  -1.576824e-005  -1.360753e-005  -8.957274e-006  -0.000000e+000  
-0.000000e+000  -0.000000e+000  -8.862990e-006  -8.627777e-006  -3.678994e-005  -3.402372e-005  -2.936147e-005  -1.932744e-005  -0.000000e+000  
-0.000000e+000  -0.000000e+000  -1.912400e-005  -1.861647e-005  -7.938301e-005  -7.341424e-005  -6.335432e-005  -4.170354e-005  -0.000000e+000  
-0.000000e+000  -0.000000e+000  -4.126457e-005  -4.016945e-005  -1.712877e-004  -1.584086e-004  -1.367020e-004  -8.998526e-005  -0.000000e+000  
-0.000000e+000  -0.000000e+000  -8.903808e-005  -8.667512e-005  -3.695937e-004  -3.418041e-004  -2.949668e-004  -1.941645e-004  -0.000000e+000  
-0.000000e+000  -0.000000e+000  -1.833930e-004  -1.785260e-004  -7.612576e-004  -7.040189e-004  -6.075475e-004  -3.999235e-004  -0.000000e+000  
-0.000000e+000  -0.000000e+000  -2.446550e-004  -2.381622e-004  -1.015554e-003  -9.391947e-004  -8.104972e-004  -5.335169e-004  -0.000000e+000  
-0.000000e+000  -0.000000e+000  -3.246850e-004  -3.160682e-004  -1.347755e-003  -1.246418e-003  -1.075622e-003  -7.080375e-004  -0.000000e+000  
-0.000000e+000  -0.000000e+000  -4.296221e-004  -4.182204e-004  -1.783345e-003  -1.649256e-003  -1.423259e-003  -9.368729e-004  -0.000000e+000  
-0.000000e+000  -0.000000e+000  -5.603240e-004  -5.454536e-004  -2.325884e-003  -2.151001e-003  -1.856251e-003  -1.221893e-003  -0.000000e+000  
-0.000000e+000  -0.000000e+000  -7.300782e-004  -7.107028e-004  -3.030527e-003  -2.802663e-003  -2.418615e-003  -1.592075e-003  -0.000000e+000  
-0.000000e+000  -0.000000e+000  -9.507160e-004  -9.254851e-004  -3.946386e-003  -3.649659e-003  -3.149548e-003  -2.073217e-003  -0.000000e+000  
-0.000000e+000  -0.000000e+000  -1.639943e-003  -1.596421e-003  -6.807343e-003  -6.295501e-003  -5.432831e-003  -3.576208e-003  -0.000000e+000  
-0.000000e+000  -0.000000e+000  -2.845744e-003  -2.770221e-003  -1.181258e-002  -1.092439e-002  -9.427427e-003  -6.205685e-003  -0.000000e+000  
-0.000000e+000  -0.000000e+000  -3.722927e-003  -3.624125e-003  -1.545373e-002  -1.429177e-002  -1.233337e-002  -8.118546e-003  -0.000000e+000  
-0.000000e+000  -0.000000e+000  -4.859584e-003  -4.730616e-003  -2.017194e-002  -1.865522e-002  -1.609890e-002  -1.059724e-002  -0.000000e+000  
-0.000000e+000  -0.000000e+000  -6.334935e-003  -6.166812e-003  -2.629607e-002  -2.431887e-002  -2.098646e-002  -1.381451e-002  -0.000000e+000  
-0.000000e+000  -0.000000e+000  -8.251808e-003  -8.032813e-003  -3.425293e-002  -3.167745e-002  -2.733669e-002  -1.799459e-002  -0.000000e+000  
-0.000000e+000  -0.000000e+000  -1.074380e-002  -1.045867e-002  -4.459709e-002  -4.124383e-002  -3.559217e-002  -2.342881e-002  -0.000000e+000  
-0.000000e+000  -0.000000e+000  -1.398461e-002  -1.361346e-002  -5.804952e-002  -5.368475e-002  -4.632828e-002  -3.049589e-002  -0.000000e+000  
-0.000000e+000  -0.000000e+000  -2.411293e-002  -2.347298e-002  -1.000917e-001  -9.256563e-002  -7.988115e-002  -5.258208e-002  -0.000000e+000  
-0.000000e+000  -0.000000e+000  -4.183694e-002  -4.072656e-002  -1.736628e-001  -1.606044e-001  -1.385959e-001  -9.123045e-002  -0.000000e+000  
-0.000000e+000  -0.000000e+000  -5.473175e-002  -5.327907e-002  -2.271879e-001  -2.101042e-001  -1.813116e-001  -1.193468e-001  -0.000000e+000  
-0.000000e+000  -0.000000e+000  -7.144160e-002  -6.954529e-002  -2.965482e-001  -2.742478e-001  -2.366636e-001  -1.557795e-001  -0.000000e+000  
-0.000000e+000  -0.000000e+000  -9.313152e-002  -9.065927e-002  -3.865791e-001  -3.575063e-001  -3.085092e-001  -2.030662e-001  -0.000000e+000  
-0.000000e+000  -0.000000e+000  -1.223511e-001  -1.191027e-001  -5.078620e-001  -4.696639e-001  -4.052896e-001  -2.667599e-001  -0.000000e+000  
-0.000000e+000  -0.000000e+000  -1.606719e-001  -1.564052e-001  -6.669172e-001  -6.167474e-001  -5.322015e-001  -3.502748e-001  -0.000000e+000  
-0.000000e+000  -0.000000e+000  -2.109472e-001  -2.053435e-001  -8.755814e-001  -8.096973e-001  -6.986778e-001  -4.598072e-001  -0.000000e+000  
-0.000000e+000  -0.000000e+000  -4.013953e-001  -3.907189e-001  -1.665945e+000  -1.540463e+000  -1.329079e+000  -8.744209e-001  -0.000000e+000  
-0.000000e+000  -0.000000e+000  -8.254692e-001  -8.034290e-001  -3.425193e+000  -3.166443e+000  -2.730923e+000  -1.795155e+000  -0.000000e+000  
-0.000000e+000  -0.000000e+000  -1.711197e+000  -1.665002e+000  -7.095515e+000  -6.555084e+000  -5.647669e+000  -3.703638e+000  -0.000000e+000  
-0.000000e+000  -0.000000e+000  -3.564913e+000  -3.465505e+000  -1.475151e+001  -1.360222e+001  -1.168633e+001  -7.614865e+000  -0.000000e+000  
-0.000000e+000  -0.000000e+000  -7.503948e+000  -7.272965e+000  -3.084524e+001  -2.828734e+001  -2.411575e+001  -1.544903e+001  -0.000000e+000  
-0.000000e+000  -0.000000e+000  -1.630383e+001  -1.563151e+001  -6.543723e+001  -5.903379e+001  -4.926173e+001  -3.017830e+001  -0.000000e+000  
-0.000000e+000  -0.000000e+000  -3.936147e+001  -3.618838e+001  -1.439620e+002  -1.233079e+002  -9.687920e+001  -5.274057e+001  -0.000000e+000  
-0.000000e+000  -0.000000e+000  -1.182369e+002  -9.562957e+001  -3.162766e+002  -2.311454e+002  -1.536307e+002  -6.061410e+001  -0.000000e+000  
-0.000000e+000  -0.000000e+000  -2.632217e+002  -1.856319e+002  -4.528787e+002  -2.614887e+002  -1.380675e+002  -3.433925e+001  -0.000000e+000  
-0.000000e+000  -0.000000e+000  -6.326224e+002  -4.083448e+002  -5.934589e+002  -2.106339e+002  -5.229236e+001  1.945548e+001  -0.000000e+000  
-0.000000e+000  -0.000000e+000  -1.651049e+003  -1.159135e+003  -4.397509e+002  1.125814e+002  1.712988e+002  1.033513e+002  -0.000000e+000  
-0.000000e+000  -0.000000e+000  -3.303644e+003  -3.838775e+003  1.633407e+003  7.331422e+002  4.147157e+002  1.666250e+002  -0.000000e+000  
-0.000000e+000  -0.000000e+000  -4.132390e+003  -4.613708e+003  1.739246e+003  9.761138e+002  5.565146e+002  2.073400e+002  -0.000000e+000  
-0.000000e+000  -0.000000e+000  -4.132390e+003  -4.613708e+003  1.739246e+003  9.761138e+002  5.565146e+002  2.073400e+002  -0.000000e+000  
-0.000000e+000  -0.000000e+000  -3.303644e+003  -3.838775e+003  1.633407e+003  7.331422e+002  4.147157e+002  1.666250e+002  -0.000000e+000  
-0.000000e+000  -0.000000e+000  -1.651049e+003  -1.159135e+003  -4.397509e+002  1.125814e+002  1.712988e+002  1.033513e+002  -0.000000e+000  
-0.000000e+000  -0.000000e+000  -6.326224e+002  -4.083448e+002  -5.934589e+002  -2.106339e+002  -5.229236e+001  1.945548e+001  -0.000000e+000  
-0.000000e+000  -0.000000e+000  -2.632217e+002  -1.856319e+002  -4.528787e+002  -2.614887e+002  -1.380675e+002  -3.433925e+001  -0.000000e+000  
-0.000000e+000  -0.000000e+000  -1.182369e+002  -9.562957e+001  -3.162766e+002  -2.311454e+002  -1.536307e+002  -6.061410e+001  -0.000000e+000  
-0.000000e+000  -0.000000e+000  -3.936147e+001  -3.618838e+001  -1.439620e+002  -1.233079e+002  -9.687920e+001  -5.274057e+001  -0.000000e+000  
-0.000000e+000  -0.000000e+000  -1.630383e+001  -1.563151e+001  -6.543723e+001  -5.903379e+001  -4.926173e+001  -3.017830e+001  -0.000000e+000  
-0.000000e+000  -0.000000e+000  -7.503948e+000  -7.272965e+000  -3.084524e+001  -2.828734e+001  -2.411575e+001  -1.544903e+001  -0.000000e+000  
-0.000000e+000  -0.000000e+000  -3.564912e+000  -3.465505e+000  -1.475151e+001  -1.360222e+001  -1.168633e+001  -7.614865e+000  -0.000000e+000  
-0.000000e+000  -0.000000e+000  -1.711197e+000  -1.665002e+000  -7.095514e+000  -6.555083e+000  -5.647668e+000  -3.703638e+000  -0.000000e+000  
-0.000000e+000  -0.000000e+000  -8.254685e-001  -8.034284e-001  -3.425190e+000  -3.166440e+000  -2.730920e+000  -1.795153e+000  -0.000000e+000  
-0.000000e+000  -0.000000e+000  -4.013939e-001  -3.907176e-001  -1.665939e+000  -1.540458e+000  -1.329074e+000  -8.744178e-001  -0.000000e+000  
-0.000000e+000  -0.000000e+000  -2.109444e-001  -2.053409e-001  -8.755702e-001  -8.096868e-001  -6.986689e-001  -4.598012e-001  -0.000000e+000  
-0.000000e+000  -0.000000e+000  -1.606683e-001  -1.564017e-001  -6.669023e-001  -6.167336e-001  -5.321896e-001  -3.502670e-001  -0.000000e+000  
-0.000000e+000  -0.000000e+000  -1.223464e-001  -1.190981e-001  -5.078423e-001  -4.696457e-001  -4.052738e-001  -2.667495e-001  -0.000000e+000  
-0.000000e+000  -0.000000e+000  -9.312527e-002  -9.065318e-002  -3.865531e-001  -3.574823e-001  -3.084885e-001  -2.030526e-001  -0.000000e+000  
-0.000000e+000  -0.000000e+000  -7.135795e-002  -6.946387e-002  -2.962010e-001  -2.739267e-001  -2.363865e-001  -1.555971e-001  -0.000000e+000  
-0.000000e+000  -0.000000e+000  -5.460571e-002  -5.315638e-002  -2.266647e-001  -2.096203e-001  -1.808941e-001  -1.190720e-001  -0.000000e+000  
-0.000000e+000  -0.000000e+000  -4.169096e-002  -4.058445e-002  -1.730569e-001  -1.600441e-001  -1.381123e-001  -9.091214e-002  -0.000000e+000  
-0.000000e+000  -0.000000e+000  -2.377400e-002  -2.314305e-002  -9.868479e-002  -9.126453e-002  -7.875835e-002  -5.184300e-002  -0.000000e+000  
-0.000000e+000  -0.000000e+000  -1.402720e-002  -1.365493e-002  -5.822633e-002  -5.384826e-002  -4.646939e-002  -3.058878e-002  -0.000000e+000  
-0.000000e+000  -0.000000e+000  -1.076504e-002  -1.047935e-002  -4.468525e-002  -4.132536e-002  -3.566253e-002  -2.347512e-002  -0.000000e+000  
-0.000000e+000  -0.000000e+000  -8.259328e-003  -8.040133e-003  -3.428415e-002  -3.170632e-002  -2.736160e-002  -1.801099e-002  -0.000000e+000  
-0.000000e+000  -0.000000e+000  -6.333986e-003  -6.165888e-003  -2.629213e-002  -2.431523e-002  -2.098331e-002  -1.381244e-002  -0.000000e+000  
-0.000000e+000  -0.000000e+000  -4.858856e-003  -4.729907e-003  -2.016892e-002  -1.865243e-002  -1.609649e-002  -1.059565e-002  -0.000000e+000  
-0.000000e+000  -0.000000e+000  -3.722369e-003  -3.623582e-003  -1.545141e-002  -1.428963e-002  -1.233152e-002  -8.117330e-003  -0.000000e+000  
-0.000000e+000  -0.000000e+000  -2.845318e-003  -2.769806e-003  -1.181081e-002  -1.092276e-002  -9.426014e-003  -6.204755e-003  -0.000000e+000  
-0.000000e+000  -0.000000e+000  -1.639698e-003  -1.596182e-003  -6.806323e-003  -6.294558e-003  -5.432017e-003  -3.575673e-003  -0.000000e+000  
-0.000000e+000  -0.000000e+000  -9.505736e-004  -9.253464e-004  -3.945795e-003  -3.649112e-003  -3.149076e-003  -2.072907e-003  -0.000000e+000  
-0.000000e+000  -0.000000e+000  -7.299689e-004  -7.105963e-004  -3.030073e-003  -2.802243e-003  -2.418253e-003  -1.591836e-003  -0.000000e+000  
-0.000000e+000  -0.000000e+000  -5.602401e-004  -5.453719e-004  -2.325535e-003  -2.150679e-003  -1.855972e-003  -1.221710e-003  -0.000000e+000  
-0.000000e+000  -0.000000e+000  -4.295578e-004  -4.181578e-004  -1.783078e-003  -1.649009e-003  -1.423046e-003  -9.367326e-004  -0.000000e+000  
-0.000000e+000  -0.000000e+000  -3.246363e-004  -3.160208e-004  -1.347553e-003  -1.246231e-003  -1.075461e-003  -7.079314e-004  -0.000000e+000  
-0.000000e+000  -0.000000e+000  -2.446184e-004  -2.381265e-004  -1.015402e-003  -9.390539e-004  -8.103758e-004  -5.334370e-004  -0.000000e+000  
-0.000000e+000  -0.000000e+000  -1.833656e-004  -1.784993e-004  -7.611435e-004  -7.039135e-004  -6.074565e-004  -3.998636e-004  -0.000000e+000  
-0.000000e+000  -0.000000e+000  -8.902474e-005  -8.666213e-005  -3.695383e-004  -3.417529e-004  -2.949226e-004  -1.941354e-004  -0.000000e+000  
-0.000000e+000  -0.000000e+000  -4.125838e-005  -4.016343e-005  -1.712620e-004  -1.583849e-004  -1.366815e-004  -8.997178e-005  -0.000000e+000  
-0.000000e+000  -0.000000e+000  -1.912114e-005  -1.861368e-005  -7.937112e-005  -7.340324e-005  -6.334483e-005  -4.169729e-005  -0.000000e+000  
-0.000000e+000  -0.000000e+000  -8.861663e-006  -8.626485e-006  -3.678443e-005  -3.401862e-005  -2.935707e-005  -1.932455e-005  -0.000000e+000  
-0.000000e+000  -0.000000e+000  -4.106925e-006  -3.997932e-006  -1.704769e-005  -1.576588e-005  -1.360549e-005  -8.955934e-006  -0.000000e+000  
-0.000000e+000  -0.000000e+000  -1.903348e-006  -1.852836e-006  -7.900730e-006  -7.306678e-006  -6.305447e-006  -4.150616e-006  -0.000000e+000  
-0.000000e+000  -0.000000e+000  -8.821050e-007  -8.586952e-007  -3.661587e-006  -3.386273e-006  -2.922254e-006  -1.923599e-006  -0.000000e+000  
-0.000000e+000  -0.000000e+000  -4.088132e-007  -3.979637e-007  -1.696968e-006  -1.569374e-006  -1.354324e-006  -8.914949e-007  -0.000000e+000  
-0.000000e+000  -0.000000e+000  -1.894705e-007  -1.844423e-007  -7.864863e-007  -7.273510e-007  -6.276825e-007  -4.131770e-007  -0.000000e+000  
-0.000000e+000  -0.000000e+000  -8.782581e-008  -8.549529e-008  -3.645617e-007  -3.371505e-007  -2.909509e-007  -1.915206e-007  -0.000000e+000  
-0.000000e+000  -0.000000e+000  -4.073769e-008  -3.965657e-008  -1.690993e-007  -1.563848e-007  -1.349554e-007  -8.883566e-008  -0.000000e+000  
-0.000000e+000  -0.000000e+000  -1.895478e-008  -1.845159e-008  -7.868042e-008  -7.276355e-008  -6.279154e-008  -4.133079e-008  -0.000000e+000  
-0.000000e+000  -0.000000e+000  -8.948791e-009  -8.710578e-009  -3.714018e-008  -3.434249e-008  -2.962962e-008  -1.949453e-008  -0.000000e+000  
-0.000000e+000  -0.000000e+000  -4.522003e-009  -4.395045e-009  -1.870445e-008  -1.725953e-008  -1.485394e-008  -9.725791e-009  -0.000000e+000  
-0.000000e+000  -0.000000e+000  -3.081040e-009  -2.928959e-009  -1.215916e-008  -1.098334e-008  -9.251574e-009  -5.852671e-009  -0.000000e+000  
-0.000000e+000  -0.000000e+000  -3.353860e-009  -2.999255e-009  -1.158936e-008  -1.002658e-008  -8.175759e-009  -4.974815e-009  -0.000000e+000  
-0.000000e+000  3.244883e-009  -4.679202e-009  -3.687111e-009  -1.196710e-008  -9.500415e-009  -7.352510e-009  -4.255217e-009  -0.000000e+000  
2.622420e-009  7.919344e-009  -6.337460e-009  -5.758165e-009  -1.270006e-008  -8.634766e-009  -6.322327e-009  -3.541506e-009  -0.000000e+000  
-0.000000e+000  -0.000000e+000  -1.716329e-009  -3.806968e-009  -6.161357e-009  -5.748469e-009  -4.684963e-009  -2.784419e-009  -0.000000e+000  
-0.000000e+000  -0.000000e+000  -1.665950e-009  -2.554415e-009  -3.520267e-009  -3.664858e-009  -3.229103e-009  -2.073953e-009  -0.000000e+000  
-0.000000e+000  -0.000000e+000  -0.000000e+000  -1.675344e-009  -2.113396e-009  -2.290516e-009  -2.134245e-009  -1.486553e-009  -0.000000e+000  
-0.000000e+000  -0.000000e+000  -0.000000e+000  -0.000000e+000  -0.000000e+000  -0.000000e+000  -0.000000e+000  -6.315633e-010  -0.000000e+000  

4.281818e-009  4.272404e-009  4.245803e-009  4.198340e-009  4.127030e-009  3.975958e-009  3.813264e-009  3.670528e-009  3.487052e-009  
9.132766e-009  9.199615e-009  9.278282e-009  9.258119e-009  9.026322e-009  8.264680e-009  7.557082e-009  7.065405e-009  6.681551e-009  
1.085698e-008  1.118618e-008  1.161056e-008  1.192562e-008  1.161347e-008  9.960735e-009  8.840670e-009  8.228230e-009  7.903770e-009  
1.132422e-008  1.298877e-008  1.429045e-008  1.643209e-008  1.594821e-008  1.108926e-008  9.580751e-009  9.098438e-009  9.096599e-009  
5.081205e-009  4.384494e-009  -0.000000e+000  3.563655e-009  5.886294e-009  8.286871e-009  9.162456e-009  9.678217e-009  1.036569e-008  
1.754126e-009  1.247689e-009  -0.000000e+000  2.475066e-009  4.559952e-009  7.414773e-009  9.249953e-009  1.049099e-008  1.190136e-008  
-0.000000e+000  -0.000000e+000  -0.000000e+000  2.544925e-009  4.927423e-009  7.873469e-009  1.014657e-008  1.184379e-008  1.387929e-008  
-0.000000e+000  -0.000000e+000  -0.000000e+000  3.545181e-009  7.005257e-009  1.035205e-008  1.323033e-008  1.556370e-008  1.861695e-008  
-0.000000e+000  -0.000000e+000  -0.000000e+000  6.841097e-009  1.354315e-008  1.888023e-008  2.351015e-008  2.730877e-008  3.238687e-008  
-0.000000e+000  -0.000000e+000  -0.000000e+000  1.347426e-008  2.667860e-008  3.592414e-008  4.387749e-008  5.036354e-008  5.896593e-008  
-0.000000e+000  -0.000000e+000  -0.000000e+000  2.636045e-008  5.219514e-008  6.805624e-008  8.153875e-008  9.242577e-008  1.066461e-007  
-0.000000e+000  -0.000000e+000  -0.000000e+000  5.140298e-008  1.017873e-007  1.280600e-007  1.500034e-007  1.674556e-007  1.897010e-007  
-0.000000e+000  -0.000000e+000  -0.000000e+000  1.000029e-007  1.980373e-007  2.390178e-007  2.722477e-007  2.979797e-007  3.293172e-007  
-0.000000e+000  -0.000000e+000  -0.000000e+000  1.941107e-007  3.844294e-007  4.417209e-007  4.854430e-007  5.173336e-007  5.519345e-007  
-0.000000e+000  -0.000000e+000  -0.000000e+000  3.758458e-007  7.444132e-007  8.062902e-007  8.451452e-007  8.670921e-007  8.762785e-007  
-0.000000e+000  -0.000000e+000  -0.000000e+000  7.256933e-007  1.437476e-006  1.448532e-006  1.422323e-006  1.376730e-006  1.266696e-006  
-0.000000e+000  -0.000000e+000  -0.000000e+000  1.396702e-006  2.766944e-006  2.547918e-006  2.273095e-006  1.990362e-006  1.495384e-006  
-0.000000e+000  -0.000000e+000  -0.000000e+000  2.678214e-006  5.306390e-006  4.352052e-006  3.326142e-006  2.350427e-006  7.715581e-007  
-0.000000e+000  -0.000000e+000  -0.000000e+000  5.113447e-006  1.013292e-005  7.118228e-006  4.045934e-006  1.215367e-006  -3.204611e-006  
-0.000000e+000  -0.000000e+000  -0.000000e+000  9.713645e-006  1.925227e-005  1.085226e-005  2.520011e-006  -5.026038e-006  -1.657276e-005  
-0.000000e+000  -0.000000e+000  -0.000000e+000  1.834174e-005  3.636086e-005  1.447711e-005  -6.879531e-006  -2.601490e-005  -5.491550e-005  
-0.000000e+000  -0.000000e+000  -0.000000e+000  3.384130e-005  6.710462e-005  1.354053e-005  -3.817694e-005  -8.418285e-005  -1.530474e-004  
-0.000000e+000  -0.000000e+000  -0.000000e+000  5.207422e-005  1.032836e-004  2.096554e-006  -9.500528e-005  -1.810229e-004  -3.091035e-004  
-0.000000e+000  -0.000000e+000  -0.000000e+000  6.450371e-005  1.279517e-004  -9.294200e-006  -1.406906e-004  -2.569007e-004  -4.295848e-004  
-0.000000e+000  -0.000000e+000  -0.000000e+000  7.991741e-005  1.585485e-004  -2.810467e-005  -2.064096e-004  -3.638673e-004  -5.973922e-004  
-0.000000e+000  -0.000000e+000  -0.000000e+000  9.851749e-005  1.954785e-004  -5.691190e-005  -2.975333e-004  -5.097280e-004  -8.238790e-004  
-0.000000e+000  -0.000000e+000  -0.000000e+000  1.206605e-004  2.394528e-004  -9.882101e-005  -4.207482e-004  -7.042928e-004  -1.123413e-003  
-0.000000e+000  -0.000000e+000  -0.000000e+000  1.475852e-004  2.929366e-004  -1.600061e-004  -5.903573e-004  -9.689676e-004  -1.527792e-003  
-0.000000e+000  -0.000000e+000  -0.000000e+000  1.985909e-004  3.942837e-004  -2.974931e-004  -9.534162e-004  -1.529649e-003  -2.378591e-003  
-0.000000e+000  -0.000000e+000  -0.000000e+000  3.013672e-004  5.986328e-004  -6.777749e-004  -1.884753e-003  -2.943077e-003  -4.498439e-003  
-0.000000e+000  -0.000000e+000  -0.000000e+000  4.115115e-004  8.178268e-004  -1.234542e-003  -3.171594e-003  -4.867807e-003  -7.356321e-003  
-0.000000e+000  -0.000000e+000  -0.000000e+000  4.950947e-004  9.842583e-004  -1.729976e-003  -4.289234e-003  -6.528761e-003  -9.811459e-003  
-0.000000e+000  -0.000000e+000  -0.000000e+000  5.935813e-004  1.180496e-003  -2.412925e-003  -5.798051e-003  -8.758344e-003  -1.309386e-002  
-0.000000e+000  -0.000000e+000  -0.000000e+000  7.087293e-004  1.410110e-003  -3.348423e-003  -7.827232e-003  -1.174154e-002  -1.746966e-002  
-0.000000e+000  -0.000000e+000  -0.000000e+000  8.421060e-004  1.676326e-003  -4.623726e-003  -1.054859e-002  -1.572369e-002  -2.329108e-002  
-0.000000e+000  -0.000000e+000  -0.000000e+000  9.948435e-004  1.981541e-003  -6.355599e-003  -1.419021e-002  -2.102964e-002  -3.102358e-002  
-0.000000e+000  -0.000000e+000  -0.000000e+000  1.264340e-003  2.520873e-003  -1.001978e-002  -2.179282e-002  -3.206313e-002  -4.705638e-002  
-0.000000e+000  -0.000000e+000  -0.000000e+000  1.712722e-003  3.422298e-003  -1.924068e-002  -4.048755e-002  -5.900438e-002  -8.600163e-002  
-0.000000e+000  -0.000000e+000  -0.000000e+000  2.056703e-003  4.121016e-003  -3.178148e-002  -6.540721e-002  -9.469129e-002  -1.373461e-001  
-0.000000e+000  -0.000000e+000  -0.000000e+000  2.250996e-003  4.520592e-003  -4.259822e-002  -8.670600e-002  -1.251041e-001  -1.810053e-001  
-0.000000e+000  -0.000000e+000  -0.000000e+000  2.389134e-003  4.813671e-003  -5.711211e-002  -1.150511e-001  -1.654710e-001  -2.388357e-001  
-0.000000e+000  -0.000000e+000  -0.000000e+000  2.425671e-003  4.912145e-003  -7.684463e-002  -1.532995e-001  -2.198071e-001  -3.165287e-001  
-0.000000e+000  -0.000000e+000  -0.000000e+000  2.279982e-003  4.658899e-003  -1.038533e-001  -2.052776e-001  -2.934715e-001  -4.216583e-001  
-0.000000e+000  -0.000000e+000  -0.000000e+000  1.841230e-003  3.836934e-003  -1.401696e-001  -2.747029e-001  -3.916397e-001  -5.614981e-001  
-0.000000e+000  -0.000000e+000  -0.000000e+000  2.986506e-004  8.903238e-004  -2.245212e-001  -4.349489e-001  -6.177374e-001  -8.829762e-001  
-0.000000e+000  -0.000000e+000  -0.000000e+000  -7.451759e-003  -1.413393e-002  -4.770225e-001  -9.085451e-001  -1.282879e+000  -1.824713e+000  
-0.000000e+000  -0.000000e+000  -0.000000e+000  -3.215362e-002  -6.226730e-002  -1.051569e+000  -1.971881e+000  -2.768209e+000  -3.914881e+000  
-0.000000e+000  -0.000000e+000  -0.000000e+000  -1.004581e-001  -1.954103e-001  -2.305221e+000  -4.259604e+000  -5.941105e+000  -8.332689e+000  
-0.000000e+000  -0.000000e+000  -0.000000e+000  -2.861787e-001  -5.553048e-001  -5.085789e+000  -9.238267e+000  -1.275971e+001  -1.761322e+001  
-0.000000e+000  -0.000000e+000  -0.000000e+000  -8.360483e-001  -1.598889e+000  -1.155493e+001  -2.041041e+001  -2.763406e+001  -3.679586e+001  
-0.000000e+000  -0.000000e+000  -0.000000e+000  -2.956964e+000  -5.419863e+000  -2.860744e+001  -4.743204e+001  -6.118198e+001  -7.484034e+001  
-0.000000e+000  -0.000000e+000  -0.000000e+000  -1.509238e+001  -2.562950e+001  -8.387210e+001  -1.191822e+002  -1.365938e+002  -1.385923e+002  
-0.000000e+000  -0.000000e+000  -0.000000e+000  -7.923300e+001  -1.262725e+002  -2.419296e+002  -2.630708e+002  -2.442696e+002  -1.869604e+002  
-0.000000e+000  -0.000000e+000  -0.000000e+000  -2.095076e+002  -3.328535e+002  -4.500977e+002  -3.966423e+002  -3.137576e+002  -2.018107e+002  
-0.000000e+000  -0.000000e+000  -0.000000e+000  -5.892095e+002  -1.020693e+003  -8.692821e+002  -5.686384e+002  -3.610111e+002  -1.900009e+002  
-0.000000e+000  -0.000000e+000  -0.000000e+000  -1.313751e+003  -3.336995e+003  -1.395260e+003  -6.225838e+002  -3.181207e+002  -1.437989e+002  
-0.000000e+000  -0.000000e+000  -0.000000e+000  -6.292064e+002  -0.000000e+000  -6.476576e+002  -3.570168e+002  -1.873638e+002  -8.032579e+001  
-0.000000e+000  -0.000000e+000  -0.000000e+000  -0.000000e+000  -0.000000e+000  -0.000000e+000  1.703917e-009  2.645884e-009  4.172448e-009  
-0.000000e+000  -0.000000e+000  -0.000000e+000  6.292064e+002  -0.000000e+000  6.476576e+002  3.570168e+002  1.873638e+002  8.032579e+001  
-0.000000e+000  -0.000000e+000  -0.000000e+000  1.313751e+003  3.336995e+003  1.395260e+003  6.225838e+002  3.181207e+002  1.437989e+002  
-0.000000e+000  -0.000000e+000  -0.000000e+000  5.892095e+002  1.020693e+003  8.692821e+002  5.686384e+002  3.610111e+002  1.900009e+002  
-0.000000e+000  -0.000000e+000  -0.000000e+000  2.095076e+002  3.328535e+002  4.500977e+002  3.966423e+002  3.137576e+002  2.018107e+002  
-0.000000e+000  -0.000000e+000  -0.000000e+000  7.923300e+001  1.262725e+002  2.419296e+002  2.630708e+002  2.442696e+002  1.869604e+002  
-0.000000e+000  -0.000000e+000  -0.000000e+000  1.509238e+001  2.562950e+001  8.387210e+001  1.191822e+002  1.365938e+002  1.385923e+002  
-0.000000e+000  -0.000000e+000  -0.000000e+000  2.956964e+000  5.419863e+000  2.860744e+001  4.743204e+001  6.118198e+001  7.484034e+001  
-0.000000e+000  -0.000000e+000  -0.000000e+000  8.360482e-001  1.598889e+000  1.155493e+001  2.041041e+001  2.763406e+001  3.679586e+001  
-0.000000e+000  -0.000000e+000  -0.000000e+000  2.861787e-001  5.553047e-001  5.085789e+000  9.238267e+000  1.275971e+001  1.761322e+001  
-0.000000e+000  -0.000000e+000  -0.000000e+000  1.004581e-001  1.954103e-001  2.305221e+000  4.259604e+000  5.941105e+000  8.332689e+000  
-0.000000e+000  -0.000000e+000  -0.000000e+000  3.215361e-002  6.226727e-002  1.051569e+000  1.971882e+000  2.768210e+000  3.914882e+000  
-0.000000e+000  -0.000000e+000  -0.000000e+000  7.451748e-003  1.413391e-002  4.770232e-001  9.085466e-001  1.282881e+000  1.824716e+000  
-0.000000e+000  -0.000000e+000  -0.000000e+000  -2.986432e-004  -8.903111e-004  2.245228e-001  4.349519e-001  6.177417e-001  8.829824e-001  
-0.000000e+000  -0.000000e+000  -0.000000e+000  -1.841183e-003  -3.836844e-003  1.401723e-001  2.747081e-001  3.916470e-001  5.615086e-001  
-0.000000e+000  -0.000000e+000  -0.000000e+000  -2.279900e-003  -4.658741e-003  1.038569e-001  2.052845e-001  2.934812e-001  4.216721e-001  
-0.000000e+000  -0.000000e+000  -0.000000e+000  -2.425536e-003  -4.911883e-003  7.684948e-002  1.533086e-001  2.198199e-001  3.165469e-001  
-0.000000e+000  -0.000000e+000  -0.000000e+000  -2.388849e-003  -4.813060e-003  5.707880e-002  1.149861e-001  1.653785e-001  2.387032e-001  
-0.000000e+000  -0.000000e+000  -0.000000e+000  -2.249758e-003  -4.518040e-003  4.252442e-002  8.656084e-002  1.248969e-001  1.807080e-001  
-0.000000e+000  -0.000000e+000  -0.000000e+000  -2.054264e-003  -4.116062e-003  3.169132e-002  6.522811e-002  9.443483e-002  1.369771e-001  
-0.000000e+000  -0.000000e+000  -0.000000e+000  -1.704219e-003  -3.405112e-003  1.899654e-002  3.999899e-002  5.830315e-002  8.499104e-002  
-0.000000e+000  -0.000000e+000  -0.000000e+000  -1.260576e-003  -2.513344e-003  9.971855e-003  2.169294e-002  3.191798e-002  4.684525e-002  
-0.000000e+000  -0.000000e+000  -0.000000e+000  -9.964887e-004  -1.984828e-003  6.374208e-003  1.422935e-002  2.108667e-002  3.110669e-002  
-0.000000e+000  -0.000000e+000  -0.000000e+000  -8.429554e-004  -1.678021e-003  4.631353e-003  1.056496e-002  1.574769e-002  2.332621e-002  
-0.000000e+000  -0.000000e+000  -0.000000e+000  -7.089506e-004  -1.410551e-003  3.349524e-003  7.829783e-003  1.174536e-002  1.747533e-002  
-0.000000e+000  -0.000000e+000  -0.000000e+000  -5.935650e-004  -1.180462e-003  2.412315e-003  5.796841e-003  8.756611e-003  1.309137e-002  
-0.000000e+000  -0.000000e+000  -0.000000e+000  -4.950781e-004  -9.842248e-004  1.729521e-003  4.288320e-003  6.527450e-003  9.809568e-003  
-0.000000e+000  -0.000000e+000  -0.000000e+000  -4.114955e-004  -8.177947e-004  1.234201e-003  3.170904e-003  4.866813e-003  7.354885e-003  
-0.000000e+000  -0.000000e+000  -0.000000e+000  -3.013532e-004  -5.986046e-004  6.775671e-004  1.884324e-003  2.942456e-003  4.497538e-003  
-0.000000e+000  -0.000000e+000  -0.000000e+000  -1.985801e-004  -3.942621e-004  2.973839e-004  9.531842e-004  1.529310e-003  2.378096e-003  
-0.000000e+000  -0.000000e+000  -0.000000e+000  -1.475765e-004  -2.929193e-004  1.599362e-004  5.902056e-004  9.687445e-004  1.527465e-003  
-0.000000e+000  -0.000000e+000  -0.000000e+000  -1.206531e-004  -2.394380e-004  9.876983e-005  4.206350e-004  7.041255e-004  1.123167e-003  
-0.000000e+000  -0.000000e+000  -0.000000e+000  -9.851118e-005  -1.954659e-004  5.687452e-005  2.974490e-004  5.096027e-004  8.236937e-004  
-0.000000e+000  -0.000000e+000  -0.000000e+000  -7.991210e-005  -1.585380e-004  2.807770e-005  2.063474e-004  3.637741e-004  5.972539e-004  
-0.000000e+000  -0.000000e+000  -0.000000e+000  -6.449929e-005  -1.279429e-004  9.274916e-006  1.406449e-004  2.568318e-004  4.294821e-004  
-0.000000e+000  -0.000000e+000  -0.000000e+000  -5.207055e-005  -1.032763e-004  -2.110342e-006  9.497162e-005  1.809719e-004  3.090270e-004  
-0.000000e+000  -0.000000e+000  -0.000000e+000  -3.383879e-005  -6.709962e-005  -1.354723e-005  3.815919e-005  8.415543e-005  1.530058e-004  
-0.000000e+000  -0.000000e+000  -0.000000e+000  -1.834030e-005  -3.635801e-005  -1.447942e-005  6.872331e-006  2.600341e-005  5.489768e-005  
-0.000000e+000  -0.000000e+000  -0.000000e+000  -9.712850e-006  -1.925069e-005  -1.085289e-005  -2.522743e-006  5.021455e-006  1.656544e-005  
-0.000000e+000  -0.000000e+000  -0.000000e+000  -5.113013e-006  -1.013206e-005  -7.118299e-006  -4.046895e-006  -1.217115e-006  3.201693e-006  
-0.000000e+000  -0.000000e+000  -0.000000e+000  -2.677981e-006  -5.305927e-006  -4.351973e-006  -3.326433e-006  -2.351047e-006  -7.726710e-007  
-0.000000e+000  -0.000000e+000  -0.000000e+000  -1.396577e-006  -2.766697e-006  -2.547824e-006  -2.273152e-006  -1.990553e-006  -1.495778e-006  
-0.000000e+000  -0.000000e+000  -0.000000e+000  -7.256270e-007  -1.437344e-006  -1.448460e-006  -1.422309e-006  -1.376769e-006  -1.266817e-006  
-0.000000e+000  -0.000000e+000  -0.000000e+000  -3.758106e-007  -7.443438e-007  -8.062420e-007  -8.451186e-007  -8.670853e-007  -8.763028e-007  
-0.000000e+000  -0.000000e+000  -0.000000e+000  -1.940920e-007  -3.843926e-007  -4.416907e-007  -4.854202e-007  -5.173176e-007  -5.519296e-007  
-0.000000e+000  -0.000000e+000  -0.000000e+000  -9.999320e-008  -1.980180e-007  -2.389999e-007  -2.722319e-007  -2.979661e-007  -3.293068e-007  
-0.000000e+000  -0.000000e+000  -0.000000e+000  -5.139825e-008  -1.017779e-007  -1.280504e-007  -1.499940e-007  -1.674466e-007  -1.896928e-007  
-0.000000e+000  -0.000000e+000  -0.000000e+000  -2.635830e-008  -5.219120e-008  -6.805194e-008  -8.153407e-008  -9.242083e-008  -1.066414e-007  
-0.000000e+000  -0.000000e+000  -0.000000e+000  -1.347393e-008  -2.667753e-008  -3.592292e-008  -4.387583e-008  -5.036157e-008  -5.896450e-008  
-0.000000e+000  -0.000000e+000  -0.000000e+000  -6.841449e-009  -1.354366e-008  -1.888094e-008  -2.351085e-008  -2.730956e-008  -3.238774e-008  
-0.000000e+000  -0.000000e+000  -0.000000e+000  -3.545867e-009  -7.006413e-009  -1.035332e-008  -1.323169e-008  -1.556520e-008  -1.861946e-008  
-0.000000e+000  -0.000000e+000  -0.000000e+000  -2.545371e-009  -4.928313e-009  -7.873700e-009  -1.014714e-008  -1.184446e-008  -1.388016e-008  
-1.752608e-009  -1.246453e-009  -0.000000e+000  -2.474236e-009  -4.559661e-009  -7.413925e-009  -9.249361e-009  -1.049103e-008  -1.190200e-008  
-5.076533e-009  -4.380465e-009  -0.000000e+000  -3.561212e-009  -5.882591e-009  -8.284016e-009  -9.160524e-009  -9.677651e-009  -1.036618e-008  
-1.131310e-008  -1.297568e-008  -1.427685e-008  -1.641719e-008  -1.593488e-008  -1.108241e-008  -9.577042e-009  -9.096614e-009  -9.096166e-009  
-1.084602e-008  -1.117571e-008  -1.159928e-008  -1.191528e-008  -1.160382e-008  -9.954057e-009  -8.836764e-009  -8.225975e-009  -7.902728e-009  
-9.124743e-009  -9.190588e-009  -9.269978e-009  -9.249655e-009  -9.018971e-009  -8.259081e-009  -7.553446e-009  -7.063074e-009  -6.680811e-009  
-4.278686e-009  -4.269408e-009  -4.242838e-009  -4.195469e-009  -4.124306e-009  -3.973650e-009  -3.811619e-009  -3.669562e-009  -3.486558e-009  
-0.000000e+000  -0.000000e+000  -0.000000e+000  -0.000000e+000  -0.000000e+000  -0.000000e+000  -0.000000e+000  -0.000000e+000  -0.000000e+000  

0.000000e+000  0.000000e+000  0.000000e+000  0.000000e+000  0.000000e+000  0.000000e+000  0.000000e+000  0.000000e+000  0.000000e+000  
0.000000e+000  0.000000e+000  0.000000e+000  0.000000e+000  0.000000e+000  0.000000e+000  0.000000e+000  0.000000e+000  0.000000e+000  
0.000000e+000  0.000000e+000  0.000000e+000  0.000000e+000  0.000000e+000  0.000000e+000  0.000000e+000  0.000000e+000  0.000000e+000  
0.000000e+000  0.000000e+000  0.000000e+000  0.000000e+000  0.000000e+000  0.000000e+000  0.000000e+000  0.000000e+000  0.000000e+000  
0.000000e+000  0.000000e+000  0.000000e+000  0.000000e+000  0.000000e+000  0.000000e+000  0.000000e+000  0.000000e+000  0.000000e+000  
0.000000e+000  0.000000e+000  0.000000e+000  0.000000e+000  0.000000e+000  0.000000e+000  0.000000e+000  0.000000e+000  0.000000e+000  
0.000000e+000  0.000000e+000  0.000000e+000  0.000000e+000  0.000000e+000  0.000000e+000  0.000000e+000  0.000000e+000  0.000000e+000  
0.000000e+000  0.000000e+000  0.000000e+000  0.000000e+000  0.000000e+000  0.000000e+000  0.000000e+000  0.000000e+000  0.000000e+000  
0.000000e+000  0.000000e+000  0.000000e+000  0.000000e+000  0.000000e+000  0.000000e+000  0.000000e+000  0.000000e+000  0.000000e+000  
0.000000e+000  0.000000e+000  0.000000e+000  0.000000e+000  0.000000e+000  0.000000e+000  0.000000e+000  0.000000e+000  0.000000e+000  
0.000000e+000  0.000000e+000  0.000000e+000  0.000000e+000  0.000000e+000  0.000000e+000  0.000000e+000  0.000000e+000  0.000000e+000  
0.000000e+000  0.000000e+000  0.000000e+000  0.000000e+000  0.000000e+000  0.000000e+000  0.000000e+000  0.000000e+000  0.000000e+000  
0.000000e+000  0.000000e+000  0.000000e+000  0.000000e+000  0.000000e+000  0.000000e+000  0.000000e+000  0.000000e+000  0.000000e+000  
0.000000e+000  0.000000e+000  0.000000e+000  0.000000e+000  0.000000e+000  0.000000e+000  0.000000e+000  0.000000e+000  0.000000e+000  
0.000000e+000  0.000000e+000  0.000000e+000  0.000000e+000  0.000000e+000  0.000000e+000  0.000000e+000  0.000000e+000  0.000000e+000  
0.000000e+000  0.000000e+000  0.000000e+000  0.000000e+000  0.000000e+000  0.000000e+000  0.000000e+000  0.000000e+000  0.000000e+000  
0.000000e+000  0.000000e+000  0.000000e+000  0.000000e+000  0.000000e+000  0.000000e+000  0.000000e+000  0.000000e+000  0.000000e+000  
0.000000e+000  0.000000e+000  0.000000e+000  0.000000e+000  0.000000e+000  0.000000e+000  0.000000e+000  0.000000e+000  0.000000e+000  
0.000000e+000  0.000000e+000  0.000000e+000  0.000000e+000  0.000000e+000  0.000000e+000  0.000000e+000  0.000000e+000  0.000000e+000  
0.000000e+000  0.000000e+000  0.000000e+000  0.000000e+000  0.000000e+000  0.000000e+000  0.000000e+000  0.000000e+000  0.000000e+000  
0.000000e+000  0.000000e+000  0.000000e+000  0.000000e+000  0.000000e+000  0.000000e+000  0.000000e+000  0.000000e+000  0.000000e+000  
0.000000e+000  0.000000e+000  0.000000e+000  0.000000e+000  0.000000e+000  0.000000e+000  0.000000e+000  0.000000e+000  0.000000e+000  
0.000000e+000  0.000000e+000  0.000000e+000  0.000000e+000  0.000000e+000  0.000000e+000  0.000000e+000  0.000000e+000  0.000000e+000  
0.000000e+000  0.000000e+000  0.000000e+000  0.000000e+000  0.000000e+000  0.000000e+000  0.000000e+000  0.000000e+000  0.000000e+000  
0.000000e+000  0.000000e+000  0.000000e+000  0.000000e+000  0.000000e+000  0.000000e+000  0.000000e+000  0.000000e+000  0.000000e+000  
0.000000e+000  0.000000e+000  0.000000e+000  0.000000e+000  0.000000e+000  0.000000e+000  0.000000e+000  0.000000e+000  0.000000e+000  
0.000000e+000  0.000000e+000  0.000000e+000  0.000000e+000  0.000000e+000  0.000000e+000  0.000000e+000  0.000000e+000  0.000000e+000  
0.000000e+000  0.000000e+000  0.000000e+000  0.000000e+000  0.000000e+000  0.000000e+000  0.000000e+000  0.000000e+000  0.000000e+000  
0.000000e+000  0.000000e+000  0.000000e+000  0.000000e+000  0.000000e+000  0.000000e+000  0.000000e+000  0.000000e+000  0.000000e+000  
0.000000e+000  0.000000e+000  0.000000e+000  0.000000e+000  0.000000e+000  0.000000e+000  0.000000e+000  0.000000e+000  0.000000e+000  
0.000000e+000  0.000000e+000  0.000000e+000  0.000000e+000  0.000000e+000  0.000000e+000  0.000000e+000  0.000000e+000  0.000000e+000  
0.000000e+000  0.000000e+000  0.000000e+000  0.000000e+000  0.000000e+000  0.000000e+000  0.000000e+000  0.000000e+000  0.000000e+000  
0.000000e+000  0.000000e+000  0.000000e+000  0.000000e+000  0.000000e+000  0.000000e+000  0.000000e+000  0.000000e+000  0.000000e+000  
0.000000e+000  0.000000e+000  0.000000e+000  0.000000e+000  0.000000e+000  0.000000e+000  0.000000e+000  0.000000e+000  0.000000e+000  
0.000000e+000  0.000000e+000  0.000000e+000  0.000000e+000  0.000000e+000  0.000000e+000  0.000000e+000  0.000000e+000  0.000000e+000  
0.000000e+000  0.000000e+000  0.000000e+000  0.000000e+000  0.000000e+000  0.000000e+000  0.000000e+000  0.000000e+000  0.000000e+000  
0.000000e+000  0.000000e+000  0.000000e+000  0.000000e+000  0.000000e+000  0.000000e+000  0.000000e+000  0.000000e+000  0.000000e+000  
0.000000e+000  0.000000e+000  0.000000e+000  0.000000e+000  0.000000e+000  0.000000e+000  0.000000e+000  0.000000e+000  0.000000e+000  
0.000000e+000  0.000000e+000  0.000000e+000  0.000000e+000  0.000000e+000  0.000000e+000  0.000000e+000  0.000000e+000  0.000000e+000  
0.000000e+000  0.000000e+000  0.000000e+000  0.000000e+000  0.000000e+000  0.000000e+000  0.000000e+000  0.000000e+000  0.000000e+000  
0.000000e+000  0.000000e+000  0.000000e+000  0.000000e+000  0.000000e+000  0.000000e+000  0.000000e+000  0.000000e+000  0.000000e+000  
0.000000e+000  0.000000e+000  0.000000e+000  0.000000e+000  0.000000e+000  0.000000e+000  0.000000e+000  0.000000e+000  0.000000e+000  
0.000000e+000  0.000000e+000  0.000000e+000  0.000000e+000  0.000000e+000  0.000000e+000  0.000000e+000  0.000000e+000  0.000000e+000  
0.000000e+000  0.000000e+000  0.000000e+000  0.000000e+000  0.000000e+000  0.000000e+000  0.000000e+000  0.000000e+000  0.000000e+000  
0.000000e+000  0.000000e+000  0.000000e+000  0.000000e+000  0.000000e+000  0.000000e+000  0.000000e+000  0.000000e+000  0.000000e+000  
0.000000e+000  0.000000e+000  0.000000e+000  0.000000e+000  0.000000e+000  0.000000e+000  0.000000e+000  0.000000e+000  0.000000e+000  
0.000000e+000  0.000000e+000  0.000000e+000  0.000000e+000  0.000000e+000  0.000000e+000  0.000000e+000  0.000000e+000  0.000000e+000  
0.000000e+000  0.000000e+000  0.000000e+000  0.000000e+000  0.000000e+000  0.000000e+000  0.000000e+000  0.000000e+000  0.000000e+000  
0.000000e+000  0.000000e+000  0.000000e+000  0.000000e+000  0.000000e+000  0.000000e+000  0.000000e+000  0.000000e+000  0.000000e+000  
0.000000e+000  0.000000e+000  0.000000e+000  0.000000e+000  0.000000e+000  0.000000e+000  0.000000e+000  0.000000e+000  0.000000e+000  
0.000000e+000  0.000000e+000  0.000000e+000  0.000000e+000  0.000000e+000  0.000000e+000  0.000000e+000  0.000000e+000  0.000000e+000  
0.000000e+000  0.000000e+000  0.000000e+000  0.000000e+000  0.000000e+000  0.000000e+000  0.000000e+000  0.000000e+000  0.000000e+000  
0.000000e+000  0.000000e+000  0.000000e+000  0.000000e+000  0.000000e+000  0.000000e+000  0.000000e+000  0.000000e+000  0.000000e+000  
0.000000e+000  0.000000e+000  0.000000e+000  0.000000e+000  0.000000e+000  0.000000e+000  0.000000e+000  0.000000e+000  0.000000e+000  
0.000000e+000  0.000000e+000  0.000000e+000  0.000000e+000  0.000000e+000  0.000000e+000  0.000000e+000  0.000000e+000  0.000000e+000  
0.000000e+000  0.000000e+000  0.000000e+000  0.000000e+000  0.000000e+000  0.000000e+000  0.000000e+000  0.000000e+000  0.000000e+000  
0.000000e+000  0.000000e+000  0.000000e+000  0.000000e+000  0.000000e+000  0.000000e+000  0.000000e+000  0.000000e+000  0.000000e+000  
0.000000e+000  0.000000e+000  0.000000e+000  0.000000e+000  0.000000e+000  0.000000e+000  0.000000e+000  0.000000e+000  0.000000e+000  
0.000000e+000  0.000000e+000  0.000000e+000  0.000000e+000  0.000000e+000  0.000000e+000  0.000000e+000  0.000000e+000  0.000000e+000  
0.000000e+000  0.000000e+000  0.000000e+000  0.000000e+000  0.000000e+000  0.000000e+000  0.000000e+000  0.000000e+000  0.000000e+000  
0.000000e+000  0.000000e+000  0.000000e+000  0.000000e+000  0.000000e+000  0.000000e+000  0.000000e+000  0.000000e+000  0.000000e+000  
0.000000e+000  0.000000e+000  0.000000e+000  0.000000e+000  0.000000e+000  0.000000e+000  0.000000e+000  0.000000e+000  0.000000e+000  
0.000000e+000  0.000000e+000  0.000000e+000  0.000000e+000  0.000000e+000  0.000000e+000  0.000000e+000  0.000000e+000  0.000000e+000  
0.000000e+000  0.000000e+000  0.000000e+000  0.000000e+000  0.000000e+000  0.000000e+000  0.000000e+000  0.000000e+000  0.000000e+000  
0.000000e+000  0.000000e+000  0.000000e+000  0.000000e+000  0.000000e+000  0.000000e+000  0.000000e+000  0.000000e+000  0.000000e+000  
0.000000e+000  0.000000e+000  0.000000e+000  0.000000e+000  0.000000e+000  0.000000e+000  0.000000e+000  0.000000e+000  0.000000e+000  
0.000000e+000  0.000000e+000  0.000000e+000  0.000000e+000  0.000000e+000  0.000000e+000  0.000000e+000  0.000000e+000  0.000000e+000  
0.000000e+000  0.000000e+000  0.000000e+000  0.000000e+000  0.000000e+000  0.000000e+000  0.000000e+000  0.000000e+000  0.000000e+000  
0.000000e+000  0.000000e+000  0.000000e+000  0.000000e+000  0.000000e+000  0.000000e+000  0.000000e+000  0.000000e+000  0.000000e+000  
0.000000e+000  0.000000e+000  0.000000e+000  0.000000e+000  0.000000e+000  0.000000e+000  0.000000e+000  0.000000e+000  0.000000e+000  
0.000000e+000  0.000000e+000  0.000000e+000  0.000000e+000  0.000000e+000  0.000000e+000  0.000000e+000  0.000000e+000  0.000000e+000  
0.000000e+000  0.000000e+000  0.000000e+000  0.000000e+000  0.000000e+000  0.000000e+000  0.000000e+000  0.000000e+000  0.000000e+000  
0.000000e+000  0.000000e+000  0.000000e+000  0.000000e+000  0.000000e+000  0.000000e+000  0.000000e+000  0.000000e+000  0.000000e+000  
0.000000e+000  0.000000e+000  0.000000e+000  0.000000e+000  0.000000e+000  0.000000e+000  0.000000e+000  0.000000e+000  0.000000e+000  
0.000000e+000  0.000000e+000  0.000000e+000  0.000000e+000  0.000000e+000  0.000000e+000  0.000000e+000  0.000000e+000  0.000000e+000  
0.000000e+000  0.000000e+000  0.000000e+000  0.000000e+000  0.000000e+000  0.000000e+000  0.000000e+000  0.000000e+000  0.000000e+000  
0.000000e+000  0.000000e+000  0.000000e+000  0.000000e+000  0.000000e+000  0.000000e+000  0.000000e+000  0.000000e+000  0.000000e+000  
0.000000e+000  0.000000e+000  0.000000e+000  0.000000e+000  0.000000e+000  0.000000e+000  0.000000e+000  0.000000e+000  0.000000e+000  
0.000000e+000  0.000000e+000  0.000000e+000  0.000000e+000  0.000000e+000  0.000000e+000  0.000000e+000  0.000000e+000  0.000000e+000  
0.000000e+000  0.000000e+000  0.000000e+000  0.000000e+000  0.000000e+000  0.000000e+000  0.000000e+000  0.000000e+000  0.000000e+000  
0.000000e+000  0.000000e+000  0.000000e+000  0.000000e+000  0.000000e+000  0.000000e+000  0.000000e+000  0.000000e+000  0.000000e+000  
0.000000e+000  0.000000e+000  0.000000e+000  0.000000e+000  0.000000e+000  0.000000e+000  0.000000e+000  0.000000e+000  0.000000e+000  
0.000000e+000  0.000000e+000  0.000000e+000  0.000000e+000  0.000000e+000  0.000000e+000  0.000000e+000  0.000000e+000  0.000000e+000  
0.000000e+000  0.000000e+000  0.000000e+000  0.000000e+000  0.000000e+000  0.000000e+000  0.000000e+000  0.000000e+000  0.000000e+000  
0.000000e+000  0.000000e+000  0.000000e+000  0.000000e+000  0.000000e+000  0.000000e+000  0.000000e+000  0.000000e+000  0.000000e+000  
0.000000e+000  0.000000e+000  0.000000e+000  0.000000e+000  0.000000e+000  0.000000e+000  0.000000e+000  0.000000e+000  0.000000e+000  
0.000000e+000  0.000000e+000  0.000000e+000  0.000000e+000  0.000000e+000  0.000000e+000  0.000000e+000  0.000000e+000  0.000000e+000  
0.000000e+000  0.000000e+000  0.000000e+000  0.000000e+000  0.000000e+000  0.000000e+000  0.000000e+000  0.000000e+000  0.000000e+000  
0.000000e+000  0.000000e+000  0.000000e+000  0.000000e+000  0.000000e+000  0.000000e+000  0.000000e+000  0.000000e+000  0.000000e+000  
0.000000e+000  0.000000e+000  0.000000e+000  0.000000e+000  0.000000e+000  0.000000e+000  0.000000e+000  0.000000e+000  0.000000e+000  
0.000000e+000  0.000000e+000  0.000000e+000  0.000000e+000  0.000000e+000  0.000000e+000  0.000000e+000  0.000000e+000  0.000000e+000  
0.000000e+000  0.000000e+000  0.000000e+000  0.000000e+000  0.000000e+000  0.000000e+000  0.000000e+000  0.000000e+000  0.000000e+000  
0.000000e+000  0.000000e+000  0.000000e+000  0.000000e+000  0.000000e+000  0.000000e+000  0.000000e+000  0.000000e+000  0.000000e+000  
0.000000e+000  0.000000e+000  0.000000e+000  0.000000e+000  0.000000e+000  0.000000e+000  0.000000e+000  0.000000e+000  0.000000e+000  
0.000000e+000  0.000000e+000  0.000000e+000  0.000000e+000  0.000000e+000  0.000000e+000  0.000000e+000  0.000000e+000  0.000000e+000  
0.000000e+000  0.000000e+000  0.000000e+000  0.000000e+000  0.000000e+000  0.000000e+000  0.000000e+000  0.000000e+000  0.000000e+000  
0.000000e+000  0.000000e+000  0.000000e+000  0.000000e+000  0.000000e+000  0.000000e+000  0.000000e+000  0.000000e+000  0.000000e+000  
0.000000e+000  0.000000e+000  0.000000e+000  0.000000e+000  0.000000e+000  0.000000e+000  0.000000e+000  0.000000e+000  0.000000e+000  
0.000000e+000  0.000000e+000  0.000000e+000  0.000000e+000  0.000000e+000  0.000000e+000  0.000000e+000  0.000000e+000  0.000000e+000  
0.000000e+000  0.000000e+000  0.000000e+000  0.000000e+000  0.000000e+000  0.000000e+000  0.000000e+000  0.000000e+000  0.000000e+000  
0.000000e+000  0.000000e+000  0.000000e+000  0.000000e+000  0.000000e+000  0.000000e+000  0.000000e+000  0.000000e+000  0.000000e+000  
0.000000e+000  0.000000e+000  0.000000e+000  0.000000e+000  0.000000e+000  0.000000e+000  0.000000e+000  0.000000e+000  0.000000e+000  
0.000000e+000  0.000000e+000  0.000000e+000  0.000000e+000  0.000000e+000  0.000000e+000  0.000000e+000  0.000000e+000  0.000000e+000  
0.000000e+000  0.000000e+000  0.000000e+000  0.000000e+000  0.000000e+000  0.000000e+000  0.000000e+000  0.000000e+000  0.000000e+000  
0.000000e+000  0.000000e+000  0.000000e+000  0.000000e+000  0.000000e+000  0.000000e+000  0.000000e+000  0.000000e+000  0.000000e+000  
0.000000e+000  0.000000e+000  0.000000e+000  0.000000e+000  0.000000e+000  0.000000e+000  0.000000e+000  0.000000e+000  0.000000e+000  
0.000000e+000  0.000000e+000  0.000000e+000  0.000000e+000  0.000000e+000  0.000000e+000  0.000000e+000  0.000000e+000  0.000000e+000  
0.000000e+000  0.000000e+000  0.000000e+000  0.000000e+000  0.000000e+000  0.000000e+000  0.000000e+000  0.000000e+000  0.000000e+000  
0.000000e+000  0.000000e+000  0.000000e+000  0.000000e+000  0.000000e+000  0.000000e+000  0.000000e+000  0.000000e+000  0.000000e+000  
0.000000e+000  0.000000e+000  0.000000e+000  0.000000e+000  0.000000e+000  0.000000e+000  0.000000e+000  0.000000e+000  0.000000e+000  
0.000000e+000  0.000000e+000  0.000000e+000  0.000000e+000  0.000000e+000  0.000000e+000  0.000000e+000  0.000000e+000  0.000000e+000  
0.000000e+000  0.000000e+000  0.000000e+000  0.000000e+000  0.000000e+000  0.000000e+000  0.000000e+000  0.000000e+000  0.000000e+000  
0.000000e+000  0.000000e+000  0.000000e+000  0.000000e+000  0.000000e+000  0.000000e+000  0.000000e+000  0.000000e+000  0.000000e+000  
0.000000e+000  0.000000e+000  0.000000e+000  0.000000e+000  0.000000e+000  0.000000e+000  0.000000e+000  0.000000e+000  0.000000e+000  
0.000000e+000  0.000000e+000  0.000000e+000  0.000000e+000  0.000000e+000  0.000000e+000  0.000000e+000  0.000000e+000  0.000000e+000  
0.000000e+000  0.000000e+000  0.000000e+000  0.000000e+000  0.000000e+000  0.000000e+000  0.000000e+000  0.000000e+000  0.000000e+000  

0.000000e+000  0.000000e+000  0.000000e+000  0.000000e+000  0.000000e+000  0.000000e+000  0.000000e+000  0.000000e+000  0.000000e+000  
0.000000e+000  0.000000e+000  0.000000e+000  0.000000e+000  0.000000e+000  0.000000e+000  0.000000e+000  0.000000e+000  0.000000e+000  
0.000000e+000  0.000000e+000  0.000000e+000  0.000000e+000  0.000000e+000  0.000000e+000  0.000000e+000  0.000000e+000  0.000000e+000  
0.000000e+000  0.000000e+000  0.000000e+000  0.000000e+000  0.000000e+000  0.000000e+000  0.000000e+000  0.000000e+000  0.000000e+000  
0.000000e+000  0.000000e+000  0.000000e+000  0.000000e+000  0.000000e+000  0.000000e+000  0.000000e+000  0.000000e+000  0.000000e+000  
0.000000e+000  0.000000e+000  0.000000e+000  0.000000e+000  0.000000e+000  0.000000e+000  0.000000e+000  0.000000e+000  0.000000e+000  
0.000000e+000  0.000000e+000  0.000000e+000  0.000000e+000  0.000000e+000  0.000000e+000  0.000000e+000  0.000000e+000  0.000000e+000  
0.000000e+000  0.000000e+000  0.000000e+000  0.000000e+000  0.000000e+000  0.000000e+000  0.000000e+000  0.000000e+000  0.000000e+000  
0.000000e+000  0.000000e+000  0.000000e+000  0.000000e+000  0.000000e+000  0.000000e+000  0.000000e+000  0.000000e+000  0.000000e+000  
0.000000e+000  0.000000e+000  0.000000e+000  0.000000e+000  0.000000e+000  0.000000e+000  0.000000e+000  0.000000e+000  0.000000e+000  
0.000000e+000  0.000000e+000  0.000000e+000  0.000000e+000  0.000000e+000  0.000000e+000  0.000000e+000  0.000000e+000  0.000000e+000  
0.000000e+000  0.000000e+000  0.000000e+000  0.000000e+000  0.000000e+000  0.000000e+000  0.000000e+000  0.000000e+000  0.000000e+000  
0.000000e+000  0.000000e+000  0.000000e+000  0.000000e+000  0.000000e+000  0.000000e+000  0.000000e+000  0.000000e+000  0.000000e+000  
0.000000e+000  0.000000e+000  0.000000e+000  0.000000e+000  0.000000e+000  0.000000e+000  0.000000e+000  0.000000e+000  0.000000e+000  
0.000000e+000  0.000000e+000  0.000000e+000  0.000000e+000  0.000000e+000  0.000000e+000  0.000000e+000  0.000000e+000  0.000000e+000  
0.000000e+000  0.000000e+000  0.000000e+000  0.000000e+000  0.000000e+000  0.000000e+000  0.000000e+000  0.000000e+000  0.000000e+000  
0.000000e+000  0.000000e+000  0.000000e+000  0.000000e+000  0.000000e+000  0.000000e+000  0.000000e+000  0.000000e+000  0.000000e+000  
0.000000e+000  0.000000e+000  0.000000e+000  0.000000e+000  0.000000e+000  0.000000e+000  0.000000e+000  0.000000e+000  0.000000e+000  
0.000000e+000  0.000000e+000  0.000000e+000  0.000000e+000  0.000000e+000  0.000000e+000  0.000000e+000  0.000000e+000  0.000000e+000  
0.000000e+000  0.000000e+000  0.000000e+000  0.000000e+000  0.000000e+000  0.000000e+000  0.000000e+000  0.000000e+000  0.000000e+000  
0.000000e+000  0.000000e+000  0.000000e+000  0.000000e+000  0.000000e+000  0.000000e+000  0.000000e+000  0.000000e+000  0.000000e+000  
0.000000e+000  0.000000e+000  0.000000e+000  0.000000e+000  0.000000e+000  0.000000e+000  0.000000e+000  0.000000e+000  0.000000e+000  
0.000000e+000  0.000000e+000  0.000000e+000  0.000000e+000  0.000000e+000  0.000000e+000  0.000000e+000  0.000000e+000  0.000000e+000  
0.000000e+000  0.000000e+000  0.000000e+000  0.000000e+000  0.000000e+000  0.000000e+000  0.000000e+000  0.000000e+000  0.000000e+000  
0.000000e+000  0.000000e+000  0.000000e+000  0.000000e+000  0.000000e+000  0.000000e+000  0.000000e+000  0.000000e+000  0.000000e+000  
0.000000e+000  0.000000e+000  0.000000e+000  0.000000e+000  0.000000e+000  0.000000e+000  0.000000e+000  0.000000e+000  0.000000e+000  
0.000000e+000  0.000000e+000  0.000000e+000  0.000000e+000  0.000000e+000  0.000000e+000  0.000000e+000  0.000000e+000  0.000000e+000  
0.000000e+000  0.000000e+000  0.000000e+000  0.000000e+000  0.000000e+000  0.000000e+000  0.000000e+000  0.000000e+000  0.000000e+000  
0.000000e+000  0.000000e+000  0.000000e+000  0.000000e+000  0.000000e+000  0.000000e+000  0.000000e+000  0.000000e+000  0.000000e+000  
0.000000e+000  0.000000e+000  0.000000e+000  0.000000e+000  0.000000e+000  0.000000e+000  0.000000e+000  0.000000e+000  0.000000e+000  
0.000000e+000  0.000000e+000  0.000000e+000  0.000000e+000  0.000000e+000  0.000000e+000  0.000000e+000  0.000000e+000  0.000000e+000  
0.000000e+000  0.000000e+000  0.000000e+000  0.000000e+000  0.000000e+000  0.000000e+000  0.000000e+000  0.000000e+000  0.000000e+000  
0.000000e+000  0.000000e+000  0.000000e+000  0.000000e+000  0.000000e+000  0.000000e+000  0.000000e+000  0.000000e+000  0.000000e+000  
0.000000e+000  0.000000e+000  0.000000e+000  0.000000e+000  0.000000e+000  0.000000e+000  0.000000e+000  0.000000e+000  0.000000e+000  
0.000000e+000  0.000000e+000  0.000000e+000  0.000000e+000  0.000000e+000  0.000000e+000  0.000000e+000  0.000000e+000  0.000000e+000  
0.000000e+000  0.000000e+000  0.000000e+000  0.000000e+000  0.000000e+000  0.000000e+000  0.000000e+000  0.000000e+000  0.000000e+000  
0.000000e+000  0.000000e+000  0.000000e+000  0.000000e+000  0.000000e+000  0.000000e+000  0.000000e+000  0.000000e+000  0.000000e+000  
0.000000e+000  0.000000e+000  0.000000e+000  0.000000e+000  0.000000e+000  0.000000e+000  0.000000e+000  0.000000e+000  0.000000e+000  
0.000000e+000  0.000000e+000  0.000000e+000  0.000000e+000  0.000000e+000  0.000000e+000  0.000000e+000  0.000000e+000  0.000000e+000  
0.000000e+000  0.000000e+000  0.000000e+000  0.000000e+000  0.000000e+000  0.000000e+000  0.000000e+000  0.000000e+000  0.000000e+000  
0.000000e+000  0.000000e+000  0.000000e+000  0.000000e+000  0.000000e+000  0.000000e+000  0.000000e+000  0.000000e+000  0.000000e+000  
0.000000e+000  0.000000e+000  0.000000e+000  0.000000e+000  0.000000e+000  0.000000e+000  0.000000e+000  0.000000e+000  0.000000e+000  
0.000000e+000  0.000000e+000  0.000000e+000  0.000000e+000  0.000000e+000  0.000000e+000  0.000000e+000  0.000000e+000  0.000000e+000  
0.000000e+000  0.000000e+000  0.000000e+000  0.000000e+000  0.000000e+000  0.000000e+000  0.000000e+000  0.000000e+000  0.000000e+000  
0.000000e+000  0.000000e+000  0.000000e+000  0.000000e+000  0.000000e+000  0.000000e+000  0.000000e+000  0.000000e+000  0.000000e+000  
0.000000e+000  0.000000e+000  0.000000e+000  0.000000e+000  0.000000e+000  0.000000e+000  0.000000e+000  0.000000e+000  0.000000e+000  
0.000000e+000  0.000000e+000  0.000000e+000  0.000000e+000  0.000000e+000  0.000000e+000  0.000000e+000  0.000000e+000  0.000000e+000  
0.000000e+000  0.000000e+000  0.000000e+000  0.000000e+000  0.000000e+000  0.000000e+000  0.000000e+000  0.000000e+000  0.000000e+000  
0.000000e+000  0.000000e+000  0.000000e+000  0.000000e+000  0.000000e+000  0.000000e+000  0.000000e+000  0.000000e+000  0.000000e+000  
0.000000e+000  0.000000e+000  0.000000e+000  0.000000e+000  0.000000e+000  0.000000e+000  0.000000e+000  0.000000e+000  0.000000e+000  
0.000000e+000  0.000000e+000  0.000000e+000  0.000000e+000  0.000000e+000  0.000000e+000  0.000000e+000  0.000000e+000  0.000000e+000  
0.000000e+000  0.000000e+000  0.000000e+000  0.000000e+000  0.000000e+000  0.000000e+000  0.000000e+000  0.000000e+000  0.000000e+000  
0.000000e+000  0.000000e+000  0.000000e+000  0.000000e+000  0.000000e+000  0.000000e+000  0.000000e+000  0.000000e+000  0.000000e+000  
0.000000e+000  0.000000e+000  0.000000e+000  0.000000e+000  0.000000e+000  0.000000e+000  0.000000e+000  0.000000e+000  0.000000e+000  
0.000000e+000  0.000000e+000  0.000000e+000  0.000000e+000  0.000000e+000  0.000000e+000  0.000000e+000  0.000000e+000  0.000000e+000  
0.000000e+000  0.000000e+000  0.000000e+000  0.000000e+000  0.000000e+000  0.000000e+000  0.000000e+000  0.000000e+000  0.000000e+000  
0.000000e+000  0.000000e+000  0.000000e+000  0.000000e+000  0.000000e+000  0.000000e+000  0.000000e+000  0.000000e+000  0.000000e+000  
0.000000e+000  0.000000e+000  0.000000e+000  0.000000e+000  0.000000e+000  0.000000e+000  0.000000e+000  0.000000e+000  0.000000e+000  
0.000000e+000  0.000000e+000  0.000000e+000  0.000000e+000  0.000000e+000  0.000000e+000  0.000000e+000  0.000000e+000  0.000000e+000  
0.000000e+000  0.000000e+000  0.000000e+000  0.000000e+000  0.000000e+000  0.000000e+000  0.000000e+000  0.000000e+000  0.000000e+000  
0.000000e+000  0.000000e+000  0.000000e+000  0.000000e+000  0.000000e+000  0.000000e+000  0.000000e+000  0.000000e+000  0.000000e+000  
0.000000e+000  0.000000e+000  0.000000e+000  0.000000e+000  0.000000e+000  0.000000e+000  0.000000e+000  0.000000e+000  0.000000e+000  
0.000000e+000  0.000000e+000  0.000000e+000  0.000000e+000  0.000000e+000  0.000000e+000  0.000000e+000  0.000000e+000  0.000000e+000  
0.000000e+000  0.000000e+000  0.000000e+000  0.000000e+000  0.000000e+000  0.000000e+000  0.000000e+000  0.000000e+000  0.000000e+000  
0.000000e+000  0.000000e+000  0.000000e+000  0.000000e+000  0.000000e+000  0.000000e+000  0.000000e+000  0.000000e+000  0.000000e+000  
0.000000e+000  0.000000e+000  0.000000e+000  0.000000e+000  0.000000e+000  0.000000e+000  0.000000e+000  0.000000e+000  0.000000e+000  
0.000000e+000  0.000000e+000  0.000000e+000  0.000000e+000  0.000000e+000  0.000000e+000  0.000000e+000  0.000000e+000  0.000000e+000  
0.000000e+000  0.000000e+000  0.000000e+000  0.000000e+000  0.000000e+000  0.000000e+000  0.000000e+000  0.000000e+000  0.000000e+000  
0.000000e+000  0.000000e+000  0.000000e+000  0.000000e+000  0.000000e+000  0.000000e+000  0.000000e+000  0.000000e+000  0.000000e+000  
0.000000e+000  0.000000e+000  0.000000e+000  0.000000e+000  0.000000e+000  0.000000e+000  0.000000e+000  0.000000e+000  0.000000e+000  
0.000000e+000  0.000000e+000  0.000000e+000  0.000000e+000  0.000000e+000  0.000000e+000  0.000000e+000  0.000000e+000  0.000000e+000  
0.000000e+000  0.000000e+000  0.000000e+000  0.000000e+000  0.000000e+000  0.000000e+000  0.000000e+000  0.000000e+000  0.000000e+000  
0.000000e+000  0.000000e+000  0.000000e+000  0.000000e+000  0.000000e+000  0.000000e+000  0.000000e+000  0.000000e+000  0.000000e+000  
0.000000e+000  0.000000e+000  0.000000e+000  0.000000e+000  0.000000e+000  0.000000e+000  0.000000e+000  0.000000e+000  0.000000e+000  
0.000000e+000  0.000000e+000  0.000000e+000  0.000000e+000  0.000000e+000  0.000000e+000  0.000000e+000  0.000000e+000  0.000000e+000  
0.000000e+000  0.000000e+000  0.000000e+000  0.000000e+000  0.000000e+000  0.000000e+000  0.000000e+000  0.000000e+000  0.000000e+000  
0.000000e+000  0.000000e+000  0.000000e+000  0.000000e+000  0.000000e+000  0.000000e+000  0.000000e+000  0.000000e+000  0.000000e+000  
0.000000e+000  0.000000e+000  0.000000e+000  0.000000e+000  0.000000e+000  0.000000e+000  0.000000e+000  0.000000e+000  0.000000e+000  
0.000000e+000  0.000000e+000  0.000000e+000  0.000000e+000  0.000000e+000  0.000000e+000  0.000000e+000  0.000000e+000  0.000000e+000  
0.000000e+000  0.000000e+000  0.000000e+000  0.000000e+000  0.000000e+000  0.000000e+000  0.000000e+000  0.000000e+000  0.000000e+000  
0.000000e+000  0.000000e+000  0.000000e+000  0.000000e+000  0.000000e+000  0.000000e+000  0.000000e+000  0.000000e+000  0.000000e+000  
0.000000e+000  0.000000e+000  0.000000e+000  0.000000e+000  0.000000e+000  0.000000e+000  0.000000e+000  0.000000e+000  0.000000e+000  
0.000000e+000  0.000000e+000  0.000000e+000  0.000000e+000  0.000000e+000  0.000000e+000  0.000000e+000  0.000000e+000  0.000000e+000  
0.000000e+000  0.000000e+000  0.000000e+000  0.000000e+000  0.000000e+000  0.000000e+000  0.000000e+000  0.000000e+000  0.000000e+000  
0.000000e+000  0.000000e+000  0.000000e+000  0.000000e+000  0.000000e+000  0.000000e+000  0.000000e+000  0.000000e+000  0.000000e+000  
0.000000e+000  0.000000e+000  0.000000e+000  0.000000e+000  0.000000e+000  0.000000e+000  0.000000e+000  0.000000e+000  0.000000e+000  
0.000000e+000  0.000000e+000  0.000000e+000  0.000000e+000  0.000000e+000  0.000000e+000  0.000000e+000  0.000000e+000  0.000000e+000  
0.000000e+000  0.000000e+000  0.000000e+000  0.000000e+000  0.000000e+000  0.000000e+000  0.000000e+000  0.000000e+000  0.000000e+000  
0.000000e+000  0.000000e+000  0.000000e+000  0.000000e+000  0.000000e+000  0.000000e+000  0.000000e+000  0.000000e+000  0.000000e+000  
0.000000e+000  0.000000e+000  0.000000e+000  0.000000e+000  0.000000e+000  0.000000e+000  0.000000e+000  0.000000e+000  0.000000e+000  
0.000000e+000  0.000000e+000  0.000000e+000  0.000000e+000  0.000000e+000  0.000000e+000  0.000000e+000  0.000000e+000  0.000000e+000  
0.000000e+000  0.000000e+000  0.000000e+000  0.000000e+000  0.000000e+000  0.000000e+000  0.000000e+000  0.000000e+000  0.000000e+000  
0.000000e+000  0.000000e+000  0.000000e+000  0.000000e+000  0.000000e+000  0.000000e+000  0.000000e+000  0.000000e+000  0.000000e+000  
0.000000e+000  0.000000e+000  0.000000e+000  0.000000e+000  0.000000e+000  0.000000e+000  0.000000e+000  0.000000e+000  0.000000e+000  
0.000000e+000  0.000000e+000  0.000000e+000  0.000000e+000  0.000000e+000  0.000000e+000  0.000000e+000  0.000000e+000  0.000000e+000  
0.000000e+000  0.000000e+000  0.000000e+000  0.000000e+000  0.000000e+000  0.000000e+000  0.000000e+000  0.000000e+000  0.000000e+000  
0.000000e+000  0.000000e+000  0.000000e+000  0.000000e+000  0.000000e+000  0.000000e+000  0.000000e+000  0.000000e+000  0.000000e+000  
0.000000e+000  0.000000e+000  0.000000e+000  0.000000e+000  0.000000e+000  0.000000e+000  0.000000e+000  0.000000e+000  0.000000e+000  
0.000000e+000  0.000000e+000  0.000000e+000  0.000000e+000  0.000000e+000  0.000000e+000  0.000000e+000  0.000000e+000  0.000000e+000  
0.000000e+000  0.000000e+000  0.000000e+000  0.000000e+000  0.000000e+000  0.000000e+000  0.000000e+000  0.000000e+000  0.000000e+000  
0.000000e+000  0.000000e+000  0.000000e+000  0.000000e+000  0.000000e+000  0.000000e+000  0.000000e+000  0.000000e+000  0.000000e+000  
0.000000e+000  0.000000e+000  0.000000e+000  0.000000e+000  0.000000e+000  0.000000e+000  0.000000e+000  0.000000e+000  0.000000e+000  
0.000000e+000  0.000000e+000  0.000000e+000  0.000000e+000  0.000000e+000  0.000000e+000  0.000000e+000  0.000000e+000  0.000000e+000  
0.000000e+000  0.000000e+000  0.000000e+000  0.000000e+000  0.000000e+000  0.000000e+000  0.000000e+000  0.000000e+000  0.000000e+000  
0.000000e+000  0.000000e+000  0.000000e+000  0.000000e+000  0.000000e+000  0.000000e+000  0.000000e+000  0.000000e+000  0.000000e+000  
0.000000e+000  0.000000e+000  0.000000e+000  0.000000e+000  0.000000e+000  0.000000e+000  0.000000e+000  0.000000e+000  0.000000e+000  
0.000000e+000  0.000000e+000  0.000000e+000  0.000000e+000  0.000000e+000  0.000000e+000  0.000000e+000  0.000000e+000  0.000000e+000  
0.000000e+000  0.000000e+000  0.000000e+000  0.000000e+000  0.000000e+000  0.000000e+000  0.000000e+000  0.000000e+000  0.000000e+000  
0.000000e+000  0.000000e+000  0.000000e+000  0.000000e+000  0.000000e+000  0.000000e+000  0.000000e+000  0.000000e+000  0.000000e+000  
0.000000e+000  0.000000e+000  0.000000e+000  0.000000e+000  0.000000e+000  0.000000e+000  0.000000e+000  0.000000e+000  0.000000e+000  
0.000000e+000  0.000000e+000  0.000000e+000  0.000000e+000  0.000000e+000  0.000000e+000  0.000000e+000  0.000000e+000  0.000000e+000  
0.000000e+000  0.000000e+000  0.000000e+000  0.000000e+000  0.000000e+000  0.000000e+000  0.000000e+000  0.000000e+000  0.000000e+000  
0.000000e+000  0.000000e+000  0.000000e+000  0.000000e+000  0.000000e+000  0.000000e+000  0.000000e+000  0.000000e+000  0.000000e+000  
0.000000e+000  0.000000e+000  0.000000e+000  0.000000e+000  0.000000e+000  0.000000e+000  0.000000e+000  0.000000e+000  0.000000e+000  
0.000000e+000  0.000000e+000  0.000000e+000  0.000000e+000  0.000000e+000  0.000000e+000  0.000000e+000  0.000000e+000  0.000000e+000  
0.000000e+000  0.000000e+000  0.000000e+000  0.000000e+000  0.000000e+000  0.000000e+000  0.000000e+000  0.000000e+000  0.000000e+000  

0.000000e+000  0.000000e+000  0.000000e+000  0.000000e+000  0.000000e+000  0.000000e+000  0.000000e+000  0.000000e+000  0.000000e+000  
0.000000e+000  0.000000e+000  0.000000e+000  0.000000e+000  0.000000e+000  0.000000e+000  0.000000e+000  0.000000e+000  0.000000e+000  
0.000000e+000  0.000000e+000  0.000000e+000  0.000000e+000  0.000000e+000  0.000000e+000  0.000000e+000  0.000000e+000  0.000000e+000  
0.000000e+000  0.000000e+000  0.000000e+000  0.000000e+000  0.000000e+000  0.000000e+000  0.000000e+000  0.000000e+000  0.000000e+000  
0.000000e+000  0.000000e+000  0.000000e+000  0.000000e+000  0.000000e+000  0.000000e+000  0.000000e+000  0.000000e+000  0.000000e+000  
0.000000e+000  0.000000e+000  0.000000e+000  0.000000e+000  0.000000e+000  0.000000e+000  0.000000e+000  0.000000e+000  0.000000e+000  
0.000000e+000  0.000000e+000  0.000000e+000  0.000000e+000  0.000000e+000  0.000000e+000  0.000000e+000  0.000000e+000  0.000000e+000  
0.000000e+000  0.000000e+000  0.000000e+000  0.000000e+000  0.000000e+000  0.000000e+000  0.000000e+000  0.000000e+000  0.000000e+000  
0.000000e+000  0.000000e+000  0.000000e+000  0.000000e+000  0.000000e+000  0.000000e+000  0.000000e+000  0.000000e+000  0.000000e+000  
0.000000e+000  0.000000e+000  0.000000e+000  0.000000e+000  0.000000e+000  0.000000e+000  0.000000e+000  0.000000e+000  0.000000e+000  
0.000000e+000  0.000000e+000  0.000000e+000  0.000000e+000  0.000000e+000  0.000000e+000  0.000000e+000  0.000000e+000  0.000000e+000  
0.000000e+000  0.000000e+000  0.000000e+000  0.000000e+000  0.000000e+000  0.000000e+000  0.000000e+000  0.000000e+000  0.000000e+000  
0.000000e+000  0.000000e+000  0.000000e+000  0.000000e+000  0.000000e+000  0.000000e+000  0.000000e+000  0.000000e+000  0.000000e+000  
0.000000e+000  0.000000e+000  0.000000e+000  0.000000e+000  0.000000e+000  0.000000e+000  0.000000e+000  0.000000e+000  0.000000e+000  
0.000000e+000  0.000000e+000  0.000000e+000  0.000000e+000  0.000000e+000  0.000000e+000  0.000000e+000  0.000000e+000  0.000000e+000  
0.000000e+000  0.000000e+000  0.000000e+000  0.000000e+000  0.000000e+000  0.000000e+000  0.000000e+000  0.000000e+000  0.000000e+000  
0.000000e+000  0.000000e+000  0.000000e+000  0.000000e+000  0.000000e+000  0.000000e+000  0.000000e+000  0.000000e+000  0.000000e+000  
0.000000e+000  0.000000e+000  0.000000e+000  0.000000e+000  0.000000e+000  0.000000e+000  0.000000e+000  0.000000e+000  0.000000e+000  
0.000000e+000  0.000000e+000  0.000000e+000  0.000000e+000  0.000000e+000  0.000000e+000  0.000000e+000  0.000000e+000  0.000000e+000  
0.000000e+000  0.000000e+000  0.000000e+000  0.000000e+000  0.000000e+000  0.000000e+000  0.000000e+000  0.000000e+000  0.000000e+000  
0.000000e+000  0.000000e+000  0.000000e+000  0.000000e+000  0.000000e+000  0.000000e+000  0.000000e+000  0.000000e+000  0.000000e+000  
0.000000e+000  0.000000e+000  0.000000e+000  0.000000e+000  0.000000e+000  0.000000e+000  0.000000e+000  0.000000e+000  0.000000e+000  
0.000000e+000  0.000000e+000  0.000000e+000  0.000000e+000  0.000000e+000  0.000000e+000  0.000000e+000  0.000000e+000  0.000000e+000  
0.000000e+000  0.000000e+000  0.000000e+000  0.000000e+000  0.000000e+000  0.000000e+000  0.000000e+000  0.000000e+000  0.000000e+000  
0.000000e+000  0.000000e+000  0.000000e+000  0.000000e+000  0.000000e+000  0.000000e+000  0.000000e+000  0.000000e+000  0.000000e+000  
0.000000e+000  0.000000e+000  0.000000e+000  0.000000e+000  0.000000e+000  0.000000e+000  0.000000e+000  0.000000e+000  0.000000e+000  
0.000000e+000  0.000000e+000  0.000000e+000  0.000000e+000  0.000000e+000  0.000000e+000  0.000000e+000  0.000000e+000  0.000000e+000  
0.000000e+000  0.000000e+000  0.000000e+000  0.000000e+000  0.000000e+000  0.000000e+000  0.000000e+000  0.000000e+000  0.000000e+000  
0.000000e+000  0.000000e+000  0.000000e+000  0.000000e+000  0.000000e+000  0.000000e+000  0.000000e+000  0.000000e+000  0.000000e+000  
0.000000e+000  0.000000e+000  0.000000e+000  0.000000e+000  0.000000e+000  0.000000e+000  0.000000e+000  0.000000e+000  0.000000e+000  
0.000000e+000  0.000000e+000  0.000000e+000  0.000000e+000  0.000000e+000  0.000000e+000  0.000000e+000  0.000000e+000  0.000000e+000  
0.000000e+000  0.000000e+000  0.000000e+000  0.000000e+000  0.000000e+000  0.000000e+000  0.000000e+000  0.000000e+000  0.000000e+000  
0.000000e+000  0.000000e+000  0.000000e+000  0.000000e+000  0.000000e+000  0.000000e+000  0.000000e+000  0.000000e+000  0.000000e+000  
0.000000e+000  0.000000e+000  0.000000e+000  0.000000e+000  0.000000e+000  0.000000e+000  0.000000e+000  0.000000e+000  0.000000e+000  
0.000000e+000  0.000000e+000  0.000000e+000  0.000000e+000  0.000000e+000  0.000000e+000  0.000000e+000  0.000000e+000  0.000000e+000  
0.000000e+000  0.000000e+000  0.000000e+000  0.000000e+000  0.000000e+000  0.000000e+000  0.000000e+000  0.000000e+000  0.000000e+000  
0.000000e+000  0.000000e+000  0.000000e+000  0.000000e+000  0.000000e+000  0.000000e+000  0.000000e+000  0.000000e+000  0.000000e+000  
0.000000e+000  0.000000e+000  0.000000e+000  0.000000e+000  0.000000e+000  0.000000e+000  0.000000e+000  0.000000e+000  0.000000e+000  
0.000000e+000  0.000000e+000  0.000000e+000  0.000000e+000  0.000000e+000  0.000000e+000  0.000000e+000  0.000000e+000  0.000000e+000  
0.000000e+000  0.000000e+000  0.000000e+000  0.000000e+000  0.000000e+000  0.000000e+000  0.000000e+000  0.000000e+000  0.000000e+000  
0.000000e+000  0.000000e+000  0.000000e+000  0.000000e+000  0.000000e+000  0.000000e+000  0.000000e+000  0.000000e+000  0.000000e+000  
0.000000e+000  0.000000e+000  0.000000e+000  0.000000e+000  0.000000e+000  0.000000e+000  0.000000e+000  0.000000e+000  0.000000e+000  
0.000000e+000  0.000000e+000  0.000000e+000  0.000000e+000  0.000000e+000  0.000000e+000  0.000000e+000  0.000000e+000  0.000000e+000  
0.000000e+000  0.000000e+000  0.000000e+000  0.000000e+000  0.000000e+000  0.000000e+000  0.000000e+000  0.000000e+000  0.000000e+000  
0.000000e+000  0.000000e+000  0.000000e+000  0.000000e+000  0.000000e+000  0.000000e+000  0.000000e+000  0.000000e+000  0.000000e+000  
0.000000e+000  0.000000e+000  0.000000e+000  0.000000e+000  0.000000e+000  0.000000e+000  0.000000e+000  0.000000e+000  0.000000e+000  
0.000000e+000  0.000000e+000  0.000000e+000  0.000000e+000  0.000000e+000  0.000000e+000  0.000000e+000  0.000000e+000  0.000000e+000  
0.000000e+000  0.000000e+000  0.000000e+000  0.000000e+000  0.000000e+000  0.000000e+000  0.000000e+000  0.000000e+000  0.000000e+000  
0.000000e+000  0.000000e+000  0.000000e+000  0.000000e+000  0.000000e+000  0.000000e+000  0.000000e+000  0.000000e+000  0.000000e+000  
0.000000e+000  0.000000e+000  0.000000e+000  0.000000e+000  0.000000e+000  0.000000e+000  0.000000e+000  0.000000e+000  0.000000e+000  
0.000000e+000  0.000000e+000  0.000000e+000  0.000000e+000  0.000000e+000  0.000000e+000  0.000000e+000  0.000000e+000  0.000000e+000  
0.000000e+000  0.000000e+000  0.000000e+000  0.000000e+000  0.000000e+000  0.000000e+000  0.000000e+000  0.000000e+000  0.000000e+000  
0.000000e+000  0.000000e+000  0.000000e+000  0.000000e+000  0.000000e+000  0.000000e+000  0.000000e+000  0.000000e+000  0.000000e+000  
0.000000e+000  0.000000e+000  0.000000e+000  0.000000e+000  0.000000e+000  0.000000e+000  0.000000e+000  0.000000e+000  0.000000e+000  
0.000000e+000  0.000000e+000  0.000000e+000  0.000000e+000  0.000000e+000  0.000000e+000  0.000000e+000  0.000000e+000  0.000000e+000  
0.000000e+000  0.000000e+000  0.000000e+000  0.000000e+000  0.000000e+000  0.000000e+000  0.000000e+000  0.000000e+000  0.000000e+000  
0.000000e+000  0.000000e+000  0.000000e+000  0.000000e+000  0.000000e+000  0.000000e+000  0.000000e+000  0.000000e+000  0.000000e+000  
0.000000e+000  0.000000e+000  0.000000e+000  0.000000e+000  0.000000e+000  0.000000e+000  0.000000e+000  0.000000e+000  0.000000e+000  
0.000000e+000  0.000000e+000  0.000000e+000  0.000000e+000  0.000000e+000  0.000000e+000  0.000000e+000  0.000000e+000  0.000000e+000  
0.000000e+000  0.000000e+000  0.000000e+000  0.000000e+000  0.000000e+000  0.000000e+000  0.000000e+000  0.000000e+000  0.000000e+000  
0.000000e+000  0.000000e+000  0.000000e+000  0.000000e+000  0.000000e+000  0.000000e+000  0.000000e+000  0.000000e+000  0.000000e+000  
0.000000e+000  0.000000e+000  0.000000e+000  0.000000e+000  0.000000e+000  0.000000e+000  0.000000e+000  0.000000e+000  0.000000e+000  
0.000000e+000  0.000000e+000  0.000000e+000  0.000000e+000  0.000000e+000  0.000000e+000  0.000000e+000  0.000000e+000  0.000000e+000  
0.000000e+000  0.000000e+000  0.000000e+000  0.000000e+000  0.000000e+000  0.000000e+000  0.000000e+000  0.000000e+000  0.000000e+000  
0.000000e+000  0.000000e+000  0.000000e+000  0.000000e+000  0.000000e+000  0.000000e+000  0.000000e+000  0.000000e+000  0.000000e+000  
0.000000e+000  0.000000e+000  0.000000e+000  0.000000e+000  0.000000e+000  0.000000e+000  0.000000e+000  0.000000e+000  0.000000e+000  
0.000000e+000  0.000000e+000  0.000000e+000  0.000000e+000  0.000000e+000  0.000000e+000  0.000000e+000  0.000000e+000  0.000000e+000  
0.000000e+000  0.000000e+000  0.000000e+000  0.000000e+000  0.000000e+000  0.000000e+000  0.000000e+000  0.000000e+000  0.000000e+000  
0.000000e+000  0.000000e+000  0.000000e+000  0.000000e+000  0.000000e+000  0.000000e+000  0.000000e+000  0.000000e+000  0.000000e+000  
0.000000e+000  0.000000e+000  0.000000e+000  0.000000e+000  0.000000e+000  0.000000e+000  0.000000e+000  0.000000e+000  0.000000e+000  
0.000000e+000  0.000000e+000  0.000000e+000  0.000000e+000  0.000000e+000  0.000000e+000  0.000000e+000  0.000000e+000  0.000000e+000  
0.000000e+000  0.000000e+000  0.000000e+000  0.000000e+000  0.000000e+000  0.000000e+000  0.000000e+000  0.000000e+000  0.000000e+000  
0.000000e+000  0.000000e+000  0.000000e+000  0.000000e+000  0.000000e+000  0.000000e+000  0.000000e+000  0.000000e+000  0.000000e+000  
0.000000e+000  0.000000e+000  0.000000e+000  0.000000e+000  0.000000e+000  0.000000e+000  0.000000e+000  0.000000e+000  0.000000e+000  
0.000000e+000  0.000000e+000  0.000000e+000  0.000000e+000  0.000000e+000  0.000000e+000  0.000000e+000  0.000000e+000  0.000000e+000  
0.000000e+000  0.000000e+000  0.000000e+000  0.000000e+000  0.000000e+000  0.000000e+000  0.000000e+000  0.000000e+000  0.000000e+000  
0.000000e+000  0.000000e+000  0.000000e+000  0.000000e+000  0.000000e+000  0.000000e+000  0.000000e+000  0.000000e+000  0.000000e+000  
0.000000e+000  0.000000e+000  0.000000e+000  0.000000e+000  0.000000e+000  0.000000e+000  0.000000e+000  0.000000e+000  0.000000e+000  
0.000000e+000  0.000000e+000  0.000000e+000  0.000000e+000  0.000000e+000  0.000000e+000  0.000000e+000  0.000000e+000  0.000000e+000  
0.000000e+000  0.000000e+000  0.000000e+000  0.000000e+000  0.000000e+000  0.000000e+000  0.000000e+000  0.000000e+000  0.000000e+000  
0.000000e+000  0.000000e+000  0.000000e+000  0.000000e+000  0.000000e+000  0.000000e+000  0.000000e+000  0.000000e+000  0.000000e+000  
0.000000e+000  0.000000e+000  0.000000e+000  0.000000e+000  0.000000e+000  0.000000e+000  0.000000e+000  0.000000e+000  0.000000e+000  
0.000000e+000  0.000000e+000  0.000000e+000  0.000000e+000  0.000000e+000  0.000000e+000  0.000000e+000  0.000000e+000  0.000000e+000  
0.000000e+000  0.000000e+000  0.000000e+000  0.000000e+000  0.000000e+000  0.000000e+000  0.000000e+000  0.000000e+000  0.000000e+000  
0.000000e+000  0.000000e+000  0.000000e+000  0.000000e+000  0.000000e+000  0.000000e+000  0.000000e+000  0.000000e+000  0.000000e+000  
0.000000e+000  0.000000e+000  0.000000e+000  0.000000e+000  0.000000e+000  0.000000e+000  0.000000e+000  0.000000e+000  0.000000e+000  
0.000000e+000  0.000000e+000  0.000000e+000  0.000000e+000  0.000000e+000  0.000000e+000  0.000000e+000  0.000000e+000  0.000000e+000  
0.000000e+000  0.000000e+000  0.000000e+000  0.000000e+000  0.000000e+000  0.000000e+000  0.000000e+000  0.000000e+000  0.000000e+000  
0.000000e+000  0.000000e+000  0.000000e+000  0.000000e+000  0.000000e+000  0.000000e+000  0.000000e+000  0.000000e+000  0.000000e+000  
0.000000e+000  0.000000e+000  0.000000e+000  0.000000e+000  0.000000e+000  0.000000e+000  0.000000e+000  0.000000e+000  0.000000e+000  
0.000000e+000  0.000000e+000  0.000000e+000  0.000000e+000  0.000000e+000  0.000000e+000  0.000000e+000  0.000000e+000  0.000000e+000  
0.000000e+000  0.000000e+000  0.000000e+000  0.000000e+000  0.000000e+000  0.000000e+000  0.000000e+000  0.000000e+000  0.000000e+000  
0.000000e+000  0.000000e+000  0.000000e+000  0.000000e+000  0.000000e+000  0.000000e+000  0.000000e+000  0.000000e+000  0.000000e+000  
0.000000e+000  0.000000e+000  0.000000e+000  0.000000e+000  0.000000e+000  0.000000e+000  0.000000e+000  0.000000e+000  0.000000e+000  
0.000000e+000  0.000000e+000  0.000000e+000  0.000000e+000  0.000000e+000  0.000000e+000  0.000000e+000  0.000000e+000  0.000000e+000  
0.000000e+000  0.000000e+000  0.000000e+000  0.000000e+000  0.000000e+000  0.000000e+000  0.000000e+000  0.000000e+000  0.000000e+000  
0.000000e+000  0.000000e+000  0.000000e+000  0.000000e+000  0.000000e+000  0.000000e+000  0.000000e+000  0.000000e+000  0.000000e+000  
0.000000e+000  0.000000e+000  0.000000e+000  0.000000e+000  0.000000e+000  0.000000e+000  0.000000e+000  0.000000e+000  0.000000e+000  
0.000000e+000  0.000000e+000  0.000000e+000  0.000000e+000  0.000000e+000  0.000000e+000  0.000000e+000  0.000000e+000  0.000000e+000  
0.000000e+000  0.000000e+000  0.000000e+000  0.000000e+000  0.000000e+000  0.000000e+000  0.000000e+000  0.000000e+000  0.000000e+000  
0.000000e+000  0.000000e+000  0.000000e+000  0.000000e+000  0.000000e+000  0.000000e+000  0.000000e+000  0.000000e+000  0.000000e+000  
0.000000e+000  0.000000e+000  0.000000e+000  0.000000e+000  0.000000e+000  0.000000e+000  0.000000e+000  0.000000e+000  0.000000e+000  
0.000000e+000  0.000000e+000  0.000000e+000  0.000000e+000  0.000000e+000  0.000000e+000  0.000000e+000  0.000000e+000  0.000000e+000  
0.000000e+000  0.000000e+000  0.000000e+000  0.000000e+000  0.000000e+000  0.000000e+000  0.000000e+000  0.000000e+000  0.000000e+000  
0.000000e+000  0.000000e+000  0.000000e+000  0.000000e+000  0.000000e+000  0.000000e+000  0.000000e+000  0.000000e+000  0.000000e+000  
0.000000e+000  0.000000e+000  0.000000e+000  0.000000e+000  0.000000e+000  0.000000e+000  0.000000e+000  0.000000e+000  0.000000e+000  
0.000000e+000  0.000000e+000  0.000000e+000  0.000000e+000  0.000000e+000  0.000000e+000  0.000000e+000  0.000000e+000  0.000000e+000  
0.000000e+000  0.000000e+000  0.000000e+000  0.000000e+000  0.000000e+000  0.000000e+000  0.000000e+000  0.000000e+000  0.000000e+000  
0.000000e+000  0.000000e+000  0.000000e+000  0.000000e+000  0.000000e+000  0.000000e+000  0.000000e+000  0.000000e+000  0.000000e+000  
0.000000e+000  0.000000e+000  0.000000e+000  0.000000e+000  0.000000e+000  0.000000e+000  0.000000e+000  0.000000e+000  0.000000e+000  
0.000000e+000  0.000000e+000  0.000000e+000  0.000000e+000  0.000000e+000  0.000000e+000  0.000000e+000  0.000000e+000  0.000000e+000  
0.000000e+000  0.000000e+000  0.000000e+000  0.000000e+000  0.000000e+000  0.000000e+000  0.000000e+000  0.000000e+000  0.000000e+000  
0.000000e+000  0.000000e+000  0.000000e+000  0.000000e+000  0.000000e+000  0.000000e+000  0.000000e+000  0.000000e+000  0.000000e+000  
0.000000e+000  0.000000e+000  0.000000e+000  0.000000e+000  0.000000e+000  0.000000e+000  0.000000e+000  0.000000e+000  0.000000e+000  
0.000000e+000  0.000000e+000  0.000000e+000  0.000000e+000  0.000000e+000  0.000000e+000  0.000000e+000  0.000000e+000  0.000000e+000  
0.000000e+000  0.000000e+000  0.000000e+000  0.000000e+000  0.000000e+000  0.000000e+000  0.000000e+000  0.000000e+000  0.000000e+000  

-1.788527e-008  -1.784595e-008  -1.773484e-008  -1.753658e-008  -1.723872e-008  -1.660769e-008  -1.592811e-008  -1.071647e-008  -1.785743e-008  
-2.064985e-008  -2.097449e-008  -2.142260e-008  8.504453e-009  -1.468356e-008  -1.618345e-008  -1.775583e-008  -1.917861e-008  -2.133788e-008  
-1.842094e-008  -2.122373e-008  4.626727e-009  -1.257313e-008  -1.401875e-008  -1.643185e-008  -1.877961e-008  -2.085028e-008  -2.385154e-008  
-4.991809e-009  -1.925821e-008  1.812335e-009  -1.066802e-008  -1.312131e-008  -1.685132e-008  -2.026344e-008  -2.316279e-008  -2.723122e-008  
-3.016200e-009  -2.427414e-009  -0.000000e+000  -7.841792e-009  -1.243690e-008  -1.776876e-008  -2.246891e-008  -2.638353e-008  -3.176617e-008  
3.443107e-008  -2.445587e-008  -0.000000e+000  -6.525666e-009  -1.239411e-008  -1.964881e-008  -2.585961e-008  -3.100637e-008  -3.802718e-008  
1.815299e-008  1.291200e-008  -0.000000e+000  -7.089024e-009  -1.390869e-008  -2.289719e-008  -3.078814e-008  -3.734775e-008  -4.634430e-008  
-0.000000e+000  -0.000000e+000  -0.000000e+000  -8.388759e-009  -1.659429e-008  -2.770679e-008  -3.759096e-008  -4.586347e-008  -5.728081e-008  
-0.000000e+000  -0.000000e+000  -0.000000e+000  -1.468064e-008  -2.906724e-008  -4.888186e-008  -6.663177e-008  -8.158570e-008  -1.023904e-007  
-0.000000e+000  -0.000000e+000  -0.000000e+000  -2.839310e-008  -5.618974e-008  -9.446532e-008  -1.287800e-007  -1.576962e-007  -1.979795e-007  
-0.000000e+000  -0.000000e+000  -0.000000e+000  -5.587601e-008  -1.105804e-007  -1.855387e-007  -2.527137e-007  -3.093426e-007  -3.882047e-007  
-0.000000e+000  -0.000000e+000  -0.000000e+000  -1.104339e-007  -2.185623e-007  -3.658109e-007  -4.977457e-007  -6.089213e-007  -7.637385e-007  
-0.000000e+000  -0.000000e+000  -0.000000e+000  -2.184834e-007  -4.323956e-007  -7.217211e-007  -9.808686e-007  -1.199197e-006  -1.503123e-006  
-0.000000e+000  -0.000000e+000  -0.000000e+000  -4.322800e-007  -8.555417e-007  -1.423648e-006  -1.932333e-006  -2.360789e-006  -2.956994e-006  
-0.000000e+000  -0.000000e+000  -0.000000e+000  -8.551941e-007  -1.692556e-006  -2.807027e-006  -3.804570e-006  -4.644536e-006  -5.812921e-006  
-0.000000e+000  -0.000000e+000  -0.000000e+000  -1.691498e-006  -3.347741e-006  -5.531656e-006  -7.485668e-006  -9.130480e-006  -1.141739e-005  
-0.000000e+000  -0.000000e+000  -0.000000e+000  -3.344792e-006  -6.619943e-006  -1.089429e-005  -1.471695e-005  -1.793362e-005  -2.240376e-005  
-0.000000e+000  -0.000000e+000  -0.000000e+000  -6.612231e-006  -1.308692e-005  -2.144119e-005  -2.890887e-005  -3.519028e-005  -4.391455e-005  
-0.000000e+000  -0.000000e+000  -0.000000e+000  -1.306758e-005  -2.586361e-005  -4.216707e-005  -5.673209e-005  -6.897803e-005  -8.597580e-005  
-0.000000e+000  -0.000000e+000  -0.000000e+000  -2.581657e-005  -5.109723e-005  -8.285870e-005  -1.112153e-004  -1.350452e-004  -1.680984e-004  
-0.000000e+000  -0.000000e+000  -0.000000e+000  -5.098521e-005  -1.009133e-004  -1.626686e-004  -2.177641e-004  -2.640383e-004  -3.281714e-004  
-0.000000e+000  -0.000000e+000  -0.000000e+000  -1.006506e-004  -1.992172e-004  -3.190263e-004  -4.258275e-004  -5.154716e-004  -6.395994e-004  
-0.000000e+000  -0.000000e+000  -0.000000e+000  -1.904498e-004  -3.769615e-004  -5.995227e-004  -7.977449e-004  -9.640091e-004  -1.194003e-003  
-0.000000e+000  -0.000000e+000  -0.000000e+000  -2.448804e-004  -4.847005e-004  -7.684140e-004  -1.020995e-003  -1.232785e-003  -1.525617e-003  
-0.000000e+000  -0.000000e+000  -0.000000e+000  -3.137904e-004  -6.211006e-004  -9.815480e-004  -1.302308e-003  -1.571178e-003  -1.942756e-003  
-0.000000e+000  -0.000000e+000  -0.000000e+000  -4.012421e-004  -7.942033e-004  -1.251095e-003  -1.657505e-003  -1.998054e-003  -2.468462e-003  
-0.000000e+000  -0.000000e+000  -0.000000e+000  -5.066543e-004  -1.002858e-003  -1.574833e-003  -2.083391e-003  -2.509390e-003  -3.097549e-003  
-0.000000e+000  -0.000000e+000  -0.000000e+000  -6.392307e-004  -1.265285e-003  -1.980508e-003  -2.616145e-003  -3.148406e-003  -3.882901e-003  
-0.000000e+000  -0.000000e+000  -0.000000e+000  -8.060568e-004  -1.595510e-003  -2.489036e-003  -3.282760e-003  -3.947152e-003  -4.863488e-003  
-0.000000e+000  -0.000000e+000  -0.000000e+000  -1.304120e-003  -2.581413e-003  -3.998801e-003  -5.256592e-003  -6.308591e-003  -7.757842e-003  
-0.000000e+000  -0.000000e+000  -0.000000e+000  -2.117310e-003  -4.191133e-003  -6.441492e-003  -8.436108e-003  -1.010283e-002  -1.239584e-002  
-0.000000e+000  -0.000000e+000  -0.000000e+000  -2.676472e-003  -5.298017e-003  -8.107801e-003  -1.059661e-002  -1.267520e-002  -1.553267e-002  
-0.000000e+000  -0.000000e+000  -0.000000e+000  -3.378380e-003  -6.687486e-003  -1.018965e-002  -1.328960e-002  -1.587720e-002  -1.943161e-002  
-0.000000e+000  -0.000000e+000  -0.000000e+000  -4.260313e-003  -8.433342e-003  -1.279236e-002  -1.664799e-002  -1.986453e-002  -2.427919e-002  
-0.000000e+000  -0.000000e+000  -0.000000e+000  -5.369061e-003  -1.062822e-002  -1.604724e-002  -2.083679e-002  -2.483002e-002  -3.030586e-002  
-0.000000e+000  -0.000000e+000  -0.000000e+000  -6.763392e-003  -1.338847e-002  -2.011792e-002  -2.606085e-002  -3.101250e-002  -3.779622e-002  
-0.000000e+000  -0.000000e+000  -0.000000e+000  -8.517126e-003  -1.686023e-002  -2.520834e-002  -3.257435e-002  -3.870749e-002  -4.710135e-002  
-0.000000e+000  -0.000000e+000  -0.000000e+000  -1.374781e-002  -2.721528e-002  -4.026287e-002  -5.175349e-002  -6.130636e-002  -7.435129e-002  
-0.000000e+000  -0.000000e+000  -0.000000e+000  -2.227022e-002  -4.408729e-002  -6.445262e-002  -8.234675e-002  -9.719604e-002  -1.174188e-001  
-0.000000e+000  -0.000000e+000  -0.000000e+000  -2.811887e-002  -5.566625e-002  -8.085042e-002  -1.029493e-001  -1.212684e-001  -1.461772e-001  
-0.000000e+000  -0.000000e+000  -0.000000e+000  -3.545201e-002  -7.018434e-002  -1.012599e-001  -1.284902e-001  -1.510375e-001  -1.816437e-001  
-0.000000e+000  -0.000000e+000  -0.000000e+000  -4.465453e-002  -8.840362e-002  -1.266724e-001  -1.601551e-001  -1.878456e-001  -2.253647e-001  
-0.000000e+000  -0.000000e+000  -0.000000e+000  -5.662870e-002  -1.121105e-001  -1.594620e-001  -2.008212e-001  -2.349785e-001  -2.811640e-001  
-0.000000e+000  -0.000000e+000  -0.000000e+000  -7.178068e-002  -1.421093e-001  -2.005795e-001  -2.515554e-001  -2.935906e-001  -3.502974e-001  
-0.000000e+000  -0.000000e+000  -0.000000e+000  -9.095584e-002  -1.800738e-001  -2.521203e-001  -3.148027e-001  -3.664036e-001  -4.358353e-001  
-0.000000e+000  -0.000000e+000  -0.000000e+000  -1.597805e-001  -3.163395e-001  -4.343331e-001  -5.364250e-001  -6.200834e-001  -7.318568e-001  
-0.000000e+000  -0.000000e+000  -0.000000e+000  -2.996420e-001  -5.932479e-001  -7.942831e-001  -9.667421e-001  -1.107038e+000  -1.292344e+000  
-0.000000e+000  -0.000000e+000  -0.000000e+000  -5.644846e-001  -1.117552e+000  -1.452708e+000  -1.736482e+000  -1.964703e+000  -2.260583e+000  
-0.000000e+000  -0.000000e+000  -0.000000e+000  -1.065774e+000  -2.109622e+000  -2.648990e+000  -3.095671e+000  -3.447807e+000  -3.889319e+000  
-0.000000e+000  -0.000000e+000  -0.000000e+000  -2.021482e+000  -3.999353e+000  -4.816849e+000  -5.464769e+000  -5.955177e+000  -6.528370e+000  
-0.000000e+000  -0.000000e+000  -0.000000e+000  -3.883002e+000  -7.672819e+000  -8.760861e+000  -9.531110e+000  -1.005334e+001  -1.054990e+001  
-0.000000e+000  -0.000000e+000  -0.000000e+000  -7.688597e+000  -1.516053e+001  -1.602070e+001  -1.631430e+001  -1.632114e+001  -1.600350e+001  
-0.000000e+000  -0.000000e+000  -0.000000e+000  -1.499716e+001  -2.961136e+001  -2.761947e+001  -2.531736e+001  -2.337136e+001  -2.105804e+001  
-0.000000e+000  -0.000000e+000  -0.000000e+000  -1.982211e+001  -3.973444e+001  -3.329577e+001  -2.850743e+001  -2.532152e+001  -2.234738e+001  
-0.000000e+000  -0.000000e+000  -0.000000e+000  -2.433296e+001  -5.086303e+001  -3.717321e+001  -2.992633e+001  -2.603678e+001  -2.303726e+001  
-0.000000e+000  -0.000000e+000  -0.000000e+000  -2.240506e+001  -5.344387e+001  -3.343305e+001  -2.744342e+001  -2.499209e+001  -2.312578e+001  
-0.000000e+000  -0.000000e+000  -0.000000e+000  -5.016205e+000  -0.000000e+000  -1.994807e+001  -2.298847e+001  -2.354937e+001  -2.298854e+001  
-0.000000e+000  -0.000000e+000  -0.000000e+000  -1.136075e+000  -0.000000e+000  -1.398592e+001  -2.015630e+001  -2.248806e+001  -2.284922e+001  
-0.000000e+000  -0.000000e+000  -0.000000e+000  -1.136075e+000  -0.000000e+000  -1.398592e+001  -2.015630e+001  -2.248806e+001  -2.284922e+001  
-0.000000e+000  -0.000000e+000  -0.000000e+000  -5.016205e+000  -0.000000e+000  -1.994807e+001  -2.298847e+001  -2.354937e+001  -2.298854e+001  
-0.000000e+000  -0.000000e+000  -0.000000e+000  -2.240506e+001  -5.344387e+001  -3.343305e+001  -2.744342e+001  -2.499209e+001  -2.312578e+001  
-0.000000e+000  -0.000000e+000  -0.000000e+000  -2.433296e+001  -5.086303e+001  -3.717321e+001  -2.992633e+001  -2.603678e+001  -2.303726e+001  
-0.000000e+000  -0.000000e+000  -0.000000e+000  -1.982211e+001  -3.973444e+001  -3.329577e+001  -2.850743e+001  -2.532152e+001  -2.234738e+001  
-0.000000e+000  -0.000000e+000  -0.000000e+000  -1.499716e+001  -2.961136e+001  -2.761947e+001  -2.531736e+001  -2.337136e+001  -2.105804e+001  
-0.000000e+000  -0.000000e+000  -0.000000e+000  -7.688597e+000  -1.516053e+001  -1.602070e+001  -1.631430e+001  -1.632114e+001  -1.600350e+001  
-0.000000e+000  -0.000000e+000  -0.000000e+000  -3.883002e+000  -7.672819e+000  -8.760861e+000  -9.531110e+000  -1.005334e+001  -1.054990e+001  
-0.000000e+000  -0.000000e+000  -0.000000e+000  -2.021482e+000  -3.999352e+000  -4.816849e+000  -5.464769e+000  -5.955177e+000  -6.528370e+000  
-0.000000e+000  -0.000000e+000  -0.000000e+000  -1.065774e+000  -2.109622e+000  -2.648989e+000  -3.095670e+000  -3.447806e+000  -3.889319e+000  
-0.000000e+000  -0.000000e+000  -0.000000e+000  -5.644844e-001  -1.117551e+000  -1.452707e+000  -1.736481e+000  -1.964702e+000  -2.260582e+000  
-0.000000e+000  -0.000000e+000  -0.000000e+000  -2.996417e-001  -5.932472e-001  -7.942822e-001  -9.667410e-001  -1.107037e+000  -1.292343e+000  
-0.000000e+000  -0.000000e+000  -0.000000e+000  -1.597799e-001  -3.163383e-001  -4.343314e-001  -5.364230e-001  -6.200811e-001  -7.318540e-001  
-0.000000e+000  -0.000000e+000  -0.000000e+000  -9.095479e-002  -1.800717e-001  -2.521174e-001  -3.147992e-001  -3.663996e-001  -4.358306e-001  
-0.000000e+000  -0.000000e+000  -0.000000e+000  -7.177934e-002  -1.421067e-001  -2.005760e-001  -2.515510e-001  -2.935856e-001  -3.502915e-001  
-0.000000e+000  -0.000000e+000  -0.000000e+000  -5.662700e-002  -1.121072e-001  -1.594575e-001  -2.008157e-001  -2.349722e-001  -2.811567e-001  
-0.000000e+000  -0.000000e+000  -0.000000e+000  -4.465237e-002  -8.839934e-002  -1.266668e-001  -1.601483e-001  -1.878379e-001  -2.253557e-001  
-0.000000e+000  -0.000000e+000  -0.000000e+000  -3.541644e-002  -7.011392e-002  -1.011617e-001  -1.283677e-001  -1.508951e-001  -1.814745e-001  
-0.000000e+000  -0.000000e+000  -0.000000e+000  -2.806335e-002  -5.555634e-002  -8.069577e-002  -1.027557e-001  -1.210427e-001  -1.459082e-001  
-0.000000e+000  -0.000000e+000  -0.000000e+000  -2.220400e-002  -4.395620e-002  -6.426695e-002  -8.211347e-002  -9.692347e-002  -1.170932e-001  
-0.000000e+000  -0.000000e+000  -0.000000e+000  -1.357572e-002  -2.687460e-002  -3.976917e-002  -5.112558e-002  -6.056722e-002  -7.346101e-002  
-0.000000e+000  -0.000000e+000  -0.000000e+000  -8.540129e-003  -1.690577e-002  -2.527509e-002  -3.265974e-002  -3.880836e-002  -4.722331e-002  
-0.000000e+000  -0.000000e+000  -0.000000e+000  -6.775331e-003  -1.341210e-002  -2.015280e-002  -2.610563e-002  -3.106552e-002  -3.786046e-002  
-0.000000e+000  -0.000000e+000  -0.000000e+000  -5.373523e-003  -1.063705e-002  -1.606039e-002  -2.085375e-002  -2.485016e-002  -3.033033e-002  
-0.000000e+000  -0.000000e+000  -0.000000e+000  -4.259880e-003  -8.432485e-003  -1.279115e-002  -1.664647e-002  -1.986274e-002  -2.427705e-002  
-0.000000e+000  -0.000000e+000  -0.000000e+000  -3.378037e-003  -6.686806e-003  -1.018867e-002  -1.328838e-002  -1.587577e-002  -1.942989e-002  
-0.000000e+000  -0.000000e+000  -0.000000e+000  -2.676200e-003  -5.297477e-003  -8.107026e-003  -1.059563e-002  -1.267405e-002  -1.553129e-002  
-0.000000e+000  -0.000000e+000  -0.000000e+000  -2.117095e-003  -4.190706e-003  -6.440874e-003  -8.435321e-003  -1.010190e-002  -1.239472e-002  
-0.000000e+000  -0.000000e+000  -0.000000e+000  -1.303987e-003  -2.581149e-003  -3.998414e-003  -5.256097e-003  -6.308006e-003  -7.757134e-003  
-0.000000e+000  -0.000000e+000  -0.000000e+000  -8.059743e-004  -1.595346e-003  -2.488793e-003  -3.282448e-003  -3.946782e-003  -4.863039e-003  
-0.000000e+000  -0.000000e+000  -0.000000e+000  -6.391652e-004  -1.265156e-003  -1.980314e-003  -2.615895e-003  -3.148110e-003  -3.882541e-003  
-0.000000e+000  -0.000000e+000  -0.000000e+000  -5.066023e-004  -1.002756e-003  -1.574679e-003  -2.083191e-003  -2.509153e-003  -3.097259e-003  
-0.000000e+000  -0.000000e+000  -0.000000e+000  -4.012009e-004  -7.941217e-004  -1.250972e-003  -1.657346e-003  -1.997864e-003  -2.468231e-003  
-0.000000e+000  -0.000000e+000  -0.000000e+000  -3.137581e-004  -6.210367e-004  -9.814513e-004  -1.302182e-003  -1.571028e-003  -1.942573e-003  
-0.000000e+000  -0.000000e+000  -0.000000e+000  -2.448552e-004  -4.846506e-004  -7.683381e-004  -1.020896e-003  -1.232667e-003  -1.525473e-003  
-0.000000e+000  -0.000000e+000  -0.000000e+000  -1.904301e-004  -3.769226e-004  -5.994633e-004  -7.976673e-004  -9.639164e-004  -1.193889e-003  
-0.000000e+000  -0.000000e+000  -0.000000e+000  -1.006402e-004  -1.991966e-004  -3.189945e-004  -4.257858e-004  -5.154216e-004  -6.395378e-004  
-0.000000e+000  -0.000000e+000  -0.000000e+000  -5.097993e-005  -1.009029e-004  -1.626523e-004  -2.177426e-004  -2.640124e-004  -3.281395e-004  
-0.000000e+000  -0.000000e+000  -0.000000e+000  -2.581390e-005  -5.109194e-005  -8.285036e-005  -1.112043e-004  -1.350318e-004  -1.680819e-004  
-0.000000e+000  -0.000000e+000  -0.000000e+000  -1.306623e-005  -2.586092e-005  -4.216281e-005  -5.672642e-005  -6.897118e-005  -8.596733e-005  
-0.000000e+000  -0.000000e+000  -0.000000e+000  -6.611547e-006  -1.308556e-005  -2.143902e-005  -2.890597e-005  -3.518676e-005  -4.391020e-005  
-0.000000e+000  -0.000000e+000  -0.000000e+000  -3.344440e-006  -6.619256e-006  -1.089319e-005  -1.471547e-005  -1.793183e-005  -2.240153e-005  
-0.000000e+000  -0.000000e+000  -0.000000e+000  -1.691317e-006  -3.347397e-006  -5.531097e-006  -7.484913e-006  -9.129569e-006  -1.141626e-005  
-0.000000e+000  -0.000000e+000  -0.000000e+000  -8.551102e-007  -1.692384e-006  -2.806741e-006  -3.804192e-006  -4.644079e-006  -5.812345e-006  
-0.000000e+000  -0.000000e+000  -0.000000e+000  -4.322365e-007  -8.554529e-007  -1.423505e-006  -1.932147e-006  -2.360561e-006  -2.956707e-006  
-0.000000e+000  -0.000000e+000  -0.000000e+000  -2.184521e-007  -4.323596e-007  -7.216504e-007  -9.807779e-007  -1.199090e-006  -1.502981e-006  
-0.000000e+000  -0.000000e+000  -0.000000e+000  -1.104198e-007  -2.185407e-007  -3.657730e-007  -4.976978e-007  -6.088660e-007  -7.636721e-007  
-0.000000e+000  -0.000000e+000  -0.000000e+000  -5.586600e-008  -1.105567e-007  -1.855204e-007  -2.526963e-007  -3.093159e-007  -3.881643e-007  
-0.000000e+000  -0.000000e+000  -0.000000e+000  -2.838544e-008  -5.617177e-008  -9.444920e-008  -1.287632e-007  -1.576756e-007  -1.979561e-007  
-0.000000e+000  -0.000000e+000  -0.000000e+000  -1.467826e-008  -2.906051e-008  -4.887060e-008  -6.661397e-008  -8.157055e-008  -1.023667e-007  
-0.000000e+000  -0.000000e+000  -0.000000e+000  -8.391753e-009  -1.657806e-008  -2.769718e-008  -3.757764e-008  -4.584558e-008  -5.726669e-008  
1.813728e-008  1.289921e-008  -0.000000e+000  -7.085149e-009  -1.390439e-008  -2.289721e-008  -3.077321e-008  -3.732772e-008  -4.632333e-008  
3.439842e-008  -2.442097e-008  -0.000000e+000  -6.513978e-009  -1.239579e-008  -1.962632e-008  -2.584991e-008  -3.098368e-008  -3.800623e-008  
-3.003366e-009  -2.442165e-009  -0.000000e+000  -7.838819e-009  -1.242440e-008  -1.776452e-008  -2.246122e-008  -2.636928e-008  -3.175587e-008  
-4.990120e-009  -1.923020e-008  1.791157e-009  -1.066512e-008  -1.311278e-008  -1.684733e-008  -2.025289e-008  -2.314857e-008  -2.721963e-008  
-1.838949e-008  -2.120835e-008  4.619742e-009  -1.257110e-008  -1.401284e-008  -1.643026e-008  -1.876827e-008  -2.084021e-008  -2.383192e-008  
-2.062903e-008  -2.094882e-008  -2.139987e-008  8.481027e-009  -1.466654e-008  -1.618669e-008  -1.774230e-008  -1.916468e-008  -2.132246e-008  
-1.787219e-008  -1.783344e-008  -1.772245e-008  -1.752459e-008  -1.722734e-008  -1.659804e-008  -1.592124e-008  -1.072641e-008  -1.784540e-008  

