Port monitor named: Port1_h1.prt

nx        = 126
ny        = 99
nz        = 21

nu        = 9
nv        = 116
iu        = 8
iv        = 6

idir      = 1
dcut      = -1.047000e-001
icut      = 6
type      = 1
frequency = 1.800000e+009

fcutoff   = 0.000000e+000
alpha     = 0.000000e+000
beta      = 6.981522e+001
accuracy  = 3.371235e-014

type          = QTEM
wave imp.     = 2.044707e+002
wave imp.sig. = 1.997620e-009
line imp.     = 4.908036e+001

ref. port     = 0

1.506275e-011  1.986133e-011  2.729360e-011  -3.606364e-010  -5.363556e-011  -2.507034e-011  -0.000000e+000  9.245764e-011  2.831400e-011  
-1.618399e-010  -3.211133e-011  -1.412688e-009  1.060706e-009  -7.923038e-011  -2.756257e-011  1.660703e-011  5.302391e-011  9.909913e-011  
-7.581153e-010  -1.581037e-010  9.066882e-011  -1.585654e-010  -1.041486e-010  -2.691610e-011  3.444520e-011  8.094463e-011  1.385450e-010  
-1.593115e-010  -9.471122e-010  -0.000000e+000  -2.290451e-010  -1.142618e-010  -6.325536e-012  6.868304e-011  1.243352e-010  1.933159e-010  
-1.928646e-009  1.098310e-009  -0.000000e+000  -8.441301e-011  -3.109087e-011  5.486723e-011  1.273618e-010  1.874657e-010  2.673675e-010  
8.189027e-010  -1.905779e-009  -0.000000e+000  1.648075e-011  5.459591e-011  1.287124e-010  2.051103e-010  2.708379e-010  3.643497e-010  
9.228332e-010  6.564003e-010  -0.000000e+000  5.357240e-011  1.123212e-010  2.058255e-010  2.959877e-010  3.747286e-010  4.877932e-010  
-0.000000e+000  -0.000000e+000  -0.000000e+000  1.031534e-010  2.046014e-010  3.549157e-010  4.915041e-010  6.080748e-010  7.729621e-010  
-0.000000e+000  -0.000000e+000  -0.000000e+000  2.113634e-010  4.180069e-010  7.215893e-010  9.947699e-010  1.225542e-009  1.548576e-009  
-0.000000e+000  -0.000000e+000  -0.000000e+000  4.247839e-010  8.406182e-010  1.450528e-009  1.998499e-009  2.461715e-009  3.108657e-009  
-0.000000e+000  -0.000000e+000  -0.000000e+000  8.451700e-010  1.672665e-009  2.886195e-009  3.976878e-009  4.897860e-009  6.184921e-009  
-0.000000e+000  -0.000000e+000  -0.000000e+000  1.677764e-009  3.320056e-009  5.729158e-009  7.893983e-009  9.722511e-009  1.227701e-008  
-0.000000e+000  -0.000000e+000  -0.000000e+000  3.328164e-009  6.586555e-009  1.136558e-008  1.566026e-008  1.928771e-008  2.435527e-008  
-0.000000e+000  -0.000000e+000  -0.000000e+000  6.601701e-009  1.306456e-008  2.254378e-008  3.106232e-008  3.825717e-008  4.830901e-008  
-0.000000e+000  -0.000000e+000  -0.000000e+000  1.309404e-008  2.591260e-008  4.471394e-008  6.161010e-008  7.588061e-008  9.581770e-008  
-0.000000e+000  -0.000000e+000  -0.000000e+000  2.597076e-008  5.139556e-008  8.868626e-008  1.221978e-007  1.505026e-007  1.900458e-007  
-0.000000e+000  -0.000000e+000  -0.000000e+000  5.151077e-008  1.019385e-007  1.759011e-007  2.423682e-007  2.985078e-007  3.769382e-007  
-0.000000e+000  -0.000000e+000  -0.000000e+000  1.021666e-007  2.021850e-007  3.488830e-007  4.807147e-007  5.920622e-007  7.476218e-007  
-0.000000e+000  -0.000000e+000  -0.000000e+000  2.026380e-007  4.010150e-007  6.919769e-007  9.534525e-007  1.174300e-006  1.482837e-006  
-0.000000e+000  -0.000000e+000  -0.000000e+000  4.019136e-007  7.953761e-007  1.372471e-006  1.891083e-006  2.329113e-006  2.941069e-006  
-0.000000e+000  -0.000000e+000  -0.000000e+000  7.971575e-007  1.577553e-006  2.722168e-006  3.750786e-006  4.619577e-006  5.833333e-006  
-0.000000e+000  -0.000000e+000  -0.000000e+000  1.554540e-006  3.076393e-006  5.308510e-006  7.314423e-006  9.008657e-006  1.137561e-005  
-0.000000e+000  -0.000000e+000  -0.000000e+000  2.511254e-006  4.969704e-006  8.575535e-006  1.181595e-005  1.455287e-005  1.837651e-005  
-0.000000e+000  -0.000000e+000  -0.000000e+000  3.186274e-006  6.305552e-006  1.088063e-005  1.499206e-005  1.846466e-005  2.331609e-005  
-0.000000e+000  -0.000000e+000  -0.000000e+000  4.053155e-006  8.021083e-006  1.384088e-005  1.907090e-005  2.348828e-005  2.965963e-005  
-0.000000e+000  -0.000000e+000  -0.000000e+000  5.138081e-006  1.016812e-005  1.754573e-005  2.417569e-005  2.977548e-005  3.759874e-005  
-0.000000e+000  -0.000000e+000  -0.000000e+000  6.478081e-006  1.281995e-005  2.212163e-005  3.048067e-005  3.754088e-005  4.740443e-005  
-0.000000e+000  -0.000000e+000  -0.000000e+000  8.172480e-006  1.617311e-005  2.790773e-005  3.845315e-005  4.736002e-005  5.980346e-005  
-0.000000e+000  -0.000000e+000  -0.000000e+000  1.151954e-005  2.279687e-005  3.933742e-005  5.420175e-005  6.675644e-005  8.429613e-005  
-0.000000e+000  -0.000000e+000  -0.000000e+000  1.892039e-005  3.744295e-005  6.461015e-005  8.902420e-005  1.096448e-004  1.384530e-004  
-0.000000e+000  -0.000000e+000  -0.000000e+000  2.780073e-005  5.501689e-005  9.493507e-005  1.308079e-004  1.611068e-004  2.034360e-004  
-0.000000e+000  -0.000000e+000  -0.000000e+000  3.500336e-005  6.927070e-005  1.195309e-004  1.646977e-004  2.028463e-004  2.561422e-004  
-0.000000e+000  -0.000000e+000  -0.000000e+000  4.412094e-005  8.731413e-005  1.506660e-004  2.075976e-004  2.556830e-004  3.228610e-004  
-0.000000e+000  -0.000000e+000  -0.000000e+000  5.565227e-005  1.101343e-004  1.900436e-004  2.618545e-004  3.225073e-004  4.072424e-004  
-0.000000e+000  -0.000000e+000  -0.000000e+000  7.022824e-005  1.389797e-004  2.398180e-004  3.304370e-004  4.069751e-004  5.139025e-004  
-0.000000e+000  -0.000000e+000  -0.000000e+000  8.864631e-005  1.754285e-004  3.027126e-004  4.170969e-004  5.137074e-004  6.486762e-004  
-0.000000e+000  -0.000000e+000  -0.000000e+000  1.250132e-004  2.473974e-004  4.268987e-004  5.882078e-004  7.244509e-004  9.147860e-004  
-0.000000e+000  -0.000000e+000  -0.000000e+000  2.053913e-004  4.064630e-004  7.013737e-004  9.663925e-004  1.190227e-003  1.502919e-003  
-0.000000e+000  -0.000000e+000  -0.000000e+000  3.018275e-004  5.973061e-004  1.030679e-003  1.420117e-003  1.749028e-003  2.208486e-003  
-0.000000e+000  -0.000000e+000  -0.000000e+000  3.800469e-004  7.520983e-004  1.297774e-003  1.788122e-003  2.202249e-003  2.780720e-003  
-0.000000e+000  -0.000000e+000  -0.000000e+000  4.790692e-004  9.480570e-004  1.635897e-003  2.253979e-003  2.775967e-003  3.505049e-003  
-0.000000e+000  -0.000000e+000  -0.000000e+000  6.063808e-004  1.199996e-003  2.070604e-003  2.852886e-003  3.513512e-003  4.436136e-003  
-0.000000e+000  -0.000000e+000  -0.000000e+000  7.711855e-004  1.526127e-003  2.633304e-003  3.628095e-003  4.468118e-003  5.641092e-003  
-0.000000e+000  -0.000000e+000  -0.000000e+000  9.810810e-004  1.941479e-003  3.349910e-003  4.615260e-003  5.683627e-003  7.175087e-003  
-0.000000e+000  -0.000000e+000  -0.000000e+000  1.443461e-003  2.856435e-003  4.928359e-003  6.789427e-003  8.360372e-003  1.055225e-002  
-0.000000e+000  -0.000000e+000  -0.000000e+000  2.678156e-003  5.299371e-003  9.141634e-003  1.259043e-002  1.549899e-002  1.954947e-002  
-0.000000e+000  -0.000000e+000  -0.000000e+000  5.160004e-003  1.020835e-002  1.760126e-002  2.422453e-002  2.979700e-002  3.751822e-002  
-0.000000e+000  -0.000000e+000  -0.000000e+000  9.961282e-003  1.969706e-002  3.391806e-002  4.659546e-002  5.719592e-002  7.169472e-002  
-0.000000e+000  -0.000000e+000  -0.000000e+000  1.945616e-002  3.841899e-002  6.592724e-002  9.012638e-002  1.100364e-001  1.363655e-001  
-0.000000e+000  -0.000000e+000  -0.000000e+000  3.926529e-002  7.723468e-002  1.312518e-001  1.770633e-001  2.131493e-001  2.567078e-001  
-0.000000e+000  -0.000000e+000  -0.000000e+000  8.640148e-002  1.680438e-001  2.776452e-001  3.611155e-001  4.189256e-001  4.706422e-001  
-0.000000e+000  -0.000000e+000  -0.000000e+000  2.275773e-001  4.292862e-001  6.555162e-001  7.744760e-001  8.190093e-001  7.869282e-001  
-0.000000e+000  -0.000000e+000  -0.000000e+000  6.383594e-001  1.143006e+000  1.481540e+000  1.457013e+000  1.300632e+000  9.849877e-001  
-0.000000e+000  -0.000000e+000  -0.000000e+000  1.262093e+000  2.209722e+000  2.411245e+000  2.021706e+000  1.578216e+000  1.026984e+000  
-0.000000e+000  -0.000000e+000  -0.000000e+000  2.794845e+000  5.147249e+000  4.077078e+000  2.665135e+000  1.719464e+000  9.379185e-001  
-0.000000e+000  -0.000000e+000  -0.000000e+000  5.230072e+000  1.373342e+001  5.905153e+000  2.744880e+000  1.461203e+000  6.967315e-001  
-0.000000e+000  -0.000000e+000  -0.000000e+000  2.829781e+000  -0.000000e+000  2.780323e+000  1.563212e+000  8.489789e-001  3.852121e-001  
-0.000000e+000  -0.000000e+000  -0.000000e+000  -2.385401e-010  -0.000000e+000  1.386300e-009  -1.148537e-010  -1.461208e-010  -1.876311e-010  
-0.000000e+000  -0.000000e+000  -0.000000e+000  -2.829781e+000  -0.000000e+000  -2.780323e+000  -1.563212e+000  -8.489789e-001  -3.852121e-001  
-0.000000e+000  -0.000000e+000  -0.000000e+000  -5.230072e+000  -1.373342e+001  -5.905153e+000  -2.744880e+000  -1.461203e+000  -6.967315e-001  
-0.000000e+000  -0.000000e+000  -0.000000e+000  -2.794845e+000  -5.147249e+000  -4.077078e+000  -2.665135e+000  -1.719464e+000  -9.379185e-001  
-0.000000e+000  -0.000000e+000  -0.000000e+000  -1.262093e+000  -2.209722e+000  -2.411245e+000  -2.021706e+000  -1.578216e+000  -1.026984e+000  
-0.000000e+000  -0.000000e+000  -0.000000e+000  -6.383594e-001  -1.143006e+000  -1.481540e+000  -1.457013e+000  -1.300632e+000  -9.849877e-001  
-0.000000e+000  -0.000000e+000  -0.000000e+000  -2.275773e-001  -4.292862e-001  -6.555162e-001  -7.744760e-001  -8.190093e-001  -7.869282e-001  
-0.000000e+000  -0.000000e+000  -0.000000e+000  -8.640148e-002  -1.680438e-001  -2.776452e-001  -3.611155e-001  -4.189256e-001  -4.706422e-001  
-0.000000e+000  -0.000000e+000  -0.000000e+000  -3.926529e-002  -7.723468e-002  -1.312518e-001  -1.770633e-001  -2.131493e-001  -2.567078e-001  
-0.000000e+000  -0.000000e+000  -0.000000e+000  -1.945617e-002  -3.841899e-002  -6.592724e-002  -9.012638e-002  -1.100364e-001  -1.363655e-001  
-0.000000e+000  -0.000000e+000  -0.000000e+000  -9.961283e-003  -1.969706e-002  -3.391807e-002  -4.659547e-002  -5.719593e-002  -7.169473e-002  
-0.000000e+000  -0.000000e+000  -0.000000e+000  -5.160007e-003  -1.020836e-002  -1.760127e-002  -2.422454e-002  -2.979701e-002  -3.751824e-002  
-0.000000e+000  -0.000000e+000  -0.000000e+000  -2.678161e-003  -5.299381e-003  -9.141652e-003  -1.259046e-002  -1.549902e-002  -1.954951e-002  
-0.000000e+000  -0.000000e+000  -0.000000e+000  -1.443471e-003  -2.856454e-003  -4.928392e-003  -6.789473e-003  -8.360428e-003  -1.055232e-002  
-0.000000e+000  -0.000000e+000  -0.000000e+000  -9.810961e-004  -1.941509e-003  -3.349961e-003  -4.615332e-003  -5.683715e-003  -7.175198e-003  
-0.000000e+000  -0.000000e+000  -0.000000e+000  -7.712046e-004  -1.526165e-003  -2.633370e-003  -3.628185e-003  -4.468229e-003  -5.641232e-003  
-0.000000e+000  -0.000000e+000  -0.000000e+000  -6.064051e-004  -1.200044e-003  -2.070687e-003  -2.853000e-003  -3.513653e-003  -4.436314e-003  
-0.000000e+000  -0.000000e+000  -0.000000e+000  -4.788434e-004  -9.476103e-004  -1.635126e-003  -2.252917e-003  -2.774659e-003  -3.503398e-003  
-0.000000e+000  -0.000000e+000  -0.000000e+000  -3.795174e-004  -7.510503e-004  -1.295966e-003  -1.785631e-003  -2.199181e-003  -2.776846e-003  
-0.000000e+000  -0.000000e+000  -0.000000e+000  -3.011357e-004  -5.959370e-004  -1.028316e-003  -1.416862e-003  -1.745020e-003  -2.203425e-003  
-0.000000e+000  -0.000000e+000  -0.000000e+000  -2.034264e-004  -4.025746e-004  -6.946642e-004  -9.571478e-004  -1.178841e-003  -1.488543e-003  
-0.000000e+000  -0.000000e+000  -0.000000e+000  -1.245259e-004  -2.464331e-004  -4.252348e-004  -5.859151e-004  -7.216272e-004  -9.112205e-004  
-0.000000e+000  -0.000000e+000  -0.000000e+000  -8.884444e-005  -1.758206e-004  -3.033891e-004  -4.180291e-004  -5.148556e-004  -6.501260e-004  
-0.000000e+000  -0.000000e+000  -0.000000e+000  -7.031792e-005  -1.391572e-004  -2.401243e-004  -3.308589e-004  -4.074949e-004  -5.145588e-004  
-0.000000e+000  -0.000000e+000  -0.000000e+000  -5.566999e-005  -1.101694e-004  -1.901041e-004  -2.619379e-004  -3.226100e-004  -4.073721e-004  
-0.000000e+000  -0.000000e+000  -0.000000e+000  -4.411627e-005  -8.730488e-005  -1.506500e-004  -2.075756e-004  -2.556560e-004  -3.228269e-004  
-0.000000e+000  -0.000000e+000  -0.000000e+000  -3.499966e-005  -6.926337e-005  -1.195183e-004  -1.646802e-004  -2.028249e-004  -2.561151e-004  
-0.000000e+000  -0.000000e+000  -0.000000e+000  -2.779779e-005  -5.501107e-005  -9.492502e-005  -1.307940e-004  -1.610897e-004  -2.034145e-004  
-0.000000e+000  -0.000000e+000  -0.000000e+000  -1.891839e-005  -3.743898e-005  -6.460331e-005  -8.901478e-005  -1.096332e-004  -1.384383e-004  
-0.000000e+000  -0.000000e+000  -0.000000e+000  -1.151832e-005  -2.279445e-005  -3.933326e-005  -5.419601e-005  -6.674938e-005  -8.428721e-005  
-0.000000e+000  -0.000000e+000  -0.000000e+000  -8.171615e-006  -1.617140e-005  -2.790478e-005  -3.844908e-005  -4.735500e-005  -5.979713e-005  
-0.000000e+000  -0.000000e+000  -0.000000e+000  -6.477395e-006  -1.281859e-005  -2.211929e-005  -3.047744e-005  -3.753691e-005  -4.739941e-005  
-0.000000e+000  -0.000000e+000  -0.000000e+000  -5.137536e-006  -1.016705e-005  -1.754387e-005  -2.417313e-005  -2.977233e-005  -3.759476e-005  
-0.000000e+000  -0.000000e+000  -0.000000e+000  -4.052726e-006  -8.020234e-006  -1.383942e-005  -1.906888e-005  -2.348579e-005  -2.965649e-005  
-0.000000e+000  -0.000000e+000  -0.000000e+000  -3.185938e-006  -6.304886e-006  -1.087948e-005  -1.499047e-005  -1.846271e-005  -2.331363e-005  
-0.000000e+000  -0.000000e+000  -0.000000e+000  -2.510988e-006  -4.969177e-006  -8.574628e-006  -1.181470e-005  -1.455133e-005  -1.837457e-005  
-0.000000e+000  -0.000000e+000  -0.000000e+000  -1.554376e-006  -3.076068e-006  -5.307949e-006  -7.313649e-006  -9.007703e-006  -1.137440e-005  
-0.000000e+000  -0.000000e+000  -0.000000e+000  -7.970731e-007  -1.577386e-006  -2.721880e-006  -3.750389e-006  -4.619089e-006  -5.832716e-006  
-0.000000e+000  -0.000000e+000  -0.000000e+000  -4.018710e-007  -7.952919e-007  -1.372326e-006  -1.890883e-006  -2.328867e-006  -2.940758e-006  
-0.000000e+000  -0.000000e+000  -0.000000e+000  -2.026164e-007  -4.009727e-007  -6.919036e-007  -9.533516e-007  -1.174176e-006  -1.482680e-006  
-0.000000e+000  -0.000000e+000  -0.000000e+000  -1.021559e-007  -2.021637e-007  -3.488462e-007  -4.806638e-007  -5.919996e-007  -7.475426e-007  
-0.000000e+000  -0.000000e+000  -0.000000e+000  -5.150546e-008  -1.019276e-007  -1.758824e-007  -2.423426e-007  -2.984761e-007  -3.768984e-007  
-0.000000e+000  -0.000000e+000  -0.000000e+000  -2.596804e-008  -5.139009e-008  -8.867685e-008  -1.221849e-007  -1.504866e-007  -1.900257e-007  
-0.000000e+000  -0.000000e+000  -0.000000e+000  -1.309248e-008  -2.590985e-008  -4.470930e-008  -6.160350e-008  -7.587254e-008  -9.580756e-008  
-0.000000e+000  -0.000000e+000  -0.000000e+000  -6.601069e-009  -1.306327e-008  -2.254137e-008  -3.105899e-008  -3.825314e-008  -4.830387e-008  
-0.000000e+000  -0.000000e+000  -0.000000e+000  -3.327996e-009  -6.585706e-009  -1.136439e-008  -1.565864e-008  -1.928564e-008  -2.435273e-008  
-0.000000e+000  -0.000000e+000  -0.000000e+000  -1.677481e-009  -3.319845e-009  -5.728619e-009  -7.893264e-009  -9.721624e-009  -1.227570e-008  
-0.000000e+000  -0.000000e+000  -0.000000e+000  -8.451060e-010  -1.672723e-009  -2.885867e-009  -3.976358e-009  -4.897373e-009  -6.184478e-009  
-0.000000e+000  -0.000000e+000  -0.000000e+000  -4.247436e-010  -8.405216e-010  -1.450495e-009  -1.998495e-009  -2.461616e-009  -3.108360e-009  
-0.000000e+000  -0.000000e+000  -0.000000e+000  -2.112673e-010  -4.178038e-010  -7.214990e-010  -9.947854e-010  -1.225441e-009  -1.548577e-009  
-0.000000e+000  -0.000000e+000  -0.000000e+000  -1.030470e-010  -2.047776e-010  -3.548777e-010  -4.914116e-010  -6.081199e-010  -7.727672e-010  
-9.220346e-010  -6.557500e-010  -0.000000e+000  -5.391938e-011  -1.117104e-010  -2.053353e-010  -2.960671e-010  -3.748339e-010  -4.881372e-010  
-8.180492e-010  1.903348e-009  -0.000000e+000  -1.688200e-011  -5.429318e-011  -1.298605e-010  -2.048469e-010  -2.709731e-010  -3.643453e-010  
1.926311e-009  -1.095806e-009  -0.000000e+000  8.484407e-011  3.035166e-011  -5.395366e-011  -1.272694e-010  -1.870398e-010  -2.668239e-010  
1.598418e-010  9.448038e-010  -0.000000e+000  2.289756e-010  1.144045e-010  6.304721e-012  -6.885079e-011  -1.243421e-010  -1.933858e-010  
7.564998e-010  1.587151e-010  -9.146914e-011  1.585604e-010  1.042384e-010  2.700949e-011  -3.450622e-011  -8.073780e-011  -1.389713e-010  
1.623581e-010  3.152666e-011  1.411088e-009  -1.059412e-009  7.861124e-011  2.778855e-011  -1.673978e-011  -5.323842e-011  -9.888226e-011  
-1.497711e-011  -1.970416e-011  -2.717314e-011  3.601598e-010  5.369589e-011  2.489080e-011  -0.000000e+000  -9.215070e-011  -2.827223e-011  
-0.000000e+000  -0.000000e+000  -0.000000e+000  -0.000000e+000  -0.000000e+000  -0.000000e+000  -0.000000e+000  -0.000000e+000  -0.000000e+000  

3.384911e-012  9.563308e-012  1.743711e-011  2.619776e-011  3.597950e-011  3.874757e-011  2.971520e-010  -1.893533e-010  -0.000000e+000  
-2.794214e-011  -3.856836e-011  2.632157e-009  -2.047684e-009  -9.591532e-011  -1.009250e-010  -9.162622e-011  -6.363125e-011  -0.000000e+000  
-2.412351e-010  2.224939e-009  -1.520963e-009  -1.397102e-010  -1.549028e-010  -1.518919e-010  -1.339483e-010  -8.847873e-011  -0.000000e+000  
-1.227904e-009  1.813534e-009  -1.106122e-009  -2.344987e-010  -2.429771e-010  -2.228225e-010  -1.883564e-010  -1.198029e-010  -0.000000e+000  
6.357392e-011  1.933066e-010  -5.188654e-010  -4.324706e-010  -3.664621e-010  -3.104545e-010  -2.542948e-010  -1.577992e-010  -0.000000e+000  
-5.068378e-009  2.215372e-009  -5.969635e-010  -5.342777e-010  -4.724973e-010  -4.008415e-010  -3.296116e-010  -2.040323e-010  -0.000000e+000  
-4.510895e-010  -1.161228e-009  -6.399925e-010  -6.145550e-010  -5.694851e-010  -4.992242e-010  -4.142113e-010  -2.590971e-010  -0.000000e+000  
-0.000000e+000  -0.000000e+000  -7.529612e-010  -7.360991e-010  -6.933833e-010  -6.175654e-010  -5.171585e-010  -3.265451e-010  -0.000000e+000  
-0.000000e+000  -0.000000e+000  -1.313421e-009  -1.286935e-009  -1.221689e-009  -1.096864e-009  -9.256216e-010  -5.903951e-010  -0.000000e+000  
-0.000000e+000  -0.000000e+000  -2.541212e-009  -2.487579e-009  -2.364835e-009  -2.125248e-009  -1.794291e-009  -1.146396e-009  -0.000000e+000  
-0.000000e+000  -0.000000e+000  -5.007555e-009  -4.902032e-009  -4.660453e-009  -4.187603e-009  -3.537301e-009  -2.259840e-009  -0.000000e+000  
-0.000000e+000  -0.000000e+000  -9.913073e-009  -9.704978e-009  -9.226456e-009  -8.290838e-009  -7.001934e-009  -4.474189e-009  -0.000000e+000  
-0.000000e+000  -0.000000e+000  -1.964763e-008  -1.923412e-008  -1.828757e-008  -1.643224e-008  -1.387790e-008  -8.867538e-009  -0.000000e+000  
-0.000000e+000  -0.000000e+000  -3.895094e-008  -3.813306e-008  -3.625578e-008  -3.257722e-008  -2.751311e-008  -1.757944e-008  -0.000000e+000  
-0.000000e+000  -0.000000e+000  -7.722491e-008  -7.560318e-008  -7.188116e-008  -6.458742e-008  -5.454627e-008  -3.485231e-008  -0.000000e+000  
-0.000000e+000  -0.000000e+000  -1.531052e-007  -1.498895e-007  -1.425100e-007  -1.280490e-007  -1.081396e-007  -6.909520e-008  -0.000000e+000  
-0.000000e+000  -0.000000e+000  -3.035338e-007  -2.971606e-007  -2.825277e-007  -2.538549e-007  -2.143841e-007  -1.369768e-007  -0.000000e+000  
-0.000000e+000  -0.000000e+000  -6.017393e-007  -5.891068e-007  -5.600926e-007  -5.032436e-007  -4.249924e-007  -2.715368e-007  -0.000000e+000  
-0.000000e+000  -0.000000e+000  -1.192863e-006  -1.167824e-006  -1.110300e-006  -9.975906e-007  -8.424607e-007  -5.382576e-007  -0.000000e+000  
-0.000000e+000  -0.000000e+000  -2.364573e-006  -2.314946e-006  -2.200901e-006  -1.977448e-006  -1.669924e-006  -1.066914e-006  -0.000000e+000  
-0.000000e+000  -0.000000e+000  -4.686978e-006  -4.588623e-006  -4.362530e-006  -3.919538e-006  -3.309942e-006  -2.114678e-006  -0.000000e+000  
-0.000000e+000  -0.000000e+000  -9.289852e-006  -9.094946e-006  -8.646732e-006  -7.768546e-006  -6.560221e-006  -4.191146e-006  -0.000000e+000  
-0.000000e+000  -0.000000e+000  -1.765140e-005  -1.728114e-005  -1.642934e-005  -1.476042e-005  -1.246438e-005  -7.962970e-006  -0.000000e+000  
-0.000000e+000  -0.000000e+000  -2.273965e-005  -2.226269e-005  -2.116525e-005  -1.901508e-005  -1.605708e-005  -1.025809e-005  -0.000000e+000  
-0.000000e+000  -0.000000e+000  -2.919359e-005  -2.858131e-005  -2.717228e-005  -2.441162e-005  -2.061399e-005  -1.316915e-005  -0.000000e+000  
-0.000000e+000  -0.000000e+000  -3.740067e-005  -3.661632e-005  -3.481103e-005  -3.127399e-005  -2.640861e-005  -1.687084e-005  -0.000000e+000  
-0.000000e+000  -0.000000e+000  -4.731397e-005  -4.632181e-005  -4.403782e-005  -3.956291e-005  -3.340777e-005  -2.134196e-005  -0.000000e+000  
-0.000000e+000  -0.000000e+000  -5.980828e-005  -5.855423e-005  -5.566685e-005  -5.000979e-005  -4.222903e-005  -2.697699e-005  -0.000000e+000  
-0.000000e+000  -0.000000e+000  -7.556489e-005  -7.398058e-005  -7.033220e-005  -6.318418e-005  -5.335329e-005  -3.408309e-005  -0.000000e+000  
-0.000000e+000  -0.000000e+000  -1.227564e-004  -1.201832e-004  -1.142552e-004  -1.026412e-004  -8.666978e-005  -5.536507e-005  -0.000000e+000  
-0.000000e+000  -0.000000e+000  -2.002018e-004  -1.960060e-004  -1.863362e-004  -1.673914e-004  -1.413422e-004  -9.028786e-005  -0.000000e+000  
-0.000000e+000  -0.000000e+000  -2.536905e-004  -2.483741e-004  -2.361196e-004  -2.121107e-004  -1.791007e-004  -1.144061e-004  -0.000000e+000  
-0.000000e+000  -0.000000e+000  -3.210086e-004  -3.142823e-004  -2.987742e-004  -2.683913e-004  -2.266204e-004  -1.447588e-004  -0.000000e+000  
-0.000000e+000  -0.000000e+000  -4.058241e-004  -3.973215e-004  -3.777137e-004  -3.392991e-004  -2.864897e-004  -1.829991e-004  -0.000000e+000  
-0.000000e+000  -0.000000e+000  -5.127576e-004  -5.020157e-004  -4.772385e-004  -4.286964e-004  -3.619694e-004  -2.312094e-004  -0.000000e+000  
-0.000000e+000  -0.000000e+000  -6.476338e-004  -6.340679e-004  -6.027695e-004  -5.414518e-004  -4.571696e-004  -2.920145e-004  -0.000000e+000  
-0.000000e+000  -0.000000e+000  -8.177990e-004  -8.006704e-004  -7.611434e-004  -6.837054e-004  -5.772736e-004  -3.687242e-004  -0.000000e+000  
-0.000000e+000  -0.000000e+000  -1.327604e-003  -1.299804e-003  -1.235619e-003  -1.109875e-003  -9.370792e-004  -5.985225e-004  -0.000000e+000  
-0.000000e+000  -0.000000e+000  -2.164237e-003  -2.118928e-003  -2.014261e-003  -1.809213e-003  -1.527492e-003  -9.755796e-004  -0.000000e+000  
-0.000000e+000  -0.000000e+000  -2.741983e-003  -2.684584e-003  -2.551950e-003  -2.292118e-003  -1.935164e-003  -1.235912e-003  -0.000000e+000  
-0.000000e+000  -0.000000e+000  -3.469035e-003  -3.396422e-003  -3.228583e-003  -2.899789e-003  -2.448148e-003  -1.563474e-003  -0.000000e+000  
-0.000000e+000  -0.000000e+000  -4.384967e-003  -4.293187e-003  -4.080979e-003  -3.665278e-003  -3.094330e-003  -1.976056e-003  -0.000000e+000  
-0.000000e+000  -0.000000e+000  -5.581661e-003  -5.464833e-003  -5.194628e-003  -4.665328e-003  -3.938466e-003  -2.514965e-003  -0.000000e+000  
-0.000000e+000  -0.000000e+000  -7.102559e-003  -6.953888e-003  -6.609921e-003  -5.936161e-003  -5.011077e-003  -3.199623e-003  -0.000000e+000  
-0.000000e+000  -0.000000e+000  -9.036029e-003  -8.846854e-003  -8.409029e-003  -7.551469e-003  -6.374274e-003  -4.069557e-003  -0.000000e+000  
-0.000000e+000  -0.000000e+000  -1.602487e-002  -1.568909e-002  -1.491132e-002  -1.338825e-002  -1.129884e-002  -7.210581e-003  -0.000000e+000  
-0.000000e+000  -0.000000e+000  -3.040922e-002  -2.977006e-002  -2.828813e-002  -2.538773e-002  -2.141447e-002  -1.365133e-002  -0.000000e+000  
-0.000000e+000  -0.000000e+000  -5.805376e-002  -5.682265e-002  -5.396516e-002  -4.838070e-002  -4.075575e-002  -2.591028e-002  -0.000000e+000  
-0.000000e+000  -0.000000e+000  -1.112494e-001  -1.088327e-001  -1.032175e-001  -9.228710e-002  -7.748494e-002  -4.892174e-002  -0.000000e+000  
-0.000000e+000  -0.000000e+000  -2.146561e-001  -2.096858e-001  -1.981334e-001  -1.758994e-001  -1.464262e-001  -9.084012e-002  -0.000000e+000  
-0.000000e+000  -0.000000e+000  -4.216093e-001  -4.101108e-001  -3.834865e-001  -3.339110e-001  -2.717660e-001  -1.611966e-001  -0.000000e+000  
-0.000000e+000  -0.000000e+000  -8.695874e-001  -8.349440e-001  -7.562338e-001  -6.224700e-001  -4.762928e-001  -2.507950e-001  -0.000000e+000  
-0.000000e+000  -0.000000e+000  -1.899856e+000  -1.755118e+000  -1.440085e+000  -1.004204e+000  -6.437300e-001  -2.374235e-001  -0.000000e+000  
-0.000000e+000  -0.000000e+000  -3.036436e+000  -2.663223e+000  -1.857578e+000  -1.011502e+000  -4.965823e-001  -9.111790e-002  -0.000000e+000  
-0.000000e+000  -0.000000e+000  -5.247796e+000  -4.339309e+000  -2.134715e+000  -6.215081e-001  -3.510717e-002  1.738016e-001  -0.000000e+000  
-0.000000e+000  -0.000000e+000  -1.008108e+001  -8.423996e+000  -1.019245e+000  8.945486e-001  9.812447e-001  5.563707e-001  -0.000000e+000  
-0.000000e+000  -0.000000e+000  -1.666979e+001  -1.854538e+001  7.195735e+000  3.428085e+000  2.005241e+000  8.331444e-001  -0.000000e+000  
-0.000000e+000  -0.000000e+000  -2.039960e+001  -2.256416e+001  7.722667e+000  4.443179e+000  2.600835e+000  1.009104e+000  -0.000000e+000  
-0.000000e+000  -0.000000e+000  -2.039960e+001  -2.256416e+001  7.722667e+000  4.443179e+000  2.600835e+000  1.009104e+000  -0.000000e+000  
-0.000000e+000  -0.000000e+000  -1.666979e+001  -1.854538e+001  7.195735e+000  3.428085e+000  2.005241e+000  8.331444e-001  -0.000000e+000  
-0.000000e+000  -0.000000e+000  -1.008108e+001  -8.423996e+000  -1.019245e+000  8.945486e-001  9.812447e-001  5.563707e-001  -0.000000e+000  
-0.000000e+000  -0.000000e+000  -5.247796e+000  -4.339309e+000  -2.134715e+000  -6.215081e-001  -3.510717e-002  1.738016e-001  -0.000000e+000  
-0.000000e+000  -0.000000e+000  -3.036436e+000  -2.663223e+000  -1.857578e+000  -1.011502e+000  -4.965823e-001  -9.111790e-002  -0.000000e+000  
-0.000000e+000  -0.000000e+000  -1.899856e+000  -1.755118e+000  -1.440085e+000  -1.004204e+000  -6.437300e-001  -2.374235e-001  -0.000000e+000  
-0.000000e+000  -0.000000e+000  -8.695874e-001  -8.349440e-001  -7.562338e-001  -6.224700e-001  -4.762928e-001  -2.507950e-001  -0.000000e+000  
-0.000000e+000  -0.000000e+000  -4.216092e-001  -4.101108e-001  -3.834865e-001  -3.339110e-001  -2.717660e-001  -1.611966e-001  -0.000000e+000  
-0.000000e+000  -0.000000e+000  -2.146561e-001  -2.096858e-001  -1.981334e-001  -1.758994e-001  -1.464262e-001  -9.084012e-002  -0.000000e+000  
-0.000000e+000  -0.000000e+000  -1.112494e-001  -1.088327e-001  -1.032175e-001  -9.228710e-002  -7.748493e-002  -4.892174e-002  -0.000000e+000  
-0.000000e+000  -0.000000e+000  -5.805375e-002  -5.682263e-002  -5.396515e-002  -4.838069e-002  -4.075574e-002  -2.591027e-002  -0.000000e+000  
-0.000000e+000  -0.000000e+000  -3.040919e-002  -2.977003e-002  -2.828810e-002  -2.538770e-002  -2.141445e-002  -1.365131e-002  -0.000000e+000  
-0.000000e+000  -0.000000e+000  -1.602481e-002  -1.568903e-002  -1.491127e-002  -1.338820e-002  -1.129880e-002  -7.210555e-003  -0.000000e+000  
-0.000000e+000  -0.000000e+000  -9.035923e-003  -8.846751e-003  -8.408930e-003  -7.551381e-003  -6.374199e-003  -4.069509e-003  -0.000000e+000  
-0.000000e+000  -0.000000e+000  -7.102423e-003  -6.953755e-003  -6.609795e-003  -5.936048e-003  -5.010982e-003  -3.199562e-003  -0.000000e+000  
-0.000000e+000  -0.000000e+000  -5.581488e-003  -5.464664e-003  -5.194466e-003  -4.665184e-003  -3.938344e-003  -2.514888e-003  -0.000000e+000  
-0.000000e+000  -0.000000e+000  -4.384747e-003  -4.292971e-003  -4.080774e-003  -3.665093e-003  -3.094174e-003  -1.975956e-003  -0.000000e+000  
-0.000000e+000  -0.000000e+000  -3.465496e-003  -3.392957e-003  -3.225289e-003  -2.896831e-003  -2.445651e-003  -1.561880e-003  -0.000000e+000  
-0.000000e+000  -0.000000e+000  -2.736481e-003  -2.679197e-003  -2.546830e-003  -2.287519e-003  -1.931282e-003  -1.233433e-003  -0.000000e+000  
-0.000000e+000  -0.000000e+000  -2.157695e-003  -2.112523e-003  -2.008173e-003  -1.803746e-003  -1.522877e-003  -9.726320e-004  -0.000000e+000  
-0.000000e+000  -0.000000e+000  -1.310803e-003  -1.283355e-003  -1.219983e-003  -1.095831e-003  -9.252223e-004  -5.909499e-004  -0.000000e+000  
-0.000000e+000  -0.000000e+000  -8.200314e-004  -8.028561e-004  -7.632211e-004  -6.855716e-004  -5.788492e-004  -3.697305e-004  -0.000000e+000  
-0.000000e+000  -0.000000e+000  -6.487883e-004  -6.351981e-004  -6.038439e-004  -5.424169e-004  -4.579844e-004  -2.925349e-004  -0.000000e+000  
-0.000000e+000  -0.000000e+000  -5.131870e-004  -5.024361e-004  -4.776381e-004  -4.290554e-004  -3.622725e-004  -2.314030e-004  -0.000000e+000  
-0.000000e+000  -0.000000e+000  -4.057814e-004  -3.972797e-004  -3.776740e-004  -3.392634e-004  -2.864596e-004  -1.829799e-004  -0.000000e+000  
-0.000000e+000  -0.000000e+000  -3.209748e-004  -3.142492e-004  -2.987428e-004  -2.683630e-004  -2.265965e-004  -1.447436e-004  -0.000000e+000  
-0.000000e+000  -0.000000e+000  -2.536638e-004  -2.483480e-004  -2.360947e-004  -2.120884e-004  -1.790818e-004  -1.143940e-004  -0.000000e+000  
-0.000000e+000  -0.000000e+000  -2.001808e-004  -1.959853e-004  -1.863166e-004  -1.673737e-004  -1.413273e-004  -9.027836e-005  -0.000000e+000  
-0.000000e+000  -0.000000e+000  -1.227435e-004  -1.201705e-004  -1.142432e-004  -1.026304e-004  -8.666066e-005  -5.535925e-005  -0.000000e+000  
-0.000000e+000  -0.000000e+000  -7.555693e-005  -7.397279e-005  -7.032480e-005  -6.317752e-005  -5.334767e-005  -3.407950e-005  -0.000000e+000  
-0.000000e+000  -0.000000e+000  -5.980198e-005  -5.854806e-005  -5.566099e-005  -5.000452e-005  -4.222458e-005  -2.697414e-005  -0.000000e+000  
-0.000000e+000  -0.000000e+000  -4.730899e-005  -4.631693e-005  -4.403318e-005  -3.955874e-005  -3.340425e-005  -2.133971e-005  -0.000000e+000  
-0.000000e+000  -0.000000e+000  -3.739673e-005  -3.661246e-005  -3.480736e-005  -3.127069e-005  -2.640583e-005  -1.686906e-005  -0.000000e+000  
-0.000000e+000  -0.000000e+000  -2.919051e-005  -2.857829e-005  -2.716941e-005  -2.440905e-005  -2.061182e-005  -1.316776e-005  -0.000000e+000  
-0.000000e+000  -0.000000e+000  -2.273725e-005  -2.226034e-005  -2.116302e-005  -1.901307e-005  -1.605539e-005  -1.025701e-005  -0.000000e+000  
-0.000000e+000  -0.000000e+000  -1.764954e-005  -1.727931e-005  -1.642761e-005  -1.475887e-005  -1.246306e-005  -7.962130e-006  -0.000000e+000  
-0.000000e+000  -0.000000e+000  -9.288872e-006  -9.093987e-006  -8.645821e-006  -7.767727e-006  -6.559530e-006  -4.190704e-006  -0.000000e+000  
-0.000000e+000  -0.000000e+000  -4.686483e-006  -4.588140e-006  -4.362069e-006  -3.919125e-006  -3.309593e-006  -2.114455e-006  -0.000000e+000  
-0.000000e+000  -0.000000e+000  -2.364324e-006  -2.314702e-006  -2.200669e-006  -1.977240e-006  -1.669748e-006  -1.066801e-006  -0.000000e+000  
-0.000000e+000  -0.000000e+000  -1.192738e-006  -1.167700e-006  -1.110183e-006  -9.974852e-007  -8.423718e-007  -5.382010e-007  -0.000000e+000  
-0.000000e+000  -0.000000e+000  -6.016762e-007  -5.890439e-007  -5.600339e-007  -5.031906e-007  -4.249473e-007  -2.715085e-007  -0.000000e+000  
-0.000000e+000  -0.000000e+000  -3.035015e-007  -2.971297e-007  -2.824980e-007  -2.538281e-007  -2.143617e-007  -1.369625e-007  -0.000000e+000  
-0.000000e+000  -0.000000e+000  -1.530886e-007  -1.498744e-007  -1.424951e-007  -1.280353e-007  -1.081285e-007  -6.908791e-008  -0.000000e+000  
-0.000000e+000  -0.000000e+000  -7.721724e-008  -7.559520e-008  -7.187343e-008  -6.458102e-008  -5.454079e-008  -3.484856e-008  -0.000000e+000  
-0.000000e+000  -0.000000e+000  -3.894699e-008  -3.812894e-008  -3.625217e-008  -3.257424e-008  -2.751031e-008  -1.757760e-008  -0.000000e+000  
-0.000000e+000  -0.000000e+000  -1.964482e-008  -1.923367e-008  -1.828536e-008  -1.643089e-008  -1.387676e-008  -8.866514e-009  -0.000000e+000  
-0.000000e+000  -0.000000e+000  -9.911802e-009  -9.704308e-009  -9.225424e-009  -8.290179e-009  -7.001429e-009  -4.473849e-009  -0.000000e+000  
-0.000000e+000  -0.000000e+000  -5.006662e-009  -4.900818e-009  -4.660715e-009  -4.187612e-009  -3.536736e-009  -2.259456e-009  -0.000000e+000  
-0.000000e+000  -0.000000e+000  -2.540528e-009  -2.486664e-009  -2.364912e-009  -2.125187e-009  -1.794050e-009  -1.146309e-009  -0.000000e+000  
-0.000000e+000  -0.000000e+000  -1.313202e-009  -1.286543e-009  -1.221396e-009  -1.096459e-009  -9.257477e-010  -5.901570e-010  -0.000000e+000  
-0.000000e+000  -0.000000e+000  -7.532100e-010  -7.343938e-010  -6.937094e-010  -6.173086e-010  -5.168606e-010  -3.266212e-010  -0.000000e+000  
-4.508385e-010  -1.160078e-009  -6.396313e-010  -6.145023e-010  -5.696749e-010  -4.983202e-010  -4.138813e-010  -2.590502e-010  -0.000000e+000  
-5.062564e-009  2.212215e-009  -5.959060e-010  -5.354322e-010  -4.710500e-010  -4.015198e-010  -3.288304e-010  -2.040565e-010  -0.000000e+000  
6.118457e-011  1.942069e-010  -5.186417e-010  -4.315992e-010  -3.668647e-010  -3.102089e-010  -2.538835e-010  -1.578834e-010  -0.000000e+000  
-1.225639e-009  1.809301e-009  -1.103991e-009  -2.339784e-010  -2.431995e-010  -2.224140e-010  -1.881173e-010  -1.198542e-010  -0.000000e+000  
-2.426179e-010  2.223014e-009  -1.520160e-009  -1.393528e-010  -1.551271e-010  -1.513095e-010  -1.339984e-010  -8.821406e-011  -0.000000e+000  
-2.752429e-011  -3.882224e-011  2.628097e-009  -2.044114e-009  -9.705673e-011  -9.994770e-011  -9.158427e-011  -6.357901e-011  -0.000000e+000  
3.335717e-012  9.552401e-012  1.740258e-011  2.614377e-011  3.588061e-011  3.858943e-011  2.961936e-010  -1.887709e-010  -0.000000e+000  

0.000000e+000  0.000000e+000  0.000000e+000  0.000000e+000  0.000000e+000  0.000000e+000  0.000000e+000  0.000000e+000  0.000000e+000  
0.000000e+000  0.000000e+000  0.000000e+000  0.000000e+000  0.000000e+000  0.000000e+000  0.000000e+000  0.000000e+000  0.000000e+000  
0.000000e+000  0.000000e+000  0.000000e+000  0.000000e+000  0.000000e+000  0.000000e+000  0.000000e+000  0.000000e+000  0.000000e+000  
0.000000e+000  0.000000e+000  0.000000e+000  0.000000e+000  0.000000e+000  0.000000e+000  0.000000e+000  0.000000e+000  0.000000e+000  
0.000000e+000  0.000000e+000  0.000000e+000  0.000000e+000  0.000000e+000  0.000000e+000  0.000000e+000  0.000000e+000  0.000000e+000  
0.000000e+000  0.000000e+000  0.000000e+000  0.000000e+000  0.000000e+000  0.000000e+000  0.000000e+000  0.000000e+000  0.000000e+000  
0.000000e+000  0.000000e+000  0.000000e+000  0.000000e+000  0.000000e+000  0.000000e+000  0.000000e+000  0.000000e+000  0.000000e+000  
0.000000e+000  0.000000e+000  0.000000e+000  0.000000e+000  0.000000e+000  0.000000e+000  0.000000e+000  0.000000e+000  0.000000e+000  
0.000000e+000  0.000000e+000  0.000000e+000  0.000000e+000  0.000000e+000  0.000000e+000  0.000000e+000  0.000000e+000  0.000000e+000  
0.000000e+000  0.000000e+000  0.000000e+000  0.000000e+000  0.000000e+000  0.000000e+000  0.000000e+000  0.000000e+000  0.000000e+000  
0.000000e+000  0.000000e+000  0.000000e+000  0.000000e+000  0.000000e+000  0.000000e+000  0.000000e+000  0.000000e+000  0.000000e+000  
0.000000e+000  0.000000e+000  0.000000e+000  0.000000e+000  0.000000e+000  0.000000e+000  0.000000e+000  0.000000e+000  0.000000e+000  
0.000000e+000  0.000000e+000  0.000000e+000  0.000000e+000  0.000000e+000  0.000000e+000  0.000000e+000  0.000000e+000  0.000000e+000  
0.000000e+000  0.000000e+000  0.000000e+000  0.000000e+000  0.000000e+000  0.000000e+000  0.000000e+000  0.000000e+000  0.000000e+000  
0.000000e+000  0.000000e+000  0.000000e+000  0.000000e+000  0.000000e+000  0.000000e+000  0.000000e+000  0.000000e+000  0.000000e+000  
0.000000e+000  0.000000e+000  0.000000e+000  0.000000e+000  0.000000e+000  0.000000e+000  0.000000e+000  0.000000e+000  0.000000e+000  
0.000000e+000  0.000000e+000  0.000000e+000  0.000000e+000  0.000000e+000  0.000000e+000  0.000000e+000  0.000000e+000  0.000000e+000  
0.000000e+000  0.000000e+000  0.000000e+000  0.000000e+000  0.000000e+000  0.000000e+000  0.000000e+000  0.000000e+000  0.000000e+000  
0.000000e+000  0.000000e+000  0.000000e+000  0.000000e+000  0.000000e+000  0.000000e+000  0.000000e+000  0.000000e+000  0.000000e+000  
0.000000e+000  0.000000e+000  0.000000e+000  0.000000e+000  0.000000e+000  0.000000e+000  0.000000e+000  0.000000e+000  0.000000e+000  
0.000000e+000  0.000000e+000  0.000000e+000  0.000000e+000  0.000000e+000  0.000000e+000  0.000000e+000  0.000000e+000  0.000000e+000  
0.000000e+000  0.000000e+000  0.000000e+000  0.000000e+000  0.000000e+000  0.000000e+000  0.000000e+000  0.000000e+000  0.000000e+000  
0.000000e+000  0.000000e+000  0.000000e+000  0.000000e+000  0.000000e+000  0.000000e+000  0.000000e+000  0.000000e+000  0.000000e+000  
0.000000e+000  0.000000e+000  0.000000e+000  0.000000e+000  0.000000e+000  0.000000e+000  0.000000e+000  0.000000e+000  0.000000e+000  
0.000000e+000  0.000000e+000  0.000000e+000  0.000000e+000  0.000000e+000  0.000000e+000  0.000000e+000  0.000000e+000  0.000000e+000  
0.000000e+000  0.000000e+000  0.000000e+000  0.000000e+000  0.000000e+000  0.000000e+000  0.000000e+000  0.000000e+000  0.000000e+000  
0.000000e+000  0.000000e+000  0.000000e+000  0.000000e+000  0.000000e+000  0.000000e+000  0.000000e+000  0.000000e+000  0.000000e+000  
0.000000e+000  0.000000e+000  0.000000e+000  0.000000e+000  0.000000e+000  0.000000e+000  0.000000e+000  0.000000e+000  0.000000e+000  
0.000000e+000  0.000000e+000  0.000000e+000  0.000000e+000  0.000000e+000  0.000000e+000  0.000000e+000  0.000000e+000  0.000000e+000  
0.000000e+000  0.000000e+000  0.000000e+000  0.000000e+000  0.000000e+000  0.000000e+000  0.000000e+000  0.000000e+000  0.000000e+000  
0.000000e+000  0.000000e+000  0.000000e+000  0.000000e+000  0.000000e+000  0.000000e+000  0.000000e+000  0.000000e+000  0.000000e+000  
0.000000e+000  0.000000e+000  0.000000e+000  0.000000e+000  0.000000e+000  0.000000e+000  0.000000e+000  0.000000e+000  0.000000e+000  
0.000000e+000  0.000000e+000  0.000000e+000  0.000000e+000  0.000000e+000  0.000000e+000  0.000000e+000  0.000000e+000  0.000000e+000  
0.000000e+000  0.000000e+000  0.000000e+000  0.000000e+000  0.000000e+000  0.000000e+000  0.000000e+000  0.000000e+000  0.000000e+000  
0.000000e+000  0.000000e+000  0.000000e+000  0.000000e+000  0.000000e+000  0.000000e+000  0.000000e+000  0.000000e+000  0.000000e+000  
0.000000e+000  0.000000e+000  0.000000e+000  0.000000e+000  0.000000e+000  0.000000e+000  0.000000e+000  0.000000e+000  0.000000e+000  
0.000000e+000  0.000000e+000  0.000000e+000  0.000000e+000  0.000000e+000  0.000000e+000  0.000000e+000  0.000000e+000  0.000000e+000  
0.000000e+000  0.000000e+000  0.000000e+000  0.000000e+000  0.000000e+000  0.000000e+000  0.000000e+000  0.000000e+000  0.000000e+000  
0.000000e+000  0.000000e+000  0.000000e+000  0.000000e+000  0.000000e+000  0.000000e+000  0.000000e+000  0.000000e+000  0.000000e+000  
0.000000e+000  0.000000e+000  0.000000e+000  0.000000e+000  0.000000e+000  0.000000e+000  0.000000e+000  0.000000e+000  0.000000e+000  
0.000000e+000  0.000000e+000  0.000000e+000  0.000000e+000  0.000000e+000  0.000000e+000  0.000000e+000  0.000000e+000  0.000000e+000  
0.000000e+000  0.000000e+000  0.000000e+000  0.000000e+000  0.000000e+000  0.000000e+000  0.000000e+000  0.000000e+000  0.000000e+000  
0.000000e+000  0.000000e+000  0.000000e+000  0.000000e+000  0.000000e+000  0.000000e+000  0.000000e+000  0.000000e+000  0.000000e+000  
0.000000e+000  0.000000e+000  0.000000e+000  0.000000e+000  0.000000e+000  0.000000e+000  0.000000e+000  0.000000e+000  0.000000e+000  
0.000000e+000  0.000000e+000  0.000000e+000  0.000000e+000  0.000000e+000  0.000000e+000  0.000000e+000  0.000000e+000  0.000000e+000  
0.000000e+000  0.000000e+000  0.000000e+000  0.000000e+000  0.000000e+000  0.000000e+000  0.000000e+000  0.000000e+000  0.000000e+000  
0.000000e+000  0.000000e+000  0.000000e+000  0.000000e+000  0.000000e+000  0.000000e+000  0.000000e+000  0.000000e+000  0.000000e+000  
0.000000e+000  0.000000e+000  0.000000e+000  0.000000e+000  0.000000e+000  0.000000e+000  0.000000e+000  0.000000e+000  0.000000e+000  
0.000000e+000  0.000000e+000  0.000000e+000  0.000000e+000  0.000000e+000  0.000000e+000  0.000000e+000  0.000000e+000  0.000000e+000  
0.000000e+000  0.000000e+000  0.000000e+000  0.000000e+000  0.000000e+000  0.000000e+000  0.000000e+000  0.000000e+000  0.000000e+000  
0.000000e+000  0.000000e+000  0.000000e+000  0.000000e+000  0.000000e+000  0.000000e+000  0.000000e+000  0.000000e+000  0.000000e+000  
0.000000e+000  0.000000e+000  0.000000e+000  0.000000e+000  0.000000e+000  0.000000e+000  0.000000e+000  0.000000e+000  0.000000e+000  
0.000000e+000  0.000000e+000  0.000000e+000  0.000000e+000  0.000000e+000  0.000000e+000  0.000000e+000  0.000000e+000  0.000000e+000  
0.000000e+000  0.000000e+000  0.000000e+000  0.000000e+000  0.000000e+000  0.000000e+000  0.000000e+000  0.000000e+000  0.000000e+000  
0.000000e+000  0.000000e+000  0.000000e+000  0.000000e+000  0.000000e+000  0.000000e+000  0.000000e+000  0.000000e+000  0.000000e+000  
0.000000e+000  0.000000e+000  0.000000e+000  0.000000e+000  0.000000e+000  0.000000e+000  0.000000e+000  0.000000e+000  0.000000e+000  
0.000000e+000  0.000000e+000  0.000000e+000  0.000000e+000  0.000000e+000  0.000000e+000  0.000000e+000  0.000000e+000  0.000000e+000  
0.000000e+000  0.000000e+000  0.000000e+000  0.000000e+000  0.000000e+000  0.000000e+000  0.000000e+000  0.000000e+000  0.000000e+000  
0.000000e+000  0.000000e+000  0.000000e+000  0.000000e+000  0.000000e+000  0.000000e+000  0.000000e+000  0.000000e+000  0.000000e+000  
0.000000e+000  0.000000e+000  0.000000e+000  0.000000e+000  0.000000e+000  0.000000e+000  0.000000e+000  0.000000e+000  0.000000e+000  
0.000000e+000  0.000000e+000  0.000000e+000  0.000000e+000  0.000000e+000  0.000000e+000  0.000000e+000  0.000000e+000  0.000000e+000  
0.000000e+000  0.000000e+000  0.000000e+000  0.000000e+000  0.000000e+000  0.000000e+000  0.000000e+000  0.000000e+000  0.000000e+000  
0.000000e+000  0.000000e+000  0.000000e+000  0.000000e+000  0.000000e+000  0.000000e+000  0.000000e+000  0.000000e+000  0.000000e+000  
0.000000e+000  0.000000e+000  0.000000e+000  0.000000e+000  0.000000e+000  0.000000e+000  0.000000e+000  0.000000e+000  0.000000e+000  
0.000000e+000  0.000000e+000  0.000000e+000  0.000000e+000  0.000000e+000  0.000000e+000  0.000000e+000  0.000000e+000  0.000000e+000  
0.000000e+000  0.000000e+000  0.000000e+000  0.000000e+000  0.000000e+000  0.000000e+000  0.000000e+000  0.000000e+000  0.000000e+000  
0.000000e+000  0.000000e+000  0.000000e+000  0.000000e+000  0.000000e+000  0.000000e+000  0.000000e+000  0.000000e+000  0.000000e+000  
0.000000e+000  0.000000e+000  0.000000e+000  0.000000e+000  0.000000e+000  0.000000e+000  0.000000e+000  0.000000e+000  0.000000e+000  
0.000000e+000  0.000000e+000  0.000000e+000  0.000000e+000  0.000000e+000  0.000000e+000  0.000000e+000  0.000000e+000  0.000000e+000  
0.000000e+000  0.000000e+000  0.000000e+000  0.000000e+000  0.000000e+000  0.000000e+000  0.000000e+000  0.000000e+000  0.000000e+000  
0.000000e+000  0.000000e+000  0.000000e+000  0.000000e+000  0.000000e+000  0.000000e+000  0.000000e+000  0.000000e+000  0.000000e+000  
0.000000e+000  0.000000e+000  0.000000e+000  0.000000e+000  0.000000e+000  0.000000e+000  0.000000e+000  0.000000e+000  0.000000e+000  
0.000000e+000  0.000000e+000  0.000000e+000  0.000000e+000  0.000000e+000  0.000000e+000  0.000000e+000  0.000000e+000  0.000000e+000  
0.000000e+000  0.000000e+000  0.000000e+000  0.000000e+000  0.000000e+000  0.000000e+000  0.000000e+000  0.000000e+000  0.000000e+000  
0.000000e+000  0.000000e+000  0.000000e+000  0.000000e+000  0.000000e+000  0.000000e+000  0.000000e+000  0.000000e+000  0.000000e+000  
0.000000e+000  0.000000e+000  0.000000e+000  0.000000e+000  0.000000e+000  0.000000e+000  0.000000e+000  0.000000e+000  0.000000e+000  
0.000000e+000  0.000000e+000  0.000000e+000  0.000000e+000  0.000000e+000  0.000000e+000  0.000000e+000  0.000000e+000  0.000000e+000  
0.000000e+000  0.000000e+000  0.000000e+000  0.000000e+000  0.000000e+000  0.000000e+000  0.000000e+000  0.000000e+000  0.000000e+000  
0.000000e+000  0.000000e+000  0.000000e+000  0.000000e+000  0.000000e+000  0.000000e+000  0.000000e+000  0.000000e+000  0.000000e+000  
0.000000e+000  0.000000e+000  0.000000e+000  0.000000e+000  0.000000e+000  0.000000e+000  0.000000e+000  0.000000e+000  0.000000e+000  
0.000000e+000  0.000000e+000  0.000000e+000  0.000000e+000  0.000000e+000  0.000000e+000  0.000000e+000  0.000000e+000  0.000000e+000  
0.000000e+000  0.000000e+000  0.000000e+000  0.000000e+000  0.000000e+000  0.000000e+000  0.000000e+000  0.000000e+000  0.000000e+000  
0.000000e+000  0.000000e+000  0.000000e+000  0.000000e+000  0.000000e+000  0.000000e+000  0.000000e+000  0.000000e+000  0.000000e+000  
0.000000e+000  0.000000e+000  0.000000e+000  0.000000e+000  0.000000e+000  0.000000e+000  0.000000e+000  0.000000e+000  0.000000e+000  
0.000000e+000  0.000000e+000  0.000000e+000  0.000000e+000  0.000000e+000  0.000000e+000  0.000000e+000  0.000000e+000  0.000000e+000  
0.000000e+000  0.000000e+000  0.000000e+000  0.000000e+000  0.000000e+000  0.000000e+000  0.000000e+000  0.000000e+000  0.000000e+000  
0.000000e+000  0.000000e+000  0.000000e+000  0.000000e+000  0.000000e+000  0.000000e+000  0.000000e+000  0.000000e+000  0.000000e+000  
0.000000e+000  0.000000e+000  0.000000e+000  0.000000e+000  0.000000e+000  0.000000e+000  0.000000e+000  0.000000e+000  0.000000e+000  
0.000000e+000  0.000000e+000  0.000000e+000  0.000000e+000  0.000000e+000  0.000000e+000  0.000000e+000  0.000000e+000  0.000000e+000  
0.000000e+000  0.000000e+000  0.000000e+000  0.000000e+000  0.000000e+000  0.000000e+000  0.000000e+000  0.000000e+000  0.000000e+000  
0.000000e+000  0.000000e+000  0.000000e+000  0.000000e+000  0.000000e+000  0.000000e+000  0.000000e+000  0.000000e+000  0.000000e+000  
0.000000e+000  0.000000e+000  0.000000e+000  0.000000e+000  0.000000e+000  0.000000e+000  0.000000e+000  0.000000e+000  0.000000e+000  
0.000000e+000  0.000000e+000  0.000000e+000  0.000000e+000  0.000000e+000  0.000000e+000  0.000000e+000  0.000000e+000  0.000000e+000  
0.000000e+000  0.000000e+000  0.000000e+000  0.000000e+000  0.000000e+000  0.000000e+000  0.000000e+000  0.000000e+000  0.000000e+000  
0.000000e+000  0.000000e+000  0.000000e+000  0.000000e+000  0.000000e+000  0.000000e+000  0.000000e+000  0.000000e+000  0.000000e+000  
0.000000e+000  0.000000e+000  0.000000e+000  0.000000e+000  0.000000e+000  0.000000e+000  0.000000e+000  0.000000e+000  0.000000e+000  
0.000000e+000  0.000000e+000  0.000000e+000  0.000000e+000  0.000000e+000  0.000000e+000  0.000000e+000  0.000000e+000  0.000000e+000  
0.000000e+000  0.000000e+000  0.000000e+000  0.000000e+000  0.000000e+000  0.000000e+000  0.000000e+000  0.000000e+000  0.000000e+000  
0.000000e+000  0.000000e+000  0.000000e+000  0.000000e+000  0.000000e+000  0.000000e+000  0.000000e+000  0.000000e+000  0.000000e+000  
0.000000e+000  0.000000e+000  0.000000e+000  0.000000e+000  0.000000e+000  0.000000e+000  0.000000e+000  0.000000e+000  0.000000e+000  
0.000000e+000  0.000000e+000  0.000000e+000  0.000000e+000  0.000000e+000  0.000000e+000  0.000000e+000  0.000000e+000  0.000000e+000  
0.000000e+000  0.000000e+000  0.000000e+000  0.000000e+000  0.000000e+000  0.000000e+000  0.000000e+000  0.000000e+000  0.000000e+000  
0.000000e+000  0.000000e+000  0.000000e+000  0.000000e+000  0.000000e+000  0.000000e+000  0.000000e+000  0.000000e+000  0.000000e+000  
0.000000e+000  0.000000e+000  0.000000e+000  0.000000e+000  0.000000e+000  0.000000e+000  0.000000e+000  0.000000e+000  0.000000e+000  
0.000000e+000  0.000000e+000  0.000000e+000  0.000000e+000  0.000000e+000  0.000000e+000  0.000000e+000  0.000000e+000  0.000000e+000  
0.000000e+000  0.000000e+000  0.000000e+000  0.000000e+000  0.000000e+000  0.000000e+000  0.000000e+000  0.000000e+000  0.000000e+000  
0.000000e+000  0.000000e+000  0.000000e+000  0.000000e+000  0.000000e+000  0.000000e+000  0.000000e+000  0.000000e+000  0.000000e+000  
0.000000e+000  0.000000e+000  0.000000e+000  0.000000e+000  0.000000e+000  0.000000e+000  0.000000e+000  0.000000e+000  0.000000e+000  
0.000000e+000  0.000000e+000  0.000000e+000  0.000000e+000  0.000000e+000  0.000000e+000  0.000000e+000  0.000000e+000  0.000000e+000  
0.000000e+000  0.000000e+000  0.000000e+000  0.000000e+000  0.000000e+000  0.000000e+000  0.000000e+000  0.000000e+000  0.000000e+000  
0.000000e+000  0.000000e+000  0.000000e+000  0.000000e+000  0.000000e+000  0.000000e+000  0.000000e+000  0.000000e+000  0.000000e+000  
0.000000e+000  0.000000e+000  0.000000e+000  0.000000e+000  0.000000e+000  0.000000e+000  0.000000e+000  0.000000e+000  0.000000e+000  
0.000000e+000  0.000000e+000  0.000000e+000  0.000000e+000  0.000000e+000  0.000000e+000  0.000000e+000  0.000000e+000  0.000000e+000  
0.000000e+000  0.000000e+000  0.000000e+000  0.000000e+000  0.000000e+000  0.000000e+000  0.000000e+000  0.000000e+000  0.000000e+000  
0.000000e+000  0.000000e+000  0.000000e+000  0.000000e+000  0.000000e+000  0.000000e+000  0.000000e+000  0.000000e+000  0.000000e+000  
0.000000e+000  0.000000e+000  0.000000e+000  0.000000e+000  0.000000e+000  0.000000e+000  0.000000e+000  0.000000e+000  0.000000e+000  

0.000000e+000  0.000000e+000  0.000000e+000  0.000000e+000  0.000000e+000  0.000000e+000  0.000000e+000  0.000000e+000  0.000000e+000  
0.000000e+000  0.000000e+000  0.000000e+000  0.000000e+000  0.000000e+000  0.000000e+000  0.000000e+000  0.000000e+000  0.000000e+000  
0.000000e+000  0.000000e+000  0.000000e+000  0.000000e+000  0.000000e+000  0.000000e+000  0.000000e+000  0.000000e+000  0.000000e+000  
0.000000e+000  0.000000e+000  0.000000e+000  0.000000e+000  0.000000e+000  0.000000e+000  0.000000e+000  0.000000e+000  0.000000e+000  
0.000000e+000  0.000000e+000  0.000000e+000  0.000000e+000  0.000000e+000  0.000000e+000  0.000000e+000  0.000000e+000  0.000000e+000  
0.000000e+000  0.000000e+000  0.000000e+000  0.000000e+000  0.000000e+000  0.000000e+000  0.000000e+000  0.000000e+000  0.000000e+000  
0.000000e+000  0.000000e+000  0.000000e+000  0.000000e+000  0.000000e+000  0.000000e+000  0.000000e+000  0.000000e+000  0.000000e+000  
0.000000e+000  0.000000e+000  0.000000e+000  0.000000e+000  0.000000e+000  0.000000e+000  0.000000e+000  0.000000e+000  0.000000e+000  
0.000000e+000  0.000000e+000  0.000000e+000  0.000000e+000  0.000000e+000  0.000000e+000  0.000000e+000  0.000000e+000  0.000000e+000  
0.000000e+000  0.000000e+000  0.000000e+000  0.000000e+000  0.000000e+000  0.000000e+000  0.000000e+000  0.000000e+000  0.000000e+000  
0.000000e+000  0.000000e+000  0.000000e+000  0.000000e+000  0.000000e+000  0.000000e+000  0.000000e+000  0.000000e+000  0.000000e+000  
0.000000e+000  0.000000e+000  0.000000e+000  0.000000e+000  0.000000e+000  0.000000e+000  0.000000e+000  0.000000e+000  0.000000e+000  
0.000000e+000  0.000000e+000  0.000000e+000  0.000000e+000  0.000000e+000  0.000000e+000  0.000000e+000  0.000000e+000  0.000000e+000  
0.000000e+000  0.000000e+000  0.000000e+000  0.000000e+000  0.000000e+000  0.000000e+000  0.000000e+000  0.000000e+000  0.000000e+000  
0.000000e+000  0.000000e+000  0.000000e+000  0.000000e+000  0.000000e+000  0.000000e+000  0.000000e+000  0.000000e+000  0.000000e+000  
0.000000e+000  0.000000e+000  0.000000e+000  0.000000e+000  0.000000e+000  0.000000e+000  0.000000e+000  0.000000e+000  0.000000e+000  
0.000000e+000  0.000000e+000  0.000000e+000  0.000000e+000  0.000000e+000  0.000000e+000  0.000000e+000  0.000000e+000  0.000000e+000  
0.000000e+000  0.000000e+000  0.000000e+000  0.000000e+000  0.000000e+000  0.000000e+000  0.000000e+000  0.000000e+000  0.000000e+000  
0.000000e+000  0.000000e+000  0.000000e+000  0.000000e+000  0.000000e+000  0.000000e+000  0.000000e+000  0.000000e+000  0.000000e+000  
0.000000e+000  0.000000e+000  0.000000e+000  0.000000e+000  0.000000e+000  0.000000e+000  0.000000e+000  0.000000e+000  0.000000e+000  
0.000000e+000  0.000000e+000  0.000000e+000  0.000000e+000  0.000000e+000  0.000000e+000  0.000000e+000  0.000000e+000  0.000000e+000  
0.000000e+000  0.000000e+000  0.000000e+000  0.000000e+000  0.000000e+000  0.000000e+000  0.000000e+000  0.000000e+000  0.000000e+000  
0.000000e+000  0.000000e+000  0.000000e+000  0.000000e+000  0.000000e+000  0.000000e+000  0.000000e+000  0.000000e+000  0.000000e+000  
0.000000e+000  0.000000e+000  0.000000e+000  0.000000e+000  0.000000e+000  0.000000e+000  0.000000e+000  0.000000e+000  0.000000e+000  
0.000000e+000  0.000000e+000  0.000000e+000  0.000000e+000  0.000000e+000  0.000000e+000  0.000000e+000  0.000000e+000  0.000000e+000  
0.000000e+000  0.000000e+000  0.000000e+000  0.000000e+000  0.000000e+000  0.000000e+000  0.000000e+000  0.000000e+000  0.000000e+000  
0.000000e+000  0.000000e+000  0.000000e+000  0.000000e+000  0.000000e+000  0.000000e+000  0.000000e+000  0.000000e+000  0.000000e+000  
0.000000e+000  0.000000e+000  0.000000e+000  0.000000e+000  0.000000e+000  0.000000e+000  0.000000e+000  0.000000e+000  0.000000e+000  
0.000000e+000  0.000000e+000  0.000000e+000  0.000000e+000  0.000000e+000  0.000000e+000  0.000000e+000  0.000000e+000  0.000000e+000  
0.000000e+000  0.000000e+000  0.000000e+000  0.000000e+000  0.000000e+000  0.000000e+000  0.000000e+000  0.000000e+000  0.000000e+000  
0.000000e+000  0.000000e+000  0.000000e+000  0.000000e+000  0.000000e+000  0.000000e+000  0.000000e+000  0.000000e+000  0.000000e+000  
0.000000e+000  0.000000e+000  0.000000e+000  0.000000e+000  0.000000e+000  0.000000e+000  0.000000e+000  0.000000e+000  0.000000e+000  
0.000000e+000  0.000000e+000  0.000000e+000  0.000000e+000  0.000000e+000  0.000000e+000  0.000000e+000  0.000000e+000  0.000000e+000  
0.000000e+000  0.000000e+000  0.000000e+000  0.000000e+000  0.000000e+000  0.000000e+000  0.000000e+000  0.000000e+000  0.000000e+000  
0.000000e+000  0.000000e+000  0.000000e+000  0.000000e+000  0.000000e+000  0.000000e+000  0.000000e+000  0.000000e+000  0.000000e+000  
0.000000e+000  0.000000e+000  0.000000e+000  0.000000e+000  0.000000e+000  0.000000e+000  0.000000e+000  0.000000e+000  0.000000e+000  
0.000000e+000  0.000000e+000  0.000000e+000  0.000000e+000  0.000000e+000  0.000000e+000  0.000000e+000  0.000000e+000  0.000000e+000  
0.000000e+000  0.000000e+000  0.000000e+000  0.000000e+000  0.000000e+000  0.000000e+000  0.000000e+000  0.000000e+000  0.000000e+000  
0.000000e+000  0.000000e+000  0.000000e+000  0.000000e+000  0.000000e+000  0.000000e+000  0.000000e+000  0.000000e+000  0.000000e+000  
0.000000e+000  0.000000e+000  0.000000e+000  0.000000e+000  0.000000e+000  0.000000e+000  0.000000e+000  0.000000e+000  0.000000e+000  
0.000000e+000  0.000000e+000  0.000000e+000  0.000000e+000  0.000000e+000  0.000000e+000  0.000000e+000  0.000000e+000  0.000000e+000  
0.000000e+000  0.000000e+000  0.000000e+000  0.000000e+000  0.000000e+000  0.000000e+000  0.000000e+000  0.000000e+000  0.000000e+000  
0.000000e+000  0.000000e+000  0.000000e+000  0.000000e+000  0.000000e+000  0.000000e+000  0.000000e+000  0.000000e+000  0.000000e+000  
0.000000e+000  0.000000e+000  0.000000e+000  0.000000e+000  0.000000e+000  0.000000e+000  0.000000e+000  0.000000e+000  0.000000e+000  
0.000000e+000  0.000000e+000  0.000000e+000  0.000000e+000  0.000000e+000  0.000000e+000  0.000000e+000  0.000000e+000  0.000000e+000  
0.000000e+000  0.000000e+000  0.000000e+000  0.000000e+000  0.000000e+000  0.000000e+000  0.000000e+000  0.000000e+000  0.000000e+000  
0.000000e+000  0.000000e+000  0.000000e+000  0.000000e+000  0.000000e+000  0.000000e+000  0.000000e+000  0.000000e+000  0.000000e+000  
0.000000e+000  0.000000e+000  0.000000e+000  0.000000e+000  0.000000e+000  0.000000e+000  0.000000e+000  0.000000e+000  0.000000e+000  
0.000000e+000  0.000000e+000  0.000000e+000  0.000000e+000  0.000000e+000  0.000000e+000  0.000000e+000  0.000000e+000  0.000000e+000  
0.000000e+000  0.000000e+000  0.000000e+000  0.000000e+000  0.000000e+000  0.000000e+000  0.000000e+000  0.000000e+000  0.000000e+000  
0.000000e+000  0.000000e+000  0.000000e+000  0.000000e+000  0.000000e+000  0.000000e+000  0.000000e+000  0.000000e+000  0.000000e+000  
0.000000e+000  0.000000e+000  0.000000e+000  0.000000e+000  0.000000e+000  0.000000e+000  0.000000e+000  0.000000e+000  0.000000e+000  
0.000000e+000  0.000000e+000  0.000000e+000  0.000000e+000  0.000000e+000  0.000000e+000  0.000000e+000  0.000000e+000  0.000000e+000  
0.000000e+000  0.000000e+000  0.000000e+000  0.000000e+000  0.000000e+000  0.000000e+000  0.000000e+000  0.000000e+000  0.000000e+000  
0.000000e+000  0.000000e+000  0.000000e+000  0.000000e+000  0.000000e+000  0.000000e+000  0.000000e+000  0.000000e+000  0.000000e+000  
0.000000e+000  0.000000e+000  0.000000e+000  0.000000e+000  0.000000e+000  0.000000e+000  0.000000e+000  0.000000e+000  0.000000e+000  
0.000000e+000  0.000000e+000  0.000000e+000  0.000000e+000  0.000000e+000  0.000000e+000  0.000000e+000  0.000000e+000  0.000000e+000  
0.000000e+000  0.000000e+000  0.000000e+000  0.000000e+000  0.000000e+000  0.000000e+000  0.000000e+000  0.000000e+000  0.000000e+000  
0.000000e+000  0.000000e+000  0.000000e+000  0.000000e+000  0.000000e+000  0.000000e+000  0.000000e+000  0.000000e+000  0.000000e+000  
0.000000e+000  0.000000e+000  0.000000e+000  0.000000e+000  0.000000e+000  0.000000e+000  0.000000e+000  0.000000e+000  0.000000e+000  
0.000000e+000  0.000000e+000  0.000000e+000  0.000000e+000  0.000000e+000  0.000000e+000  0.000000e+000  0.000000e+000  0.000000e+000  
0.000000e+000  0.000000e+000  0.000000e+000  0.000000e+000  0.000000e+000  0.000000e+000  0.000000e+000  0.000000e+000  0.000000e+000  
0.000000e+000  0.000000e+000  0.000000e+000  0.000000e+000  0.000000e+000  0.000000e+000  0.000000e+000  0.000000e+000  0.000000e+000  
0.000000e+000  0.000000e+000  0.000000e+000  0.000000e+000  0.000000e+000  0.000000e+000  0.000000e+000  0.000000e+000  0.000000e+000  
0.000000e+000  0.000000e+000  0.000000e+000  0.000000e+000  0.000000e+000  0.000000e+000  0.000000e+000  0.000000e+000  0.000000e+000  
0.000000e+000  0.000000e+000  0.000000e+000  0.000000e+000  0.000000e+000  0.000000e+000  0.000000e+000  0.000000e+000  0.000000e+000  
0.000000e+000  0.000000e+000  0.000000e+000  0.000000e+000  0.000000e+000  0.000000e+000  0.000000e+000  0.000000e+000  0.000000e+000  
0.000000e+000  0.000000e+000  0.000000e+000  0.000000e+000  0.000000e+000  0.000000e+000  0.000000e+000  0.000000e+000  0.000000e+000  
0.000000e+000  0.000000e+000  0.000000e+000  0.000000e+000  0.000000e+000  0.000000e+000  0.000000e+000  0.000000e+000  0.000000e+000  
0.000000e+000  0.000000e+000  0.000000e+000  0.000000e+000  0.000000e+000  0.000000e+000  0.000000e+000  0.000000e+000  0.000000e+000  
0.000000e+000  0.000000e+000  0.000000e+000  0.000000e+000  0.000000e+000  0.000000e+000  0.000000e+000  0.000000e+000  0.000000e+000  
0.000000e+000  0.000000e+000  0.000000e+000  0.000000e+000  0.000000e+000  0.000000e+000  0.000000e+000  0.000000e+000  0.000000e+000  
0.000000e+000  0.000000e+000  0.000000e+000  0.000000e+000  0.000000e+000  0.000000e+000  0.000000e+000  0.000000e+000  0.000000e+000  
0.000000e+000  0.000000e+000  0.000000e+000  0.000000e+000  0.000000e+000  0.000000e+000  0.000000e+000  0.000000e+000  0.000000e+000  
0.000000e+000  0.000000e+000  0.000000e+000  0.000000e+000  0.000000e+000  0.000000e+000  0.000000e+000  0.000000e+000  0.000000e+000  
0.000000e+000  0.000000e+000  0.000000e+000  0.000000e+000  0.000000e+000  0.000000e+000  0.000000e+000  0.000000e+000  0.000000e+000  
0.000000e+000  0.000000e+000  0.000000e+000  0.000000e+000  0.000000e+000  0.000000e+000  0.000000e+000  0.000000e+000  0.000000e+000  
0.000000e+000  0.000000e+000  0.000000e+000  0.000000e+000  0.000000e+000  0.000000e+000  0.000000e+000  0.000000e+000  0.000000e+000  
0.000000e+000  0.000000e+000  0.000000e+000  0.000000e+000  0.000000e+000  0.000000e+000  0.000000e+000  0.000000e+000  0.000000e+000  
0.000000e+000  0.000000e+000  0.000000e+000  0.000000e+000  0.000000e+000  0.000000e+000  0.000000e+000  0.000000e+000  0.000000e+000  
0.000000e+000  0.000000e+000  0.000000e+000  0.000000e+000  0.000000e+000  0.000000e+000  0.000000e+000  0.000000e+000  0.000000e+000  
0.000000e+000  0.000000e+000  0.000000e+000  0.000000e+000  0.000000e+000  0.000000e+000  0.000000e+000  0.000000e+000  0.000000e+000  
0.000000e+000  0.000000e+000  0.000000e+000  0.000000e+000  0.000000e+000  0.000000e+000  0.000000e+000  0.000000e+000  0.000000e+000  
0.000000e+000  0.000000e+000  0.000000e+000  0.000000e+000  0.000000e+000  0.000000e+000  0.000000e+000  0.000000e+000  0.000000e+000  
0.000000e+000  0.000000e+000  0.000000e+000  0.000000e+000  0.000000e+000  0.000000e+000  0.000000e+000  0.000000e+000  0.000000e+000  
0.000000e+000  0.000000e+000  0.000000e+000  0.000000e+000  0.000000e+000  0.000000e+000  0.000000e+000  0.000000e+000  0.000000e+000  
0.000000e+000  0.000000e+000  0.000000e+000  0.000000e+000  0.000000e+000  0.000000e+000  0.000000e+000  0.000000e+000  0.000000e+000  
0.000000e+000  0.000000e+000  0.000000e+000  0.000000e+000  0.000000e+000  0.000000e+000  0.000000e+000  0.000000e+000  0.000000e+000  
0.000000e+000  0.000000e+000  0.000000e+000  0.000000e+000  0.000000e+000  0.000000e+000  0.000000e+000  0.000000e+000  0.000000e+000  
0.000000e+000  0.000000e+000  0.000000e+000  0.000000e+000  0.000000e+000  0.000000e+000  0.000000e+000  0.000000e+000  0.000000e+000  
0.000000e+000  0.000000e+000  0.000000e+000  0.000000e+000  0.000000e+000  0.000000e+000  0.000000e+000  0.000000e+000  0.000000e+000  
0.000000e+000  0.000000e+000  0.000000e+000  0.000000e+000  0.000000e+000  0.000000e+000  0.000000e+000  0.000000e+000  0.000000e+000  
0.000000e+000  0.000000e+000  0.000000e+000  0.000000e+000  0.000000e+000  0.000000e+000  0.000000e+000  0.000000e+000  0.000000e+000  
0.000000e+000  0.000000e+000  0.000000e+000  0.000000e+000  0.000000e+000  0.000000e+000  0.000000e+000  0.000000e+000  0.000000e+000  
0.000000e+000  0.000000e+000  0.000000e+000  0.000000e+000  0.000000e+000  0.000000e+000  0.000000e+000  0.000000e+000  0.000000e+000  
0.000000e+000  0.000000e+000  0.000000e+000  0.000000e+000  0.000000e+000  0.000000e+000  0.000000e+000  0.000000e+000  0.000000e+000  
0.000000e+000  0.000000e+000  0.000000e+000  0.000000e+000  0.000000e+000  0.000000e+000  0.000000e+000  0.000000e+000  0.000000e+000  
0.000000e+000  0.000000e+000  0.000000e+000  0.000000e+000  0.000000e+000  0.000000e+000  0.000000e+000  0.000000e+000  0.000000e+000  
0.000000e+000  0.000000e+000  0.000000e+000  0.000000e+000  0.000000e+000  0.000000e+000  0.000000e+000  0.000000e+000  0.000000e+000  
0.000000e+000  0.000000e+000  0.000000e+000  0.000000e+000  0.000000e+000  0.000000e+000  0.000000e+000  0.000000e+000  0.000000e+000  
0.000000e+000  0.000000e+000  0.000000e+000  0.000000e+000  0.000000e+000  0.000000e+000  0.000000e+000  0.000000e+000  0.000000e+000  
0.000000e+000  0.000000e+000  0.000000e+000  0.000000e+000  0.000000e+000  0.000000e+000  0.000000e+000  0.000000e+000  0.000000e+000  
0.000000e+000  0.000000e+000  0.000000e+000  0.000000e+000  0.000000e+000  0.000000e+000  0.000000e+000  0.000000e+000  0.000000e+000  
0.000000e+000  0.000000e+000  0.000000e+000  0.000000e+000  0.000000e+000  0.000000e+000  0.000000e+000  0.000000e+000  0.000000e+000  
0.000000e+000  0.000000e+000  0.000000e+000  0.000000e+000  0.000000e+000  0.000000e+000  0.000000e+000  0.000000e+000  0.000000e+000  
0.000000e+000  0.000000e+000  0.000000e+000  0.000000e+000  0.000000e+000  0.000000e+000  0.000000e+000  0.000000e+000  0.000000e+000  
0.000000e+000  0.000000e+000  0.000000e+000  0.000000e+000  0.000000e+000  0.000000e+000  0.000000e+000  0.000000e+000  0.000000e+000  
0.000000e+000  0.000000e+000  0.000000e+000  0.000000e+000  0.000000e+000  0.000000e+000  0.000000e+000  0.000000e+000  0.000000e+000  
0.000000e+000  0.000000e+000  0.000000e+000  0.000000e+000  0.000000e+000  0.000000e+000  0.000000e+000  0.000000e+000  0.000000e+000  
0.000000e+000  0.000000e+000  0.000000e+000  0.000000e+000  0.000000e+000  0.000000e+000  0.000000e+000  0.000000e+000  0.000000e+000  
0.000000e+000  0.000000e+000  0.000000e+000  0.000000e+000  0.000000e+000  0.000000e+000  0.000000e+000  0.000000e+000  0.000000e+000  
0.000000e+000  0.000000e+000  0.000000e+000  0.000000e+000  0.000000e+000  0.000000e+000  0.000000e+000  0.000000e+000  0.000000e+000  
0.000000e+000  0.000000e+000  0.000000e+000  0.000000e+000  0.000000e+000  0.000000e+000  0.000000e+000  0.000000e+000  0.000000e+000  
0.000000e+000  0.000000e+000  0.000000e+000  0.000000e+000  0.000000e+000  0.000000e+000  0.000000e+000  0.000000e+000  0.000000e+000  
0.000000e+000  0.000000e+000  0.000000e+000  0.000000e+000  0.000000e+000  0.000000e+000  0.000000e+000  0.000000e+000  0.000000e+000  
0.000000e+000  0.000000e+000  0.000000e+000  0.000000e+000  0.000000e+000  0.000000e+000  0.000000e+000  0.000000e+000  0.000000e+000  

0.000000e+000  0.000000e+000  0.000000e+000  0.000000e+000  0.000000e+000  0.000000e+000  0.000000e+000  0.000000e+000  0.000000e+000  
0.000000e+000  0.000000e+000  0.000000e+000  0.000000e+000  0.000000e+000  0.000000e+000  0.000000e+000  0.000000e+000  0.000000e+000  
0.000000e+000  0.000000e+000  0.000000e+000  0.000000e+000  0.000000e+000  0.000000e+000  0.000000e+000  0.000000e+000  0.000000e+000  
0.000000e+000  0.000000e+000  0.000000e+000  0.000000e+000  0.000000e+000  0.000000e+000  0.000000e+000  0.000000e+000  0.000000e+000  
0.000000e+000  0.000000e+000  0.000000e+000  0.000000e+000  0.000000e+000  0.000000e+000  0.000000e+000  0.000000e+000  0.000000e+000  
0.000000e+000  0.000000e+000  0.000000e+000  0.000000e+000  0.000000e+000  0.000000e+000  0.000000e+000  0.000000e+000  0.000000e+000  
0.000000e+000  0.000000e+000  0.000000e+000  0.000000e+000  0.000000e+000  0.000000e+000  0.000000e+000  0.000000e+000  0.000000e+000  
0.000000e+000  0.000000e+000  0.000000e+000  0.000000e+000  0.000000e+000  0.000000e+000  0.000000e+000  0.000000e+000  0.000000e+000  
0.000000e+000  0.000000e+000  0.000000e+000  0.000000e+000  0.000000e+000  0.000000e+000  0.000000e+000  0.000000e+000  0.000000e+000  
0.000000e+000  0.000000e+000  0.000000e+000  0.000000e+000  0.000000e+000  0.000000e+000  0.000000e+000  0.000000e+000  0.000000e+000  
0.000000e+000  0.000000e+000  0.000000e+000  0.000000e+000  0.000000e+000  0.000000e+000  0.000000e+000  0.000000e+000  0.000000e+000  
0.000000e+000  0.000000e+000  0.000000e+000  0.000000e+000  0.000000e+000  0.000000e+000  0.000000e+000  0.000000e+000  0.000000e+000  
0.000000e+000  0.000000e+000  0.000000e+000  0.000000e+000  0.000000e+000  0.000000e+000  0.000000e+000  0.000000e+000  0.000000e+000  
0.000000e+000  0.000000e+000  0.000000e+000  0.000000e+000  0.000000e+000  0.000000e+000  0.000000e+000  0.000000e+000  0.000000e+000  
0.000000e+000  0.000000e+000  0.000000e+000  0.000000e+000  0.000000e+000  0.000000e+000  0.000000e+000  0.000000e+000  0.000000e+000  
0.000000e+000  0.000000e+000  0.000000e+000  0.000000e+000  0.000000e+000  0.000000e+000  0.000000e+000  0.000000e+000  0.000000e+000  
0.000000e+000  0.000000e+000  0.000000e+000  0.000000e+000  0.000000e+000  0.000000e+000  0.000000e+000  0.000000e+000  0.000000e+000  
0.000000e+000  0.000000e+000  0.000000e+000  0.000000e+000  0.000000e+000  0.000000e+000  0.000000e+000  0.000000e+000  0.000000e+000  
0.000000e+000  0.000000e+000  0.000000e+000  0.000000e+000  0.000000e+000  0.000000e+000  0.000000e+000  0.000000e+000  0.000000e+000  
0.000000e+000  0.000000e+000  0.000000e+000  0.000000e+000  0.000000e+000  0.000000e+000  0.000000e+000  0.000000e+000  0.000000e+000  
0.000000e+000  0.000000e+000  0.000000e+000  0.000000e+000  0.000000e+000  0.000000e+000  0.000000e+000  0.000000e+000  0.000000e+000  
0.000000e+000  0.000000e+000  0.000000e+000  0.000000e+000  0.000000e+000  0.000000e+000  0.000000e+000  0.000000e+000  0.000000e+000  
0.000000e+000  0.000000e+000  0.000000e+000  0.000000e+000  0.000000e+000  0.000000e+000  0.000000e+000  0.000000e+000  0.000000e+000  
0.000000e+000  0.000000e+000  0.000000e+000  0.000000e+000  0.000000e+000  0.000000e+000  0.000000e+000  0.000000e+000  0.000000e+000  
0.000000e+000  0.000000e+000  0.000000e+000  0.000000e+000  0.000000e+000  0.000000e+000  0.000000e+000  0.000000e+000  0.000000e+000  
0.000000e+000  0.000000e+000  0.000000e+000  0.000000e+000  0.000000e+000  0.000000e+000  0.000000e+000  0.000000e+000  0.000000e+000  
0.000000e+000  0.000000e+000  0.000000e+000  0.000000e+000  0.000000e+000  0.000000e+000  0.000000e+000  0.000000e+000  0.000000e+000  
0.000000e+000  0.000000e+000  0.000000e+000  0.000000e+000  0.000000e+000  0.000000e+000  0.000000e+000  0.000000e+000  0.000000e+000  
0.000000e+000  0.000000e+000  0.000000e+000  0.000000e+000  0.000000e+000  0.000000e+000  0.000000e+000  0.000000e+000  0.000000e+000  
0.000000e+000  0.000000e+000  0.000000e+000  0.000000e+000  0.000000e+000  0.000000e+000  0.000000e+000  0.000000e+000  0.000000e+000  
0.000000e+000  0.000000e+000  0.000000e+000  0.000000e+000  0.000000e+000  0.000000e+000  0.000000e+000  0.000000e+000  0.000000e+000  
0.000000e+000  0.000000e+000  0.000000e+000  0.000000e+000  0.000000e+000  0.000000e+000  0.000000e+000  0.000000e+000  0.000000e+000  
0.000000e+000  0.000000e+000  0.000000e+000  0.000000e+000  0.000000e+000  0.000000e+000  0.000000e+000  0.000000e+000  0.000000e+000  
0.000000e+000  0.000000e+000  0.000000e+000  0.000000e+000  0.000000e+000  0.000000e+000  0.000000e+000  0.000000e+000  0.000000e+000  
0.000000e+000  0.000000e+000  0.000000e+000  0.000000e+000  0.000000e+000  0.000000e+000  0.000000e+000  0.000000e+000  0.000000e+000  
0.000000e+000  0.000000e+000  0.000000e+000  0.000000e+000  0.000000e+000  0.000000e+000  0.000000e+000  0.000000e+000  0.000000e+000  
0.000000e+000  0.000000e+000  0.000000e+000  0.000000e+000  0.000000e+000  0.000000e+000  0.000000e+000  0.000000e+000  0.000000e+000  
0.000000e+000  0.000000e+000  0.000000e+000  0.000000e+000  0.000000e+000  0.000000e+000  0.000000e+000  0.000000e+000  0.000000e+000  
0.000000e+000  0.000000e+000  0.000000e+000  0.000000e+000  0.000000e+000  0.000000e+000  0.000000e+000  0.000000e+000  0.000000e+000  
0.000000e+000  0.000000e+000  0.000000e+000  0.000000e+000  0.000000e+000  0.000000e+000  0.000000e+000  0.000000e+000  0.000000e+000  
0.000000e+000  0.000000e+000  0.000000e+000  0.000000e+000  0.000000e+000  0.000000e+000  0.000000e+000  0.000000e+000  0.000000e+000  
0.000000e+000  0.000000e+000  0.000000e+000  0.000000e+000  0.000000e+000  0.000000e+000  0.000000e+000  0.000000e+000  0.000000e+000  
0.000000e+000  0.000000e+000  0.000000e+000  0.000000e+000  0.000000e+000  0.000000e+000  0.000000e+000  0.000000e+000  0.000000e+000  
0.000000e+000  0.000000e+000  0.000000e+000  0.000000e+000  0.000000e+000  0.000000e+000  0.000000e+000  0.000000e+000  0.000000e+000  
0.000000e+000  0.000000e+000  0.000000e+000  0.000000e+000  0.000000e+000  0.000000e+000  0.000000e+000  0.000000e+000  0.000000e+000  
0.000000e+000  0.000000e+000  0.000000e+000  0.000000e+000  0.000000e+000  0.000000e+000  0.000000e+000  0.000000e+000  0.000000e+000  
0.000000e+000  0.000000e+000  0.000000e+000  0.000000e+000  0.000000e+000  0.000000e+000  0.000000e+000  0.000000e+000  0.000000e+000  
0.000000e+000  0.000000e+000  0.000000e+000  0.000000e+000  0.000000e+000  0.000000e+000  0.000000e+000  0.000000e+000  0.000000e+000  
0.000000e+000  0.000000e+000  0.000000e+000  0.000000e+000  0.000000e+000  0.000000e+000  0.000000e+000  0.000000e+000  0.000000e+000  
0.000000e+000  0.000000e+000  0.000000e+000  0.000000e+000  0.000000e+000  0.000000e+000  0.000000e+000  0.000000e+000  0.000000e+000  
0.000000e+000  0.000000e+000  0.000000e+000  0.000000e+000  0.000000e+000  0.000000e+000  0.000000e+000  0.000000e+000  0.000000e+000  
0.000000e+000  0.000000e+000  0.000000e+000  0.000000e+000  0.000000e+000  0.000000e+000  0.000000e+000  0.000000e+000  0.000000e+000  
0.000000e+000  0.000000e+000  0.000000e+000  0.000000e+000  0.000000e+000  0.000000e+000  0.000000e+000  0.000000e+000  0.000000e+000  
0.000000e+000  0.000000e+000  0.000000e+000  0.000000e+000  0.000000e+000  0.000000e+000  0.000000e+000  0.000000e+000  0.000000e+000  
0.000000e+000  0.000000e+000  0.000000e+000  0.000000e+000  0.000000e+000  0.000000e+000  0.000000e+000  0.000000e+000  0.000000e+000  
0.000000e+000  0.000000e+000  0.000000e+000  0.000000e+000  0.000000e+000  0.000000e+000  0.000000e+000  0.000000e+000  0.000000e+000  
0.000000e+000  0.000000e+000  0.000000e+000  0.000000e+000  0.000000e+000  0.000000e+000  0.000000e+000  0.000000e+000  0.000000e+000  
0.000000e+000  0.000000e+000  0.000000e+000  0.000000e+000  0.000000e+000  0.000000e+000  0.000000e+000  0.000000e+000  0.000000e+000  
0.000000e+000  0.000000e+000  0.000000e+000  0.000000e+000  0.000000e+000  0.000000e+000  0.000000e+000  0.000000e+000  0.000000e+000  
0.000000e+000  0.000000e+000  0.000000e+000  0.000000e+000  0.000000e+000  0.000000e+000  0.000000e+000  0.000000e+000  0.000000e+000  
0.000000e+000  0.000000e+000  0.000000e+000  0.000000e+000  0.000000e+000  0.000000e+000  0.000000e+000  0.000000e+000  0.000000e+000  
0.000000e+000  0.000000e+000  0.000000e+000  0.000000e+000  0.000000e+000  0.000000e+000  0.000000e+000  0.000000e+000  0.000000e+000  
0.000000e+000  0.000000e+000  0.000000e+000  0.000000e+000  0.000000e+000  0.000000e+000  0.000000e+000  0.000000e+000  0.000000e+000  
0.000000e+000  0.000000e+000  0.000000e+000  0.000000e+000  0.000000e+000  0.000000e+000  0.000000e+000  0.000000e+000  0.000000e+000  
0.000000e+000  0.000000e+000  0.000000e+000  0.000000e+000  0.000000e+000  0.000000e+000  0.000000e+000  0.000000e+000  0.000000e+000  
0.000000e+000  0.000000e+000  0.000000e+000  0.000000e+000  0.000000e+000  0.000000e+000  0.000000e+000  0.000000e+000  0.000000e+000  
0.000000e+000  0.000000e+000  0.000000e+000  0.000000e+000  0.000000e+000  0.000000e+000  0.000000e+000  0.000000e+000  0.000000e+000  
0.000000e+000  0.000000e+000  0.000000e+000  0.000000e+000  0.000000e+000  0.000000e+000  0.000000e+000  0.000000e+000  0.000000e+000  
0.000000e+000  0.000000e+000  0.000000e+000  0.000000e+000  0.000000e+000  0.000000e+000  0.000000e+000  0.000000e+000  0.000000e+000  
0.000000e+000  0.000000e+000  0.000000e+000  0.000000e+000  0.000000e+000  0.000000e+000  0.000000e+000  0.000000e+000  0.000000e+000  
0.000000e+000  0.000000e+000  0.000000e+000  0.000000e+000  0.000000e+000  0.000000e+000  0.000000e+000  0.000000e+000  0.000000e+000  
0.000000e+000  0.000000e+000  0.000000e+000  0.000000e+000  0.000000e+000  0.000000e+000  0.000000e+000  0.000000e+000  0.000000e+000  
0.000000e+000  0.000000e+000  0.000000e+000  0.000000e+000  0.000000e+000  0.000000e+000  0.000000e+000  0.000000e+000  0.000000e+000  
0.000000e+000  0.000000e+000  0.000000e+000  0.000000e+000  0.000000e+000  0.000000e+000  0.000000e+000  0.000000e+000  0.000000e+000  
0.000000e+000  0.000000e+000  0.000000e+000  0.000000e+000  0.000000e+000  0.000000e+000  0.000000e+000  0.000000e+000  0.000000e+000  
0.000000e+000  0.000000e+000  0.000000e+000  0.000000e+000  0.000000e+000  0.000000e+000  0.000000e+000  0.000000e+000  0.000000e+000  
0.000000e+000  0.000000e+000  0.000000e+000  0.000000e+000  0.000000e+000  0.000000e+000  0.000000e+000  0.000000e+000  0.000000e+000  
0.000000e+000  0.000000e+000  0.000000e+000  0.000000e+000  0.000000e+000  0.000000e+000  0.000000e+000  0.000000e+000  0.000000e+000  
0.000000e+000  0.000000e+000  0.000000e+000  0.000000e+000  0.000000e+000  0.000000e+000  0.000000e+000  0.000000e+000  0.000000e+000  
0.000000e+000  0.000000e+000  0.000000e+000  0.000000e+000  0.000000e+000  0.000000e+000  0.000000e+000  0.000000e+000  0.000000e+000  
0.000000e+000  0.000000e+000  0.000000e+000  0.000000e+000  0.000000e+000  0.000000e+000  0.000000e+000  0.000000e+000  0.000000e+000  
0.000000e+000  0.000000e+000  0.000000e+000  0.000000e+000  0.000000e+000  0.000000e+000  0.000000e+000  0.000000e+000  0.000000e+000  
0.000000e+000  0.000000e+000  0.000000e+000  0.000000e+000  0.000000e+000  0.000000e+000  0.000000e+000  0.000000e+000  0.000000e+000  
0.000000e+000  0.000000e+000  0.000000e+000  0.000000e+000  0.000000e+000  0.000000e+000  0.000000e+000  0.000000e+000  0.000000e+000  
0.000000e+000  0.000000e+000  0.000000e+000  0.000000e+000  0.000000e+000  0.000000e+000  0.000000e+000  0.000000e+000  0.000000e+000  
0.000000e+000  0.000000e+000  0.000000e+000  0.000000e+000  0.000000e+000  0.000000e+000  0.000000e+000  0.000000e+000  0.000000e+000  
0.000000e+000  0.000000e+000  0.000000e+000  0.000000e+000  0.000000e+000  0.000000e+000  0.000000e+000  0.000000e+000  0.000000e+000  
0.000000e+000  0.000000e+000  0.000000e+000  0.000000e+000  0.000000e+000  0.000000e+000  0.000000e+000  0.000000e+000  0.000000e+000  
0.000000e+000  0.000000e+000  0.000000e+000  0.000000e+000  0.000000e+000  0.000000e+000  0.000000e+000  0.000000e+000  0.000000e+000  
0.000000e+000  0.000000e+000  0.000000e+000  0.000000e+000  0.000000e+000  0.000000e+000  0.000000e+000  0.000000e+000  0.000000e+000  
0.000000e+000  0.000000e+000  0.000000e+000  0.000000e+000  0.000000e+000  0.000000e+000  0.000000e+000  0.000000e+000  0.000000e+000  
0.000000e+000  0.000000e+000  0.000000e+000  0.000000e+000  0.000000e+000  0.000000e+000  0.000000e+000  0.000000e+000  0.000000e+000  
0.000000e+000  0.000000e+000  0.000000e+000  0.000000e+000  0.000000e+000  0.000000e+000  0.000000e+000  0.000000e+000  0.000000e+000  
0.000000e+000  0.000000e+000  0.000000e+000  0.000000e+000  0.000000e+000  0.000000e+000  0.000000e+000  0.000000e+000  0.000000e+000  
0.000000e+000  0.000000e+000  0.000000e+000  0.000000e+000  0.000000e+000  0.000000e+000  0.000000e+000  0.000000e+000  0.000000e+000  
0.000000e+000  0.000000e+000  0.000000e+000  0.000000e+000  0.000000e+000  0.000000e+000  0.000000e+000  0.000000e+000  0.000000e+000  
0.000000e+000  0.000000e+000  0.000000e+000  0.000000e+000  0.000000e+000  0.000000e+000  0.000000e+000  0.000000e+000  0.000000e+000  
0.000000e+000  0.000000e+000  0.000000e+000  0.000000e+000  0.000000e+000  0.000000e+000  0.000000e+000  0.000000e+000  0.000000e+000  
0.000000e+000  0.000000e+000  0.000000e+000  0.000000e+000  0.000000e+000  0.000000e+000  0.000000e+000  0.000000e+000  0.000000e+000  
0.000000e+000  0.000000e+000  0.000000e+000  0.000000e+000  0.000000e+000  0.000000e+000  0.000000e+000  0.000000e+000  0.000000e+000  
0.000000e+000  0.000000e+000  0.000000e+000  0.000000e+000  0.000000e+000  0.000000e+000  0.000000e+000  0.000000e+000  0.000000e+000  
0.000000e+000  0.000000e+000  0.000000e+000  0.000000e+000  0.000000e+000  0.000000e+000  0.000000e+000  0.000000e+000  0.000000e+000  
0.000000e+000  0.000000e+000  0.000000e+000  0.000000e+000  0.000000e+000  0.000000e+000  0.000000e+000  0.000000e+000  0.000000e+000  
0.000000e+000  0.000000e+000  0.000000e+000  0.000000e+000  0.000000e+000  0.000000e+000  0.000000e+000  0.000000e+000  0.000000e+000  
0.000000e+000  0.000000e+000  0.000000e+000  0.000000e+000  0.000000e+000  0.000000e+000  0.000000e+000  0.000000e+000  0.000000e+000  
0.000000e+000  0.000000e+000  0.000000e+000  0.000000e+000  0.000000e+000  0.000000e+000  0.000000e+000  0.000000e+000  0.000000e+000  
0.000000e+000  0.000000e+000  0.000000e+000  0.000000e+000  0.000000e+000  0.000000e+000  0.000000e+000  0.000000e+000  0.000000e+000  
0.000000e+000  0.000000e+000  0.000000e+000  0.000000e+000  0.000000e+000  0.000000e+000  0.000000e+000  0.000000e+000  0.000000e+000  
0.000000e+000  0.000000e+000  0.000000e+000  0.000000e+000  0.000000e+000  0.000000e+000  0.000000e+000  0.000000e+000  0.000000e+000  
0.000000e+000  0.000000e+000  0.000000e+000  0.000000e+000  0.000000e+000  0.000000e+000  0.000000e+000  0.000000e+000  0.000000e+000  
0.000000e+000  0.000000e+000  0.000000e+000  0.000000e+000  0.000000e+000  0.000000e+000  0.000000e+000  0.000000e+000  0.000000e+000  
0.000000e+000  0.000000e+000  0.000000e+000  0.000000e+000  0.000000e+000  0.000000e+000  0.000000e+000  0.000000e+000  0.000000e+000  
0.000000e+000  0.000000e+000  0.000000e+000  0.000000e+000  0.000000e+000  0.000000e+000  0.000000e+000  0.000000e+000  0.000000e+000  
0.000000e+000  0.000000e+000  0.000000e+000  0.000000e+000  0.000000e+000  0.000000e+000  0.000000e+000  0.000000e+000  0.000000e+000  
0.000000e+000  0.000000e+000  0.000000e+000  0.000000e+000  0.000000e+000  0.000000e+000  0.000000e+000  0.000000e+000  0.000000e+000  
0.000000e+000  0.000000e+000  0.000000e+000  0.000000e+000  0.000000e+000  0.000000e+000  0.000000e+000  0.000000e+000  0.000000e+000  

0.000000e+000  -2.289484e-012  -4.174539e-012  1.563724e-011  1.901745e-011  2.068680e-011  1.977866e-011  6.389299e-012  0.000000e+000  
5.753687e-012  6.770827e-012  8.577326e-011  2.577747e-011  3.049713e-011  3.183827e-011  2.946640e-011  2.083706e-011  0.000000e+000  
2.833356e-011  3.652615e-011  3.037593e-011  3.838459e-011  4.452247e-011  4.558176e-011  4.156068e-011  2.884152e-011  0.000000e+000  
5.476023e-012  5.844282e-011  4.848861e-011  5.993386e-011  6.646073e-011  6.561002e-011  5.851275e-011  3.970395e-011  0.000000e+000  
7.350562e-011  1.044350e-011  9.542063e-011  9.887304e-011  9.962200e-011  9.395177e-011  8.181223e-011  5.423672e-011  0.000000e+000  
-4.358885e-011  5.293378e-011  1.502174e-010  1.483398e-010  1.434369e-010  1.313919e-010  1.126036e-010  7.337389e-011  0.000000e+000  
0.000000e+000  0.000000e+000  2.099015e-010  2.059644e-010  1.968940e-010  1.781776e-010  1.514352e-010  9.771533e-011  0.000000e+000  
0.000000e+000  0.000000e+000  3.393988e-010  3.323919e-010  3.161853e-010  2.843258e-010  2.403492e-010  1.538277e-010  0.000000e+000  
0.000000e+000  0.000000e+000  6.807783e-010  6.665577e-010  6.336290e-010  5.691427e-010  4.805367e-010  3.069482e-010  0.000000e+000  
0.000000e+000  0.000000e+000  1.363858e-009  1.335387e-009  1.269312e-009  1.139915e-009  9.623033e-010  6.145016e-010  0.000000e+000  
0.000000e+000  0.000000e+000  2.707650e-009  2.651082e-009  2.519863e-009  2.262787e-009  1.910080e-009  1.219624e-009  0.000000e+000  
0.000000e+000  0.000000e+000  5.362349e-009  5.250425e-009  4.990356e-009  4.480931e-009  3.782282e-009  2.414891e-009  0.000000e+000  
0.000000e+000  0.000000e+000  1.061162e-008  1.039030e-008  9.875285e-009  8.866543e-009  7.483679e-009  4.777729e-009  0.000000e+000  
0.000000e+000  0.000000e+000  2.099158e-008  2.055407e-008  1.953454e-008  1.753768e-008  1.480150e-008  9.448715e-009  0.000000e+000  
0.000000e+000  0.000000e+000  4.151305e-008  4.064847e-008  3.863065e-008  3.467866e-008  2.926617e-008  1.868060e-008  0.000000e+000  
0.000000e+000  0.000000e+000  8.207344e-008  8.036567e-008  7.637282e-008  6.855300e-008  5.784922e-008  3.692121e-008  0.000000e+000  
0.000000e+000  0.000000e+000  1.622155e-007  1.588434e-007  1.509440e-007  1.354743e-007  1.143121e-007  7.294907e-008  0.000000e+000  
0.000000e+000  0.000000e+000  3.205102e-007  3.138546e-007  2.982304e-007  2.676343e-007  2.258071e-007  1.440819e-007  0.000000e+000  
0.000000e+000  0.000000e+000  6.330500e-007  6.199197e-007  5.890241e-007  5.285268e-007  4.458817e-007  2.844660e-007  0.000000e+000  
0.000000e+000  0.000000e+000  1.249873e-006  1.223982e-006  1.162906e-006  1.043319e-006  8.800804e-007  5.613916e-007  0.000000e+000  
0.000000e+000  0.000000e+000  2.466660e-006  2.415636e-006  2.294932e-006  2.058614e-006  1.736313e-006  1.107383e-006  0.000000e+000  
0.000000e+000  0.000000e+000  4.784506e-006  4.685686e-006  4.451211e-006  3.992181e-006  3.366721e-006  2.146827e-006  0.000000e+000  
0.000000e+000  0.000000e+000  7.694395e-006  7.535677e-006  7.158123e-006  6.419034e-006  5.412766e-006  3.450975e-006  0.000000e+000  
0.000000e+000  0.000000e+000  9.741695e-006  9.540870e-006  9.062569e-006  8.126292e-006  6.852029e-006  4.368271e-006  0.000000e+000  
0.000000e+000  0.000000e+000  1.236356e-005  1.210886e-005  1.150143e-005  1.031244e-005  8.694881e-006  5.542674e-006  0.000000e+000  
0.000000e+000  0.000000e+000  1.563568e-005  1.531379e-005  1.454509e-005  1.304046e-005  1.099436e-005  7.007927e-006  0.000000e+000  
0.000000e+000  0.000000e+000  1.966602e-005  1.926144e-005  1.829394e-005  1.640025e-005  1.382617e-005  8.812213e-006  0.000000e+000  
0.000000e+000  0.000000e+000  2.474793e-005  2.423916e-005  2.302079e-005  2.063616e-005  1.739617e-005  1.108661e-005  0.000000e+000  
0.000000e+000  0.000000e+000  3.475745e-005  3.404367e-005  3.233076e-005  2.897839e-005  2.442643e-005  1.556503e-005  0.000000e+000  
0.000000e+000  0.000000e+000  5.675634e-005  5.559277e-005  5.279109e-005  4.730833e-005  3.987132e-005  2.540162e-005  0.000000e+000  
0.000000e+000  0.000000e+000  8.297693e-005  8.127834e-005  7.717645e-005  6.914983e-005  5.827195e-005  3.711784e-005  0.000000e+000  
0.000000e+000  0.000000e+000  1.041670e-004  1.020365e-004  9.688275e-005  8.679829e-005  7.313873e-005  4.658272e-005  0.000000e+000  
0.000000e+000  0.000000e+000  1.308930e-004  1.282184e-004  1.217366e-004  1.090540e-004  9.188487e-005  5.851579e-005  0.000000e+000  
0.000000e+000  0.000000e+000  1.645686e-004  1.612091e-004  1.530521e-004  1.370926e-004  1.154996e-004  7.354597e-005  0.000000e+000  
0.000000e+000  0.000000e+000  2.069728e-004  2.027519e-004  1.924832e-004  1.723929e-004  1.452275e-004  9.246434e-005  0.000000e+000  
0.000000e+000  0.000000e+000  2.603432e-004  2.550395e-004  2.421098e-004  2.168148e-004  1.826332e-004  1.162653e-004  0.000000e+000  
0.000000e+000  0.000000e+000  3.652948e-004  3.578644e-004  3.396957e-004  3.041542e-004  2.561699e-004  1.630489e-004  0.000000e+000  
0.000000e+000  0.000000e+000  5.952868e-004  5.832081e-004  5.535297e-004  4.954802e-004  4.172234e-004  2.654771e-004  0.000000e+000  
0.000000e+000  0.000000e+000  8.686214e-004  8.510347e-004  8.076387e-004  7.227675e-004  6.084993e-004  3.870813e-004  0.000000e+000  
0.000000e+000  0.000000e+000  1.089180e-003  1.067156e-003  1.012673e-003  9.061271e-004  7.627854e-004  4.851485e-004  0.000000e+000  
0.000000e+000  0.000000e+000  1.366936e-003  1.339333e-003  1.270866e-003  1.136982e-003  9.570074e-004  6.085730e-004  0.000000e+000  
0.000000e+000  0.000000e+000  1.722122e-003  1.687394e-003  1.601016e-003  1.432118e-003  1.205271e-003  7.663027e-004  0.000000e+000  
0.000000e+000  0.000000e+000  2.179258e-003  2.135377e-003  2.025903e-003  1.811863e-003  1.524650e-003  9.691613e-004  0.000000e+000  
0.000000e+000  0.000000e+000  2.757946e-003  2.702498e-003  2.563728e-003  2.292437e-003  1.928753e-003  1.225758e-003  0.000000e+000  
0.000000e+000  0.000000e+000  4.024600e-003  3.943874e-003  3.740843e-003  3.343983e-003  2.812786e-003  1.786911e-003  0.000000e+000  
0.000000e+000  0.000000e+000  7.354039e-003  7.207100e-003  6.834202e-003  6.105549e-003  5.133088e-003  3.258359e-003  0.000000e+000  
0.000000e+000  0.000000e+000  1.390067e-002  1.362387e-002  1.291392e-002  1.152743e-002  9.684026e-003  6.139263e-003  0.000000e+000  
0.000000e+000  0.000000e+000  2.617540e-002  2.565465e-002  2.430279e-002  2.166543e-002  1.817736e-002  1.149664e-002  0.000000e+000  
0.000000e+000  0.000000e+000  4.922605e-002  4.824082e-002  4.564565e-002  4.059414e-002  3.397088e-002  2.138000e-002  0.000000e+000  
0.000000e+000  0.000000e+000  9.266996e-002  9.077326e-002  8.567146e-002  7.579131e-002  6.305857e-002  3.924339e-002  0.000000e+000  
0.000000e+000  0.000000e+000  1.754152e-001  1.716376e-001  1.610013e-001  1.406158e-001  1.153652e-001  6.991105e-002  0.000000e+000  
0.000000e+000  0.000000e+000  3.285249e-001  3.211639e-001  2.968089e-001  2.506972e-001  1.986999e-001  1.131791e-001  0.000000e+000  
0.000000e+000  0.000000e+000  5.176810e-001  5.101124e-001  4.591361e-001  3.613900e-001  2.683695e-001  1.379423e-001  0.000000e+000  
0.000000e+000  0.000000e+000  6.476263e-001  6.513982e-001  5.740579e-001  4.219371e-001  2.967715e-001  1.419250e-001  0.000000e+000  
0.000000e+000  0.000000e+000  7.649171e-001  8.176714e-001  6.961621e-001  4.523218e-001  2.929759e-001  1.280453e-001  0.000000e+000  
0.000000e+000  0.000000e+000  7.321588e-001  9.057231e-001  7.282030e-001  3.918622e-001  2.323121e-001  9.438490e-002  0.000000e+000  
0.000000e+000  0.000000e+000  4.253434e-001  4.903238e-001  3.816622e-001  2.221570e-001  1.315964e-001  5.195719e-002  0.000000e+000  
0.000000e+000  0.000000e+000  -7.440704e-011  -9.607174e-011  -1.162134e-010  -1.894579e-011  -5.430821e-011  -3.479921e-011  0.000000e+000  
0.000000e+000  0.000000e+000  -4.253434e-001  -4.903238e-001  -3.816622e-001  -2.221570e-001  -1.315964e-001  -5.195719e-002  0.000000e+000  
0.000000e+000  0.000000e+000  -7.321588e-001  -9.057231e-001  -7.282030e-001  -3.918622e-001  -2.323121e-001  -9.438490e-002  0.000000e+000  
0.000000e+000  0.000000e+000  -7.649171e-001  -8.176714e-001  -6.961621e-001  -4.523218e-001  -2.929759e-001  -1.280453e-001  0.000000e+000  
0.000000e+000  0.000000e+000  -6.476263e-001  -6.513982e-001  -5.740579e-001  -4.219371e-001  -2.967715e-001  -1.419250e-001  0.000000e+000  
0.000000e+000  0.000000e+000  -5.176810e-001  -5.101124e-001  -4.591361e-001  -3.613900e-001  -2.683695e-001  -1.379423e-001  0.000000e+000  
0.000000e+000  0.000000e+000  -3.285249e-001  -3.211639e-001  -2.968089e-001  -2.506972e-001  -1.986999e-001  -1.131791e-001  0.000000e+000  
0.000000e+000  0.000000e+000  -1.754152e-001  -1.716376e-001  -1.610013e-001  -1.406158e-001  -1.153652e-001  -6.991105e-002  0.000000e+000  
0.000000e+000  0.000000e+000  -9.266996e-002  -9.077326e-002  -8.567146e-002  -7.579131e-002  -6.305857e-002  -3.924339e-002  0.000000e+000  
0.000000e+000  0.000000e+000  -4.922605e-002  -4.824082e-002  -4.564565e-002  -4.059414e-002  -3.397088e-002  -2.138001e-002  0.000000e+000  
0.000000e+000  0.000000e+000  -2.617540e-002  -2.565465e-002  -2.430279e-002  -2.166543e-002  -1.817736e-002  -1.149665e-002  0.000000e+000  
0.000000e+000  0.000000e+000  -1.390068e-002  -1.362388e-002  -1.291393e-002  -1.152743e-002  -9.684031e-003  -6.139266e-003  0.000000e+000  
0.000000e+000  0.000000e+000  -7.354054e-003  -7.207114e-003  -6.834216e-003  -6.105561e-003  -5.133099e-003  -3.258366e-003  0.000000e+000  
0.000000e+000  0.000000e+000  -4.024627e-003  -3.943900e-003  -3.740868e-003  -3.344006e-003  -2.812805e-003  -1.786923e-003  0.000000e+000  
0.000000e+000  0.000000e+000  -2.757987e-003  -2.702538e-003  -2.563767e-003  -2.292471e-003  -1.928782e-003  -1.225777e-003  0.000000e+000  
0.000000e+000  0.000000e+000  -2.179310e-003  -2.135428e-003  -2.025951e-003  -1.811906e-003  -1.524686e-003  -9.691844e-004  0.000000e+000  
0.000000e+000  0.000000e+000  -1.722188e-003  -1.687459e-003  -1.601077e-003  -1.432173e-003  -1.205317e-003  -7.663319e-004  0.000000e+000  
0.000000e+000  0.000000e+000  -1.366304e-003  -1.338713e-003  -1.270278e-003  -1.136457e-003  -9.565650e-004  -6.082918e-004  0.000000e+000  
0.000000e+000  0.000000e+000  -1.087688e-003  -1.065694e-003  -1.011286e-003  -9.048868e-004  -7.617418e-004  -4.844852e-004  0.000000e+000  
0.000000e+000  0.000000e+000  -8.666611e-004  -8.491138e-004  -8.058162e-004  -7.211374e-004  -6.071275e-004  -3.862092e-004  0.000000e+000  
0.000000e+000  0.000000e+000  -5.896975e-004  -5.777316e-004  -5.483334e-004  -4.908317e-004  -4.133111e-004  -2.629894e-004  0.000000e+000  
0.000000e+000  0.000000e+000  -3.638865e-004  -3.564846e-004  -3.383862e-004  -3.029822e-004  -2.551831e-004  -1.624211e-004  0.000000e+000  
0.000000e+000  0.000000e+000  -2.609174e-004  -2.556020e-004  -2.426437e-004  -2.172927e-004  -1.830356e-004  -1.165213e-004  0.000000e+000  
0.000000e+000  0.000000e+000  -2.072341e-004  -2.030079e-004  -1.927261e-004  -1.726104e-004  -1.454107e-004  -9.258093e-005  0.000000e+000  
0.000000e+000  0.000000e+000  -1.646209e-004  -1.612603e-004  -1.531007e-004  -1.371362e-004  -1.155363e-004  -7.356935e-005  0.000000e+000  
0.000000e+000  0.000000e+000  -1.308798e-004  -1.282054e-004  -1.217243e-004  -1.090430e-004  -9.187561e-005  -5.850990e-005  0.000000e+000  
0.000000e+000  0.000000e+000  -1.041565e-004  -1.020262e-004  -9.687295e-005  -8.678952e-005  -7.313134e-005  -4.657803e-005  0.000000e+000  
0.000000e+000  0.000000e+000  -8.296852e-005  -8.127009e-005  -7.716863e-005  -6.914283e-005  -5.826606e-005  -3.711410e-005  0.000000e+000  
0.000000e+000  0.000000e+000  -5.675057e-005  -5.558712e-005  -5.278573e-005  -4.730353e-005  -3.986728e-005  -2.539905e-005  0.000000e+000  
0.000000e+000  0.000000e+000  -3.475391e-005  -3.404020e-005  -3.232747e-005  -2.897544e-005  -2.442395e-005  -1.556345e-005  0.000000e+000  
0.000000e+000  0.000000e+000  -2.474540e-005  -2.423669e-005  -2.301844e-005  -2.063406e-005  -1.739439e-005  -1.108548e-005  0.000000e+000  
0.000000e+000  0.000000e+000  -1.966401e-005  -1.925947e-005  -1.829207e-005  -1.639858e-005  -1.382476e-005  -8.811316e-006  0.000000e+000  
0.000000e+000  0.000000e+000  -1.563408e-005  -1.531222e-005  -1.454360e-005  -1.303913e-005  -1.099324e-005  -7.007213e-006  0.000000e+000  
0.000000e+000  0.000000e+000  -1.236229e-005  -1.210762e-005  -1.150025e-005  -1.031138e-005  -8.693993e-006  -5.542108e-006  0.000000e+000  
0.000000e+000  0.000000e+000  -9.740696e-006  -9.539892e-006  -9.061640e-006  -8.125460e-006  -6.851328e-006  -4.367825e-006  0.000000e+000  
0.000000e+000  0.000000e+000  -7.693605e-006  -7.534904e-006  -7.157388e-006  -6.418376e-006  -5.412211e-006  -3.450622e-006  0.000000e+000  
0.000000e+000  0.000000e+000  -4.784014e-006  -4.685204e-006  -4.450753e-006  -3.991770e-006  -3.366375e-006  -2.146606e-006  0.000000e+000  
0.000000e+000  0.000000e+000  -2.466406e-006  -2.415387e-006  -2.294696e-006  -2.058402e-006  -1.736134e-006  -1.107269e-006  0.000000e+000  
0.000000e+000  0.000000e+000  -1.249744e-006  -1.223856e-006  -1.162786e-006  -1.043211e-006  -8.799896e-007  -5.613337e-007  0.000000e+000  
0.000000e+000  0.000000e+000  -6.329844e-007  -6.198555e-007  -5.889631e-007  -5.284722e-007  -4.458356e-007  -2.844366e-007  0.000000e+000  
0.000000e+000  0.000000e+000  -3.204769e-007  -3.138220e-007  -2.981994e-007  -2.676066e-007  -2.257837e-007  -1.440670e-007  0.000000e+000  
0.000000e+000  0.000000e+000  -1.621986e-007  -1.588269e-007  -1.509283e-007  -1.354602e-007  -1.143002e-007  -7.294149e-008  0.000000e+000  
0.000000e+000  0.000000e+000  -8.206487e-008  -8.035729e-008  -7.636484e-008  -6.854586e-008  -5.784318e-008  -3.691737e-008  0.000000e+000  
0.000000e+000  0.000000e+000  -4.150867e-008  -4.064422e-008  -3.862659e-008  -3.467500e-008  -2.926309e-008  -1.867864e-008  0.000000e+000  
0.000000e+000  0.000000e+000  -2.098936e-008  -2.055190e-008  -1.953247e-008  -1.753582e-008  -1.479993e-008  -9.447714e-009  0.000000e+000  
0.000000e+000  0.000000e+000  -1.061050e-008  -1.038918e-008  -9.874229e-009  -8.865608e-009  -7.482899e-009  -4.777218e-009  0.000000e+000  
0.000000e+000  0.000000e+000  -5.361816e-009  -5.249909e-009  -4.989858e-009  -4.480487e-009  -3.781908e-009  -2.414635e-009  0.000000e+000  
0.000000e+000  0.000000e+000  -2.707422e-009  -2.650887e-009  -2.519640e-009  -2.262581e-009  -1.909918e-009  -1.219545e-009  0.000000e+000  
0.000000e+000  0.000000e+000  -1.363819e-009  -1.335309e-009  -1.269249e-009  -1.139833e-009  -9.622260e-010  -6.144693e-010  0.000000e+000  
0.000000e+000  0.000000e+000  -6.808053e-010  -6.665718e-010  -6.336644e-010  -5.691661e-010  -4.805545e-010  -3.069584e-010  0.000000e+000  
0.000000e+000  0.000000e+000  -3.394801e-010  -3.324573e-010  -3.162552e-010  -2.843838e-010  -2.404058e-010  -1.538761e-010  0.000000e+000  
0.000000e+000  0.000000e+000  -2.100023e-010  -2.060119e-010  -1.969039e-010  -1.782636e-010  -1.514665e-010  -9.771974e-011  0.000000e+000  
4.356460e-011  -5.285983e-011  -1.502394e-010  -1.484501e-010  -1.435387e-010  -1.313994e-010  -1.126472e-010  -7.338090e-011  0.000000e+000  
-7.340418e-011  -1.043891e-011  -9.546850e-011  -9.888588e-011  -9.966144e-011  -9.398236e-011  -8.185594e-011  -5.423978e-011  0.000000e+000  
-5.468936e-012  -5.845916e-011  -4.841830e-011  -5.998157e-011  -6.648838e-011  -6.564555e-011  -5.853883e-011  -3.972144e-011  0.000000e+000  
-2.837661e-011  -3.645614e-011  -3.043686e-011  -3.834302e-011  -4.454374e-011  -4.564652e-011  -4.158045e-011  -2.885587e-011  0.000000e+000  
-5.667306e-012  -6.833077e-012  -8.564427e-011  -2.584580e-011  -3.050813e-011  -3.189444e-011  -2.950033e-011  -2.085798e-011  0.000000e+000  
0.000000e+000  2.286873e-012  4.166274e-012  -1.561572e-011  -1.900420e-011  -2.066834e-011  -1.976674e-011  -6.390556e-012  0.000000e+000  
0.000000e+000  0.000000e+000  0.000000e+000  0.000000e+000  0.000000e+000  0.000000e+000  0.000000e+000  0.000000e+000  0.000000e+000  

