DESKTOP-S1T4ESL: <<<<<<<<<<<<<<<<<<<<<<<<<<<
                 2020 Aug 17 (Mon): 16:12:06
                 <<<<<<<<<<<<<<<<<<<<<<<<<<<
                 
DESKTOP-S1T4ESL: ===============================
                 Processing CAD model
                 Version 2015.0 (build 20150116)
                 2020 Aug 17 (Mon): 16:12:06
                 ===============================
                 
DESKTOP-S1T4ESL: sssssssssssssssssssssssssssssssssss
                 The point accuracy is set to 0.00%.
                 sssssssssssssssssssssssssssssssssss
                 
==================================================================================================
== CST Matrix Calculation Priority Log                                                          ==
==================================================================================================
 
Priorities are sorted in ascending order beginning with the lowest priority
 
Priority:   3, shape   3: component1:substrate, material: FR-4 (lossy)
Priority:   4, shape   1: component1:ground, material: Copper (annealed)
Priority:   4, shape   2: component1:solid1, material: Copper (annealed)
 
==================================================================================================
 
DESKTOP-S1T4ESL: =======================
                 Finished CAD processing
                 =======================
                 
DESKTOP-S1T4ESL: >>>>>>>>>>>>>>>>>>>>>>>>>>>
                 2020 Aug 17 (Mon): 16:12:07
                 >>>>>>>>>>>>>>>>>>>>>>>>>>>
                 
DESKTOP-S1T4ESL: <<<<<<<<<<<<<<<<<<<<<<<<<<<
                 2020 Aug 17 (Mon): 16:12:07
                 <<<<<<<<<<<<<<<<<<<<<<<<<<<
                 
DESKTOP-S1T4ESL: ===============================
                 Port preparation
                 Version 2015.0 (build 20150116)
                 2020 Aug 17 (Mon): 16:12:07
                 ===============================
                 
DESKTOP-S1T4ESL: ==========================
                 Finished port preparation.
                 ==========================
                 
DESKTOP-S1T4ESL: >>>>>>>>>>>>>>>>>>>>>>>>>>>
                 2020 Aug 17 (Mon): 16:12:07
                 >>>>>>>>>>>>>>>>>>>>>>>>>>>
                 
DESKTOP-S1T4ESL: <<<<<<<<<<<<<<<<<<<<<<<<<<<
                 2020 Aug 17 (Mon): 16:12:08
                 <<<<<<<<<<<<<<<<<<<<<<<<<<<
                 
DESKTOP-S1T4ESL: ==============================
                 Mesher selection: manual: FPBA
                 ==============================
                 
DESKTOP-S1T4ESL: =======================================
                 Matrix computation (FPBA)
                 	[FPBA accuracy enhancement is enabled]
                 Version 2015.0 (build 20150116)
                 2020 Aug 17 (Mon): 16:12:08
                 =======================================
                 
DESKTOP-S1T4ESL: sssssssssssssssssssssssssssssssssssssssssssssssssssssssssssssssssssssssssssssssssss
                 The point accuracy has been changed from 0.00% to 74.00% after complexity analysis.
                 sssssssssssssssssssssssssssssssssssssssssssssssssssssssssssssssssssssssssssssssssss
                 
DESKTOP-S1T4ESL: ssssssssssssssssssssssssssssssssssss
                 The point accuracy is set to 74.00%.
                 ssssssssssssssssssssssssssssssssssss
                 
DESKTOP-S1T4ESL: ==================================
                 Finished matrix computation (FPBA)
                 ==================================
                 
DESKTOP-S1T4ESL: >>>>>>>>>>>>>>>>>>>>>>>>>>>
                 2020 Aug 17 (Mon): 16:12:10
                 >>>>>>>>>>>>>>>>>>>>>>>>>>>
                 
DESKTOP-S1T4ESL: <<<<<<<<<<<<<<<<<<<<<<<<<<<
                 2020 Aug 17 (Mon): 16:12:11
                 <<<<<<<<<<<<<<<<<<<<<<<<<<<
                 
DESKTOP-S1T4ESL: ==============================
                 Mesher selection: manual: FPBA
                 ==============================
                 
DESKTOP-S1T4ESL: =======================================
                 Matrix computation (FPBA)
                 	[FPBA accuracy enhancement is enabled]
                 Version 2015.0 (build 20150116)
                 2020 Aug 17 (Mon): 16:12:12
                 =======================================
                 
DESKTOP-S1T4ESL: sssssssssssssssssssssssssssssssssssssssssssssssssssssssssssssssssssssssssssssssssss
                 The point accuracy has been changed from 0.00% to 74.00% after complexity analysis.
                 sssssssssssssssssssssssssssssssssssssssssssssssssssssssssssssssssssssssssssssssssss
                 
DESKTOP-S1T4ESL: ssssssssssssssssssssssssssssssssssss
                 The point accuracy is set to 74.00%.
                 ssssssssssssssssssssssssssssssssssss
                 
DESKTOP-S1T4ESL: ==================================
                 Finished matrix computation (FPBA)
                 ==================================
                 
DESKTOP-S1T4ESL: >>>>>>>>>>>>>>>>>>>>>>>>>>>
                 2020 Aug 17 (Mon): 16:12:15
                 >>>>>>>>>>>>>>>>>>>>>>>>>>>
                 
DESKTOP-S1T4ESL: <<<<<<<<<<<<<<<<<<<<<<<<<<<
                 2020 Aug 17 (Mon): 16:12:17
                 <<<<<<<<<<<<<<<<<<<<<<<<<<<
                 
DESKTOP-S1T4ESL: ==============================
                 Mesher selection: manual: FPBA
                 ==============================
                 
DESKTOP-S1T4ESL: =======================================
                 Matrix computation (FPBA)
                 	[FPBA accuracy enhancement is enabled]
                 Version 2015.0 (build 20150116)
                 2020 Aug 17 (Mon): 16:12:17
                 =======================================
                 
DESKTOP-S1T4ESL: sssssssssssssssssssssssssssssssssssssssssssssssssssssssssssssssssssssssssssssssssss
                 The point accuracy has been changed from 0.00% to 74.00% after complexity analysis.
                 sssssssssssssssssssssssssssssssssssssssssssssssssssssssssssssssssssssssssssssssssss
                 
DESKTOP-S1T4ESL: ssssssssssssssssssssssssssssssssssss
                 The point accuracy is set to 74.00%.
                 ssssssssssssssssssssssssssssssssssss
                 
DESKTOP-S1T4ESL: ==================================
                 Finished matrix computation (FPBA)
                 ==================================
                 
DESKTOP-S1T4ESL: >>>>>>>>>>>>>>>>>>>>>>>>>>>
                 2020 Aug 17 (Mon): 16:12:23
                 >>>>>>>>>>>>>>>>>>>>>>>>>>>
                 
DESKTOP-S1T4ESL: <<<<<<<<<<<<<<<<<<<<<<<<<<<
                 2020 Aug 17 (Mon): 16:12:26
                 <<<<<<<<<<<<<<<<<<<<<<<<<<<
                 
DESKTOP-S1T4ESL: ==============================
                 Mesher selection: manual: FPBA
                 ==============================
                 
DESKTOP-S1T4ESL: =======================================
                 Matrix computation (FPBA)
                 	[FPBA accuracy enhancement is enabled]
                 Version 2015.0 (build 20150116)
                 2020 Aug 17 (Mon): 16:12:26
                 =======================================
                 
DESKTOP-S1T4ESL: sssssssssssssssssssssssssssssssssssssssssssssssssssssssssssssssssssssssssssssssssss
                 The point accuracy has been changed from 0.00% to 74.00% after complexity analysis.
                 sssssssssssssssssssssssssssssssssssssssssssssssssssssssssssssssssssssssssssssssssss
                 
DESKTOP-S1T4ESL: ssssssssssssssssssssssssssssssssssss
                 The point accuracy is set to 74.00%.
                 ssssssssssssssssssssssssssssssssssss
                 
DESKTOP-S1T4ESL: ==================================
                 Finished matrix computation (FPBA)
                 ==================================
                 
DESKTOP-S1T4ESL: >>>>>>>>>>>>>>>>>>>>>>>>>>>
                 2020 Aug 17 (Mon): 16:12:40
                 >>>>>>>>>>>>>>>>>>>>>>>>>>>
                 
DESKTOP-S1T4ESL: <<<<<<<<<<<<<<<<<<<<<<<<<<<
                 2020 Aug 17 (Mon): 16:12:44
                 <<<<<<<<<<<<<<<<<<<<<<<<<<<
                 
DESKTOP-S1T4ESL: ======================
                 Mesher selection: FPBA
                 ======================
                 
DESKTOP-S1T4ESL: ===============================
                 Processing CAD model
                 Version 2015.0 (build 20150116)
                 2020 Aug 17 (Mon): 16:12:44
                 ===============================
                 
DESKTOP-S1T4ESL: sssssssssssssssssssssssssssssssssss
                 The point accuracy is set to 0.00%.
                 sssssssssssssssssssssssssssssssssss
                 
DESKTOP-S1T4ESL: =======================
                 Finished CAD processing
                 =======================
                 
DESKTOP-S1T4ESL: 1xN000: <<<<<<<<<<<<<<<<<<<<<<<<<<<
                         2020 Aug 17 (Mon): 16:12:45
                         <<<<<<<<<<<<<<<<<<<<<<<<<<<

DESKTOP-S1T4ESL: 1xN000: =======================================
                         Matrix computation (FPBA)
                         	[FPBA accuracy enhancement is enabled]
                         Version 2015.0 (build 20150116)
                         2020 Aug 17 (Mon): 16:12:45
                         =======================================

DESKTOP-S1T4ESL: 1xN000: sssssssssssssssssssssssssssssssssss
                         The point accuracy is set to 0.00%.
                         sssssssssssssssssssssssssssssssssss

DESKTOP-S1T4ESL: 1xN000: ==================================
                         Finished matrix computation (FPBA)
                         ==================================

DESKTOP-S1T4ESL: 1xN000: >>>>>>>>>>>>>>>>>>>>>>>>>>>
                         2020 Aug 17 (Mon): 16:12:56
                         >>>>>>>>>>>>>>>>>>>>>>>>>>>



DESKTOP-S1T4ESL: 1xN001: <<<<<<<<<<<<<<<<<<<<<<<<<<<
                         2020 Aug 17 (Mon): 16:12:45
                         <<<<<<<<<<<<<<<<<<<<<<<<<<<

DESKTOP-S1T4ESL: 1xN001: =======================================
                         Matrix computation (FPBA)
                         	[FPBA accuracy enhancement is enabled]
                         Version 2015.0 (build 20150116)
                         2020 Aug 17 (Mon): 16:12:45
                         =======================================

DESKTOP-S1T4ESL: 1xN001: sssssssssssssssssssssssssssssssssss
                         The point accuracy is set to 0.00%.
                         sssssssssssssssssssssssssssssssssss

DESKTOP-S1T4ESL: 1xN001: ==================================
                         Finished matrix computation (FPBA)
                         ==================================

DESKTOP-S1T4ESL: 1xN001: >>>>>>>>>>>>>>>>>>>>>>>>>>>
                         2020 Aug 17 (Mon): 16:13:00
                         >>>>>>>>>>>>>>>>>>>>>>>>>>>



DESKTOP-S1T4ESL: 1xN002: <<<<<<<<<<<<<<<<<<<<<<<<<<<
                         2020 Aug 17 (Mon): 16:12:45
                         <<<<<<<<<<<<<<<<<<<<<<<<<<<

DESKTOP-S1T4ESL: 1xN002: =======================================
                         Matrix computation (FPBA)
                         	[FPBA accuracy enhancement is enabled]
                         Version 2015.0 (build 20150116)
                         2020 Aug 17 (Mon): 16:12:45
                         =======================================

DESKTOP-S1T4ESL: 1xN002: sssssssssssssssssssssssssssssssssss
                         The point accuracy is set to 0.00%.
                         sssssssssssssssssssssssssssssssssss

DESKTOP-S1T4ESL: 1xN002: ==================================
                         Finished matrix computation (FPBA)
                         ==================================

DESKTOP-S1T4ESL: 1xN002: >>>>>>>>>>>>>>>>>>>>>>>>>>>
                         2020 Aug 17 (Mon): 16:12:56
                         >>>>>>>>>>>>>>>>>>>>>>>>>>>



DESKTOP-S1T4ESL: 1xN003: <<<<<<<<<<<<<<<<<<<<<<<<<<<
                         2020 Aug 17 (Mon): 16:12:45
                         <<<<<<<<<<<<<<<<<<<<<<<<<<<

DESKTOP-S1T4ESL: 1xN003: =======================================
                         Matrix computation (FPBA)
                         	[FPBA accuracy enhancement is enabled]
                         Version 2015.0 (build 20150116)
                         2020 Aug 17 (Mon): 16:12:45
                         =======================================

DESKTOP-S1T4ESL: 1xN003: sssssssssssssssssssssssssssssssssss
                         The point accuracy is set to 0.00%.
                         sssssssssssssssssssssssssssssssssss

DESKTOP-S1T4ESL: 1xN003: ==================================
                         Finished matrix computation (FPBA)
                         ==================================

DESKTOP-S1T4ESL: 1xN003: >>>>>>>>>>>>>>>>>>>>>>>>>>>
                         2020 Aug 17 (Mon): 16:12:57
                         >>>>>>>>>>>>>>>>>>>>>>>>>>>



DESKTOP-S1T4ESL: >>>>>>>>>>>>>>>>>>>>>>>>>>>
                 2020 Aug 17 (Mon): 16:13:03
                 >>>>>>>>>>>>>>>>>>>>>>>>>>>
                 
