Defined reference frequency for open boundary condition (1.75 GHz) is larger
than the lowest relevant system frequency (monitor at 0.9 GHz).
Please check open boundary settings to ensure accurate monitor results for the
lowest frequency of interest.

--------------------------------------------------------------------------------

Solver started at: 08:39 AM Monday, 24. August 2020

  Module:  Time Domain: S-Parameter (Win 64)
  Version: 2015.0 Release from 2015-01-16 (change 344899)


--------------------------------------------------------------------------------

--------------------------------------------------------------------------------
======================================================================
 Solver cycle: 1
======================================================================

Stimulation at port 1 (mode 1) 


--------------------------------------------------------------------------------
Units settings: 

  Dimensions: mm
  Frequency:  GHz
  Time:       ns

--------------------------------------------------------------------------------
Number of mesh faces filled with PEC due to fill limit restrictions: 0

--------------------------------------------------------------------------------
Mesh statistics:

   Hexahedral mesh type: FPBA [accuracy enhancement is enabled]

   Parallelization type: domain decomposition
      Number of parallel working threads: 2
      Number of calculation domains used: 2


--------------------------------------------------------------------------------
Boundary conditions: 

  YZsymmetry: none
  XZsymmetry: none
  XYsymmetry: none

  Xmin: expanded open, 4 Layer, depth 31.5587 mm
  Xmax: expanded open, 4 Layer, depth 31.5587 mm

  Ymin: expanded open, 4 Layer, depth 34.262 mm
  Ymax: expanded open, 4 Layer, depth 34.262 mm

  Zmin: expanded open, 4 Layer, depth 31.5587 mm
  Zmax: expanded open, 4 Layer, depth 34.262 mm

  PML-Type: Convolution PML

--------------------------------------------------------------------------------
Frequency settings: 

  Fmin:    0
  Fmax:    3.5
  Nfsteps: 1001

--------------------------------------------------------------------------------
Waveguide boundaries:

Port: 1

  ------------------------------- F-Calc 1.75 --------------------------------
  Port   Mode   Type        Z-Wave        Z-Wave-Sigma  Z-Line        F-Cutoff
  1      1      QTEM        205           2.79e-010     50.2          ---
  ----------------------------------------------------------------------------

Field update statistics:

  Number of components in total: 	981206
  Number of lossy metal components:	14768

Subcycling state:      Automatically deactivated

--------------------------------------------------------------------------------

--------------------------------------------------------------------------------

--------------------------------------------------------------------------------
Steady state energy criterion met, solver finished successfully.

--------------------------------------------------------------------------------
Frequency domain results normalized to default signal.

--------------------------------------------------------------------------------

  ----------------------------------------------------------------------------
                      Peak memory used (kB)         Free physical memory (kB) 
                                                    At begin     Minimum      
  ----------------------------------------------------------------------------
  Matrices calc.      189964                        11994436     11817764     
  Solver run total    231292                        12033376     11800460     
  ----------------------------------------------------------------------------

--------------------------------------------------------------------------------
Solver Statistics:

  Hardware:
     Computer name:                 	DESKTOP-S1T4ESL 

     Number of CPU threads:             4
     hardware info:                  	hardware acceleration not activated

  Number of mesh cells:             	157605
  Excitation duration:              	1.01558536e+000 ns 
  Calculation time for excitation:  	2      	s
  Number of calculated pulse widths:	3.71981 
  Steady state accuracy limit:      	-30	dB 
  Simulated number of time steps:   	1786   
  Maximum number of time steps:     	9602   
  Time step width:
     without subcycles:             	2.11522065e-003 ns
     used:                          	2.11522065e-003 ns

  Matrix calculation time:          	12     	s
  Solver setup time:                	2      	s
  Solver loop time:                 	6      	s
  Solver post processing time:      	1      	s
                                    	------------
  Total solver time:                	21     	s

--------------------------------------------------------------------------------

  Adaptive port meshing time:       	12     	s
  Total solver time (all cycles):   	21     	s
                                    	------------
  Total simulation time:            	33     	s

--------------------------------------------------------------------------------
Solver finished at: 08:39 AM Monday, 24. August 2020


--------------------------------------------------------------------------------
Creating parametric 1D results.

--------------------------------------------------------------------------------
