Port monitor named: Port1_h1.prt

nx        = 106
ny        = 80
nz        = 20

nu        = 7
nv        = 14
iu        = 9
iv        = 47

idir      = 1
dcut      = -4.500000e-002
icut      = 6
type      = 1
frequency = 1.750000e+009

fcutoff   = 0.000000e+000
alpha     = 0.000000e+000
beta      = 6.748882e+001
accuracy  = 1.169238e-013

type          = QTEM
wave imp.     = 2.054671e+002
wave imp.sig. = 2.787680e-010
line imp.     = 5.023465e+001

ref. port     = 0

-0.000000e+000  9.404475e-002  1.801099e-001  2.718574e-001  3.109930e-001  3.147536e-001  2.733674e-001  
-0.000000e+000  3.977089e-001  7.354962e-001  9.976763e-001  1.013071e+000  9.183913e-001  6.840548e-001  
-0.000000e+000  1.097874e+000  1.959070e+000  2.164664e+000  1.797181e+000  1.368137e+000  8.365449e-001  
-0.000000e+000  2.322304e+000  4.292632e+000  3.622151e+000  2.433117e+000  1.575820e+000  8.287588e-001  
-0.000000e+000  4.700595e+000  1.144113e+001  5.652769e+000  2.728279e+000  1.446748e+000  6.549695e-001  
-0.000000e+000  2.661055e+000  -0.000000e+000  2.526901e+000  1.434215e+000  7.799217e-001  3.403174e-001  
-0.000000e+000  -0.000000e+000  -0.000000e+000  -0.000000e+000  -0.000000e+000  4.420755e-011  4.496620e-011  
-0.000000e+000  -2.661055e+000  -0.000000e+000  -2.526901e+000  -1.434215e+000  -7.799217e-001  -3.403174e-001  
-0.000000e+000  -4.700595e+000  -1.144113e+001  -5.652769e+000  -2.728279e+000  -1.446748e+000  -6.549695e-001  
-0.000000e+000  -2.322304e+000  -4.292632e+000  -3.622151e+000  -2.433117e+000  -1.575820e+000  -8.287588e-001  
-0.000000e+000  -1.097874e+000  -1.959070e+000  -2.164664e+000  -1.797181e+000  -1.368137e+000  -8.365449e-001  
-0.000000e+000  -3.977089e-001  -7.354962e-001  -9.976763e-001  -1.013071e+000  -9.183913e-001  -6.840548e-001  
-0.000000e+000  -9.404475e-002  -1.801099e-001  -2.718574e-001  -3.109930e-001  -3.147536e-001  -2.733674e-001  
-0.000000e+000  -0.000000e+000  -0.000000e+000  -0.000000e+000  -0.000000e+000  -0.000000e+000  -0.000000e+000  

-1.481876e+000  -1.430729e+000  -1.310755e+000  -1.098427e+000  -8.558943e-001  -4.750898e-001  -0.000000e+000  
-1.872746e+000  -1.775526e+000  -1.554371e+000  -1.211053e+000  -8.788805e-001  -4.351221e-001  -0.000000e+000  
-3.118468e+000  -2.797367e+000  -2.089883e+000  -1.277872e+000  -7.312264e-001  -2.425586e-001  -0.000000e+000  
-4.994300e+000  -4.217737e+000  -2.344283e+000  -9.285573e-001  -3.088227e-001  8.908437e-003  -0.000000e+000  
-8.920470e+000  -7.420238e+000  -1.704939e+000  2.651746e-001  5.546985e-001  3.664116e-001  -0.000000e+000  
-1.680918e+001  -1.823528e+001  6.626286e+000  3.253865e+000  1.859747e+000  7.479416e-001  -0.000000e+000  
-2.035002e+001  -2.245495e+001  7.217727e+000  4.135617e+000  2.387955e+000  9.161789e-001  -0.000000e+000  
-2.035002e+001  -2.245495e+001  7.217727e+000  4.135617e+000  2.387955e+000  9.161789e-001  -0.000000e+000  
-1.680918e+001  -1.823528e+001  6.626286e+000  3.253865e+000  1.859747e+000  7.479416e-001  -0.000000e+000  
-8.920470e+000  -7.420238e+000  -1.704939e+000  2.651746e-001  5.546985e-001  3.664116e-001  -0.000000e+000  
-4.994300e+000  -4.217737e+000  -2.344283e+000  -9.285573e-001  -3.088227e-001  8.908437e-003  -0.000000e+000  
-3.118468e+000  -2.797367e+000  -2.089883e+000  -1.277872e+000  -7.312264e-001  -2.425586e-001  -0.000000e+000  
-1.872746e+000  -1.775526e+000  -1.554371e+000  -1.211053e+000  -8.788805e-001  -4.351221e-001  -0.000000e+000  
-1.481876e+000  -1.430729e+000  -1.310755e+000  -1.098427e+000  -8.558943e-001  -4.750898e-001  -0.000000e+000  

0.000000e+000  0.000000e+000  0.000000e+000  0.000000e+000  0.000000e+000  0.000000e+000  0.000000e+000  
0.000000e+000  0.000000e+000  0.000000e+000  0.000000e+000  0.000000e+000  0.000000e+000  0.000000e+000  
0.000000e+000  0.000000e+000  0.000000e+000  0.000000e+000  0.000000e+000  0.000000e+000  0.000000e+000  
0.000000e+000  0.000000e+000  0.000000e+000  0.000000e+000  0.000000e+000  0.000000e+000  0.000000e+000  
0.000000e+000  0.000000e+000  0.000000e+000  0.000000e+000  0.000000e+000  0.000000e+000  0.000000e+000  
0.000000e+000  0.000000e+000  0.000000e+000  0.000000e+000  0.000000e+000  0.000000e+000  0.000000e+000  
0.000000e+000  0.000000e+000  0.000000e+000  0.000000e+000  0.000000e+000  0.000000e+000  0.000000e+000  
0.000000e+000  0.000000e+000  0.000000e+000  0.000000e+000  0.000000e+000  0.000000e+000  0.000000e+000  
0.000000e+000  0.000000e+000  0.000000e+000  0.000000e+000  0.000000e+000  0.000000e+000  0.000000e+000  
0.000000e+000  0.000000e+000  0.000000e+000  0.000000e+000  0.000000e+000  0.000000e+000  0.000000e+000  
0.000000e+000  0.000000e+000  0.000000e+000  0.000000e+000  0.000000e+000  0.000000e+000  0.000000e+000  
0.000000e+000  0.000000e+000  0.000000e+000  0.000000e+000  0.000000e+000  0.000000e+000  0.000000e+000  
0.000000e+000  0.000000e+000  0.000000e+000  0.000000e+000  0.000000e+000  0.000000e+000  0.000000e+000  
0.000000e+000  0.000000e+000  0.000000e+000  0.000000e+000  0.000000e+000  0.000000e+000  0.000000e+000  

0.000000e+000  0.000000e+000  0.000000e+000  0.000000e+000  0.000000e+000  0.000000e+000  0.000000e+000  
0.000000e+000  0.000000e+000  0.000000e+000  0.000000e+000  0.000000e+000  0.000000e+000  0.000000e+000  
0.000000e+000  0.000000e+000  0.000000e+000  0.000000e+000  0.000000e+000  0.000000e+000  0.000000e+000  
0.000000e+000  0.000000e+000  0.000000e+000  0.000000e+000  0.000000e+000  0.000000e+000  0.000000e+000  
0.000000e+000  0.000000e+000  0.000000e+000  0.000000e+000  0.000000e+000  0.000000e+000  0.000000e+000  
0.000000e+000  0.000000e+000  0.000000e+000  0.000000e+000  0.000000e+000  0.000000e+000  0.000000e+000  
0.000000e+000  0.000000e+000  0.000000e+000  0.000000e+000  0.000000e+000  0.000000e+000  0.000000e+000  
0.000000e+000  0.000000e+000  0.000000e+000  0.000000e+000  0.000000e+000  0.000000e+000  0.000000e+000  
0.000000e+000  0.000000e+000  0.000000e+000  0.000000e+000  0.000000e+000  0.000000e+000  0.000000e+000  
0.000000e+000  0.000000e+000  0.000000e+000  0.000000e+000  0.000000e+000  0.000000e+000  0.000000e+000  
0.000000e+000  0.000000e+000  0.000000e+000  0.000000e+000  0.000000e+000  0.000000e+000  0.000000e+000  
0.000000e+000  0.000000e+000  0.000000e+000  0.000000e+000  0.000000e+000  0.000000e+000  0.000000e+000  
0.000000e+000  0.000000e+000  0.000000e+000  0.000000e+000  0.000000e+000  0.000000e+000  0.000000e+000  
0.000000e+000  0.000000e+000  0.000000e+000  0.000000e+000  0.000000e+000  0.000000e+000  0.000000e+000  

0.000000e+000  0.000000e+000  0.000000e+000  0.000000e+000  0.000000e+000  0.000000e+000  0.000000e+000  
0.000000e+000  0.000000e+000  0.000000e+000  0.000000e+000  0.000000e+000  0.000000e+000  0.000000e+000  
0.000000e+000  0.000000e+000  0.000000e+000  0.000000e+000  0.000000e+000  0.000000e+000  0.000000e+000  
0.000000e+000  0.000000e+000  0.000000e+000  0.000000e+000  0.000000e+000  0.000000e+000  0.000000e+000  
0.000000e+000  0.000000e+000  0.000000e+000  0.000000e+000  0.000000e+000  0.000000e+000  0.000000e+000  
0.000000e+000  0.000000e+000  0.000000e+000  0.000000e+000  0.000000e+000  0.000000e+000  0.000000e+000  
0.000000e+000  0.000000e+000  0.000000e+000  0.000000e+000  0.000000e+000  0.000000e+000  0.000000e+000  
0.000000e+000  0.000000e+000  0.000000e+000  0.000000e+000  0.000000e+000  0.000000e+000  0.000000e+000  
0.000000e+000  0.000000e+000  0.000000e+000  0.000000e+000  0.000000e+000  0.000000e+000  0.000000e+000  
0.000000e+000  0.000000e+000  0.000000e+000  0.000000e+000  0.000000e+000  0.000000e+000  0.000000e+000  
0.000000e+000  0.000000e+000  0.000000e+000  0.000000e+000  0.000000e+000  0.000000e+000  0.000000e+000  
0.000000e+000  0.000000e+000  0.000000e+000  0.000000e+000  0.000000e+000  0.000000e+000  0.000000e+000  
0.000000e+000  0.000000e+000  0.000000e+000  0.000000e+000  0.000000e+000  0.000000e+000  0.000000e+000  
0.000000e+000  0.000000e+000  0.000000e+000  0.000000e+000  0.000000e+000  0.000000e+000  0.000000e+000  

1.184273e-001  1.156834e-001  1.059398e-001  8.751579e-002  6.752174e-002  3.703099e-002  0.000000e+000  
3.471032e-001  3.407739e-001  3.067039e-001  2.417528e-001  1.785077e-001  9.148283e-002  0.000000e+000  
5.421495e-001  5.452461e-001  4.778018e-001  3.447697e-001  2.368054e-001  1.104549e-001  0.000000e+000  
6.722113e-001  7.110662e-001  6.061568e-001  3.935277e-001  2.514653e-001  1.084896e-001  0.000000e+000  
6.977611e-001  8.421825e-001  6.853884e-001  3.691212e-001  2.142444e-001  8.509982e-002  0.000000e+000  
3.757471e-001  4.298856e-001  3.367899e-001  1.946187e-001  1.133835e-001  4.407660e-002  0.000000e+000  
0.000000e+000  0.000000e+000  0.000000e+000  0.000000e+000  0.000000e+000  0.000000e+000  0.000000e+000  
-3.757471e-001  -4.298856e-001  -3.367899e-001  -1.946187e-001  -1.133835e-001  -4.407660e-002  0.000000e+000  
-6.977611e-001  -8.421825e-001  -6.853884e-001  -3.691212e-001  -2.142444e-001  -8.509982e-002  0.000000e+000  
-6.722113e-001  -7.110662e-001  -6.061568e-001  -3.935277e-001  -2.514653e-001  -1.084896e-001  0.000000e+000  
-5.421495e-001  -5.452461e-001  -4.778018e-001  -3.447697e-001  -2.368054e-001  -1.104549e-001  0.000000e+000  
-3.471032e-001  -3.407739e-001  -3.067039e-001  -2.417528e-001  -1.785077e-001  -9.148283e-002  0.000000e+000  
-1.184273e-001  -1.156834e-001  -1.059398e-001  -8.751579e-002  -6.752174e-002  -3.703099e-002  0.000000e+000  
0.000000e+000  0.000000e+000  0.000000e+000  0.000000e+000  0.000000e+000  0.000000e+000  0.000000e+000  

