Port monitor named: Port1_e1.prt

nx        = 106
ny        = 80
nz        = 20

nu        = 7
nv        = 14
iu        = 9
iv        = 47

idir      = 1
dcut      = -4.500000e-002
icut      = 6
type      = 0
frequency = 1.750000e+009

fcutoff   = 0.000000e+000
alpha     = 0.000000e+000
beta      = 6.748882e+001
accuracy  = 1.169238e-013

type          = QTEM
wave imp.     = 2.054671e+002
wave imp.sig. = 2.787680e-010
line imp.     = 5.023465e+001

ref. port     = 0

-6.645386e+001  -6.220380e+001  -2.453161e+002  -2.134848e+002  -1.705460e+002  -9.747781e+001  -0.000000e+000  
-9.928213e+001  -8.678603e+001  -3.125607e+002  -2.518448e+002  -1.863735e+002  -9.416032e+001  -0.000000e+000  
-2.471198e+002  -1.830017e+002  -4.845452e+002  -3.053057e+002  -1.783706e+002  -6.123151e+001  -0.000000e+000  
-5.666676e+002  -3.759126e+002  -6.131068e+002  -2.592685e+002  -9.849703e+001  -9.319504e+000  -0.000000e+000  
-1.391238e+003  -9.558238e+002  -5.572054e+002  -8.603961e+000  9.106631e+001  6.959132e+001  -0.000000e+000  
-3.368363e+003  -3.782898e+003  1.527977e+003  7.211098e+002  4.022664e+002  1.577395e+002  -0.000000e+000  
-4.149263e+003  -4.613752e+003  1.655664e+003  9.323148e+002  5.283064e+002  1.969771e+002  -0.000000e+000  
-4.149263e+003  -4.613752e+003  1.655664e+003  9.323148e+002  5.283064e+002  1.969771e+002  -0.000000e+000  
-3.368363e+003  -3.782898e+003  1.527977e+003  7.211098e+002  4.022664e+002  1.577395e+002  -0.000000e+000  
-1.391238e+003  -9.558238e+002  -5.572054e+002  -8.603961e+000  9.106631e+001  6.959132e+001  -0.000000e+000  
-5.666676e+002  -3.759126e+002  -6.131068e+002  -2.592685e+002  -9.849703e+001  -9.319504e+000  -0.000000e+000  
-2.471198e+002  -1.830017e+002  -4.845452e+002  -3.053057e+002  -1.783706e+002  -6.123151e+001  -0.000000e+000  
-9.928213e+001  -8.678603e+001  -3.125607e+002  -2.518448e+002  -1.863735e+002  -9.416032e+001  -0.000000e+000  
-6.645386e+001  -6.220380e+001  -2.453161e+002  -2.134848e+002  -1.705460e+002  -9.747781e+001  -0.000000e+000  

-0.000000e+000  -7.143532e+000  -1.242784e+001  -3.839541e+001  -5.273683e+001  -5.810679e+001  -5.386484e+001  
-0.000000e+000  -4.562135e+001  -7.534812e+001  -1.625887e+002  -1.871558e+002  -1.797370e+002  -1.391126e+002  
-0.000000e+000  -1.860384e+002  -3.009304e+002  -4.170531e+002  -3.664810e+002  -2.850363e+002  -1.753300e+002  
-0.000000e+000  -4.879158e+002  -8.437760e+002  -7.791005e+002  -5.295981e+002  -3.417176e+002  -1.771311e+002  
-0.000000e+000  -1.179787e+003  -2.777158e+003  -1.342638e+003  -6.298379e+002  -3.248607e+002  -1.423300e+002  
-0.000000e+000  -5.871850e+002  -0.000000e+000  -5.937245e+002  -3.325713e+002  -1.767720e+002  -7.446878e+001  
-0.000000e+000  -0.000000e+000  -0.000000e+000  -0.000000e+000  -0.000000e+000  -0.000000e+000  -0.000000e+000  
-0.000000e+000  5.871850e+002  -0.000000e+000  5.937245e+002  3.325713e+002  1.767720e+002  7.446878e+001  
-0.000000e+000  1.179787e+003  2.777158e+003  1.342638e+003  6.298379e+002  3.248607e+002  1.423300e+002  
-0.000000e+000  4.879158e+002  8.437760e+002  7.791005e+002  5.295981e+002  3.417176e+002  1.771311e+002  
-0.000000e+000  1.860384e+002  3.009304e+002  4.170531e+002  3.664810e+002  2.850363e+002  1.753300e+002  
-0.000000e+000  4.562135e+001  7.534812e+001  1.625887e+002  1.871558e+002  1.797370e+002  1.391126e+002  
-0.000000e+000  7.143532e+000  1.242784e+001  3.839541e+001  5.273683e+001  5.810679e+001  5.386484e+001  
-0.000000e+000  -0.000000e+000  -0.000000e+000  -0.000000e+000  -0.000000e+000  -0.000000e+000  -0.000000e+000  

0.000000e+000  0.000000e+000  0.000000e+000  0.000000e+000  0.000000e+000  0.000000e+000  0.000000e+000  
0.000000e+000  0.000000e+000  0.000000e+000  0.000000e+000  0.000000e+000  0.000000e+000  0.000000e+000  
0.000000e+000  0.000000e+000  0.000000e+000  0.000000e+000  0.000000e+000  0.000000e+000  0.000000e+000  
0.000000e+000  0.000000e+000  0.000000e+000  0.000000e+000  0.000000e+000  0.000000e+000  0.000000e+000  
0.000000e+000  0.000000e+000  0.000000e+000  0.000000e+000  0.000000e+000  0.000000e+000  0.000000e+000  
0.000000e+000  0.000000e+000  0.000000e+000  0.000000e+000  0.000000e+000  0.000000e+000  0.000000e+000  
0.000000e+000  0.000000e+000  0.000000e+000  0.000000e+000  0.000000e+000  0.000000e+000  0.000000e+000  
0.000000e+000  0.000000e+000  0.000000e+000  0.000000e+000  0.000000e+000  0.000000e+000  0.000000e+000  
0.000000e+000  0.000000e+000  0.000000e+000  0.000000e+000  0.000000e+000  0.000000e+000  0.000000e+000  
0.000000e+000  0.000000e+000  0.000000e+000  0.000000e+000  0.000000e+000  0.000000e+000  0.000000e+000  
0.000000e+000  0.000000e+000  0.000000e+000  0.000000e+000  0.000000e+000  0.000000e+000  0.000000e+000  
0.000000e+000  0.000000e+000  0.000000e+000  0.000000e+000  0.000000e+000  0.000000e+000  0.000000e+000  
0.000000e+000  0.000000e+000  0.000000e+000  0.000000e+000  0.000000e+000  0.000000e+000  0.000000e+000  
0.000000e+000  0.000000e+000  0.000000e+000  0.000000e+000  0.000000e+000  0.000000e+000  0.000000e+000  

0.000000e+000  0.000000e+000  0.000000e+000  0.000000e+000  0.000000e+000  0.000000e+000  0.000000e+000  
0.000000e+000  0.000000e+000  0.000000e+000  0.000000e+000  0.000000e+000  0.000000e+000  0.000000e+000  
0.000000e+000  0.000000e+000  0.000000e+000  0.000000e+000  0.000000e+000  0.000000e+000  0.000000e+000  
0.000000e+000  0.000000e+000  0.000000e+000  0.000000e+000  0.000000e+000  0.000000e+000  0.000000e+000  
0.000000e+000  0.000000e+000  0.000000e+000  0.000000e+000  0.000000e+000  0.000000e+000  0.000000e+000  
0.000000e+000  0.000000e+000  0.000000e+000  0.000000e+000  0.000000e+000  0.000000e+000  0.000000e+000  
0.000000e+000  0.000000e+000  0.000000e+000  0.000000e+000  0.000000e+000  0.000000e+000  0.000000e+000  
0.000000e+000  0.000000e+000  0.000000e+000  0.000000e+000  0.000000e+000  0.000000e+000  0.000000e+000  
0.000000e+000  0.000000e+000  0.000000e+000  0.000000e+000  0.000000e+000  0.000000e+000  0.000000e+000  
0.000000e+000  0.000000e+000  0.000000e+000  0.000000e+000  0.000000e+000  0.000000e+000  0.000000e+000  
0.000000e+000  0.000000e+000  0.000000e+000  0.000000e+000  0.000000e+000  0.000000e+000  0.000000e+000  
0.000000e+000  0.000000e+000  0.000000e+000  0.000000e+000  0.000000e+000  0.000000e+000  0.000000e+000  
0.000000e+000  0.000000e+000  0.000000e+000  0.000000e+000  0.000000e+000  0.000000e+000  0.000000e+000  
0.000000e+000  0.000000e+000  0.000000e+000  0.000000e+000  0.000000e+000  0.000000e+000  0.000000e+000  

0.000000e+000  0.000000e+000  0.000000e+000  0.000000e+000  0.000000e+000  0.000000e+000  0.000000e+000  
0.000000e+000  0.000000e+000  0.000000e+000  0.000000e+000  0.000000e+000  0.000000e+000  0.000000e+000  
0.000000e+000  0.000000e+000  0.000000e+000  0.000000e+000  0.000000e+000  0.000000e+000  0.000000e+000  
0.000000e+000  0.000000e+000  0.000000e+000  0.000000e+000  0.000000e+000  0.000000e+000  0.000000e+000  
0.000000e+000  0.000000e+000  0.000000e+000  0.000000e+000  0.000000e+000  0.000000e+000  0.000000e+000  
0.000000e+000  0.000000e+000  0.000000e+000  0.000000e+000  0.000000e+000  0.000000e+000  0.000000e+000  
0.000000e+000  0.000000e+000  0.000000e+000  0.000000e+000  0.000000e+000  0.000000e+000  0.000000e+000  
0.000000e+000  0.000000e+000  0.000000e+000  0.000000e+000  0.000000e+000  0.000000e+000  0.000000e+000  
0.000000e+000  0.000000e+000  0.000000e+000  0.000000e+000  0.000000e+000  0.000000e+000  0.000000e+000  
0.000000e+000  0.000000e+000  0.000000e+000  0.000000e+000  0.000000e+000  0.000000e+000  0.000000e+000  
0.000000e+000  0.000000e+000  0.000000e+000  0.000000e+000  0.000000e+000  0.000000e+000  0.000000e+000  
0.000000e+000  0.000000e+000  0.000000e+000  0.000000e+000  0.000000e+000  0.000000e+000  0.000000e+000  
0.000000e+000  0.000000e+000  0.000000e+000  0.000000e+000  0.000000e+000  0.000000e+000  0.000000e+000  
0.000000e+000  0.000000e+000  0.000000e+000  0.000000e+000  0.000000e+000  0.000000e+000  0.000000e+000  

-0.000000e+000  -1.251081e+001  -2.524007e+001  -2.720135e+001  -2.817192e+001  -2.857084e+001  -2.853336e+001  
-0.000000e+000  -1.500289e+001  -3.027065e+001  -3.075376e+001  -3.042201e+001  -2.987438e+001  -2.896620e+001  
-0.000000e+000  -2.066360e+001  -4.216540e+001  -3.734222e+001  -3.362471e+001  -3.118527e+001  -2.911459e+001  
-0.000000e+000  -2.406951e+001  -5.097217e+001  -3.963996e+001  -3.375379e+001  -3.075194e+001  -2.875776e+001  
-0.000000e+000  -2.297444e+001  -5.405686e+001  -3.634167e+001  -3.098860e+001  -2.907353e+001  -2.810240e+001  
-0.000000e+000  -3.859493e+000  -0.000000e+000  -2.004858e+001  -2.472323e+001  -2.655378e+001  -2.737846e+001  
-0.000000e+000  -9.047349e-001  -0.000000e+000  -1.472231e+001  -2.200798e+001  -2.536172e+001  -2.704419e+001  
-0.000000e+000  -9.047349e-001  -0.000000e+000  -1.472231e+001  -2.200798e+001  -2.536172e+001  -2.704419e+001  
-0.000000e+000  -3.859493e+000  -0.000000e+000  -2.004858e+001  -2.472323e+001  -2.655378e+001  -2.737846e+001  
-0.000000e+000  -2.297444e+001  -5.405686e+001  -3.634167e+001  -3.098860e+001  -2.907353e+001  -2.810240e+001  
-0.000000e+000  -2.406951e+001  -5.097217e+001  -3.963996e+001  -3.375379e+001  -3.075194e+001  -2.875776e+001  
-0.000000e+000  -2.066360e+001  -4.216540e+001  -3.734222e+001  -3.362471e+001  -3.118527e+001  -2.911459e+001  
-0.000000e+000  -1.500289e+001  -3.027065e+001  -3.075376e+001  -3.042201e+001  -2.987438e+001  -2.896620e+001  
-0.000000e+000  -1.251081e+001  -2.524007e+001  -2.720135e+001  -2.817192e+001  -2.857084e+001  -2.853336e+001  

