Defined reference frequency for open boundary condition (1.8 GHz) is larger
than the lowest relevant system frequency (monitor at 0.698 GHz).
Please check open boundary settings to ensure accurate monitor results for the
lowest frequency of interest.

--------------------------------------------------------------------------------

Solver started at: 09:40 AM Wednesday, 12. August 2020

  Module:  Time Domain: S-Parameter (Win 64)
  Version: 2015.0 Release from 2015-01-16 (change 344899)


--------------------------------------------------------------------------------

--------------------------------------------------------------------------------
======================================================================
 Solver cycle: 1
======================================================================

Stimulation at port 1 (mode 1) 


--------------------------------------------------------------------------------
Units settings: 

  Dimensions: mm
  Frequency:  GHz
  Time:       ns

--------------------------------------------------------------------------------
Number of mesh faces filled with PEC due to fill limit restrictions: 0

--------------------------------------------------------------------------------
Mesh statistics:

   Hexahedral mesh type: FPBA [accuracy enhancement is enabled]

   Parallelization type: domain decomposition
      Number of parallel working threads: 4
      Number of calculation domains used: 4


--------------------------------------------------------------------------------
Port mode solver: Detected dispersive material(s) at port 1. 
Using a constant approximation of dispersive material(s) at 1.8GHz and
neglecting loss terms. 

--------------------------------------------------------------------------------
Boundary conditions: 

  YZsymmetry: none
  XZsymmetry: none
  XYsymmetry: none

  Xmin: expanded open, 4 Layer, depth 33.3103 mm
  Xmax: expanded open, 4 Layer, depth 33.3103 mm

  Ymin: expanded open, 4 Layer, depth 33.3103 mm
  Ymax: expanded open, 4 Layer, depth 30.682 mm

  Zmin: expanded open, 4 Layer, depth 33.3103 mm
  Zmax: expanded open, 4 Layer, depth 33.3103 mm

  PML-Type: Convolution PML

--------------------------------------------------------------------------------
Frequency settings: 

  Fmin:    0
  Fmax:    3.6
  Nfsteps: 1001

--------------------------------------------------------------------------------
Waveguide boundaries:

Port: 1

  -------------------------------- F-Calc 1.8 --------------------------------
  Port   Mode   Type        Z-Wave        Z-Wave-Sigma  Z-Line        F-Cutoff
  1      1      QTEM        221           5.01e-008     88.7          ---
  ----------------------------------------------------------------------------

Field update statistics:

  Number of components in total: 	1581484
  Number of lossy metal components:	36552
  Number of disp. elements:		107213

Subcycling state:      Automatically deactivated

--------------------------------------------------------------------------------

--------------------------------------------------------------------------------

--------------------------------------------------------------------------------
Steady state energy criterion met, solver finished successfully.

--------------------------------------------------------------------------------
Frequency domain results normalized to default signal.

--------------------------------------------------------------------------------

  ----------------------------------------------------------------------------
                      Peak memory used (kB)         Free physical memory (kB) 
                                                    At begin     Minimum      
  ----------------------------------------------------------------------------
  Matrices calc.      409508                        8707128      8451352      
  Solver run total    555016                        8831012      8240268      
  ----------------------------------------------------------------------------

--------------------------------------------------------------------------------
Solver Statistics:

  Hardware:
     Computer name:                 	DESKTOP-S1T4ESL 

     Number of CPU threads:             4
     hardware info:                  	hardware acceleration not activated

  Number of mesh cells:             	255875
  Excitation duration:              	9.87374652e-001 ns 
  Calculation time for excitation:  	4      	s
  Number of calculated pulse widths:	19.6262 
  Steady state accuracy limit:      	-30	dB 
  Simulated number of time steps:   	8484   
  Maximum number of time steps:     	8645   
  Time step width:
     without subcycles:             	2.28410878e-003 ns
     used:                          	2.28410878e-003 ns

  Matrix calculation time:          	16     	s
  Solver setup time:                	4      	s
  Solver loop time:                 	68     	s
  Solver post processing time:      	15     	s
                                    	------------
  Total solver time:                	103    	s  ( = 0 h, 1 m, 43 s )

--------------------------------------------------------------------------------

  Adaptive port meshing time:       	45     	s
  Total solver time (all cycles):   	103    	s  ( = 0 h, 1 m, 43 s )
                                    	------------
  Total simulation time:            	148    	s  ( = 0 h, 2 m, 28 s )

--------------------------------------------------------------------------------
Solver finished at: 09:42 AM Wednesday, 12. August 2020


--------------------------------------------------------------------------------
Creating parametric 1D results.

--------------------------------------------------------------------------------
