Port monitor named: Port1_e1.prt

nx        = 106
ny        = 79
nz        = 21

nu        = 9
nv        = 96
iu        = 8
iv        = 6

idir      = 1
dcut      = -1.030000e-001
icut      = 6
type      = 0
frequency = 1.800000e+009

fcutoff   = 0.000000e+000
alpha     = 0.000000e+000
beta      = 6.981078e+001
accuracy  = 2.420280e-014

type          = QTEM
wave imp.     = 2.044849e+002
wave imp.sig. = 1.445470e-009
line imp.     = 4.906829e+001

ref. port     = 0

-0.000000e+000  -0.000000e+000  -0.000000e+000  -0.000000e+000  -0.000000e+000  -1.318714e-009  -0.000000e+000  -9.445201e-010  -0.000000e+000  
-0.000000e+000  -0.000000e+000  -0.000000e+000  -2.499880e-009  -3.152789e-009  -3.419096e-009  -3.188663e-009  -2.224572e-009  -0.000000e+000  
-0.000000e+000  -0.000000e+000  -2.490084e-009  -3.807802e-009  -5.243409e-009  -5.465788e-009  -4.823116e-009  -3.106715e-009  -0.000000e+000  
-0.000000e+000  -0.000000e+000  -2.583312e-009  -5.668773e-009  -9.158722e-009  -8.567279e-009  -7.000368e-009  -4.177127e-009  -0.000000e+000  
3.833733e-009  1.158510e-008  -9.361629e-009  -8.521654e-009  -1.882696e-008  -1.287247e-008  -9.463393e-009  -5.326464e-009  -0.000000e+000  
1.987199e-009  4.764768e-009  -6.969992e-009  -5.501542e-009  -1.789870e-008  -1.424973e-008  -1.105768e-008  -6.424120e-009  -0.000000e+000  
-0.000000e+000  -0.000000e+000  -5.047037e-009  -4.518531e-009  -1.748583e-008  -1.515033e-008  -1.237126e-008  -7.545683e-009  -0.000000e+000  
-0.000000e+000  -0.000000e+000  -4.680972e-009  -4.451485e-009  -1.848477e-008  -1.670476e-008  -1.407923e-008  -8.916754e-009  -0.000000e+000  
-0.000000e+000  -0.000000e+000  -6.872306e-009  -6.678724e-009  -2.842386e-008  -2.622784e-008  -2.257178e-008  -1.477937e-008  -0.000000e+000  
-0.000000e+000  -0.000000e+000  -1.349832e-008  -1.313911e-008  -5.601980e-008  -5.179931e-008  -4.469112e-008  -2.940470e-008  -0.000000e+000  
-0.000000e+000  -0.000000e+000  -2.832555e-008  -2.757355e-008  -1.175764e-007  -1.087344e-007  -9.383296e-008  -6.176420e-008  -0.000000e+000  
-0.000000e+000  -0.000000e+000  -6.030158e-008  -5.870143e-008  -2.503102e-007  -2.314887e-007  -1.997669e-007  -1.314981e-007  -0.000000e+000  
-0.000000e+000  -0.000000e+000  -1.287756e-007  -1.253581e-007  -5.345434e-007  -4.943508e-007  -4.266095e-007  -2.808196e-007  -0.000000e+000  
-0.000000e+000  -0.000000e+000  -2.751915e-007  -2.678879e-007  -1.142308e-006  -1.056418e-006  -9.116574e-007  -6.001060e-007  -0.000000e+000  
-0.000000e+000  -0.000000e+000  -5.881645e-007  -5.725551e-007  -2.441449e-006  -2.257877e-006  -1.948481e-006  -1.282605e-006  -0.000000e+000  
-0.000000e+000  -0.000000e+000  -1.257124e-006  -1.223762e-006  -5.218275e-006  -4.825915e-006  -4.164622e-006  -2.741399e-006  -0.000000e+000  
-0.000000e+000  -0.000000e+000  -2.686959e-006  -2.615650e-006  -1.115346e-005  -1.031484e-005  -8.901402e-006  -5.859427e-006  -0.000000e+000  
-0.000000e+000  -0.000000e+000  -5.743078e-006  -5.590663e-006  -2.383930e-005  -2.204683e-005  -1.902576e-005  -1.252388e-005  -0.000000e+000  
-0.000000e+000  -0.000000e+000  -1.227520e-005  -1.194943e-005  -5.095389e-005  -4.712269e-005  -4.066549e-005  -2.676842e-005  -0.000000e+000  
-0.000000e+000  -0.000000e+000  -2.623690e-005  -2.554060e-005  -1.089084e-004  -1.007196e-004  -8.691805e-005  -5.721458e-005  -0.000000e+000  
-0.000000e+000  -0.000000e+000  -5.607852e-005  -5.459026e-005  -2.327798e-004  -2.152772e-004  -1.857778e-004  -1.222899e-004  -0.000000e+000  
-0.000000e+000  -0.000000e+000  -1.198617e-004  -1.166807e-004  -4.975414e-004  -4.601315e-004  -3.970799e-004  -2.613813e-004  -0.000000e+000  
-0.000000e+000  -0.000000e+000  -2.432695e-004  -2.368134e-004  -1.009803e-003  -9.338760e-004  -8.059074e-004  -5.304956e-004  -0.000000e+000  
-0.000000e+000  -0.000000e+000  -3.240439e-004  -3.154441e-004  -1.345094e-003  -1.243957e-003  -1.073498e-003  -7.066395e-004  -0.000000e+000  
-0.000000e+000  -0.000000e+000  -4.294983e-004  -4.180999e-004  -1.782831e-003  -1.648781e-003  -1.422849e-003  -9.366028e-004  -0.000000e+000  
-0.000000e+000  -0.000000e+000  -5.676644e-004  -5.525992e-004  -2.356353e-003  -2.179180e-003  -1.880568e-003  -1.237900e-003  -0.000000e+000  
-0.000000e+000  -0.000000e+000  -7.502876e-004  -7.303758e-004  -3.114415e-003  -2.880244e-003  -2.485565e-003  -1.636145e-003  -0.000000e+000  
-0.000000e+000  -0.000000e+000  -9.907444e-004  -9.644512e-004  -4.112542e-003  -3.803322e-003  -3.282154e-003  -2.160506e-003  -0.000000e+000  
-0.000000e+000  -0.000000e+000  -1.307570e-003  -1.272868e-003  -5.427672e-003  -5.019567e-003  -4.331738e-003  -2.851404e-003  -0.000000e+000  
-0.000000e+000  -0.000000e+000  -2.651139e-003  -2.580781e-003  -1.100477e-002  -1.017733e-002  -8.782731e-003  -5.781306e-003  -0.000000e+000  
-0.000000e+000  -0.000000e+000  -5.710158e-003  -5.558615e-003  -2.370264e-002  -2.192043e-002  -1.891667e-002  -1.245204e-002  -0.000000e+000  
-0.000000e+000  -0.000000e+000  -1.237926e-002  -1.205072e-002  -5.138577e-002  -4.752203e-002  -4.101001e-002  -2.699506e-002  -0.000000e+000  
-0.000000e+000  -0.000000e+000  -2.687492e-002  -2.616164e-002  -1.115563e-001  -1.031680e-001  -8.903038e-002  -5.860413e-002  -0.000000e+000  
-0.000000e+000  -0.000000e+000  -5.836247e-002  -5.681331e-002  -2.422576e-001  -2.240397e-001  -1.933361e-001  -1.272597e-001  -0.000000e+000  
-0.000000e+000  -0.000000e+000  -1.267547e-001  -1.233890e-001  -5.261368e-001  -4.865605e-001  -4.198653e-001  -2.763458e-001  -0.000000e+000  
-0.000000e+000  -0.000000e+000  -2.753267e-001  -2.680089e-001  -1.142764e+000  -1.056739e+000  -9.117976e-001  -5.999877e-001  -0.000000e+000  
-0.000000e+000  -0.000000e+000  -5.982348e-001  -5.822894e-001  -2.482578e+000  -2.295285e+000  -1.979918e+000  -1.301997e+000  -0.000000e+000  
-0.000000e+000  -0.000000e+000  -1.301057e+000  -1.266086e+000  -5.396337e+000  -4.986651e+000  -4.298098e+000  -2.821263e+000  -0.000000e+000  
-0.000000e+000  -0.000000e+000  -2.837334e+000  -2.759083e+000  -1.174915e+001  -1.084077e+001  -9.322780e+000  -6.088012e+000  -0.000000e+000  
-0.000000e+000  -0.000000e+000  -6.240225e+000  -6.053372e+000  -2.570010e+001  -2.360560e+001  -2.016871e+001  -1.298307e+001  -0.000000e+000  
-0.000000e+000  -0.000000e+000  -1.411239e+001  -1.356441e+001  -5.695548e+001  -5.157348e+001  -4.324400e+001  -2.676049e+001  -0.000000e+000  
-0.000000e+000  -0.000000e+000  -3.518550e+001  -3.257216e+001  -1.306967e+002  -1.129084e+002  -8.959044e+001  -4.974484e+001  -0.000000e+000  
-0.000000e+000  -0.000000e+000  -1.124253e+002  -9.171470e+001  -3.076759e+002  -2.275891e+002  -1.531752e+002  -6.192621e+001  -0.000000e+000  
-0.000000e+000  -0.000000e+000  -2.552165e+002  -1.806822e+002  -4.457617e+002  -2.600427e+002  -1.389945e+002  -3.582771e+001  -0.000000e+000  
-0.000000e+000  -0.000000e+000  -6.214889e+002  -4.015295e+002  -5.904167e+002  -2.124778e+002  -5.458633e+001  1.820146e+001  -0.000000e+000  
-0.000000e+000  -0.000000e+000  -1.647641e+003  -1.155502e+003  -4.415084e+002  1.118212e+002  1.712850e+002  1.034806e+002  -0.000000e+000  
-0.000000e+000  -0.000000e+000  -3.302373e+003  -3.838603e+003  1.634142e+003  7.331408e+002  4.147621e+002  1.667233e+002  -0.000000e+000  
-0.000000e+000  -0.000000e+000  -4.131518e+003  -4.613070e+003  1.739945e+003  9.763545e+002  5.566345e+002  2.074307e+002  -0.000000e+000  
-0.000000e+000  -0.000000e+000  -4.131518e+003  -4.613070e+003  1.739945e+003  9.763545e+002  5.566345e+002  2.074307e+002  -0.000000e+000  
-0.000000e+000  -0.000000e+000  -3.302373e+003  -3.838603e+003  1.634142e+003  7.331408e+002  4.147621e+002  1.667233e+002  -0.000000e+000  
-0.000000e+000  -0.000000e+000  -1.647641e+003  -1.155502e+003  -4.415084e+002  1.118212e+002  1.712850e+002  1.034806e+002  -0.000000e+000  
-0.000000e+000  -0.000000e+000  -6.214889e+002  -4.015295e+002  -5.904167e+002  -2.124778e+002  -5.458633e+001  1.820146e+001  -0.000000e+000  
-0.000000e+000  -0.000000e+000  -2.552165e+002  -1.806822e+002  -4.457617e+002  -2.600427e+002  -1.389945e+002  -3.582771e+001  -0.000000e+000  
-0.000000e+000  -0.000000e+000  -1.124253e+002  -9.171470e+001  -3.076759e+002  -2.275891e+002  -1.531752e+002  -6.192621e+001  -0.000000e+000  
-0.000000e+000  -0.000000e+000  -3.518550e+001  -3.257216e+001  -1.306967e+002  -1.129084e+002  -8.959044e+001  -4.974484e+001  -0.000000e+000  
-0.000000e+000  -0.000000e+000  -1.411239e+001  -1.356441e+001  -5.695548e+001  -5.157348e+001  -4.324400e+001  -2.676049e+001  -0.000000e+000  
-0.000000e+000  -0.000000e+000  -6.240225e+000  -6.053372e+000  -2.570010e+001  -2.360560e+001  -2.016871e+001  -1.298307e+001  -0.000000e+000  
-0.000000e+000  -0.000000e+000  -2.837334e+000  -2.759083e+000  -1.174915e+001  -1.084077e+001  -9.322780e+000  -6.088012e+000  -0.000000e+000  
-0.000000e+000  -0.000000e+000  -1.301057e+000  -1.266086e+000  -5.396337e+000  -4.986651e+000  -4.298098e+000  -2.821263e+000  -0.000000e+000  
-0.000000e+000  -0.000000e+000  -5.982348e-001  -5.822894e-001  -2.482578e+000  -2.295285e+000  -1.979918e+000  -1.301997e+000  -0.000000e+000  
-0.000000e+000  -0.000000e+000  -2.753267e-001  -2.680089e-001  -1.142764e+000  -1.056739e+000  -9.117976e-001  -5.999877e-001  -0.000000e+000  
-0.000000e+000  -0.000000e+000  -1.267547e-001  -1.233890e-001  -5.261368e-001  -4.865605e-001  -4.198653e-001  -2.763458e-001  -0.000000e+000  
-0.000000e+000  -0.000000e+000  -5.836247e-002  -5.681331e-002  -2.422576e-001  -2.240397e-001  -1.933361e-001  -1.272597e-001  -0.000000e+000  
-0.000000e+000  -0.000000e+000  -2.687492e-002  -2.616164e-002  -1.115563e-001  -1.031680e-001  -8.903038e-002  -5.860413e-002  -0.000000e+000  
-0.000000e+000  -0.000000e+000  -1.237926e-002  -1.205072e-002  -5.138577e-002  -4.752203e-002  -4.101001e-002  -2.699506e-002  -0.000000e+000  
-0.000000e+000  -0.000000e+000  -5.710158e-003  -5.558615e-003  -2.370264e-002  -2.192043e-002  -1.891667e-002  -1.245204e-002  -0.000000e+000  
-0.000000e+000  -0.000000e+000  -2.651139e-003  -2.580781e-003  -1.100477e-002  -1.017733e-002  -8.782731e-003  -5.781306e-003  -0.000000e+000  
-0.000000e+000  -0.000000e+000  -1.307570e-003  -1.272868e-003  -5.427672e-003  -5.019567e-003  -4.331738e-003  -2.851404e-003  -0.000000e+000  
-0.000000e+000  -0.000000e+000  -9.907444e-004  -9.644512e-004  -4.112542e-003  -3.803322e-003  -3.282154e-003  -2.160506e-003  -0.000000e+000  
-0.000000e+000  -0.000000e+000  -7.502876e-004  -7.303758e-004  -3.114415e-003  -2.880244e-003  -2.485565e-003  -1.636145e-003  -0.000000e+000  
-0.000000e+000  -0.000000e+000  -5.676644e-004  -5.525992e-004  -2.356353e-003  -2.179180e-003  -1.880568e-003  -1.237900e-003  -0.000000e+000  
-0.000000e+000  -0.000000e+000  -4.294983e-004  -4.180999e-004  -1.782831e-003  -1.648781e-003  -1.422849e-003  -9.366028e-004  -0.000000e+000  
-0.000000e+000  -0.000000e+000  -3.240439e-004  -3.154441e-004  -1.345094e-003  -1.243957e-003  -1.073498e-003  -7.066395e-004  -0.000000e+000  
-0.000000e+000  -0.000000e+000  -2.432695e-004  -2.368134e-004  -1.009803e-003  -9.338760e-004  -8.059074e-004  -5.304956e-004  -0.000000e+000  
-0.000000e+000  -0.000000e+000  -1.198617e-004  -1.166807e-004  -4.975414e-004  -4.601315e-004  -3.970799e-004  -2.613813e-004  -0.000000e+000  
-0.000000e+000  -0.000000e+000  -5.607852e-005  -5.459026e-005  -2.327798e-004  -2.152772e-004  -1.857778e-004  -1.222899e-004  -0.000000e+000  
-0.000000e+000  -0.000000e+000  -2.623690e-005  -2.554060e-005  -1.089084e-004  -1.007196e-004  -8.691804e-005  -5.721458e-005  -0.000000e+000  
-0.000000e+000  -0.000000e+000  -1.227520e-005  -1.194943e-005  -5.095390e-005  -4.712269e-005  -4.066549e-005  -2.676842e-005  -0.000000e+000  
-0.000000e+000  -0.000000e+000  -5.743078e-006  -5.590663e-006  -2.383930e-005  -2.204683e-005  -1.902576e-005  -1.252388e-005  -0.000000e+000  
-0.000000e+000  -0.000000e+000  -2.686958e-006  -2.615649e-006  -1.115346e-005  -1.031484e-005  -8.901398e-006  -5.859425e-006  -0.000000e+000  
-0.000000e+000  -0.000000e+000  -1.257123e-006  -1.223760e-006  -5.218269e-006  -4.825909e-006  -4.164616e-006  -2.741396e-006  -0.000000e+000  
-0.000000e+000  -0.000000e+000  -5.881629e-007  -5.725538e-007  -2.441442e-006  -2.257870e-006  -1.948475e-006  -1.282601e-006  -0.000000e+000  
-0.000000e+000  -0.000000e+000  -2.751891e-007  -2.678861e-007  -1.142300e-006  -1.056410e-006  -9.116509e-007  -6.001022e-007  -0.000000e+000  
-0.000000e+000  -0.000000e+000  -1.287746e-007  -1.253569e-007  -5.345386e-007  -4.943471e-007  -4.266071e-007  -2.808179e-007  -0.000000e+000  
-0.000000e+000  -0.000000e+000  -6.030137e-008  -5.870072e-008  -2.503070e-007  -2.314864e-007  -1.997658e-007  -1.314965e-007  -0.000000e+000  
-0.000000e+000  -0.000000e+000  -2.832515e-008  -2.757336e-008  -1.175750e-007  -1.087331e-007  -9.383162e-008  -6.176278e-008  -0.000000e+000  
-0.000000e+000  -0.000000e+000  -1.349884e-008  -1.313949e-008  -5.602065e-008  -5.179964e-008  -4.469119e-008  -2.940394e-008  -0.000000e+000  
-0.000000e+000  -0.000000e+000  -6.874196e-009  -6.680657e-009  -2.843195e-008  -2.623487e-008  -2.257721e-008  -1.478266e-008  -0.000000e+000  
-0.000000e+000  -0.000000e+000  -4.683783e-009  -4.454118e-009  -1.849491e-008  -1.671406e-008  -1.408703e-008  -8.921332e-009  -0.000000e+000  
-0.000000e+000  -0.000000e+000  -5.050485e-009  -4.521815e-009  -1.749689e-008  -1.515968e-008  -1.237926e-008  -7.550288e-009  -0.000000e+000  
1.988693e-009  4.768820e-009  -6.974878e-009  -5.505230e-009  -1.791054e-008  -1.425920e-008  -1.106495e-008  -6.428169e-009  -0.000000e+000  
3.836603e-009  1.159402e-008  -9.367751e-009  -8.527159e-009  -1.883912e-008  -1.288054e-008  -9.468832e-009  -5.329553e-009  -0.000000e+000  
-0.000000e+000  -0.000000e+000  -2.584124e-009  -5.671704e-009  -9.163400e-009  -8.571359e-009  -7.003622e-009  -4.178792e-009  -0.000000e+000  
-0.000000e+000  -0.000000e+000  -2.490222e-009  -3.808499e-009  -5.244528e-009  -5.466979e-009  -4.823885e-009  -3.107065e-009  -0.000000e+000  
-0.000000e+000  -0.000000e+000  -0.000000e+000  -2.499089e-009  -3.151568e-009  -3.418045e-009  -3.187342e-009  -2.223851e-009  -0.000000e+000  
-0.000000e+000  -0.000000e+000  -0.000000e+000  -0.000000e+000  -0.000000e+000  -1.315657e-009  -0.000000e+000  -9.425831e-010  -0.000000e+000  

6.220490e-009  6.205647e-009  6.164023e-009  6.090474e-009  5.980715e-009  5.749667e-009  5.500492e-009  5.280918e-009  4.994597e-009  
1.331351e-008  1.340743e-008  1.351520e-008  1.347323e-008  1.311667e-008  1.196571e-008  1.088996e-008  1.013304e-008  9.512699e-009  
1.584424e-008  1.632407e-008  1.693714e-008  1.738177e-008  1.690199e-008  1.442729e-008  1.272899e-008  1.177845e-008  1.122255e-008  
1.654631e-008  1.898321e-008  2.089806e-008  2.399313e-008  2.327657e-008  1.606260e-008  1.376432e-008  1.298136e-008  1.286828e-008  
7.440694e-009  6.422844e-009  -0.000000e+000  5.204774e-009  8.581730e-009  1.193780e-008  1.308654e-008  1.373390e-008  1.459115e-008  
2.577816e-009  1.834296e-009  -0.000000e+000  3.580859e-009  6.587088e-009  1.058937e-008  1.311113e-008  1.478698e-008  1.665386e-008  
-0.000000e+000  -0.000000e+000  -0.000000e+000  3.655235e-009  7.072739e-009  1.116029e-008  1.427768e-008  1.658174e-008  1.930377e-008  
-0.000000e+000  -0.000000e+000  -0.000000e+000  5.044718e-009  9.966941e-009  1.450303e-008  1.838131e-008  2.150796e-008  2.556239e-008  
-0.000000e+000  -0.000000e+000  -0.000000e+000  9.606138e-009  1.901731e-008  2.600731e-008  3.203621e-008  3.695838e-008  4.348715e-008  
-0.000000e+000  -0.000000e+000  -0.000000e+000  1.874354e-008  3.711248e-008  4.886148e-008  5.888608e-008  6.700554e-008  7.765963e-008  
-0.000000e+000  -0.000000e+000  -0.000000e+000  3.632180e-008  7.192252e-008  9.137830e-008  1.077158e-007  1.207704e-007  1.375377e-007  
-0.000000e+000  -0.000000e+000  -0.000000e+000  7.014537e-008  1.389074e-007  1.696096e-007  1.947455e-007  2.143826e-007  2.386695e-007  
-0.000000e+000  -0.000000e+000  -0.000000e+000  1.351315e-007  2.676173e-007  3.119326e-007  3.465079e-007  3.723045e-007  4.016147e-007  
-0.000000e+000  -0.000000e+000  -0.000000e+000  2.596909e-007  5.143398e-007  5.671941e-007  6.034718e-007  6.268312e-007  6.450815e-007  
-0.000000e+000  -0.000000e+000  -0.000000e+000  4.977405e-007  9.859094e-007  1.016562e-006  1.020125e-006  1.007571e-006  9.592869e-007  
-0.000000e+000  -0.000000e+000  -0.000000e+000  9.511296e-007  1.884172e-006  1.787807e-006  1.649947e-006  1.500243e-006  1.225382e-006  
-0.000000e+000  -0.000000e+000  -0.000000e+000  1.811225e-006  3.588453e-006  3.064132e-006  2.483383e-006  1.921769e-006  9.967037e-007  
-0.000000e+000  -0.000000e+000  -0.000000e+000  3.435281e-006  6.807063e-006  5.060321e-006  3.256415e-006  1.580827e-006  -1.060283e-006  
-0.000000e+000  -0.000000e+000  -0.000000e+000  6.485074e-006  1.285246e-005  7.887776e-006  2.925686e-006  -1.590218e-006  -8.540882e-006  
-0.000000e+000  -0.000000e+000  -0.000000e+000  1.217486e-005  2.413363e-005  1.110089e-005  -1.680938e-006  -1.317100e-005  -3.059482e-005  
-0.000000e+000  -0.000000e+000  -0.000000e+000  2.270623e-005  4.502031e-005  1.240261e-005  -1.919624e-005  -4.736920e-005  -8.965998e-005  
-0.000000e+000  -0.000000e+000  -0.000000e+000  4.127614e-005  8.186298e-005  4.549530e-006  -6.971747e-005  -1.355524e-004  -2.336666e-004  
-0.000000e+000  -0.000000e+000  -0.000000e+000  6.270918e-005  1.244043e-004  -1.838986e-005  -1.548764e-004  -2.754533e-004  -4.543717e-004  
-0.000000e+000  -0.000000e+000  -0.000000e+000  7.744541e-005  1.536599e-004  -3.911641e-005  -2.230142e-004  -3.852541e-004  -6.255759e-004  
-0.000000e+000  -0.000000e+000  -0.000000e+000  9.563009e-005  1.897702e-004  -7.118852e-005  -3.196650e-004  -5.385948e-004  -8.623539e-004  
-0.000000e+000  -0.000000e+000  -0.000000e+000  1.180511e-004  2.343042e-004  -1.194623e-004  -4.557239e-004  -7.516430e-004  -1.188579e-003  
-0.000000e+000  -0.000000e+000  -0.000000e+000  1.456237e-004  2.890863e-004  -1.908009e-004  -6.462120e-004  -1.046537e-003  -1.636783e-003  
-0.000000e+000  -0.000000e+000  -0.000000e+000  1.792970e-004  3.560111e-004  -2.943453e-004  -9.106218e-004  -1.451796e-003  -2.248651e-003  
-0.000000e+000  -0.000000e+000  -0.000000e+000  2.545645e-004  5.056576e-004  -5.674313e-004  -1.582210e-003  -2.472044e-003  -3.779855e-003  
-0.000000e+000  -0.000000e+000  -0.000000e+000  4.402183e-004  8.751826e-004  -1.553254e-003  -3.842891e-003  -5.846396e-003  -8.782963e-003  
-0.000000e+000  -0.000000e+000  -0.000000e+000  7.518835e-004  1.496684e-003  -4.096101e-003  -9.356030e-003  -1.395046e-002  -2.066899e-002  
-0.000000e+000  -0.000000e+000  -0.000000e+000  1.221382e-003  2.436055e-003  -1.031293e-002  -2.227830e-002  -3.271432e-002  -4.794544e-002  
-0.000000e+000  -0.000000e+000  -0.000000e+000  1.828951e-003  3.660684e-003  -2.521566e-002  -5.226951e-002  -7.583562e-002  -1.101718e-001  
-0.000000e+000  -0.000000e+000  -0.000000e+000  2.326819e-003  4.694449e-003  -6.038643e-002  -1.212669e-001  -1.742391e-001  -2.513009e-001  
-0.000000e+000  -0.000000e+000  -0.000000e+000  1.765609e-003  3.690101e-003  -1.423936e-001  -2.788592e-001  -3.974679e-001  -5.697340e-001  
-0.000000e+000  -0.000000e+000  -0.000000e+000  -2.754805e-003  -5.018764e-003  -3.318733e-001  -6.367706e-001  -9.014263e-001  -1.284952e+000  
-0.000000e+000  -0.000000e+000  -0.000000e+000  -1.932205e-002  -3.724967e-002  -7.670708e-001  -1.446571e+000  -2.035133e+000  -2.884451e+000  
-0.000000e+000  -0.000000e+000  -0.000000e+000  -6.985471e-002  -1.357598e-001  -1.765756e+000  -3.277955e+000  -4.581686e+000  -6.444319e+000  
-0.000000e+000  -0.000000e+000  -0.000000e+000  -2.162511e-001  -4.200001e-001  -4.081872e+000  -7.449171e+000  -1.031753e+001  -1.430991e+001  
-0.000000e+000  -0.000000e+000  -0.000000e+000  -6.662022e-001  -1.278390e+000  -9.674294e+000  -1.719885e+001  -2.339760e+001  -3.143146e+001  
-0.000000e+000  -0.000000e+000  -0.000000e+000  -2.433666e+000  -4.490103e+000  -2.482731e+001  -4.163060e+001  -5.417709e+001  -6.732242e+001  
-0.000000e+000  -0.000000e+000  -0.000000e+000  -1.309096e+001  -2.236205e+001  -7.622718e+001  -1.101387e+002  -1.279254e+002  -1.325774e+002  
-0.000000e+000  -0.000000e+000  -0.000000e+000  -7.649622e+001  -1.220454e+002  -2.368783e+002  -2.594461e+002  -2.421500e+002  -1.861314e+002  
-0.000000e+000  -0.000000e+000  -0.000000e+000  -2.038641e+002  -3.238395e+002  -4.424820e+002  -3.927915e+002  -3.125120e+002  -2.020035e+002  
-0.000000e+000  -0.000000e+000  -0.000000e+000  -5.829893e+002  -1.008449e+003  -8.638015e+002  -5.674112e+002  -3.613598e+002  -1.906108e+002  
-0.000000e+000  -0.000000e+000  -0.000000e+000  -1.315461e+003  -3.340118e+003  -1.396258e+003  -6.226454e+002  -3.181077e+002  -1.438689e+002  
-0.000000e+000  -0.000000e+000  -0.000000e+000  -6.295106e+002  -0.000000e+000  -6.480458e+002  -3.571186e+002  -1.873786e+002  -8.035974e+001  
-0.000000e+000  -0.000000e+000  -0.000000e+000  -0.000000e+000  -0.000000e+000  1.729117e-009  2.509616e-009  2.774937e-009  2.579823e-009  
-0.000000e+000  -0.000000e+000  -0.000000e+000  6.295106e+002  -0.000000e+000  6.480458e+002  3.571186e+002  1.873786e+002  8.035974e+001  
-0.000000e+000  -0.000000e+000  -0.000000e+000  1.315461e+003  3.340118e+003  1.396258e+003  6.226454e+002  3.181077e+002  1.438689e+002  
-0.000000e+000  -0.000000e+000  -0.000000e+000  5.829893e+002  1.008449e+003  8.638015e+002  5.674112e+002  3.613598e+002  1.906108e+002  
-0.000000e+000  -0.000000e+000  -0.000000e+000  2.038641e+002  3.238395e+002  4.424820e+002  3.927915e+002  3.125120e+002  2.020035e+002  
-0.000000e+000  -0.000000e+000  -0.000000e+000  7.649622e+001  1.220454e+002  2.368783e+002  2.594461e+002  2.421500e+002  1.861314e+002  
-0.000000e+000  -0.000000e+000  -0.000000e+000  1.309096e+001  2.236205e+001  7.622718e+001  1.101387e+002  1.279254e+002  1.325774e+002  
-0.000000e+000  -0.000000e+000  -0.000000e+000  2.433666e+000  4.490103e+000  2.482731e+001  4.163060e+001  5.417709e+001  6.732242e+001  
-0.000000e+000  -0.000000e+000  -0.000000e+000  6.662022e-001  1.278390e+000  9.674294e+000  1.719885e+001  2.339760e+001  3.143146e+001  
-0.000000e+000  -0.000000e+000  -0.000000e+000  2.162511e-001  4.200001e-001  4.081872e+000  7.449171e+000  1.031753e+001  1.430991e+001  
-0.000000e+000  -0.000000e+000  -0.000000e+000  6.985471e-002  1.357598e-001  1.765756e+000  3.277955e+000  4.581686e+000  6.444319e+000  
-0.000000e+000  -0.000000e+000  -0.000000e+000  1.932205e-002  3.724967e-002  7.670708e-001  1.446571e+000  2.035133e+000  2.884451e+000  
-0.000000e+000  -0.000000e+000  -0.000000e+000  2.754805e-003  5.018764e-003  3.318733e-001  6.367706e-001  9.014263e-001  1.284952e+000  
-0.000000e+000  -0.000000e+000  -0.000000e+000  -1.765609e-003  -3.690101e-003  1.423936e-001  2.788592e-001  3.974679e-001  5.697340e-001  
-0.000000e+000  -0.000000e+000  -0.000000e+000  -2.326819e-003  -4.694449e-003  6.038643e-002  1.212669e-001  1.742391e-001  2.513009e-001  
-0.000000e+000  -0.000000e+000  -0.000000e+000  -1.828951e-003  -3.660684e-003  2.521566e-002  5.226951e-002  7.583562e-002  1.101718e-001  
-0.000000e+000  -0.000000e+000  -0.000000e+000  -1.221382e-003  -2.436055e-003  1.031293e-002  2.227830e-002  3.271432e-002  4.794544e-002  
-0.000000e+000  -0.000000e+000  -0.000000e+000  -7.518835e-004  -1.496684e-003  4.096101e-003  9.356030e-003  1.395046e-002  2.066899e-002  
-0.000000e+000  -0.000000e+000  -0.000000e+000  -4.402183e-004  -8.751826e-004  1.553254e-003  3.842891e-003  5.846396e-003  8.782963e-003  
-0.000000e+000  -0.000000e+000  -0.000000e+000  -2.545645e-004  -5.056576e-004  5.674313e-004  1.582210e-003  2.472044e-003  3.779855e-003  
-0.000000e+000  -0.000000e+000  -0.000000e+000  -1.792970e-004  -3.560111e-004  2.943453e-004  9.106218e-004  1.451796e-003  2.248651e-003  
-0.000000e+000  -0.000000e+000  -0.000000e+000  -1.456237e-004  -2.890863e-004  1.908009e-004  6.462120e-004  1.046537e-003  1.636783e-003  
-0.000000e+000  -0.000000e+000  -0.000000e+000  -1.180511e-004  -2.343043e-004  1.194623e-004  4.557239e-004  7.516430e-004  1.188579e-003  
-0.000000e+000  -0.000000e+000  -0.000000e+000  -9.563009e-005  -1.897702e-004  7.118852e-005  3.196650e-004  5.385948e-004  8.623539e-004  
-0.000000e+000  -0.000000e+000  -0.000000e+000  -7.744541e-005  -1.536599e-004  3.911641e-005  2.230142e-004  3.852541e-004  6.255759e-004  
-0.000000e+000  -0.000000e+000  -0.000000e+000  -6.270918e-005  -1.244043e-004  1.838985e-005  1.548764e-004  2.754533e-004  4.543717e-004  
-0.000000e+000  -0.000000e+000  -0.000000e+000  -4.127614e-005  -8.186298e-005  -4.549533e-006  6.971747e-005  1.355524e-004  2.336666e-004  
-0.000000e+000  -0.000000e+000  -0.000000e+000  -2.270623e-005  -4.502031e-005  -1.240262e-005  1.919624e-005  4.736920e-005  8.965997e-005  
-0.000000e+000  -0.000000e+000  -0.000000e+000  -1.217486e-005  -2.413363e-005  -1.110089e-005  1.680933e-006  1.317099e-005  3.059481e-005  
-0.000000e+000  -0.000000e+000  -0.000000e+000  -6.485075e-006  -1.285246e-005  -7.887779e-006  -2.925690e-006  1.590213e-006  8.540875e-006  
-0.000000e+000  -0.000000e+000  -0.000000e+000  -3.435282e-006  -6.807065e-006  -5.060323e-006  -3.256418e-006  -1.580831e-006  1.060278e-006  
-0.000000e+000  -0.000000e+000  -0.000000e+000  -1.811227e-006  -3.588455e-006  -3.064136e-006  -2.483387e-006  -1.921774e-006  -9.967091e-007  
-0.000000e+000  -0.000000e+000  -0.000000e+000  -9.511309e-007  -1.884174e-006  -1.787810e-006  -1.649952e-006  -1.500248e-006  -1.225389e-006  
-0.000000e+000  -0.000000e+000  -0.000000e+000  -4.977410e-007  -9.859107e-007  -1.016564e-006  -1.020128e-006  -1.007575e-006  -9.592931e-007  
-0.000000e+000  -0.000000e+000  -0.000000e+000  -2.596915e-007  -5.143409e-007  -5.671960e-007  -6.034743e-007  -6.268343e-007  -6.450862e-007  
-0.000000e+000  -0.000000e+000  -0.000000e+000  -1.351314e-007  -2.676173e-007  -3.119337e-007  -3.465100e-007  -3.723072e-007  -4.016185e-007  
-0.000000e+000  -0.000000e+000  -0.000000e+000  -7.014567e-008  -1.389081e-007  -1.696112e-007  -1.947480e-007  -2.143859e-007  -2.386740e-007  
-0.000000e+000  -0.000000e+000  -0.000000e+000  -3.632207e-008  -7.192312e-008  -9.137983e-008  -1.077182e-007  -1.207734e-007  -1.375418e-007  
-0.000000e+000  -0.000000e+000  -0.000000e+000  -1.874377e-008  -3.711291e-008  -4.886270e-008  -5.888797e-008  -6.700804e-008  -7.766318e-008  
-0.000000e+000  -0.000000e+000  -0.000000e+000  -9.605722e-009  -1.901663e-008  -2.600784e-008  -3.203779e-008  -3.696081e-008  -4.349067e-008  
-0.000000e+000  -0.000000e+000  -0.000000e+000  -5.044863e-009  -9.967455e-009  -1.450452e-008  -1.838364e-008  -2.151095e-008  -2.556647e-008  
-0.000000e+000  -0.000000e+000  -0.000000e+000  -3.655691e-009  -7.074262e-009  -1.116285e-008  -1.428169e-008  -1.658633e-008  -1.930934e-008  
-2.579980e-009  -1.835804e-009  -0.000000e+000  -3.582121e-009  -6.589524e-009  -1.059354e-008  -1.311612e-008  -1.479285e-008  -1.666057e-008  
-7.445917e-009  -6.427302e-009  -0.000000e+000  -5.207956e-009  -8.586985e-009  -1.194413e-008  -1.309343e-008  -1.374071e-008  -1.459885e-008  
-1.655830e-008  -1.899711e-008  -2.091245e-008  -2.400971e-008  -2.329213e-008  -1.607340e-008  -1.377268e-008  -1.298940e-008  -1.287672e-008  
-1.585585e-008  -1.633595e-008  -1.694989e-008  -1.739421e-008  -1.691405e-008  -1.443768e-008  -1.273803e-008  -1.178716e-008  -1.123147e-008  
-1.332365e-008  -1.341778e-008  -1.352539e-008  -1.348352e-008  -1.312666e-008  -1.197474e-008  -1.089891e-008  -1.014150e-008  -9.521775e-009  
-6.225919e-009  -6.211114e-009  -6.169542e-009  -6.096123e-009  -5.986550e-009  -5.755762e-009  -5.506915e-009  -5.287688e-009  -5.002043e-009  
-0.000000e+000  -0.000000e+000  -0.000000e+000  -0.000000e+000  -0.000000e+000  -0.000000e+000  -0.000000e+000  -0.000000e+000  -0.000000e+000  

0.000000e+000  0.000000e+000  0.000000e+000  0.000000e+000  0.000000e+000  0.000000e+000  0.000000e+000  0.000000e+000  0.000000e+000  
0.000000e+000  0.000000e+000  0.000000e+000  0.000000e+000  0.000000e+000  0.000000e+000  0.000000e+000  0.000000e+000  0.000000e+000  
0.000000e+000  0.000000e+000  0.000000e+000  0.000000e+000  0.000000e+000  0.000000e+000  0.000000e+000  0.000000e+000  0.000000e+000  
0.000000e+000  0.000000e+000  0.000000e+000  0.000000e+000  0.000000e+000  0.000000e+000  0.000000e+000  0.000000e+000  0.000000e+000  
0.000000e+000  0.000000e+000  0.000000e+000  0.000000e+000  0.000000e+000  0.000000e+000  0.000000e+000  0.000000e+000  0.000000e+000  
0.000000e+000  0.000000e+000  0.000000e+000  0.000000e+000  0.000000e+000  0.000000e+000  0.000000e+000  0.000000e+000  0.000000e+000  
0.000000e+000  0.000000e+000  0.000000e+000  0.000000e+000  0.000000e+000  0.000000e+000  0.000000e+000  0.000000e+000  0.000000e+000  
0.000000e+000  0.000000e+000  0.000000e+000  0.000000e+000  0.000000e+000  0.000000e+000  0.000000e+000  0.000000e+000  0.000000e+000  
0.000000e+000  0.000000e+000  0.000000e+000  0.000000e+000  0.000000e+000  0.000000e+000  0.000000e+000  0.000000e+000  0.000000e+000  
0.000000e+000  0.000000e+000  0.000000e+000  0.000000e+000  0.000000e+000  0.000000e+000  0.000000e+000  0.000000e+000  0.000000e+000  
0.000000e+000  0.000000e+000  0.000000e+000  0.000000e+000  0.000000e+000  0.000000e+000  0.000000e+000  0.000000e+000  0.000000e+000  
0.000000e+000  0.000000e+000  0.000000e+000  0.000000e+000  0.000000e+000  0.000000e+000  0.000000e+000  0.000000e+000  0.000000e+000  
0.000000e+000  0.000000e+000  0.000000e+000  0.000000e+000  0.000000e+000  0.000000e+000  0.000000e+000  0.000000e+000  0.000000e+000  
0.000000e+000  0.000000e+000  0.000000e+000  0.000000e+000  0.000000e+000  0.000000e+000  0.000000e+000  0.000000e+000  0.000000e+000  
0.000000e+000  0.000000e+000  0.000000e+000  0.000000e+000  0.000000e+000  0.000000e+000  0.000000e+000  0.000000e+000  0.000000e+000  
0.000000e+000  0.000000e+000  0.000000e+000  0.000000e+000  0.000000e+000  0.000000e+000  0.000000e+000  0.000000e+000  0.000000e+000  
0.000000e+000  0.000000e+000  0.000000e+000  0.000000e+000  0.000000e+000  0.000000e+000  0.000000e+000  0.000000e+000  0.000000e+000  
0.000000e+000  0.000000e+000  0.000000e+000  0.000000e+000  0.000000e+000  0.000000e+000  0.000000e+000  0.000000e+000  0.000000e+000  
0.000000e+000  0.000000e+000  0.000000e+000  0.000000e+000  0.000000e+000  0.000000e+000  0.000000e+000  0.000000e+000  0.000000e+000  
0.000000e+000  0.000000e+000  0.000000e+000  0.000000e+000  0.000000e+000  0.000000e+000  0.000000e+000  0.000000e+000  0.000000e+000  
0.000000e+000  0.000000e+000  0.000000e+000  0.000000e+000  0.000000e+000  0.000000e+000  0.000000e+000  0.000000e+000  0.000000e+000  
0.000000e+000  0.000000e+000  0.000000e+000  0.000000e+000  0.000000e+000  0.000000e+000  0.000000e+000  0.000000e+000  0.000000e+000  
0.000000e+000  0.000000e+000  0.000000e+000  0.000000e+000  0.000000e+000  0.000000e+000  0.000000e+000  0.000000e+000  0.000000e+000  
0.000000e+000  0.000000e+000  0.000000e+000  0.000000e+000  0.000000e+000  0.000000e+000  0.000000e+000  0.000000e+000  0.000000e+000  
0.000000e+000  0.000000e+000  0.000000e+000  0.000000e+000  0.000000e+000  0.000000e+000  0.000000e+000  0.000000e+000  0.000000e+000  
0.000000e+000  0.000000e+000  0.000000e+000  0.000000e+000  0.000000e+000  0.000000e+000  0.000000e+000  0.000000e+000  0.000000e+000  
0.000000e+000  0.000000e+000  0.000000e+000  0.000000e+000  0.000000e+000  0.000000e+000  0.000000e+000  0.000000e+000  0.000000e+000  
0.000000e+000  0.000000e+000  0.000000e+000  0.000000e+000  0.000000e+000  0.000000e+000  0.000000e+000  0.000000e+000  0.000000e+000  
0.000000e+000  0.000000e+000  0.000000e+000  0.000000e+000  0.000000e+000  0.000000e+000  0.000000e+000  0.000000e+000  0.000000e+000  
0.000000e+000  0.000000e+000  0.000000e+000  0.000000e+000  0.000000e+000  0.000000e+000  0.000000e+000  0.000000e+000  0.000000e+000  
0.000000e+000  0.000000e+000  0.000000e+000  0.000000e+000  0.000000e+000  0.000000e+000  0.000000e+000  0.000000e+000  0.000000e+000  
0.000000e+000  0.000000e+000  0.000000e+000  0.000000e+000  0.000000e+000  0.000000e+000  0.000000e+000  0.000000e+000  0.000000e+000  
0.000000e+000  0.000000e+000  0.000000e+000  0.000000e+000  0.000000e+000  0.000000e+000  0.000000e+000  0.000000e+000  0.000000e+000  
0.000000e+000  0.000000e+000  0.000000e+000  0.000000e+000  0.000000e+000  0.000000e+000  0.000000e+000  0.000000e+000  0.000000e+000  
0.000000e+000  0.000000e+000  0.000000e+000  0.000000e+000  0.000000e+000  0.000000e+000  0.000000e+000  0.000000e+000  0.000000e+000  
0.000000e+000  0.000000e+000  0.000000e+000  0.000000e+000  0.000000e+000  0.000000e+000  0.000000e+000  0.000000e+000  0.000000e+000  
0.000000e+000  0.000000e+000  0.000000e+000  0.000000e+000  0.000000e+000  0.000000e+000  0.000000e+000  0.000000e+000  0.000000e+000  
0.000000e+000  0.000000e+000  0.000000e+000  0.000000e+000  0.000000e+000  0.000000e+000  0.000000e+000  0.000000e+000  0.000000e+000  
0.000000e+000  0.000000e+000  0.000000e+000  0.000000e+000  0.000000e+000  0.000000e+000  0.000000e+000  0.000000e+000  0.000000e+000  
0.000000e+000  0.000000e+000  0.000000e+000  0.000000e+000  0.000000e+000  0.000000e+000  0.000000e+000  0.000000e+000  0.000000e+000  
0.000000e+000  0.000000e+000  0.000000e+000  0.000000e+000  0.000000e+000  0.000000e+000  0.000000e+000  0.000000e+000  0.000000e+000  
0.000000e+000  0.000000e+000  0.000000e+000  0.000000e+000  0.000000e+000  0.000000e+000  0.000000e+000  0.000000e+000  0.000000e+000  
0.000000e+000  0.000000e+000  0.000000e+000  0.000000e+000  0.000000e+000  0.000000e+000  0.000000e+000  0.000000e+000  0.000000e+000  
0.000000e+000  0.000000e+000  0.000000e+000  0.000000e+000  0.000000e+000  0.000000e+000  0.000000e+000  0.000000e+000  0.000000e+000  
0.000000e+000  0.000000e+000  0.000000e+000  0.000000e+000  0.000000e+000  0.000000e+000  0.000000e+000  0.000000e+000  0.000000e+000  
0.000000e+000  0.000000e+000  0.000000e+000  0.000000e+000  0.000000e+000  0.000000e+000  0.000000e+000  0.000000e+000  0.000000e+000  
0.000000e+000  0.000000e+000  0.000000e+000  0.000000e+000  0.000000e+000  0.000000e+000  0.000000e+000  0.000000e+000  0.000000e+000  
0.000000e+000  0.000000e+000  0.000000e+000  0.000000e+000  0.000000e+000  0.000000e+000  0.000000e+000  0.000000e+000  0.000000e+000  
0.000000e+000  0.000000e+000  0.000000e+000  0.000000e+000  0.000000e+000  0.000000e+000  0.000000e+000  0.000000e+000  0.000000e+000  
0.000000e+000  0.000000e+000  0.000000e+000  0.000000e+000  0.000000e+000  0.000000e+000  0.000000e+000  0.000000e+000  0.000000e+000  
0.000000e+000  0.000000e+000  0.000000e+000  0.000000e+000  0.000000e+000  0.000000e+000  0.000000e+000  0.000000e+000  0.000000e+000  
0.000000e+000  0.000000e+000  0.000000e+000  0.000000e+000  0.000000e+000  0.000000e+000  0.000000e+000  0.000000e+000  0.000000e+000  
0.000000e+000  0.000000e+000  0.000000e+000  0.000000e+000  0.000000e+000  0.000000e+000  0.000000e+000  0.000000e+000  0.000000e+000  
0.000000e+000  0.000000e+000  0.000000e+000  0.000000e+000  0.000000e+000  0.000000e+000  0.000000e+000  0.000000e+000  0.000000e+000  
0.000000e+000  0.000000e+000  0.000000e+000  0.000000e+000  0.000000e+000  0.000000e+000  0.000000e+000  0.000000e+000  0.000000e+000  
0.000000e+000  0.000000e+000  0.000000e+000  0.000000e+000  0.000000e+000  0.000000e+000  0.000000e+000  0.000000e+000  0.000000e+000  
0.000000e+000  0.000000e+000  0.000000e+000  0.000000e+000  0.000000e+000  0.000000e+000  0.000000e+000  0.000000e+000  0.000000e+000  
0.000000e+000  0.000000e+000  0.000000e+000  0.000000e+000  0.000000e+000  0.000000e+000  0.000000e+000  0.000000e+000  0.000000e+000  
0.000000e+000  0.000000e+000  0.000000e+000  0.000000e+000  0.000000e+000  0.000000e+000  0.000000e+000  0.000000e+000  0.000000e+000  
0.000000e+000  0.000000e+000  0.000000e+000  0.000000e+000  0.000000e+000  0.000000e+000  0.000000e+000  0.000000e+000  0.000000e+000  
0.000000e+000  0.000000e+000  0.000000e+000  0.000000e+000  0.000000e+000  0.000000e+000  0.000000e+000  0.000000e+000  0.000000e+000  
0.000000e+000  0.000000e+000  0.000000e+000  0.000000e+000  0.000000e+000  0.000000e+000  0.000000e+000  0.000000e+000  0.000000e+000  
0.000000e+000  0.000000e+000  0.000000e+000  0.000000e+000  0.000000e+000  0.000000e+000  0.000000e+000  0.000000e+000  0.000000e+000  
0.000000e+000  0.000000e+000  0.000000e+000  0.000000e+000  0.000000e+000  0.000000e+000  0.000000e+000  0.000000e+000  0.000000e+000  
0.000000e+000  0.000000e+000  0.000000e+000  0.000000e+000  0.000000e+000  0.000000e+000  0.000000e+000  0.000000e+000  0.000000e+000  
0.000000e+000  0.000000e+000  0.000000e+000  0.000000e+000  0.000000e+000  0.000000e+000  0.000000e+000  0.000000e+000  0.000000e+000  
0.000000e+000  0.000000e+000  0.000000e+000  0.000000e+000  0.000000e+000  0.000000e+000  0.000000e+000  0.000000e+000  0.000000e+000  
0.000000e+000  0.000000e+000  0.000000e+000  0.000000e+000  0.000000e+000  0.000000e+000  0.000000e+000  0.000000e+000  0.000000e+000  
0.000000e+000  0.000000e+000  0.000000e+000  0.000000e+000  0.000000e+000  0.000000e+000  0.000000e+000  0.000000e+000  0.000000e+000  
0.000000e+000  0.000000e+000  0.000000e+000  0.000000e+000  0.000000e+000  0.000000e+000  0.000000e+000  0.000000e+000  0.000000e+000  
0.000000e+000  0.000000e+000  0.000000e+000  0.000000e+000  0.000000e+000  0.000000e+000  0.000000e+000  0.000000e+000  0.000000e+000  
0.000000e+000  0.000000e+000  0.000000e+000  0.000000e+000  0.000000e+000  0.000000e+000  0.000000e+000  0.000000e+000  0.000000e+000  
0.000000e+000  0.000000e+000  0.000000e+000  0.000000e+000  0.000000e+000  0.000000e+000  0.000000e+000  0.000000e+000  0.000000e+000  
0.000000e+000  0.000000e+000  0.000000e+000  0.000000e+000  0.000000e+000  0.000000e+000  0.000000e+000  0.000000e+000  0.000000e+000  
0.000000e+000  0.000000e+000  0.000000e+000  0.000000e+000  0.000000e+000  0.000000e+000  0.000000e+000  0.000000e+000  0.000000e+000  
0.000000e+000  0.000000e+000  0.000000e+000  0.000000e+000  0.000000e+000  0.000000e+000  0.000000e+000  0.000000e+000  0.000000e+000  
0.000000e+000  0.000000e+000  0.000000e+000  0.000000e+000  0.000000e+000  0.000000e+000  0.000000e+000  0.000000e+000  0.000000e+000  
0.000000e+000  0.000000e+000  0.000000e+000  0.000000e+000  0.000000e+000  0.000000e+000  0.000000e+000  0.000000e+000  0.000000e+000  
0.000000e+000  0.000000e+000  0.000000e+000  0.000000e+000  0.000000e+000  0.000000e+000  0.000000e+000  0.000000e+000  0.000000e+000  
0.000000e+000  0.000000e+000  0.000000e+000  0.000000e+000  0.000000e+000  0.000000e+000  0.000000e+000  0.000000e+000  0.000000e+000  
0.000000e+000  0.000000e+000  0.000000e+000  0.000000e+000  0.000000e+000  0.000000e+000  0.000000e+000  0.000000e+000  0.000000e+000  
0.000000e+000  0.000000e+000  0.000000e+000  0.000000e+000  0.000000e+000  0.000000e+000  0.000000e+000  0.000000e+000  0.000000e+000  
0.000000e+000  0.000000e+000  0.000000e+000  0.000000e+000  0.000000e+000  0.000000e+000  0.000000e+000  0.000000e+000  0.000000e+000  
0.000000e+000  0.000000e+000  0.000000e+000  0.000000e+000  0.000000e+000  0.000000e+000  0.000000e+000  0.000000e+000  0.000000e+000  
0.000000e+000  0.000000e+000  0.000000e+000  0.000000e+000  0.000000e+000  0.000000e+000  0.000000e+000  0.000000e+000  0.000000e+000  
0.000000e+000  0.000000e+000  0.000000e+000  0.000000e+000  0.000000e+000  0.000000e+000  0.000000e+000  0.000000e+000  0.000000e+000  
0.000000e+000  0.000000e+000  0.000000e+000  0.000000e+000  0.000000e+000  0.000000e+000  0.000000e+000  0.000000e+000  0.000000e+000  
0.000000e+000  0.000000e+000  0.000000e+000  0.000000e+000  0.000000e+000  0.000000e+000  0.000000e+000  0.000000e+000  0.000000e+000  
0.000000e+000  0.000000e+000  0.000000e+000  0.000000e+000  0.000000e+000  0.000000e+000  0.000000e+000  0.000000e+000  0.000000e+000  
0.000000e+000  0.000000e+000  0.000000e+000  0.000000e+000  0.000000e+000  0.000000e+000  0.000000e+000  0.000000e+000  0.000000e+000  
0.000000e+000  0.000000e+000  0.000000e+000  0.000000e+000  0.000000e+000  0.000000e+000  0.000000e+000  0.000000e+000  0.000000e+000  
0.000000e+000  0.000000e+000  0.000000e+000  0.000000e+000  0.000000e+000  0.000000e+000  0.000000e+000  0.000000e+000  0.000000e+000  
0.000000e+000  0.000000e+000  0.000000e+000  0.000000e+000  0.000000e+000  0.000000e+000  0.000000e+000  0.000000e+000  0.000000e+000  
0.000000e+000  0.000000e+000  0.000000e+000  0.000000e+000  0.000000e+000  0.000000e+000  0.000000e+000  0.000000e+000  0.000000e+000  
0.000000e+000  0.000000e+000  0.000000e+000  0.000000e+000  0.000000e+000  0.000000e+000  0.000000e+000  0.000000e+000  0.000000e+000  
0.000000e+000  0.000000e+000  0.000000e+000  0.000000e+000  0.000000e+000  0.000000e+000  0.000000e+000  0.000000e+000  0.000000e+000  

0.000000e+000  0.000000e+000  0.000000e+000  0.000000e+000  0.000000e+000  0.000000e+000  0.000000e+000  0.000000e+000  0.000000e+000  
0.000000e+000  0.000000e+000  0.000000e+000  0.000000e+000  0.000000e+000  0.000000e+000  0.000000e+000  0.000000e+000  0.000000e+000  
0.000000e+000  0.000000e+000  0.000000e+000  0.000000e+000  0.000000e+000  0.000000e+000  0.000000e+000  0.000000e+000  0.000000e+000  
0.000000e+000  0.000000e+000  0.000000e+000  0.000000e+000  0.000000e+000  0.000000e+000  0.000000e+000  0.000000e+000  0.000000e+000  
0.000000e+000  0.000000e+000  0.000000e+000  0.000000e+000  0.000000e+000  0.000000e+000  0.000000e+000  0.000000e+000  0.000000e+000  
0.000000e+000  0.000000e+000  0.000000e+000  0.000000e+000  0.000000e+000  0.000000e+000  0.000000e+000  0.000000e+000  0.000000e+000  
0.000000e+000  0.000000e+000  0.000000e+000  0.000000e+000  0.000000e+000  0.000000e+000  0.000000e+000  0.000000e+000  0.000000e+000  
0.000000e+000  0.000000e+000  0.000000e+000  0.000000e+000  0.000000e+000  0.000000e+000  0.000000e+000  0.000000e+000  0.000000e+000  
0.000000e+000  0.000000e+000  0.000000e+000  0.000000e+000  0.000000e+000  0.000000e+000  0.000000e+000  0.000000e+000  0.000000e+000  
0.000000e+000  0.000000e+000  0.000000e+000  0.000000e+000  0.000000e+000  0.000000e+000  0.000000e+000  0.000000e+000  0.000000e+000  
0.000000e+000  0.000000e+000  0.000000e+000  0.000000e+000  0.000000e+000  0.000000e+000  0.000000e+000  0.000000e+000  0.000000e+000  
0.000000e+000  0.000000e+000  0.000000e+000  0.000000e+000  0.000000e+000  0.000000e+000  0.000000e+000  0.000000e+000  0.000000e+000  
0.000000e+000  0.000000e+000  0.000000e+000  0.000000e+000  0.000000e+000  0.000000e+000  0.000000e+000  0.000000e+000  0.000000e+000  
0.000000e+000  0.000000e+000  0.000000e+000  0.000000e+000  0.000000e+000  0.000000e+000  0.000000e+000  0.000000e+000  0.000000e+000  
0.000000e+000  0.000000e+000  0.000000e+000  0.000000e+000  0.000000e+000  0.000000e+000  0.000000e+000  0.000000e+000  0.000000e+000  
0.000000e+000  0.000000e+000  0.000000e+000  0.000000e+000  0.000000e+000  0.000000e+000  0.000000e+000  0.000000e+000  0.000000e+000  
0.000000e+000  0.000000e+000  0.000000e+000  0.000000e+000  0.000000e+000  0.000000e+000  0.000000e+000  0.000000e+000  0.000000e+000  
0.000000e+000  0.000000e+000  0.000000e+000  0.000000e+000  0.000000e+000  0.000000e+000  0.000000e+000  0.000000e+000  0.000000e+000  
0.000000e+000  0.000000e+000  0.000000e+000  0.000000e+000  0.000000e+000  0.000000e+000  0.000000e+000  0.000000e+000  0.000000e+000  
0.000000e+000  0.000000e+000  0.000000e+000  0.000000e+000  0.000000e+000  0.000000e+000  0.000000e+000  0.000000e+000  0.000000e+000  
0.000000e+000  0.000000e+000  0.000000e+000  0.000000e+000  0.000000e+000  0.000000e+000  0.000000e+000  0.000000e+000  0.000000e+000  
0.000000e+000  0.000000e+000  0.000000e+000  0.000000e+000  0.000000e+000  0.000000e+000  0.000000e+000  0.000000e+000  0.000000e+000  
0.000000e+000  0.000000e+000  0.000000e+000  0.000000e+000  0.000000e+000  0.000000e+000  0.000000e+000  0.000000e+000  0.000000e+000  
0.000000e+000  0.000000e+000  0.000000e+000  0.000000e+000  0.000000e+000  0.000000e+000  0.000000e+000  0.000000e+000  0.000000e+000  
0.000000e+000  0.000000e+000  0.000000e+000  0.000000e+000  0.000000e+000  0.000000e+000  0.000000e+000  0.000000e+000  0.000000e+000  
0.000000e+000  0.000000e+000  0.000000e+000  0.000000e+000  0.000000e+000  0.000000e+000  0.000000e+000  0.000000e+000  0.000000e+000  
0.000000e+000  0.000000e+000  0.000000e+000  0.000000e+000  0.000000e+000  0.000000e+000  0.000000e+000  0.000000e+000  0.000000e+000  
0.000000e+000  0.000000e+000  0.000000e+000  0.000000e+000  0.000000e+000  0.000000e+000  0.000000e+000  0.000000e+000  0.000000e+000  
0.000000e+000  0.000000e+000  0.000000e+000  0.000000e+000  0.000000e+000  0.000000e+000  0.000000e+000  0.000000e+000  0.000000e+000  
0.000000e+000  0.000000e+000  0.000000e+000  0.000000e+000  0.000000e+000  0.000000e+000  0.000000e+000  0.000000e+000  0.000000e+000  
0.000000e+000  0.000000e+000  0.000000e+000  0.000000e+000  0.000000e+000  0.000000e+000  0.000000e+000  0.000000e+000  0.000000e+000  
0.000000e+000  0.000000e+000  0.000000e+000  0.000000e+000  0.000000e+000  0.000000e+000  0.000000e+000  0.000000e+000  0.000000e+000  
0.000000e+000  0.000000e+000  0.000000e+000  0.000000e+000  0.000000e+000  0.000000e+000  0.000000e+000  0.000000e+000  0.000000e+000  
0.000000e+000  0.000000e+000  0.000000e+000  0.000000e+000  0.000000e+000  0.000000e+000  0.000000e+000  0.000000e+000  0.000000e+000  
0.000000e+000  0.000000e+000  0.000000e+000  0.000000e+000  0.000000e+000  0.000000e+000  0.000000e+000  0.000000e+000  0.000000e+000  
0.000000e+000  0.000000e+000  0.000000e+000  0.000000e+000  0.000000e+000  0.000000e+000  0.000000e+000  0.000000e+000  0.000000e+000  
0.000000e+000  0.000000e+000  0.000000e+000  0.000000e+000  0.000000e+000  0.000000e+000  0.000000e+000  0.000000e+000  0.000000e+000  
0.000000e+000  0.000000e+000  0.000000e+000  0.000000e+000  0.000000e+000  0.000000e+000  0.000000e+000  0.000000e+000  0.000000e+000  
0.000000e+000  0.000000e+000  0.000000e+000  0.000000e+000  0.000000e+000  0.000000e+000  0.000000e+000  0.000000e+000  0.000000e+000  
0.000000e+000  0.000000e+000  0.000000e+000  0.000000e+000  0.000000e+000  0.000000e+000  0.000000e+000  0.000000e+000  0.000000e+000  
0.000000e+000  0.000000e+000  0.000000e+000  0.000000e+000  0.000000e+000  0.000000e+000  0.000000e+000  0.000000e+000  0.000000e+000  
0.000000e+000  0.000000e+000  0.000000e+000  0.000000e+000  0.000000e+000  0.000000e+000  0.000000e+000  0.000000e+000  0.000000e+000  
0.000000e+000  0.000000e+000  0.000000e+000  0.000000e+000  0.000000e+000  0.000000e+000  0.000000e+000  0.000000e+000  0.000000e+000  
0.000000e+000  0.000000e+000  0.000000e+000  0.000000e+000  0.000000e+000  0.000000e+000  0.000000e+000  0.000000e+000  0.000000e+000  
0.000000e+000  0.000000e+000  0.000000e+000  0.000000e+000  0.000000e+000  0.000000e+000  0.000000e+000  0.000000e+000  0.000000e+000  
0.000000e+000  0.000000e+000  0.000000e+000  0.000000e+000  0.000000e+000  0.000000e+000  0.000000e+000  0.000000e+000  0.000000e+000  
0.000000e+000  0.000000e+000  0.000000e+000  0.000000e+000  0.000000e+000  0.000000e+000  0.000000e+000  0.000000e+000  0.000000e+000  
0.000000e+000  0.000000e+000  0.000000e+000  0.000000e+000  0.000000e+000  0.000000e+000  0.000000e+000  0.000000e+000  0.000000e+000  
0.000000e+000  0.000000e+000  0.000000e+000  0.000000e+000  0.000000e+000  0.000000e+000  0.000000e+000  0.000000e+000  0.000000e+000  
0.000000e+000  0.000000e+000  0.000000e+000  0.000000e+000  0.000000e+000  0.000000e+000  0.000000e+000  0.000000e+000  0.000000e+000  
0.000000e+000  0.000000e+000  0.000000e+000  0.000000e+000  0.000000e+000  0.000000e+000  0.000000e+000  0.000000e+000  0.000000e+000  
0.000000e+000  0.000000e+000  0.000000e+000  0.000000e+000  0.000000e+000  0.000000e+000  0.000000e+000  0.000000e+000  0.000000e+000  
0.000000e+000  0.000000e+000  0.000000e+000  0.000000e+000  0.000000e+000  0.000000e+000  0.000000e+000  0.000000e+000  0.000000e+000  
0.000000e+000  0.000000e+000  0.000000e+000  0.000000e+000  0.000000e+000  0.000000e+000  0.000000e+000  0.000000e+000  0.000000e+000  
0.000000e+000  0.000000e+000  0.000000e+000  0.000000e+000  0.000000e+000  0.000000e+000  0.000000e+000  0.000000e+000  0.000000e+000  
0.000000e+000  0.000000e+000  0.000000e+000  0.000000e+000  0.000000e+000  0.000000e+000  0.000000e+000  0.000000e+000  0.000000e+000  
0.000000e+000  0.000000e+000  0.000000e+000  0.000000e+000  0.000000e+000  0.000000e+000  0.000000e+000  0.000000e+000  0.000000e+000  
0.000000e+000  0.000000e+000  0.000000e+000  0.000000e+000  0.000000e+000  0.000000e+000  0.000000e+000  0.000000e+000  0.000000e+000  
0.000000e+000  0.000000e+000  0.000000e+000  0.000000e+000  0.000000e+000  0.000000e+000  0.000000e+000  0.000000e+000  0.000000e+000  
0.000000e+000  0.000000e+000  0.000000e+000  0.000000e+000  0.000000e+000  0.000000e+000  0.000000e+000  0.000000e+000  0.000000e+000  
0.000000e+000  0.000000e+000  0.000000e+000  0.000000e+000  0.000000e+000  0.000000e+000  0.000000e+000  0.000000e+000  0.000000e+000  
0.000000e+000  0.000000e+000  0.000000e+000  0.000000e+000  0.000000e+000  0.000000e+000  0.000000e+000  0.000000e+000  0.000000e+000  
0.000000e+000  0.000000e+000  0.000000e+000  0.000000e+000  0.000000e+000  0.000000e+000  0.000000e+000  0.000000e+000  0.000000e+000  
0.000000e+000  0.000000e+000  0.000000e+000  0.000000e+000  0.000000e+000  0.000000e+000  0.000000e+000  0.000000e+000  0.000000e+000  
0.000000e+000  0.000000e+000  0.000000e+000  0.000000e+000  0.000000e+000  0.000000e+000  0.000000e+000  0.000000e+000  0.000000e+000  
0.000000e+000  0.000000e+000  0.000000e+000  0.000000e+000  0.000000e+000  0.000000e+000  0.000000e+000  0.000000e+000  0.000000e+000  
0.000000e+000  0.000000e+000  0.000000e+000  0.000000e+000  0.000000e+000  0.000000e+000  0.000000e+000  0.000000e+000  0.000000e+000  
0.000000e+000  0.000000e+000  0.000000e+000  0.000000e+000  0.000000e+000  0.000000e+000  0.000000e+000  0.000000e+000  0.000000e+000  
0.000000e+000  0.000000e+000  0.000000e+000  0.000000e+000  0.000000e+000  0.000000e+000  0.000000e+000  0.000000e+000  0.000000e+000  
0.000000e+000  0.000000e+000  0.000000e+000  0.000000e+000  0.000000e+000  0.000000e+000  0.000000e+000  0.000000e+000  0.000000e+000  
0.000000e+000  0.000000e+000  0.000000e+000  0.000000e+000  0.000000e+000  0.000000e+000  0.000000e+000  0.000000e+000  0.000000e+000  
0.000000e+000  0.000000e+000  0.000000e+000  0.000000e+000  0.000000e+000  0.000000e+000  0.000000e+000  0.000000e+000  0.000000e+000  
0.000000e+000  0.000000e+000  0.000000e+000  0.000000e+000  0.000000e+000  0.000000e+000  0.000000e+000  0.000000e+000  0.000000e+000  
0.000000e+000  0.000000e+000  0.000000e+000  0.000000e+000  0.000000e+000  0.000000e+000  0.000000e+000  0.000000e+000  0.000000e+000  
0.000000e+000  0.000000e+000  0.000000e+000  0.000000e+000  0.000000e+000  0.000000e+000  0.000000e+000  0.000000e+000  0.000000e+000  
0.000000e+000  0.000000e+000  0.000000e+000  0.000000e+000  0.000000e+000  0.000000e+000  0.000000e+000  0.000000e+000  0.000000e+000  
0.000000e+000  0.000000e+000  0.000000e+000  0.000000e+000  0.000000e+000  0.000000e+000  0.000000e+000  0.000000e+000  0.000000e+000  
0.000000e+000  0.000000e+000  0.000000e+000  0.000000e+000  0.000000e+000  0.000000e+000  0.000000e+000  0.000000e+000  0.000000e+000  
0.000000e+000  0.000000e+000  0.000000e+000  0.000000e+000  0.000000e+000  0.000000e+000  0.000000e+000  0.000000e+000  0.000000e+000  
0.000000e+000  0.000000e+000  0.000000e+000  0.000000e+000  0.000000e+000  0.000000e+000  0.000000e+000  0.000000e+000  0.000000e+000  
0.000000e+000  0.000000e+000  0.000000e+000  0.000000e+000  0.000000e+000  0.000000e+000  0.000000e+000  0.000000e+000  0.000000e+000  
0.000000e+000  0.000000e+000  0.000000e+000  0.000000e+000  0.000000e+000  0.000000e+000  0.000000e+000  0.000000e+000  0.000000e+000  
0.000000e+000  0.000000e+000  0.000000e+000  0.000000e+000  0.000000e+000  0.000000e+000  0.000000e+000  0.000000e+000  0.000000e+000  
0.000000e+000  0.000000e+000  0.000000e+000  0.000000e+000  0.000000e+000  0.000000e+000  0.000000e+000  0.000000e+000  0.000000e+000  
0.000000e+000  0.000000e+000  0.000000e+000  0.000000e+000  0.000000e+000  0.000000e+000  0.000000e+000  0.000000e+000  0.000000e+000  
0.000000e+000  0.000000e+000  0.000000e+000  0.000000e+000  0.000000e+000  0.000000e+000  0.000000e+000  0.000000e+000  0.000000e+000  
0.000000e+000  0.000000e+000  0.000000e+000  0.000000e+000  0.000000e+000  0.000000e+000  0.000000e+000  0.000000e+000  0.000000e+000  
0.000000e+000  0.000000e+000  0.000000e+000  0.000000e+000  0.000000e+000  0.000000e+000  0.000000e+000  0.000000e+000  0.000000e+000  
0.000000e+000  0.000000e+000  0.000000e+000  0.000000e+000  0.000000e+000  0.000000e+000  0.000000e+000  0.000000e+000  0.000000e+000  
0.000000e+000  0.000000e+000  0.000000e+000  0.000000e+000  0.000000e+000  0.000000e+000  0.000000e+000  0.000000e+000  0.000000e+000  
0.000000e+000  0.000000e+000  0.000000e+000  0.000000e+000  0.000000e+000  0.000000e+000  0.000000e+000  0.000000e+000  0.000000e+000  
0.000000e+000  0.000000e+000  0.000000e+000  0.000000e+000  0.000000e+000  0.000000e+000  0.000000e+000  0.000000e+000  0.000000e+000  
0.000000e+000  0.000000e+000  0.000000e+000  0.000000e+000  0.000000e+000  0.000000e+000  0.000000e+000  0.000000e+000  0.000000e+000  
0.000000e+000  0.000000e+000  0.000000e+000  0.000000e+000  0.000000e+000  0.000000e+000  0.000000e+000  0.000000e+000  0.000000e+000  
0.000000e+000  0.000000e+000  0.000000e+000  0.000000e+000  0.000000e+000  0.000000e+000  0.000000e+000  0.000000e+000  0.000000e+000  
0.000000e+000  0.000000e+000  0.000000e+000  0.000000e+000  0.000000e+000  0.000000e+000  0.000000e+000  0.000000e+000  0.000000e+000  

0.000000e+000  0.000000e+000  0.000000e+000  0.000000e+000  0.000000e+000  0.000000e+000  0.000000e+000  0.000000e+000  0.000000e+000  
0.000000e+000  0.000000e+000  0.000000e+000  0.000000e+000  0.000000e+000  0.000000e+000  0.000000e+000  0.000000e+000  0.000000e+000  
0.000000e+000  0.000000e+000  0.000000e+000  0.000000e+000  0.000000e+000  0.000000e+000  0.000000e+000  0.000000e+000  0.000000e+000  
0.000000e+000  0.000000e+000  0.000000e+000  0.000000e+000  0.000000e+000  0.000000e+000  0.000000e+000  0.000000e+000  0.000000e+000  
0.000000e+000  0.000000e+000  0.000000e+000  0.000000e+000  0.000000e+000  0.000000e+000  0.000000e+000  0.000000e+000  0.000000e+000  
0.000000e+000  0.000000e+000  0.000000e+000  0.000000e+000  0.000000e+000  0.000000e+000  0.000000e+000  0.000000e+000  0.000000e+000  
0.000000e+000  0.000000e+000  0.000000e+000  0.000000e+000  0.000000e+000  0.000000e+000  0.000000e+000  0.000000e+000  0.000000e+000  
0.000000e+000  0.000000e+000  0.000000e+000  0.000000e+000  0.000000e+000  0.000000e+000  0.000000e+000  0.000000e+000  0.000000e+000  
0.000000e+000  0.000000e+000  0.000000e+000  0.000000e+000  0.000000e+000  0.000000e+000  0.000000e+000  0.000000e+000  0.000000e+000  
0.000000e+000  0.000000e+000  0.000000e+000  0.000000e+000  0.000000e+000  0.000000e+000  0.000000e+000  0.000000e+000  0.000000e+000  
0.000000e+000  0.000000e+000  0.000000e+000  0.000000e+000  0.000000e+000  0.000000e+000  0.000000e+000  0.000000e+000  0.000000e+000  
0.000000e+000  0.000000e+000  0.000000e+000  0.000000e+000  0.000000e+000  0.000000e+000  0.000000e+000  0.000000e+000  0.000000e+000  
0.000000e+000  0.000000e+000  0.000000e+000  0.000000e+000  0.000000e+000  0.000000e+000  0.000000e+000  0.000000e+000  0.000000e+000  
0.000000e+000  0.000000e+000  0.000000e+000  0.000000e+000  0.000000e+000  0.000000e+000  0.000000e+000  0.000000e+000  0.000000e+000  
0.000000e+000  0.000000e+000  0.000000e+000  0.000000e+000  0.000000e+000  0.000000e+000  0.000000e+000  0.000000e+000  0.000000e+000  
0.000000e+000  0.000000e+000  0.000000e+000  0.000000e+000  0.000000e+000  0.000000e+000  0.000000e+000  0.000000e+000  0.000000e+000  
0.000000e+000  0.000000e+000  0.000000e+000  0.000000e+000  0.000000e+000  0.000000e+000  0.000000e+000  0.000000e+000  0.000000e+000  
0.000000e+000  0.000000e+000  0.000000e+000  0.000000e+000  0.000000e+000  0.000000e+000  0.000000e+000  0.000000e+000  0.000000e+000  
0.000000e+000  0.000000e+000  0.000000e+000  0.000000e+000  0.000000e+000  0.000000e+000  0.000000e+000  0.000000e+000  0.000000e+000  
0.000000e+000  0.000000e+000  0.000000e+000  0.000000e+000  0.000000e+000  0.000000e+000  0.000000e+000  0.000000e+000  0.000000e+000  
0.000000e+000  0.000000e+000  0.000000e+000  0.000000e+000  0.000000e+000  0.000000e+000  0.000000e+000  0.000000e+000  0.000000e+000  
0.000000e+000  0.000000e+000  0.000000e+000  0.000000e+000  0.000000e+000  0.000000e+000  0.000000e+000  0.000000e+000  0.000000e+000  
0.000000e+000  0.000000e+000  0.000000e+000  0.000000e+000  0.000000e+000  0.000000e+000  0.000000e+000  0.000000e+000  0.000000e+000  
0.000000e+000  0.000000e+000  0.000000e+000  0.000000e+000  0.000000e+000  0.000000e+000  0.000000e+000  0.000000e+000  0.000000e+000  
0.000000e+000  0.000000e+000  0.000000e+000  0.000000e+000  0.000000e+000  0.000000e+000  0.000000e+000  0.000000e+000  0.000000e+000  
0.000000e+000  0.000000e+000  0.000000e+000  0.000000e+000  0.000000e+000  0.000000e+000  0.000000e+000  0.000000e+000  0.000000e+000  
0.000000e+000  0.000000e+000  0.000000e+000  0.000000e+000  0.000000e+000  0.000000e+000  0.000000e+000  0.000000e+000  0.000000e+000  
0.000000e+000  0.000000e+000  0.000000e+000  0.000000e+000  0.000000e+000  0.000000e+000  0.000000e+000  0.000000e+000  0.000000e+000  
0.000000e+000  0.000000e+000  0.000000e+000  0.000000e+000  0.000000e+000  0.000000e+000  0.000000e+000  0.000000e+000  0.000000e+000  
0.000000e+000  0.000000e+000  0.000000e+000  0.000000e+000  0.000000e+000  0.000000e+000  0.000000e+000  0.000000e+000  0.000000e+000  
0.000000e+000  0.000000e+000  0.000000e+000  0.000000e+000  0.000000e+000  0.000000e+000  0.000000e+000  0.000000e+000  0.000000e+000  
0.000000e+000  0.000000e+000  0.000000e+000  0.000000e+000  0.000000e+000  0.000000e+000  0.000000e+000  0.000000e+000  0.000000e+000  
0.000000e+000  0.000000e+000  0.000000e+000  0.000000e+000  0.000000e+000  0.000000e+000  0.000000e+000  0.000000e+000  0.000000e+000  
0.000000e+000  0.000000e+000  0.000000e+000  0.000000e+000  0.000000e+000  0.000000e+000  0.000000e+000  0.000000e+000  0.000000e+000  
0.000000e+000  0.000000e+000  0.000000e+000  0.000000e+000  0.000000e+000  0.000000e+000  0.000000e+000  0.000000e+000  0.000000e+000  
0.000000e+000  0.000000e+000  0.000000e+000  0.000000e+000  0.000000e+000  0.000000e+000  0.000000e+000  0.000000e+000  0.000000e+000  
0.000000e+000  0.000000e+000  0.000000e+000  0.000000e+000  0.000000e+000  0.000000e+000  0.000000e+000  0.000000e+000  0.000000e+000  
0.000000e+000  0.000000e+000  0.000000e+000  0.000000e+000  0.000000e+000  0.000000e+000  0.000000e+000  0.000000e+000  0.000000e+000  
0.000000e+000  0.000000e+000  0.000000e+000  0.000000e+000  0.000000e+000  0.000000e+000  0.000000e+000  0.000000e+000  0.000000e+000  
0.000000e+000  0.000000e+000  0.000000e+000  0.000000e+000  0.000000e+000  0.000000e+000  0.000000e+000  0.000000e+000  0.000000e+000  
0.000000e+000  0.000000e+000  0.000000e+000  0.000000e+000  0.000000e+000  0.000000e+000  0.000000e+000  0.000000e+000  0.000000e+000  
0.000000e+000  0.000000e+000  0.000000e+000  0.000000e+000  0.000000e+000  0.000000e+000  0.000000e+000  0.000000e+000  0.000000e+000  
0.000000e+000  0.000000e+000  0.000000e+000  0.000000e+000  0.000000e+000  0.000000e+000  0.000000e+000  0.000000e+000  0.000000e+000  
0.000000e+000  0.000000e+000  0.000000e+000  0.000000e+000  0.000000e+000  0.000000e+000  0.000000e+000  0.000000e+000  0.000000e+000  
0.000000e+000  0.000000e+000  0.000000e+000  0.000000e+000  0.000000e+000  0.000000e+000  0.000000e+000  0.000000e+000  0.000000e+000  
0.000000e+000  0.000000e+000  0.000000e+000  0.000000e+000  0.000000e+000  0.000000e+000  0.000000e+000  0.000000e+000  0.000000e+000  
0.000000e+000  0.000000e+000  0.000000e+000  0.000000e+000  0.000000e+000  0.000000e+000  0.000000e+000  0.000000e+000  0.000000e+000  
0.000000e+000  0.000000e+000  0.000000e+000  0.000000e+000  0.000000e+000  0.000000e+000  0.000000e+000  0.000000e+000  0.000000e+000  
0.000000e+000  0.000000e+000  0.000000e+000  0.000000e+000  0.000000e+000  0.000000e+000  0.000000e+000  0.000000e+000  0.000000e+000  
0.000000e+000  0.000000e+000  0.000000e+000  0.000000e+000  0.000000e+000  0.000000e+000  0.000000e+000  0.000000e+000  0.000000e+000  
0.000000e+000  0.000000e+000  0.000000e+000  0.000000e+000  0.000000e+000  0.000000e+000  0.000000e+000  0.000000e+000  0.000000e+000  
0.000000e+000  0.000000e+000  0.000000e+000  0.000000e+000  0.000000e+000  0.000000e+000  0.000000e+000  0.000000e+000  0.000000e+000  
0.000000e+000  0.000000e+000  0.000000e+000  0.000000e+000  0.000000e+000  0.000000e+000  0.000000e+000  0.000000e+000  0.000000e+000  
0.000000e+000  0.000000e+000  0.000000e+000  0.000000e+000  0.000000e+000  0.000000e+000  0.000000e+000  0.000000e+000  0.000000e+000  
0.000000e+000  0.000000e+000  0.000000e+000  0.000000e+000  0.000000e+000  0.000000e+000  0.000000e+000  0.000000e+000  0.000000e+000  
0.000000e+000  0.000000e+000  0.000000e+000  0.000000e+000  0.000000e+000  0.000000e+000  0.000000e+000  0.000000e+000  0.000000e+000  
0.000000e+000  0.000000e+000  0.000000e+000  0.000000e+000  0.000000e+000  0.000000e+000  0.000000e+000  0.000000e+000  0.000000e+000  
0.000000e+000  0.000000e+000  0.000000e+000  0.000000e+000  0.000000e+000  0.000000e+000  0.000000e+000  0.000000e+000  0.000000e+000  
0.000000e+000  0.000000e+000  0.000000e+000  0.000000e+000  0.000000e+000  0.000000e+000  0.000000e+000  0.000000e+000  0.000000e+000  
0.000000e+000  0.000000e+000  0.000000e+000  0.000000e+000  0.000000e+000  0.000000e+000  0.000000e+000  0.000000e+000  0.000000e+000  
0.000000e+000  0.000000e+000  0.000000e+000  0.000000e+000  0.000000e+000  0.000000e+000  0.000000e+000  0.000000e+000  0.000000e+000  
0.000000e+000  0.000000e+000  0.000000e+000  0.000000e+000  0.000000e+000  0.000000e+000  0.000000e+000  0.000000e+000  0.000000e+000  
0.000000e+000  0.000000e+000  0.000000e+000  0.000000e+000  0.000000e+000  0.000000e+000  0.000000e+000  0.000000e+000  0.000000e+000  
0.000000e+000  0.000000e+000  0.000000e+000  0.000000e+000  0.000000e+000  0.000000e+000  0.000000e+000  0.000000e+000  0.000000e+000  
0.000000e+000  0.000000e+000  0.000000e+000  0.000000e+000  0.000000e+000  0.000000e+000  0.000000e+000  0.000000e+000  0.000000e+000  
0.000000e+000  0.000000e+000  0.000000e+000  0.000000e+000  0.000000e+000  0.000000e+000  0.000000e+000  0.000000e+000  0.000000e+000  
0.000000e+000  0.000000e+000  0.000000e+000  0.000000e+000  0.000000e+000  0.000000e+000  0.000000e+000  0.000000e+000  0.000000e+000  
0.000000e+000  0.000000e+000  0.000000e+000  0.000000e+000  0.000000e+000  0.000000e+000  0.000000e+000  0.000000e+000  0.000000e+000  
0.000000e+000  0.000000e+000  0.000000e+000  0.000000e+000  0.000000e+000  0.000000e+000  0.000000e+000  0.000000e+000  0.000000e+000  
0.000000e+000  0.000000e+000  0.000000e+000  0.000000e+000  0.000000e+000  0.000000e+000  0.000000e+000  0.000000e+000  0.000000e+000  
0.000000e+000  0.000000e+000  0.000000e+000  0.000000e+000  0.000000e+000  0.000000e+000  0.000000e+000  0.000000e+000  0.000000e+000  
0.000000e+000  0.000000e+000  0.000000e+000  0.000000e+000  0.000000e+000  0.000000e+000  0.000000e+000  0.000000e+000  0.000000e+000  
0.000000e+000  0.000000e+000  0.000000e+000  0.000000e+000  0.000000e+000  0.000000e+000  0.000000e+000  0.000000e+000  0.000000e+000  
0.000000e+000  0.000000e+000  0.000000e+000  0.000000e+000  0.000000e+000  0.000000e+000  0.000000e+000  0.000000e+000  0.000000e+000  
0.000000e+000  0.000000e+000  0.000000e+000  0.000000e+000  0.000000e+000  0.000000e+000  0.000000e+000  0.000000e+000  0.000000e+000  
0.000000e+000  0.000000e+000  0.000000e+000  0.000000e+000  0.000000e+000  0.000000e+000  0.000000e+000  0.000000e+000  0.000000e+000  
0.000000e+000  0.000000e+000  0.000000e+000  0.000000e+000  0.000000e+000  0.000000e+000  0.000000e+000  0.000000e+000  0.000000e+000  
0.000000e+000  0.000000e+000  0.000000e+000  0.000000e+000  0.000000e+000  0.000000e+000  0.000000e+000  0.000000e+000  0.000000e+000  
0.000000e+000  0.000000e+000  0.000000e+000  0.000000e+000  0.000000e+000  0.000000e+000  0.000000e+000  0.000000e+000  0.000000e+000  
0.000000e+000  0.000000e+000  0.000000e+000  0.000000e+000  0.000000e+000  0.000000e+000  0.000000e+000  0.000000e+000  0.000000e+000  
0.000000e+000  0.000000e+000  0.000000e+000  0.000000e+000  0.000000e+000  0.000000e+000  0.000000e+000  0.000000e+000  0.000000e+000  
0.000000e+000  0.000000e+000  0.000000e+000  0.000000e+000  0.000000e+000  0.000000e+000  0.000000e+000  0.000000e+000  0.000000e+000  
0.000000e+000  0.000000e+000  0.000000e+000  0.000000e+000  0.000000e+000  0.000000e+000  0.000000e+000  0.000000e+000  0.000000e+000  
0.000000e+000  0.000000e+000  0.000000e+000  0.000000e+000  0.000000e+000  0.000000e+000  0.000000e+000  0.000000e+000  0.000000e+000  
0.000000e+000  0.000000e+000  0.000000e+000  0.000000e+000  0.000000e+000  0.000000e+000  0.000000e+000  0.000000e+000  0.000000e+000  
0.000000e+000  0.000000e+000  0.000000e+000  0.000000e+000  0.000000e+000  0.000000e+000  0.000000e+000  0.000000e+000  0.000000e+000  
0.000000e+000  0.000000e+000  0.000000e+000  0.000000e+000  0.000000e+000  0.000000e+000  0.000000e+000  0.000000e+000  0.000000e+000  
0.000000e+000  0.000000e+000  0.000000e+000  0.000000e+000  0.000000e+000  0.000000e+000  0.000000e+000  0.000000e+000  0.000000e+000  
0.000000e+000  0.000000e+000  0.000000e+000  0.000000e+000  0.000000e+000  0.000000e+000  0.000000e+000  0.000000e+000  0.000000e+000  
0.000000e+000  0.000000e+000  0.000000e+000  0.000000e+000  0.000000e+000  0.000000e+000  0.000000e+000  0.000000e+000  0.000000e+000  
0.000000e+000  0.000000e+000  0.000000e+000  0.000000e+000  0.000000e+000  0.000000e+000  0.000000e+000  0.000000e+000  0.000000e+000  
0.000000e+000  0.000000e+000  0.000000e+000  0.000000e+000  0.000000e+000  0.000000e+000  0.000000e+000  0.000000e+000  0.000000e+000  
0.000000e+000  0.000000e+000  0.000000e+000  0.000000e+000  0.000000e+000  0.000000e+000  0.000000e+000  0.000000e+000  0.000000e+000  
0.000000e+000  0.000000e+000  0.000000e+000  0.000000e+000  0.000000e+000  0.000000e+000  0.000000e+000  0.000000e+000  0.000000e+000  
0.000000e+000  0.000000e+000  0.000000e+000  0.000000e+000  0.000000e+000  0.000000e+000  0.000000e+000  0.000000e+000  0.000000e+000  
0.000000e+000  0.000000e+000  0.000000e+000  0.000000e+000  0.000000e+000  0.000000e+000  0.000000e+000  0.000000e+000  0.000000e+000  

-2.598480e-008  -2.592281e-008  -2.574893e-008  -2.544170e-008  -2.498320e-008  -8.710865e-009  -3.828435e-008  -1.517792e-008  -2.577245e-008  
-3.019595e-008  -3.065897e-008  -3.129499e-008  1.333228e-008  -2.118274e-008  -2.337137e-008  -2.561849e-008  -2.768078e-008  -3.079502e-008  
-2.703914e-008  -3.116240e-008  7.542835e-009  -1.816564e-008  -2.022358e-008  -2.371900e-008  -2.710877e-008  -3.008624e-008  -3.441386e-008  
-7.501185e-009  -2.841109e-008  3.435457e-009  -1.539094e-008  -1.895332e-008  -2.433737e-008  -2.924994e-008  -3.342319e-008  -3.929145e-008  
-4.339179e-009  -3.518742e-009  -0.000000e+000  -1.133023e-008  -1.797248e-008  -2.566966e-008  -3.243217e-008  -3.806951e-008  -4.582852e-008  
-1.456425e-009  -1.009974e-009  -0.000000e+000  -9.426488e-009  -1.795309e-008  -2.835056e-008  -3.730761e-008  -4.469925e-008  -5.480988e-008  
2.677466e-008  1.905204e-008  -0.000000e+000  -1.023571e-008  -2.009005e-008  -3.303945e-008  -4.437500e-008  -5.380178e-008  -6.673749e-008  
-0.000000e+000  -0.000000e+000  -0.000000e+000  -1.211674e-008  -2.394993e-008  -3.992619e-008  -5.412575e-008  -6.600522e-008  -8.240798e-008  
-0.000000e+000  -0.000000e+000  -0.000000e+000  -2.093722e-008  -4.142885e-008  -6.955403e-008  -9.473894e-008  -1.159553e-007  -1.454615e-007  
-0.000000e+000  -0.000000e+000  -0.000000e+000  -4.009846e-008  -7.937072e-008  -1.331955e-007  -1.814371e-007  -2.220889e-007  -2.787201e-007  
-0.000000e+000  -0.000000e+000  -0.000000e+000  -7.823152e-008  -1.548239e-007  -2.592868e-007  -3.528821e-007  -4.317568e-007  -5.415999e-007  
-0.000000e+000  -0.000000e+000  -0.000000e+000  -1.532735e-007  -3.033540e-007  -5.067146e-007  -6.888738e-007  -8.423368e-007  -1.055996e-006  
-0.000000e+000  -0.000000e+000  -0.000000e+000  -3.006306e-007  -5.949882e-007  -9.909271e-007  -1.345481e-006  -1.644123e-006  -2.059751e-006  
-0.000000e+000  -0.000000e+000  -0.000000e+000  -5.897105e-007  -1.167109e-006  -1.937485e-006  -2.627107e-006  -3.207844e-006  -4.015723e-006  
-0.000000e+000  -0.000000e+000  -0.000000e+000  -1.156582e-006  -2.289044e-006  -3.786518e-006  -5.126509e-006  -6.254574e-006  -7.823220e-006  
-0.000000e+000  -0.000000e+000  -0.000000e+000  -2.267878e-006  -4.488524e-006  -7.396012e-006  -9.996622e-006  -1.218522e-005  -1.522713e-005  
-0.000000e+000  -0.000000e+000  -0.000000e+000  -4.445819e-006  -8.799138e-006  -1.443705e-005  -1.947747e-005  -2.371775e-005  -2.960816e-005  
-0.000000e+000  -0.000000e+000  -0.000000e+000  -8.712857e-006  -1.724459e-005  -2.816125e-005  -3.791572e-005  -4.611829e-005  -5.750614e-005  
-0.000000e+000  -0.000000e+000  -0.000000e+000  -1.706996e-005  -3.378545e-005  -5.488897e-005  -7.373442e-005  -8.957415e-005  -1.115501e-004  
-0.000000e+000  -0.000000e+000  -0.000000e+000  -3.343144e-005  -6.616944e-005  -1.068912e-004  -1.432308e-004  -1.737584e-004  -2.160800e-004  
-0.000000e+000  -0.000000e+000  -0.000000e+000  -6.545063e-005  -1.295454e-004  -2.079606e-004  -2.778836e-004  -3.365878e-004  -4.179017e-004  
-0.000000e+000  -0.000000e+000  -0.000000e+000  -1.280834e-004  -2.535171e-004  -4.041633e-004  -5.383766e-004  -6.509789e-004  -8.067963e-004  
-0.000000e+000  -0.000000e+000  -0.000000e+000  -2.391196e-004  -4.732995e-004  -7.491301e-004  -9.946408e-004  -1.200468e-003  -1.484987e-003  
-0.000000e+000  -0.000000e+000  -0.000000e+000  -3.070422e-004  -6.077457e-004  -9.586872e-004  -1.270911e-003  -1.532575e-003  -1.894094e-003  
-0.000000e+000  -0.000000e+000  -0.000000e+000  -3.929709e-004  -7.778346e-004  -1.222892e-003  -1.618668e-003  -1.950236e-003  -2.408100e-003  
-0.000000e+000  -0.000000e+000  -0.000000e+000  -5.019291e-004  -9.935100e-004  -1.556672e-003  -2.057240e-003  -2.476445e-003  -3.055019e-003  
-0.000000e+000  -0.000000e+000  -0.000000e+000  -6.412029e-004  -1.269195e-003  -1.981654e-003  -2.614611e-003  -3.144481e-003  -3.875384e-003  
-0.000000e+000  -0.000000e+000  -0.000000e+000  -8.184529e-004  -1.620056e-003  -2.520289e-003  -3.319651e-003  -3.988553e-003  -4.910691e-003  
-0.000000e+000  -0.000000e+000  -0.000000e+000  -1.044141e-003  -2.066801e-003  -3.203165e-003  -4.211646e-003  -5.055173e-003  -6.217321e-003  
-0.000000e+000  -0.000000e+000  -0.000000e+000  -1.951793e-003  -3.863507e-003  -5.930262e-003  -7.761775e-003  -9.291965e-003  -1.139666e-002  
-0.000000e+000  -0.000000e+000  -0.000000e+000  -3.837012e-003  -7.595415e-003  -1.152014e-002  -1.499156e-002  -1.788753e-002  -2.186214e-002  
-0.000000e+000  -0.000000e+000  -0.000000e+000  -7.575229e-003  -1.499566e-002  -2.243710e-002  -2.900394e-002  -3.447223e-002  -4.195728e-002  
-0.000000e+000  -0.000000e+000  -0.000000e+000  -1.496190e-002  -2.961892e-002  -4.364363e-002  -5.598543e-002  -6.623972e-002  -8.022998e-002  
-0.000000e+000  -0.000000e+000  -0.000000e+000  -2.953332e-002  -5.846669e-002  -8.467501e-002  -1.076588e-001  -1.267021e-001  -1.525767e-001  
-0.000000e+000  -0.000000e+000  -0.000000e+000  -5.824118e-002  -1.153030e-001  -1.637494e-001  -2.060491e-001  -2.409723e-001  -2.881712e-001  
-0.000000e+000  -0.000000e+000  -0.000000e+000  -1.147330e-001  -2.271499e-001  -3.154684e-001  -3.921389e-001  -4.551401e-001  -5.396745e-001  
-0.000000e+000  -0.000000e+000  -0.000000e+000  -2.257850e-001  -4.470204e-001  -6.051319e-001  -7.413053e-001  -8.524571e-001  -1.000057e+000  
-0.000000e+000  -0.000000e+000  -0.000000e+000  -4.439962e-001  -8.790285e-001  -1.155201e+000  -1.390264e+000  -1.580188e+000  -1.828294e+000  
-0.000000e+000  -0.000000e+000  -0.000000e+000  -8.733599e-001  -1.728862e+000  -2.194392e+000  -2.582933e+000  -2.891419e+000  -3.282898e+000  
-0.000000e+000  -0.000000e+000  -0.000000e+000  -1.723623e+000  -3.410565e+000  -4.151287e+000  -4.746277e+000  -5.202361e+000  -5.747508e+000  
-0.000000e+000  -0.000000e+000  -0.000000e+000  -3.440039e+000  -6.799358e+000  -7.845175e+000  -8.608265e+000  -9.142000e+000  -9.682648e+000  
-0.000000e+000  -0.000000e+000  -0.000000e+000  -7.070428e+000  -1.394547e+001  -1.489756e+001  -1.531699e+001  -1.544368e+001  -1.529313e+001  
-0.000000e+000  -0.000000e+000  -0.000000e+000  -1.467518e+001  -2.896468e+001  -2.721149e+001  -2.508259e+001  -2.324238e+001  -2.099959e+001  
-0.000000e+000  -0.000000e+000  -0.000000e+000  -1.957518e+001  -3.921240e+001  -3.301816e+001  -2.836736e+001  -2.525286e+001  -2.232130e+001  
-0.000000e+000  -0.000000e+000  -0.000000e+000  -2.423494e+001  -5.059743e+001  -3.709320e+001  -2.989861e+001  -2.602387e+001  -2.303238e+001  
-0.000000e+000  -0.000000e+000  -0.000000e+000  -2.242916e+001  -5.347299e+001  -3.343905e+001  -2.743205e+001  -2.497906e+001  -2.312206e+001  
-0.000000e+000  -0.000000e+000  -0.000000e+000  -5.021591e+000  -0.000000e+000  -1.994797e+001  -2.298143e+001  -2.353989e+001  -2.298383e+001  
-0.000000e+000  -0.000000e+000  -0.000000e+000  -1.137296e+000  -0.000000e+000  -1.398422e+001  -2.015060e+001  -2.248018e+001  -2.284413e+001  
-0.000000e+000  -0.000000e+000  -0.000000e+000  -1.137296e+000  -0.000000e+000  -1.398422e+001  -2.015060e+001  -2.248018e+001  -2.284413e+001  
-0.000000e+000  -0.000000e+000  -0.000000e+000  -5.021591e+000  -0.000000e+000  -1.994797e+001  -2.298143e+001  -2.353989e+001  -2.298383e+001  
-0.000000e+000  -0.000000e+000  -0.000000e+000  -2.242916e+001  -5.347299e+001  -3.343905e+001  -2.743205e+001  -2.497906e+001  -2.312206e+001  
-0.000000e+000  -0.000000e+000  -0.000000e+000  -2.423494e+001  -5.059743e+001  -3.709320e+001  -2.989861e+001  -2.602387e+001  -2.303238e+001  
-0.000000e+000  -0.000000e+000  -0.000000e+000  -1.957518e+001  -3.921240e+001  -3.301816e+001  -2.836736e+001  -2.525286e+001  -2.232130e+001  
-0.000000e+000  -0.000000e+000  -0.000000e+000  -1.467518e+001  -2.896468e+001  -2.721149e+001  -2.508259e+001  -2.324238e+001  -2.099959e+001  
-0.000000e+000  -0.000000e+000  -0.000000e+000  -7.070428e+000  -1.394547e+001  -1.489756e+001  -1.531699e+001  -1.544368e+001  -1.529313e+001  
-0.000000e+000  -0.000000e+000  -0.000000e+000  -3.440039e+000  -6.799358e+000  -7.845175e+000  -8.608265e+000  -9.142000e+000  -9.682648e+000  
-0.000000e+000  -0.000000e+000  -0.000000e+000  -1.723623e+000  -3.410565e+000  -4.151287e+000  -4.746277e+000  -5.202361e+000  -5.747508e+000  
-0.000000e+000  -0.000000e+000  -0.000000e+000  -8.733599e-001  -1.728862e+000  -2.194392e+000  -2.582933e+000  -2.891419e+000  -3.282898e+000  
-0.000000e+000  -0.000000e+000  -0.000000e+000  -4.439962e-001  -8.790285e-001  -1.155201e+000  -1.390264e+000  -1.580188e+000  -1.828294e+000  
-0.000000e+000  -0.000000e+000  -0.000000e+000  -2.257850e-001  -4.470204e-001  -6.051319e-001  -7.413053e-001  -8.524571e-001  -1.000057e+000  
-0.000000e+000  -0.000000e+000  -0.000000e+000  -1.147330e-001  -2.271499e-001  -3.154684e-001  -3.921389e-001  -4.551401e-001  -5.396745e-001  
-0.000000e+000  -0.000000e+000  -0.000000e+000  -5.824118e-002  -1.153030e-001  -1.637494e-001  -2.060491e-001  -2.409723e-001  -2.881712e-001  
-0.000000e+000  -0.000000e+000  -0.000000e+000  -2.953332e-002  -5.846669e-002  -8.467501e-002  -1.076588e-001  -1.267021e-001  -1.525767e-001  
-0.000000e+000  -0.000000e+000  -0.000000e+000  -1.496190e-002  -2.961892e-002  -4.364363e-002  -5.598543e-002  -6.623972e-002  -8.022998e-002  
-0.000000e+000  -0.000000e+000  -0.000000e+000  -7.575229e-003  -1.499566e-002  -2.243710e-002  -2.900394e-002  -3.447223e-002  -4.195728e-002  
-0.000000e+000  -0.000000e+000  -0.000000e+000  -3.837012e-003  -7.595415e-003  -1.152014e-002  -1.499156e-002  -1.788753e-002  -2.186214e-002  
-0.000000e+000  -0.000000e+000  -0.000000e+000  -1.951793e-003  -3.863507e-003  -5.930262e-003  -7.761775e-003  -9.291965e-003  -1.139666e-002  
-0.000000e+000  -0.000000e+000  -0.000000e+000  -1.044141e-003  -2.066801e-003  -3.203165e-003  -4.211646e-003  -5.055173e-003  -6.217321e-003  
-0.000000e+000  -0.000000e+000  -0.000000e+000  -8.184529e-004  -1.620056e-003  -2.520289e-003  -3.319651e-003  -3.988553e-003  -4.910691e-003  
-0.000000e+000  -0.000000e+000  -0.000000e+000  -6.412029e-004  -1.269195e-003  -1.981654e-003  -2.614611e-003  -3.144481e-003  -3.875384e-003  
-0.000000e+000  -0.000000e+000  -0.000000e+000  -5.019291e-004  -9.935100e-004  -1.556672e-003  -2.057240e-003  -2.476445e-003  -3.055019e-003  
-0.000000e+000  -0.000000e+000  -0.000000e+000  -3.929709e-004  -7.778346e-004  -1.222892e-003  -1.618668e-003  -1.950236e-003  -2.408100e-003  
-0.000000e+000  -0.000000e+000  -0.000000e+000  -3.070421e-004  -6.077457e-004  -9.586871e-004  -1.270911e-003  -1.532575e-003  -1.894094e-003  
-0.000000e+000  -0.000000e+000  -0.000000e+000  -2.391196e-004  -4.732995e-004  -7.491301e-004  -9.946408e-004  -1.200468e-003  -1.484987e-003  
-0.000000e+000  -0.000000e+000  -0.000000e+000  -1.280834e-004  -2.535171e-004  -4.041632e-004  -5.383766e-004  -6.509789e-004  -8.067963e-004  
-0.000000e+000  -0.000000e+000  -0.000000e+000  -6.545063e-005  -1.295454e-004  -2.079606e-004  -2.778836e-004  -3.365878e-004  -4.179017e-004  
-0.000000e+000  -0.000000e+000  -0.000000e+000  -3.343144e-005  -6.616944e-005  -1.068912e-004  -1.432308e-004  -1.737584e-004  -2.160800e-004  
-0.000000e+000  -0.000000e+000  -0.000000e+000  -1.706996e-005  -3.378544e-005  -5.488898e-005  -7.373443e-005  -8.957416e-005  -1.115501e-004  
-0.000000e+000  -0.000000e+000  -0.000000e+000  -8.712851e-006  -1.724459e-005  -2.816124e-005  -3.791572e-005  -4.611828e-005  -5.750614e-005  
-0.000000e+000  -0.000000e+000  -0.000000e+000  -4.445824e-006  -8.799134e-006  -1.443705e-005  -1.947747e-005  -2.371773e-005  -2.960814e-005  
-0.000000e+000  -0.000000e+000  -0.000000e+000  -2.267875e-006  -4.488529e-006  -7.396015e-006  -9.996623e-006  -1.218521e-005  -1.522712e-005  
-0.000000e+000  -0.000000e+000  -0.000000e+000  -1.156575e-006  -2.289054e-006  -3.786515e-006  -5.126504e-006  -6.254568e-006  -7.823203e-006  
-0.000000e+000  -0.000000e+000  -0.000000e+000  -5.897031e-007  -1.167116e-006  -1.937478e-006  -2.627096e-006  -3.207825e-006  -4.015707e-006  
-0.000000e+000  -0.000000e+000  -0.000000e+000  -3.006341e-007  -5.949827e-007  -9.909117e-007  -1.345466e-006  -1.644116e-006  -2.059740e-006  
-0.000000e+000  -0.000000e+000  -0.000000e+000  -1.532825e-007  -3.033551e-007  -5.067041e-007  -6.888613e-007  -8.423409e-007  -1.055990e-006  
-0.000000e+000  -0.000000e+000  -0.000000e+000  -7.822792e-008  -1.548274e-007  -2.592867e-007  -3.528853e-007  -4.317592e-007  -5.415945e-007  
-0.000000e+000  -0.000000e+000  -0.000000e+000  -4.010331e-008  -7.937986e-008  -1.332041e-007  -1.814411e-007  -2.220952e-007  -2.787162e-007  
-0.000000e+000  -0.000000e+000  -0.000000e+000  -2.093430e-008  -4.142708e-008  -6.956263e-008  -9.475466e-008  -1.159688e-007  -1.454764e-007  
-0.000000e+000  -0.000000e+000  -0.000000e+000  -1.211815e-008  -2.395317e-008  -3.992973e-008  -5.413338e-008  -6.601947e-008  -8.242323e-008  
2.679714e-008  1.906771e-008  -0.000000e+000  -1.023025e-008  -2.010142e-008  -3.304267e-008  -4.438049e-008  -5.381327e-008  -6.674958e-008  
-1.463739e-009  -1.024156e-009  -0.000000e+000  -9.427999e-009  -1.795073e-008  -2.835538e-008  -3.731356e-008  -4.471300e-008  -5.482050e-008  
-4.342926e-009  -3.525242e-009  -0.000000e+000  -1.133165e-008  -1.797658e-008  -2.567022e-008  -3.244714e-008  -3.807359e-008  -4.583685e-008  
-7.505206e-009  -2.843267e-008  3.432227e-009  -1.539726e-008  -1.896610e-008  -2.434873e-008  -2.925227e-008  -3.342760e-008  -3.929500e-008  
-2.705489e-008  -3.117863e-008  7.517934e-009  -1.817867e-008  -2.023970e-008  -2.373274e-008  -2.711457e-008  -3.009200e-008  -3.441400e-008  
-3.021601e-008  -3.067979e-008  -3.131486e-008  1.329838e-008  -2.120652e-008  -2.338186e-008  -2.563238e-008  -2.768361e-008  -3.079821e-008  
-2.600748e-008  -2.594564e-008  -2.577198e-008  -2.546529e-008  -2.500757e-008  -8.771809e-009  -3.827570e-008  -1.522031e-008  -2.579349e-008  

