Port monitor named: Port1_h1.prt

nx        = 106
ny        = 79
nz        = 21

nu        = 9
nv        = 96
iu        = 8
iv        = 6

idir      = 1
dcut      = -1.030000e-001
icut      = 6
type      = 1
frequency = 1.800000e+009

fcutoff   = 0.000000e+000
alpha     = 0.000000e+000
beta      = 6.981078e+001
accuracy  = 2.420280e-014

type          = QTEM
wave imp.     = 2.044849e+002
wave imp.sig. = 1.445470e-009
line imp.     = 4.906829e+001

ref. port     = 0

2.442898e-011  3.135691e-011  4.213599e-011  -5.361808e-010  -7.899922e-011  1.631770e-010  -1.923942e-010  1.373075e-010  4.104508e-011  
-2.310711e-010  -3.943694e-011  -2.104658e-009  1.586880e-009  -1.147679e-010  -4.053197e-011  2.472050e-011  7.646876e-011  1.431958e-010  
-1.103210e-009  -2.245771e-010  1.323661e-010  -2.310004e-010  -1.496884e-010  -3.841401e-011  4.984661e-011  1.172725e-010  2.008586e-010  
-2.472230e-010  -1.399636e-009  2.483844e-011  -3.309672e-010  -1.658109e-010  -8.979010e-012  9.939830e-011  1.800815e-010  2.798667e-010  
-1.836243e-010  -1.595441e-010  -0.000000e+000  -1.226930e-010  -4.314279e-011  7.813829e-011  1.844588e-010  2.707820e-010  3.865485e-010  
-1.452986e-009  -1.032555e-009  -0.000000e+000  2.369638e-011  7.666972e-011  1.872075e-010  2.961693e-010  3.917680e-010  5.267311e-010  
1.366018e-009  9.720169e-010  -0.000000e+000  7.801380e-011  1.621860e-010  2.965352e-010  4.273416e-010  5.411582e-010  7.046728e-010  
-0.000000e+000  -0.000000e+000  -0.000000e+000  1.480004e-010  2.934281e-010  5.091261e-010  7.052626e-010  8.728007e-010  1.109562e-009  
-0.000000e+000  -0.000000e+000  -0.000000e+000  2.995985e-010  5.932663e-010  1.024048e-009  1.411718e-009  1.739286e-009  2.198131e-009  
-0.000000e+000  -0.000000e+000  -0.000000e+000  5.980713e-010  1.183270e-009  2.042018e-009  2.813598e-009  3.465480e-009  4.376188e-009  
-0.000000e+000  -0.000000e+000  -0.000000e+000  1.179711e-009  2.334844e-009  4.029146e-009  5.551745e-009  6.837533e-009  8.634065e-009  
-0.000000e+000  -0.000000e+000  -0.000000e+000  2.322345e-009  4.595739e-009  7.930250e-009  1.092682e-008  1.345785e-008  1.699381e-008  
-0.000000e+000  -0.000000e+000  -0.000000e+000  4.568058e-009  9.039821e-009  1.559878e-008  2.149307e-008  2.647176e-008  3.342683e-008  
-0.000000e+000  -0.000000e+000  -0.000000e+000  8.983752e-009  1.777856e-008  3.067811e-008  4.227042e-008  5.206133e-008  6.574022e-008  
-0.000000e+000  -0.000000e+000  -0.000000e+000  1.766755e-008  3.496383e-008  6.033197e-008  8.312941e-008  1.023848e-007  1.292855e-007  
-0.000000e+000  -0.000000e+000  -0.000000e+000  3.474484e-008  6.875928e-008  1.186484e-007  1.634818e-007  2.013488e-007  2.542516e-007  
-0.000000e+000  -0.000000e+000  -0.000000e+000  6.832895e-008  1.352209e-007  2.333322e-007  3.215008e-007  3.959697e-007  5.000075e-007  
-0.000000e+000  -0.000000e+000  -0.000000e+000  1.343744e-007  2.659234e-007  4.588674e-007  6.322584e-007  7.787080e-007  9.833070e-007  
-0.000000e+000  -0.000000e+000  -0.000000e+000  2.642586e-007  5.229607e-007  9.024014e-007  1.243389e-006  1.531395e-006  1.933756e-006  
-0.000000e+000  -0.000000e+000  -0.000000e+000  5.196866e-007  1.028446e-006  1.774648e-006  2.445229e-006  3.011616e-006  3.802893e-006  
-0.000000e+000  -0.000000e+000  -0.000000e+000  1.022007e-006  2.022525e-006  3.489994e-006  4.808748e-006  5.922593e-006  7.478706e-006  
-0.000000e+000  -0.000000e+000  -0.000000e+000  1.972284e-006  3.903098e-006  6.735040e-006  9.279991e-006  1.142951e-005  1.443251e-005  
-0.000000e+000  -0.000000e+000  -0.000000e+000  3.157315e-006  6.248242e-006  1.078173e-005  1.485580e-005  1.829683e-005  2.310417e-005  
-0.000000e+000  -0.000000e+000  -0.000000e+000  4.003589e-006  7.922994e-006  1.367162e-005  1.883768e-005  2.320104e-005  2.929691e-005  
-0.000000e+000  -0.000000e+000  -0.000000e+000  5.089206e-006  1.007140e-005  1.737883e-005  2.394573e-005  2.949225e-005  3.724109e-005  
-0.000000e+000  -0.000000e+000  -0.000000e+000  6.483249e-006  1.283017e-005  2.213927e-005  3.050498e-005  3.757081e-005  4.744222e-005  
-0.000000e+000  -0.000000e+000  -0.000000e+000  8.273736e-006  1.637350e-005  2.825350e-005  3.892957e-005  4.794679e-005  6.054439e-005  
-0.000000e+000  -0.000000e+000  -0.000000e+000  1.056482e-005  2.090749e-005  3.607718e-005  4.970956e-005  6.122373e-005  7.730972e-005  
-0.000000e+000  -0.000000e+000  -0.000000e+000  1.595073e-005  3.156606e-005  5.446920e-005  7.505131e-005  9.243535e-005  1.167219e-004  
-0.000000e+000  -0.000000e+000  -0.000000e+000  3.122118e-005  6.178585e-005  1.066153e-004  1.469017e-004  1.809282e-004  2.284651e-004  
-0.000000e+000  -0.000000e+000  -0.000000e+000  6.250320e-005  1.236921e-004  2.134381e-004  2.940888e-004  3.622074e-004  4.573719e-004  
-0.000000e+000  -0.000000e+000  -0.000000e+000  1.248039e-004  2.469832e-004  4.261833e-004  5.872207e-004  7.232333e-004  9.132433e-004  
-0.000000e+000  -0.000000e+000  -0.000000e+000  2.490474e-004  4.928561e-004  8.504450e-004  1.171782e-003  1.443175e-003  1.822285e-003  
-0.000000e+000  -0.000000e+000  -0.000000e+000  4.969304e-004  9.834008e-004  1.696871e-003  2.337965e-003  2.879367e-003  3.635506e-003  
-0.000000e+000  -0.000000e+000  -0.000000e+000  9.916869e-004  1.962462e-003  3.386086e-003  4.665047e-003  5.744862e-003  7.252175e-003  
-0.000000e+000  -0.000000e+000  -0.000000e+000  1.980043e-003  3.918127e-003  6.759541e-003  9.310884e-003  1.146353e-002  1.446417e-002  
-0.000000e+000  -0.000000e+000  -0.000000e+000  3.959003e-003  7.832987e-003  1.350851e-002  1.859737e-002  2.288330e-002  2.883495e-002  
-0.000000e+000  -0.000000e+000  -0.000000e+000  7.946315e-003  1.571574e-002  2.707546e-002  3.722122e-002  4.572466e-002  5.741280e-002  
-0.000000e+000  -0.000000e+000  -0.000000e+000  1.611872e-002  3.184270e-002  5.470301e-002  7.489906e-002  9.160219e-002  1.139340e-001  
-0.000000e+000  -0.000000e+000  -0.000000e+000  3.366675e-002  6.628835e-002  1.129318e-001  1.528694e-001  1.846928e-001  2.240756e-001  
-0.000000e+000  -0.000000e+000  -0.000000e+000  7.624128e-002  1.485991e-001  2.468362e-001  3.232888e-001  3.777094e-001  4.300398e-001  
-0.000000e+000  -0.000000e+000  -0.000000e+000  2.084227e-001  3.944760e-001  6.077942e-001  7.260742e-001  7.761677e-001  7.593675e-001  
-0.000000e+000  -0.000000e+000  -0.000000e+000  6.242494e-001  1.119192e+000  1.458031e+000  1.440989e+000  1.291405e+000  9.813101e-001  
-0.000000e+000  -0.000000e+000  -0.000000e+000  1.237700e+000  2.168086e+000  2.380142e+000  2.007056e+000  1.574166e+000  1.028307e+000  
-0.000000e+000  -0.000000e+000  -0.000000e+000  2.772078e+000  5.099356e+000  4.057696e+000  2.662048e+000  1.722021e+000  9.408323e-001  
-0.000000e+000  -0.000000e+000  -0.000000e+000  5.236742e+000  1.374627e+001  5.909193e+000  2.745293e+000  1.461289e+000  6.969610e-001  
-0.000000e+000  -0.000000e+000  -0.000000e+000  2.830799e+000  -0.000000e+000  2.781920e+000  1.563691e+000  8.491014e-001  3.853285e-001  
-0.000000e+000  -0.000000e+000  -0.000000e+000  1.725353e-010  -0.000000e+000  -1.147236e-011  -1.557017e-011  -1.535261e-011  -1.440551e-011  
-0.000000e+000  -0.000000e+000  -0.000000e+000  -2.830799e+000  -0.000000e+000  -2.781920e+000  -1.563691e+000  -8.491014e-001  -3.853285e-001  
-0.000000e+000  -0.000000e+000  -0.000000e+000  -5.236742e+000  -1.374627e+001  -5.909193e+000  -2.745293e+000  -1.461289e+000  -6.969610e-001  
-0.000000e+000  -0.000000e+000  -0.000000e+000  -2.772078e+000  -5.099356e+000  -4.057696e+000  -2.662048e+000  -1.722021e+000  -9.408323e-001  
-0.000000e+000  -0.000000e+000  -0.000000e+000  -1.237700e+000  -2.168086e+000  -2.380142e+000  -2.007056e+000  -1.574166e+000  -1.028307e+000  
-0.000000e+000  -0.000000e+000  -0.000000e+000  -6.242494e-001  -1.119192e+000  -1.458031e+000  -1.440989e+000  -1.291405e+000  -9.813101e-001  
-0.000000e+000  -0.000000e+000  -0.000000e+000  -2.084227e-001  -3.944760e-001  -6.077942e-001  -7.260742e-001  -7.761677e-001  -7.593675e-001  
-0.000000e+000  -0.000000e+000  -0.000000e+000  -7.624128e-002  -1.485991e-001  -2.468362e-001  -3.232888e-001  -3.777094e-001  -4.300398e-001  
-0.000000e+000  -0.000000e+000  -0.000000e+000  -3.366675e-002  -6.628835e-002  -1.129318e-001  -1.528694e-001  -1.846928e-001  -2.240756e-001  
-0.000000e+000  -0.000000e+000  -0.000000e+000  -1.611872e-002  -3.184270e-002  -5.470301e-002  -7.489906e-002  -9.160219e-002  -1.139340e-001  
-0.000000e+000  -0.000000e+000  -0.000000e+000  -7.946315e-003  -1.571574e-002  -2.707546e-002  -3.722122e-002  -4.572466e-002  -5.741280e-002  
-0.000000e+000  -0.000000e+000  -0.000000e+000  -3.959003e-003  -7.832987e-003  -1.350851e-002  -1.859737e-002  -2.288330e-002  -2.883495e-002  
-0.000000e+000  -0.000000e+000  -0.000000e+000  -1.980043e-003  -3.918127e-003  -6.759541e-003  -9.310884e-003  -1.146353e-002  -1.446417e-002  
-0.000000e+000  -0.000000e+000  -0.000000e+000  -9.916869e-004  -1.962462e-003  -3.386086e-003  -4.665047e-003  -5.744862e-003  -7.252175e-003  
-0.000000e+000  -0.000000e+000  -0.000000e+000  -4.969304e-004  -9.834008e-004  -1.696871e-003  -2.337965e-003  -2.879367e-003  -3.635506e-003  
-0.000000e+000  -0.000000e+000  -0.000000e+000  -2.490474e-004  -4.928561e-004  -8.504450e-004  -1.171782e-003  -1.443175e-003  -1.822285e-003  
-0.000000e+000  -0.000000e+000  -0.000000e+000  -1.248039e-004  -2.469832e-004  -4.261833e-004  -5.872207e-004  -7.232333e-004  -9.132433e-004  
-0.000000e+000  -0.000000e+000  -0.000000e+000  -6.250320e-005  -1.236921e-004  -2.134381e-004  -2.940888e-004  -3.622074e-004  -4.573719e-004  
-0.000000e+000  -0.000000e+000  -0.000000e+000  -3.122118e-005  -6.178585e-005  -1.066153e-004  -1.469017e-004  -1.809282e-004  -2.284651e-004  
-0.000000e+000  -0.000000e+000  -0.000000e+000  -1.595073e-005  -3.156606e-005  -5.446920e-005  -7.505131e-005  -9.243535e-005  -1.167219e-004  
-0.000000e+000  -0.000000e+000  -0.000000e+000  -1.056482e-005  -2.090749e-005  -3.607718e-005  -4.970956e-005  -6.122373e-005  -7.730972e-005  
-0.000000e+000  -0.000000e+000  -0.000000e+000  -8.273737e-006  -1.637350e-005  -2.825350e-005  -3.892957e-005  -4.794679e-005  -6.054439e-005  
-0.000000e+000  -0.000000e+000  -0.000000e+000  -6.483249e-006  -1.283017e-005  -2.213927e-005  -3.050498e-005  -3.757081e-005  -4.744222e-005  
-0.000000e+000  -0.000000e+000  -0.000000e+000  -5.089206e-006  -1.007140e-005  -1.737883e-005  -2.394573e-005  -2.949225e-005  -3.724109e-005  
-0.000000e+000  -0.000000e+000  -0.000000e+000  -4.003589e-006  -7.922994e-006  -1.367162e-005  -1.883768e-005  -2.320104e-005  -2.929691e-005  
-0.000000e+000  -0.000000e+000  -0.000000e+000  -3.157315e-006  -6.248242e-006  -1.078173e-005  -1.485580e-005  -1.829683e-005  -2.310417e-005  
-0.000000e+000  -0.000000e+000  -0.000000e+000  -1.972284e-006  -3.903098e-006  -6.735040e-006  -9.279991e-006  -1.142951e-005  -1.443251e-005  
-0.000000e+000  -0.000000e+000  -0.000000e+000  -1.022007e-006  -2.022525e-006  -3.489993e-006  -4.808748e-006  -5.922594e-006  -7.478706e-006  
-0.000000e+000  -0.000000e+000  -0.000000e+000  -5.196867e-007  -1.028446e-006  -1.774648e-006  -2.445229e-006  -3.011615e-006  -3.802892e-006  
-0.000000e+000  -0.000000e+000  -0.000000e+000  -2.642585e-007  -5.229607e-007  -9.024013e-007  -1.243389e-006  -1.531394e-006  -1.933756e-006  
-0.000000e+000  -0.000000e+000  -0.000000e+000  -1.343745e-007  -2.659233e-007  -4.588676e-007  -6.322587e-007  -7.787081e-007  -9.833073e-007  
-0.000000e+000  -0.000000e+000  -0.000000e+000  -6.832875e-008  -1.352210e-007  -2.333322e-007  -3.215009e-007  -3.959700e-007  -5.000077e-007  
-0.000000e+000  -0.000000e+000  -0.000000e+000  -3.474499e-008  -6.875910e-008  -1.186483e-007  -1.634816e-007  -2.013488e-007  -2.542517e-007  
-0.000000e+000  -0.000000e+000  -0.000000e+000  -1.766761e-008  -3.496374e-008  -6.033209e-008  -8.312952e-008  -1.023847e-007  -1.292854e-007  
-0.000000e+000  -0.000000e+000  -0.000000e+000  -8.983761e-009  -1.777861e-008  -3.067818e-008  -4.227051e-008  -5.206155e-008  -6.574018e-008  
-0.000000e+000  -0.000000e+000  -0.000000e+000  -4.567861e-009  -9.040040e-009  -1.559892e-008  -2.149315e-008  -2.647154e-008  -3.342673e-008  
-0.000000e+000  -0.000000e+000  -0.000000e+000  -2.322242e-009  -4.595616e-009  -7.930156e-009  -1.092675e-008  -1.345762e-008  -1.699370e-008  
-0.000000e+000  -0.000000e+000  -0.000000e+000  -1.179939e-009  -2.334797e-009  -4.028950e-009  -5.551448e-009  -6.837550e-009  -8.634020e-009  
-0.000000e+000  -0.000000e+000  -0.000000e+000  -5.979173e-010  -1.183166e-009  -2.041854e-009  -2.813573e-009  -3.465396e-009  -4.376141e-009  
-0.000000e+000  -0.000000e+000  -0.000000e+000  -2.997411e-010  -5.934672e-010  -1.024045e-009  -1.411499e-009  -1.739144e-009  -2.197775e-009  
-0.000000e+000  -0.000000e+000  -0.000000e+000  -1.479148e-010  -2.933275e-010  -5.092178e-010  -7.054096e-010  -8.727717e-010  -1.109535e-009  
-1.367165e-009  -9.728161e-010  -0.000000e+000  -7.836207e-011  -1.617638e-010  -2.965391e-010  -4.274309e-010  -5.412761e-010  -7.048067e-010  
1.454516e-009  1.034085e-009  -0.000000e+000  -2.333460e-011  -7.735832e-011  -1.871058e-010  -2.961217e-010  -3.916245e-010  -5.267732e-010  
1.834679e-010  1.591740e-010  -0.000000e+000  1.227038e-010  4.349821e-011  -7.832410e-011  -1.839645e-010  -2.712415e-010  -3.866272e-010  
2.472962e-010  1.400496e-009  -2.464784e-011  3.313059e-010  1.663431e-010  9.599039e-012  -1.000206e-010  -1.800251e-010  -2.800761e-010  
1.103883e-009  2.243549e-010  -1.311663e-010  2.314136e-010  1.499230e-010  3.858964e-011  -4.962034e-011  -1.171588e-010  -2.009936e-010  
2.313464e-010  3.972824e-011  2.104444e-009  -1.585734e-009  1.152188e-010  4.040555e-011  -2.425190e-011  -7.658051e-011  -1.429910e-010  
-2.436809e-011  -3.130369e-011  -4.206739e-011  5.360741e-010  7.903563e-011  -1.624882e-010  1.921314e-010  -1.367577e-010  -4.077560e-011  
-0.000000e+000  -0.000000e+000  -0.000000e+000  -0.000000e+000  -0.000000e+000  -0.000000e+000  -0.000000e+000  -0.000000e+000  -0.000000e+000  

5.336147e-012  1.496544e-011  2.702209e-011  4.032581e-011  9.278009e-010  -1.692671e-009  1.317461e-009  -2.809530e-010  -0.000000e+000  
-3.985172e-011  -5.474180e-011  3.925076e-009  -3.047959e-009  -1.402758e-010  -1.449188e-010  -1.332483e-010  -9.214881e-011  -0.000000e+000  
-3.548877e-010  3.331346e-009  -2.273354e-009  -1.997050e-010  -2.250543e-010  -2.201230e-010  -1.934578e-010  -1.281277e-010  -0.000000e+000  
-1.799708e-009  2.741021e-009  -1.668516e-009  -3.411650e-010  -3.519708e-010  -3.221827e-010  -2.723328e-010  -1.735668e-010  -0.000000e+000  
8.944615e-011  2.806734e-010  -7.506314e-010  -6.260605e-010  -5.313492e-010  -4.488084e-010  -3.679088e-010  -2.285246e-010  -0.000000e+000  
4.818700e-011  1.142357e-010  -8.633192e-010  -7.769591e-010  -6.807522e-010  -5.806996e-010  -4.757654e-010  -2.952483e-010  -0.000000e+000  
-6.646834e-010  -1.713426e-009  -9.250465e-010  -8.889084e-010  -8.242278e-010  -7.207383e-010  -5.982550e-010  -3.744378e-010  -0.000000e+000  
-0.000000e+000  -0.000000e+000  -1.088690e-009  -1.062624e-009  -1.001717e-009  -8.916712e-010  -7.464901e-010  -4.715957e-010  -0.000000e+000  
-0.000000e+000  -0.000000e+000  -1.875236e-009  -1.835094e-009  -1.743234e-009  -1.564801e-009  -1.320569e-009  -8.421401e-010  -0.000000e+000  
-0.000000e+000  -0.000000e+000  -3.593061e-009  -3.518630e-009  -3.344101e-009  -3.005032e-009  -2.537371e-009  -1.621421e-009  -0.000000e+000  
-0.000000e+000  -0.000000e+000  -7.019788e-009  -6.871929e-009  -6.533707e-009  -5.870635e-009  -4.958112e-009  -3.168179e-009  -0.000000e+000  
-0.000000e+000  -0.000000e+000  -1.377698e-008  -1.348829e-008  -1.282455e-008  -1.152326e-008  -9.731265e-009  -6.218328e-009  -0.000000e+000  
-0.000000e+000  -0.000000e+000  -2.707374e-008  -2.650523e-008  -2.520096e-008  -2.264391e-008  -1.912321e-008  -1.221928e-008  -0.000000e+000  
-0.000000e+000  -0.000000e+000  -5.321822e-008  -5.209949e-008  -4.953563e-008  -4.450937e-008  -3.758998e-008  -2.401782e-008  -0.000000e+000  
-0.000000e+000  -0.000000e+000  -1.046133e-007  -1.024152e-007  -9.737403e-008  -8.749309e-008  -7.388991e-008  -4.721168e-008  -0.000000e+000  
-0.000000e+000  -0.000000e+000  -2.056404e-007  -2.013223e-007  -1.914087e-007  -1.719842e-007  -1.452441e-007  -9.280126e-008  -0.000000e+000  
-0.000000e+000  -0.000000e+000  -4.042189e-007  -3.957331e-007  -3.762432e-007  -3.380570e-007  -2.854919e-007  -1.824079e-007  -0.000000e+000  
-0.000000e+000  -0.000000e+000  -7.945270e-007  -7.778476e-007  -7.395351e-007  -6.644663e-007  -5.611410e-007  -3.585213e-007  -0.000000e+000  
-0.000000e+000  -0.000000e+000  -1.561641e-006  -1.528863e-006  -1.453548e-006  -1.305980e-006  -1.102885e-006  -7.046367e-007  -0.000000e+000  
-0.000000e+000  -0.000000e+000  -3.069252e-006  -3.004843e-006  -2.856793e-006  -2.566719e-006  -2.167534e-006  -1.384819e-006  -0.000000e+000  
-0.000000e+000  -0.000000e+000  -6.032000e-006  -5.905437e-006  -5.614427e-006  -5.044248e-006  -4.259687e-006  -2.721419e-006  -0.000000e+000  
-0.000000e+000  -0.000000e+000  -1.185401e-005  -1.160533e-005  -1.103334e-005  -9.912625e-006  -8.370721e-006  -5.347746e-006  -0.000000e+000  
-0.000000e+000  -0.000000e+000  -2.222609e-005  -2.175992e-005  -2.068723e-005  -1.858552e-005  -1.569429e-005  -1.002627e-005  -0.000000e+000  
-0.000000e+000  -0.000000e+000  -2.859681e-005  -2.799707e-005  -2.661678e-005  -2.391243e-005  -2.019237e-005  -1.289972e-005  -0.000000e+000  
-0.000000e+000  -0.000000e+000  -3.667245e-005  -3.590341e-005  -3.413317e-005  -3.066483e-005  -2.589411e-005  -1.654205e-005  -0.000000e+000  
-0.000000e+000  -0.000000e+000  -4.693426e-005  -4.595012e-005  -4.368432e-005  -3.924508e-005  -3.313922e-005  -2.117025e-005  -0.000000e+000  
-0.000000e+000  -0.000000e+000  -6.008077e-005  -5.882108e-005  -5.592036e-005  -5.023717e-005  -4.242080e-005  -2.709927e-005  -0.000000e+000  
-0.000000e+000  -0.000000e+000  -7.685147e-005  -7.524031e-005  -7.152954e-005  -6.425931e-005  -5.426081e-005  -3.466251e-005  -0.000000e+000  
-0.000000e+000  -0.000000e+000  -9.825754e-005  -9.619781e-005  -9.145298e-005  -8.215686e-005  -6.937298e-005  -4.431585e-005  -0.000000e+000  
-0.000000e+000  -0.000000e+000  -1.846873e-004  -1.808167e-004  -1.718960e-004  -1.544187e-004  -1.303879e-004  -8.329002e-005  -0.000000e+000  
-0.000000e+000  -0.000000e+000  -3.655230e-004  -3.578647e-004  -3.402040e-004  -3.056040e-004  -2.580388e-004  -1.648255e-004  -0.000000e+000  
-0.000000e+000  -0.000000e+000  -7.270669e-004  -7.118384e-004  -6.766971e-004  -6.078512e-004  -5.132278e-004  -3.278160e-004  -0.000000e+000  
-0.000000e+000  -0.000000e+000  -1.447945e-003  -1.417627e-003  -1.347615e-003  -1.210457e-003  -1.021989e-003  -6.527413e-004  -0.000000e+000  
-0.000000e+000  -0.000000e+000  -2.884205e-003  -2.823828e-003  -2.684296e-003  -2.410954e-003  -2.035464e-003  -1.299933e-003  -0.000000e+000  
-0.000000e+000  -0.000000e+000  -5.745075e-003  -5.624818e-003  -5.346662e-003  -4.801800e-003  -4.053606e-003  -2.588400e-003  -0.000000e+000  
-0.000000e+000  -0.000000e+000  -1.144346e-002  -1.120380e-002  -1.064894e-002  -9.562249e-003  -8.070913e-003  -5.151875e-003  -0.000000e+000  
-0.000000e+000  -0.000000e+000  -2.279688e-002  -2.231841e-002  -2.120953e-002  -1.903870e-002  -1.606295e-002  -1.024495e-002  -0.000000e+000  
-0.000000e+000  -0.000000e+000  -4.544136e-002  -4.448119e-002  -4.225345e-002  -3.789715e-002  -3.194126e-002  -2.032891e-002  -0.000000e+000  
-0.000000e+000  -0.000000e+000  -9.075116e-002  -8.879619e-002  -8.425517e-002  -7.540359e-002  -6.338264e-002  -4.011451e-002  -0.000000e+000  
-0.000000e+000  -0.000000e+000  -1.822489e-001  -1.781049e-001  -1.684732e-001  -1.498758e-001  -1.250737e-001  -7.799095e-002  -0.000000e+000  
-0.000000e+000  -0.000000e+000  -3.718801e-001  -3.620889e-001  -3.393959e-001  -2.968392e-001  -2.428475e-001  -1.455486e-001  -0.000000e+000  
-0.000000e+000  -0.000000e+000  -7.946932e-001  -7.646715e-001  -6.962705e-001  -5.785234e-001  -4.472934e-001  -2.404213e-001  -0.000000e+000  
-0.000000e+000  -0.000000e+000  -1.842953e+000  -1.707301e+000  -1.411349e+000  -9.965386e-001  -6.474766e-001  -2.456893e-001  -0.000000e+000  
-0.000000e+000  -0.000000e+000  -2.975314e+000  -2.614656e+000  -1.836414e+000  -1.012160e+000  -5.051649e-001  -9.952901e-002  -0.000000e+000  
-0.000000e+000  -0.000000e+000  -5.184289e+000  -4.290966e+000  -2.130168e+000  -6.334810e-001  -4.720328e-002  1.674262e-001  -0.000000e+000  
-0.000000e+000  -0.000000e+000  -1.006594e+001  -8.406233e+000  -1.026422e+000  8.917695e-001  9.812179e-001  5.567308e-001  -0.000000e+000  
-0.000000e+000  -0.000000e+000  -1.666299e+001  -1.854300e+001  7.198840e+000  3.428244e+000  2.005479e+000  8.334506e-001  -0.000000e+000  
-0.000000e+000  -0.000000e+000  -2.039414e+001  -2.255947e+001  7.725658e+000  4.444285e+000  2.601375e+000  1.009412e+000  -0.000000e+000  
-0.000000e+000  -0.000000e+000  -2.039414e+001  -2.255947e+001  7.725658e+000  4.444285e+000  2.601375e+000  1.009412e+000  -0.000000e+000  
-0.000000e+000  -0.000000e+000  -1.666299e+001  -1.854300e+001  7.198840e+000  3.428244e+000  2.005479e+000  8.334506e-001  -0.000000e+000  
-0.000000e+000  -0.000000e+000  -1.006594e+001  -8.406233e+000  -1.026422e+000  8.917695e-001  9.812179e-001  5.567308e-001  -0.000000e+000  
-0.000000e+000  -0.000000e+000  -5.184289e+000  -4.290966e+000  -2.130168e+000  -6.334810e-001  -4.720328e-002  1.674262e-001  -0.000000e+000  
-0.000000e+000  -0.000000e+000  -2.975314e+000  -2.614656e+000  -1.836414e+000  -1.012160e+000  -5.051649e-001  -9.952901e-002  -0.000000e+000  
-0.000000e+000  -0.000000e+000  -1.842953e+000  -1.707301e+000  -1.411349e+000  -9.965386e-001  -6.474766e-001  -2.456893e-001  -0.000000e+000  
-0.000000e+000  -0.000000e+000  -7.946932e-001  -7.646715e-001  -6.962705e-001  -5.785234e-001  -4.472934e-001  -2.404213e-001  -0.000000e+000  
-0.000000e+000  -0.000000e+000  -3.718801e-001  -3.620889e-001  -3.393959e-001  -2.968392e-001  -2.428475e-001  -1.455486e-001  -0.000000e+000  
-0.000000e+000  -0.000000e+000  -1.822489e-001  -1.781049e-001  -1.684732e-001  -1.498758e-001  -1.250737e-001  -7.799095e-002  -0.000000e+000  
-0.000000e+000  -0.000000e+000  -9.075116e-002  -8.879619e-002  -8.425517e-002  -7.540359e-002  -6.338264e-002  -4.011451e-002  -0.000000e+000  
-0.000000e+000  -0.000000e+000  -4.544136e-002  -4.448119e-002  -4.225345e-002  -3.789715e-002  -3.194126e-002  -2.032891e-002  -0.000000e+000  
-0.000000e+000  -0.000000e+000  -2.279688e-002  -2.231841e-002  -2.120953e-002  -1.903870e-002  -1.606295e-002  -1.024495e-002  -0.000000e+000  
-0.000000e+000  -0.000000e+000  -1.144346e-002  -1.120380e-002  -1.064894e-002  -9.562249e-003  -8.070913e-003  -5.151875e-003  -0.000000e+000  
-0.000000e+000  -0.000000e+000  -5.745075e-003  -5.624818e-003  -5.346662e-003  -4.801800e-003  -4.053606e-003  -2.588400e-003  -0.000000e+000  
-0.000000e+000  -0.000000e+000  -2.884205e-003  -2.823828e-003  -2.684296e-003  -2.410954e-003  -2.035464e-003  -1.299933e-003  -0.000000e+000  
-0.000000e+000  -0.000000e+000  -1.447945e-003  -1.417627e-003  -1.347615e-003  -1.210457e-003  -1.021989e-003  -6.527413e-004  -0.000000e+000  
-0.000000e+000  -0.000000e+000  -7.270669e-004  -7.118384e-004  -6.766971e-004  -6.078512e-004  -5.132278e-004  -3.278160e-004  -0.000000e+000  
-0.000000e+000  -0.000000e+000  -3.655230e-004  -3.578647e-004  -3.402040e-004  -3.056040e-004  -2.580388e-004  -1.648255e-004  -0.000000e+000  
-0.000000e+000  -0.000000e+000  -1.846873e-004  -1.808167e-004  -1.718960e-004  -1.544187e-004  -1.303879e-004  -8.329002e-005  -0.000000e+000  
-0.000000e+000  -0.000000e+000  -9.825754e-005  -9.619781e-005  -9.145298e-005  -8.215686e-005  -6.937298e-005  -4.431585e-005  -0.000000e+000  
-0.000000e+000  -0.000000e+000  -7.685147e-005  -7.524031e-005  -7.152954e-005  -6.425931e-005  -5.426081e-005  -3.466251e-005  -0.000000e+000  
-0.000000e+000  -0.000000e+000  -6.008077e-005  -5.882108e-005  -5.592036e-005  -5.023717e-005  -4.242080e-005  -2.709927e-005  -0.000000e+000  
-0.000000e+000  -0.000000e+000  -4.693426e-005  -4.595012e-005  -4.368432e-005  -3.924508e-005  -3.313922e-005  -2.117025e-005  -0.000000e+000  
-0.000000e+000  -0.000000e+000  -3.667245e-005  -3.590341e-005  -3.413318e-005  -3.066483e-005  -2.589411e-005  -1.654205e-005  -0.000000e+000  
-0.000000e+000  -0.000000e+000  -2.859681e-005  -2.799707e-005  -2.661678e-005  -2.391243e-005  -2.019237e-005  -1.289972e-005  -0.000000e+000  
-0.000000e+000  -0.000000e+000  -2.222609e-005  -2.175992e-005  -2.068723e-005  -1.858552e-005  -1.569429e-005  -1.002627e-005  -0.000000e+000  
-0.000000e+000  -0.000000e+000  -1.185401e-005  -1.160533e-005  -1.103334e-005  -9.912625e-006  -8.370721e-006  -5.347746e-006  -0.000000e+000  
-0.000000e+000  -0.000000e+000  -6.032001e-006  -5.905436e-006  -5.614427e-006  -5.044247e-006  -4.259686e-006  -2.721419e-006  -0.000000e+000  
-0.000000e+000  -0.000000e+000  -3.069252e-006  -3.004843e-006  -2.856794e-006  -2.566719e-006  -2.167534e-006  -1.384819e-006  -0.000000e+000  
-0.000000e+000  -0.000000e+000  -1.561641e-006  -1.528863e-006  -1.453549e-006  -1.305980e-006  -1.102885e-006  -7.046370e-007  -0.000000e+000  
-0.000000e+000  -0.000000e+000  -7.945265e-007  -7.778486e-007  -7.395348e-007  -6.644662e-007  -5.611410e-007  -3.585214e-007  -0.000000e+000  
-0.000000e+000  -0.000000e+000  -4.042194e-007  -3.957322e-007  -3.762435e-007  -3.380565e-007  -2.854914e-007  -1.824080e-007  -0.000000e+000  
-0.000000e+000  -0.000000e+000  -2.056401e-007  -2.013230e-007  -1.914086e-007  -1.719840e-007  -1.452432e-007  -9.280111e-008  -0.000000e+000  
-0.000000e+000  -0.000000e+000  -1.046127e-007  -1.024166e-007  -9.737330e-008  -8.749293e-008  -7.388985e-008  -4.721136e-008  -0.000000e+000  
-0.000000e+000  -0.000000e+000  -5.321755e-008  -5.210071e-008  -4.953479e-008  -4.450914e-008  -3.758949e-008  -2.401788e-008  -0.000000e+000  
-0.000000e+000  -0.000000e+000  -2.707404e-008  -2.650443e-008  -2.520038e-008  -2.264386e-008  -1.912369e-008  -1.221916e-008  -0.000000e+000  
-0.000000e+000  -0.000000e+000  -1.377777e-008  -1.348759e-008  -1.282388e-008  -1.152314e-008  -9.732212e-009  -6.218033e-009  -0.000000e+000  
-0.000000e+000  -0.000000e+000  -7.019469e-009  -6.872553e-009  -6.533493e-009  -5.870818e-009  -4.958059e-009  -3.167968e-009  -0.000000e+000  
-0.000000e+000  -0.000000e+000  -3.593490e-009  -3.519010e-009  -3.344075e-009  -3.004774e-009  -2.537499e-009  -1.621153e-009  -0.000000e+000  
-0.000000e+000  -0.000000e+000  -1.874989e-009  -1.835205e-009  -1.743865e-009  -1.565242e-009  -1.320471e-009  -8.421922e-010  -0.000000e+000  
-0.000000e+000  -0.000000e+000  -1.088827e-009  -1.062797e-009  -1.001784e-009  -8.919500e-010  -7.469059e-010  -4.716442e-010  -0.000000e+000  
-6.652697e-010  -1.714835e-009  -9.245833e-010  -8.904045e-010  -8.238175e-010  -7.209140e-010  -5.986365e-010  -3.744758e-010  -0.000000e+000  
4.760327e-011  1.155310e-010  -8.634761e-010  -7.766365e-010  -6.812194e-010  -5.808107e-010  -4.762458e-010  -2.951866e-010  -0.000000e+000  
8.922327e-011  2.811305e-010  -7.507495e-010  -6.263233e-010  -5.312073e-010  -4.496697e-010  -3.673147e-010  -2.286506e-010  -0.000000e+000  
-1.801220e-009  2.742601e-009  -1.668792e-009  -3.417478e-010  -3.519130e-010  -3.216878e-010  -2.724669e-010  -1.735527e-010  -0.000000e+000  
-3.549289e-010  3.330600e-009  -2.272310e-009  -1.999806e-010  -2.249238e-010  -2.196762e-010  -1.934591e-010  -1.279831e-010  -0.000000e+000  
-3.991737e-011  -5.466074e-011  3.923843e-009  -3.047066e-009  -1.395118e-010  -1.451078e-010  -1.326114e-010  -9.215474e-011  -0.000000e+000  
5.322324e-012  1.494680e-011  2.697420e-011  4.025768e-011  9.257157e-010  -1.688688e-009  1.314551e-009  -2.803864e-010  -0.000000e+000  

0.000000e+000  0.000000e+000  0.000000e+000  0.000000e+000  0.000000e+000  0.000000e+000  0.000000e+000  0.000000e+000  0.000000e+000  
0.000000e+000  0.000000e+000  0.000000e+000  0.000000e+000  0.000000e+000  0.000000e+000  0.000000e+000  0.000000e+000  0.000000e+000  
0.000000e+000  0.000000e+000  0.000000e+000  0.000000e+000  0.000000e+000  0.000000e+000  0.000000e+000  0.000000e+000  0.000000e+000  
0.000000e+000  0.000000e+000  0.000000e+000  0.000000e+000  0.000000e+000  0.000000e+000  0.000000e+000  0.000000e+000  0.000000e+000  
0.000000e+000  0.000000e+000  0.000000e+000  0.000000e+000  0.000000e+000  0.000000e+000  0.000000e+000  0.000000e+000  0.000000e+000  
0.000000e+000  0.000000e+000  0.000000e+000  0.000000e+000  0.000000e+000  0.000000e+000  0.000000e+000  0.000000e+000  0.000000e+000  
0.000000e+000  0.000000e+000  0.000000e+000  0.000000e+000  0.000000e+000  0.000000e+000  0.000000e+000  0.000000e+000  0.000000e+000  
0.000000e+000  0.000000e+000  0.000000e+000  0.000000e+000  0.000000e+000  0.000000e+000  0.000000e+000  0.000000e+000  0.000000e+000  
0.000000e+000  0.000000e+000  0.000000e+000  0.000000e+000  0.000000e+000  0.000000e+000  0.000000e+000  0.000000e+000  0.000000e+000  
0.000000e+000  0.000000e+000  0.000000e+000  0.000000e+000  0.000000e+000  0.000000e+000  0.000000e+000  0.000000e+000  0.000000e+000  
0.000000e+000  0.000000e+000  0.000000e+000  0.000000e+000  0.000000e+000  0.000000e+000  0.000000e+000  0.000000e+000  0.000000e+000  
0.000000e+000  0.000000e+000  0.000000e+000  0.000000e+000  0.000000e+000  0.000000e+000  0.000000e+000  0.000000e+000  0.000000e+000  
0.000000e+000  0.000000e+000  0.000000e+000  0.000000e+000  0.000000e+000  0.000000e+000  0.000000e+000  0.000000e+000  0.000000e+000  
0.000000e+000  0.000000e+000  0.000000e+000  0.000000e+000  0.000000e+000  0.000000e+000  0.000000e+000  0.000000e+000  0.000000e+000  
0.000000e+000  0.000000e+000  0.000000e+000  0.000000e+000  0.000000e+000  0.000000e+000  0.000000e+000  0.000000e+000  0.000000e+000  
0.000000e+000  0.000000e+000  0.000000e+000  0.000000e+000  0.000000e+000  0.000000e+000  0.000000e+000  0.000000e+000  0.000000e+000  
0.000000e+000  0.000000e+000  0.000000e+000  0.000000e+000  0.000000e+000  0.000000e+000  0.000000e+000  0.000000e+000  0.000000e+000  
0.000000e+000  0.000000e+000  0.000000e+000  0.000000e+000  0.000000e+000  0.000000e+000  0.000000e+000  0.000000e+000  0.000000e+000  
0.000000e+000  0.000000e+000  0.000000e+000  0.000000e+000  0.000000e+000  0.000000e+000  0.000000e+000  0.000000e+000  0.000000e+000  
0.000000e+000  0.000000e+000  0.000000e+000  0.000000e+000  0.000000e+000  0.000000e+000  0.000000e+000  0.000000e+000  0.000000e+000  
0.000000e+000  0.000000e+000  0.000000e+000  0.000000e+000  0.000000e+000  0.000000e+000  0.000000e+000  0.000000e+000  0.000000e+000  
0.000000e+000  0.000000e+000  0.000000e+000  0.000000e+000  0.000000e+000  0.000000e+000  0.000000e+000  0.000000e+000  0.000000e+000  
0.000000e+000  0.000000e+000  0.000000e+000  0.000000e+000  0.000000e+000  0.000000e+000  0.000000e+000  0.000000e+000  0.000000e+000  
0.000000e+000  0.000000e+000  0.000000e+000  0.000000e+000  0.000000e+000  0.000000e+000  0.000000e+000  0.000000e+000  0.000000e+000  
0.000000e+000  0.000000e+000  0.000000e+000  0.000000e+000  0.000000e+000  0.000000e+000  0.000000e+000  0.000000e+000  0.000000e+000  
0.000000e+000  0.000000e+000  0.000000e+000  0.000000e+000  0.000000e+000  0.000000e+000  0.000000e+000  0.000000e+000  0.000000e+000  
0.000000e+000  0.000000e+000  0.000000e+000  0.000000e+000  0.000000e+000  0.000000e+000  0.000000e+000  0.000000e+000  0.000000e+000  
0.000000e+000  0.000000e+000  0.000000e+000  0.000000e+000  0.000000e+000  0.000000e+000  0.000000e+000  0.000000e+000  0.000000e+000  
0.000000e+000  0.000000e+000  0.000000e+000  0.000000e+000  0.000000e+000  0.000000e+000  0.000000e+000  0.000000e+000  0.000000e+000  
0.000000e+000  0.000000e+000  0.000000e+000  0.000000e+000  0.000000e+000  0.000000e+000  0.000000e+000  0.000000e+000  0.000000e+000  
0.000000e+000  0.000000e+000  0.000000e+000  0.000000e+000  0.000000e+000  0.000000e+000  0.000000e+000  0.000000e+000  0.000000e+000  
0.000000e+000  0.000000e+000  0.000000e+000  0.000000e+000  0.000000e+000  0.000000e+000  0.000000e+000  0.000000e+000  0.000000e+000  
0.000000e+000  0.000000e+000  0.000000e+000  0.000000e+000  0.000000e+000  0.000000e+000  0.000000e+000  0.000000e+000  0.000000e+000  
0.000000e+000  0.000000e+000  0.000000e+000  0.000000e+000  0.000000e+000  0.000000e+000  0.000000e+000  0.000000e+000  0.000000e+000  
0.000000e+000  0.000000e+000  0.000000e+000  0.000000e+000  0.000000e+000  0.000000e+000  0.000000e+000  0.000000e+000  0.000000e+000  
0.000000e+000  0.000000e+000  0.000000e+000  0.000000e+000  0.000000e+000  0.000000e+000  0.000000e+000  0.000000e+000  0.000000e+000  
0.000000e+000  0.000000e+000  0.000000e+000  0.000000e+000  0.000000e+000  0.000000e+000  0.000000e+000  0.000000e+000  0.000000e+000  
0.000000e+000  0.000000e+000  0.000000e+000  0.000000e+000  0.000000e+000  0.000000e+000  0.000000e+000  0.000000e+000  0.000000e+000  
0.000000e+000  0.000000e+000  0.000000e+000  0.000000e+000  0.000000e+000  0.000000e+000  0.000000e+000  0.000000e+000  0.000000e+000  
0.000000e+000  0.000000e+000  0.000000e+000  0.000000e+000  0.000000e+000  0.000000e+000  0.000000e+000  0.000000e+000  0.000000e+000  
0.000000e+000  0.000000e+000  0.000000e+000  0.000000e+000  0.000000e+000  0.000000e+000  0.000000e+000  0.000000e+000  0.000000e+000  
0.000000e+000  0.000000e+000  0.000000e+000  0.000000e+000  0.000000e+000  0.000000e+000  0.000000e+000  0.000000e+000  0.000000e+000  
0.000000e+000  0.000000e+000  0.000000e+000  0.000000e+000  0.000000e+000  0.000000e+000  0.000000e+000  0.000000e+000  0.000000e+000  
0.000000e+000  0.000000e+000  0.000000e+000  0.000000e+000  0.000000e+000  0.000000e+000  0.000000e+000  0.000000e+000  0.000000e+000  
0.000000e+000  0.000000e+000  0.000000e+000  0.000000e+000  0.000000e+000  0.000000e+000  0.000000e+000  0.000000e+000  0.000000e+000  
0.000000e+000  0.000000e+000  0.000000e+000  0.000000e+000  0.000000e+000  0.000000e+000  0.000000e+000  0.000000e+000  0.000000e+000  
0.000000e+000  0.000000e+000  0.000000e+000  0.000000e+000  0.000000e+000  0.000000e+000  0.000000e+000  0.000000e+000  0.000000e+000  
0.000000e+000  0.000000e+000  0.000000e+000  0.000000e+000  0.000000e+000  0.000000e+000  0.000000e+000  0.000000e+000  0.000000e+000  
0.000000e+000  0.000000e+000  0.000000e+000  0.000000e+000  0.000000e+000  0.000000e+000  0.000000e+000  0.000000e+000  0.000000e+000  
0.000000e+000  0.000000e+000  0.000000e+000  0.000000e+000  0.000000e+000  0.000000e+000  0.000000e+000  0.000000e+000  0.000000e+000  
0.000000e+000  0.000000e+000  0.000000e+000  0.000000e+000  0.000000e+000  0.000000e+000  0.000000e+000  0.000000e+000  0.000000e+000  
0.000000e+000  0.000000e+000  0.000000e+000  0.000000e+000  0.000000e+000  0.000000e+000  0.000000e+000  0.000000e+000  0.000000e+000  
0.000000e+000  0.000000e+000  0.000000e+000  0.000000e+000  0.000000e+000  0.000000e+000  0.000000e+000  0.000000e+000  0.000000e+000  
0.000000e+000  0.000000e+000  0.000000e+000  0.000000e+000  0.000000e+000  0.000000e+000  0.000000e+000  0.000000e+000  0.000000e+000  
0.000000e+000  0.000000e+000  0.000000e+000  0.000000e+000  0.000000e+000  0.000000e+000  0.000000e+000  0.000000e+000  0.000000e+000  
0.000000e+000  0.000000e+000  0.000000e+000  0.000000e+000  0.000000e+000  0.000000e+000  0.000000e+000  0.000000e+000  0.000000e+000  
0.000000e+000  0.000000e+000  0.000000e+000  0.000000e+000  0.000000e+000  0.000000e+000  0.000000e+000  0.000000e+000  0.000000e+000  
0.000000e+000  0.000000e+000  0.000000e+000  0.000000e+000  0.000000e+000  0.000000e+000  0.000000e+000  0.000000e+000  0.000000e+000  
0.000000e+000  0.000000e+000  0.000000e+000  0.000000e+000  0.000000e+000  0.000000e+000  0.000000e+000  0.000000e+000  0.000000e+000  
0.000000e+000  0.000000e+000  0.000000e+000  0.000000e+000  0.000000e+000  0.000000e+000  0.000000e+000  0.000000e+000  0.000000e+000  
0.000000e+000  0.000000e+000  0.000000e+000  0.000000e+000  0.000000e+000  0.000000e+000  0.000000e+000  0.000000e+000  0.000000e+000  
0.000000e+000  0.000000e+000  0.000000e+000  0.000000e+000  0.000000e+000  0.000000e+000  0.000000e+000  0.000000e+000  0.000000e+000  
0.000000e+000  0.000000e+000  0.000000e+000  0.000000e+000  0.000000e+000  0.000000e+000  0.000000e+000  0.000000e+000  0.000000e+000  
0.000000e+000  0.000000e+000  0.000000e+000  0.000000e+000  0.000000e+000  0.000000e+000  0.000000e+000  0.000000e+000  0.000000e+000  
0.000000e+000  0.000000e+000  0.000000e+000  0.000000e+000  0.000000e+000  0.000000e+000  0.000000e+000  0.000000e+000  0.000000e+000  
0.000000e+000  0.000000e+000  0.000000e+000  0.000000e+000  0.000000e+000  0.000000e+000  0.000000e+000  0.000000e+000  0.000000e+000  
0.000000e+000  0.000000e+000  0.000000e+000  0.000000e+000  0.000000e+000  0.000000e+000  0.000000e+000  0.000000e+000  0.000000e+000  
0.000000e+000  0.000000e+000  0.000000e+000  0.000000e+000  0.000000e+000  0.000000e+000  0.000000e+000  0.000000e+000  0.000000e+000  
0.000000e+000  0.000000e+000  0.000000e+000  0.000000e+000  0.000000e+000  0.000000e+000  0.000000e+000  0.000000e+000  0.000000e+000  
0.000000e+000  0.000000e+000  0.000000e+000  0.000000e+000  0.000000e+000  0.000000e+000  0.000000e+000  0.000000e+000  0.000000e+000  
0.000000e+000  0.000000e+000  0.000000e+000  0.000000e+000  0.000000e+000  0.000000e+000  0.000000e+000  0.000000e+000  0.000000e+000  
0.000000e+000  0.000000e+000  0.000000e+000  0.000000e+000  0.000000e+000  0.000000e+000  0.000000e+000  0.000000e+000  0.000000e+000  
0.000000e+000  0.000000e+000  0.000000e+000  0.000000e+000  0.000000e+000  0.000000e+000  0.000000e+000  0.000000e+000  0.000000e+000  
0.000000e+000  0.000000e+000  0.000000e+000  0.000000e+000  0.000000e+000  0.000000e+000  0.000000e+000  0.000000e+000  0.000000e+000  
0.000000e+000  0.000000e+000  0.000000e+000  0.000000e+000  0.000000e+000  0.000000e+000  0.000000e+000  0.000000e+000  0.000000e+000  
0.000000e+000  0.000000e+000  0.000000e+000  0.000000e+000  0.000000e+000  0.000000e+000  0.000000e+000  0.000000e+000  0.000000e+000  
0.000000e+000  0.000000e+000  0.000000e+000  0.000000e+000  0.000000e+000  0.000000e+000  0.000000e+000  0.000000e+000  0.000000e+000  
0.000000e+000  0.000000e+000  0.000000e+000  0.000000e+000  0.000000e+000  0.000000e+000  0.000000e+000  0.000000e+000  0.000000e+000  
0.000000e+000  0.000000e+000  0.000000e+000  0.000000e+000  0.000000e+000  0.000000e+000  0.000000e+000  0.000000e+000  0.000000e+000  
0.000000e+000  0.000000e+000  0.000000e+000  0.000000e+000  0.000000e+000  0.000000e+000  0.000000e+000  0.000000e+000  0.000000e+000  
0.000000e+000  0.000000e+000  0.000000e+000  0.000000e+000  0.000000e+000  0.000000e+000  0.000000e+000  0.000000e+000  0.000000e+000  
0.000000e+000  0.000000e+000  0.000000e+000  0.000000e+000  0.000000e+000  0.000000e+000  0.000000e+000  0.000000e+000  0.000000e+000  
0.000000e+000  0.000000e+000  0.000000e+000  0.000000e+000  0.000000e+000  0.000000e+000  0.000000e+000  0.000000e+000  0.000000e+000  
0.000000e+000  0.000000e+000  0.000000e+000  0.000000e+000  0.000000e+000  0.000000e+000  0.000000e+000  0.000000e+000  0.000000e+000  
0.000000e+000  0.000000e+000  0.000000e+000  0.000000e+000  0.000000e+000  0.000000e+000  0.000000e+000  0.000000e+000  0.000000e+000  
0.000000e+000  0.000000e+000  0.000000e+000  0.000000e+000  0.000000e+000  0.000000e+000  0.000000e+000  0.000000e+000  0.000000e+000  
0.000000e+000  0.000000e+000  0.000000e+000  0.000000e+000  0.000000e+000  0.000000e+000  0.000000e+000  0.000000e+000  0.000000e+000  
0.000000e+000  0.000000e+000  0.000000e+000  0.000000e+000  0.000000e+000  0.000000e+000  0.000000e+000  0.000000e+000  0.000000e+000  
0.000000e+000  0.000000e+000  0.000000e+000  0.000000e+000  0.000000e+000  0.000000e+000  0.000000e+000  0.000000e+000  0.000000e+000  
0.000000e+000  0.000000e+000  0.000000e+000  0.000000e+000  0.000000e+000  0.000000e+000  0.000000e+000  0.000000e+000  0.000000e+000  
0.000000e+000  0.000000e+000  0.000000e+000  0.000000e+000  0.000000e+000  0.000000e+000  0.000000e+000  0.000000e+000  0.000000e+000  
0.000000e+000  0.000000e+000  0.000000e+000  0.000000e+000  0.000000e+000  0.000000e+000  0.000000e+000  0.000000e+000  0.000000e+000  
0.000000e+000  0.000000e+000  0.000000e+000  0.000000e+000  0.000000e+000  0.000000e+000  0.000000e+000  0.000000e+000  0.000000e+000  
0.000000e+000  0.000000e+000  0.000000e+000  0.000000e+000  0.000000e+000  0.000000e+000  0.000000e+000  0.000000e+000  0.000000e+000  
0.000000e+000  0.000000e+000  0.000000e+000  0.000000e+000  0.000000e+000  0.000000e+000  0.000000e+000  0.000000e+000  0.000000e+000  
0.000000e+000  0.000000e+000  0.000000e+000  0.000000e+000  0.000000e+000  0.000000e+000  0.000000e+000  0.000000e+000  0.000000e+000  

0.000000e+000  0.000000e+000  0.000000e+000  0.000000e+000  0.000000e+000  0.000000e+000  0.000000e+000  0.000000e+000  0.000000e+000  
0.000000e+000  0.000000e+000  0.000000e+000  0.000000e+000  0.000000e+000  0.000000e+000  0.000000e+000  0.000000e+000  0.000000e+000  
0.000000e+000  0.000000e+000  0.000000e+000  0.000000e+000  0.000000e+000  0.000000e+000  0.000000e+000  0.000000e+000  0.000000e+000  
0.000000e+000  0.000000e+000  0.000000e+000  0.000000e+000  0.000000e+000  0.000000e+000  0.000000e+000  0.000000e+000  0.000000e+000  
0.000000e+000  0.000000e+000  0.000000e+000  0.000000e+000  0.000000e+000  0.000000e+000  0.000000e+000  0.000000e+000  0.000000e+000  
0.000000e+000  0.000000e+000  0.000000e+000  0.000000e+000  0.000000e+000  0.000000e+000  0.000000e+000  0.000000e+000  0.000000e+000  
0.000000e+000  0.000000e+000  0.000000e+000  0.000000e+000  0.000000e+000  0.000000e+000  0.000000e+000  0.000000e+000  0.000000e+000  
0.000000e+000  0.000000e+000  0.000000e+000  0.000000e+000  0.000000e+000  0.000000e+000  0.000000e+000  0.000000e+000  0.000000e+000  
0.000000e+000  0.000000e+000  0.000000e+000  0.000000e+000  0.000000e+000  0.000000e+000  0.000000e+000  0.000000e+000  0.000000e+000  
0.000000e+000  0.000000e+000  0.000000e+000  0.000000e+000  0.000000e+000  0.000000e+000  0.000000e+000  0.000000e+000  0.000000e+000  
0.000000e+000  0.000000e+000  0.000000e+000  0.000000e+000  0.000000e+000  0.000000e+000  0.000000e+000  0.000000e+000  0.000000e+000  
0.000000e+000  0.000000e+000  0.000000e+000  0.000000e+000  0.000000e+000  0.000000e+000  0.000000e+000  0.000000e+000  0.000000e+000  
0.000000e+000  0.000000e+000  0.000000e+000  0.000000e+000  0.000000e+000  0.000000e+000  0.000000e+000  0.000000e+000  0.000000e+000  
0.000000e+000  0.000000e+000  0.000000e+000  0.000000e+000  0.000000e+000  0.000000e+000  0.000000e+000  0.000000e+000  0.000000e+000  
0.000000e+000  0.000000e+000  0.000000e+000  0.000000e+000  0.000000e+000  0.000000e+000  0.000000e+000  0.000000e+000  0.000000e+000  
0.000000e+000  0.000000e+000  0.000000e+000  0.000000e+000  0.000000e+000  0.000000e+000  0.000000e+000  0.000000e+000  0.000000e+000  
0.000000e+000  0.000000e+000  0.000000e+000  0.000000e+000  0.000000e+000  0.000000e+000  0.000000e+000  0.000000e+000  0.000000e+000  
0.000000e+000  0.000000e+000  0.000000e+000  0.000000e+000  0.000000e+000  0.000000e+000  0.000000e+000  0.000000e+000  0.000000e+000  
0.000000e+000  0.000000e+000  0.000000e+000  0.000000e+000  0.000000e+000  0.000000e+000  0.000000e+000  0.000000e+000  0.000000e+000  
0.000000e+000  0.000000e+000  0.000000e+000  0.000000e+000  0.000000e+000  0.000000e+000  0.000000e+000  0.000000e+000  0.000000e+000  
0.000000e+000  0.000000e+000  0.000000e+000  0.000000e+000  0.000000e+000  0.000000e+000  0.000000e+000  0.000000e+000  0.000000e+000  
0.000000e+000  0.000000e+000  0.000000e+000  0.000000e+000  0.000000e+000  0.000000e+000  0.000000e+000  0.000000e+000  0.000000e+000  
0.000000e+000  0.000000e+000  0.000000e+000  0.000000e+000  0.000000e+000  0.000000e+000  0.000000e+000  0.000000e+000  0.000000e+000  
0.000000e+000  0.000000e+000  0.000000e+000  0.000000e+000  0.000000e+000  0.000000e+000  0.000000e+000  0.000000e+000  0.000000e+000  
0.000000e+000  0.000000e+000  0.000000e+000  0.000000e+000  0.000000e+000  0.000000e+000  0.000000e+000  0.000000e+000  0.000000e+000  
0.000000e+000  0.000000e+000  0.000000e+000  0.000000e+000  0.000000e+000  0.000000e+000  0.000000e+000  0.000000e+000  0.000000e+000  
0.000000e+000  0.000000e+000  0.000000e+000  0.000000e+000  0.000000e+000  0.000000e+000  0.000000e+000  0.000000e+000  0.000000e+000  
0.000000e+000  0.000000e+000  0.000000e+000  0.000000e+000  0.000000e+000  0.000000e+000  0.000000e+000  0.000000e+000  0.000000e+000  
0.000000e+000  0.000000e+000  0.000000e+000  0.000000e+000  0.000000e+000  0.000000e+000  0.000000e+000  0.000000e+000  0.000000e+000  
0.000000e+000  0.000000e+000  0.000000e+000  0.000000e+000  0.000000e+000  0.000000e+000  0.000000e+000  0.000000e+000  0.000000e+000  
0.000000e+000  0.000000e+000  0.000000e+000  0.000000e+000  0.000000e+000  0.000000e+000  0.000000e+000  0.000000e+000  0.000000e+000  
0.000000e+000  0.000000e+000  0.000000e+000  0.000000e+000  0.000000e+000  0.000000e+000  0.000000e+000  0.000000e+000  0.000000e+000  
0.000000e+000  0.000000e+000  0.000000e+000  0.000000e+000  0.000000e+000  0.000000e+000  0.000000e+000  0.000000e+000  0.000000e+000  
0.000000e+000  0.000000e+000  0.000000e+000  0.000000e+000  0.000000e+000  0.000000e+000  0.000000e+000  0.000000e+000  0.000000e+000  
0.000000e+000  0.000000e+000  0.000000e+000  0.000000e+000  0.000000e+000  0.000000e+000  0.000000e+000  0.000000e+000  0.000000e+000  
0.000000e+000  0.000000e+000  0.000000e+000  0.000000e+000  0.000000e+000  0.000000e+000  0.000000e+000  0.000000e+000  0.000000e+000  
0.000000e+000  0.000000e+000  0.000000e+000  0.000000e+000  0.000000e+000  0.000000e+000  0.000000e+000  0.000000e+000  0.000000e+000  
0.000000e+000  0.000000e+000  0.000000e+000  0.000000e+000  0.000000e+000  0.000000e+000  0.000000e+000  0.000000e+000  0.000000e+000  
0.000000e+000  0.000000e+000  0.000000e+000  0.000000e+000  0.000000e+000  0.000000e+000  0.000000e+000  0.000000e+000  0.000000e+000  
0.000000e+000  0.000000e+000  0.000000e+000  0.000000e+000  0.000000e+000  0.000000e+000  0.000000e+000  0.000000e+000  0.000000e+000  
0.000000e+000  0.000000e+000  0.000000e+000  0.000000e+000  0.000000e+000  0.000000e+000  0.000000e+000  0.000000e+000  0.000000e+000  
0.000000e+000  0.000000e+000  0.000000e+000  0.000000e+000  0.000000e+000  0.000000e+000  0.000000e+000  0.000000e+000  0.000000e+000  
0.000000e+000  0.000000e+000  0.000000e+000  0.000000e+000  0.000000e+000  0.000000e+000  0.000000e+000  0.000000e+000  0.000000e+000  
0.000000e+000  0.000000e+000  0.000000e+000  0.000000e+000  0.000000e+000  0.000000e+000  0.000000e+000  0.000000e+000  0.000000e+000  
0.000000e+000  0.000000e+000  0.000000e+000  0.000000e+000  0.000000e+000  0.000000e+000  0.000000e+000  0.000000e+000  0.000000e+000  
0.000000e+000  0.000000e+000  0.000000e+000  0.000000e+000  0.000000e+000  0.000000e+000  0.000000e+000  0.000000e+000  0.000000e+000  
0.000000e+000  0.000000e+000  0.000000e+000  0.000000e+000  0.000000e+000  0.000000e+000  0.000000e+000  0.000000e+000  0.000000e+000  
0.000000e+000  0.000000e+000  0.000000e+000  0.000000e+000  0.000000e+000  0.000000e+000  0.000000e+000  0.000000e+000  0.000000e+000  
0.000000e+000  0.000000e+000  0.000000e+000  0.000000e+000  0.000000e+000  0.000000e+000  0.000000e+000  0.000000e+000  0.000000e+000  
0.000000e+000  0.000000e+000  0.000000e+000  0.000000e+000  0.000000e+000  0.000000e+000  0.000000e+000  0.000000e+000  0.000000e+000  
0.000000e+000  0.000000e+000  0.000000e+000  0.000000e+000  0.000000e+000  0.000000e+000  0.000000e+000  0.000000e+000  0.000000e+000  
0.000000e+000  0.000000e+000  0.000000e+000  0.000000e+000  0.000000e+000  0.000000e+000  0.000000e+000  0.000000e+000  0.000000e+000  
0.000000e+000  0.000000e+000  0.000000e+000  0.000000e+000  0.000000e+000  0.000000e+000  0.000000e+000  0.000000e+000  0.000000e+000  
0.000000e+000  0.000000e+000  0.000000e+000  0.000000e+000  0.000000e+000  0.000000e+000  0.000000e+000  0.000000e+000  0.000000e+000  
0.000000e+000  0.000000e+000  0.000000e+000  0.000000e+000  0.000000e+000  0.000000e+000  0.000000e+000  0.000000e+000  0.000000e+000  
0.000000e+000  0.000000e+000  0.000000e+000  0.000000e+000  0.000000e+000  0.000000e+000  0.000000e+000  0.000000e+000  0.000000e+000  
0.000000e+000  0.000000e+000  0.000000e+000  0.000000e+000  0.000000e+000  0.000000e+000  0.000000e+000  0.000000e+000  0.000000e+000  
0.000000e+000  0.000000e+000  0.000000e+000  0.000000e+000  0.000000e+000  0.000000e+000  0.000000e+000  0.000000e+000  0.000000e+000  
0.000000e+000  0.000000e+000  0.000000e+000  0.000000e+000  0.000000e+000  0.000000e+000  0.000000e+000  0.000000e+000  0.000000e+000  
0.000000e+000  0.000000e+000  0.000000e+000  0.000000e+000  0.000000e+000  0.000000e+000  0.000000e+000  0.000000e+000  0.000000e+000  
0.000000e+000  0.000000e+000  0.000000e+000  0.000000e+000  0.000000e+000  0.000000e+000  0.000000e+000  0.000000e+000  0.000000e+000  
0.000000e+000  0.000000e+000  0.000000e+000  0.000000e+000  0.000000e+000  0.000000e+000  0.000000e+000  0.000000e+000  0.000000e+000  
0.000000e+000  0.000000e+000  0.000000e+000  0.000000e+000  0.000000e+000  0.000000e+000  0.000000e+000  0.000000e+000  0.000000e+000  
0.000000e+000  0.000000e+000  0.000000e+000  0.000000e+000  0.000000e+000  0.000000e+000  0.000000e+000  0.000000e+000  0.000000e+000  
0.000000e+000  0.000000e+000  0.000000e+000  0.000000e+000  0.000000e+000  0.000000e+000  0.000000e+000  0.000000e+000  0.000000e+000  
0.000000e+000  0.000000e+000  0.000000e+000  0.000000e+000  0.000000e+000  0.000000e+000  0.000000e+000  0.000000e+000  0.000000e+000  
0.000000e+000  0.000000e+000  0.000000e+000  0.000000e+000  0.000000e+000  0.000000e+000  0.000000e+000  0.000000e+000  0.000000e+000  
0.000000e+000  0.000000e+000  0.000000e+000  0.000000e+000  0.000000e+000  0.000000e+000  0.000000e+000  0.000000e+000  0.000000e+000  
0.000000e+000  0.000000e+000  0.000000e+000  0.000000e+000  0.000000e+000  0.000000e+000  0.000000e+000  0.000000e+000  0.000000e+000  
0.000000e+000  0.000000e+000  0.000000e+000  0.000000e+000  0.000000e+000  0.000000e+000  0.000000e+000  0.000000e+000  0.000000e+000  
0.000000e+000  0.000000e+000  0.000000e+000  0.000000e+000  0.000000e+000  0.000000e+000  0.000000e+000  0.000000e+000  0.000000e+000  
0.000000e+000  0.000000e+000  0.000000e+000  0.000000e+000  0.000000e+000  0.000000e+000  0.000000e+000  0.000000e+000  0.000000e+000  
0.000000e+000  0.000000e+000  0.000000e+000  0.000000e+000  0.000000e+000  0.000000e+000  0.000000e+000  0.000000e+000  0.000000e+000  
0.000000e+000  0.000000e+000  0.000000e+000  0.000000e+000  0.000000e+000  0.000000e+000  0.000000e+000  0.000000e+000  0.000000e+000  
0.000000e+000  0.000000e+000  0.000000e+000  0.000000e+000  0.000000e+000  0.000000e+000  0.000000e+000  0.000000e+000  0.000000e+000  
0.000000e+000  0.000000e+000  0.000000e+000  0.000000e+000  0.000000e+000  0.000000e+000  0.000000e+000  0.000000e+000  0.000000e+000  
0.000000e+000  0.000000e+000  0.000000e+000  0.000000e+000  0.000000e+000  0.000000e+000  0.000000e+000  0.000000e+000  0.000000e+000  
0.000000e+000  0.000000e+000  0.000000e+000  0.000000e+000  0.000000e+000  0.000000e+000  0.000000e+000  0.000000e+000  0.000000e+000  
0.000000e+000  0.000000e+000  0.000000e+000  0.000000e+000  0.000000e+000  0.000000e+000  0.000000e+000  0.000000e+000  0.000000e+000  
0.000000e+000  0.000000e+000  0.000000e+000  0.000000e+000  0.000000e+000  0.000000e+000  0.000000e+000  0.000000e+000  0.000000e+000  
0.000000e+000  0.000000e+000  0.000000e+000  0.000000e+000  0.000000e+000  0.000000e+000  0.000000e+000  0.000000e+000  0.000000e+000  
0.000000e+000  0.000000e+000  0.000000e+000  0.000000e+000  0.000000e+000  0.000000e+000  0.000000e+000  0.000000e+000  0.000000e+000  
0.000000e+000  0.000000e+000  0.000000e+000  0.000000e+000  0.000000e+000  0.000000e+000  0.000000e+000  0.000000e+000  0.000000e+000  
0.000000e+000  0.000000e+000  0.000000e+000  0.000000e+000  0.000000e+000  0.000000e+000  0.000000e+000  0.000000e+000  0.000000e+000  
0.000000e+000  0.000000e+000  0.000000e+000  0.000000e+000  0.000000e+000  0.000000e+000  0.000000e+000  0.000000e+000  0.000000e+000  
0.000000e+000  0.000000e+000  0.000000e+000  0.000000e+000  0.000000e+000  0.000000e+000  0.000000e+000  0.000000e+000  0.000000e+000  
0.000000e+000  0.000000e+000  0.000000e+000  0.000000e+000  0.000000e+000  0.000000e+000  0.000000e+000  0.000000e+000  0.000000e+000  
0.000000e+000  0.000000e+000  0.000000e+000  0.000000e+000  0.000000e+000  0.000000e+000  0.000000e+000  0.000000e+000  0.000000e+000  
0.000000e+000  0.000000e+000  0.000000e+000  0.000000e+000  0.000000e+000  0.000000e+000  0.000000e+000  0.000000e+000  0.000000e+000  
0.000000e+000  0.000000e+000  0.000000e+000  0.000000e+000  0.000000e+000  0.000000e+000  0.000000e+000  0.000000e+000  0.000000e+000  
0.000000e+000  0.000000e+000  0.000000e+000  0.000000e+000  0.000000e+000  0.000000e+000  0.000000e+000  0.000000e+000  0.000000e+000  
0.000000e+000  0.000000e+000  0.000000e+000  0.000000e+000  0.000000e+000  0.000000e+000  0.000000e+000  0.000000e+000  0.000000e+000  
0.000000e+000  0.000000e+000  0.000000e+000  0.000000e+000  0.000000e+000  0.000000e+000  0.000000e+000  0.000000e+000  0.000000e+000  
0.000000e+000  0.000000e+000  0.000000e+000  0.000000e+000  0.000000e+000  0.000000e+000  0.000000e+000  0.000000e+000  0.000000e+000  
0.000000e+000  0.000000e+000  0.000000e+000  0.000000e+000  0.000000e+000  0.000000e+000  0.000000e+000  0.000000e+000  0.000000e+000  
0.000000e+000  0.000000e+000  0.000000e+000  0.000000e+000  0.000000e+000  0.000000e+000  0.000000e+000  0.000000e+000  0.000000e+000  

0.000000e+000  0.000000e+000  0.000000e+000  0.000000e+000  0.000000e+000  0.000000e+000  0.000000e+000  0.000000e+000  0.000000e+000  
0.000000e+000  0.000000e+000  0.000000e+000  0.000000e+000  0.000000e+000  0.000000e+000  0.000000e+000  0.000000e+000  0.000000e+000  
0.000000e+000  0.000000e+000  0.000000e+000  0.000000e+000  0.000000e+000  0.000000e+000  0.000000e+000  0.000000e+000  0.000000e+000  
0.000000e+000  0.000000e+000  0.000000e+000  0.000000e+000  0.000000e+000  0.000000e+000  0.000000e+000  0.000000e+000  0.000000e+000  
0.000000e+000  0.000000e+000  0.000000e+000  0.000000e+000  0.000000e+000  0.000000e+000  0.000000e+000  0.000000e+000  0.000000e+000  
0.000000e+000  0.000000e+000  0.000000e+000  0.000000e+000  0.000000e+000  0.000000e+000  0.000000e+000  0.000000e+000  0.000000e+000  
0.000000e+000  0.000000e+000  0.000000e+000  0.000000e+000  0.000000e+000  0.000000e+000  0.000000e+000  0.000000e+000  0.000000e+000  
0.000000e+000  0.000000e+000  0.000000e+000  0.000000e+000  0.000000e+000  0.000000e+000  0.000000e+000  0.000000e+000  0.000000e+000  
0.000000e+000  0.000000e+000  0.000000e+000  0.000000e+000  0.000000e+000  0.000000e+000  0.000000e+000  0.000000e+000  0.000000e+000  
0.000000e+000  0.000000e+000  0.000000e+000  0.000000e+000  0.000000e+000  0.000000e+000  0.000000e+000  0.000000e+000  0.000000e+000  
0.000000e+000  0.000000e+000  0.000000e+000  0.000000e+000  0.000000e+000  0.000000e+000  0.000000e+000  0.000000e+000  0.000000e+000  
0.000000e+000  0.000000e+000  0.000000e+000  0.000000e+000  0.000000e+000  0.000000e+000  0.000000e+000  0.000000e+000  0.000000e+000  
0.000000e+000  0.000000e+000  0.000000e+000  0.000000e+000  0.000000e+000  0.000000e+000  0.000000e+000  0.000000e+000  0.000000e+000  
0.000000e+000  0.000000e+000  0.000000e+000  0.000000e+000  0.000000e+000  0.000000e+000  0.000000e+000  0.000000e+000  0.000000e+000  
0.000000e+000  0.000000e+000  0.000000e+000  0.000000e+000  0.000000e+000  0.000000e+000  0.000000e+000  0.000000e+000  0.000000e+000  
0.000000e+000  0.000000e+000  0.000000e+000  0.000000e+000  0.000000e+000  0.000000e+000  0.000000e+000  0.000000e+000  0.000000e+000  
0.000000e+000  0.000000e+000  0.000000e+000  0.000000e+000  0.000000e+000  0.000000e+000  0.000000e+000  0.000000e+000  0.000000e+000  
0.000000e+000  0.000000e+000  0.000000e+000  0.000000e+000  0.000000e+000  0.000000e+000  0.000000e+000  0.000000e+000  0.000000e+000  
0.000000e+000  0.000000e+000  0.000000e+000  0.000000e+000  0.000000e+000  0.000000e+000  0.000000e+000  0.000000e+000  0.000000e+000  
0.000000e+000  0.000000e+000  0.000000e+000  0.000000e+000  0.000000e+000  0.000000e+000  0.000000e+000  0.000000e+000  0.000000e+000  
0.000000e+000  0.000000e+000  0.000000e+000  0.000000e+000  0.000000e+000  0.000000e+000  0.000000e+000  0.000000e+000  0.000000e+000  
0.000000e+000  0.000000e+000  0.000000e+000  0.000000e+000  0.000000e+000  0.000000e+000  0.000000e+000  0.000000e+000  0.000000e+000  
0.000000e+000  0.000000e+000  0.000000e+000  0.000000e+000  0.000000e+000  0.000000e+000  0.000000e+000  0.000000e+000  0.000000e+000  
0.000000e+000  0.000000e+000  0.000000e+000  0.000000e+000  0.000000e+000  0.000000e+000  0.000000e+000  0.000000e+000  0.000000e+000  
0.000000e+000  0.000000e+000  0.000000e+000  0.000000e+000  0.000000e+000  0.000000e+000  0.000000e+000  0.000000e+000  0.000000e+000  
0.000000e+000  0.000000e+000  0.000000e+000  0.000000e+000  0.000000e+000  0.000000e+000  0.000000e+000  0.000000e+000  0.000000e+000  
0.000000e+000  0.000000e+000  0.000000e+000  0.000000e+000  0.000000e+000  0.000000e+000  0.000000e+000  0.000000e+000  0.000000e+000  
0.000000e+000  0.000000e+000  0.000000e+000  0.000000e+000  0.000000e+000  0.000000e+000  0.000000e+000  0.000000e+000  0.000000e+000  
0.000000e+000  0.000000e+000  0.000000e+000  0.000000e+000  0.000000e+000  0.000000e+000  0.000000e+000  0.000000e+000  0.000000e+000  
0.000000e+000  0.000000e+000  0.000000e+000  0.000000e+000  0.000000e+000  0.000000e+000  0.000000e+000  0.000000e+000  0.000000e+000  
0.000000e+000  0.000000e+000  0.000000e+000  0.000000e+000  0.000000e+000  0.000000e+000  0.000000e+000  0.000000e+000  0.000000e+000  
0.000000e+000  0.000000e+000  0.000000e+000  0.000000e+000  0.000000e+000  0.000000e+000  0.000000e+000  0.000000e+000  0.000000e+000  
0.000000e+000  0.000000e+000  0.000000e+000  0.000000e+000  0.000000e+000  0.000000e+000  0.000000e+000  0.000000e+000  0.000000e+000  
0.000000e+000  0.000000e+000  0.000000e+000  0.000000e+000  0.000000e+000  0.000000e+000  0.000000e+000  0.000000e+000  0.000000e+000  
0.000000e+000  0.000000e+000  0.000000e+000  0.000000e+000  0.000000e+000  0.000000e+000  0.000000e+000  0.000000e+000  0.000000e+000  
0.000000e+000  0.000000e+000  0.000000e+000  0.000000e+000  0.000000e+000  0.000000e+000  0.000000e+000  0.000000e+000  0.000000e+000  
0.000000e+000  0.000000e+000  0.000000e+000  0.000000e+000  0.000000e+000  0.000000e+000  0.000000e+000  0.000000e+000  0.000000e+000  
0.000000e+000  0.000000e+000  0.000000e+000  0.000000e+000  0.000000e+000  0.000000e+000  0.000000e+000  0.000000e+000  0.000000e+000  
0.000000e+000  0.000000e+000  0.000000e+000  0.000000e+000  0.000000e+000  0.000000e+000  0.000000e+000  0.000000e+000  0.000000e+000  
0.000000e+000  0.000000e+000  0.000000e+000  0.000000e+000  0.000000e+000  0.000000e+000  0.000000e+000  0.000000e+000  0.000000e+000  
0.000000e+000  0.000000e+000  0.000000e+000  0.000000e+000  0.000000e+000  0.000000e+000  0.000000e+000  0.000000e+000  0.000000e+000  
0.000000e+000  0.000000e+000  0.000000e+000  0.000000e+000  0.000000e+000  0.000000e+000  0.000000e+000  0.000000e+000  0.000000e+000  
0.000000e+000  0.000000e+000  0.000000e+000  0.000000e+000  0.000000e+000  0.000000e+000  0.000000e+000  0.000000e+000  0.000000e+000  
0.000000e+000  0.000000e+000  0.000000e+000  0.000000e+000  0.000000e+000  0.000000e+000  0.000000e+000  0.000000e+000  0.000000e+000  
0.000000e+000  0.000000e+000  0.000000e+000  0.000000e+000  0.000000e+000  0.000000e+000  0.000000e+000  0.000000e+000  0.000000e+000  
0.000000e+000  0.000000e+000  0.000000e+000  0.000000e+000  0.000000e+000  0.000000e+000  0.000000e+000  0.000000e+000  0.000000e+000  
0.000000e+000  0.000000e+000  0.000000e+000  0.000000e+000  0.000000e+000  0.000000e+000  0.000000e+000  0.000000e+000  0.000000e+000  
0.000000e+000  0.000000e+000  0.000000e+000  0.000000e+000  0.000000e+000  0.000000e+000  0.000000e+000  0.000000e+000  0.000000e+000  
0.000000e+000  0.000000e+000  0.000000e+000  0.000000e+000  0.000000e+000  0.000000e+000  0.000000e+000  0.000000e+000  0.000000e+000  
0.000000e+000  0.000000e+000  0.000000e+000  0.000000e+000  0.000000e+000  0.000000e+000  0.000000e+000  0.000000e+000  0.000000e+000  
0.000000e+000  0.000000e+000  0.000000e+000  0.000000e+000  0.000000e+000  0.000000e+000  0.000000e+000  0.000000e+000  0.000000e+000  
0.000000e+000  0.000000e+000  0.000000e+000  0.000000e+000  0.000000e+000  0.000000e+000  0.000000e+000  0.000000e+000  0.000000e+000  
0.000000e+000  0.000000e+000  0.000000e+000  0.000000e+000  0.000000e+000  0.000000e+000  0.000000e+000  0.000000e+000  0.000000e+000  
0.000000e+000  0.000000e+000  0.000000e+000  0.000000e+000  0.000000e+000  0.000000e+000  0.000000e+000  0.000000e+000  0.000000e+000  
0.000000e+000  0.000000e+000  0.000000e+000  0.000000e+000  0.000000e+000  0.000000e+000  0.000000e+000  0.000000e+000  0.000000e+000  
0.000000e+000  0.000000e+000  0.000000e+000  0.000000e+000  0.000000e+000  0.000000e+000  0.000000e+000  0.000000e+000  0.000000e+000  
0.000000e+000  0.000000e+000  0.000000e+000  0.000000e+000  0.000000e+000  0.000000e+000  0.000000e+000  0.000000e+000  0.000000e+000  
0.000000e+000  0.000000e+000  0.000000e+000  0.000000e+000  0.000000e+000  0.000000e+000  0.000000e+000  0.000000e+000  0.000000e+000  
0.000000e+000  0.000000e+000  0.000000e+000  0.000000e+000  0.000000e+000  0.000000e+000  0.000000e+000  0.000000e+000  0.000000e+000  
0.000000e+000  0.000000e+000  0.000000e+000  0.000000e+000  0.000000e+000  0.000000e+000  0.000000e+000  0.000000e+000  0.000000e+000  
0.000000e+000  0.000000e+000  0.000000e+000  0.000000e+000  0.000000e+000  0.000000e+000  0.000000e+000  0.000000e+000  0.000000e+000  
0.000000e+000  0.000000e+000  0.000000e+000  0.000000e+000  0.000000e+000  0.000000e+000  0.000000e+000  0.000000e+000  0.000000e+000  
0.000000e+000  0.000000e+000  0.000000e+000  0.000000e+000  0.000000e+000  0.000000e+000  0.000000e+000  0.000000e+000  0.000000e+000  
0.000000e+000  0.000000e+000  0.000000e+000  0.000000e+000  0.000000e+000  0.000000e+000  0.000000e+000  0.000000e+000  0.000000e+000  
0.000000e+000  0.000000e+000  0.000000e+000  0.000000e+000  0.000000e+000  0.000000e+000  0.000000e+000  0.000000e+000  0.000000e+000  
0.000000e+000  0.000000e+000  0.000000e+000  0.000000e+000  0.000000e+000  0.000000e+000  0.000000e+000  0.000000e+000  0.000000e+000  
0.000000e+000  0.000000e+000  0.000000e+000  0.000000e+000  0.000000e+000  0.000000e+000  0.000000e+000  0.000000e+000  0.000000e+000  
0.000000e+000  0.000000e+000  0.000000e+000  0.000000e+000  0.000000e+000  0.000000e+000  0.000000e+000  0.000000e+000  0.000000e+000  
0.000000e+000  0.000000e+000  0.000000e+000  0.000000e+000  0.000000e+000  0.000000e+000  0.000000e+000  0.000000e+000  0.000000e+000  
0.000000e+000  0.000000e+000  0.000000e+000  0.000000e+000  0.000000e+000  0.000000e+000  0.000000e+000  0.000000e+000  0.000000e+000  
0.000000e+000  0.000000e+000  0.000000e+000  0.000000e+000  0.000000e+000  0.000000e+000  0.000000e+000  0.000000e+000  0.000000e+000  
0.000000e+000  0.000000e+000  0.000000e+000  0.000000e+000  0.000000e+000  0.000000e+000  0.000000e+000  0.000000e+000  0.000000e+000  
0.000000e+000  0.000000e+000  0.000000e+000  0.000000e+000  0.000000e+000  0.000000e+000  0.000000e+000  0.000000e+000  0.000000e+000  
0.000000e+000  0.000000e+000  0.000000e+000  0.000000e+000  0.000000e+000  0.000000e+000  0.000000e+000  0.000000e+000  0.000000e+000  
0.000000e+000  0.000000e+000  0.000000e+000  0.000000e+000  0.000000e+000  0.000000e+000  0.000000e+000  0.000000e+000  0.000000e+000  
0.000000e+000  0.000000e+000  0.000000e+000  0.000000e+000  0.000000e+000  0.000000e+000  0.000000e+000  0.000000e+000  0.000000e+000  
0.000000e+000  0.000000e+000  0.000000e+000  0.000000e+000  0.000000e+000  0.000000e+000  0.000000e+000  0.000000e+000  0.000000e+000  
0.000000e+000  0.000000e+000  0.000000e+000  0.000000e+000  0.000000e+000  0.000000e+000  0.000000e+000  0.000000e+000  0.000000e+000  
0.000000e+000  0.000000e+000  0.000000e+000  0.000000e+000  0.000000e+000  0.000000e+000  0.000000e+000  0.000000e+000  0.000000e+000  
0.000000e+000  0.000000e+000  0.000000e+000  0.000000e+000  0.000000e+000  0.000000e+000  0.000000e+000  0.000000e+000  0.000000e+000  
0.000000e+000  0.000000e+000  0.000000e+000  0.000000e+000  0.000000e+000  0.000000e+000  0.000000e+000  0.000000e+000  0.000000e+000  
0.000000e+000  0.000000e+000  0.000000e+000  0.000000e+000  0.000000e+000  0.000000e+000  0.000000e+000  0.000000e+000  0.000000e+000  
0.000000e+000  0.000000e+000  0.000000e+000  0.000000e+000  0.000000e+000  0.000000e+000  0.000000e+000  0.000000e+000  0.000000e+000  
0.000000e+000  0.000000e+000  0.000000e+000  0.000000e+000  0.000000e+000  0.000000e+000  0.000000e+000  0.000000e+000  0.000000e+000  
0.000000e+000  0.000000e+000  0.000000e+000  0.000000e+000  0.000000e+000  0.000000e+000  0.000000e+000  0.000000e+000  0.000000e+000  
0.000000e+000  0.000000e+000  0.000000e+000  0.000000e+000  0.000000e+000  0.000000e+000  0.000000e+000  0.000000e+000  0.000000e+000  
0.000000e+000  0.000000e+000  0.000000e+000  0.000000e+000  0.000000e+000  0.000000e+000  0.000000e+000  0.000000e+000  0.000000e+000  
0.000000e+000  0.000000e+000  0.000000e+000  0.000000e+000  0.000000e+000  0.000000e+000  0.000000e+000  0.000000e+000  0.000000e+000  
0.000000e+000  0.000000e+000  0.000000e+000  0.000000e+000  0.000000e+000  0.000000e+000  0.000000e+000  0.000000e+000  0.000000e+000  
0.000000e+000  0.000000e+000  0.000000e+000  0.000000e+000  0.000000e+000  0.000000e+000  0.000000e+000  0.000000e+000  0.000000e+000  
0.000000e+000  0.000000e+000  0.000000e+000  0.000000e+000  0.000000e+000  0.000000e+000  0.000000e+000  0.000000e+000  0.000000e+000  
0.000000e+000  0.000000e+000  0.000000e+000  0.000000e+000  0.000000e+000  0.000000e+000  0.000000e+000  0.000000e+000  0.000000e+000  
0.000000e+000  0.000000e+000  0.000000e+000  0.000000e+000  0.000000e+000  0.000000e+000  0.000000e+000  0.000000e+000  0.000000e+000  
0.000000e+000  0.000000e+000  0.000000e+000  0.000000e+000  0.000000e+000  0.000000e+000  0.000000e+000  0.000000e+000  0.000000e+000  
0.000000e+000  0.000000e+000  0.000000e+000  0.000000e+000  0.000000e+000  0.000000e+000  0.000000e+000  0.000000e+000  0.000000e+000  
0.000000e+000  0.000000e+000  0.000000e+000  0.000000e+000  0.000000e+000  0.000000e+000  0.000000e+000  0.000000e+000  0.000000e+000  

0.000000e+000  -3.582581e-012  -6.468830e-012  2.298691e-011  2.799168e-011  1.321703e-011  2.911428e-011  9.245942e-012  0.000000e+000  
8.083608e-012  9.276240e-012  1.269924e-010  3.728103e-011  4.409515e-011  4.607707e-011  4.262154e-011  3.011729e-011  0.000000e+000  
4.129936e-011  5.276644e-011  4.399935e-011  5.546857e-011  6.438205e-011  6.593907e-011  6.006841e-011  4.167882e-011  0.000000e+000  
8.542800e-012  8.694946e-011  7.012508e-011  8.670055e-011  9.608520e-011  9.490248e-011  8.462148e-011  5.736972e-011  0.000000e+000  
6.602450e-012  1.516024e-011  1.379162e-010  1.429282e-010  1.439944e-010  1.357645e-010  1.182492e-010  7.835896e-011  0.000000e+000  
3.739046e-011  7.812835e-011  2.168380e-010  2.142527e-010  2.071339e-010  1.897314e-010  1.625698e-010  1.059106e-010  0.000000e+000  
0.000000e+000  0.000000e+000  3.028105e-010  2.971571e-010  2.840253e-010  2.570503e-010  2.185095e-010  1.409434e-010  0.000000e+000  
0.000000e+000  0.000000e+000  4.866201e-010  4.765497e-010  4.533263e-010  4.076712e-010  3.446287e-010  2.205825e-010  0.000000e+000  
0.000000e+000  0.000000e+000  9.648021e-010  9.446567e-010  8.979859e-010  8.065484e-010  6.809678e-010  4.349674e-010  0.000000e+000  
0.000000e+000  0.000000e+000  1.916886e-009  1.876830e-009  1.783957e-009  1.601995e-009  1.352327e-009  8.635154e-010  0.000000e+000  
0.000000e+000  0.000000e+000  3.773299e-009  3.694528e-009  3.511556e-009  3.153148e-009  2.661552e-009  1.699361e-009  0.000000e+000  
0.000000e+000  0.000000e+000  7.408712e-009  7.254151e-009  6.894658e-009  6.190506e-009  5.225093e-009  3.335873e-009  0.000000e+000  
0.000000e+000  0.000000e+000  1.453500e-008  1.423198e-008  1.352618e-008  1.214379e-008  1.024934e-008  6.542943e-009  0.000000e+000  
0.000000e+000  0.000000e+000  2.850470e-008  2.791091e-008  2.652570e-008  2.381270e-008  2.009653e-008  1.282799e-008  0.000000e+000  
0.000000e+000  0.000000e+000  5.588445e-008  5.472131e-008  5.200326e-008  4.668003e-008  3.939237e-008  2.514228e-008  0.000000e+000  
0.000000e+000  0.000000e+000  1.095316e-007  1.072540e-007  1.019218e-007  9.147931e-008  7.719146e-008  4.926212e-008  0.000000e+000  
0.000000e+000  0.000000e+000  2.146119e-007  2.101538e-007  1.996956e-007  1.792153e-007  1.512111e-007  9.648818e-008  0.000000e+000  
0.000000e+000  0.000000e+000  4.203610e-007  4.116387e-007  3.911313e-007  3.509745e-007  2.961030e-007  1.889185e-007  0.000000e+000  
0.000000e+000  0.000000e+000  8.230597e-007  8.060025e-007  7.658007e-007  6.870840e-007  5.796045e-007  3.697421e-007  0.000000e+000  
0.000000e+000  0.000000e+000  1.610888e-006  1.577549e-006  1.498761e-006  1.344504e-006  1.134055e-006  7.233203e-007  0.000000e+000  
0.000000e+000  0.000000e+000  3.151429e-006  3.086303e-006  2.931944e-006  2.629749e-006  2.217847e-006  1.414329e-006  0.000000e+000  
0.000000e+000  0.000000e+000  6.047712e-006  5.922932e-006  5.626248e-006  5.045462e-006  4.254606e-006  2.712655e-006  0.000000e+000  
0.000000e+000  0.000000e+000  9.636455e-006  9.437895e-006  8.964539e-006  8.037965e-006  6.777277e-006  4.320366e-006  0.000000e+000  
0.000000e+000  0.000000e+000  1.219169e-005  1.194065e-005  1.134139e-005  1.016842e-005  8.573108e-006  5.464738e-006  0.000000e+000  
0.000000e+000  0.000000e+000  1.546000e-005  1.514188e-005  1.438146e-005  1.289307e-005  1.086964e-005  6.928028e-006  0.000000e+000  
0.000000e+000  0.000000e+000  1.964442e-005  1.924049e-005  1.827356e-005  1.638102e-005  1.380933e-005  8.800919e-006  0.000000e+000  
0.000000e+000  0.000000e+000  2.500246e-005  2.448876e-005  2.325716e-005  2.084670e-005  1.757277e-005  1.119837e-005  0.000000e+000  
0.000000e+000  0.000000e+000  3.183705e-005  3.118346e-005  2.961395e-005  2.654228e-005  2.237233e-005  1.425552e-005  0.000000e+000  
0.000000e+000  0.000000e+000  4.785191e-005  4.687085e-005  4.450882e-005  3.988642e-005  3.361627e-005  2.141670e-005  0.000000e+000  
0.000000e+000  0.000000e+000  9.288747e-005  9.098777e-005  8.639183e-005  7.739886e-005  6.521817e-005  4.153775e-005  0.000000e+000  
0.000000e+000  0.000000e+000  1.842267e-004  1.804695e-004  1.713297e-004  1.534481e-004  1.292686e-004  8.230399e-005  0.000000e+000  
0.000000e+000  0.000000e+000  3.641131e-004  3.567101e-004  3.385922e-004  3.031509e-004  2.553149e-004  1.624955e-004  0.000000e+000  
0.000000e+000  0.000000e+000  7.184433e-004  7.038860e-004  6.680186e-004  5.978688e-004  5.033790e-004  3.202407e-004  0.000000e+000  
0.000000e+000  0.000000e+000  1.415741e-003  1.387164e-003  1.316221e-003  1.177498e-003  9.910678e-004  6.301926e-004  0.000000e+000  
0.000000e+000  0.000000e+000  2.786207e-003  2.730197e-003  2.589981e-003  2.315866e-003  1.948433e-003  1.238231e-003  0.000000e+000  
0.000000e+000  0.000000e+000  5.475776e-003  5.366170e-003  5.089185e-003  4.547862e-003  3.824419e-003  2.428574e-003  0.000000e+000  
0.000000e+000  0.000000e+000  1.074617e-002  1.053191e-002  9.984680e-003  8.915714e-003  7.492311e-003  4.752356e-003  0.000000e+000  
0.000000e+000  0.000000e+000  2.106055e-002  2.064152e-002  1.955817e-002  1.744382e-002  1.464229e-002  9.268814e-003  0.000000e+000  
0.000000e+000  0.000000e+000  4.123871e-002  4.041516e-002  3.825473e-002  3.404649e-002  2.851447e-002  1.797376e-002  0.000000e+000  
0.000000e+000  0.000000e+000  8.080644e-002  7.916234e-002  7.476148e-002  6.622791e-002  5.518357e-002  3.444173e-002  0.000000e+000  
0.000000e+000  0.000000e+000  1.591166e-001  1.557212e-001  1.462440e-001  1.280471e-001  1.053403e-001  6.416751e-002  0.000000e+000  
0.000000e+000  0.000000e+000  3.124116e-001  3.054117e-001  2.827492e-001  2.398075e-001  1.908667e-001  1.095263e-001  0.000000e+000  
0.000000e+000  0.000000e+000  5.134742e-001  5.057257e-001  4.554350e-001  3.590981e-001  2.670183e-001  1.374514e-001  0.000000e+000  
0.000000e+000  0.000000e+000  6.447640e-001  6.479023e-001  5.713735e-001  4.210044e-001  2.966360e-001  1.421138e-001  0.000000e+000  
0.000000e+000  0.000000e+000  7.648479e-001  8.166788e-001  6.956666e-001  4.528411e-001  2.936241e-001  1.284262e-001  0.000000e+000  
0.000000e+000  0.000000e+000  7.322339e-001  9.060501e-001  7.284261e-001  3.918930e-001  2.323300e-001  9.440122e-002  0.000000e+000  
0.000000e+000  0.000000e+000  4.254331e-001  4.904746e-001  3.817715e-001  2.221919e-001  1.316112e-001  5.196549e-002  0.000000e+000  
0.000000e+000  0.000000e+000  -1.561353e-011  0.000000e+000  -5.225125e-012  -4.484874e-012  -3.523711e-012  0.000000e+000  0.000000e+000  
0.000000e+000  0.000000e+000  -4.254331e-001  -4.904746e-001  -3.817715e-001  -2.221919e-001  -1.316112e-001  -5.196549e-002  0.000000e+000  
0.000000e+000  0.000000e+000  -7.322339e-001  -9.060501e-001  -7.284261e-001  -3.918930e-001  -2.323300e-001  -9.440122e-002  0.000000e+000  
0.000000e+000  0.000000e+000  -7.648479e-001  -8.166788e-001  -6.956666e-001  -4.528411e-001  -2.936241e-001  -1.284262e-001  0.000000e+000  
0.000000e+000  0.000000e+000  -6.447640e-001  -6.479023e-001  -5.713735e-001  -4.210044e-001  -2.966360e-001  -1.421138e-001  0.000000e+000  
0.000000e+000  0.000000e+000  -5.134742e-001  -5.057257e-001  -4.554350e-001  -3.590981e-001  -2.670183e-001  -1.374514e-001  0.000000e+000  
0.000000e+000  0.000000e+000  -3.124116e-001  -3.054117e-001  -2.827492e-001  -2.398075e-001  -1.908667e-001  -1.095263e-001  0.000000e+000  
0.000000e+000  0.000000e+000  -1.591166e-001  -1.557212e-001  -1.462440e-001  -1.280471e-001  -1.053403e-001  -6.416751e-002  0.000000e+000  
0.000000e+000  0.000000e+000  -8.080644e-002  -7.916234e-002  -7.476148e-002  -6.622791e-002  -5.518357e-002  -3.444173e-002  0.000000e+000  
0.000000e+000  0.000000e+000  -4.123871e-002  -4.041516e-002  -3.825473e-002  -3.404649e-002  -2.851447e-002  -1.797376e-002  0.000000e+000  
0.000000e+000  0.000000e+000  -2.106055e-002  -2.064152e-002  -1.955817e-002  -1.744382e-002  -1.464229e-002  -9.268814e-003  0.000000e+000  
0.000000e+000  0.000000e+000  -1.074617e-002  -1.053191e-002  -9.984680e-003  -8.915714e-003  -7.492311e-003  -4.752356e-003  0.000000e+000  
0.000000e+000  0.000000e+000  -5.475776e-003  -5.366170e-003  -5.089185e-003  -4.547862e-003  -3.824419e-003  -2.428574e-003  0.000000e+000  
0.000000e+000  0.000000e+000  -2.786207e-003  -2.730197e-003  -2.589981e-003  -2.315866e-003  -1.948433e-003  -1.238231e-003  0.000000e+000  
0.000000e+000  0.000000e+000  -1.415741e-003  -1.387164e-003  -1.316221e-003  -1.177498e-003  -9.910678e-004  -6.301926e-004  0.000000e+000  
0.000000e+000  0.000000e+000  -7.184433e-004  -7.038860e-004  -6.680186e-004  -5.978688e-004  -5.033790e-004  -3.202407e-004  0.000000e+000  
0.000000e+000  0.000000e+000  -3.641131e-004  -3.567101e-004  -3.385922e-004  -3.031509e-004  -2.553149e-004  -1.624955e-004  0.000000e+000  
0.000000e+000  0.000000e+000  -1.842267e-004  -1.804695e-004  -1.713297e-004  -1.534481e-004  -1.292686e-004  -8.230399e-005  0.000000e+000  
0.000000e+000  0.000000e+000  -9.288747e-005  -9.098777e-005  -8.639183e-005  -7.739886e-005  -6.521817e-005  -4.153775e-005  0.000000e+000  
0.000000e+000  0.000000e+000  -4.785191e-005  -4.687085e-005  -4.450882e-005  -3.988642e-005  -3.361627e-005  -2.141670e-005  0.000000e+000  
0.000000e+000  0.000000e+000  -3.183705e-005  -3.118347e-005  -2.961395e-005  -2.654228e-005  -2.237233e-005  -1.425552e-005  0.000000e+000  
0.000000e+000  0.000000e+000  -2.500246e-005  -2.448876e-005  -2.325716e-005  -2.084670e-005  -1.757277e-005  -1.119837e-005  0.000000e+000  
0.000000e+000  0.000000e+000  -1.964442e-005  -1.924049e-005  -1.827356e-005  -1.638102e-005  -1.380933e-005  -8.800919e-006  0.000000e+000  
0.000000e+000  0.000000e+000  -1.546000e-005  -1.514188e-005  -1.438146e-005  -1.289307e-005  -1.086964e-005  -6.928028e-006  0.000000e+000  
0.000000e+000  0.000000e+000  -1.219169e-005  -1.194065e-005  -1.134139e-005  -1.016842e-005  -8.573108e-006  -5.464738e-006  0.000000e+000  
0.000000e+000  0.000000e+000  -9.636455e-006  -9.437895e-006  -8.964539e-006  -8.037965e-006  -6.777277e-006  -4.320366e-006  0.000000e+000  
0.000000e+000  0.000000e+000  -6.047712e-006  -5.922932e-006  -5.626248e-006  -5.045462e-006  -4.254606e-006  -2.712655e-006  0.000000e+000  
0.000000e+000  0.000000e+000  -3.151429e-006  -3.086303e-006  -2.931944e-006  -2.629749e-006  -2.217847e-006  -1.414329e-006  0.000000e+000  
0.000000e+000  0.000000e+000  -1.610888e-006  -1.577549e-006  -1.498761e-006  -1.344504e-006  -1.134055e-006  -7.233203e-007  0.000000e+000  
0.000000e+000  0.000000e+000  -8.230597e-007  -8.060025e-007  -7.658007e-007  -6.870841e-007  -5.796045e-007  -3.697421e-007  0.000000e+000  
0.000000e+000  0.000000e+000  -4.203611e-007  -4.116388e-007  -3.911314e-007  -3.509746e-007  -2.961031e-007  -1.889185e-007  0.000000e+000  
0.000000e+000  0.000000e+000  -2.146121e-007  -2.101540e-007  -1.996957e-007  -1.792154e-007  -1.512113e-007  -9.648824e-008  0.000000e+000  
0.000000e+000  0.000000e+000  -1.095317e-007  -1.072541e-007  -1.019219e-007  -9.147942e-008  -7.719157e-008  -4.926220e-008  0.000000e+000  
0.000000e+000  0.000000e+000  -5.588450e-008  -5.472137e-008  -5.200332e-008  -4.668010e-008  -3.939243e-008  -2.514233e-008  0.000000e+000  
0.000000e+000  0.000000e+000  -2.850476e-008  -2.791097e-008  -2.652577e-008  -2.381275e-008  -2.009657e-008  -1.282802e-008  0.000000e+000  
0.000000e+000  0.000000e+000  -1.453497e-008  -1.423197e-008  -1.352617e-008  -1.214377e-008  -1.024930e-008  -6.542932e-009  0.000000e+000  
0.000000e+000  0.000000e+000  -7.408725e-009  -7.254178e-009  -6.894684e-009  -6.190530e-009  -5.225119e-009  -3.335900e-009  0.000000e+000  
0.000000e+000  0.000000e+000  -3.773326e-009  -3.694548e-009  -3.511574e-009  -3.153179e-009  -2.661589e-009  -1.699385e-009  0.000000e+000  
0.000000e+000  0.000000e+000  -1.916890e-009  -1.876838e-009  -1.783962e-009  -1.602005e-009  -1.352336e-009  -8.635310e-010  0.000000e+000  
0.000000e+000  0.000000e+000  -9.647407e-010  -9.446053e-010  -8.979243e-010  -8.064863e-010  -6.809195e-010  -4.349226e-010  0.000000e+000  
0.000000e+000  0.000000e+000  -4.866149e-010  -4.765684e-010  -4.533416e-010  -4.076748e-010  -3.446196e-010  -2.205857e-010  0.000000e+000  
0.000000e+000  0.000000e+000  -3.028181e-010  -2.972177e-010  -2.840376e-010  -2.571302e-010  -2.185327e-010  -1.409675e-010  0.000000e+000  
-3.741025e-011  -7.819942e-011  -2.168754e-010  -2.143355e-010  -2.071931e-010  -1.897718e-010  -1.626567e-010  -1.059608e-010  0.000000e+000  
-6.606785e-012  -1.519588e-011  -1.380036e-010  -1.430178e-010  -1.440396e-010  -1.358674e-010  -1.183384e-010  -7.843152e-011  0.000000e+000  
-8.556245e-012  -8.687230e-011  -7.020501e-011  -8.674575e-011  -9.620635e-011  -9.497222e-011  -8.471833e-011  -5.745491e-011  0.000000e+000  
-4.132194e-011  -5.284136e-011  -4.400778e-011  -5.555246e-011  -6.447322e-011  -6.601354e-011  -6.018073e-011  -4.175313e-011  0.000000e+000  
-8.102337e-012  -9.261662e-012  -1.270082e-010  -3.733367e-011  -4.416242e-011  -4.619066e-011  -4.270335e-011  -3.018956e-011  0.000000e+000  
0.000000e+000  3.578118e-012  6.457364e-012  -2.299290e-011  -2.799055e-011  -1.326198e-011  -2.911679e-011  -9.279436e-012  0.000000e+000  
0.000000e+000  0.000000e+000  0.000000e+000  0.000000e+000  0.000000e+000  0.000000e+000  0.000000e+000  0.000000e+000  0.000000e+000  

