Port monitor named: Port1_e1.prt

nx        = 126
ny        = 99
nz        = 21

nu        = 9
nv        = 116
iu        = 8
iv        = 6

idir      = 1
dcut      = -1.047000e-001
icut      = 6
type      = 0
frequency = 1.800000e+009

fcutoff   = 0.000000e+000
alpha     = 0.000000e+000
beta      = 6.981433e+001
accuracy  = 6.574317e-014

type          = QTEM
wave imp.     = 2.044735e+002
wave imp.sig. = 2.566411e-011
line imp.     = 4.908030e+001

ref. port     = 0

-0.000000e+000  -0.000000e+000  -0.000000e+000  -0.000000e+000  -0.000000e+000  -0.000000e+000  -0.000000e+000  -6.385005e-010  -0.000000e+000  
-0.000000e+000  -0.000000e+000  -0.000000e+000  -1.689910e-009  -2.130999e-009  -2.310404e-009  -2.153181e-009  -1.499773e-009  -0.000000e+000  
-0.000000e+000  -0.000000e+000  -1.679686e-009  -2.576225e-009  -3.550476e-009  -3.696808e-009  -3.257655e-009  -2.091984e-009  -0.000000e+000  
-0.000000e+000  -0.000000e+000  -1.731628e-009  -3.839303e-009  -6.213645e-009  -5.797935e-009  -4.725573e-009  -2.808400e-009  -0.000000e+000  
2.644279e-009  7.982332e-009  -6.391072e-009  -5.806676e-009  -1.280606e-008  -8.708738e-009  -6.377226e-009  -3.571787e-009  -0.000000e+000  
-0.000000e+000  3.270742e-009  -4.719903e-009  -3.718766e-009  -1.207089e-008  -9.582684e-009  -7.417009e-009  -4.291996e-009  -0.000000e+000  
-0.000000e+000  -0.000000e+000  -3.383528e-009  -3.025162e-009  -1.168881e-008  -1.011420e-008  -8.247163e-009  -5.017778e-009  -0.000000e+000  
-0.000000e+000  -0.000000e+000  -3.107616e-009  -2.954707e-009  -1.226382e-008  -1.107785e-008  -9.331151e-009  -5.903100e-009  -0.000000e+000  
-0.000000e+000  -0.000000e+000  -4.558509e-009  -4.430718e-009  -1.885509e-008  -1.739847e-008  -1.497269e-008  -9.804209e-009  -0.000000e+000  
-0.000000e+000  -0.000000e+000  -9.018915e-009  -8.778442e-009  -3.742849e-008  -3.460804e-008  -2.985886e-008  -1.964538e-008  -0.000000e+000  
-0.000000e+000  -0.000000e+000  -1.910108e-008  -1.859410e-008  -7.928687e-008  -7.332549e-008  -6.327690e-008  -4.165021e-008  -0.000000e+000  
-0.000000e+000  -0.000000e+000  -4.105175e-008  -3.996224e-008  -1.704036e-007  -1.575902e-007  -1.359954e-007  -8.952092e-008  -0.000000e+000  
-0.000000e+000  -0.000000e+000  -8.850239e-008  -8.615332e-008  -3.673704e-007  -3.397483e-007  -2.931927e-007  -1.929965e-007  -0.000000e+000  
-0.000000e+000  -0.000000e+000  -1.909308e-007  -1.858636e-007  -7.925463e-007  -7.329563e-007  -6.325195e-007  -4.163610e-007  -0.000000e+000  
-0.000000e+000  -0.000000e+000  -4.119637e-007  -4.010306e-007  -1.710046e-006  -1.581468e-006  -1.364760e-006  -8.983654e-007  -0.000000e+000  
-0.000000e+000  -0.000000e+000  -8.889025e-007  -8.653116e-007  -3.689801e-006  -3.412366e-006  -2.944771e-006  -1.938422e-006  -0.000000e+000  
-0.000000e+000  -0.000000e+000  -1.918013e-006  -1.867111e-006  -7.961601e-006  -7.362971e-006  -6.354027e-006  -4.182594e-006  -0.000000e+000  
-0.000000e+000  -0.000000e+000  -4.138562e-006  -4.028730e-006  -1.717902e-005  -1.588734e-005  -1.371030e-005  -9.024925e-006  -0.000000e+000  
-0.000000e+000  -0.000000e+000  -8.929919e-006  -8.692929e-006  -3.706776e-005  -3.428065e-005  -2.958319e-005  -1.947339e-005  -0.000000e+000  
-0.000000e+000  -0.000000e+000  -1.926839e-005  -1.875703e-005  -7.998238e-005  -7.396854e-005  -6.383266e-005  -4.201841e-005  -0.000000e+000  
-0.000000e+000  -0.000000e+000  -4.157608e-005  -4.047270e-005  -1.725807e-004  -1.596045e-004  -1.377339e-004  -9.066457e-005  -0.000000e+000  
-0.000000e+000  -0.000000e+000  -8.971015e-005  -8.732934e-005  -3.723834e-004  -3.443841e-004  -2.971933e-004  -1.956301e-004  -0.000000e+000  
-0.000000e+000  -0.000000e+000  -1.847771e-004  -1.798733e-004  -7.670028e-004  -7.093321e-004  -6.121327e-004  -4.029417e-004  -0.000000e+000  
-0.000000e+000  -0.000000e+000  -2.465013e-004  -2.399594e-004  -1.023218e-003  -9.462823e-004  -8.166136e-004  -5.375431e-004  -0.000000e+000  
-0.000000e+000  -0.000000e+000  -3.271350e-004  -3.184532e-004  -1.357925e-003  -1.255823e-003  -1.083738e-003  -7.133803e-004  -0.000000e+000  
-0.000000e+000  -0.000000e+000  -4.328638e-004  -4.213761e-004  -1.796802e-003  -1.661701e-003  -1.433999e-003  -9.439422e-004  -0.000000e+000  
-0.000000e+000  -0.000000e+000  -5.660551e-004  -5.510326e-004  -2.349673e-003  -2.173002e-003  -1.875237e-003  -1.234391e-003  -0.000000e+000  
-0.000000e+000  -0.000000e+000  -7.395094e-004  -7.198837e-004  -3.069676e-003  -2.838868e-003  -2.449859e-003  -1.612641e-003  -0.000000e+000  
-0.000000e+000  -0.000000e+000  -9.655646e-004  -9.399396e-004  -4.008022e-003  -3.706661e-003  -3.198738e-003  -2.105598e-003  -0.000000e+000  
-0.000000e+000  -0.000000e+000  -1.717720e-003  -1.672133e-003  -7.130189e-003  -6.594073e-003  -5.690490e-003  -3.745814e-003  -0.000000e+000  
-0.000000e+000  -0.000000e+000  -3.355180e-003  -3.266138e-003  -1.392723e-002  -1.288004e-002  -1.111509e-002  -7.316606e-003  -0.000000e+000  
-0.000000e+000  -0.000000e+000  -6.049560e-003  -5.889011e-003  -2.511149e-002  -2.322336e-002  -2.004107e-002  -1.319220e-002  -0.000000e+000  
-0.000000e+000  -0.000000e+000  -7.952186e-003  -7.741143e-003  -3.300921e-002  -3.052725e-002  -2.634410e-002  -1.734121e-002  -0.000000e+000  
-0.000000e+000  -0.000000e+000  -1.042045e-002  -1.014390e-002  -4.325487e-002  -4.000253e-002  -3.452097e-002  -2.272369e-002  -0.000000e+000  
-0.000000e+000  -0.000000e+000  -1.362992e-002  -1.326819e-002  -5.657723e-002  -5.232317e-002  -4.515329e-002  -2.972246e-002  -0.000000e+000  
-0.000000e+000  -0.000000e+000  -1.757472e-002  -1.710830e-002  -7.295193e-002  -6.746662e-002  -5.822158e-002  -3.832469e-002  -0.000000e+000  
-0.000000e+000  -0.000000e+000  -2.264662e-002  -2.204559e-002  -9.400511e-002  -8.693674e-002  -7.502361e-002  -4.938460e-002  -0.000000e+000  
-0.000000e+000  -0.000000e+000  -2.917090e-002  -2.839670e-002  -1.210870e-001  -1.119822e-001  -9.663686e-002  -6.361140e-002  -0.000000e+000  
-0.000000e+000  -0.000000e+000  -4.015185e-002  -3.908619e-002  -1.666681e-001  -1.541357e-001  -1.330136e-001  -8.755585e-002  -0.000000e+000  
-0.000000e+000  -0.000000e+000  -5.172193e-002  -5.034914e-002  -2.146943e-001  -1.985502e-001  -1.713411e-001  -1.127839e-001  -0.000000e+000  
-0.000000e+000  -0.000000e+000  -6.660931e-002  -6.484128e-002  -2.764900e-001  -2.556981e-001  -2.206563e-001  -1.452434e-001  -0.000000e+000  
-0.000000e+000  -0.000000e+000  -8.576906e-002  -8.349230e-002  -3.560188e-001  -3.292448e-001  -2.841216e-001  -1.870149e-001  -0.000000e+000  
-0.000000e+000  -0.000000e+000  -1.126546e-001  -1.096638e-001  -4.676143e-001  -4.324443e-001  -3.731728e-001  -2.456228e-001  -0.000000e+000  
-0.000000e+000  -0.000000e+000  -1.479777e-001  -1.440483e-001  -6.142279e-001  -5.680237e-001  -4.901596e-001  -3.226085e-001  -0.000000e+000  
-0.000000e+000  -0.000000e+000  -1.943861e-001  -1.892228e-001  -8.068451e-001  -7.461369e-001  -6.438375e-001  -4.237241e-001  -0.000000e+000  
-0.000000e+000  -0.000000e+000  -3.746721e-001  -3.647081e-001  -1.555049e+000  -1.437935e+000  -1.240639e+000  -8.162658e-001  -0.000000e+000  
-0.000000e+000  -0.000000e+000  -7.770911e-001  -7.563506e-001  -3.224531e+000  -2.981011e+000  -2.571091e+000  -1.690236e+000  -0.000000e+000  
-0.000000e+000  -0.000000e+000  -1.624561e+000  -1.580746e+000  -6.736679e+000  -6.223939e+000  -5.362837e+000  -3.517568e+000  -0.000000e+000  
-0.000000e+000  -0.000000e+000  -3.412560e+000  -3.317627e+000  -1.412325e+001  -1.302472e+001  -1.119248e+001  -7.296477e+000  -0.000000e+000  
-0.000000e+000  -0.000000e+000  -7.240555e+000  -7.018989e+000  -2.977491e+001  -2.731487e+001  -2.329760e+001  -1.494026e+001  -0.000000e+000  
-0.000000e+000  -0.000000e+000  -1.584440e+001  -1.519924e+001  -6.366904e+001  -5.748427e+001  -4.801782e+001  -2.947934e+001  -0.000000e+000  
-0.000000e+000  -0.000000e+000  -3.846069e+001  -3.541268e+001  -1.411392e+002  -1.211135e+002  -9.535770e+001  -5.213315e+001  -0.000000e+000  
-0.000000e+000  -0.000000e+000  -1.170630e+002  -9.484545e+001  -3.145978e+002  -2.304846e+002  -1.535814e+002  -6.089293e+001  -0.000000e+000  
-0.000000e+000  -0.000000e+000  -2.616599e+002  -1.846671e+002  -4.514996e+002  -2.612188e+002  -1.382613e+002  -3.463921e+001  -0.000000e+000  
-0.000000e+000  -0.000000e+000  -6.304828e+002  -4.070334e+002  -5.928702e+002  -2.109849e+002  -5.273328e+001  1.920972e+001  -0.000000e+000  
-0.000000e+000  -0.000000e+000  -1.650400e+003  -1.158442e+003  -4.400722e+002  1.124454e+002  1.712990e+002  1.033731e+002  -0.000000e+000  
-0.000000e+000  -0.000000e+000  -3.303400e+003  -3.838739e+003  1.633554e+003  7.331484e+002  4.147278e+002  1.666426e+002  -0.000000e+000  
-0.000000e+000  -0.000000e+000  -4.132222e+003  -4.613584e+003  1.739387e+003  9.761656e+002  5.565409e+002  2.073570e+002  -0.000000e+000  
-0.000000e+000  -0.000000e+000  -4.132222e+003  -4.613584e+003  1.739387e+003  9.761656e+002  5.565409e+002  2.073570e+002  -0.000000e+000  
-0.000000e+000  -0.000000e+000  -3.303400e+003  -3.838739e+003  1.633554e+003  7.331484e+002  4.147278e+002  1.666426e+002  -0.000000e+000  
-0.000000e+000  -0.000000e+000  -1.650400e+003  -1.158442e+003  -4.400722e+002  1.124454e+002  1.712990e+002  1.033731e+002  -0.000000e+000  
-0.000000e+000  -0.000000e+000  -6.304828e+002  -4.070334e+002  -5.928702e+002  -2.109849e+002  -5.273328e+001  1.920972e+001  -0.000000e+000  
-0.000000e+000  -0.000000e+000  -2.616599e+002  -1.846671e+002  -4.514996e+002  -2.612188e+002  -1.382613e+002  -3.463921e+001  -0.000000e+000  
-0.000000e+000  -0.000000e+000  -1.170630e+002  -9.484545e+001  -3.145978e+002  -2.304846e+002  -1.535814e+002  -6.089293e+001  -0.000000e+000  
-0.000000e+000  -0.000000e+000  -3.846069e+001  -3.541268e+001  -1.411392e+002  -1.211135e+002  -9.535770e+001  -5.213315e+001  -0.000000e+000  
-0.000000e+000  -0.000000e+000  -1.584440e+001  -1.519924e+001  -6.366904e+001  -5.748427e+001  -4.801782e+001  -2.947934e+001  -0.000000e+000  
-0.000000e+000  -0.000000e+000  -7.240555e+000  -7.018989e+000  -2.977491e+001  -2.731487e+001  -2.329760e+001  -1.494026e+001  -0.000000e+000  
-0.000000e+000  -0.000000e+000  -3.412560e+000  -3.317627e+000  -1.412325e+001  -1.302472e+001  -1.119248e+001  -7.296477e+000  -0.000000e+000  
-0.000000e+000  -0.000000e+000  -1.624561e+000  -1.580746e+000  -6.736679e+000  -6.223939e+000  -5.362837e+000  -3.517568e+000  -0.000000e+000  
-0.000000e+000  -0.000000e+000  -7.770911e-001  -7.563506e-001  -3.224531e+000  -2.981011e+000  -2.571091e+000  -1.690236e+000  -0.000000e+000  
-0.000000e+000  -0.000000e+000  -3.746721e-001  -3.647081e-001  -1.555049e+000  -1.437935e+000  -1.240639e+000  -8.162658e-001  -0.000000e+000  
-0.000000e+000  -0.000000e+000  -1.943861e-001  -1.892228e-001  -8.068451e-001  -7.461369e-001  -6.438375e-001  -4.237241e-001  -0.000000e+000  
-0.000000e+000  -0.000000e+000  -1.479777e-001  -1.440483e-001  -6.142279e-001  -5.680237e-001  -4.901596e-001  -3.226085e-001  -0.000000e+000  
-0.000000e+000  -0.000000e+000  -1.126546e-001  -1.096638e-001  -4.676143e-001  -4.324443e-001  -3.731728e-001  -2.456228e-001  -0.000000e+000  
-0.000000e+000  -0.000000e+000  -8.576906e-002  -8.349230e-002  -3.560188e-001  -3.292448e-001  -2.841216e-001  -1.870149e-001  -0.000000e+000  
-0.000000e+000  -0.000000e+000  -6.660931e-002  -6.484128e-002  -2.764900e-001  -2.556981e-001  -2.206563e-001  -1.452434e-001  -0.000000e+000  
-0.000000e+000  -0.000000e+000  -5.172193e-002  -5.034914e-002  -2.146943e-001  -1.985502e-001  -1.713411e-001  -1.127839e-001  -0.000000e+000  
-0.000000e+000  -0.000000e+000  -4.015185e-002  -3.908619e-002  -1.666681e-001  -1.541357e-001  -1.330136e-001  -8.755585e-002  -0.000000e+000  
-0.000000e+000  -0.000000e+000  -2.917090e-002  -2.839670e-002  -1.210870e-001  -1.119822e-001  -9.663686e-002  -6.361140e-002  -0.000000e+000  
-0.000000e+000  -0.000000e+000  -2.264662e-002  -2.204559e-002  -9.400511e-002  -8.693674e-002  -7.502361e-002  -4.938460e-002  -0.000000e+000  
-0.000000e+000  -0.000000e+000  -1.757472e-002  -1.710830e-002  -7.295193e-002  -6.746662e-002  -5.822158e-002  -3.832469e-002  -0.000000e+000  
-0.000000e+000  -0.000000e+000  -1.362992e-002  -1.326819e-002  -5.657723e-002  -5.232317e-002  -4.515329e-002  -2.972246e-002  -0.000000e+000  
-0.000000e+000  -0.000000e+000  -1.042045e-002  -1.014390e-002  -4.325487e-002  -4.000253e-002  -3.452097e-002  -2.272369e-002  -0.000000e+000  
-0.000000e+000  -0.000000e+000  -7.952186e-003  -7.741143e-003  -3.300921e-002  -3.052725e-002  -2.634410e-002  -1.734121e-002  -0.000000e+000  
-0.000000e+000  -0.000000e+000  -6.049560e-003  -5.889011e-003  -2.511149e-002  -2.322336e-002  -2.004107e-002  -1.319220e-002  -0.000000e+000  
-0.000000e+000  -0.000000e+000  -3.355180e-003  -3.266138e-003  -1.392723e-002  -1.288004e-002  -1.111509e-002  -7.316606e-003  -0.000000e+000  
-0.000000e+000  -0.000000e+000  -1.717720e-003  -1.672133e-003  -7.130189e-003  -6.594073e-003  -5.690490e-003  -3.745814e-003  -0.000000e+000  
-0.000000e+000  -0.000000e+000  -9.655646e-004  -9.399396e-004  -4.008022e-003  -3.706661e-003  -3.198738e-003  -2.105598e-003  -0.000000e+000  
-0.000000e+000  -0.000000e+000  -7.395094e-004  -7.198837e-004  -3.069676e-003  -2.838868e-003  -2.449859e-003  -1.612641e-003  -0.000000e+000  
-0.000000e+000  -0.000000e+000  -5.660551e-004  -5.510326e-004  -2.349673e-003  -2.173002e-003  -1.875237e-003  -1.234391e-003  -0.000000e+000  
-0.000000e+000  -0.000000e+000  -4.328638e-004  -4.213761e-004  -1.796802e-003  -1.661701e-003  -1.433999e-003  -9.439422e-004  -0.000000e+000  
-0.000000e+000  -0.000000e+000  -3.271350e-004  -3.184532e-004  -1.357925e-003  -1.255823e-003  -1.083738e-003  -7.133803e-004  -0.000000e+000  
-0.000000e+000  -0.000000e+000  -2.465013e-004  -2.399594e-004  -1.023218e-003  -9.462823e-004  -8.166136e-004  -5.375431e-004  -0.000000e+000  
-0.000000e+000  -0.000000e+000  -1.847771e-004  -1.798733e-004  -7.670028e-004  -7.093321e-004  -6.121327e-004  -4.029417e-004  -0.000000e+000  
-0.000000e+000  -0.000000e+000  -8.971015e-005  -8.732934e-005  -3.723834e-004  -3.443841e-004  -2.971933e-004  -1.956301e-004  -0.000000e+000  
-0.000000e+000  -0.000000e+000  -4.157608e-005  -4.047270e-005  -1.725807e-004  -1.596045e-004  -1.377339e-004  -9.066457e-005  -0.000000e+000  
-0.000000e+000  -0.000000e+000  -1.926839e-005  -1.875703e-005  -7.998238e-005  -7.396854e-005  -6.383266e-005  -4.201841e-005  -0.000000e+000  
-0.000000e+000  -0.000000e+000  -8.929919e-006  -8.692929e-006  -3.706776e-005  -3.428065e-005  -2.958319e-005  -1.947339e-005  -0.000000e+000  
-0.000000e+000  -0.000000e+000  -4.138563e-006  -4.028730e-006  -1.717902e-005  -1.588733e-005  -1.371030e-005  -9.024927e-006  -0.000000e+000  
-0.000000e+000  -0.000000e+000  -1.918013e-006  -1.867112e-006  -7.961602e-006  -7.362973e-006  -6.354028e-006  -4.182594e-006  -0.000000e+000  
-0.000000e+000  -0.000000e+000  -8.889025e-007  -8.653124e-007  -3.689802e-006  -3.412368e-006  -2.944772e-006  -1.938422e-006  -0.000000e+000  
-0.000000e+000  -0.000000e+000  -4.119641e-007  -4.010308e-007  -1.710047e-006  -1.581470e-006  -1.364762e-006  -8.983660e-007  -0.000000e+000  
-0.000000e+000  -0.000000e+000  -1.909316e-007  -1.858643e-007  -7.925494e-007  -7.329578e-007  -6.325208e-007  -4.163623e-007  -0.000000e+000  
-0.000000e+000  -0.000000e+000  -8.850283e-008  -8.615474e-008  -3.673732e-007  -3.397508e-007  -2.931945e-007  -1.929975e-007  -0.000000e+000  
-0.000000e+000  -0.000000e+000  -4.105146e-008  -3.996229e-008  -1.704028e-007  -1.575900e-007  -1.359956e-007  -8.952093e-008  -0.000000e+000  
-0.000000e+000  -0.000000e+000  -1.910043e-008  -1.859323e-008  -7.928476e-008  -7.332304e-008  -6.327451e-008  -4.164792e-008  -0.000000e+000  
-0.000000e+000  -0.000000e+000  -9.017828e-009  -8.777535e-009  -3.742473e-008  -3.460440e-008  -2.985598e-008  -1.964439e-008  -0.000000e+000  
-0.000000e+000  -0.000000e+000  -4.556459e-009  -4.428521e-009  -1.884604e-008  -1.739052e-008  -1.496605e-008  -9.799730e-009  -0.000000e+000  
-0.000000e+000  -0.000000e+000  -3.102888e-009  -2.949780e-009  -1.224659e-008  -1.106314e-008  -9.319108e-009  -5.895512e-009  -0.000000e+000  
-0.000000e+000  -0.000000e+000  -3.376608e-009  -3.019678e-009  -1.166880e-008  -1.009628e-008  -8.233737e-009  -5.010023e-009  -0.000000e+000  
-0.000000e+000  3.263843e-009  -4.709640e-009  -3.710984e-009  -1.204576e-008  -9.563948e-009  -7.402302e-009  -4.284469e-009  -0.000000e+000  
2.638021e-009  7.966274e-009  -6.376611e-009  -5.793976e-009  -1.277988e-008  -8.690533e-009  -6.363652e-009  -3.565230e-009  -0.000000e+000  
-0.000000e+000  -0.000000e+000  -1.728312e-009  -3.830994e-009  -6.200693e-009  -5.785517e-009  -4.714823e-009  -2.803084e-009  -0.000000e+000  
-0.000000e+000  -0.000000e+000  -1.676302e-009  -2.570799e-009  -3.542590e-009  -3.688390e-009  -3.249645e-009  -2.087786e-009  -0.000000e+000  
-0.000000e+000  -0.000000e+000  -0.000000e+000  -1.685414e-009  -2.126466e-009  -2.305579e-009  -2.148333e-009  -1.496510e-009  -0.000000e+000  
-0.000000e+000  -0.000000e+000  -0.000000e+000  -0.000000e+000  -0.000000e+000  -0.000000e+000  -0.000000e+000  -6.356613e-010  -0.000000e+000  

4.311774e-009  4.302264e-009  4.275477e-009  4.227621e-009  4.155808e-009  4.003522e-009  3.839411e-009  3.695500e-009  3.510582e-009  
9.195981e-009  9.263760e-009  9.342601e-009  9.322128e-009  9.088126e-009  8.320119e-009  7.606738e-009  7.110676e-009  6.722123e-009  
1.093284e-008  1.126394e-008  1.169143e-008  1.200755e-008  1.169296e-008  1.002680e-008  8.897426e-009  8.279502e-009  7.949830e-009  
1.140348e-008  1.307952e-008  1.439018e-008  1.654531e-008  1.605689e-008  1.116157e-008  9.640198e-009  9.152680e-009  9.147870e-009  
5.116991e-009  4.415451e-009  -0.000000e+000  3.587292e-009  5.924745e-009  8.337661e-009  9.216053e-009  9.732525e-009  1.042094e-008  
1.766686e-009  1.256504e-009  -0.000000e+000  2.490036e-009  4.586439e-009  7.456517e-009  9.299755e-009  1.054592e-008  1.196032e-008  
-0.000000e+000  -0.000000e+000  -0.000000e+000  2.559406e-009  4.954608e-009  7.914429e-009  1.019709e-008  1.190143e-008  1.394327e-008  
-0.000000e+000  -0.000000e+000  -0.000000e+000  3.563200e-009  7.040964e-009  1.040070e-008  1.328982e-008  1.563131e-008  1.869477e-008  
-0.000000e+000  -0.000000e+000  -0.000000e+000  6.875404e-009  1.361118e-008  1.896357e-008  2.360609e-008  2.741474e-008  3.250563e-008  
-0.000000e+000  -0.000000e+000  -0.000000e+000  1.354152e-008  2.681198e-008  3.607748e-008  4.404570e-008  5.054264e-008  5.915676e-008  
-0.000000e+000  -0.000000e+000  -0.000000e+000  2.649042e-008  5.245244e-008  6.833337e-008  8.182806e-008  9.272159e-008  1.069433e-007  
-0.000000e+000  -0.000000e+000  -0.000000e+000  5.165339e-008  1.022834e-007  1.285566e-007  1.504876e-007  1.679212e-007  1.901251e-007  
-0.000000e+000  -0.000000e+000  -0.000000e+000  1.004849e-007  1.989922e-007  2.398895e-007  2.730175e-007  2.986459e-007  3.298035e-007  
-0.000000e+000  -0.000000e+000  -0.000000e+000  1.950343e-007  3.862596e-007  4.432044e-007  4.865567e-007  5.180968e-007  5.521331e-007  
-0.000000e+000  -0.000000e+000  -0.000000e+000  3.776083e-007  7.479057e-007  8.087047e-007  8.464644e-007  8.674039e-007  8.750204e-007  
-0.000000e+000  -0.000000e+000  -0.000000e+000  7.290391e-007  1.444107e-006  1.452180e-006  1.423018e-006  1.374753e-006  1.260638e-006  
-0.000000e+000  -0.000000e+000  -0.000000e+000  1.403013e-006  2.779456e-006  2.552693e-006  2.270330e-006  1.980845e-006  1.475679e-006  
-0.000000e+000  -0.000000e+000  -0.000000e+000  2.690033e-006  5.329827e-006  4.356218e-006  3.311719e-006  2.319480e-006  7.158953e-007  
-0.000000e+000  -0.000000e+000  -0.000000e+000  5.135381e-006  1.017643e-005  7.115047e-006  3.998051e-006  1.127948e-006  -3.350775e-006  
-0.000000e+000  -0.000000e+000  -0.000000e+000  9.753902e-006  1.933215e-005  1.082127e-005  2.383461e-006  -5.255582e-006  -1.693981e-005  
-0.000000e+000  -0.000000e+000  -0.000000e+000  1.841458e-005  3.650548e-005  1.436241e-005  -7.240043e-006  -2.659131e-005  -5.580988e-005  
-0.000000e+000  -0.000000e+000  -0.000000e+000  3.396876e-005  6.735785e-005  1.320592e-005  -3.906686e-005  -8.555933e-005  -1.551383e-004  
-0.000000e+000  -0.000000e+000  -0.000000e+000  5.226049e-005  1.036539e-004  1.406735e-006  -9.669438e-005  -1.835862e-004  -3.129479e-004  
-0.000000e+000  -0.000000e+000  -0.000000e+000  6.472818e-005  1.283982e-004  -1.025966e-005  -1.429858e-004  -2.603583e-004  -4.347445e-004  
-0.000000e+000  -0.000000e+000  -0.000000e+000  8.018680e-005  1.590846e-004  -2.945565e-005  -2.095362e-004  -3.685452e-004  -6.043397e-004  
-0.000000e+000  -0.000000e+000  -0.000000e+000  9.893098e-005  1.963013e-004  -5.893154e-005  -3.022278e-004  -5.167599e-004  -8.343309e-004  
-0.000000e+000  -0.000000e+000  -0.000000e+000  1.214027e-004  2.409292e-004  -1.021348e-004  -4.285719e-004  -7.160590e-004  -1.140951e-003  
-0.000000e+000  -0.000000e+000  -0.000000e+000  1.487746e-004  2.953027e-004  -1.653575e-004  -6.029744e-004  -9.879359e-004  -1.556057e-003  
-0.000000e+000  -0.000000e+000  -0.000000e+000  2.024706e-004  4.019986e-004  -3.125838e-004  -9.899961e-004  -1.585025e-003  -2.461501e-003  
-0.000000e+000  -0.000000e+000  -0.000000e+000  3.238259e-004  6.433069e-004  -7.760177e-004  -2.117571e-003  -3.293545e-003  -5.021144e-003  
-0.000000e+000  -0.000000e+000  -0.000000e+000  5.154542e-004  1.024780e-003  -1.836308e-003  -4.533709e-003  -6.893922e-003  -1.035314e-002  
-0.000000e+000  -0.000000e+000  -0.000000e+000  7.004784e-004  1.393650e-003  -3.275731e-003  -7.670883e-003  -1.151223e-002  -1.713389e-002  
-0.000000e+000  -0.000000e+000  -0.000000e+000  8.334936e-004  1.659090e-003  -4.506485e-003  -1.030535e-002  -1.537069e-002  -2.277815e-002  
-0.000000e+000  -0.000000e+000  -0.000000e+000  9.863201e-004  1.964421e-003  -6.192588e-003  -1.385858e-002  -2.055122e-002  -3.033145e-002  
-0.000000e+000  -0.000000e+000  -0.000000e+000  1.155095e-003  2.302110e-003  -8.431402e-003  -1.851161e-002  -2.730745e-002  -4.015258e-002  
-0.000000e+000  -0.000000e+000  -0.000000e+000  1.337086e-003  2.666897e-003  -1.134588e-002  -2.449713e-002  -3.596735e-002  -5.270773e-002  
-0.000000e+000  -0.000000e+000  -0.000000e+000  1.534233e-003  3.063015e-003  -1.522907e-002  -3.238585e-002  -4.734293e-002  -6.915944e-002  
-0.000000e+000  -0.000000e+000  -0.000000e+000  1.769489e-003  3.537314e-003  -2.108668e-002  -4.416740e-002  -6.427952e-002  -9.359701e-002  
-0.000000e+000  -0.000000e+000  -0.000000e+000  2.004939e-003  4.015290e-003  -2.945119e-002  -6.079985e-002  -8.810367e-002  -1.278795e-001  
-0.000000e+000  -0.000000e+000  -0.000000e+000  2.194287e-003  4.403665e-003  -3.921124e-002  -8.004467e-002  -1.155958e-001  -1.673595e-001  
-0.000000e+000  -0.000000e+000  -0.000000e+000  2.340868e-003  4.711364e-003  -5.211305e-002  -1.052868e-001  -1.515647e-001  -2.189124e-001  
-0.000000e+000  -0.000000e+000  -0.000000e+000  2.410679e-003  4.873166e-003  -6.982729e-002  -1.396936e-001  -2.004765e-001  -2.888863e-001  
-0.000000e+000  -0.000000e+000  -0.000000e+000  2.325426e-003  4.736823e-003  -9.461220e-002  -1.874847e-001  -2.682508e-001  -3.856595e-001  
-0.000000e+000  -0.000000e+000  -0.000000e+000  1.982834e-003  4.101586e-003  -1.279589e-001  -2.513484e-001  -3.586104e-001  -5.144405e-001  
-0.000000e+000  -0.000000e+000  -0.000000e+000  6.769977e-004  1.616599e-003  -2.065232e-001  -4.008516e-001  -5.696737e-001  -8.146895e-001  
-0.000000e+000  -0.000000e+000  -0.000000e+000  -6.354913e-003  -1.200293e-002  -4.450941e-001  -8.488883e-001  -1.199213e+000  -1.706418e+000  
-0.000000e+000  -0.000000e+000  -0.000000e+000  -2.929904e-002  -5.670013e-002  -9.904431e-001  -1.859222e+000  -2.611121e+000  -3.694312e+000  
-0.000000e+000  -0.000000e+000  -0.000000e+000  -9.381540e-002  -1.824659e-001  -2.190927e+000  -4.052021e+000  -5.653960e+000  -7.934573e+000  
-0.000000e+000  -0.000000e+000  -0.000000e+000  -2.711773e-001  -5.263098e-001  -4.874798e+000  -8.863235e+000  -1.224878e+001  -1.692477e+001  
-0.000000e+000  -0.000000e+000  -0.000000e+000  -7.995055e-001  -1.530111e+000  -1.115946e+001  -1.973820e+001  -2.675078e+001  -3.568604e+001  
-0.000000e+000  -0.000000e+000  -0.000000e+000  -2.842345e+000  -5.216941e+000  -2.780068e+001  -4.620412e+001  -5.971003e+001  -7.328281e+001  
-0.000000e+000  -0.000000e+000  -0.000000e+000  -1.465435e+001  -2.491600e+001  -8.223212e+001  -1.172643e+002  -1.347766e+002  -1.373623e+002  
-0.000000e+000  -0.000000e+000  -0.000000e+000  -7.872264e+001  -1.254843e+002  -2.409991e+002  -2.624065e+002  -2.438777e+002  -1.867929e+002  
-0.000000e+000  -0.000000e+000  -0.000000e+000  -2.084305e+002  -3.311318e+002  -4.486609e+002  -3.959271e+002  -3.135327e+002  -2.018435e+002  
-0.000000e+000  -0.000000e+000  -0.000000e+000  -5.880276e+002  -1.018361e+003  -8.682508e+002  -5.684169e+002  -3.610851e+002  -1.901149e+002  
-0.000000e+000  -0.000000e+000  -0.000000e+000  -1.314075e+003  -3.337587e+003  -1.395452e+003  -6.226003e+002  -3.181225e+002  -1.438118e+002  
-0.000000e+000  -0.000000e+000  -0.000000e+000  -6.292638e+002  -0.000000e+000  -6.477333e+002  -3.570384e+002  -1.873686e+002  -8.033219e+001  
-0.000000e+000  -0.000000e+000  -0.000000e+000  -0.000000e+000  -0.000000e+000  -0.000000e+000  -0.000000e+000  -0.000000e+000  -0.000000e+000  
-0.000000e+000  -0.000000e+000  -0.000000e+000  6.292638e+002  -0.000000e+000  6.477333e+002  3.570384e+002  1.873686e+002  8.033219e+001  
-0.000000e+000  -0.000000e+000  -0.000000e+000  1.314075e+003  3.337587e+003  1.395452e+003  6.226003e+002  3.181225e+002  1.438118e+002  
-0.000000e+000  -0.000000e+000  -0.000000e+000  5.880276e+002  1.018361e+003  8.682508e+002  5.684169e+002  3.610851e+002  1.901149e+002  
-0.000000e+000  -0.000000e+000  -0.000000e+000  2.084305e+002  3.311318e+002  4.486609e+002  3.959271e+002  3.135327e+002  2.018435e+002  
-0.000000e+000  -0.000000e+000  -0.000000e+000  7.872264e+001  1.254843e+002  2.409991e+002  2.624065e+002  2.438777e+002  1.867929e+002  
-0.000000e+000  -0.000000e+000  -0.000000e+000  1.465435e+001  2.491600e+001  8.223212e+001  1.172643e+002  1.347766e+002  1.373623e+002  
-0.000000e+000  -0.000000e+000  -0.000000e+000  2.842345e+000  5.216941e+000  2.780068e+001  4.620412e+001  5.971003e+001  7.328281e+001  
-0.000000e+000  -0.000000e+000  -0.000000e+000  7.995055e-001  1.530111e+000  1.115946e+001  1.973820e+001  2.675078e+001  3.568604e+001  
-0.000000e+000  -0.000000e+000  -0.000000e+000  2.711773e-001  5.263098e-001  4.874798e+000  8.863235e+000  1.224878e+001  1.692477e+001  
-0.000000e+000  -0.000000e+000  -0.000000e+000  9.381540e-002  1.824659e-001  2.190927e+000  4.052021e+000  5.653960e+000  7.934573e+000  
-0.000000e+000  -0.000000e+000  -0.000000e+000  2.929904e-002  5.670013e-002  9.904431e-001  1.859222e+000  2.611121e+000  3.694312e+000  
-0.000000e+000  -0.000000e+000  -0.000000e+000  6.354913e-003  1.200293e-002  4.450941e-001  8.488883e-001  1.199213e+000  1.706418e+000  
-0.000000e+000  -0.000000e+000  -0.000000e+000  -6.769977e-004  -1.616599e-003  2.065232e-001  4.008516e-001  5.696737e-001  8.146895e-001  
-0.000000e+000  -0.000000e+000  -0.000000e+000  -1.982834e-003  -4.101586e-003  1.279589e-001  2.513484e-001  3.586104e-001  5.144405e-001  
-0.000000e+000  -0.000000e+000  -0.000000e+000  -2.325426e-003  -4.736823e-003  9.461220e-002  1.874847e-001  2.682508e-001  3.856595e-001  
-0.000000e+000  -0.000000e+000  -0.000000e+000  -2.410679e-003  -4.873166e-003  6.982729e-002  1.396936e-001  2.004765e-001  2.888863e-001  
-0.000000e+000  -0.000000e+000  -0.000000e+000  -2.340868e-003  -4.711364e-003  5.211305e-002  1.052868e-001  1.515647e-001  2.189124e-001  
-0.000000e+000  -0.000000e+000  -0.000000e+000  -2.194287e-003  -4.403665e-003  3.921124e-002  8.004467e-002  1.155958e-001  1.673595e-001  
-0.000000e+000  -0.000000e+000  -0.000000e+000  -2.004939e-003  -4.015290e-003  2.945119e-002  6.079985e-002  8.810367e-002  1.278795e-001  
-0.000000e+000  -0.000000e+000  -0.000000e+000  -1.769489e-003  -3.537314e-003  2.108668e-002  4.416740e-002  6.427952e-002  9.359701e-002  
-0.000000e+000  -0.000000e+000  -0.000000e+000  -1.534233e-003  -3.063015e-003  1.522907e-002  3.238585e-002  4.734293e-002  6.915944e-002  
-0.000000e+000  -0.000000e+000  -0.000000e+000  -1.337086e-003  -2.666897e-003  1.134588e-002  2.449713e-002  3.596735e-002  5.270773e-002  
-0.000000e+000  -0.000000e+000  -0.000000e+000  -1.155095e-003  -2.302110e-003  8.431402e-003  1.851161e-002  2.730745e-002  4.015258e-002  
-0.000000e+000  -0.000000e+000  -0.000000e+000  -9.863201e-004  -1.964421e-003  6.192588e-003  1.385858e-002  2.055122e-002  3.033145e-002  
-0.000000e+000  -0.000000e+000  -0.000000e+000  -8.334936e-004  -1.659090e-003  4.506485e-003  1.030535e-002  1.537069e-002  2.277815e-002  
-0.000000e+000  -0.000000e+000  -0.000000e+000  -7.004784e-004  -1.393650e-003  3.275731e-003  7.670883e-003  1.151223e-002  1.713389e-002  
-0.000000e+000  -0.000000e+000  -0.000000e+000  -5.154542e-004  -1.024780e-003  1.836308e-003  4.533709e-003  6.893922e-003  1.035314e-002  
-0.000000e+000  -0.000000e+000  -0.000000e+000  -3.238259e-004  -6.433069e-004  7.760177e-004  2.117571e-003  3.293545e-003  5.021144e-003  
-0.000000e+000  -0.000000e+000  -0.000000e+000  -2.024706e-004  -4.019986e-004  3.125838e-004  9.899961e-004  1.585025e-003  2.461501e-003  
-0.000000e+000  -0.000000e+000  -0.000000e+000  -1.487746e-004  -2.953027e-004  1.653575e-004  6.029744e-004  9.879359e-004  1.556057e-003  
-0.000000e+000  -0.000000e+000  -0.000000e+000  -1.214027e-004  -2.409292e-004  1.021348e-004  4.285719e-004  7.160590e-004  1.140951e-003  
-0.000000e+000  -0.000000e+000  -0.000000e+000  -9.893098e-005  -1.963013e-004  5.893154e-005  3.022278e-004  5.167599e-004  8.343309e-004  
-0.000000e+000  -0.000000e+000  -0.000000e+000  -8.018680e-005  -1.590847e-004  2.945565e-005  2.095362e-004  3.685452e-004  6.043397e-004  
-0.000000e+000  -0.000000e+000  -0.000000e+000  -6.472818e-005  -1.283982e-004  1.025966e-005  1.429858e-004  2.603583e-004  4.347445e-004  
-0.000000e+000  -0.000000e+000  -0.000000e+000  -5.226049e-005  -1.036539e-004  -1.406734e-006  9.669438e-005  1.835862e-004  3.129479e-004  
-0.000000e+000  -0.000000e+000  -0.000000e+000  -3.396876e-005  -6.735785e-005  -1.320592e-005  3.906686e-005  8.555933e-005  1.551383e-004  
-0.000000e+000  -0.000000e+000  -0.000000e+000  -1.841458e-005  -3.650548e-005  -1.436240e-005  7.240048e-006  2.659132e-005  5.580989e-005  
-0.000000e+000  -0.000000e+000  -0.000000e+000  -9.753900e-006  -1.933215e-005  -1.082127e-005  -2.383455e-006  5.255588e-006  1.693981e-005  
-0.000000e+000  -0.000000e+000  -0.000000e+000  -5.135380e-006  -1.017642e-005  -7.115042e-006  -3.998044e-006  -1.127940e-006  3.350786e-006  
-0.000000e+000  -0.000000e+000  -0.000000e+000  -2.690032e-006  -5.329824e-006  -4.356212e-006  -3.311711e-006  -2.319469e-006  -7.158834e-007  
-0.000000e+000  -0.000000e+000  -0.000000e+000  -1.403012e-006  -2.779453e-006  -2.552688e-006  -2.270323e-006  -1.980836e-006  -1.475668e-006  
-0.000000e+000  -0.000000e+000  -0.000000e+000  -7.290373e-007  -1.444104e-006  -1.452176e-006  -1.423012e-006  -1.374745e-006  -1.260627e-006  
-0.000000e+000  -0.000000e+000  -0.000000e+000  -3.776069e-007  -7.479035e-007  -8.087007e-007  -8.464587e-007  -8.673970e-007  -8.750120e-007  
-0.000000e+000  -0.000000e+000  -0.000000e+000  -1.950334e-007  -3.862580e-007  -4.432019e-007  -4.865531e-007  -5.180921e-007  -5.521268e-007  
-0.000000e+000  -0.000000e+000  -0.000000e+000  -1.004842e-007  -1.989908e-007  -2.398871e-007  -2.730142e-007  -2.986420e-007  -3.297982e-007  
-0.000000e+000  -0.000000e+000  -0.000000e+000  -5.165341e-008  -1.022833e-007  -1.285553e-007  -1.504855e-007  -1.679184e-007  -1.901208e-007  
-0.000000e+000  -0.000000e+000  -0.000000e+000  -2.649018e-008  -5.245253e-008  -6.833289e-008  -8.182705e-008  -9.271982e-008  -1.069404e-007  
-0.000000e+000  -0.000000e+000  -0.000000e+000  -1.354182e-008  -2.681184e-008  -3.607670e-008  -4.404404e-008  -5.054019e-008  -5.915401e-008  
-0.000000e+000  -0.000000e+000  -0.000000e+000  -6.875567e-009  -1.361124e-008  -1.896301e-008  -2.360471e-008  -2.741222e-008  -3.250146e-008  
-0.000000e+000  -0.000000e+000  -0.000000e+000  -3.563730e-009  -7.041565e-009  -1.039951e-008  -1.328676e-008  -1.562723e-008  -1.868910e-008  
-0.000000e+000  -0.000000e+000  -0.000000e+000  -2.558761e-009  -4.953725e-009  -7.910428e-009  -1.019191e-008  -1.189476e-008  -1.393530e-008  
-1.763043e-009  -1.253672e-009  -0.000000e+000  -2.487128e-009  -4.583014e-009  -7.449885e-009  -9.292039e-009  -1.053755e-008  -1.195099e-008  
-5.106481e-009  -4.406556e-009  -0.000000e+000  -3.581467e-009  -5.915245e-009  -8.326518e-009  -9.205172e-009  -9.722384e-009  -1.041100e-008  
-1.137979e-008  -1.305184e-008  -1.436154e-008  -1.651265e-008  -1.602702e-008  -1.114317e-008  -9.626397e-009  -9.140566e-009  -9.137101e-009  
-1.090870e-008  -1.124060e-008  -1.166617e-008  -1.198381e-008  -1.166982e-008  -1.000841e-008  -8.882589e-009  -8.266455e-009  -7.939875e-009  
-9.177156e-009  -9.243136e-009  -9.323445e-009  -9.302191e-009  -9.069800e-009  -8.304028e-009  -7.593055e-009  -7.098927e-009  -6.712969e-009  
-4.303809e-009  -4.294468e-009  -4.267582e-009  -4.219846e-009  -4.148186e-009  -3.996260e-009  -3.832709e-009  -3.689269e-009  -3.504244e-009  
-0.000000e+000  -0.000000e+000  -0.000000e+000  -0.000000e+000  -0.000000e+000  -0.000000e+000  -0.000000e+000  -0.000000e+000  -0.000000e+000  

0.000000e+000  0.000000e+000  0.000000e+000  0.000000e+000  0.000000e+000  0.000000e+000  0.000000e+000  0.000000e+000  0.000000e+000  
0.000000e+000  0.000000e+000  0.000000e+000  0.000000e+000  0.000000e+000  0.000000e+000  0.000000e+000  0.000000e+000  0.000000e+000  
0.000000e+000  0.000000e+000  0.000000e+000  0.000000e+000  0.000000e+000  0.000000e+000  0.000000e+000  0.000000e+000  0.000000e+000  
0.000000e+000  0.000000e+000  0.000000e+000  0.000000e+000  0.000000e+000  0.000000e+000  0.000000e+000  0.000000e+000  0.000000e+000  
0.000000e+000  0.000000e+000  0.000000e+000  0.000000e+000  0.000000e+000  0.000000e+000  0.000000e+000  0.000000e+000  0.000000e+000  
0.000000e+000  0.000000e+000  0.000000e+000  0.000000e+000  0.000000e+000  0.000000e+000  0.000000e+000  0.000000e+000  0.000000e+000  
0.000000e+000  0.000000e+000  0.000000e+000  0.000000e+000  0.000000e+000  0.000000e+000  0.000000e+000  0.000000e+000  0.000000e+000  
0.000000e+000  0.000000e+000  0.000000e+000  0.000000e+000  0.000000e+000  0.000000e+000  0.000000e+000  0.000000e+000  0.000000e+000  
0.000000e+000  0.000000e+000  0.000000e+000  0.000000e+000  0.000000e+000  0.000000e+000  0.000000e+000  0.000000e+000  0.000000e+000  
0.000000e+000  0.000000e+000  0.000000e+000  0.000000e+000  0.000000e+000  0.000000e+000  0.000000e+000  0.000000e+000  0.000000e+000  
0.000000e+000  0.000000e+000  0.000000e+000  0.000000e+000  0.000000e+000  0.000000e+000  0.000000e+000  0.000000e+000  0.000000e+000  
0.000000e+000  0.000000e+000  0.000000e+000  0.000000e+000  0.000000e+000  0.000000e+000  0.000000e+000  0.000000e+000  0.000000e+000  
0.000000e+000  0.000000e+000  0.000000e+000  0.000000e+000  0.000000e+000  0.000000e+000  0.000000e+000  0.000000e+000  0.000000e+000  
0.000000e+000  0.000000e+000  0.000000e+000  0.000000e+000  0.000000e+000  0.000000e+000  0.000000e+000  0.000000e+000  0.000000e+000  
0.000000e+000  0.000000e+000  0.000000e+000  0.000000e+000  0.000000e+000  0.000000e+000  0.000000e+000  0.000000e+000  0.000000e+000  
0.000000e+000  0.000000e+000  0.000000e+000  0.000000e+000  0.000000e+000  0.000000e+000  0.000000e+000  0.000000e+000  0.000000e+000  
0.000000e+000  0.000000e+000  0.000000e+000  0.000000e+000  0.000000e+000  0.000000e+000  0.000000e+000  0.000000e+000  0.000000e+000  
0.000000e+000  0.000000e+000  0.000000e+000  0.000000e+000  0.000000e+000  0.000000e+000  0.000000e+000  0.000000e+000  0.000000e+000  
0.000000e+000  0.000000e+000  0.000000e+000  0.000000e+000  0.000000e+000  0.000000e+000  0.000000e+000  0.000000e+000  0.000000e+000  
0.000000e+000  0.000000e+000  0.000000e+000  0.000000e+000  0.000000e+000  0.000000e+000  0.000000e+000  0.000000e+000  0.000000e+000  
0.000000e+000  0.000000e+000  0.000000e+000  0.000000e+000  0.000000e+000  0.000000e+000  0.000000e+000  0.000000e+000  0.000000e+000  
0.000000e+000  0.000000e+000  0.000000e+000  0.000000e+000  0.000000e+000  0.000000e+000  0.000000e+000  0.000000e+000  0.000000e+000  
0.000000e+000  0.000000e+000  0.000000e+000  0.000000e+000  0.000000e+000  0.000000e+000  0.000000e+000  0.000000e+000  0.000000e+000  
0.000000e+000  0.000000e+000  0.000000e+000  0.000000e+000  0.000000e+000  0.000000e+000  0.000000e+000  0.000000e+000  0.000000e+000  
0.000000e+000  0.000000e+000  0.000000e+000  0.000000e+000  0.000000e+000  0.000000e+000  0.000000e+000  0.000000e+000  0.000000e+000  
0.000000e+000  0.000000e+000  0.000000e+000  0.000000e+000  0.000000e+000  0.000000e+000  0.000000e+000  0.000000e+000  0.000000e+000  
0.000000e+000  0.000000e+000  0.000000e+000  0.000000e+000  0.000000e+000  0.000000e+000  0.000000e+000  0.000000e+000  0.000000e+000  
0.000000e+000  0.000000e+000  0.000000e+000  0.000000e+000  0.000000e+000  0.000000e+000  0.000000e+000  0.000000e+000  0.000000e+000  
0.000000e+000  0.000000e+000  0.000000e+000  0.000000e+000  0.000000e+000  0.000000e+000  0.000000e+000  0.000000e+000  0.000000e+000  
0.000000e+000  0.000000e+000  0.000000e+000  0.000000e+000  0.000000e+000  0.000000e+000  0.000000e+000  0.000000e+000  0.000000e+000  
0.000000e+000  0.000000e+000  0.000000e+000  0.000000e+000  0.000000e+000  0.000000e+000  0.000000e+000  0.000000e+000  0.000000e+000  
0.000000e+000  0.000000e+000  0.000000e+000  0.000000e+000  0.000000e+000  0.000000e+000  0.000000e+000  0.000000e+000  0.000000e+000  
0.000000e+000  0.000000e+000  0.000000e+000  0.000000e+000  0.000000e+000  0.000000e+000  0.000000e+000  0.000000e+000  0.000000e+000  
0.000000e+000  0.000000e+000  0.000000e+000  0.000000e+000  0.000000e+000  0.000000e+000  0.000000e+000  0.000000e+000  0.000000e+000  
0.000000e+000  0.000000e+000  0.000000e+000  0.000000e+000  0.000000e+000  0.000000e+000  0.000000e+000  0.000000e+000  0.000000e+000  
0.000000e+000  0.000000e+000  0.000000e+000  0.000000e+000  0.000000e+000  0.000000e+000  0.000000e+000  0.000000e+000  0.000000e+000  
0.000000e+000  0.000000e+000  0.000000e+000  0.000000e+000  0.000000e+000  0.000000e+000  0.000000e+000  0.000000e+000  0.000000e+000  
0.000000e+000  0.000000e+000  0.000000e+000  0.000000e+000  0.000000e+000  0.000000e+000  0.000000e+000  0.000000e+000  0.000000e+000  
0.000000e+000  0.000000e+000  0.000000e+000  0.000000e+000  0.000000e+000  0.000000e+000  0.000000e+000  0.000000e+000  0.000000e+000  
0.000000e+000  0.000000e+000  0.000000e+000  0.000000e+000  0.000000e+000  0.000000e+000  0.000000e+000  0.000000e+000  0.000000e+000  
0.000000e+000  0.000000e+000  0.000000e+000  0.000000e+000  0.000000e+000  0.000000e+000  0.000000e+000  0.000000e+000  0.000000e+000  
0.000000e+000  0.000000e+000  0.000000e+000  0.000000e+000  0.000000e+000  0.000000e+000  0.000000e+000  0.000000e+000  0.000000e+000  
0.000000e+000  0.000000e+000  0.000000e+000  0.000000e+000  0.000000e+000  0.000000e+000  0.000000e+000  0.000000e+000  0.000000e+000  
0.000000e+000  0.000000e+000  0.000000e+000  0.000000e+000  0.000000e+000  0.000000e+000  0.000000e+000  0.000000e+000  0.000000e+000  
0.000000e+000  0.000000e+000  0.000000e+000  0.000000e+000  0.000000e+000  0.000000e+000  0.000000e+000  0.000000e+000  0.000000e+000  
0.000000e+000  0.000000e+000  0.000000e+000  0.000000e+000  0.000000e+000  0.000000e+000  0.000000e+000  0.000000e+000  0.000000e+000  
0.000000e+000  0.000000e+000  0.000000e+000  0.000000e+000  0.000000e+000  0.000000e+000  0.000000e+000  0.000000e+000  0.000000e+000  
0.000000e+000  0.000000e+000  0.000000e+000  0.000000e+000  0.000000e+000  0.000000e+000  0.000000e+000  0.000000e+000  0.000000e+000  
0.000000e+000  0.000000e+000  0.000000e+000  0.000000e+000  0.000000e+000  0.000000e+000  0.000000e+000  0.000000e+000  0.000000e+000  
0.000000e+000  0.000000e+000  0.000000e+000  0.000000e+000  0.000000e+000  0.000000e+000  0.000000e+000  0.000000e+000  0.000000e+000  
0.000000e+000  0.000000e+000  0.000000e+000  0.000000e+000  0.000000e+000  0.000000e+000  0.000000e+000  0.000000e+000  0.000000e+000  
0.000000e+000  0.000000e+000  0.000000e+000  0.000000e+000  0.000000e+000  0.000000e+000  0.000000e+000  0.000000e+000  0.000000e+000  
0.000000e+000  0.000000e+000  0.000000e+000  0.000000e+000  0.000000e+000  0.000000e+000  0.000000e+000  0.000000e+000  0.000000e+000  
0.000000e+000  0.000000e+000  0.000000e+000  0.000000e+000  0.000000e+000  0.000000e+000  0.000000e+000  0.000000e+000  0.000000e+000  
0.000000e+000  0.000000e+000  0.000000e+000  0.000000e+000  0.000000e+000  0.000000e+000  0.000000e+000  0.000000e+000  0.000000e+000  
0.000000e+000  0.000000e+000  0.000000e+000  0.000000e+000  0.000000e+000  0.000000e+000  0.000000e+000  0.000000e+000  0.000000e+000  
0.000000e+000  0.000000e+000  0.000000e+000  0.000000e+000  0.000000e+000  0.000000e+000  0.000000e+000  0.000000e+000  0.000000e+000  
0.000000e+000  0.000000e+000  0.000000e+000  0.000000e+000  0.000000e+000  0.000000e+000  0.000000e+000  0.000000e+000  0.000000e+000  
0.000000e+000  0.000000e+000  0.000000e+000  0.000000e+000  0.000000e+000  0.000000e+000  0.000000e+000  0.000000e+000  0.000000e+000  
0.000000e+000  0.000000e+000  0.000000e+000  0.000000e+000  0.000000e+000  0.000000e+000  0.000000e+000  0.000000e+000  0.000000e+000  
0.000000e+000  0.000000e+000  0.000000e+000  0.000000e+000  0.000000e+000  0.000000e+000  0.000000e+000  0.000000e+000  0.000000e+000  
0.000000e+000  0.000000e+000  0.000000e+000  0.000000e+000  0.000000e+000  0.000000e+000  0.000000e+000  0.000000e+000  0.000000e+000  
0.000000e+000  0.000000e+000  0.000000e+000  0.000000e+000  0.000000e+000  0.000000e+000  0.000000e+000  0.000000e+000  0.000000e+000  
0.000000e+000  0.000000e+000  0.000000e+000  0.000000e+000  0.000000e+000  0.000000e+000  0.000000e+000  0.000000e+000  0.000000e+000  
0.000000e+000  0.000000e+000  0.000000e+000  0.000000e+000  0.000000e+000  0.000000e+000  0.000000e+000  0.000000e+000  0.000000e+000  
0.000000e+000  0.000000e+000  0.000000e+000  0.000000e+000  0.000000e+000  0.000000e+000  0.000000e+000  0.000000e+000  0.000000e+000  
0.000000e+000  0.000000e+000  0.000000e+000  0.000000e+000  0.000000e+000  0.000000e+000  0.000000e+000  0.000000e+000  0.000000e+000  
0.000000e+000  0.000000e+000  0.000000e+000  0.000000e+000  0.000000e+000  0.000000e+000  0.000000e+000  0.000000e+000  0.000000e+000  
0.000000e+000  0.000000e+000  0.000000e+000  0.000000e+000  0.000000e+000  0.000000e+000  0.000000e+000  0.000000e+000  0.000000e+000  
0.000000e+000  0.000000e+000  0.000000e+000  0.000000e+000  0.000000e+000  0.000000e+000  0.000000e+000  0.000000e+000  0.000000e+000  
0.000000e+000  0.000000e+000  0.000000e+000  0.000000e+000  0.000000e+000  0.000000e+000  0.000000e+000  0.000000e+000  0.000000e+000  
0.000000e+000  0.000000e+000  0.000000e+000  0.000000e+000  0.000000e+000  0.000000e+000  0.000000e+000  0.000000e+000  0.000000e+000  
0.000000e+000  0.000000e+000  0.000000e+000  0.000000e+000  0.000000e+000  0.000000e+000  0.000000e+000  0.000000e+000  0.000000e+000  
0.000000e+000  0.000000e+000  0.000000e+000  0.000000e+000  0.000000e+000  0.000000e+000  0.000000e+000  0.000000e+000  0.000000e+000  
0.000000e+000  0.000000e+000  0.000000e+000  0.000000e+000  0.000000e+000  0.000000e+000  0.000000e+000  0.000000e+000  0.000000e+000  
0.000000e+000  0.000000e+000  0.000000e+000  0.000000e+000  0.000000e+000  0.000000e+000  0.000000e+000  0.000000e+000  0.000000e+000  
0.000000e+000  0.000000e+000  0.000000e+000  0.000000e+000  0.000000e+000  0.000000e+000  0.000000e+000  0.000000e+000  0.000000e+000  
0.000000e+000  0.000000e+000  0.000000e+000  0.000000e+000  0.000000e+000  0.000000e+000  0.000000e+000  0.000000e+000  0.000000e+000  
0.000000e+000  0.000000e+000  0.000000e+000  0.000000e+000  0.000000e+000  0.000000e+000  0.000000e+000  0.000000e+000  0.000000e+000  
0.000000e+000  0.000000e+000  0.000000e+000  0.000000e+000  0.000000e+000  0.000000e+000  0.000000e+000  0.000000e+000  0.000000e+000  
0.000000e+000  0.000000e+000  0.000000e+000  0.000000e+000  0.000000e+000  0.000000e+000  0.000000e+000  0.000000e+000  0.000000e+000  
0.000000e+000  0.000000e+000  0.000000e+000  0.000000e+000  0.000000e+000  0.000000e+000  0.000000e+000  0.000000e+000  0.000000e+000  
0.000000e+000  0.000000e+000  0.000000e+000  0.000000e+000  0.000000e+000  0.000000e+000  0.000000e+000  0.000000e+000  0.000000e+000  
0.000000e+000  0.000000e+000  0.000000e+000  0.000000e+000  0.000000e+000  0.000000e+000  0.000000e+000  0.000000e+000  0.000000e+000  
0.000000e+000  0.000000e+000  0.000000e+000  0.000000e+000  0.000000e+000  0.000000e+000  0.000000e+000  0.000000e+000  0.000000e+000  
0.000000e+000  0.000000e+000  0.000000e+000  0.000000e+000  0.000000e+000  0.000000e+000  0.000000e+000  0.000000e+000  0.000000e+000  
0.000000e+000  0.000000e+000  0.000000e+000  0.000000e+000  0.000000e+000  0.000000e+000  0.000000e+000  0.000000e+000  0.000000e+000  
0.000000e+000  0.000000e+000  0.000000e+000  0.000000e+000  0.000000e+000  0.000000e+000  0.000000e+000  0.000000e+000  0.000000e+000  
0.000000e+000  0.000000e+000  0.000000e+000  0.000000e+000  0.000000e+000  0.000000e+000  0.000000e+000  0.000000e+000  0.000000e+000  
0.000000e+000  0.000000e+000  0.000000e+000  0.000000e+000  0.000000e+000  0.000000e+000  0.000000e+000  0.000000e+000  0.000000e+000  
0.000000e+000  0.000000e+000  0.000000e+000  0.000000e+000  0.000000e+000  0.000000e+000  0.000000e+000  0.000000e+000  0.000000e+000  
0.000000e+000  0.000000e+000  0.000000e+000  0.000000e+000  0.000000e+000  0.000000e+000  0.000000e+000  0.000000e+000  0.000000e+000  
0.000000e+000  0.000000e+000  0.000000e+000  0.000000e+000  0.000000e+000  0.000000e+000  0.000000e+000  0.000000e+000  0.000000e+000  
0.000000e+000  0.000000e+000  0.000000e+000  0.000000e+000  0.000000e+000  0.000000e+000  0.000000e+000  0.000000e+000  0.000000e+000  
0.000000e+000  0.000000e+000  0.000000e+000  0.000000e+000  0.000000e+000  0.000000e+000  0.000000e+000  0.000000e+000  0.000000e+000  
0.000000e+000  0.000000e+000  0.000000e+000  0.000000e+000  0.000000e+000  0.000000e+000  0.000000e+000  0.000000e+000  0.000000e+000  
0.000000e+000  0.000000e+000  0.000000e+000  0.000000e+000  0.000000e+000  0.000000e+000  0.000000e+000  0.000000e+000  0.000000e+000  
0.000000e+000  0.000000e+000  0.000000e+000  0.000000e+000  0.000000e+000  0.000000e+000  0.000000e+000  0.000000e+000  0.000000e+000  
0.000000e+000  0.000000e+000  0.000000e+000  0.000000e+000  0.000000e+000  0.000000e+000  0.000000e+000  0.000000e+000  0.000000e+000  
0.000000e+000  0.000000e+000  0.000000e+000  0.000000e+000  0.000000e+000  0.000000e+000  0.000000e+000  0.000000e+000  0.000000e+000  
0.000000e+000  0.000000e+000  0.000000e+000  0.000000e+000  0.000000e+000  0.000000e+000  0.000000e+000  0.000000e+000  0.000000e+000  
0.000000e+000  0.000000e+000  0.000000e+000  0.000000e+000  0.000000e+000  0.000000e+000  0.000000e+000  0.000000e+000  0.000000e+000  
0.000000e+000  0.000000e+000  0.000000e+000  0.000000e+000  0.000000e+000  0.000000e+000  0.000000e+000  0.000000e+000  0.000000e+000  
0.000000e+000  0.000000e+000  0.000000e+000  0.000000e+000  0.000000e+000  0.000000e+000  0.000000e+000  0.000000e+000  0.000000e+000  
0.000000e+000  0.000000e+000  0.000000e+000  0.000000e+000  0.000000e+000  0.000000e+000  0.000000e+000  0.000000e+000  0.000000e+000  
0.000000e+000  0.000000e+000  0.000000e+000  0.000000e+000  0.000000e+000  0.000000e+000  0.000000e+000  0.000000e+000  0.000000e+000  
0.000000e+000  0.000000e+000  0.000000e+000  0.000000e+000  0.000000e+000  0.000000e+000  0.000000e+000  0.000000e+000  0.000000e+000  
0.000000e+000  0.000000e+000  0.000000e+000  0.000000e+000  0.000000e+000  0.000000e+000  0.000000e+000  0.000000e+000  0.000000e+000  
0.000000e+000  0.000000e+000  0.000000e+000  0.000000e+000  0.000000e+000  0.000000e+000  0.000000e+000  0.000000e+000  0.000000e+000  
0.000000e+000  0.000000e+000  0.000000e+000  0.000000e+000  0.000000e+000  0.000000e+000  0.000000e+000  0.000000e+000  0.000000e+000  
0.000000e+000  0.000000e+000  0.000000e+000  0.000000e+000  0.000000e+000  0.000000e+000  0.000000e+000  0.000000e+000  0.000000e+000  
0.000000e+000  0.000000e+000  0.000000e+000  0.000000e+000  0.000000e+000  0.000000e+000  0.000000e+000  0.000000e+000  0.000000e+000  
0.000000e+000  0.000000e+000  0.000000e+000  0.000000e+000  0.000000e+000  0.000000e+000  0.000000e+000  0.000000e+000  0.000000e+000  
0.000000e+000  0.000000e+000  0.000000e+000  0.000000e+000  0.000000e+000  0.000000e+000  0.000000e+000  0.000000e+000  0.000000e+000  
0.000000e+000  0.000000e+000  0.000000e+000  0.000000e+000  0.000000e+000  0.000000e+000  0.000000e+000  0.000000e+000  0.000000e+000  
0.000000e+000  0.000000e+000  0.000000e+000  0.000000e+000  0.000000e+000  0.000000e+000  0.000000e+000  0.000000e+000  0.000000e+000  

0.000000e+000  0.000000e+000  0.000000e+000  0.000000e+000  0.000000e+000  0.000000e+000  0.000000e+000  0.000000e+000  0.000000e+000  
0.000000e+000  0.000000e+000  0.000000e+000  0.000000e+000  0.000000e+000  0.000000e+000  0.000000e+000  0.000000e+000  0.000000e+000  
0.000000e+000  0.000000e+000  0.000000e+000  0.000000e+000  0.000000e+000  0.000000e+000  0.000000e+000  0.000000e+000  0.000000e+000  
0.000000e+000  0.000000e+000  0.000000e+000  0.000000e+000  0.000000e+000  0.000000e+000  0.000000e+000  0.000000e+000  0.000000e+000  
0.000000e+000  0.000000e+000  0.000000e+000  0.000000e+000  0.000000e+000  0.000000e+000  0.000000e+000  0.000000e+000  0.000000e+000  
0.000000e+000  0.000000e+000  0.000000e+000  0.000000e+000  0.000000e+000  0.000000e+000  0.000000e+000  0.000000e+000  0.000000e+000  
0.000000e+000  0.000000e+000  0.000000e+000  0.000000e+000  0.000000e+000  0.000000e+000  0.000000e+000  0.000000e+000  0.000000e+000  
0.000000e+000  0.000000e+000  0.000000e+000  0.000000e+000  0.000000e+000  0.000000e+000  0.000000e+000  0.000000e+000  0.000000e+000  
0.000000e+000  0.000000e+000  0.000000e+000  0.000000e+000  0.000000e+000  0.000000e+000  0.000000e+000  0.000000e+000  0.000000e+000  
0.000000e+000  0.000000e+000  0.000000e+000  0.000000e+000  0.000000e+000  0.000000e+000  0.000000e+000  0.000000e+000  0.000000e+000  
0.000000e+000  0.000000e+000  0.000000e+000  0.000000e+000  0.000000e+000  0.000000e+000  0.000000e+000  0.000000e+000  0.000000e+000  
0.000000e+000  0.000000e+000  0.000000e+000  0.000000e+000  0.000000e+000  0.000000e+000  0.000000e+000  0.000000e+000  0.000000e+000  
0.000000e+000  0.000000e+000  0.000000e+000  0.000000e+000  0.000000e+000  0.000000e+000  0.000000e+000  0.000000e+000  0.000000e+000  
0.000000e+000  0.000000e+000  0.000000e+000  0.000000e+000  0.000000e+000  0.000000e+000  0.000000e+000  0.000000e+000  0.000000e+000  
0.000000e+000  0.000000e+000  0.000000e+000  0.000000e+000  0.000000e+000  0.000000e+000  0.000000e+000  0.000000e+000  0.000000e+000  
0.000000e+000  0.000000e+000  0.000000e+000  0.000000e+000  0.000000e+000  0.000000e+000  0.000000e+000  0.000000e+000  0.000000e+000  
0.000000e+000  0.000000e+000  0.000000e+000  0.000000e+000  0.000000e+000  0.000000e+000  0.000000e+000  0.000000e+000  0.000000e+000  
0.000000e+000  0.000000e+000  0.000000e+000  0.000000e+000  0.000000e+000  0.000000e+000  0.000000e+000  0.000000e+000  0.000000e+000  
0.000000e+000  0.000000e+000  0.000000e+000  0.000000e+000  0.000000e+000  0.000000e+000  0.000000e+000  0.000000e+000  0.000000e+000  
0.000000e+000  0.000000e+000  0.000000e+000  0.000000e+000  0.000000e+000  0.000000e+000  0.000000e+000  0.000000e+000  0.000000e+000  
0.000000e+000  0.000000e+000  0.000000e+000  0.000000e+000  0.000000e+000  0.000000e+000  0.000000e+000  0.000000e+000  0.000000e+000  
0.000000e+000  0.000000e+000  0.000000e+000  0.000000e+000  0.000000e+000  0.000000e+000  0.000000e+000  0.000000e+000  0.000000e+000  
0.000000e+000  0.000000e+000  0.000000e+000  0.000000e+000  0.000000e+000  0.000000e+000  0.000000e+000  0.000000e+000  0.000000e+000  
0.000000e+000  0.000000e+000  0.000000e+000  0.000000e+000  0.000000e+000  0.000000e+000  0.000000e+000  0.000000e+000  0.000000e+000  
0.000000e+000  0.000000e+000  0.000000e+000  0.000000e+000  0.000000e+000  0.000000e+000  0.000000e+000  0.000000e+000  0.000000e+000  
0.000000e+000  0.000000e+000  0.000000e+000  0.000000e+000  0.000000e+000  0.000000e+000  0.000000e+000  0.000000e+000  0.000000e+000  
0.000000e+000  0.000000e+000  0.000000e+000  0.000000e+000  0.000000e+000  0.000000e+000  0.000000e+000  0.000000e+000  0.000000e+000  
0.000000e+000  0.000000e+000  0.000000e+000  0.000000e+000  0.000000e+000  0.000000e+000  0.000000e+000  0.000000e+000  0.000000e+000  
0.000000e+000  0.000000e+000  0.000000e+000  0.000000e+000  0.000000e+000  0.000000e+000  0.000000e+000  0.000000e+000  0.000000e+000  
0.000000e+000  0.000000e+000  0.000000e+000  0.000000e+000  0.000000e+000  0.000000e+000  0.000000e+000  0.000000e+000  0.000000e+000  
0.000000e+000  0.000000e+000  0.000000e+000  0.000000e+000  0.000000e+000  0.000000e+000  0.000000e+000  0.000000e+000  0.000000e+000  
0.000000e+000  0.000000e+000  0.000000e+000  0.000000e+000  0.000000e+000  0.000000e+000  0.000000e+000  0.000000e+000  0.000000e+000  
0.000000e+000  0.000000e+000  0.000000e+000  0.000000e+000  0.000000e+000  0.000000e+000  0.000000e+000  0.000000e+000  0.000000e+000  
0.000000e+000  0.000000e+000  0.000000e+000  0.000000e+000  0.000000e+000  0.000000e+000  0.000000e+000  0.000000e+000  0.000000e+000  
0.000000e+000  0.000000e+000  0.000000e+000  0.000000e+000  0.000000e+000  0.000000e+000  0.000000e+000  0.000000e+000  0.000000e+000  
0.000000e+000  0.000000e+000  0.000000e+000  0.000000e+000  0.000000e+000  0.000000e+000  0.000000e+000  0.000000e+000  0.000000e+000  
0.000000e+000  0.000000e+000  0.000000e+000  0.000000e+000  0.000000e+000  0.000000e+000  0.000000e+000  0.000000e+000  0.000000e+000  
0.000000e+000  0.000000e+000  0.000000e+000  0.000000e+000  0.000000e+000  0.000000e+000  0.000000e+000  0.000000e+000  0.000000e+000  
0.000000e+000  0.000000e+000  0.000000e+000  0.000000e+000  0.000000e+000  0.000000e+000  0.000000e+000  0.000000e+000  0.000000e+000  
0.000000e+000  0.000000e+000  0.000000e+000  0.000000e+000  0.000000e+000  0.000000e+000  0.000000e+000  0.000000e+000  0.000000e+000  
0.000000e+000  0.000000e+000  0.000000e+000  0.000000e+000  0.000000e+000  0.000000e+000  0.000000e+000  0.000000e+000  0.000000e+000  
0.000000e+000  0.000000e+000  0.000000e+000  0.000000e+000  0.000000e+000  0.000000e+000  0.000000e+000  0.000000e+000  0.000000e+000  
0.000000e+000  0.000000e+000  0.000000e+000  0.000000e+000  0.000000e+000  0.000000e+000  0.000000e+000  0.000000e+000  0.000000e+000  
0.000000e+000  0.000000e+000  0.000000e+000  0.000000e+000  0.000000e+000  0.000000e+000  0.000000e+000  0.000000e+000  0.000000e+000  
0.000000e+000  0.000000e+000  0.000000e+000  0.000000e+000  0.000000e+000  0.000000e+000  0.000000e+000  0.000000e+000  0.000000e+000  
0.000000e+000  0.000000e+000  0.000000e+000  0.000000e+000  0.000000e+000  0.000000e+000  0.000000e+000  0.000000e+000  0.000000e+000  
0.000000e+000  0.000000e+000  0.000000e+000  0.000000e+000  0.000000e+000  0.000000e+000  0.000000e+000  0.000000e+000  0.000000e+000  
0.000000e+000  0.000000e+000  0.000000e+000  0.000000e+000  0.000000e+000  0.000000e+000  0.000000e+000  0.000000e+000  0.000000e+000  
0.000000e+000  0.000000e+000  0.000000e+000  0.000000e+000  0.000000e+000  0.000000e+000  0.000000e+000  0.000000e+000  0.000000e+000  
0.000000e+000  0.000000e+000  0.000000e+000  0.000000e+000  0.000000e+000  0.000000e+000  0.000000e+000  0.000000e+000  0.000000e+000  
0.000000e+000  0.000000e+000  0.000000e+000  0.000000e+000  0.000000e+000  0.000000e+000  0.000000e+000  0.000000e+000  0.000000e+000  
0.000000e+000  0.000000e+000  0.000000e+000  0.000000e+000  0.000000e+000  0.000000e+000  0.000000e+000  0.000000e+000  0.000000e+000  
0.000000e+000  0.000000e+000  0.000000e+000  0.000000e+000  0.000000e+000  0.000000e+000  0.000000e+000  0.000000e+000  0.000000e+000  
0.000000e+000  0.000000e+000  0.000000e+000  0.000000e+000  0.000000e+000  0.000000e+000  0.000000e+000  0.000000e+000  0.000000e+000  
0.000000e+000  0.000000e+000  0.000000e+000  0.000000e+000  0.000000e+000  0.000000e+000  0.000000e+000  0.000000e+000  0.000000e+000  
0.000000e+000  0.000000e+000  0.000000e+000  0.000000e+000  0.000000e+000  0.000000e+000  0.000000e+000  0.000000e+000  0.000000e+000  
0.000000e+000  0.000000e+000  0.000000e+000  0.000000e+000  0.000000e+000  0.000000e+000  0.000000e+000  0.000000e+000  0.000000e+000  
0.000000e+000  0.000000e+000  0.000000e+000  0.000000e+000  0.000000e+000  0.000000e+000  0.000000e+000  0.000000e+000  0.000000e+000  
0.000000e+000  0.000000e+000  0.000000e+000  0.000000e+000  0.000000e+000  0.000000e+000  0.000000e+000  0.000000e+000  0.000000e+000  
0.000000e+000  0.000000e+000  0.000000e+000  0.000000e+000  0.000000e+000  0.000000e+000  0.000000e+000  0.000000e+000  0.000000e+000  
0.000000e+000  0.000000e+000  0.000000e+000  0.000000e+000  0.000000e+000  0.000000e+000  0.000000e+000  0.000000e+000  0.000000e+000  
0.000000e+000  0.000000e+000  0.000000e+000  0.000000e+000  0.000000e+000  0.000000e+000  0.000000e+000  0.000000e+000  0.000000e+000  
0.000000e+000  0.000000e+000  0.000000e+000  0.000000e+000  0.000000e+000  0.000000e+000  0.000000e+000  0.000000e+000  0.000000e+000  
0.000000e+000  0.000000e+000  0.000000e+000  0.000000e+000  0.000000e+000  0.000000e+000  0.000000e+000  0.000000e+000  0.000000e+000  
0.000000e+000  0.000000e+000  0.000000e+000  0.000000e+000  0.000000e+000  0.000000e+000  0.000000e+000  0.000000e+000  0.000000e+000  
0.000000e+000  0.000000e+000  0.000000e+000  0.000000e+000  0.000000e+000  0.000000e+000  0.000000e+000  0.000000e+000  0.000000e+000  
0.000000e+000  0.000000e+000  0.000000e+000  0.000000e+000  0.000000e+000  0.000000e+000  0.000000e+000  0.000000e+000  0.000000e+000  
0.000000e+000  0.000000e+000  0.000000e+000  0.000000e+000  0.000000e+000  0.000000e+000  0.000000e+000  0.000000e+000  0.000000e+000  
0.000000e+000  0.000000e+000  0.000000e+000  0.000000e+000  0.000000e+000  0.000000e+000  0.000000e+000  0.000000e+000  0.000000e+000  
0.000000e+000  0.000000e+000  0.000000e+000  0.000000e+000  0.000000e+000  0.000000e+000  0.000000e+000  0.000000e+000  0.000000e+000  
0.000000e+000  0.000000e+000  0.000000e+000  0.000000e+000  0.000000e+000  0.000000e+000  0.000000e+000  0.000000e+000  0.000000e+000  
0.000000e+000  0.000000e+000  0.000000e+000  0.000000e+000  0.000000e+000  0.000000e+000  0.000000e+000  0.000000e+000  0.000000e+000  
0.000000e+000  0.000000e+000  0.000000e+000  0.000000e+000  0.000000e+000  0.000000e+000  0.000000e+000  0.000000e+000  0.000000e+000  
0.000000e+000  0.000000e+000  0.000000e+000  0.000000e+000  0.000000e+000  0.000000e+000  0.000000e+000  0.000000e+000  0.000000e+000  
0.000000e+000  0.000000e+000  0.000000e+000  0.000000e+000  0.000000e+000  0.000000e+000  0.000000e+000  0.000000e+000  0.000000e+000  
0.000000e+000  0.000000e+000  0.000000e+000  0.000000e+000  0.000000e+000  0.000000e+000  0.000000e+000  0.000000e+000  0.000000e+000  
0.000000e+000  0.000000e+000  0.000000e+000  0.000000e+000  0.000000e+000  0.000000e+000  0.000000e+000  0.000000e+000  0.000000e+000  
0.000000e+000  0.000000e+000  0.000000e+000  0.000000e+000  0.000000e+000  0.000000e+000  0.000000e+000  0.000000e+000  0.000000e+000  
0.000000e+000  0.000000e+000  0.000000e+000  0.000000e+000  0.000000e+000  0.000000e+000  0.000000e+000  0.000000e+000  0.000000e+000  
0.000000e+000  0.000000e+000  0.000000e+000  0.000000e+000  0.000000e+000  0.000000e+000  0.000000e+000  0.000000e+000  0.000000e+000  
0.000000e+000  0.000000e+000  0.000000e+000  0.000000e+000  0.000000e+000  0.000000e+000  0.000000e+000  0.000000e+000  0.000000e+000  
0.000000e+000  0.000000e+000  0.000000e+000  0.000000e+000  0.000000e+000  0.000000e+000  0.000000e+000  0.000000e+000  0.000000e+000  
0.000000e+000  0.000000e+000  0.000000e+000  0.000000e+000  0.000000e+000  0.000000e+000  0.000000e+000  0.000000e+000  0.000000e+000  
0.000000e+000  0.000000e+000  0.000000e+000  0.000000e+000  0.000000e+000  0.000000e+000  0.000000e+000  0.000000e+000  0.000000e+000  
0.000000e+000  0.000000e+000  0.000000e+000  0.000000e+000  0.000000e+000  0.000000e+000  0.000000e+000  0.000000e+000  0.000000e+000  
0.000000e+000  0.000000e+000  0.000000e+000  0.000000e+000  0.000000e+000  0.000000e+000  0.000000e+000  0.000000e+000  0.000000e+000  
0.000000e+000  0.000000e+000  0.000000e+000  0.000000e+000  0.000000e+000  0.000000e+000  0.000000e+000  0.000000e+000  0.000000e+000  
0.000000e+000  0.000000e+000  0.000000e+000  0.000000e+000  0.000000e+000  0.000000e+000  0.000000e+000  0.000000e+000  0.000000e+000  
0.000000e+000  0.000000e+000  0.000000e+000  0.000000e+000  0.000000e+000  0.000000e+000  0.000000e+000  0.000000e+000  0.000000e+000  
0.000000e+000  0.000000e+000  0.000000e+000  0.000000e+000  0.000000e+000  0.000000e+000  0.000000e+000  0.000000e+000  0.000000e+000  
0.000000e+000  0.000000e+000  0.000000e+000  0.000000e+000  0.000000e+000  0.000000e+000  0.000000e+000  0.000000e+000  0.000000e+000  
0.000000e+000  0.000000e+000  0.000000e+000  0.000000e+000  0.000000e+000  0.000000e+000  0.000000e+000  0.000000e+000  0.000000e+000  
0.000000e+000  0.000000e+000  0.000000e+000  0.000000e+000  0.000000e+000  0.000000e+000  0.000000e+000  0.000000e+000  0.000000e+000  
0.000000e+000  0.000000e+000  0.000000e+000  0.000000e+000  0.000000e+000  0.000000e+000  0.000000e+000  0.000000e+000  0.000000e+000  
0.000000e+000  0.000000e+000  0.000000e+000  0.000000e+000  0.000000e+000  0.000000e+000  0.000000e+000  0.000000e+000  0.000000e+000  
0.000000e+000  0.000000e+000  0.000000e+000  0.000000e+000  0.000000e+000  0.000000e+000  0.000000e+000  0.000000e+000  0.000000e+000  
0.000000e+000  0.000000e+000  0.000000e+000  0.000000e+000  0.000000e+000  0.000000e+000  0.000000e+000  0.000000e+000  0.000000e+000  
0.000000e+000  0.000000e+000  0.000000e+000  0.000000e+000  0.000000e+000  0.000000e+000  0.000000e+000  0.000000e+000  0.000000e+000  
0.000000e+000  0.000000e+000  0.000000e+000  0.000000e+000  0.000000e+000  0.000000e+000  0.000000e+000  0.000000e+000  0.000000e+000  
0.000000e+000  0.000000e+000  0.000000e+000  0.000000e+000  0.000000e+000  0.000000e+000  0.000000e+000  0.000000e+000  0.000000e+000  
0.000000e+000  0.000000e+000  0.000000e+000  0.000000e+000  0.000000e+000  0.000000e+000  0.000000e+000  0.000000e+000  0.000000e+000  
0.000000e+000  0.000000e+000  0.000000e+000  0.000000e+000  0.000000e+000  0.000000e+000  0.000000e+000  0.000000e+000  0.000000e+000  
0.000000e+000  0.000000e+000  0.000000e+000  0.000000e+000  0.000000e+000  0.000000e+000  0.000000e+000  0.000000e+000  0.000000e+000  
0.000000e+000  0.000000e+000  0.000000e+000  0.000000e+000  0.000000e+000  0.000000e+000  0.000000e+000  0.000000e+000  0.000000e+000  
0.000000e+000  0.000000e+000  0.000000e+000  0.000000e+000  0.000000e+000  0.000000e+000  0.000000e+000  0.000000e+000  0.000000e+000  
0.000000e+000  0.000000e+000  0.000000e+000  0.000000e+000  0.000000e+000  0.000000e+000  0.000000e+000  0.000000e+000  0.000000e+000  
0.000000e+000  0.000000e+000  0.000000e+000  0.000000e+000  0.000000e+000  0.000000e+000  0.000000e+000  0.000000e+000  0.000000e+000  
0.000000e+000  0.000000e+000  0.000000e+000  0.000000e+000  0.000000e+000  0.000000e+000  0.000000e+000  0.000000e+000  0.000000e+000  
0.000000e+000  0.000000e+000  0.000000e+000  0.000000e+000  0.000000e+000  0.000000e+000  0.000000e+000  0.000000e+000  0.000000e+000  
0.000000e+000  0.000000e+000  0.000000e+000  0.000000e+000  0.000000e+000  0.000000e+000  0.000000e+000  0.000000e+000  0.000000e+000  
0.000000e+000  0.000000e+000  0.000000e+000  0.000000e+000  0.000000e+000  0.000000e+000  0.000000e+000  0.000000e+000  0.000000e+000  
0.000000e+000  0.000000e+000  0.000000e+000  0.000000e+000  0.000000e+000  0.000000e+000  0.000000e+000  0.000000e+000  0.000000e+000  
0.000000e+000  0.000000e+000  0.000000e+000  0.000000e+000  0.000000e+000  0.000000e+000  0.000000e+000  0.000000e+000  0.000000e+000  
0.000000e+000  0.000000e+000  0.000000e+000  0.000000e+000  0.000000e+000  0.000000e+000  0.000000e+000  0.000000e+000  0.000000e+000  
0.000000e+000  0.000000e+000  0.000000e+000  0.000000e+000  0.000000e+000  0.000000e+000  0.000000e+000  0.000000e+000  0.000000e+000  
0.000000e+000  0.000000e+000  0.000000e+000  0.000000e+000  0.000000e+000  0.000000e+000  0.000000e+000  0.000000e+000  0.000000e+000  

0.000000e+000  0.000000e+000  0.000000e+000  0.000000e+000  0.000000e+000  0.000000e+000  0.000000e+000  0.000000e+000  0.000000e+000  
0.000000e+000  0.000000e+000  0.000000e+000  0.000000e+000  0.000000e+000  0.000000e+000  0.000000e+000  0.000000e+000  0.000000e+000  
0.000000e+000  0.000000e+000  0.000000e+000  0.000000e+000  0.000000e+000  0.000000e+000  0.000000e+000  0.000000e+000  0.000000e+000  
0.000000e+000  0.000000e+000  0.000000e+000  0.000000e+000  0.000000e+000  0.000000e+000  0.000000e+000  0.000000e+000  0.000000e+000  
0.000000e+000  0.000000e+000  0.000000e+000  0.000000e+000  0.000000e+000  0.000000e+000  0.000000e+000  0.000000e+000  0.000000e+000  
0.000000e+000  0.000000e+000  0.000000e+000  0.000000e+000  0.000000e+000  0.000000e+000  0.000000e+000  0.000000e+000  0.000000e+000  
0.000000e+000  0.000000e+000  0.000000e+000  0.000000e+000  0.000000e+000  0.000000e+000  0.000000e+000  0.000000e+000  0.000000e+000  
0.000000e+000  0.000000e+000  0.000000e+000  0.000000e+000  0.000000e+000  0.000000e+000  0.000000e+000  0.000000e+000  0.000000e+000  
0.000000e+000  0.000000e+000  0.000000e+000  0.000000e+000  0.000000e+000  0.000000e+000  0.000000e+000  0.000000e+000  0.000000e+000  
0.000000e+000  0.000000e+000  0.000000e+000  0.000000e+000  0.000000e+000  0.000000e+000  0.000000e+000  0.000000e+000  0.000000e+000  
0.000000e+000  0.000000e+000  0.000000e+000  0.000000e+000  0.000000e+000  0.000000e+000  0.000000e+000  0.000000e+000  0.000000e+000  
0.000000e+000  0.000000e+000  0.000000e+000  0.000000e+000  0.000000e+000  0.000000e+000  0.000000e+000  0.000000e+000  0.000000e+000  
0.000000e+000  0.000000e+000  0.000000e+000  0.000000e+000  0.000000e+000  0.000000e+000  0.000000e+000  0.000000e+000  0.000000e+000  
0.000000e+000  0.000000e+000  0.000000e+000  0.000000e+000  0.000000e+000  0.000000e+000  0.000000e+000  0.000000e+000  0.000000e+000  
0.000000e+000  0.000000e+000  0.000000e+000  0.000000e+000  0.000000e+000  0.000000e+000  0.000000e+000  0.000000e+000  0.000000e+000  
0.000000e+000  0.000000e+000  0.000000e+000  0.000000e+000  0.000000e+000  0.000000e+000  0.000000e+000  0.000000e+000  0.000000e+000  
0.000000e+000  0.000000e+000  0.000000e+000  0.000000e+000  0.000000e+000  0.000000e+000  0.000000e+000  0.000000e+000  0.000000e+000  
0.000000e+000  0.000000e+000  0.000000e+000  0.000000e+000  0.000000e+000  0.000000e+000  0.000000e+000  0.000000e+000  0.000000e+000  
0.000000e+000  0.000000e+000  0.000000e+000  0.000000e+000  0.000000e+000  0.000000e+000  0.000000e+000  0.000000e+000  0.000000e+000  
0.000000e+000  0.000000e+000  0.000000e+000  0.000000e+000  0.000000e+000  0.000000e+000  0.000000e+000  0.000000e+000  0.000000e+000  
0.000000e+000  0.000000e+000  0.000000e+000  0.000000e+000  0.000000e+000  0.000000e+000  0.000000e+000  0.000000e+000  0.000000e+000  
0.000000e+000  0.000000e+000  0.000000e+000  0.000000e+000  0.000000e+000  0.000000e+000  0.000000e+000  0.000000e+000  0.000000e+000  
0.000000e+000  0.000000e+000  0.000000e+000  0.000000e+000  0.000000e+000  0.000000e+000  0.000000e+000  0.000000e+000  0.000000e+000  
0.000000e+000  0.000000e+000  0.000000e+000  0.000000e+000  0.000000e+000  0.000000e+000  0.000000e+000  0.000000e+000  0.000000e+000  
0.000000e+000  0.000000e+000  0.000000e+000  0.000000e+000  0.000000e+000  0.000000e+000  0.000000e+000  0.000000e+000  0.000000e+000  
0.000000e+000  0.000000e+000  0.000000e+000  0.000000e+000  0.000000e+000  0.000000e+000  0.000000e+000  0.000000e+000  0.000000e+000  
0.000000e+000  0.000000e+000  0.000000e+000  0.000000e+000  0.000000e+000  0.000000e+000  0.000000e+000  0.000000e+000  0.000000e+000  
0.000000e+000  0.000000e+000  0.000000e+000  0.000000e+000  0.000000e+000  0.000000e+000  0.000000e+000  0.000000e+000  0.000000e+000  
0.000000e+000  0.000000e+000  0.000000e+000  0.000000e+000  0.000000e+000  0.000000e+000  0.000000e+000  0.000000e+000  0.000000e+000  
0.000000e+000  0.000000e+000  0.000000e+000  0.000000e+000  0.000000e+000  0.000000e+000  0.000000e+000  0.000000e+000  0.000000e+000  
0.000000e+000  0.000000e+000  0.000000e+000  0.000000e+000  0.000000e+000  0.000000e+000  0.000000e+000  0.000000e+000  0.000000e+000  
0.000000e+000  0.000000e+000  0.000000e+000  0.000000e+000  0.000000e+000  0.000000e+000  0.000000e+000  0.000000e+000  0.000000e+000  
0.000000e+000  0.000000e+000  0.000000e+000  0.000000e+000  0.000000e+000  0.000000e+000  0.000000e+000  0.000000e+000  0.000000e+000  
0.000000e+000  0.000000e+000  0.000000e+000  0.000000e+000  0.000000e+000  0.000000e+000  0.000000e+000  0.000000e+000  0.000000e+000  
0.000000e+000  0.000000e+000  0.000000e+000  0.000000e+000  0.000000e+000  0.000000e+000  0.000000e+000  0.000000e+000  0.000000e+000  
0.000000e+000  0.000000e+000  0.000000e+000  0.000000e+000  0.000000e+000  0.000000e+000  0.000000e+000  0.000000e+000  0.000000e+000  
0.000000e+000  0.000000e+000  0.000000e+000  0.000000e+000  0.000000e+000  0.000000e+000  0.000000e+000  0.000000e+000  0.000000e+000  
0.000000e+000  0.000000e+000  0.000000e+000  0.000000e+000  0.000000e+000  0.000000e+000  0.000000e+000  0.000000e+000  0.000000e+000  
0.000000e+000  0.000000e+000  0.000000e+000  0.000000e+000  0.000000e+000  0.000000e+000  0.000000e+000  0.000000e+000  0.000000e+000  
0.000000e+000  0.000000e+000  0.000000e+000  0.000000e+000  0.000000e+000  0.000000e+000  0.000000e+000  0.000000e+000  0.000000e+000  
0.000000e+000  0.000000e+000  0.000000e+000  0.000000e+000  0.000000e+000  0.000000e+000  0.000000e+000  0.000000e+000  0.000000e+000  
0.000000e+000  0.000000e+000  0.000000e+000  0.000000e+000  0.000000e+000  0.000000e+000  0.000000e+000  0.000000e+000  0.000000e+000  
0.000000e+000  0.000000e+000  0.000000e+000  0.000000e+000  0.000000e+000  0.000000e+000  0.000000e+000  0.000000e+000  0.000000e+000  
0.000000e+000  0.000000e+000  0.000000e+000  0.000000e+000  0.000000e+000  0.000000e+000  0.000000e+000  0.000000e+000  0.000000e+000  
0.000000e+000  0.000000e+000  0.000000e+000  0.000000e+000  0.000000e+000  0.000000e+000  0.000000e+000  0.000000e+000  0.000000e+000  
0.000000e+000  0.000000e+000  0.000000e+000  0.000000e+000  0.000000e+000  0.000000e+000  0.000000e+000  0.000000e+000  0.000000e+000  
0.000000e+000  0.000000e+000  0.000000e+000  0.000000e+000  0.000000e+000  0.000000e+000  0.000000e+000  0.000000e+000  0.000000e+000  
0.000000e+000  0.000000e+000  0.000000e+000  0.000000e+000  0.000000e+000  0.000000e+000  0.000000e+000  0.000000e+000  0.000000e+000  
0.000000e+000  0.000000e+000  0.000000e+000  0.000000e+000  0.000000e+000  0.000000e+000  0.000000e+000  0.000000e+000  0.000000e+000  
0.000000e+000  0.000000e+000  0.000000e+000  0.000000e+000  0.000000e+000  0.000000e+000  0.000000e+000  0.000000e+000  0.000000e+000  
0.000000e+000  0.000000e+000  0.000000e+000  0.000000e+000  0.000000e+000  0.000000e+000  0.000000e+000  0.000000e+000  0.000000e+000  
0.000000e+000  0.000000e+000  0.000000e+000  0.000000e+000  0.000000e+000  0.000000e+000  0.000000e+000  0.000000e+000  0.000000e+000  
0.000000e+000  0.000000e+000  0.000000e+000  0.000000e+000  0.000000e+000  0.000000e+000  0.000000e+000  0.000000e+000  0.000000e+000  
0.000000e+000  0.000000e+000  0.000000e+000  0.000000e+000  0.000000e+000  0.000000e+000  0.000000e+000  0.000000e+000  0.000000e+000  
0.000000e+000  0.000000e+000  0.000000e+000  0.000000e+000  0.000000e+000  0.000000e+000  0.000000e+000  0.000000e+000  0.000000e+000  
0.000000e+000  0.000000e+000  0.000000e+000  0.000000e+000  0.000000e+000  0.000000e+000  0.000000e+000  0.000000e+000  0.000000e+000  
0.000000e+000  0.000000e+000  0.000000e+000  0.000000e+000  0.000000e+000  0.000000e+000  0.000000e+000  0.000000e+000  0.000000e+000  
0.000000e+000  0.000000e+000  0.000000e+000  0.000000e+000  0.000000e+000  0.000000e+000  0.000000e+000  0.000000e+000  0.000000e+000  
0.000000e+000  0.000000e+000  0.000000e+000  0.000000e+000  0.000000e+000  0.000000e+000  0.000000e+000  0.000000e+000  0.000000e+000  
0.000000e+000  0.000000e+000  0.000000e+000  0.000000e+000  0.000000e+000  0.000000e+000  0.000000e+000  0.000000e+000  0.000000e+000  
0.000000e+000  0.000000e+000  0.000000e+000  0.000000e+000  0.000000e+000  0.000000e+000  0.000000e+000  0.000000e+000  0.000000e+000  
0.000000e+000  0.000000e+000  0.000000e+000  0.000000e+000  0.000000e+000  0.000000e+000  0.000000e+000  0.000000e+000  0.000000e+000  
0.000000e+000  0.000000e+000  0.000000e+000  0.000000e+000  0.000000e+000  0.000000e+000  0.000000e+000  0.000000e+000  0.000000e+000  
0.000000e+000  0.000000e+000  0.000000e+000  0.000000e+000  0.000000e+000  0.000000e+000  0.000000e+000  0.000000e+000  0.000000e+000  
0.000000e+000  0.000000e+000  0.000000e+000  0.000000e+000  0.000000e+000  0.000000e+000  0.000000e+000  0.000000e+000  0.000000e+000  
0.000000e+000  0.000000e+000  0.000000e+000  0.000000e+000  0.000000e+000  0.000000e+000  0.000000e+000  0.000000e+000  0.000000e+000  
0.000000e+000  0.000000e+000  0.000000e+000  0.000000e+000  0.000000e+000  0.000000e+000  0.000000e+000  0.000000e+000  0.000000e+000  
0.000000e+000  0.000000e+000  0.000000e+000  0.000000e+000  0.000000e+000  0.000000e+000  0.000000e+000  0.000000e+000  0.000000e+000  
0.000000e+000  0.000000e+000  0.000000e+000  0.000000e+000  0.000000e+000  0.000000e+000  0.000000e+000  0.000000e+000  0.000000e+000  
0.000000e+000  0.000000e+000  0.000000e+000  0.000000e+000  0.000000e+000  0.000000e+000  0.000000e+000  0.000000e+000  0.000000e+000  
0.000000e+000  0.000000e+000  0.000000e+000  0.000000e+000  0.000000e+000  0.000000e+000  0.000000e+000  0.000000e+000  0.000000e+000  
0.000000e+000  0.000000e+000  0.000000e+000  0.000000e+000  0.000000e+000  0.000000e+000  0.000000e+000  0.000000e+000  0.000000e+000  
0.000000e+000  0.000000e+000  0.000000e+000  0.000000e+000  0.000000e+000  0.000000e+000  0.000000e+000  0.000000e+000  0.000000e+000  
0.000000e+000  0.000000e+000  0.000000e+000  0.000000e+000  0.000000e+000  0.000000e+000  0.000000e+000  0.000000e+000  0.000000e+000  
0.000000e+000  0.000000e+000  0.000000e+000  0.000000e+000  0.000000e+000  0.000000e+000  0.000000e+000  0.000000e+000  0.000000e+000  
0.000000e+000  0.000000e+000  0.000000e+000  0.000000e+000  0.000000e+000  0.000000e+000  0.000000e+000  0.000000e+000  0.000000e+000  
0.000000e+000  0.000000e+000  0.000000e+000  0.000000e+000  0.000000e+000  0.000000e+000  0.000000e+000  0.000000e+000  0.000000e+000  
0.000000e+000  0.000000e+000  0.000000e+000  0.000000e+000  0.000000e+000  0.000000e+000  0.000000e+000  0.000000e+000  0.000000e+000  
0.000000e+000  0.000000e+000  0.000000e+000  0.000000e+000  0.000000e+000  0.000000e+000  0.000000e+000  0.000000e+000  0.000000e+000  
0.000000e+000  0.000000e+000  0.000000e+000  0.000000e+000  0.000000e+000  0.000000e+000  0.000000e+000  0.000000e+000  0.000000e+000  
0.000000e+000  0.000000e+000  0.000000e+000  0.000000e+000  0.000000e+000  0.000000e+000  0.000000e+000  0.000000e+000  0.000000e+000  
0.000000e+000  0.000000e+000  0.000000e+000  0.000000e+000  0.000000e+000  0.000000e+000  0.000000e+000  0.000000e+000  0.000000e+000  
0.000000e+000  0.000000e+000  0.000000e+000  0.000000e+000  0.000000e+000  0.000000e+000  0.000000e+000  0.000000e+000  0.000000e+000  
0.000000e+000  0.000000e+000  0.000000e+000  0.000000e+000  0.000000e+000  0.000000e+000  0.000000e+000  0.000000e+000  0.000000e+000  
0.000000e+000  0.000000e+000  0.000000e+000  0.000000e+000  0.000000e+000  0.000000e+000  0.000000e+000  0.000000e+000  0.000000e+000  
0.000000e+000  0.000000e+000  0.000000e+000  0.000000e+000  0.000000e+000  0.000000e+000  0.000000e+000  0.000000e+000  0.000000e+000  
0.000000e+000  0.000000e+000  0.000000e+000  0.000000e+000  0.000000e+000  0.000000e+000  0.000000e+000  0.000000e+000  0.000000e+000  
0.000000e+000  0.000000e+000  0.000000e+000  0.000000e+000  0.000000e+000  0.000000e+000  0.000000e+000  0.000000e+000  0.000000e+000  
0.000000e+000  0.000000e+000  0.000000e+000  0.000000e+000  0.000000e+000  0.000000e+000  0.000000e+000  0.000000e+000  0.000000e+000  
0.000000e+000  0.000000e+000  0.000000e+000  0.000000e+000  0.000000e+000  0.000000e+000  0.000000e+000  0.000000e+000  0.000000e+000  
0.000000e+000  0.000000e+000  0.000000e+000  0.000000e+000  0.000000e+000  0.000000e+000  0.000000e+000  0.000000e+000  0.000000e+000  
0.000000e+000  0.000000e+000  0.000000e+000  0.000000e+000  0.000000e+000  0.000000e+000  0.000000e+000  0.000000e+000  0.000000e+000  
0.000000e+000  0.000000e+000  0.000000e+000  0.000000e+000  0.000000e+000  0.000000e+000  0.000000e+000  0.000000e+000  0.000000e+000  
0.000000e+000  0.000000e+000  0.000000e+000  0.000000e+000  0.000000e+000  0.000000e+000  0.000000e+000  0.000000e+000  0.000000e+000  
0.000000e+000  0.000000e+000  0.000000e+000  0.000000e+000  0.000000e+000  0.000000e+000  0.000000e+000  0.000000e+000  0.000000e+000  
0.000000e+000  0.000000e+000  0.000000e+000  0.000000e+000  0.000000e+000  0.000000e+000  0.000000e+000  0.000000e+000  0.000000e+000  
0.000000e+000  0.000000e+000  0.000000e+000  0.000000e+000  0.000000e+000  0.000000e+000  0.000000e+000  0.000000e+000  0.000000e+000  
0.000000e+000  0.000000e+000  0.000000e+000  0.000000e+000  0.000000e+000  0.000000e+000  0.000000e+000  0.000000e+000  0.000000e+000  
0.000000e+000  0.000000e+000  0.000000e+000  0.000000e+000  0.000000e+000  0.000000e+000  0.000000e+000  0.000000e+000  0.000000e+000  
0.000000e+000  0.000000e+000  0.000000e+000  0.000000e+000  0.000000e+000  0.000000e+000  0.000000e+000  0.000000e+000  0.000000e+000  
0.000000e+000  0.000000e+000  0.000000e+000  0.000000e+000  0.000000e+000  0.000000e+000  0.000000e+000  0.000000e+000  0.000000e+000  
0.000000e+000  0.000000e+000  0.000000e+000  0.000000e+000  0.000000e+000  0.000000e+000  0.000000e+000  0.000000e+000  0.000000e+000  
0.000000e+000  0.000000e+000  0.000000e+000  0.000000e+000  0.000000e+000  0.000000e+000  0.000000e+000  0.000000e+000  0.000000e+000  
0.000000e+000  0.000000e+000  0.000000e+000  0.000000e+000  0.000000e+000  0.000000e+000  0.000000e+000  0.000000e+000  0.000000e+000  
0.000000e+000  0.000000e+000  0.000000e+000  0.000000e+000  0.000000e+000  0.000000e+000  0.000000e+000  0.000000e+000  0.000000e+000  
0.000000e+000  0.000000e+000  0.000000e+000  0.000000e+000  0.000000e+000  0.000000e+000  0.000000e+000  0.000000e+000  0.000000e+000  
0.000000e+000  0.000000e+000  0.000000e+000  0.000000e+000  0.000000e+000  0.000000e+000  0.000000e+000  0.000000e+000  0.000000e+000  
0.000000e+000  0.000000e+000  0.000000e+000  0.000000e+000  0.000000e+000  0.000000e+000  0.000000e+000  0.000000e+000  0.000000e+000  
0.000000e+000  0.000000e+000  0.000000e+000  0.000000e+000  0.000000e+000  0.000000e+000  0.000000e+000  0.000000e+000  0.000000e+000  
0.000000e+000  0.000000e+000  0.000000e+000  0.000000e+000  0.000000e+000  0.000000e+000  0.000000e+000  0.000000e+000  0.000000e+000  
0.000000e+000  0.000000e+000  0.000000e+000  0.000000e+000  0.000000e+000  0.000000e+000  0.000000e+000  0.000000e+000  0.000000e+000  
0.000000e+000  0.000000e+000  0.000000e+000  0.000000e+000  0.000000e+000  0.000000e+000  0.000000e+000  0.000000e+000  0.000000e+000  
0.000000e+000  0.000000e+000  0.000000e+000  0.000000e+000  0.000000e+000  0.000000e+000  0.000000e+000  0.000000e+000  0.000000e+000  
0.000000e+000  0.000000e+000  0.000000e+000  0.000000e+000  0.000000e+000  0.000000e+000  0.000000e+000  0.000000e+000  0.000000e+000  
0.000000e+000  0.000000e+000  0.000000e+000  0.000000e+000  0.000000e+000  0.000000e+000  0.000000e+000  0.000000e+000  0.000000e+000  
0.000000e+000  0.000000e+000  0.000000e+000  0.000000e+000  0.000000e+000  0.000000e+000  0.000000e+000  0.000000e+000  0.000000e+000  

-1.801063e-008  -1.797090e-008  -1.785901e-008  -1.765911e-008  -1.735914e-008  -1.672303e-008  -1.603753e-008  -1.078435e-008  -1.798202e-008  
-2.079169e-008  -2.112071e-008  -2.157035e-008  8.570298e-009  -1.478424e-008  -1.629306e-008  -1.786211e-008  -1.929880e-008  -2.146503e-008  
-1.855622e-008  -2.136949e-008  4.654467e-009  -1.263826e-008  -1.410820e-008  -1.653535e-008  -1.888669e-008  -2.098043e-008  -2.398777e-008  
-5.028257e-009  -1.939718e-008  1.835837e-009  -1.074322e-008  -1.318318e-008  -1.694879e-008  -2.038259e-008  -2.329716e-008  -2.739377e-008  
-3.050076e-009  -2.438960e-009  -0.000000e+000  -7.881399e-009  -1.250548e-008  -1.786821e-008  -2.260270e-008  -2.653644e-008  -3.194579e-008  
3.467186e-008  -2.461630e-008  -0.000000e+000  -6.569620e-009  -1.245450e-008  -1.976199e-008  -2.600337e-008  -3.118621e-008  -3.823471e-008  
1.828320e-008  1.300339e-008  -0.000000e+000  -7.134308e-009  -1.399064e-008  -2.301553e-008  -3.095724e-008  -3.755702e-008  -4.659668e-008  
-0.000000e+000  -0.000000e+000  -0.000000e+000  -8.425379e-009  -1.668065e-008  -2.785314e-008  -3.779775e-008  -4.611030e-008  -5.759865e-008  
-0.000000e+000  -0.000000e+000  -0.000000e+000  -1.475592e-008  -2.922822e-008  -4.913967e-008  -6.698888e-008  -8.201246e-008  -1.029358e-007  
-0.000000e+000  -0.000000e+000  -0.000000e+000  -2.854858e-008  -5.648769e-008  -9.497609e-008  -1.294579e-007  -1.585247e-007  -1.990130e-007  
-0.000000e+000  -0.000000e+000  -0.000000e+000  -5.616925e-008  -1.111640e-007  -1.865009e-007  -2.540397e-007  -3.109641e-007  -3.902277e-007  
-0.000000e+000  -0.000000e+000  -0.000000e+000  -1.110189e-007  -2.197210e-007  -3.677420e-007  -5.003504e-007  -6.120905e-007  -7.677173e-007  
-0.000000e+000  -0.000000e+000  -0.000000e+000  -2.196471e-007  -4.346866e-007  -7.255024e-007  -9.859849e-007  -1.205432e-006  -1.510904e-006  
-0.000000e+000  -0.000000e+000  -0.000000e+000  -4.345775e-007  -8.600857e-007  -1.431071e-006  -1.942366e-006  -2.372996e-006  -2.972224e-006  
-0.000000e+000  -0.000000e+000  -0.000000e+000  -8.597293e-007  -1.701526e-006  -2.821643e-006  -3.824244e-006  -4.668444e-006  -5.842719e-006  
-0.000000e+000  -0.000000e+000  -0.000000e+000  -1.700452e-006  -3.365448e-006  -5.560369e-006  -7.524180e-006  -9.177260e-006  -1.147562e-005  
-0.000000e+000  -0.000000e+000  -0.000000e+000  -3.362460e-006  -6.654908e-006  -1.095063e-005  -1.479235e-005  -1.802504e-005  -2.251737e-005  
-0.000000e+000  -0.000000e+000  -0.000000e+000  -6.647081e-006  -1.315591e-005  -2.155162e-005  -2.905626e-005  -3.536869e-005  -4.413590e-005  
-0.000000e+000  -0.000000e+000  -0.000000e+000  -1.313634e-005  -2.599971e-005  -4.238335e-005  -5.701978e-005  -6.932560e-005  -8.640622e-005  
-0.000000e+000  -0.000000e+000  -0.000000e+000  -2.595214e-005  -5.136559e-005  -8.328171e-005  -1.117759e-004  -1.357210e-004  -1.689335e-004  
-0.000000e+000  -0.000000e+000  -0.000000e+000  -5.125237e-005  -1.014421e-004  -1.634948e-004  -2.188544e-004  -2.653497e-004  -3.297879e-004  
-0.000000e+000  -0.000000e+000  -0.000000e+000  -1.011768e-004  -2.002588e-004  -3.206373e-004  -4.279436e-004  -5.180101e-004  -6.427196e-004  
-0.000000e+000  -0.000000e+000  -0.000000e+000  -1.914430e-004  -3.789277e-004  -6.025317e-004  -8.016775e-004  -9.687132e-004  -1.199767e-003  
-0.000000e+000  -0.000000e+000  -0.000000e+000  -2.461562e-004  -4.872259e-004  -7.722597e-004  -1.026010e-003  -1.238775e-003  -1.532947e-003  
-0.000000e+000  -0.000000e+000  -0.000000e+000  -3.154234e-004  -6.243332e-004  -9.864466e-004  -1.308680e-003  -1.578779e-003  -1.952043e-003  
-0.000000e+000  -0.000000e+000  -0.000000e+000  -4.033280e-004  -7.983324e-004  -1.257321e-003  -1.665584e-003  -2.007677e-003  -2.480203e-003  
-0.000000e+000  -0.000000e+000  -0.000000e+000  -5.104814e-004  -1.010434e-003  -1.586315e-003  -2.098328e-003  -2.527209e-003  -3.119322e-003  
-0.000000e+000  -0.000000e+000  -0.000000e+000  -6.455655e-004  -1.277825e-003  -1.999528e-003  -2.640898e-003  -3.177942e-003  -3.919000e-003  
-0.000000e+000  -0.000000e+000  -0.000000e+000  -8.159477e-004  -1.615089e-003  -2.518699e-003  -3.321342e-003  -3.993172e-003  -4.919716e-003  
-0.000000e+000  -0.000000e+000  -0.000000e+000  -1.356961e-003  -2.686013e-003  -4.157695e-003  -5.463521e-003  -6.555600e-003  -8.059874e-003  
-0.000000e+000  -0.000000e+000  -0.000000e+000  -2.448167e-003  -4.846074e-003  -7.430121e-003  -9.719650e-003  -1.163224e-002  -1.426240e-002  
-0.000000e+000  -0.000000e+000  -0.000000e+000  -4.105199e-003  -8.126272e-003  -1.234180e-002  -1.607125e-002  -1.918301e-002  -2.345487e-002  
-0.000000e+000  -0.000000e+000  -0.000000e+000  -5.208204e-003  -1.030978e-002  -1.558102e-002  -2.024068e-002  -2.412610e-002  -2.945505e-002  
-0.000000e+000  -0.000000e+000  -0.000000e+000  -6.593985e-003  -1.305310e-002  -1.962909e-002  -2.543725e-002  -3.027713e-002  -3.690872e-002  
-0.000000e+000  -0.000000e+000  -0.000000e+000  -8.337426e-003  -1.650448e-002  -2.469306e-002  -3.191915e-002  -3.793636e-002  -4.617270e-002  
-0.000000e+000  -0.000000e+000  -0.000000e+000  -1.041101e-002  -2.060948e-002  -3.068060e-002  -3.956005e-002  -4.694880e-002  -5.705199e-002  
-0.000000e+000  -0.000000e+000  -0.000000e+000  -1.299272e-002  -2.572045e-002  -3.809088e-002  -4.898725e-002  -5.804746e-002  -7.042246e-002  
-0.000000e+000  -0.000000e+000  -0.000000e+000  -1.620791e-002  -3.208559e-002  -4.726182e-002  -6.061612e-002  -7.171109e-002  -8.684724e-002  
-0.000000e+000  -0.000000e+000  -0.000000e+000  -2.142840e-002  -4.242074e-002  -6.204515e-002  -7.928987e-002  -9.360130e-002  -1.130937e-001  
-0.000000e+000  -0.000000e+000  -0.000000e+000  -2.672245e-002  -5.290170e-002  -7.691637e-002  -9.799366e-002  -1.154689e-001  -1.392365e-001  
-0.000000e+000  -0.000000e+000  -0.000000e+000  -3.331487e-002  -6.595327e-002  -9.530169e-002  -1.210270e-001  -1.423337e-001  -1.712675e-001  
-0.000000e+000  -0.000000e+000  -0.000000e+000  -4.152414e-002  -8.220603e-002  -1.180238e-001  -1.493759e-001  -1.753135e-001  -2.104762e-001  
-0.000000e+000  -0.000000e+000  -0.000000e+000  -5.265661e-002  -1.042464e-001  -1.485864e-001  -1.873341e-001  -2.193473e-001  -2.626596e-001  
-0.000000e+000  -0.000000e+000  -0.000000e+000  -6.676544e-002  -1.321798e-001  -1.869731e-001  -2.347690e-001  -2.741993e-001  -3.274274e-001  
-0.000000e+000  -0.000000e+000  -0.000000e+000  -8.464351e-002  -1.675761e-001  -2.351571e-001  -2.939891e-001  -3.424439e-001  -4.076906e-001  
-0.000000e+000  -0.000000e+000  -0.000000e+000  -1.504118e-001  -2.977903e-001  -4.097529e-001  -5.066898e-001  -5.861674e-001  -6.924446e-001  
-0.000000e+000  -0.000000e+000  -0.000000e+000  -2.841942e-001  -5.626633e-001  -7.549585e-001  -9.200522e-001  -1.054449e+000  -1.232159e+000  
-0.000000e+000  -0.000000e+000  -0.000000e+000  -5.394146e-001  -1.067924e+000  -1.391172e+000  -1.665158e+000  -1.885719e+000  -2.172117e+000  
-0.000000e+000  -0.000000e+000  -0.000000e+000  -1.026001e+000  -2.030922e+000  -2.555577e+000  -2.990775e+000  -3.334367e+000  -3.766256e+000  
-0.000000e+000  -0.000000e+000  -0.000000e+000  -1.960122e+000  -3.878079e+000  -4.680580e+000  -5.318414e+000  -5.802485e+000  -6.370977e+000  
-0.000000e+000  -0.000000e+000  -0.000000e+000  -3.791338e+000  -7.492114e+000  -8.572643e+000  -9.342621e+000  -9.868262e+000  -1.037527e+001  
-0.000000e+000  -0.000000e+000  -0.000000e+000  -7.557771e+000  -1.490340e+001  -1.578479e+001  -1.610647e+001  -1.613964e+001  -1.585805e+001  
-0.000000e+000  -0.000000e+000  -0.000000e+000  -1.493496e+001  -2.948614e+001  -2.754222e+001  -2.527423e+001  -2.334862e+001  -2.104819e+001  
-0.000000e+000  -0.000000e+000  -0.000000e+000  -1.977451e+001  -3.963371e+001  -3.324300e+001  -2.848160e+001  -2.530960e+001  -2.234347e+001  
-0.000000e+000  -0.000000e+000  -0.000000e+000  -2.431402e+001  -5.081181e+001  -3.715793e+001  -2.992142e+001  -2.603498e+001  -2.303715e+001  
-0.000000e+000  -0.000000e+000  -0.000000e+000  -2.240931e+001  -5.344876e+001  -3.343393e+001  -2.744137e+001  -2.499001e+001  -2.312574e+001  
-0.000000e+000  -0.000000e+000  -0.000000e+000  -5.017155e+000  -0.000000e+000  -1.994801e+001  -2.298727e+001  -2.354790e+001  -2.298823e+001  
-0.000000e+000  -0.000000e+000  -0.000000e+000  -1.136291e+000  -0.000000e+000  -1.398562e+001  -2.015537e+001  -2.248688e+001  -2.284880e+001  
-0.000000e+000  -0.000000e+000  -0.000000e+000  -1.136291e+000  -0.000000e+000  -1.398562e+001  -2.015537e+001  -2.248688e+001  -2.284880e+001  
-0.000000e+000  -0.000000e+000  -0.000000e+000  -5.017155e+000  -0.000000e+000  -1.994801e+001  -2.298727e+001  -2.354790e+001  -2.298823e+001  
-0.000000e+000  -0.000000e+000  -0.000000e+000  -2.240931e+001  -5.344876e+001  -3.343393e+001  -2.744137e+001  -2.499001e+001  -2.312574e+001  
-0.000000e+000  -0.000000e+000  -0.000000e+000  -2.431402e+001  -5.081181e+001  -3.715793e+001  -2.992142e+001  -2.603498e+001  -2.303715e+001  
-0.000000e+000  -0.000000e+000  -0.000000e+000  -1.977451e+001  -3.963371e+001  -3.324300e+001  -2.848160e+001  -2.530960e+001  -2.234347e+001  
-0.000000e+000  -0.000000e+000  -0.000000e+000  -1.493496e+001  -2.948614e+001  -2.754222e+001  -2.527423e+001  -2.334862e+001  -2.104819e+001  
-0.000000e+000  -0.000000e+000  -0.000000e+000  -7.557771e+000  -1.490340e+001  -1.578479e+001  -1.610647e+001  -1.613964e+001  -1.585805e+001  
-0.000000e+000  -0.000000e+000  -0.000000e+000  -3.791338e+000  -7.492114e+000  -8.572643e+000  -9.342621e+000  -9.868262e+000  -1.037527e+001  
-0.000000e+000  -0.000000e+000  -0.000000e+000  -1.960122e+000  -3.878079e+000  -4.680580e+000  -5.318414e+000  -5.802485e+000  -6.370977e+000  
-0.000000e+000  -0.000000e+000  -0.000000e+000  -1.026001e+000  -2.030922e+000  -2.555577e+000  -2.990775e+000  -3.334367e+000  -3.766256e+000  
-0.000000e+000  -0.000000e+000  -0.000000e+000  -5.394146e-001  -1.067924e+000  -1.391172e+000  -1.665158e+000  -1.885719e+000  -2.172117e+000  
-0.000000e+000  -0.000000e+000  -0.000000e+000  -2.841942e-001  -5.626633e-001  -7.549585e-001  -9.200522e-001  -1.054449e+000  -1.232159e+000  
-0.000000e+000  -0.000000e+000  -0.000000e+000  -1.504118e-001  -2.977903e-001  -4.097529e-001  -5.066898e-001  -5.861674e-001  -6.924446e-001  
-0.000000e+000  -0.000000e+000  -0.000000e+000  -8.464351e-002  -1.675761e-001  -2.351571e-001  -2.939891e-001  -3.424439e-001  -4.076906e-001  
-0.000000e+000  -0.000000e+000  -0.000000e+000  -6.676544e-002  -1.321798e-001  -1.869731e-001  -2.347690e-001  -2.741993e-001  -3.274274e-001  
-0.000000e+000  -0.000000e+000  -0.000000e+000  -5.265661e-002  -1.042464e-001  -1.485864e-001  -1.873341e-001  -2.193473e-001  -2.626596e-001  
-0.000000e+000  -0.000000e+000  -0.000000e+000  -4.152414e-002  -8.220603e-002  -1.180238e-001  -1.493759e-001  -1.753135e-001  -2.104762e-001  
-0.000000e+000  -0.000000e+000  -0.000000e+000  -3.331487e-002  -6.595327e-002  -9.530169e-002  -1.210270e-001  -1.423337e-001  -1.712675e-001  
-0.000000e+000  -0.000000e+000  -0.000000e+000  -2.672245e-002  -5.290170e-002  -7.691637e-002  -9.799366e-002  -1.154689e-001  -1.392365e-001  
-0.000000e+000  -0.000000e+000  -0.000000e+000  -2.142840e-002  -4.242074e-002  -6.204515e-002  -7.928987e-002  -9.360130e-002  -1.130937e-001  
-0.000000e+000  -0.000000e+000  -0.000000e+000  -1.620791e-002  -3.208559e-002  -4.726182e-002  -6.061612e-002  -7.171109e-002  -8.684724e-002  
-0.000000e+000  -0.000000e+000  -0.000000e+000  -1.299272e-002  -2.572045e-002  -3.809088e-002  -4.898725e-002  -5.804746e-002  -7.042246e-002  
-0.000000e+000  -0.000000e+000  -0.000000e+000  -1.041101e-002  -2.060948e-002  -3.068060e-002  -3.956005e-002  -4.694880e-002  -5.705199e-002  
-0.000000e+000  -0.000000e+000  -0.000000e+000  -8.337426e-003  -1.650448e-002  -2.469306e-002  -3.191915e-002  -3.793636e-002  -4.617270e-002  
-0.000000e+000  -0.000000e+000  -0.000000e+000  -6.593985e-003  -1.305310e-002  -1.962909e-002  -2.543725e-002  -3.027713e-002  -3.690872e-002  
-0.000000e+000  -0.000000e+000  -0.000000e+000  -5.208204e-003  -1.030978e-002  -1.558102e-002  -2.024068e-002  -2.412610e-002  -2.945505e-002  
-0.000000e+000  -0.000000e+000  -0.000000e+000  -4.105199e-003  -8.126272e-003  -1.234180e-002  -1.607125e-002  -1.918301e-002  -2.345487e-002  
-0.000000e+000  -0.000000e+000  -0.000000e+000  -2.448167e-003  -4.846074e-003  -7.430121e-003  -9.719650e-003  -1.163224e-002  -1.426240e-002  
-0.000000e+000  -0.000000e+000  -0.000000e+000  -1.356961e-003  -2.686013e-003  -4.157695e-003  -5.463521e-003  -6.555600e-003  -8.059875e-003  
-0.000000e+000  -0.000000e+000  -0.000000e+000  -8.159477e-004  -1.615089e-003  -2.518699e-003  -3.321342e-003  -3.993172e-003  -4.919716e-003  
-0.000000e+000  -0.000000e+000  -0.000000e+000  -6.455655e-004  -1.277825e-003  -1.999528e-003  -2.640898e-003  -3.177942e-003  -3.919000e-003  
-0.000000e+000  -0.000000e+000  -0.000000e+000  -5.104814e-004  -1.010434e-003  -1.586315e-003  -2.098328e-003  -2.527209e-003  -3.119322e-003  
-0.000000e+000  -0.000000e+000  -0.000000e+000  -4.033280e-004  -7.983323e-004  -1.257321e-003  -1.665584e-003  -2.007677e-003  -2.480203e-003  
-0.000000e+000  -0.000000e+000  -0.000000e+000  -3.154234e-004  -6.243332e-004  -9.864465e-004  -1.308680e-003  -1.578779e-003  -1.952043e-003  
-0.000000e+000  -0.000000e+000  -0.000000e+000  -2.461562e-004  -4.872259e-004  -7.722597e-004  -1.026010e-003  -1.238775e-003  -1.532947e-003  
-0.000000e+000  -0.000000e+000  -0.000000e+000  -1.914431e-004  -3.789277e-004  -6.025317e-004  -8.016775e-004  -9.687132e-004  -1.199767e-003  
-0.000000e+000  -0.000000e+000  -0.000000e+000  -1.011768e-004  -2.002588e-004  -3.206373e-004  -4.279436e-004  -5.180101e-004  -6.427196e-004  
-0.000000e+000  -0.000000e+000  -0.000000e+000  -5.125237e-005  -1.014421e-004  -1.634948e-004  -2.188544e-004  -2.653497e-004  -3.297879e-004  
-0.000000e+000  -0.000000e+000  -0.000000e+000  -2.595215e-005  -5.136558e-005  -8.328172e-005  -1.117759e-004  -1.357211e-004  -1.689335e-004  
-0.000000e+000  -0.000000e+000  -0.000000e+000  -1.313635e-005  -2.599969e-005  -4.238336e-005  -5.701978e-005  -6.932561e-005  -8.640622e-005  
-0.000000e+000  -0.000000e+000  -0.000000e+000  -6.647090e-006  -1.315590e-005  -2.155163e-005  -2.905625e-005  -3.536867e-005  -4.413590e-005  
-0.000000e+000  -0.000000e+000  -0.000000e+000  -3.362454e-006  -6.654908e-006  -1.095062e-005  -1.479236e-005  -1.802504e-005  -2.251737e-005  
-0.000000e+000  -0.000000e+000  -0.000000e+000  -1.700438e-006  -3.365457e-006  -5.560360e-006  -7.524189e-006  -9.177260e-006  -1.147562e-005  
-0.000000e+000  -0.000000e+000  -0.000000e+000  -8.597305e-007  -1.701519e-006  -2.821637e-006  -3.824232e-006  -4.668447e-006  -5.842713e-006  
-0.000000e+000  -0.000000e+000  -0.000000e+000  -4.345796e-007  -8.600848e-007  -1.431089e-006  -1.942368e-006  -2.372993e-006  -2.972228e-006  
-0.000000e+000  -0.000000e+000  -0.000000e+000  -2.196272e-007  -4.347030e-007  -7.255006e-007  -9.859885e-007  -1.205434e-006  -1.510905e-006  
-0.000000e+000  -0.000000e+000  -0.000000e+000  -1.110134e-007  -2.197266e-007  -3.677326e-007  -5.003417e-007  -6.120881e-007  -7.677123e-007  
-0.000000e+000  -0.000000e+000  -0.000000e+000  -5.617124e-008  -1.111544e-007  -1.865058e-007  -2.540415e-007  -3.109658e-007  -3.902152e-007  
-0.000000e+000  -0.000000e+000  -0.000000e+000  -2.854585e-008  -5.648546e-008  -9.497401e-008  -1.294479e-007  -1.585113e-007  -1.990130e-007  
-0.000000e+000  -0.000000e+000  -0.000000e+000  -1.475717e-008  -2.922213e-008  -4.912919e-008  -6.698009e-008  -8.200267e-008  -1.029182e-007  
-0.000000e+000  -0.000000e+000  -0.000000e+000  -8.435593e-009  -1.666166e-008  -2.783976e-008  -3.777879e-008  -4.609252e-008  -5.757217e-008  
1.824550e-008  1.297408e-008  -0.000000e+000  -7.132016e-009  -1.399142e-008  -2.301844e-008  -3.093137e-008  -3.753316e-008  -4.657047e-008  
3.460080e-008  -2.455818e-008  -0.000000e+000  -6.555407e-009  -1.246157e-008  -1.973439e-008  -2.598934e-008  -3.115229e-008  -3.820188e-008  
-3.025072e-009  -2.464704e-009  -0.000000e+000  -7.876270e-009  -1.248075e-008  -1.785201e-008  -2.257966e-008  -2.650606e-008  -3.192051e-008  
-5.033001e-009  -1.935092e-008  1.813337e-009  -1.073744e-008  -1.317660e-008  -1.694252e-008  -2.037429e-008  -2.326754e-008  -2.735743e-008  
-1.849943e-008  -2.134040e-008  4.659666e-009  -1.263414e-008  -1.409143e-008  -1.651689e-008  -1.886964e-008  -2.093878e-008  -2.395741e-008  
-2.074547e-008  -2.106610e-008  -2.152242e-008  8.541576e-009  -1.473920e-008  -1.625886e-008  -1.783266e-008  -1.926376e-008  -2.143608e-008  
-1.797736e-008  -1.793834e-008  -1.782603e-008  -1.762664e-008  -1.732731e-008  -1.669270e-008  -1.600953e-008  -1.077901e-008  -1.794079e-008  

