Port monitor named: Port1_h1.prt

nx        = 126
ny        = 99
nz        = 21

nu        = 9
nv        = 116
iu        = 8
iv        = 6

idir      = 1
dcut      = -1.047000e-001
icut      = 6
type      = 1
frequency = 1.800000e+009

fcutoff   = 0.000000e+000
alpha     = 0.000000e+000
beta      = 6.981433e+001
accuracy  = 6.574317e-014

type          = QTEM
wave imp.     = 2.044735e+002
wave imp.sig. = 2.566411e-011
line imp.     = 4.908030e+001

ref. port     = 0

1.513121e-011  1.999246e-011  2.745596e-011  -3.632396e-010  -5.403444e-011  -2.528053e-011  -0.000000e+000  9.301824e-011  2.823198e-011  
-1.624944e-010  -3.244953e-011  -1.422214e-009  1.067266e-009  -8.012341e-011  -2.815469e-011  1.640515e-011  5.332460e-011  9.937672e-011  
-7.636742e-010  -1.588414e-010  9.049477e-011  -1.584392e-010  -1.059854e-010  -2.755648e-011  3.480083e-011  8.091492e-011  1.397004e-010  
-1.598351e-010  -9.542448e-010  -0.000000e+000  -2.314678e-010  -1.144423e-010  -6.575810e-012  6.915975e-011  1.250423e-010  1.939607e-010  
-1.942785e-009  1.105727e-009  -0.000000e+000  -8.430791e-011  -3.169553e-011  5.531620e-011  1.276058e-010  1.885689e-010  2.685157e-010  
8.244630e-010  -1.918623e-009  -0.000000e+000  1.647499e-011  5.556196e-011  1.287701e-010  2.061542e-010  2.720646e-010  3.663404e-010  
9.294527e-010  6.610460e-010  -0.000000e+000  5.306094e-011  1.124121e-010  2.070487e-010  2.976564e-010  3.763553e-010  4.908080e-010  
-0.000000e+000  -0.000000e+000  -0.000000e+000  1.038059e-010  2.058563e-010  3.568131e-010  4.940934e-010  6.111918e-010  7.769422e-010  
-0.000000e+000  -0.000000e+000  -0.000000e+000  2.126279e-010  4.201207e-010  7.257000e-010  1.000031e-009  1.232200e-009  1.556714e-009  
-0.000000e+000  -0.000000e+000  -0.000000e+000  4.269157e-010  8.450687e-010  1.457842e-009  2.009253e-009  2.475006e-009  3.125401e-009  
-0.000000e+000  -0.000000e+000  -0.000000e+000  8.497446e-010  1.681678e-009  2.902147e-009  3.998307e-009  4.924062e-009  6.218406e-009  
-0.000000e+000  -0.000000e+000  -0.000000e+000  1.686875e-009  3.337854e-009  5.759780e-009  7.936483e-009  9.774994e-009  1.234286e-008  
-0.000000e+000  -0.000000e+000  -0.000000e+000  3.346060e-009  6.622127e-009  1.142638e-008  1.574433e-008  1.939117e-008  2.448598e-008  
-0.000000e+000  -0.000000e+000  -0.000000e+000  6.637150e-009  1.313467e-008  2.266501e-008  3.122912e-008  3.846247e-008  4.856831e-008  
-0.000000e+000  -0.000000e+000  -0.000000e+000  1.316435e-008  2.605156e-008  4.495397e-008  6.194021e-008  7.628776e-008  9.633184e-008  
-0.000000e+000  -0.000000e+000  -0.000000e+000  2.611004e-008  5.167140e-008  8.916194e-008  1.228535e-007  1.513098e-007  1.910651e-007  
-0.000000e+000  -0.000000e+000  -0.000000e+000  5.178682e-008  1.024850e-007  1.768441e-007  2.436681e-007  3.001088e-007  3.789597e-007  
-0.000000e+000  -0.000000e+000  -0.000000e+000  1.027145e-007  2.032692e-007  3.507538e-007  4.832919e-007  5.952364e-007  7.516302e-007  
-0.000000e+000  -0.000000e+000  -0.000000e+000  2.037242e-007  4.031646e-007  6.956861e-007  9.585632e-007  1.180594e-006  1.490786e-006  
-0.000000e+000  -0.000000e+000  -0.000000e+000  4.040673e-007  7.996381e-007  1.379826e-006  1.901218e-006  2.341595e-006  2.956830e-006  
-0.000000e+000  -0.000000e+000  -0.000000e+000  8.014285e-007  1.586006e-006  2.736752e-006  3.770882e-006  4.644328e-006  5.864586e-006  
-0.000000e+000  -0.000000e+000  -0.000000e+000  1.562867e-006  3.092872e-006  5.336945e-006  7.353602e-006  9.056910e-006  1.143654e-005  
-0.000000e+000  -0.000000e+000  -0.000000e+000  2.524703e-006  4.996319e-006  8.621461e-006  1.187923e-005  1.463081e-005  1.847493e-005  
-0.000000e+000  -0.000000e+000  -0.000000e+000  3.203337e-006  6.339319e-006  1.093889e-005  1.507234e-005  1.856354e-005  2.344095e-005  
-0.000000e+000  -0.000000e+000  -0.000000e+000  4.074857e-006  8.064032e-006  1.391499e-005  1.917301e-005  2.361404e-005  2.981844e-005  
-0.000000e+000  -0.000000e+000  -0.000000e+000  5.171038e-006  1.023334e-005  1.765827e-005  2.433075e-005  2.996646e-005  3.783990e-005  
-0.000000e+000  -0.000000e+000  -0.000000e+000  6.535216e-006  1.293302e-005  2.231674e-005  3.074951e-005  3.787199e-005  4.782253e-005  
-0.000000e+000  -0.000000e+000  -0.000000e+000  8.264275e-006  1.635477e-005  2.822120e-005  3.888506e-005  4.789198e-005  6.047518e-005  
-0.000000e+000  -0.000000e+000  -0.000000e+000  1.180374e-005  2.335929e-005  4.030792e-005  5.553896e-005  6.840340e-005  8.637581e-005  
-0.000000e+000  -0.000000e+000  -0.000000e+000  2.063419e-005  4.083450e-005  7.046249e-005  9.708795e-005  1.195763e-004  1.509939e-004  
-0.000000e+000  -0.000000e+000  -0.000000e+000  3.666703e-005  7.256305e-005  1.252121e-004  1.725255e-004  2.124873e-004  2.683163e-004  
-0.000000e+000  -0.000000e+000  -0.000000e+000  5.479072e-005  1.084293e-004  1.871015e-004  2.578008e-004  3.175146e-004  4.009379e-004  
-0.000000e+000  -0.000000e+000  -0.000000e+000  6.906602e-005  1.366797e-004  2.358493e-004  3.249686e-004  4.002402e-004  5.053982e-004  
-0.000000e+000  -0.000000e+000  -0.000000e+000  8.719754e-005  1.725615e-004  2.977653e-004  4.102803e-004  5.053121e-004  6.380754e-004  
-0.000000e+000  -0.000000e+000  -0.000000e+000  1.096173e-004  2.169295e-004  3.743247e-004  5.157682e-004  6.352331e-004  8.021294e-004  
-0.000000e+000  -0.000000e+000  -0.000000e+000  1.369748e-004  2.710692e-004  4.677456e-004  6.444887e-004  7.937672e-004  1.002312e-003  
-0.000000e+000  -0.000000e+000  -0.000000e+000  1.712281e-004  3.388553e-004  5.847138e-004  8.056532e-004  9.922591e-004  1.252948e-003  
-0.000000e+000  -0.000000e+000  -0.000000e+000  2.198867e-004  4.351488e-004  7.508719e-004  1.034593e-003  1.274221e-003  1.608976e-003  
-0.000000e+000  -0.000000e+000  -0.000000e+000  2.845007e-004  5.630172e-004  9.715123e-004  1.338596e-003  1.648628e-003  2.081718e-003  
-0.000000e+000  -0.000000e+000  -0.000000e+000  3.557597e-004  7.040351e-004  1.214840e-003  1.673855e-003  2.061522e-003  2.603037e-003  
-0.000000e+000  -0.000000e+000  -0.000000e+000  4.449363e-004  8.805100e-004  1.519346e-003  2.093396e-003  2.578203e-003  3.255364e-003  
-0.000000e+000  -0.000000e+000  -0.000000e+000  5.610179e-004  1.110227e-003  1.915710e-003  2.639483e-003  3.250708e-003  4.104362e-003  
-0.000000e+000  -0.000000e+000  -0.000000e+000  7.145957e-004  1.414142e-003  2.440085e-003  3.361902e-003  4.140319e-003  5.227315e-003  
-0.000000e+000  -0.000000e+000  -0.000000e+000  9.102376e-004  1.801290e-003  3.108040e-003  4.282065e-003  5.273353e-003  6.657293e-003  
-0.000000e+000  -0.000000e+000  -0.000000e+000  1.347194e-003  2.665944e-003  4.599739e-003  6.336799e-003  7.803136e-003  9.849263e-003  
-0.000000e+000  -0.000000e+000  -0.000000e+000  2.527605e-003  5.001510e-003  8.627982e-003  1.188334e-002  1.462903e-002  1.845349e-002  
-0.000000e+000  -0.000000e+000  -0.000000e+000  4.906356e-003  9.706719e-003  1.673711e-002  2.303673e-002  2.833808e-002  3.568715e-002  
-0.000000e+000  -0.000000e+000  -0.000000e+000  9.540576e-003  1.886594e-002  3.249030e-002  4.464072e-002  5.480565e-002  6.872351e-002  
-0.000000e+000  -0.000000e+000  -0.000000e+000  1.876287e-002  3.705345e-002  6.359903e-002  8.697252e-002  1.062246e-001  1.317433e-001  
-0.000000e+000  -0.000000e+000  -0.000000e+000  3.809799e-002  7.495445e-002  1.274445e-001  1.720514e-001  2.072748e-001  2.500198e-001  
-0.000000e+000  -0.000000e+000  -0.000000e+000  8.424426e-002  1.639222e-001  2.711436e-001  3.531810e-001  4.103363e-001  4.622940e-001  
-0.000000e+000  -0.000000e+000  -0.000000e+000  2.234732e-001  4.218436e-001  6.453797e-001  7.642895e-001  8.100921e-001  7.813380e-001  
-0.000000e+000  -0.000000e+000  -0.000000e+000  6.357426e-001  1.138591e+000  1.477206e+000  1.454058e+000  1.298903e+000  9.842305e-001  
-0.000000e+000  -0.000000e+000  -0.000000e+000  1.257463e+000  2.201817e+000  2.405400e+000  2.018992e+000  1.577485e+000  1.027206e+000  
-0.000000e+000  -0.000000e+000  -0.000000e+000  2.790538e+000  5.138157e+000  4.073452e+000  2.664599e+000  1.719976e+000  9.384546e-001  
-0.000000e+000  -0.000000e+000  -0.000000e+000  5.231349e+000  1.373588e+001  5.905943e+000  2.744983e+000  1.461235e+000  6.967676e-001  
-0.000000e+000  -0.000000e+000  -0.000000e+000  2.829974e+000  -0.000000e+000  2.780638e+000  1.563314e+000  8.490098e-001  3.852312e-001  
-0.000000e+000  -0.000000e+000  -0.000000e+000  -0.000000e+000  -0.000000e+000  -0.000000e+000  -0.000000e+000  -0.000000e+000  3.076551e-012  
-0.000000e+000  -0.000000e+000  -0.000000e+000  -2.829974e+000  -0.000000e+000  -2.780638e+000  -1.563314e+000  -8.490098e-001  -3.852312e-001  
-0.000000e+000  -0.000000e+000  -0.000000e+000  -5.231349e+000  -1.373588e+001  -5.905943e+000  -2.744983e+000  -1.461235e+000  -6.967676e-001  
-0.000000e+000  -0.000000e+000  -0.000000e+000  -2.790538e+000  -5.138157e+000  -4.073452e+000  -2.664599e+000  -1.719976e+000  -9.384546e-001  
-0.000000e+000  -0.000000e+000  -0.000000e+000  -1.257463e+000  -2.201817e+000  -2.405400e+000  -2.018992e+000  -1.577485e+000  -1.027206e+000  
-0.000000e+000  -0.000000e+000  -0.000000e+000  -6.357426e-001  -1.138591e+000  -1.477206e+000  -1.454058e+000  -1.298903e+000  -9.842305e-001  
-0.000000e+000  -0.000000e+000  -0.000000e+000  -2.234732e-001  -4.218436e-001  -6.453797e-001  -7.642895e-001  -8.100921e-001  -7.813380e-001  
-0.000000e+000  -0.000000e+000  -0.000000e+000  -8.424426e-002  -1.639222e-001  -2.711436e-001  -3.531810e-001  -4.103363e-001  -4.622940e-001  
-0.000000e+000  -0.000000e+000  -0.000000e+000  -3.809799e-002  -7.495445e-002  -1.274445e-001  -1.720514e-001  -2.072748e-001  -2.500198e-001  
-0.000000e+000  -0.000000e+000  -0.000000e+000  -1.876287e-002  -3.705345e-002  -6.359903e-002  -8.697252e-002  -1.062246e-001  -1.317433e-001  
-0.000000e+000  -0.000000e+000  -0.000000e+000  -9.540576e-003  -1.886594e-002  -3.249030e-002  -4.464072e-002  -5.480565e-002  -6.872351e-002  
-0.000000e+000  -0.000000e+000  -0.000000e+000  -4.906356e-003  -9.706719e-003  -1.673711e-002  -2.303673e-002  -2.833808e-002  -3.568715e-002  
-0.000000e+000  -0.000000e+000  -0.000000e+000  -2.527605e-003  -5.001510e-003  -8.627982e-003  -1.188334e-002  -1.462903e-002  -1.845349e-002  
-0.000000e+000  -0.000000e+000  -0.000000e+000  -1.347194e-003  -2.665944e-003  -4.599739e-003  -6.336799e-003  -7.803136e-003  -9.849263e-003  
-0.000000e+000  -0.000000e+000  -0.000000e+000  -9.102376e-004  -1.801290e-003  -3.108040e-003  -4.282065e-003  -5.273353e-003  -6.657293e-003  
-0.000000e+000  -0.000000e+000  -0.000000e+000  -7.145957e-004  -1.414142e-003  -2.440085e-003  -3.361902e-003  -4.140319e-003  -5.227315e-003  
-0.000000e+000  -0.000000e+000  -0.000000e+000  -5.610179e-004  -1.110227e-003  -1.915710e-003  -2.639483e-003  -3.250708e-003  -4.104362e-003  
-0.000000e+000  -0.000000e+000  -0.000000e+000  -4.449363e-004  -8.805100e-004  -1.519346e-003  -2.093396e-003  -2.578203e-003  -3.255364e-003  
-0.000000e+000  -0.000000e+000  -0.000000e+000  -3.557597e-004  -7.040351e-004  -1.214840e-003  -1.673855e-003  -2.061522e-003  -2.603037e-003  
-0.000000e+000  -0.000000e+000  -0.000000e+000  -2.845007e-004  -5.630172e-004  -9.715123e-004  -1.338596e-003  -1.648628e-003  -2.081718e-003  
-0.000000e+000  -0.000000e+000  -0.000000e+000  -2.198867e-004  -4.351488e-004  -7.508719e-004  -1.034593e-003  -1.274221e-003  -1.608976e-003  
-0.000000e+000  -0.000000e+000  -0.000000e+000  -1.712281e-004  -3.388553e-004  -5.847138e-004  -8.056532e-004  -9.922591e-004  -1.252948e-003  
-0.000000e+000  -0.000000e+000  -0.000000e+000  -1.369748e-004  -2.710692e-004  -4.677456e-004  -6.444887e-004  -7.937672e-004  -1.002312e-003  
-0.000000e+000  -0.000000e+000  -0.000000e+000  -1.096173e-004  -2.169295e-004  -3.743247e-004  -5.157682e-004  -6.352331e-004  -8.021294e-004  
-0.000000e+000  -0.000000e+000  -0.000000e+000  -8.719754e-005  -1.725615e-004  -2.977653e-004  -4.102803e-004  -5.053121e-004  -6.380754e-004  
-0.000000e+000  -0.000000e+000  -0.000000e+000  -6.906602e-005  -1.366797e-004  -2.358493e-004  -3.249686e-004  -4.002402e-004  -5.053982e-004  
-0.000000e+000  -0.000000e+000  -0.000000e+000  -5.479072e-005  -1.084293e-004  -1.871015e-004  -2.578008e-004  -3.175146e-004  -4.009379e-004  
-0.000000e+000  -0.000000e+000  -0.000000e+000  -3.666703e-005  -7.256305e-005  -1.252121e-004  -1.725255e-004  -2.124873e-004  -2.683163e-004  
-0.000000e+000  -0.000000e+000  -0.000000e+000  -2.063419e-005  -4.083450e-005  -7.046249e-005  -9.708795e-005  -1.195763e-004  -1.509939e-004  
-0.000000e+000  -0.000000e+000  -0.000000e+000  -1.180374e-005  -2.335929e-005  -4.030792e-005  -5.553896e-005  -6.840340e-005  -8.637581e-005  
-0.000000e+000  -0.000000e+000  -0.000000e+000  -8.264275e-006  -1.635477e-005  -2.822120e-005  -3.888506e-005  -4.789198e-005  -6.047519e-005  
-0.000000e+000  -0.000000e+000  -0.000000e+000  -6.535217e-006  -1.293302e-005  -2.231674e-005  -3.074951e-005  -3.787199e-005  -4.782253e-005  
-0.000000e+000  -0.000000e+000  -0.000000e+000  -5.171037e-006  -1.023334e-005  -1.765827e-005  -2.433075e-005  -2.996646e-005  -3.783990e-005  
-0.000000e+000  -0.000000e+000  -0.000000e+000  -4.074858e-006  -8.064031e-006  -1.391499e-005  -1.917301e-005  -2.361404e-005  -2.981844e-005  
-0.000000e+000  -0.000000e+000  -0.000000e+000  -3.203337e-006  -6.339320e-006  -1.093889e-005  -1.507234e-005  -1.856354e-005  -2.344095e-005  
-0.000000e+000  -0.000000e+000  -0.000000e+000  -2.524703e-006  -4.996317e-006  -8.621461e-006  -1.187923e-005  -1.463081e-005  -1.847493e-005  
-0.000000e+000  -0.000000e+000  -0.000000e+000  -1.562867e-006  -3.092872e-006  -5.336944e-006  -7.353602e-006  -9.056911e-006  -1.143654e-005  
-0.000000e+000  -0.000000e+000  -0.000000e+000  -8.014285e-007  -1.586006e-006  -2.736752e-006  -3.770882e-006  -4.644328e-006  -5.864587e-006  
-0.000000e+000  -0.000000e+000  -0.000000e+000  -4.040672e-007  -7.996385e-007  -1.379826e-006  -1.901218e-006  -2.341595e-006  -2.956830e-006  
-0.000000e+000  -0.000000e+000  -0.000000e+000  -2.037241e-007  -4.031648e-007  -6.956862e-007  -9.585632e-007  -1.180595e-006  -1.490786e-006  
-0.000000e+000  -0.000000e+000  -0.000000e+000  -1.027146e-007  -2.032690e-007  -3.507538e-007  -4.832922e-007  -5.952369e-007  -7.516303e-007  
-0.000000e+000  -0.000000e+000  -0.000000e+000  -5.178708e-008  -1.024850e-007  -1.768445e-007  -2.436679e-007  -3.001085e-007  -3.789599e-007  
-0.000000e+000  -0.000000e+000  -0.000000e+000  -2.611019e-008  -5.167126e-008  -8.916197e-008  -1.228534e-007  -1.513099e-007  -1.910652e-007  
-0.000000e+000  -0.000000e+000  -0.000000e+000  -1.316409e-008  -2.605186e-008  -4.495392e-008  -6.194062e-008  -7.628774e-008  -9.633188e-008  
-0.000000e+000  -0.000000e+000  -0.000000e+000  -6.637138e-009  -1.313456e-008  -2.266460e-008  -3.122887e-008  -3.846259e-008  -4.856819e-008  
-0.000000e+000  -0.000000e+000  -0.000000e+000  -3.346457e-009  -6.621825e-009  -1.142674e-008  -1.574431e-008  -1.939109e-008  -2.448605e-008  
-0.000000e+000  -0.000000e+000  -0.000000e+000  -1.686616e-009  -3.338048e-009  -5.759921e-009  -7.936711e-009  -9.775096e-009  -1.234299e-008  
-0.000000e+000  -0.000000e+000  -0.000000e+000  -8.496130e-010  -1.681949e-009  -2.901894e-009  -3.998125e-009  -4.923998e-009  -6.218555e-009  
-0.000000e+000  -0.000000e+000  -0.000000e+000  -4.269983e-010  -8.449378e-010  -1.457971e-009  -2.009472e-009  -2.475288e-009  -3.125192e-009  
-0.000000e+000  -0.000000e+000  -0.000000e+000  -2.125562e-010  -4.201893e-010  -7.258528e-010  -1.000017e-009  -1.232147e-009  -1.557048e-009  
-0.000000e+000  -0.000000e+000  -0.000000e+000  -1.036315e-010  -2.061005e-010  -3.568745e-010  -4.943031e-010  -6.113648e-010  -7.771403e-010  
-9.275363e-010  -6.595561e-010  -0.000000e+000  -5.369989e-011  -1.114115e-010  -2.062405e-010  -2.980332e-010  -3.766970e-010  -4.908334e-010  
-8.227844e-010  1.914165e-009  -0.000000e+000  -1.709527e-011  -5.525915e-011  -1.303539e-010  -2.055902e-010  -2.726175e-010  -3.667231e-010  
1.937850e-009  -1.101507e-009  -0.000000e+000  8.474110e-011  3.003256e-011  -5.479120e-011  -1.281178e-010  -1.884389e-010  -2.681804e-010  
1.612799e-010  9.503295e-010  -0.000000e+000  2.312736e-010  1.152481e-010  7.006823e-012  -6.845369e-011  -1.250616e-010  -1.945942e-010  
7.603264e-010  1.596284e-010  -9.207247e-011  1.584094e-010  1.053372e-010  2.682640e-011  -3.533265e-011  -8.160971e-011  -1.394355e-010  
1.629561e-010  3.100888e-011  1.419877e-009  -1.065641e-009  7.854927e-011  2.724965e-011  -1.712331e-011  -5.303582e-011  -9.934742e-011  
-1.500115e-011  -1.974298e-011  -2.729946e-011  3.624023e-010  5.416947e-011  2.529531e-011  -0.000000e+000  -9.266109e-011  -2.842350e-011  
-0.000000e+000  -0.000000e+000  -0.000000e+000  -0.000000e+000  -0.000000e+000  -0.000000e+000  -0.000000e+000  -0.000000e+000  -0.000000e+000  

3.419145e-012  9.630522e-012  1.758167e-011  2.638292e-011  3.626920e-011  3.908547e-011  2.995206e-010  -1.908571e-010  -0.000000e+000  
-2.831804e-011  -3.870097e-011  2.650943e-009  -2.062390e-009  -9.649606e-011  -1.008123e-010  -9.249309e-011  -6.386401e-011  -0.000000e+000  
-2.421372e-010  2.239873e-009  -1.529188e-009  -1.419398e-010  -1.558301e-010  -1.522262e-010  -1.353812e-010  -8.871022e-011  -0.000000e+000  
-1.236728e-009  1.827519e-009  -1.114864e-009  -2.334603e-010  -2.452272e-010  -2.242665e-010  -1.893936e-010  -1.206382e-010  -0.000000e+000  
6.558799e-011  1.943120e-010  -5.215528e-010  -4.352234e-010  -3.686739e-010  -3.127265e-010  -2.556171e-010  -1.586254e-010  -0.000000e+000  
-5.102912e-009  2.229909e-009  -6.009994e-010  -5.358574e-010  -4.759471e-010  -4.029375e-010  -3.319451e-010  -2.049135e-010  -0.000000e+000  
-4.544314e-010  -1.169447e-009  -6.441005e-010  -6.178916e-010  -5.719915e-010  -5.024962e-010  -4.168125e-010  -2.604098e-010  -0.000000e+000  
-0.000000e+000  -0.000000e+000  -7.562979e-010  -7.405855e-010  -6.972656e-010  -6.214298e-010  -5.197944e-010  -3.286225e-010  -0.000000e+000  
-0.000000e+000  -0.000000e+000  -1.320212e-009  -1.294639e-009  -1.227914e-009  -1.103176e-009  -9.301504e-010  -5.938581e-010  -0.000000e+000  
-0.000000e+000  -0.000000e+000  -2.555220e-009  -2.500435e-009  -2.378354e-009  -2.136056e-009  -1.803979e-009  -1.152469e-009  -0.000000e+000  
-0.000000e+000  -0.000000e+000  -5.034051e-009  -4.928261e-009  -4.684968e-009  -4.211058e-009  -3.556494e-009  -2.271853e-009  -0.000000e+000  
-0.000000e+000  -0.000000e+000  -9.966038e-009  -9.756916e-009  -9.276793e-009  -8.335067e-009  -7.039141e-009  -4.498615e-009  -0.000000e+000  
-0.000000e+000  -0.000000e+000  -1.975324e-008  -1.933645e-008  -1.838609e-008  -1.652088e-008  -1.395246e-008  -8.914990e-009  -0.000000e+000  
-0.000000e+000  -0.000000e+000  -3.916005e-008  -3.833748e-008  -3.644913e-008  -3.275297e-008  -2.766041e-008  -1.767360e-008  -0.000000e+000  
-0.000000e+000  -0.000000e+000  -7.763895e-008  -7.600800e-008  -7.226599e-008  -6.493401e-008  -5.483785e-008  -3.503898e-008  -0.000000e+000  
-0.000000e+000  -0.000000e+000  -1.539254e-007  -1.506910e-007  -1.432733e-007  -1.287332e-007  -1.087193e-007  -6.946507e-008  -0.000000e+000  
-0.000000e+000  -0.000000e+000  -3.051583e-007  -2.987505e-007  -2.840390e-007  -2.552127e-007  -2.155308e-007  -1.377096e-007  -0.000000e+000  
-0.000000e+000  -0.000000e+000  -6.049566e-007  -5.922571e-007  -5.630871e-007  -5.059355e-007  -4.272645e-007  -2.729884e-007  -0.000000e+000  
-0.000000e+000  -0.000000e+000  -1.199239e-006  -1.174067e-006  -1.116234e-006  -1.002922e-006  -8.469624e-007  -5.411340e-007  -0.000000e+000  
-0.000000e+000  -0.000000e+000  -2.377205e-006  -2.327314e-006  -2.212658e-006  -1.988011e-006  -1.678843e-006  -1.072612e-006  -0.000000e+000  
-0.000000e+000  -0.000000e+000  -4.712003e-006  -4.613124e-006  -4.385823e-006  -3.940464e-006  -3.327612e-006  -2.125965e-006  -0.000000e+000  
-0.000000e+000  -0.000000e+000  -9.339429e-006  -9.143484e-006  -8.692875e-006  -7.810000e-006  -6.595223e-006  -4.213505e-006  -0.000000e+000  
-0.000000e+000  -0.000000e+000  -1.774555e-005  -1.737331e-005  -1.651697e-005  -1.483914e-005  -1.253084e-005  -8.005429e-006  -0.000000e+000  
-0.000000e+000  -0.000000e+000  -2.286091e-005  -2.238141e-005  -2.127812e-005  -1.911646e-005  -1.614269e-005  -1.031278e-005  -0.000000e+000  
-0.000000e+000  -0.000000e+000  -2.934923e-005  -2.873369e-005  -2.731714e-005  -2.454175e-005  -2.072386e-005  -1.323933e-005  -0.000000e+000  
-0.000000e+000  -0.000000e+000  -3.760002e-005  -3.681150e-005  -3.499657e-005  -3.144066e-005  -2.654934e-005  -1.696073e-005  -0.000000e+000  
-0.000000e+000  -0.000000e+000  -4.767868e-005  -4.667888e-005  -4.437727e-005  -3.986784e-005  -3.366524e-005  -2.150642e-005  -0.000000e+000  
-0.000000e+000  -0.000000e+000  -6.041171e-005  -5.914502e-005  -5.622849e-005  -5.051430e-005  -4.265502e-005  -2.724909e-005  -0.000000e+000  
-0.000000e+000  -0.000000e+000  -7.650769e-005  -7.490364e-005  -7.120970e-005  -6.397243e-005  -5.401886e-005  -3.450823e-005  -0.000000e+000  
-0.000000e+000  -0.000000e+000  -1.277860e-004  -1.251073e-004  -1.189364e-004  -1.068462e-004  -9.022037e-005  -5.763307e-005  -0.000000e+000  
-0.000000e+000  -0.000000e+000  -2.318038e-004  -2.269459e-004  -2.157491e-004  -1.938125e-004  -1.636508e-004  -1.045376e-004  -0.000000e+000  
-0.000000e+000  -0.000000e+000  -3.907792e-004  -3.825916e-004  -3.637113e-004  -3.267219e-004  -2.758708e-004  -1.762169e-004  -0.000000e+000  
-0.000000e+000  -0.000000e+000  -4.971374e-004  -4.867225e-004  -4.627007e-004  -4.156384e-004  -3.509446e-004  -2.241680e-004  -0.000000e+000  
-0.000000e+000  -0.000000e+000  -6.311449e-004  -6.179241e-004  -5.874232e-004  -5.276678e-004  -4.455320e-004  -2.845817e-004  -0.000000e+000  
-0.000000e+000  -0.000000e+000  -8.002508e-004  -7.834895e-004  -7.448113e-004  -6.690362e-004  -5.648888e-004  -3.608145e-004  -0.000000e+000  
-0.000000e+000  -0.000000e+000  -1.002005e-003  -9.810208e-004  -9.325852e-004  -8.376947e-004  -7.072847e-004  -4.517602e-004  -0.000000e+000  
-0.000000e+000  -0.000000e+000  -1.253987e-003  -1.227728e-003  -1.167104e-003  -1.048336e-003  -8.851232e-004  -5.653397e-004  -0.000000e+000  
-0.000000e+000  -0.000000e+000  -1.568821e-003  -1.535972e-003  -1.460116e-003  -1.311510e-003  -1.107309e-003  -7.072386e-004  -0.000000e+000  
-0.000000e+000  -0.000000e+000  -2.081916e-003  -2.038330e-003  -1.937645e-003  -1.740399e-003  -1.469395e-003  -9.384747e-004  -0.000000e+000  
-0.000000e+000  -0.000000e+000  -2.604376e-003  -2.549857e-003  -2.423883e-003  -2.177097e-003  -1.838061e-003  -1.173902e-003  -0.000000e+000  
-0.000000e+000  -0.000000e+000  -3.257326e-003  -3.189144e-003  -3.031555e-003  -2.722840e-003  -2.298770e-003  -1.468089e-003  -0.000000e+000  
-0.000000e+000  -0.000000e+000  -4.073470e-003  -3.988208e-003  -3.791088e-003  -3.404942e-003  -2.874568e-003  -1.835738e-003  -0.000000e+000  
-0.000000e+000  -0.000000e+000  -5.184666e-003  -5.076147e-003  -4.825181e-003  -4.333566e-003  -3.658426e-003  -2.336182e-003  -0.000000e+000  
-0.000000e+000  -0.000000e+000  -6.599089e-003  -6.460958e-003  -6.141407e-003  -5.515466e-003  -4.655998e-003  -2.972968e-003  -0.000000e+000  
-0.000000e+000  -0.000000e+000  -8.399478e-003  -8.223636e-003  -7.816708e-003  -7.019655e-003  -5.925456e-003  -3.783131e-003  -0.000000e+000  
-0.000000e+000  -0.000000e+000  -1.506957e-002  -1.475384e-002  -1.402260e-002  -1.259058e-002  -1.062593e-002  -6.781510e-003  -0.000000e+000  
-0.000000e+000  -0.000000e+000  -2.881285e-002  -2.820743e-002  -2.680388e-002  -2.405669e-002  -2.029281e-002  -1.293770e-002  -0.000000e+000  
-0.000000e+000  -0.000000e+000  -5.542311e-002  -5.424871e-002  -5.152306e-002  -4.619557e-002  -3.891943e-002  -2.474874e-002  -0.000000e+000  
-0.000000e+000  -0.000000e+000  -1.070027e-001  -1.046824e-001  -9.929149e-002  -8.879468e-002  -7.457110e-002  -4.710628e-002  -0.000000e+000  
-0.000000e+000  -0.000000e+000  -2.079651e-001  -2.031681e-001  -1.920187e-001  -1.705455e-001  -1.420444e-001  -8.821730e-002  -0.000000e+000  
-0.000000e+000  -0.000000e+000  -4.112893e-001  -4.001550e-001  -3.743682e-001  -3.262802e-001  -2.658471e-001  -1.580337e-001  -0.000000e+000  
-0.000000e+000  -0.000000e+000  -8.536535e-001  -8.200229e-001  -7.435682e-001  -6.132834e-001  -4.703145e-001  -2.487480e-001  -0.000000e+000  
-0.000000e+000  -0.000000e+000  -1.888611e+000  -1.745718e+000  -1.434553e+000  -1.002888e+000  -6.446410e-001  -2.391256e-001  -0.000000e+000  
-0.000000e+000  -0.000000e+000  -3.024560e+000  -2.653800e+000  -1.853509e+000  -1.011697e+000  -4.983190e-001  -9.279823e-002  -0.000000e+000  
-0.000000e+000  -0.000000e+000  -5.235579e+000  -4.330003e+000  -2.133835e+000  -6.238104e-001  -3.744665e-002  1.725489e-001  -0.000000e+000  
-0.000000e+000  -0.000000e+000  -1.007816e+001  -8.420575e+000  -1.020567e+000  8.940405e-001  9.812365e-001  5.564181e-001  -0.000000e+000  
-0.000000e+000  -0.000000e+000  -1.666847e+001  -1.854490e+001  7.196356e+000  3.428134e+000  2.005289e+000  8.331903e-001  -0.000000e+000  
-0.000000e+000  -0.000000e+000  -2.039853e+001  -2.256324e+001  7.723269e+000  4.443409e+000  2.600944e+000  1.009155e+000  -0.000000e+000  
-0.000000e+000  -0.000000e+000  -2.039853e+001  -2.256324e+001  7.723269e+000  4.443409e+000  2.600944e+000  1.009155e+000  -0.000000e+000  
-0.000000e+000  -0.000000e+000  -1.666847e+001  -1.854490e+001  7.196356e+000  3.428134e+000  2.005289e+000  8.331903e-001  -0.000000e+000  
-0.000000e+000  -0.000000e+000  -1.007816e+001  -8.420575e+000  -1.020567e+000  8.940405e-001  9.812365e-001  5.564181e-001  -0.000000e+000  
-0.000000e+000  -0.000000e+000  -5.235579e+000  -4.330003e+000  -2.133835e+000  -6.238104e-001  -3.744665e-002  1.725489e-001  -0.000000e+000  
-0.000000e+000  -0.000000e+000  -3.024560e+000  -2.653800e+000  -1.853509e+000  -1.011697e+000  -4.983190e-001  -9.279823e-002  -0.000000e+000  
-0.000000e+000  -0.000000e+000  -1.888611e+000  -1.745718e+000  -1.434553e+000  -1.002888e+000  -6.446410e-001  -2.391256e-001  -0.000000e+000  
-0.000000e+000  -0.000000e+000  -8.536535e-001  -8.200229e-001  -7.435682e-001  -6.132834e-001  -4.703145e-001  -2.487480e-001  -0.000000e+000  
-0.000000e+000  -0.000000e+000  -4.112893e-001  -4.001550e-001  -3.743682e-001  -3.262802e-001  -2.658471e-001  -1.580337e-001  -0.000000e+000  
-0.000000e+000  -0.000000e+000  -2.079651e-001  -2.031681e-001  -1.920187e-001  -1.705455e-001  -1.420444e-001  -8.821730e-002  -0.000000e+000  
-0.000000e+000  -0.000000e+000  -1.070027e-001  -1.046824e-001  -9.929149e-002  -8.879468e-002  -7.457110e-002  -4.710628e-002  -0.000000e+000  
-0.000000e+000  -0.000000e+000  -5.542311e-002  -5.424871e-002  -5.152306e-002  -4.619557e-002  -3.891943e-002  -2.474874e-002  -0.000000e+000  
-0.000000e+000  -0.000000e+000  -2.881285e-002  -2.820743e-002  -2.680388e-002  -2.405669e-002  -2.029281e-002  -1.293770e-002  -0.000000e+000  
-0.000000e+000  -0.000000e+000  -1.506957e-002  -1.475384e-002  -1.402260e-002  -1.259058e-002  -1.062593e-002  -6.781510e-003  -0.000000e+000  
-0.000000e+000  -0.000000e+000  -8.399478e-003  -8.223636e-003  -7.816708e-003  -7.019655e-003  -5.925456e-003  -3.783131e-003  -0.000000e+000  
-0.000000e+000  -0.000000e+000  -6.599089e-003  -6.460958e-003  -6.141407e-003  -5.515466e-003  -4.655998e-003  -2.972968e-003  -0.000000e+000  
-0.000000e+000  -0.000000e+000  -5.184666e-003  -5.076147e-003  -4.825181e-003  -4.333566e-003  -3.658426e-003  -2.336182e-003  -0.000000e+000  
-0.000000e+000  -0.000000e+000  -4.073470e-003  -3.988208e-003  -3.791088e-003  -3.404942e-003  -2.874568e-003  -1.835738e-003  -0.000000e+000  
-0.000000e+000  -0.000000e+000  -3.257326e-003  -3.189144e-003  -3.031555e-003  -2.722840e-003  -2.298770e-003  -1.468089e-003  -0.000000e+000  
-0.000000e+000  -0.000000e+000  -2.604376e-003  -2.549857e-003  -2.423883e-003  -2.177097e-003  -1.838061e-003  -1.173902e-003  -0.000000e+000  
-0.000000e+000  -0.000000e+000  -2.081916e-003  -2.038330e-003  -1.937645e-003  -1.740399e-003  -1.469395e-003  -9.384747e-004  -0.000000e+000  
-0.000000e+000  -0.000000e+000  -1.568821e-003  -1.535972e-003  -1.460116e-003  -1.311510e-003  -1.107309e-003  -7.072386e-004  -0.000000e+000  
-0.000000e+000  -0.000000e+000  -1.253987e-003  -1.227728e-003  -1.167104e-003  -1.048336e-003  -8.851232e-004  -5.653397e-004  -0.000000e+000  
-0.000000e+000  -0.000000e+000  -1.002005e-003  -9.810208e-004  -9.325852e-004  -8.376947e-004  -7.072847e-004  -4.517602e-004  -0.000000e+000  
-0.000000e+000  -0.000000e+000  -8.002508e-004  -7.834895e-004  -7.448113e-004  -6.690362e-004  -5.648888e-004  -3.608145e-004  -0.000000e+000  
-0.000000e+000  -0.000000e+000  -6.311449e-004  -6.179241e-004  -5.874232e-004  -5.276678e-004  -4.455320e-004  -2.845817e-004  -0.000000e+000  
-0.000000e+000  -0.000000e+000  -4.971374e-004  -4.867225e-004  -4.627007e-004  -4.156384e-004  -3.509446e-004  -2.241680e-004  -0.000000e+000  
-0.000000e+000  -0.000000e+000  -3.907792e-004  -3.825916e-004  -3.637113e-004  -3.267219e-004  -2.758708e-004  -1.762169e-004  -0.000000e+000  
-0.000000e+000  -0.000000e+000  -2.318038e-004  -2.269459e-004  -2.157491e-004  -1.938125e-004  -1.636508e-004  -1.045376e-004  -0.000000e+000  
-0.000000e+000  -0.000000e+000  -1.277860e-004  -1.251073e-004  -1.189364e-004  -1.068462e-004  -9.022037e-005  -5.763307e-005  -0.000000e+000  
-0.000000e+000  -0.000000e+000  -7.650769e-005  -7.490364e-005  -7.120971e-005  -6.397243e-005  -5.401886e-005  -3.450823e-005  -0.000000e+000  
-0.000000e+000  -0.000000e+000  -6.041171e-005  -5.914502e-005  -5.622849e-005  -5.051431e-005  -4.265502e-005  -2.724909e-005  -0.000000e+000  
-0.000000e+000  -0.000000e+000  -4.767868e-005  -4.667888e-005  -4.437727e-005  -3.986784e-005  -3.366524e-005  -2.150642e-005  -0.000000e+000  
-0.000000e+000  -0.000000e+000  -3.760002e-005  -3.681150e-005  -3.499657e-005  -3.144066e-005  -2.654934e-005  -1.696073e-005  -0.000000e+000  
-0.000000e+000  -0.000000e+000  -2.934923e-005  -2.873369e-005  -2.731714e-005  -2.454175e-005  -2.072386e-005  -1.323933e-005  -0.000000e+000  
-0.000000e+000  -0.000000e+000  -2.286091e-005  -2.238141e-005  -2.127812e-005  -1.911646e-005  -1.614269e-005  -1.031278e-005  -0.000000e+000  
-0.000000e+000  -0.000000e+000  -1.774556e-005  -1.737331e-005  -1.651697e-005  -1.483914e-005  -1.253085e-005  -8.005428e-006  -0.000000e+000  
-0.000000e+000  -0.000000e+000  -9.339429e-006  -9.143484e-006  -8.692876e-006  -7.809999e-006  -6.595223e-006  -4.213505e-006  -0.000000e+000  
-0.000000e+000  -0.000000e+000  -4.712003e-006  -4.613125e-006  -4.385823e-006  -3.940463e-006  -3.327612e-006  -2.125966e-006  -0.000000e+000  
-0.000000e+000  -0.000000e+000  -2.377206e-006  -2.327312e-006  -2.212659e-006  -1.988010e-006  -1.678844e-006  -1.072611e-006  -0.000000e+000  
-0.000000e+000  -0.000000e+000  -1.199240e-006  -1.174064e-006  -1.116235e-006  -1.002921e-006  -8.469632e-007  -5.411338e-007  -0.000000e+000  
-0.000000e+000  -0.000000e+000  -6.049574e-007  -5.922563e-007  -5.630877e-007  -5.059343e-007  -4.272644e-007  -2.729889e-007  -0.000000e+000  
-0.000000e+000  -0.000000e+000  -3.051578e-007  -2.987511e-007  -2.840385e-007  -2.552133e-007  -2.155309e-007  -1.377095e-007  -0.000000e+000  
-0.000000e+000  -0.000000e+000  -1.539242e-007  -1.506930e-007  -1.432722e-007  -1.287343e-007  -1.087187e-007  -6.946496e-008  -0.000000e+000  
-0.000000e+000  -0.000000e+000  -7.763906e-008  -7.600727e-008  -7.226608e-008  -6.493363e-008  -5.483872e-008  -3.503878e-008  -0.000000e+000  
-0.000000e+000  -0.000000e+000  -3.916024e-008  -3.833723e-008  -3.645019e-008  -3.275210e-008  -2.766012e-008  -1.767378e-008  -0.000000e+000  
-0.000000e+000  -0.000000e+000  -1.975149e-008  -1.933966e-008  -1.838506e-008  -1.652120e-008  -1.395241e-008  -8.914955e-009  -0.000000e+000  
-0.000000e+000  -0.000000e+000  -9.965557e-009  -9.757888e-009  -9.275935e-009  -8.335108e-009  -7.039499e-009  -4.498547e-009  -0.000000e+000  
-0.000000e+000  -0.000000e+000  -5.034223e-009  -4.927238e-009  -4.685785e-009  -4.210868e-009  -3.556478e-009  -2.271471e-009  -0.000000e+000  
-0.000000e+000  -0.000000e+000  -2.554975e-009  -2.500473e-009  -2.378345e-009  -2.135587e-009  -1.803768e-009  -1.152814e-009  -0.000000e+000  
-0.000000e+000  -0.000000e+000  -1.320311e-009  -1.293982e-009  -1.227619e-009  -1.103233e-009  -9.300607e-010  -5.936329e-010  -0.000000e+000  
-0.000000e+000  -0.000000e+000  -7.571730e-010  -7.379925e-010  -6.975012e-010  -6.210395e-010  -5.198020e-010  -3.283585e-010  -0.000000e+000  
-4.537093e-010  -1.166811e-009  -6.438649e-010  -6.181344e-010  -5.720148e-010  -5.007676e-010  -4.168610e-010  -2.603105e-010  -0.000000e+000  
-5.091792e-009  2.224648e-009  -5.996990e-010  -5.376904e-010  -4.738469e-010  -4.036198e-010  -3.307383e-010  -2.049050e-010  -0.000000e+000  
6.118936e-011  1.958703e-010  -5.211628e-010  -4.334368e-010  -3.690316e-010  -3.122469e-010  -2.551317e-010  -1.587265e-010  -0.000000e+000  
-1.232338e-009  1.821600e-009  -1.112362e-009  -2.333482e-010  -2.451814e-010  -2.240895e-010  -1.881250e-010  -1.204369e-010  -0.000000e+000  
-2.445215e-010  2.237817e-009  -1.529267e-009  -1.408004e-010  -1.556950e-010  -1.522653e-010  -1.339394e-010  -8.898386e-011  -0.000000e+000  
-2.759692e-011  -3.927513e-011  2.644201e-009  -2.055880e-009  -9.709245e-011  -1.010592e-010  -9.215048e-011  -6.400696e-011  -0.000000e+000  
3.358495e-012  9.666060e-012  1.753750e-011  2.632664e-011  3.618337e-011  3.895221e-011  2.982290e-010  -1.899072e-010  -0.000000e+000  

0.000000e+000  0.000000e+000  0.000000e+000  0.000000e+000  0.000000e+000  0.000000e+000  0.000000e+000  0.000000e+000  0.000000e+000  
0.000000e+000  0.000000e+000  0.000000e+000  0.000000e+000  0.000000e+000  0.000000e+000  0.000000e+000  0.000000e+000  0.000000e+000  
0.000000e+000  0.000000e+000  0.000000e+000  0.000000e+000  0.000000e+000  0.000000e+000  0.000000e+000  0.000000e+000  0.000000e+000  
0.000000e+000  0.000000e+000  0.000000e+000  0.000000e+000  0.000000e+000  0.000000e+000  0.000000e+000  0.000000e+000  0.000000e+000  
0.000000e+000  0.000000e+000  0.000000e+000  0.000000e+000  0.000000e+000  0.000000e+000  0.000000e+000  0.000000e+000  0.000000e+000  
0.000000e+000  0.000000e+000  0.000000e+000  0.000000e+000  0.000000e+000  0.000000e+000  0.000000e+000  0.000000e+000  0.000000e+000  
0.000000e+000  0.000000e+000  0.000000e+000  0.000000e+000  0.000000e+000  0.000000e+000  0.000000e+000  0.000000e+000  0.000000e+000  
0.000000e+000  0.000000e+000  0.000000e+000  0.000000e+000  0.000000e+000  0.000000e+000  0.000000e+000  0.000000e+000  0.000000e+000  
0.000000e+000  0.000000e+000  0.000000e+000  0.000000e+000  0.000000e+000  0.000000e+000  0.000000e+000  0.000000e+000  0.000000e+000  
0.000000e+000  0.000000e+000  0.000000e+000  0.000000e+000  0.000000e+000  0.000000e+000  0.000000e+000  0.000000e+000  0.000000e+000  
0.000000e+000  0.000000e+000  0.000000e+000  0.000000e+000  0.000000e+000  0.000000e+000  0.000000e+000  0.000000e+000  0.000000e+000  
0.000000e+000  0.000000e+000  0.000000e+000  0.000000e+000  0.000000e+000  0.000000e+000  0.000000e+000  0.000000e+000  0.000000e+000  
0.000000e+000  0.000000e+000  0.000000e+000  0.000000e+000  0.000000e+000  0.000000e+000  0.000000e+000  0.000000e+000  0.000000e+000  
0.000000e+000  0.000000e+000  0.000000e+000  0.000000e+000  0.000000e+000  0.000000e+000  0.000000e+000  0.000000e+000  0.000000e+000  
0.000000e+000  0.000000e+000  0.000000e+000  0.000000e+000  0.000000e+000  0.000000e+000  0.000000e+000  0.000000e+000  0.000000e+000  
0.000000e+000  0.000000e+000  0.000000e+000  0.000000e+000  0.000000e+000  0.000000e+000  0.000000e+000  0.000000e+000  0.000000e+000  
0.000000e+000  0.000000e+000  0.000000e+000  0.000000e+000  0.000000e+000  0.000000e+000  0.000000e+000  0.000000e+000  0.000000e+000  
0.000000e+000  0.000000e+000  0.000000e+000  0.000000e+000  0.000000e+000  0.000000e+000  0.000000e+000  0.000000e+000  0.000000e+000  
0.000000e+000  0.000000e+000  0.000000e+000  0.000000e+000  0.000000e+000  0.000000e+000  0.000000e+000  0.000000e+000  0.000000e+000  
0.000000e+000  0.000000e+000  0.000000e+000  0.000000e+000  0.000000e+000  0.000000e+000  0.000000e+000  0.000000e+000  0.000000e+000  
0.000000e+000  0.000000e+000  0.000000e+000  0.000000e+000  0.000000e+000  0.000000e+000  0.000000e+000  0.000000e+000  0.000000e+000  
0.000000e+000  0.000000e+000  0.000000e+000  0.000000e+000  0.000000e+000  0.000000e+000  0.000000e+000  0.000000e+000  0.000000e+000  
0.000000e+000  0.000000e+000  0.000000e+000  0.000000e+000  0.000000e+000  0.000000e+000  0.000000e+000  0.000000e+000  0.000000e+000  
0.000000e+000  0.000000e+000  0.000000e+000  0.000000e+000  0.000000e+000  0.000000e+000  0.000000e+000  0.000000e+000  0.000000e+000  
0.000000e+000  0.000000e+000  0.000000e+000  0.000000e+000  0.000000e+000  0.000000e+000  0.000000e+000  0.000000e+000  0.000000e+000  
0.000000e+000  0.000000e+000  0.000000e+000  0.000000e+000  0.000000e+000  0.000000e+000  0.000000e+000  0.000000e+000  0.000000e+000  
0.000000e+000  0.000000e+000  0.000000e+000  0.000000e+000  0.000000e+000  0.000000e+000  0.000000e+000  0.000000e+000  0.000000e+000  
0.000000e+000  0.000000e+000  0.000000e+000  0.000000e+000  0.000000e+000  0.000000e+000  0.000000e+000  0.000000e+000  0.000000e+000  
0.000000e+000  0.000000e+000  0.000000e+000  0.000000e+000  0.000000e+000  0.000000e+000  0.000000e+000  0.000000e+000  0.000000e+000  
0.000000e+000  0.000000e+000  0.000000e+000  0.000000e+000  0.000000e+000  0.000000e+000  0.000000e+000  0.000000e+000  0.000000e+000  
0.000000e+000  0.000000e+000  0.000000e+000  0.000000e+000  0.000000e+000  0.000000e+000  0.000000e+000  0.000000e+000  0.000000e+000  
0.000000e+000  0.000000e+000  0.000000e+000  0.000000e+000  0.000000e+000  0.000000e+000  0.000000e+000  0.000000e+000  0.000000e+000  
0.000000e+000  0.000000e+000  0.000000e+000  0.000000e+000  0.000000e+000  0.000000e+000  0.000000e+000  0.000000e+000  0.000000e+000  
0.000000e+000  0.000000e+000  0.000000e+000  0.000000e+000  0.000000e+000  0.000000e+000  0.000000e+000  0.000000e+000  0.000000e+000  
0.000000e+000  0.000000e+000  0.000000e+000  0.000000e+000  0.000000e+000  0.000000e+000  0.000000e+000  0.000000e+000  0.000000e+000  
0.000000e+000  0.000000e+000  0.000000e+000  0.000000e+000  0.000000e+000  0.000000e+000  0.000000e+000  0.000000e+000  0.000000e+000  
0.000000e+000  0.000000e+000  0.000000e+000  0.000000e+000  0.000000e+000  0.000000e+000  0.000000e+000  0.000000e+000  0.000000e+000  
0.000000e+000  0.000000e+000  0.000000e+000  0.000000e+000  0.000000e+000  0.000000e+000  0.000000e+000  0.000000e+000  0.000000e+000  
0.000000e+000  0.000000e+000  0.000000e+000  0.000000e+000  0.000000e+000  0.000000e+000  0.000000e+000  0.000000e+000  0.000000e+000  
0.000000e+000  0.000000e+000  0.000000e+000  0.000000e+000  0.000000e+000  0.000000e+000  0.000000e+000  0.000000e+000  0.000000e+000  
0.000000e+000  0.000000e+000  0.000000e+000  0.000000e+000  0.000000e+000  0.000000e+000  0.000000e+000  0.000000e+000  0.000000e+000  
0.000000e+000  0.000000e+000  0.000000e+000  0.000000e+000  0.000000e+000  0.000000e+000  0.000000e+000  0.000000e+000  0.000000e+000  
0.000000e+000  0.000000e+000  0.000000e+000  0.000000e+000  0.000000e+000  0.000000e+000  0.000000e+000  0.000000e+000  0.000000e+000  
0.000000e+000  0.000000e+000  0.000000e+000  0.000000e+000  0.000000e+000  0.000000e+000  0.000000e+000  0.000000e+000  0.000000e+000  
0.000000e+000  0.000000e+000  0.000000e+000  0.000000e+000  0.000000e+000  0.000000e+000  0.000000e+000  0.000000e+000  0.000000e+000  
0.000000e+000  0.000000e+000  0.000000e+000  0.000000e+000  0.000000e+000  0.000000e+000  0.000000e+000  0.000000e+000  0.000000e+000  
0.000000e+000  0.000000e+000  0.000000e+000  0.000000e+000  0.000000e+000  0.000000e+000  0.000000e+000  0.000000e+000  0.000000e+000  
0.000000e+000  0.000000e+000  0.000000e+000  0.000000e+000  0.000000e+000  0.000000e+000  0.000000e+000  0.000000e+000  0.000000e+000  
0.000000e+000  0.000000e+000  0.000000e+000  0.000000e+000  0.000000e+000  0.000000e+000  0.000000e+000  0.000000e+000  0.000000e+000  
0.000000e+000  0.000000e+000  0.000000e+000  0.000000e+000  0.000000e+000  0.000000e+000  0.000000e+000  0.000000e+000  0.000000e+000  
0.000000e+000  0.000000e+000  0.000000e+000  0.000000e+000  0.000000e+000  0.000000e+000  0.000000e+000  0.000000e+000  0.000000e+000  
0.000000e+000  0.000000e+000  0.000000e+000  0.000000e+000  0.000000e+000  0.000000e+000  0.000000e+000  0.000000e+000  0.000000e+000  
0.000000e+000  0.000000e+000  0.000000e+000  0.000000e+000  0.000000e+000  0.000000e+000  0.000000e+000  0.000000e+000  0.000000e+000  
0.000000e+000  0.000000e+000  0.000000e+000  0.000000e+000  0.000000e+000  0.000000e+000  0.000000e+000  0.000000e+000  0.000000e+000  
0.000000e+000  0.000000e+000  0.000000e+000  0.000000e+000  0.000000e+000  0.000000e+000  0.000000e+000  0.000000e+000  0.000000e+000  
0.000000e+000  0.000000e+000  0.000000e+000  0.000000e+000  0.000000e+000  0.000000e+000  0.000000e+000  0.000000e+000  0.000000e+000  
0.000000e+000  0.000000e+000  0.000000e+000  0.000000e+000  0.000000e+000  0.000000e+000  0.000000e+000  0.000000e+000  0.000000e+000  
0.000000e+000  0.000000e+000  0.000000e+000  0.000000e+000  0.000000e+000  0.000000e+000  0.000000e+000  0.000000e+000  0.000000e+000  
0.000000e+000  0.000000e+000  0.000000e+000  0.000000e+000  0.000000e+000  0.000000e+000  0.000000e+000  0.000000e+000  0.000000e+000  
0.000000e+000  0.000000e+000  0.000000e+000  0.000000e+000  0.000000e+000  0.000000e+000  0.000000e+000  0.000000e+000  0.000000e+000  
0.000000e+000  0.000000e+000  0.000000e+000  0.000000e+000  0.000000e+000  0.000000e+000  0.000000e+000  0.000000e+000  0.000000e+000  
0.000000e+000  0.000000e+000  0.000000e+000  0.000000e+000  0.000000e+000  0.000000e+000  0.000000e+000  0.000000e+000  0.000000e+000  
0.000000e+000  0.000000e+000  0.000000e+000  0.000000e+000  0.000000e+000  0.000000e+000  0.000000e+000  0.000000e+000  0.000000e+000  
0.000000e+000  0.000000e+000  0.000000e+000  0.000000e+000  0.000000e+000  0.000000e+000  0.000000e+000  0.000000e+000  0.000000e+000  
0.000000e+000  0.000000e+000  0.000000e+000  0.000000e+000  0.000000e+000  0.000000e+000  0.000000e+000  0.000000e+000  0.000000e+000  
0.000000e+000  0.000000e+000  0.000000e+000  0.000000e+000  0.000000e+000  0.000000e+000  0.000000e+000  0.000000e+000  0.000000e+000  
0.000000e+000  0.000000e+000  0.000000e+000  0.000000e+000  0.000000e+000  0.000000e+000  0.000000e+000  0.000000e+000  0.000000e+000  
0.000000e+000  0.000000e+000  0.000000e+000  0.000000e+000  0.000000e+000  0.000000e+000  0.000000e+000  0.000000e+000  0.000000e+000  
0.000000e+000  0.000000e+000  0.000000e+000  0.000000e+000  0.000000e+000  0.000000e+000  0.000000e+000  0.000000e+000  0.000000e+000  
0.000000e+000  0.000000e+000  0.000000e+000  0.000000e+000  0.000000e+000  0.000000e+000  0.000000e+000  0.000000e+000  0.000000e+000  
0.000000e+000  0.000000e+000  0.000000e+000  0.000000e+000  0.000000e+000  0.000000e+000  0.000000e+000  0.000000e+000  0.000000e+000  
0.000000e+000  0.000000e+000  0.000000e+000  0.000000e+000  0.000000e+000  0.000000e+000  0.000000e+000  0.000000e+000  0.000000e+000  
0.000000e+000  0.000000e+000  0.000000e+000  0.000000e+000  0.000000e+000  0.000000e+000  0.000000e+000  0.000000e+000  0.000000e+000  
0.000000e+000  0.000000e+000  0.000000e+000  0.000000e+000  0.000000e+000  0.000000e+000  0.000000e+000  0.000000e+000  0.000000e+000  
0.000000e+000  0.000000e+000  0.000000e+000  0.000000e+000  0.000000e+000  0.000000e+000  0.000000e+000  0.000000e+000  0.000000e+000  
0.000000e+000  0.000000e+000  0.000000e+000  0.000000e+000  0.000000e+000  0.000000e+000  0.000000e+000  0.000000e+000  0.000000e+000  
0.000000e+000  0.000000e+000  0.000000e+000  0.000000e+000  0.000000e+000  0.000000e+000  0.000000e+000  0.000000e+000  0.000000e+000  
0.000000e+000  0.000000e+000  0.000000e+000  0.000000e+000  0.000000e+000  0.000000e+000  0.000000e+000  0.000000e+000  0.000000e+000  
0.000000e+000  0.000000e+000  0.000000e+000  0.000000e+000  0.000000e+000  0.000000e+000  0.000000e+000  0.000000e+000  0.000000e+000  
0.000000e+000  0.000000e+000  0.000000e+000  0.000000e+000  0.000000e+000  0.000000e+000  0.000000e+000  0.000000e+000  0.000000e+000  
0.000000e+000  0.000000e+000  0.000000e+000  0.000000e+000  0.000000e+000  0.000000e+000  0.000000e+000  0.000000e+000  0.000000e+000  
0.000000e+000  0.000000e+000  0.000000e+000  0.000000e+000  0.000000e+000  0.000000e+000  0.000000e+000  0.000000e+000  0.000000e+000  
0.000000e+000  0.000000e+000  0.000000e+000  0.000000e+000  0.000000e+000  0.000000e+000  0.000000e+000  0.000000e+000  0.000000e+000  
0.000000e+000  0.000000e+000  0.000000e+000  0.000000e+000  0.000000e+000  0.000000e+000  0.000000e+000  0.000000e+000  0.000000e+000  
0.000000e+000  0.000000e+000  0.000000e+000  0.000000e+000  0.000000e+000  0.000000e+000  0.000000e+000  0.000000e+000  0.000000e+000  
0.000000e+000  0.000000e+000  0.000000e+000  0.000000e+000  0.000000e+000  0.000000e+000  0.000000e+000  0.000000e+000  0.000000e+000  
0.000000e+000  0.000000e+000  0.000000e+000  0.000000e+000  0.000000e+000  0.000000e+000  0.000000e+000  0.000000e+000  0.000000e+000  
0.000000e+000  0.000000e+000  0.000000e+000  0.000000e+000  0.000000e+000  0.000000e+000  0.000000e+000  0.000000e+000  0.000000e+000  
0.000000e+000  0.000000e+000  0.000000e+000  0.000000e+000  0.000000e+000  0.000000e+000  0.000000e+000  0.000000e+000  0.000000e+000  
0.000000e+000  0.000000e+000  0.000000e+000  0.000000e+000  0.000000e+000  0.000000e+000  0.000000e+000  0.000000e+000  0.000000e+000  
0.000000e+000  0.000000e+000  0.000000e+000  0.000000e+000  0.000000e+000  0.000000e+000  0.000000e+000  0.000000e+000  0.000000e+000  
0.000000e+000  0.000000e+000  0.000000e+000  0.000000e+000  0.000000e+000  0.000000e+000  0.000000e+000  0.000000e+000  0.000000e+000  
0.000000e+000  0.000000e+000  0.000000e+000  0.000000e+000  0.000000e+000  0.000000e+000  0.000000e+000  0.000000e+000  0.000000e+000  
0.000000e+000  0.000000e+000  0.000000e+000  0.000000e+000  0.000000e+000  0.000000e+000  0.000000e+000  0.000000e+000  0.000000e+000  
0.000000e+000  0.000000e+000  0.000000e+000  0.000000e+000  0.000000e+000  0.000000e+000  0.000000e+000  0.000000e+000  0.000000e+000  
0.000000e+000  0.000000e+000  0.000000e+000  0.000000e+000  0.000000e+000  0.000000e+000  0.000000e+000  0.000000e+000  0.000000e+000  
0.000000e+000  0.000000e+000  0.000000e+000  0.000000e+000  0.000000e+000  0.000000e+000  0.000000e+000  0.000000e+000  0.000000e+000  
0.000000e+000  0.000000e+000  0.000000e+000  0.000000e+000  0.000000e+000  0.000000e+000  0.000000e+000  0.000000e+000  0.000000e+000  
0.000000e+000  0.000000e+000  0.000000e+000  0.000000e+000  0.000000e+000  0.000000e+000  0.000000e+000  0.000000e+000  0.000000e+000  
0.000000e+000  0.000000e+000  0.000000e+000  0.000000e+000  0.000000e+000  0.000000e+000  0.000000e+000  0.000000e+000  0.000000e+000  
0.000000e+000  0.000000e+000  0.000000e+000  0.000000e+000  0.000000e+000  0.000000e+000  0.000000e+000  0.000000e+000  0.000000e+000  
0.000000e+000  0.000000e+000  0.000000e+000  0.000000e+000  0.000000e+000  0.000000e+000  0.000000e+000  0.000000e+000  0.000000e+000  
0.000000e+000  0.000000e+000  0.000000e+000  0.000000e+000  0.000000e+000  0.000000e+000  0.000000e+000  0.000000e+000  0.000000e+000  
0.000000e+000  0.000000e+000  0.000000e+000  0.000000e+000  0.000000e+000  0.000000e+000  0.000000e+000  0.000000e+000  0.000000e+000  
0.000000e+000  0.000000e+000  0.000000e+000  0.000000e+000  0.000000e+000  0.000000e+000  0.000000e+000  0.000000e+000  0.000000e+000  
0.000000e+000  0.000000e+000  0.000000e+000  0.000000e+000  0.000000e+000  0.000000e+000  0.000000e+000  0.000000e+000  0.000000e+000  
0.000000e+000  0.000000e+000  0.000000e+000  0.000000e+000  0.000000e+000  0.000000e+000  0.000000e+000  0.000000e+000  0.000000e+000  
0.000000e+000  0.000000e+000  0.000000e+000  0.000000e+000  0.000000e+000  0.000000e+000  0.000000e+000  0.000000e+000  0.000000e+000  
0.000000e+000  0.000000e+000  0.000000e+000  0.000000e+000  0.000000e+000  0.000000e+000  0.000000e+000  0.000000e+000  0.000000e+000  
0.000000e+000  0.000000e+000  0.000000e+000  0.000000e+000  0.000000e+000  0.000000e+000  0.000000e+000  0.000000e+000  0.000000e+000  
0.000000e+000  0.000000e+000  0.000000e+000  0.000000e+000  0.000000e+000  0.000000e+000  0.000000e+000  0.000000e+000  0.000000e+000  
0.000000e+000  0.000000e+000  0.000000e+000  0.000000e+000  0.000000e+000  0.000000e+000  0.000000e+000  0.000000e+000  0.000000e+000  
0.000000e+000  0.000000e+000  0.000000e+000  0.000000e+000  0.000000e+000  0.000000e+000  0.000000e+000  0.000000e+000  0.000000e+000  
0.000000e+000  0.000000e+000  0.000000e+000  0.000000e+000  0.000000e+000  0.000000e+000  0.000000e+000  0.000000e+000  0.000000e+000  
0.000000e+000  0.000000e+000  0.000000e+000  0.000000e+000  0.000000e+000  0.000000e+000  0.000000e+000  0.000000e+000  0.000000e+000  
0.000000e+000  0.000000e+000  0.000000e+000  0.000000e+000  0.000000e+000  0.000000e+000  0.000000e+000  0.000000e+000  0.000000e+000  

0.000000e+000  0.000000e+000  0.000000e+000  0.000000e+000  0.000000e+000  0.000000e+000  0.000000e+000  0.000000e+000  0.000000e+000  
0.000000e+000  0.000000e+000  0.000000e+000  0.000000e+000  0.000000e+000  0.000000e+000  0.000000e+000  0.000000e+000  0.000000e+000  
0.000000e+000  0.000000e+000  0.000000e+000  0.000000e+000  0.000000e+000  0.000000e+000  0.000000e+000  0.000000e+000  0.000000e+000  
0.000000e+000  0.000000e+000  0.000000e+000  0.000000e+000  0.000000e+000  0.000000e+000  0.000000e+000  0.000000e+000  0.000000e+000  
0.000000e+000  0.000000e+000  0.000000e+000  0.000000e+000  0.000000e+000  0.000000e+000  0.000000e+000  0.000000e+000  0.000000e+000  
0.000000e+000  0.000000e+000  0.000000e+000  0.000000e+000  0.000000e+000  0.000000e+000  0.000000e+000  0.000000e+000  0.000000e+000  
0.000000e+000  0.000000e+000  0.000000e+000  0.000000e+000  0.000000e+000  0.000000e+000  0.000000e+000  0.000000e+000  0.000000e+000  
0.000000e+000  0.000000e+000  0.000000e+000  0.000000e+000  0.000000e+000  0.000000e+000  0.000000e+000  0.000000e+000  0.000000e+000  
0.000000e+000  0.000000e+000  0.000000e+000  0.000000e+000  0.000000e+000  0.000000e+000  0.000000e+000  0.000000e+000  0.000000e+000  
0.000000e+000  0.000000e+000  0.000000e+000  0.000000e+000  0.000000e+000  0.000000e+000  0.000000e+000  0.000000e+000  0.000000e+000  
0.000000e+000  0.000000e+000  0.000000e+000  0.000000e+000  0.000000e+000  0.000000e+000  0.000000e+000  0.000000e+000  0.000000e+000  
0.000000e+000  0.000000e+000  0.000000e+000  0.000000e+000  0.000000e+000  0.000000e+000  0.000000e+000  0.000000e+000  0.000000e+000  
0.000000e+000  0.000000e+000  0.000000e+000  0.000000e+000  0.000000e+000  0.000000e+000  0.000000e+000  0.000000e+000  0.000000e+000  
0.000000e+000  0.000000e+000  0.000000e+000  0.000000e+000  0.000000e+000  0.000000e+000  0.000000e+000  0.000000e+000  0.000000e+000  
0.000000e+000  0.000000e+000  0.000000e+000  0.000000e+000  0.000000e+000  0.000000e+000  0.000000e+000  0.000000e+000  0.000000e+000  
0.000000e+000  0.000000e+000  0.000000e+000  0.000000e+000  0.000000e+000  0.000000e+000  0.000000e+000  0.000000e+000  0.000000e+000  
0.000000e+000  0.000000e+000  0.000000e+000  0.000000e+000  0.000000e+000  0.000000e+000  0.000000e+000  0.000000e+000  0.000000e+000  
0.000000e+000  0.000000e+000  0.000000e+000  0.000000e+000  0.000000e+000  0.000000e+000  0.000000e+000  0.000000e+000  0.000000e+000  
0.000000e+000  0.000000e+000  0.000000e+000  0.000000e+000  0.000000e+000  0.000000e+000  0.000000e+000  0.000000e+000  0.000000e+000  
0.000000e+000  0.000000e+000  0.000000e+000  0.000000e+000  0.000000e+000  0.000000e+000  0.000000e+000  0.000000e+000  0.000000e+000  
0.000000e+000  0.000000e+000  0.000000e+000  0.000000e+000  0.000000e+000  0.000000e+000  0.000000e+000  0.000000e+000  0.000000e+000  
0.000000e+000  0.000000e+000  0.000000e+000  0.000000e+000  0.000000e+000  0.000000e+000  0.000000e+000  0.000000e+000  0.000000e+000  
0.000000e+000  0.000000e+000  0.000000e+000  0.000000e+000  0.000000e+000  0.000000e+000  0.000000e+000  0.000000e+000  0.000000e+000  
0.000000e+000  0.000000e+000  0.000000e+000  0.000000e+000  0.000000e+000  0.000000e+000  0.000000e+000  0.000000e+000  0.000000e+000  
0.000000e+000  0.000000e+000  0.000000e+000  0.000000e+000  0.000000e+000  0.000000e+000  0.000000e+000  0.000000e+000  0.000000e+000  
0.000000e+000  0.000000e+000  0.000000e+000  0.000000e+000  0.000000e+000  0.000000e+000  0.000000e+000  0.000000e+000  0.000000e+000  
0.000000e+000  0.000000e+000  0.000000e+000  0.000000e+000  0.000000e+000  0.000000e+000  0.000000e+000  0.000000e+000  0.000000e+000  
0.000000e+000  0.000000e+000  0.000000e+000  0.000000e+000  0.000000e+000  0.000000e+000  0.000000e+000  0.000000e+000  0.000000e+000  
0.000000e+000  0.000000e+000  0.000000e+000  0.000000e+000  0.000000e+000  0.000000e+000  0.000000e+000  0.000000e+000  0.000000e+000  
0.000000e+000  0.000000e+000  0.000000e+000  0.000000e+000  0.000000e+000  0.000000e+000  0.000000e+000  0.000000e+000  0.000000e+000  
0.000000e+000  0.000000e+000  0.000000e+000  0.000000e+000  0.000000e+000  0.000000e+000  0.000000e+000  0.000000e+000  0.000000e+000  
0.000000e+000  0.000000e+000  0.000000e+000  0.000000e+000  0.000000e+000  0.000000e+000  0.000000e+000  0.000000e+000  0.000000e+000  
0.000000e+000  0.000000e+000  0.000000e+000  0.000000e+000  0.000000e+000  0.000000e+000  0.000000e+000  0.000000e+000  0.000000e+000  
0.000000e+000  0.000000e+000  0.000000e+000  0.000000e+000  0.000000e+000  0.000000e+000  0.000000e+000  0.000000e+000  0.000000e+000  
0.000000e+000  0.000000e+000  0.000000e+000  0.000000e+000  0.000000e+000  0.000000e+000  0.000000e+000  0.000000e+000  0.000000e+000  
0.000000e+000  0.000000e+000  0.000000e+000  0.000000e+000  0.000000e+000  0.000000e+000  0.000000e+000  0.000000e+000  0.000000e+000  
0.000000e+000  0.000000e+000  0.000000e+000  0.000000e+000  0.000000e+000  0.000000e+000  0.000000e+000  0.000000e+000  0.000000e+000  
0.000000e+000  0.000000e+000  0.000000e+000  0.000000e+000  0.000000e+000  0.000000e+000  0.000000e+000  0.000000e+000  0.000000e+000  
0.000000e+000  0.000000e+000  0.000000e+000  0.000000e+000  0.000000e+000  0.000000e+000  0.000000e+000  0.000000e+000  0.000000e+000  
0.000000e+000  0.000000e+000  0.000000e+000  0.000000e+000  0.000000e+000  0.000000e+000  0.000000e+000  0.000000e+000  0.000000e+000  
0.000000e+000  0.000000e+000  0.000000e+000  0.000000e+000  0.000000e+000  0.000000e+000  0.000000e+000  0.000000e+000  0.000000e+000  
0.000000e+000  0.000000e+000  0.000000e+000  0.000000e+000  0.000000e+000  0.000000e+000  0.000000e+000  0.000000e+000  0.000000e+000  
0.000000e+000  0.000000e+000  0.000000e+000  0.000000e+000  0.000000e+000  0.000000e+000  0.000000e+000  0.000000e+000  0.000000e+000  
0.000000e+000  0.000000e+000  0.000000e+000  0.000000e+000  0.000000e+000  0.000000e+000  0.000000e+000  0.000000e+000  0.000000e+000  
0.000000e+000  0.000000e+000  0.000000e+000  0.000000e+000  0.000000e+000  0.000000e+000  0.000000e+000  0.000000e+000  0.000000e+000  
0.000000e+000  0.000000e+000  0.000000e+000  0.000000e+000  0.000000e+000  0.000000e+000  0.000000e+000  0.000000e+000  0.000000e+000  
0.000000e+000  0.000000e+000  0.000000e+000  0.000000e+000  0.000000e+000  0.000000e+000  0.000000e+000  0.000000e+000  0.000000e+000  
0.000000e+000  0.000000e+000  0.000000e+000  0.000000e+000  0.000000e+000  0.000000e+000  0.000000e+000  0.000000e+000  0.000000e+000  
0.000000e+000  0.000000e+000  0.000000e+000  0.000000e+000  0.000000e+000  0.000000e+000  0.000000e+000  0.000000e+000  0.000000e+000  
0.000000e+000  0.000000e+000  0.000000e+000  0.000000e+000  0.000000e+000  0.000000e+000  0.000000e+000  0.000000e+000  0.000000e+000  
0.000000e+000  0.000000e+000  0.000000e+000  0.000000e+000  0.000000e+000  0.000000e+000  0.000000e+000  0.000000e+000  0.000000e+000  
0.000000e+000  0.000000e+000  0.000000e+000  0.000000e+000  0.000000e+000  0.000000e+000  0.000000e+000  0.000000e+000  0.000000e+000  
0.000000e+000  0.000000e+000  0.000000e+000  0.000000e+000  0.000000e+000  0.000000e+000  0.000000e+000  0.000000e+000  0.000000e+000  
0.000000e+000  0.000000e+000  0.000000e+000  0.000000e+000  0.000000e+000  0.000000e+000  0.000000e+000  0.000000e+000  0.000000e+000  
0.000000e+000  0.000000e+000  0.000000e+000  0.000000e+000  0.000000e+000  0.000000e+000  0.000000e+000  0.000000e+000  0.000000e+000  
0.000000e+000  0.000000e+000  0.000000e+000  0.000000e+000  0.000000e+000  0.000000e+000  0.000000e+000  0.000000e+000  0.000000e+000  
0.000000e+000  0.000000e+000  0.000000e+000  0.000000e+000  0.000000e+000  0.000000e+000  0.000000e+000  0.000000e+000  0.000000e+000  
0.000000e+000  0.000000e+000  0.000000e+000  0.000000e+000  0.000000e+000  0.000000e+000  0.000000e+000  0.000000e+000  0.000000e+000  
0.000000e+000  0.000000e+000  0.000000e+000  0.000000e+000  0.000000e+000  0.000000e+000  0.000000e+000  0.000000e+000  0.000000e+000  
0.000000e+000  0.000000e+000  0.000000e+000  0.000000e+000  0.000000e+000  0.000000e+000  0.000000e+000  0.000000e+000  0.000000e+000  
0.000000e+000  0.000000e+000  0.000000e+000  0.000000e+000  0.000000e+000  0.000000e+000  0.000000e+000  0.000000e+000  0.000000e+000  
0.000000e+000  0.000000e+000  0.000000e+000  0.000000e+000  0.000000e+000  0.000000e+000  0.000000e+000  0.000000e+000  0.000000e+000  
0.000000e+000  0.000000e+000  0.000000e+000  0.000000e+000  0.000000e+000  0.000000e+000  0.000000e+000  0.000000e+000  0.000000e+000  
0.000000e+000  0.000000e+000  0.000000e+000  0.000000e+000  0.000000e+000  0.000000e+000  0.000000e+000  0.000000e+000  0.000000e+000  
0.000000e+000  0.000000e+000  0.000000e+000  0.000000e+000  0.000000e+000  0.000000e+000  0.000000e+000  0.000000e+000  0.000000e+000  
0.000000e+000  0.000000e+000  0.000000e+000  0.000000e+000  0.000000e+000  0.000000e+000  0.000000e+000  0.000000e+000  0.000000e+000  
0.000000e+000  0.000000e+000  0.000000e+000  0.000000e+000  0.000000e+000  0.000000e+000  0.000000e+000  0.000000e+000  0.000000e+000  
0.000000e+000  0.000000e+000  0.000000e+000  0.000000e+000  0.000000e+000  0.000000e+000  0.000000e+000  0.000000e+000  0.000000e+000  
0.000000e+000  0.000000e+000  0.000000e+000  0.000000e+000  0.000000e+000  0.000000e+000  0.000000e+000  0.000000e+000  0.000000e+000  
0.000000e+000  0.000000e+000  0.000000e+000  0.000000e+000  0.000000e+000  0.000000e+000  0.000000e+000  0.000000e+000  0.000000e+000  
0.000000e+000  0.000000e+000  0.000000e+000  0.000000e+000  0.000000e+000  0.000000e+000  0.000000e+000  0.000000e+000  0.000000e+000  
0.000000e+000  0.000000e+000  0.000000e+000  0.000000e+000  0.000000e+000  0.000000e+000  0.000000e+000  0.000000e+000  0.000000e+000  
0.000000e+000  0.000000e+000  0.000000e+000  0.000000e+000  0.000000e+000  0.000000e+000  0.000000e+000  0.000000e+000  0.000000e+000  
0.000000e+000  0.000000e+000  0.000000e+000  0.000000e+000  0.000000e+000  0.000000e+000  0.000000e+000  0.000000e+000  0.000000e+000  
0.000000e+000  0.000000e+000  0.000000e+000  0.000000e+000  0.000000e+000  0.000000e+000  0.000000e+000  0.000000e+000  0.000000e+000  
0.000000e+000  0.000000e+000  0.000000e+000  0.000000e+000  0.000000e+000  0.000000e+000  0.000000e+000  0.000000e+000  0.000000e+000  
0.000000e+000  0.000000e+000  0.000000e+000  0.000000e+000  0.000000e+000  0.000000e+000  0.000000e+000  0.000000e+000  0.000000e+000  
0.000000e+000  0.000000e+000  0.000000e+000  0.000000e+000  0.000000e+000  0.000000e+000  0.000000e+000  0.000000e+000  0.000000e+000  
0.000000e+000  0.000000e+000  0.000000e+000  0.000000e+000  0.000000e+000  0.000000e+000  0.000000e+000  0.000000e+000  0.000000e+000  
0.000000e+000  0.000000e+000  0.000000e+000  0.000000e+000  0.000000e+000  0.000000e+000  0.000000e+000  0.000000e+000  0.000000e+000  
0.000000e+000  0.000000e+000  0.000000e+000  0.000000e+000  0.000000e+000  0.000000e+000  0.000000e+000  0.000000e+000  0.000000e+000  
0.000000e+000  0.000000e+000  0.000000e+000  0.000000e+000  0.000000e+000  0.000000e+000  0.000000e+000  0.000000e+000  0.000000e+000  
0.000000e+000  0.000000e+000  0.000000e+000  0.000000e+000  0.000000e+000  0.000000e+000  0.000000e+000  0.000000e+000  0.000000e+000  
0.000000e+000  0.000000e+000  0.000000e+000  0.000000e+000  0.000000e+000  0.000000e+000  0.000000e+000  0.000000e+000  0.000000e+000  
0.000000e+000  0.000000e+000  0.000000e+000  0.000000e+000  0.000000e+000  0.000000e+000  0.000000e+000  0.000000e+000  0.000000e+000  
0.000000e+000  0.000000e+000  0.000000e+000  0.000000e+000  0.000000e+000  0.000000e+000  0.000000e+000  0.000000e+000  0.000000e+000  
0.000000e+000  0.000000e+000  0.000000e+000  0.000000e+000  0.000000e+000  0.000000e+000  0.000000e+000  0.000000e+000  0.000000e+000  
0.000000e+000  0.000000e+000  0.000000e+000  0.000000e+000  0.000000e+000  0.000000e+000  0.000000e+000  0.000000e+000  0.000000e+000  
0.000000e+000  0.000000e+000  0.000000e+000  0.000000e+000  0.000000e+000  0.000000e+000  0.000000e+000  0.000000e+000  0.000000e+000  
0.000000e+000  0.000000e+000  0.000000e+000  0.000000e+000  0.000000e+000  0.000000e+000  0.000000e+000  0.000000e+000  0.000000e+000  
0.000000e+000  0.000000e+000  0.000000e+000  0.000000e+000  0.000000e+000  0.000000e+000  0.000000e+000  0.000000e+000  0.000000e+000  
0.000000e+000  0.000000e+000  0.000000e+000  0.000000e+000  0.000000e+000  0.000000e+000  0.000000e+000  0.000000e+000  0.000000e+000  
0.000000e+000  0.000000e+000  0.000000e+000  0.000000e+000  0.000000e+000  0.000000e+000  0.000000e+000  0.000000e+000  0.000000e+000  
0.000000e+000  0.000000e+000  0.000000e+000  0.000000e+000  0.000000e+000  0.000000e+000  0.000000e+000  0.000000e+000  0.000000e+000  
0.000000e+000  0.000000e+000  0.000000e+000  0.000000e+000  0.000000e+000  0.000000e+000  0.000000e+000  0.000000e+000  0.000000e+000  
0.000000e+000  0.000000e+000  0.000000e+000  0.000000e+000  0.000000e+000  0.000000e+000  0.000000e+000  0.000000e+000  0.000000e+000  
0.000000e+000  0.000000e+000  0.000000e+000  0.000000e+000  0.000000e+000  0.000000e+000  0.000000e+000  0.000000e+000  0.000000e+000  
0.000000e+000  0.000000e+000  0.000000e+000  0.000000e+000  0.000000e+000  0.000000e+000  0.000000e+000  0.000000e+000  0.000000e+000  
0.000000e+000  0.000000e+000  0.000000e+000  0.000000e+000  0.000000e+000  0.000000e+000  0.000000e+000  0.000000e+000  0.000000e+000  
0.000000e+000  0.000000e+000  0.000000e+000  0.000000e+000  0.000000e+000  0.000000e+000  0.000000e+000  0.000000e+000  0.000000e+000  
0.000000e+000  0.000000e+000  0.000000e+000  0.000000e+000  0.000000e+000  0.000000e+000  0.000000e+000  0.000000e+000  0.000000e+000  
0.000000e+000  0.000000e+000  0.000000e+000  0.000000e+000  0.000000e+000  0.000000e+000  0.000000e+000  0.000000e+000  0.000000e+000  
0.000000e+000  0.000000e+000  0.000000e+000  0.000000e+000  0.000000e+000  0.000000e+000  0.000000e+000  0.000000e+000  0.000000e+000  
0.000000e+000  0.000000e+000  0.000000e+000  0.000000e+000  0.000000e+000  0.000000e+000  0.000000e+000  0.000000e+000  0.000000e+000  
0.000000e+000  0.000000e+000  0.000000e+000  0.000000e+000  0.000000e+000  0.000000e+000  0.000000e+000  0.000000e+000  0.000000e+000  
0.000000e+000  0.000000e+000  0.000000e+000  0.000000e+000  0.000000e+000  0.000000e+000  0.000000e+000  0.000000e+000  0.000000e+000  
0.000000e+000  0.000000e+000  0.000000e+000  0.000000e+000  0.000000e+000  0.000000e+000  0.000000e+000  0.000000e+000  0.000000e+000  
0.000000e+000  0.000000e+000  0.000000e+000  0.000000e+000  0.000000e+000  0.000000e+000  0.000000e+000  0.000000e+000  0.000000e+000  
0.000000e+000  0.000000e+000  0.000000e+000  0.000000e+000  0.000000e+000  0.000000e+000  0.000000e+000  0.000000e+000  0.000000e+000  
0.000000e+000  0.000000e+000  0.000000e+000  0.000000e+000  0.000000e+000  0.000000e+000  0.000000e+000  0.000000e+000  0.000000e+000  
0.000000e+000  0.000000e+000  0.000000e+000  0.000000e+000  0.000000e+000  0.000000e+000  0.000000e+000  0.000000e+000  0.000000e+000  
0.000000e+000  0.000000e+000  0.000000e+000  0.000000e+000  0.000000e+000  0.000000e+000  0.000000e+000  0.000000e+000  0.000000e+000  
0.000000e+000  0.000000e+000  0.000000e+000  0.000000e+000  0.000000e+000  0.000000e+000  0.000000e+000  0.000000e+000  0.000000e+000  
0.000000e+000  0.000000e+000  0.000000e+000  0.000000e+000  0.000000e+000  0.000000e+000  0.000000e+000  0.000000e+000  0.000000e+000  
0.000000e+000  0.000000e+000  0.000000e+000  0.000000e+000  0.000000e+000  0.000000e+000  0.000000e+000  0.000000e+000  0.000000e+000  
0.000000e+000  0.000000e+000  0.000000e+000  0.000000e+000  0.000000e+000  0.000000e+000  0.000000e+000  0.000000e+000  0.000000e+000  

0.000000e+000  0.000000e+000  0.000000e+000  0.000000e+000  0.000000e+000  0.000000e+000  0.000000e+000  0.000000e+000  0.000000e+000  
0.000000e+000  0.000000e+000  0.000000e+000  0.000000e+000  0.000000e+000  0.000000e+000  0.000000e+000  0.000000e+000  0.000000e+000  
0.000000e+000  0.000000e+000  0.000000e+000  0.000000e+000  0.000000e+000  0.000000e+000  0.000000e+000  0.000000e+000  0.000000e+000  
0.000000e+000  0.000000e+000  0.000000e+000  0.000000e+000  0.000000e+000  0.000000e+000  0.000000e+000  0.000000e+000  0.000000e+000  
0.000000e+000  0.000000e+000  0.000000e+000  0.000000e+000  0.000000e+000  0.000000e+000  0.000000e+000  0.000000e+000  0.000000e+000  
0.000000e+000  0.000000e+000  0.000000e+000  0.000000e+000  0.000000e+000  0.000000e+000  0.000000e+000  0.000000e+000  0.000000e+000  
0.000000e+000  0.000000e+000  0.000000e+000  0.000000e+000  0.000000e+000  0.000000e+000  0.000000e+000  0.000000e+000  0.000000e+000  
0.000000e+000  0.000000e+000  0.000000e+000  0.000000e+000  0.000000e+000  0.000000e+000  0.000000e+000  0.000000e+000  0.000000e+000  
0.000000e+000  0.000000e+000  0.000000e+000  0.000000e+000  0.000000e+000  0.000000e+000  0.000000e+000  0.000000e+000  0.000000e+000  
0.000000e+000  0.000000e+000  0.000000e+000  0.000000e+000  0.000000e+000  0.000000e+000  0.000000e+000  0.000000e+000  0.000000e+000  
0.000000e+000  0.000000e+000  0.000000e+000  0.000000e+000  0.000000e+000  0.000000e+000  0.000000e+000  0.000000e+000  0.000000e+000  
0.000000e+000  0.000000e+000  0.000000e+000  0.000000e+000  0.000000e+000  0.000000e+000  0.000000e+000  0.000000e+000  0.000000e+000  
0.000000e+000  0.000000e+000  0.000000e+000  0.000000e+000  0.000000e+000  0.000000e+000  0.000000e+000  0.000000e+000  0.000000e+000  
0.000000e+000  0.000000e+000  0.000000e+000  0.000000e+000  0.000000e+000  0.000000e+000  0.000000e+000  0.000000e+000  0.000000e+000  
0.000000e+000  0.000000e+000  0.000000e+000  0.000000e+000  0.000000e+000  0.000000e+000  0.000000e+000  0.000000e+000  0.000000e+000  
0.000000e+000  0.000000e+000  0.000000e+000  0.000000e+000  0.000000e+000  0.000000e+000  0.000000e+000  0.000000e+000  0.000000e+000  
0.000000e+000  0.000000e+000  0.000000e+000  0.000000e+000  0.000000e+000  0.000000e+000  0.000000e+000  0.000000e+000  0.000000e+000  
0.000000e+000  0.000000e+000  0.000000e+000  0.000000e+000  0.000000e+000  0.000000e+000  0.000000e+000  0.000000e+000  0.000000e+000  
0.000000e+000  0.000000e+000  0.000000e+000  0.000000e+000  0.000000e+000  0.000000e+000  0.000000e+000  0.000000e+000  0.000000e+000  
0.000000e+000  0.000000e+000  0.000000e+000  0.000000e+000  0.000000e+000  0.000000e+000  0.000000e+000  0.000000e+000  0.000000e+000  
0.000000e+000  0.000000e+000  0.000000e+000  0.000000e+000  0.000000e+000  0.000000e+000  0.000000e+000  0.000000e+000  0.000000e+000  
0.000000e+000  0.000000e+000  0.000000e+000  0.000000e+000  0.000000e+000  0.000000e+000  0.000000e+000  0.000000e+000  0.000000e+000  
0.000000e+000  0.000000e+000  0.000000e+000  0.000000e+000  0.000000e+000  0.000000e+000  0.000000e+000  0.000000e+000  0.000000e+000  
0.000000e+000  0.000000e+000  0.000000e+000  0.000000e+000  0.000000e+000  0.000000e+000  0.000000e+000  0.000000e+000  0.000000e+000  
0.000000e+000  0.000000e+000  0.000000e+000  0.000000e+000  0.000000e+000  0.000000e+000  0.000000e+000  0.000000e+000  0.000000e+000  
0.000000e+000  0.000000e+000  0.000000e+000  0.000000e+000  0.000000e+000  0.000000e+000  0.000000e+000  0.000000e+000  0.000000e+000  
0.000000e+000  0.000000e+000  0.000000e+000  0.000000e+000  0.000000e+000  0.000000e+000  0.000000e+000  0.000000e+000  0.000000e+000  
0.000000e+000  0.000000e+000  0.000000e+000  0.000000e+000  0.000000e+000  0.000000e+000  0.000000e+000  0.000000e+000  0.000000e+000  
0.000000e+000  0.000000e+000  0.000000e+000  0.000000e+000  0.000000e+000  0.000000e+000  0.000000e+000  0.000000e+000  0.000000e+000  
0.000000e+000  0.000000e+000  0.000000e+000  0.000000e+000  0.000000e+000  0.000000e+000  0.000000e+000  0.000000e+000  0.000000e+000  
0.000000e+000  0.000000e+000  0.000000e+000  0.000000e+000  0.000000e+000  0.000000e+000  0.000000e+000  0.000000e+000  0.000000e+000  
0.000000e+000  0.000000e+000  0.000000e+000  0.000000e+000  0.000000e+000  0.000000e+000  0.000000e+000  0.000000e+000  0.000000e+000  
0.000000e+000  0.000000e+000  0.000000e+000  0.000000e+000  0.000000e+000  0.000000e+000  0.000000e+000  0.000000e+000  0.000000e+000  
0.000000e+000  0.000000e+000  0.000000e+000  0.000000e+000  0.000000e+000  0.000000e+000  0.000000e+000  0.000000e+000  0.000000e+000  
0.000000e+000  0.000000e+000  0.000000e+000  0.000000e+000  0.000000e+000  0.000000e+000  0.000000e+000  0.000000e+000  0.000000e+000  
0.000000e+000  0.000000e+000  0.000000e+000  0.000000e+000  0.000000e+000  0.000000e+000  0.000000e+000  0.000000e+000  0.000000e+000  
0.000000e+000  0.000000e+000  0.000000e+000  0.000000e+000  0.000000e+000  0.000000e+000  0.000000e+000  0.000000e+000  0.000000e+000  
0.000000e+000  0.000000e+000  0.000000e+000  0.000000e+000  0.000000e+000  0.000000e+000  0.000000e+000  0.000000e+000  0.000000e+000  
0.000000e+000  0.000000e+000  0.000000e+000  0.000000e+000  0.000000e+000  0.000000e+000  0.000000e+000  0.000000e+000  0.000000e+000  
0.000000e+000  0.000000e+000  0.000000e+000  0.000000e+000  0.000000e+000  0.000000e+000  0.000000e+000  0.000000e+000  0.000000e+000  
0.000000e+000  0.000000e+000  0.000000e+000  0.000000e+000  0.000000e+000  0.000000e+000  0.000000e+000  0.000000e+000  0.000000e+000  
0.000000e+000  0.000000e+000  0.000000e+000  0.000000e+000  0.000000e+000  0.000000e+000  0.000000e+000  0.000000e+000  0.000000e+000  
0.000000e+000  0.000000e+000  0.000000e+000  0.000000e+000  0.000000e+000  0.000000e+000  0.000000e+000  0.000000e+000  0.000000e+000  
0.000000e+000  0.000000e+000  0.000000e+000  0.000000e+000  0.000000e+000  0.000000e+000  0.000000e+000  0.000000e+000  0.000000e+000  
0.000000e+000  0.000000e+000  0.000000e+000  0.000000e+000  0.000000e+000  0.000000e+000  0.000000e+000  0.000000e+000  0.000000e+000  
0.000000e+000  0.000000e+000  0.000000e+000  0.000000e+000  0.000000e+000  0.000000e+000  0.000000e+000  0.000000e+000  0.000000e+000  
0.000000e+000  0.000000e+000  0.000000e+000  0.000000e+000  0.000000e+000  0.000000e+000  0.000000e+000  0.000000e+000  0.000000e+000  
0.000000e+000  0.000000e+000  0.000000e+000  0.000000e+000  0.000000e+000  0.000000e+000  0.000000e+000  0.000000e+000  0.000000e+000  
0.000000e+000  0.000000e+000  0.000000e+000  0.000000e+000  0.000000e+000  0.000000e+000  0.000000e+000  0.000000e+000  0.000000e+000  
0.000000e+000  0.000000e+000  0.000000e+000  0.000000e+000  0.000000e+000  0.000000e+000  0.000000e+000  0.000000e+000  0.000000e+000  
0.000000e+000  0.000000e+000  0.000000e+000  0.000000e+000  0.000000e+000  0.000000e+000  0.000000e+000  0.000000e+000  0.000000e+000  
0.000000e+000  0.000000e+000  0.000000e+000  0.000000e+000  0.000000e+000  0.000000e+000  0.000000e+000  0.000000e+000  0.000000e+000  
0.000000e+000  0.000000e+000  0.000000e+000  0.000000e+000  0.000000e+000  0.000000e+000  0.000000e+000  0.000000e+000  0.000000e+000  
0.000000e+000  0.000000e+000  0.000000e+000  0.000000e+000  0.000000e+000  0.000000e+000  0.000000e+000  0.000000e+000  0.000000e+000  
0.000000e+000  0.000000e+000  0.000000e+000  0.000000e+000  0.000000e+000  0.000000e+000  0.000000e+000  0.000000e+000  0.000000e+000  
0.000000e+000  0.000000e+000  0.000000e+000  0.000000e+000  0.000000e+000  0.000000e+000  0.000000e+000  0.000000e+000  0.000000e+000  
0.000000e+000  0.000000e+000  0.000000e+000  0.000000e+000  0.000000e+000  0.000000e+000  0.000000e+000  0.000000e+000  0.000000e+000  
0.000000e+000  0.000000e+000  0.000000e+000  0.000000e+000  0.000000e+000  0.000000e+000  0.000000e+000  0.000000e+000  0.000000e+000  
0.000000e+000  0.000000e+000  0.000000e+000  0.000000e+000  0.000000e+000  0.000000e+000  0.000000e+000  0.000000e+000  0.000000e+000  
0.000000e+000  0.000000e+000  0.000000e+000  0.000000e+000  0.000000e+000  0.000000e+000  0.000000e+000  0.000000e+000  0.000000e+000  
0.000000e+000  0.000000e+000  0.000000e+000  0.000000e+000  0.000000e+000  0.000000e+000  0.000000e+000  0.000000e+000  0.000000e+000  
0.000000e+000  0.000000e+000  0.000000e+000  0.000000e+000  0.000000e+000  0.000000e+000  0.000000e+000  0.000000e+000  0.000000e+000  
0.000000e+000  0.000000e+000  0.000000e+000  0.000000e+000  0.000000e+000  0.000000e+000  0.000000e+000  0.000000e+000  0.000000e+000  
0.000000e+000  0.000000e+000  0.000000e+000  0.000000e+000  0.000000e+000  0.000000e+000  0.000000e+000  0.000000e+000  0.000000e+000  
0.000000e+000  0.000000e+000  0.000000e+000  0.000000e+000  0.000000e+000  0.000000e+000  0.000000e+000  0.000000e+000  0.000000e+000  
0.000000e+000  0.000000e+000  0.000000e+000  0.000000e+000  0.000000e+000  0.000000e+000  0.000000e+000  0.000000e+000  0.000000e+000  
0.000000e+000  0.000000e+000  0.000000e+000  0.000000e+000  0.000000e+000  0.000000e+000  0.000000e+000  0.000000e+000  0.000000e+000  
0.000000e+000  0.000000e+000  0.000000e+000  0.000000e+000  0.000000e+000  0.000000e+000  0.000000e+000  0.000000e+000  0.000000e+000  
0.000000e+000  0.000000e+000  0.000000e+000  0.000000e+000  0.000000e+000  0.000000e+000  0.000000e+000  0.000000e+000  0.000000e+000  
0.000000e+000  0.000000e+000  0.000000e+000  0.000000e+000  0.000000e+000  0.000000e+000  0.000000e+000  0.000000e+000  0.000000e+000  
0.000000e+000  0.000000e+000  0.000000e+000  0.000000e+000  0.000000e+000  0.000000e+000  0.000000e+000  0.000000e+000  0.000000e+000  
0.000000e+000  0.000000e+000  0.000000e+000  0.000000e+000  0.000000e+000  0.000000e+000  0.000000e+000  0.000000e+000  0.000000e+000  
0.000000e+000  0.000000e+000  0.000000e+000  0.000000e+000  0.000000e+000  0.000000e+000  0.000000e+000  0.000000e+000  0.000000e+000  
0.000000e+000  0.000000e+000  0.000000e+000  0.000000e+000  0.000000e+000  0.000000e+000  0.000000e+000  0.000000e+000  0.000000e+000  
0.000000e+000  0.000000e+000  0.000000e+000  0.000000e+000  0.000000e+000  0.000000e+000  0.000000e+000  0.000000e+000  0.000000e+000  
0.000000e+000  0.000000e+000  0.000000e+000  0.000000e+000  0.000000e+000  0.000000e+000  0.000000e+000  0.000000e+000  0.000000e+000  
0.000000e+000  0.000000e+000  0.000000e+000  0.000000e+000  0.000000e+000  0.000000e+000  0.000000e+000  0.000000e+000  0.000000e+000  
0.000000e+000  0.000000e+000  0.000000e+000  0.000000e+000  0.000000e+000  0.000000e+000  0.000000e+000  0.000000e+000  0.000000e+000  
0.000000e+000  0.000000e+000  0.000000e+000  0.000000e+000  0.000000e+000  0.000000e+000  0.000000e+000  0.000000e+000  0.000000e+000  
0.000000e+000  0.000000e+000  0.000000e+000  0.000000e+000  0.000000e+000  0.000000e+000  0.000000e+000  0.000000e+000  0.000000e+000  
0.000000e+000  0.000000e+000  0.000000e+000  0.000000e+000  0.000000e+000  0.000000e+000  0.000000e+000  0.000000e+000  0.000000e+000  
0.000000e+000  0.000000e+000  0.000000e+000  0.000000e+000  0.000000e+000  0.000000e+000  0.000000e+000  0.000000e+000  0.000000e+000  
0.000000e+000  0.000000e+000  0.000000e+000  0.000000e+000  0.000000e+000  0.000000e+000  0.000000e+000  0.000000e+000  0.000000e+000  
0.000000e+000  0.000000e+000  0.000000e+000  0.000000e+000  0.000000e+000  0.000000e+000  0.000000e+000  0.000000e+000  0.000000e+000  
0.000000e+000  0.000000e+000  0.000000e+000  0.000000e+000  0.000000e+000  0.000000e+000  0.000000e+000  0.000000e+000  0.000000e+000  
0.000000e+000  0.000000e+000  0.000000e+000  0.000000e+000  0.000000e+000  0.000000e+000  0.000000e+000  0.000000e+000  0.000000e+000  
0.000000e+000  0.000000e+000  0.000000e+000  0.000000e+000  0.000000e+000  0.000000e+000  0.000000e+000  0.000000e+000  0.000000e+000  
0.000000e+000  0.000000e+000  0.000000e+000  0.000000e+000  0.000000e+000  0.000000e+000  0.000000e+000  0.000000e+000  0.000000e+000  
0.000000e+000  0.000000e+000  0.000000e+000  0.000000e+000  0.000000e+000  0.000000e+000  0.000000e+000  0.000000e+000  0.000000e+000  
0.000000e+000  0.000000e+000  0.000000e+000  0.000000e+000  0.000000e+000  0.000000e+000  0.000000e+000  0.000000e+000  0.000000e+000  
0.000000e+000  0.000000e+000  0.000000e+000  0.000000e+000  0.000000e+000  0.000000e+000  0.000000e+000  0.000000e+000  0.000000e+000  
0.000000e+000  0.000000e+000  0.000000e+000  0.000000e+000  0.000000e+000  0.000000e+000  0.000000e+000  0.000000e+000  0.000000e+000  
0.000000e+000  0.000000e+000  0.000000e+000  0.000000e+000  0.000000e+000  0.000000e+000  0.000000e+000  0.000000e+000  0.000000e+000  
0.000000e+000  0.000000e+000  0.000000e+000  0.000000e+000  0.000000e+000  0.000000e+000  0.000000e+000  0.000000e+000  0.000000e+000  
0.000000e+000  0.000000e+000  0.000000e+000  0.000000e+000  0.000000e+000  0.000000e+000  0.000000e+000  0.000000e+000  0.000000e+000  
0.000000e+000  0.000000e+000  0.000000e+000  0.000000e+000  0.000000e+000  0.000000e+000  0.000000e+000  0.000000e+000  0.000000e+000  
0.000000e+000  0.000000e+000  0.000000e+000  0.000000e+000  0.000000e+000  0.000000e+000  0.000000e+000  0.000000e+000  0.000000e+000  
0.000000e+000  0.000000e+000  0.000000e+000  0.000000e+000  0.000000e+000  0.000000e+000  0.000000e+000  0.000000e+000  0.000000e+000  
0.000000e+000  0.000000e+000  0.000000e+000  0.000000e+000  0.000000e+000  0.000000e+000  0.000000e+000  0.000000e+000  0.000000e+000  
0.000000e+000  0.000000e+000  0.000000e+000  0.000000e+000  0.000000e+000  0.000000e+000  0.000000e+000  0.000000e+000  0.000000e+000  
0.000000e+000  0.000000e+000  0.000000e+000  0.000000e+000  0.000000e+000  0.000000e+000  0.000000e+000  0.000000e+000  0.000000e+000  
0.000000e+000  0.000000e+000  0.000000e+000  0.000000e+000  0.000000e+000  0.000000e+000  0.000000e+000  0.000000e+000  0.000000e+000  
0.000000e+000  0.000000e+000  0.000000e+000  0.000000e+000  0.000000e+000  0.000000e+000  0.000000e+000  0.000000e+000  0.000000e+000  
0.000000e+000  0.000000e+000  0.000000e+000  0.000000e+000  0.000000e+000  0.000000e+000  0.000000e+000  0.000000e+000  0.000000e+000  
0.000000e+000  0.000000e+000  0.000000e+000  0.000000e+000  0.000000e+000  0.000000e+000  0.000000e+000  0.000000e+000  0.000000e+000  
0.000000e+000  0.000000e+000  0.000000e+000  0.000000e+000  0.000000e+000  0.000000e+000  0.000000e+000  0.000000e+000  0.000000e+000  
0.000000e+000  0.000000e+000  0.000000e+000  0.000000e+000  0.000000e+000  0.000000e+000  0.000000e+000  0.000000e+000  0.000000e+000  
0.000000e+000  0.000000e+000  0.000000e+000  0.000000e+000  0.000000e+000  0.000000e+000  0.000000e+000  0.000000e+000  0.000000e+000  
0.000000e+000  0.000000e+000  0.000000e+000  0.000000e+000  0.000000e+000  0.000000e+000  0.000000e+000  0.000000e+000  0.000000e+000  
0.000000e+000  0.000000e+000  0.000000e+000  0.000000e+000  0.000000e+000  0.000000e+000  0.000000e+000  0.000000e+000  0.000000e+000  
0.000000e+000  0.000000e+000  0.000000e+000  0.000000e+000  0.000000e+000  0.000000e+000  0.000000e+000  0.000000e+000  0.000000e+000  
0.000000e+000  0.000000e+000  0.000000e+000  0.000000e+000  0.000000e+000  0.000000e+000  0.000000e+000  0.000000e+000  0.000000e+000  
0.000000e+000  0.000000e+000  0.000000e+000  0.000000e+000  0.000000e+000  0.000000e+000  0.000000e+000  0.000000e+000  0.000000e+000  
0.000000e+000  0.000000e+000  0.000000e+000  0.000000e+000  0.000000e+000  0.000000e+000  0.000000e+000  0.000000e+000  0.000000e+000  
0.000000e+000  0.000000e+000  0.000000e+000  0.000000e+000  0.000000e+000  0.000000e+000  0.000000e+000  0.000000e+000  0.000000e+000  
0.000000e+000  0.000000e+000  0.000000e+000  0.000000e+000  0.000000e+000  0.000000e+000  0.000000e+000  0.000000e+000  0.000000e+000  

0.000000e+000  -2.305546e-012  -4.209094e-012  1.574874e-011  1.914111e-011  2.080937e-011  1.990832e-011  6.422649e-012  0.000000e+000  
5.833721e-012  6.785801e-012  8.635192e-011  2.593422e-011  3.070693e-011  3.208584e-011  2.968055e-011  2.094644e-011  0.000000e+000  
2.849775e-011  3.679339e-011  3.053014e-011  3.861920e-011  4.476804e-011  4.587669e-011  4.180645e-011  2.900055e-011  0.000000e+000  
5.479371e-012  5.884256e-011  4.876654e-011  6.029341e-011  6.686361e-011  6.601922e-011  5.888458e-011  3.993835e-011  0.000000e+000  
7.404444e-011  1.050641e-011  9.597707e-011  9.944272e-011  1.002045e-010  9.451161e-011  8.230657e-011  5.456717e-011  0.000000e+000  
-4.391121e-011  5.327047e-011  1.510682e-010  1.491234e-010  1.442198e-010  1.321163e-010  1.132547e-010  7.378488e-011  0.000000e+000  
0.000000e+000  0.000000e+000  2.110795e-010  2.070821e-010  1.979917e-010  1.791392e-010  1.522827e-010  9.825914e-011  0.000000e+000  
0.000000e+000  0.000000e+000  3.411949e-010  3.341619e-010  3.178676e-010  2.858487e-010  2.416112e-010  1.546525e-010  0.000000e+000  
0.000000e+000  0.000000e+000  6.843923e-010  6.700989e-010  6.369860e-010  5.721467e-010  4.830950e-010  3.085840e-010  0.000000e+000  
0.000000e+000  0.000000e+000  1.371124e-009  1.342523e-009  1.276079e-009  1.146001e-009  9.674399e-010  6.177727e-010  0.000000e+000  
0.000000e+000  0.000000e+000  2.722039e-009  2.665158e-009  2.533258e-009  2.274793e-009  1.920213e-009  1.226108e-009  0.000000e+000  
0.000000e+000  0.000000e+000  5.390733e-009  5.278219e-009  5.016776e-009  4.504644e-009  3.802296e-009  2.427656e-009  0.000000e+000  
0.000000e+000  0.000000e+000  1.066774e-008  1.044525e-008  9.927489e-009  8.913407e-009  7.523230e-009  4.802957e-009  0.000000e+000  
0.000000e+000  0.000000e+000  2.110243e-008  2.066262e-008  1.963769e-008  1.763024e-008  1.487958e-008  9.498560e-009  0.000000e+000  
0.000000e+000  0.000000e+000  4.173194e-008  4.086280e-008  3.883432e-008  3.486139e-008  2.942035e-008  1.877894e-008  0.000000e+000  
0.000000e+000  0.000000e+000  8.250552e-008  8.078879e-008  7.677481e-008  6.891365e-008  5.815343e-008  3.711528e-008  0.000000e+000  
0.000000e+000  0.000000e+000  1.630679e-007  1.596782e-007  1.517371e-007  1.361857e-007  1.149121e-007  7.333173e-008  0.000000e+000  
0.000000e+000  0.000000e+000  3.221911e-007  3.155008e-007  2.997942e-007  2.690369e-007  2.269899e-007  1.448361e-007  0.000000e+000  
0.000000e+000  0.000000e+000  6.363630e-007  6.231645e-007  5.921062e-007  5.312905e-007  4.482120e-007  2.859517e-007  0.000000e+000  
0.000000e+000  0.000000e+000  1.256400e-006  1.230374e-006  1.168977e-006  1.048762e-006  8.846688e-007  5.643161e-007  0.000000e+000  
0.000000e+000  0.000000e+000  2.479508e-006  2.428219e-006  2.306883e-006  2.069325e-006  1.745341e-006  1.113136e-006  0.000000e+000  
0.000000e+000  0.000000e+000  4.809360e-006  4.710031e-006  4.474328e-006  4.012895e-006  3.384177e-006  2.157947e-006  0.000000e+000  
0.000000e+000  0.000000e+000  7.734275e-006  7.574742e-006  7.195214e-006  6.452263e-006  5.440764e-006  3.468807e-006  0.000000e+000  
0.000000e+000  0.000000e+000  9.792132e-006  9.590277e-006  9.109477e-006  8.168312e-006  6.887433e-006  4.390816e-006  0.000000e+000  
0.000000e+000  0.000000e+000  1.242750e-005  1.217149e-005  1.156090e-005  1.036570e-005  8.739751e-006  5.571244e-006  0.000000e+000  
0.000000e+000  0.000000e+000  1.573287e-005  1.540899e-005  1.463547e-005  1.312142e-005  1.106256e-005  7.051357e-006  0.000000e+000  
0.000000e+000  0.000000e+000  1.983494e-005  1.942691e-005  1.845104e-005  1.654097e-005  1.394473e-005  8.887713e-006  0.000000e+000  
0.000000e+000  0.000000e+000  2.501935e-005  2.450505e-005  2.327323e-005  2.086228e-005  1.758668e-005  1.120792e-005  0.000000e+000  
0.000000e+000  0.000000e+000  3.560092e-005  3.486989e-005  3.311523e-005  2.968115e-005  2.501857e-005  1.594214e-005  0.000000e+000  
0.000000e+000  0.000000e+000  6.183193e-005  6.056469e-005  5.751156e-005  5.153680e-005  4.343393e-005  2.767030e-005  0.000000e+000  
0.000000e+000  0.000000e+000  1.090742e-004  1.068436e-004  1.014465e-004  9.088586e-005  7.658228e-005  4.877528e-005  0.000000e+000  
0.000000e+000  0.000000e+000  1.620553e-004  1.587469e-004  1.507149e-004  1.350001e-004  1.137374e-004  7.242445e-005  0.000000e+000  
0.000000e+000  0.000000e+000  2.036163e-004  1.994634e-004  1.893622e-004  1.695997e-004  1.428757e-004  9.096814e-005  0.000000e+000  
0.000000e+000  0.000000e+000  2.561888e-004  2.509690e-004  2.382471e-004  2.133586e-004  1.797237e-004  1.144148e-004  0.000000e+000  
0.000000e+000  0.000000e+000  3.209246e-004  3.143929e-004  2.984400e-004  2.672322e-004  2.250841e-004  1.432734e-004  0.000000e+000  
0.000000e+000  0.000000e+000  3.995975e-004  3.914733e-004  3.715892e-004  3.326929e-004  2.801947e-004  1.783298e-004  0.000000e+000  
0.000000e+000  0.000000e+000  4.976892e-004  4.875821e-004  4.627902e-004  4.142965e-004  3.488881e-004  2.220193e-004  0.000000e+000  
0.000000e+000  0.000000e+000  6.364321e-004  6.235239e-004  5.917816e-004  5.296965e-004  4.460198e-004  2.837857e-004  0.000000e+000  
0.000000e+000  0.000000e+000  8.196355e-004  8.030350e-004  7.620994e-004  6.820388e-004  5.742262e-004  3.652944e-004  0.000000e+000  
0.000000e+000  0.000000e+000  1.020731e-003  1.000084e-003  9.490426e-004  8.492244e-004  7.149060e-004  4.547162e-004  0.000000e+000  
0.000000e+000  0.000000e+000  1.271168e-003  1.245488e-003  1.181843e-003  1.057384e-003  8.900400e-004  5.660160e-004  0.000000e+000  
0.000000e+000  0.000000e+000  1.595515e-003  1.563327e-003  1.483333e-003  1.326915e-003  1.116774e-003  7.100773e-004  0.000000e+000  
0.000000e+000  0.000000e+000  2.022197e-003  1.981461e-003  1.879921e-003  1.681388e-003  1.414914e-003  8.994594e-004  0.000000e+000  
0.000000e+000  0.000000e+000  2.562500e-003  2.510959e-003  2.382082e-003  2.130123e-003  1.792265e-003  1.139089e-003  0.000000e+000  
0.000000e+000  0.000000e+000  3.761630e-003  3.686147e-003  3.496471e-003  3.125704e-003  2.629297e-003  1.670455e-003  0.000000e+000  
0.000000e+000  0.000000e+000  6.950235e-003  6.811317e-003  6.459064e-003  5.770729e-003  4.851829e-003  3.080060e-003  0.000000e+000  
0.000000e+000  0.000000e+000  1.323693e-002  1.297328e-002  1.229763e-002  1.097805e-002  9.223091e-003  5.847692e-003  0.000000e+000  
0.000000e+000  0.000000e+000  2.511289e-002  2.461329e-002  2.331737e-002  2.078893e-002  1.744367e-002  1.103459e-002  0.000000e+000  
0.000000e+000  0.000000e+000  4.757995e-002  4.662814e-002  4.412304e-002  3.924611e-002  3.284833e-002  2.068023e-002  0.000000e+000  
0.000000e+000  0.000000e+000  9.022989e-002  8.838546e-002  8.342920e-002  7.382834e-002  6.144452e-002  3.826212e-002  0.000000e+000  
0.000000e+000  0.000000e+000  1.720304e-001  1.683327e-001  1.579407e-001  1.380160e-001  1.132976e-001  6.873332e-002  0.000000e+000  
0.000000e+000  0.000000e+000  3.251739e-001  3.178870e-001  2.938903e-001  2.484499e-001  1.970941e-001  1.124409e-001  0.000000e+000  
0.000000e+000  0.000000e+000  5.168908e-001  5.092878e-001  4.584377e-001  3.609516e-001  2.681052e-001  1.378404e-001  0.000000e+000  
0.000000e+000  0.000000e+000  6.470929e-001  6.507424e-001  5.735538e-001  4.217617e-001  2.967437e-001  1.419560e-001  0.000000e+000  
0.000000e+000  0.000000e+000  7.649117e-001  8.174896e-001  6.960730e-001  4.524222e-001  2.930979e-001  1.281147e-001  0.000000e+000  
0.000000e+000  0.000000e+000  7.321768e-001  9.057883e-001  7.282477e-001  3.918691e-001  2.323153e-001  9.438658e-002  0.000000e+000  
0.000000e+000  0.000000e+000  4.253623e-001  4.903543e-001  3.816841e-001  2.221642e-001  1.315992e-001  5.195815e-002  0.000000e+000  
0.000000e+000  0.000000e+000  0.000000e+000  0.000000e+000  0.000000e+000  0.000000e+000  0.000000e+000  0.000000e+000  0.000000e+000  
0.000000e+000  0.000000e+000  -4.253623e-001  -4.903543e-001  -3.816841e-001  -2.221642e-001  -1.315992e-001  -5.195815e-002  0.000000e+000  
0.000000e+000  0.000000e+000  -7.321768e-001  -9.057883e-001  -7.282477e-001  -3.918691e-001  -2.323153e-001  -9.438658e-002  0.000000e+000  
0.000000e+000  0.000000e+000  -7.649117e-001  -8.174896e-001  -6.960730e-001  -4.524222e-001  -2.930979e-001  -1.281147e-001  0.000000e+000  
0.000000e+000  0.000000e+000  -6.470929e-001  -6.507424e-001  -5.735538e-001  -4.217617e-001  -2.967437e-001  -1.419560e-001  0.000000e+000  
0.000000e+000  0.000000e+000  -5.168908e-001  -5.092878e-001  -4.584377e-001  -3.609516e-001  -2.681052e-001  -1.378404e-001  0.000000e+000  
0.000000e+000  0.000000e+000  -3.251739e-001  -3.178870e-001  -2.938903e-001  -2.484499e-001  -1.970941e-001  -1.124409e-001  0.000000e+000  
0.000000e+000  0.000000e+000  -1.720304e-001  -1.683327e-001  -1.579407e-001  -1.380160e-001  -1.132976e-001  -6.873332e-002  0.000000e+000  
0.000000e+000  0.000000e+000  -9.022989e-002  -8.838546e-002  -8.342920e-002  -7.382834e-002  -6.144452e-002  -3.826212e-002  0.000000e+000  
0.000000e+000  0.000000e+000  -4.757995e-002  -4.662814e-002  -4.412304e-002  -3.924611e-002  -3.284833e-002  -2.068023e-002  0.000000e+000  
0.000000e+000  0.000000e+000  -2.511289e-002  -2.461329e-002  -2.331737e-002  -2.078893e-002  -1.744367e-002  -1.103459e-002  0.000000e+000  
0.000000e+000  0.000000e+000  -1.323693e-002  -1.297328e-002  -1.229763e-002  -1.097805e-002  -9.223091e-003  -5.847692e-003  0.000000e+000  
0.000000e+000  0.000000e+000  -6.950235e-003  -6.811317e-003  -6.459064e-003  -5.770729e-003  -4.851829e-003  -3.080060e-003  0.000000e+000  
0.000000e+000  0.000000e+000  -3.761630e-003  -3.686147e-003  -3.496471e-003  -3.125704e-003  -2.629297e-003  -1.670455e-003  0.000000e+000  
0.000000e+000  0.000000e+000  -2.562500e-003  -2.510959e-003  -2.382082e-003  -2.130123e-003  -1.792265e-003  -1.139089e-003  0.000000e+000  
0.000000e+000  0.000000e+000  -2.022197e-003  -1.981461e-003  -1.879921e-003  -1.681388e-003  -1.414914e-003  -8.994594e-004  0.000000e+000  
0.000000e+000  0.000000e+000  -1.595515e-003  -1.563327e-003  -1.483333e-003  -1.326915e-003  -1.116774e-003  -7.100773e-004  0.000000e+000  
0.000000e+000  0.000000e+000  -1.271168e-003  -1.245488e-003  -1.181843e-003  -1.057384e-003  -8.900400e-004  -5.660160e-004  0.000000e+000  
0.000000e+000  0.000000e+000  -1.020731e-003  -1.000084e-003  -9.490426e-004  -8.492244e-004  -7.149060e-004  -4.547162e-004  0.000000e+000  
0.000000e+000  0.000000e+000  -8.196355e-004  -8.030350e-004  -7.620994e-004  -6.820388e-004  -5.742262e-004  -3.652944e-004  0.000000e+000  
0.000000e+000  0.000000e+000  -6.364321e-004  -6.235239e-004  -5.917816e-004  -5.296965e-004  -4.460198e-004  -2.837857e-004  0.000000e+000  
0.000000e+000  0.000000e+000  -4.976892e-004  -4.875821e-004  -4.627902e-004  -4.142965e-004  -3.488881e-004  -2.220193e-004  0.000000e+000  
0.000000e+000  0.000000e+000  -3.995975e-004  -3.914733e-004  -3.715892e-004  -3.326929e-004  -2.801947e-004  -1.783298e-004  0.000000e+000  
0.000000e+000  0.000000e+000  -3.209246e-004  -3.143929e-004  -2.984400e-004  -2.672322e-004  -2.250841e-004  -1.432734e-004  0.000000e+000  
0.000000e+000  0.000000e+000  -2.561888e-004  -2.509690e-004  -2.382471e-004  -2.133586e-004  -1.797237e-004  -1.144148e-004  0.000000e+000  
0.000000e+000  0.000000e+000  -2.036163e-004  -1.994634e-004  -1.893622e-004  -1.695997e-004  -1.428757e-004  -9.096814e-005  0.000000e+000  
0.000000e+000  0.000000e+000  -1.620553e-004  -1.587469e-004  -1.507149e-004  -1.350001e-004  -1.137374e-004  -7.242445e-005  0.000000e+000  
0.000000e+000  0.000000e+000  -1.090742e-004  -1.068436e-004  -1.014465e-004  -9.088586e-005  -7.658228e-005  -4.877528e-005  0.000000e+000  
0.000000e+000  0.000000e+000  -6.183193e-005  -6.056469e-005  -5.751156e-005  -5.153680e-005  -4.343393e-005  -2.767030e-005  0.000000e+000  
0.000000e+000  0.000000e+000  -3.560092e-005  -3.486989e-005  -3.311523e-005  -2.968115e-005  -2.501857e-005  -1.594214e-005  0.000000e+000  
0.000000e+000  0.000000e+000  -2.501935e-005  -2.450505e-005  -2.327323e-005  -2.086228e-005  -1.758668e-005  -1.120792e-005  0.000000e+000  
0.000000e+000  0.000000e+000  -1.983494e-005  -1.942691e-005  -1.845104e-005  -1.654097e-005  -1.394473e-005  -8.887713e-006  0.000000e+000  
0.000000e+000  0.000000e+000  -1.573287e-005  -1.540899e-005  -1.463547e-005  -1.312142e-005  -1.106256e-005  -7.051357e-006  0.000000e+000  
0.000000e+000  0.000000e+000  -1.242750e-005  -1.217149e-005  -1.156090e-005  -1.036570e-005  -8.739751e-006  -5.571244e-006  0.000000e+000  
0.000000e+000  0.000000e+000  -9.792132e-006  -9.590277e-006  -9.109477e-006  -8.168312e-006  -6.887433e-006  -4.390816e-006  0.000000e+000  
0.000000e+000  0.000000e+000  -7.734275e-006  -7.574742e-006  -7.195214e-006  -6.452263e-006  -5.440764e-006  -3.468807e-006  0.000000e+000  
0.000000e+000  0.000000e+000  -4.809360e-006  -4.710030e-006  -4.474328e-006  -4.012895e-006  -3.384177e-006  -2.157947e-006  0.000000e+000  
0.000000e+000  0.000000e+000  -2.479508e-006  -2.428219e-006  -2.306883e-006  -2.069325e-006  -1.745341e-006  -1.113136e-006  0.000000e+000  
0.000000e+000  0.000000e+000  -1.256399e-006  -1.230374e-006  -1.168977e-006  -1.048762e-006  -8.846687e-007  -5.643161e-007  0.000000e+000  
0.000000e+000  0.000000e+000  -6.363629e-007  -6.231643e-007  -5.921061e-007  -5.312904e-007  -4.482119e-007  -2.859516e-007  0.000000e+000  
0.000000e+000  0.000000e+000  -3.221910e-007  -3.155007e-007  -2.997941e-007  -2.690368e-007  -2.269898e-007  -1.448361e-007  0.000000e+000  
0.000000e+000  0.000000e+000  -1.630677e-007  -1.596780e-007  -1.517370e-007  -1.361856e-007  -1.149120e-007  -7.333168e-008  0.000000e+000  
0.000000e+000  0.000000e+000  -8.250536e-008  -8.078868e-008  -7.677470e-008  -6.891355e-008  -5.815332e-008  -3.711520e-008  0.000000e+000  
0.000000e+000  0.000000e+000  -4.173181e-008  -4.086274e-008  -3.883421e-008  -3.486131e-008  -2.942026e-008  -1.877891e-008  0.000000e+000  
0.000000e+000  0.000000e+000  -2.110234e-008  -2.066255e-008  -1.963761e-008  -1.763018e-008  -1.487953e-008  -9.498506e-009  0.000000e+000  
0.000000e+000  0.000000e+000  -1.066769e-008  -1.044518e-008  -9.927434e-009  -8.913343e-009  -7.523183e-009  -4.802925e-009  0.000000e+000  
0.000000e+000  0.000000e+000  -5.390748e-009  -5.278237e-009  -5.016769e-009  -4.504642e-009  -3.802288e-009  -2.427634e-009  0.000000e+000  
0.000000e+000  0.000000e+000  -2.722024e-009  -2.665204e-009  -2.533249e-009  -2.274803e-009  -1.920215e-009  -1.226120e-009  0.000000e+000  
0.000000e+000  0.000000e+000  -1.371159e-009  -1.342485e-009  -1.276073e-009  -1.145971e-009  -9.674040e-010  -6.177415e-010  0.000000e+000  
0.000000e+000  0.000000e+000  -6.844239e-010  -6.701124e-010  -6.370450e-010  -5.721771e-010  -4.830975e-010  -3.086032e-010  0.000000e+000  
0.000000e+000  0.000000e+000  -3.412928e-010  -3.342204e-010  -3.179226e-010  -2.858711e-010  -2.416565e-010  -1.546706e-010  0.000000e+000  
0.000000e+000  0.000000e+000  -2.111343e-010  -2.070894e-010  -1.979550e-010  -1.792350e-010  -1.522677e-010  -9.823399e-011  0.000000e+000  
4.384144e-011  -5.317448e-011  -1.509823e-010  -1.491948e-010  -1.442976e-010  -1.320963e-010  -1.132827e-010  -7.374825e-011  0.000000e+000  
-7.386531e-011  -1.050256e-011  -9.598261e-011  -9.936952e-011  -1.001637e-010  -9.449960e-011  -8.229119e-011  -5.452331e-011  0.000000e+000  
-5.465132e-012  -5.887906e-011  -4.855790e-011  -6.030739e-011  -6.682358e-011  -6.597794e-011  -5.883248e-011  -3.990828e-011  0.000000e+000  
-2.856604e-011  -3.662946e-011  -3.066605e-011  -3.852141e-011  -4.477257e-011  -4.586964e-011  -4.176479e-011  -2.902252e-011  0.000000e+000  
-5.678843e-012  -6.912170e-012  -8.610569e-011  -2.602700e-011  -3.065840e-011  -3.203452e-011  -2.962491e-011  -2.096503e-011  0.000000e+000  
0.000000e+000  2.314053e-012  4.198521e-012  -1.570351e-011  -1.910248e-011  -2.077827e-011  -1.987186e-011  -6.414328e-012  0.000000e+000  
0.000000e+000  0.000000e+000  0.000000e+000  0.000000e+000  0.000000e+000  0.000000e+000  0.000000e+000  0.000000e+000  0.000000e+000  

