Defined reference frequency for open boundary condition (1.8 GHz) is larger
than the lowest relevant system frequency (monitor at 0.698 GHz).
Please check open boundary settings to ensure accurate monitor results for the
lowest frequency of interest.

--------------------------------------------------------------------------------
Build version: 2015.0 Release from 2015-01-16 (change 344899)

Starting adaptive port meshing.

--------------------------------------------------------------------------------
Mode calculation for port 1:

--------------------------------------------------------------------------------

--------------------------------------------------------------------------------

--------------------------------------------------------------------------------
Number of mesh faces filled with PEC due to fill limit restrictions: 0

--------------------------------------------------------------------------------
Port mode solver: Detected dispersive material(s) at port 1. 
Using a constant approximation of dispersive material(s) at 1.8GHz and
neglecting loss terms. 

--------------------------------------------------------------------------------
  -------------------------------- F-Calc 1.8 --------------------------------
  Port   Mode   Type        Z-Wave        Z-Wave-Sigma  Z-Line        F-Cutoff
  1      1      QTEM        203           8.16e-012     47            ---
  ----------------------------------------------------------------------------

Pass 1 successfully completed. 

--------------------------------------------------------------------------------

--------------------------------------------------------------------------------
Number of mesh faces filled with PEC due to fill limit restrictions: 0

--------------------------------------------------------------------------------
  -------------------------------- F-Calc 1.8 --------------------------------
  Port   Mode   Type        Z-Wave        Z-Wave-Sigma  Z-Line        F-Cutoff
  1      1      QTEM        207           1.39e-010     48.2          ---
  ----------------------------------------------------------------------------

Pass 2 successfully completed. Delta (Line Imp.): 2.386939%

--------------------------------------------------------------------------------

--------------------------------------------------------------------------------
Number of mesh faces filled with PEC due to fill limit restrictions: 0

--------------------------------------------------------------------------------
  -------------------------------- F-Calc 1.8 --------------------------------
  Port   Mode   Type        Z-Wave        Z-Wave-Sigma  Z-Line        F-Cutoff
  1      1      QTEM        213           3.39e-010     48.8          ---
  ----------------------------------------------------------------------------

Pass 3 successfully completed. Delta (Line Imp.): 1.180246%

--------------------------------------------------------------------------------

--------------------------------------------------------------------------------
Number of mesh faces filled with PEC due to fill limit restrictions: 0

--------------------------------------------------------------------------------
  -------------------------------- F-Calc 1.8 --------------------------------
  Port   Mode   Type        Z-Wave        Z-Wave-Sigma  Z-Line        F-Cutoff
  1      1      QTEM        228           1.82e-009     49            ---
  ----------------------------------------------------------------------------

Pass 4 successfully completed. Delta (Line Imp.): 0.473160%
Adaptive port meshing finished. 

--------------------------------------------------------------------------------

Solver started at: 01:42 PM Monday, 17. August 2020

  Module:  Time Domain: S-Parameter (Win 64)
  Version: 2015.0 Release from 2015-01-16 (change 344899)


--------------------------------------------------------------------------------

--------------------------------------------------------------------------------
======================================================================
 Solver cycle: 1
======================================================================

Stimulation at port 1 (mode 1) 


--------------------------------------------------------------------------------
Units settings: 

  Dimensions: mm
  Frequency:  GHz
  Time:       ns

--------------------------------------------------------------------------------
Number of mesh faces filled with PEC due to fill limit restrictions: 0

--------------------------------------------------------------------------------
Mesh statistics:

   Hexahedral mesh type: FPBA [accuracy enhancement is enabled]

   Parallelization type: domain decomposition
      Number of parallel working threads: 4
      Number of calculation domains used: 4


--------------------------------------------------------------------------------
Port mode solver: Detected dispersive material(s) at port 1. 
Using a constant approximation of dispersive material(s) at 1.8GHz and
neglecting loss terms. 

--------------------------------------------------------------------------------
Boundary conditions: 

  YZsymmetry: none
  XZsymmetry: none
  XYsymmetry: none

  Xmin: expanded open, 4 Layer, depth 33.3103 mm
  Xmax: expanded open, 4 Layer, depth 33.3103 mm

  Ymin: expanded open, 4 Layer, depth 33.3103 mm
  Ymax: expanded open, 4 Layer, depth 30.682 mm

  Zmin: expanded open, 4 Layer, depth 30.708 mm
  Zmax: expanded open, 4 Layer, depth 33.3103 mm

  PML-Type: Convolution PML

--------------------------------------------------------------------------------
Frequency settings: 

  Fmin:    0
  Fmax:    3.6
  Nfsteps: 1001

--------------------------------------------------------------------------------
Waveguide boundaries:

Port: 1

  -------------------------------- F-Calc 1.8 --------------------------------
  Port   Mode   Type        Z-Wave        Z-Wave-Sigma  Z-Line        F-Cutoff
  1      1      QTEM        203           2.55e-012     49            ---
  ----------------------------------------------------------------------------

Field update statistics:

  Number of components in total: 	1984435
  Number of lossy metal components:	64640
  Number of disp. elements:		66229

Subcycling state:      Automatically deactivated

--------------------------------------------------------------------------------

--------------------------------------------------------------------------------

--------------------------------------------------------------------------------
*** Warning ***

Maximum simulation time reached, solver stopped.
Please note that the steady state energy criterion has not been satisfied.
More...

--------------------------------------------------------------------------------
Frequency domain results normalized to default signal.

--------------------------------------------------------------------------------

  ----------------------------------------------------------------------------
                      Peak memory used (kB)         Free physical memory (kB) 
                                                    At begin     Minimum      
  ----------------------------------------------------------------------------
  Matrices calc.      562204                        10860856     10331764     
  Solver run total    620836                        10903156     10189692     
  ----------------------------------------------------------------------------

--------------------------------------------------------------------------------
Solver Statistics:

  Hardware:
     Computer name:                 	DESKTOP-S1T4ESL 

     Number of CPU threads:             4
     hardware info:                  	hardware acceleration not activated

  Number of mesh cells:             	320120
  Excitation duration:              	9.87374652e-001 ns 
  Calculation time for excitation:  	5      	s
  Number of calculated pulse widths:	19.9994 
  Steady state accuracy limit:      	-30	dB 
  Simulated number of time steps:   	10539  
  Maximum number of time steps:     	10539  
  Time step width:
     without subcycles:             	1.87369401e-003 ns
     used:                          	1.87369401e-003 ns

  Matrix calculation time:          	21     	s
  Solver setup time:                	4      	s
  Solver loop time:                 	91     	s
  Solver post processing time:      	18     	s
                                    	------------
  Total solver time:                	134    	s  ( = 0 h, 2 m, 14 s )

--------------------------------------------------------------------------------

  Adaptive port meshing time:       	38     	s
  Total solver time (all cycles):   	134    	s  ( = 0 h, 2 m, 14 s )
                                    	------------
  Total simulation time:            	172    	s  ( = 0 h, 2 m, 52 s )

--------------------------------------------------------------------------------
Solver finished at: 01:44 PM Monday, 17. August 2020


--------------------------------------------------------------------------------
Creating parametric 1D results.

--------------------------------------------------------------------------------
