Port monitor named: Port1_h1.prt

nx        = 114
ny        = 88
nz        = 21

nu        = 9
nv        = 104
iu        = 8
iv        = 6

idir      = 1
dcut      = -1.048000e-001
icut      = 6
type      = 1
frequency = 1.800000e+009

fcutoff   = 0.000000e+000
alpha     = 0.000000e+000
beta      = 7.013277e+001
accuracy  = 7.384838e-010

type          = QTEM
wave imp.     = 2.032987e+002
wave imp.sig. = 2.352066e-008
line imp.     = 4.896106e+001

ref. port     = 0

-1.499788e-008  -1.511580e-008  -1.099474e-008  -6.211014e-009  -1.196857e-009  2.984329e-009  5.632549e-009  5.662750e-009  4.128725e-009  
-6.556290e-009  1.137095e-008  -2.656402e-009  6.190703e-009  -9.753282e-010  -4.673102e-009  6.380288e-009  8.357794e-010  -4.059881e-009  
1.746425e-008  -1.100795e-008  1.462951e-008  -6.549855e-009  2.561589e-009  6.933509e-009  -4.980530e-009  1.503775e-009  -7.183796e-009  
5.241782e-009  3.525343e-009  -4.765828e-010  1.215748e-008  -1.420322e-008  1.377961e-009  1.059674e-009  -1.675386e-009  3.486512e-010  
-4.257760e-009  1.107989e-008  -0.000000e+000  -3.754264e-009  -1.226759e-009  -4.372115e-009  -1.782634e-009  1.260346e-009  1.711292e-010  
1.536859e-011  -1.172689e-008  -0.000000e+000  -8.053883e-009  2.247056e-008  -2.283686e-009  1.284362e-009  -3.645683e-009  8.965115e-009  
-2.950138e-009  7.594930e-009  -0.000000e+000  1.483404e-008  -3.709161e-009  3.111407e-009  -3.621524e-009  1.359025e-009  4.377748e-009  
1.645910e-009  1.765052e-009  -0.000000e+000  1.501100e-009  -1.279577e-009  2.727750e-009  1.638075e-009  -1.171613e-009  -1.210402e-008  
2.852132e-009  2.895260e-010  -0.000000e+000  -4.442737e-009  -6.265402e-010  2.679389e-009  3.172600e-009  2.492899e-009  4.865390e-009  
-5.571037e-009  7.289460e-011  -0.000000e+000  2.303821e-009  9.638230e-009  4.706426e-009  3.734903e-009  5.768436e-009  4.329796e-009  
4.375414e-009  7.713071e-010  -0.000000e+000  3.246551e-009  -3.715714e-009  4.549542e-009  9.932329e-009  1.046636e-008  1.207742e-008  
-1.601890e-009  -1.867326e-009  -0.000000e+000  -9.207017e-010  -9.309560e-010  -2.835745e-009  -3.322313e-009  7.446952e-011  9.135874e-009  
-3.062423e-009  -5.312947e-010  -0.000000e+000  2.889503e-009  5.881630e-009  5.384509e-009  1.043197e-008  1.285312e-008  1.942656e-008  
2.647909e-009  2.950953e-009  -0.000000e+000  7.902843e-009  2.391019e-008  2.709572e-008  3.323618e-008  3.989795e-008  4.913235e-008  
2.305547e-009  -3.478090e-010  -0.000000e+000  1.208407e-008  1.659816e-008  4.614516e-008  6.528367e-008  7.876413e-008  9.679524e-008  
2.278966e-009  -3.566134e-009  -0.000000e+000  2.856229e-008  6.495451e-008  9.831524e-008  1.285767e-007  1.544660e-007  1.902254e-007  
-4.650349e-009  -1.601422e-009  -0.000000e+000  5.547636e-008  1.072465e-007  1.854824e-007  2.545283e-007  3.131173e-007  3.907722e-007  
-3.135757e-009  2.900403e-010  -0.000000e+000  1.054838e-007  2.071510e-007  3.608734e-007  4.994054e-007  6.188893e-007  7.868903e-007  
-7.295336e-010  3.271851e-009  -0.000000e+000  2.147345e-007  4.162233e-007  7.250507e-007  1.000063e-006  1.229791e-006  1.551153e-006  
3.861177e-009  -7.714908e-010  -0.000000e+000  4.175427e-007  8.381086e-007  1.436355e-006  1.980501e-006  2.443414e-006  3.095064e-006  
-2.523287e-009  3.808634e-010  -0.000000e+000  8.379667e-007  1.655063e-006  2.853219e-006  3.934849e-006  4.850459e-006  6.130969e-006  
3.010279e-009  -1.153179e-009  -0.000000e+000  1.632118e-006  3.227009e-006  5.581303e-006  7.693574e-006  9.475248e-006  1.196166e-005  
1.047604e-008  -7.726966e-009  -0.000000e+000  2.648396e-006  5.218579e-006  9.020467e-006  1.242634e-005  1.530284e-005  1.932036e-005  
-2.533691e-009  5.598853e-009  -0.000000e+000  3.339895e-006  6.647809e-006  1.145080e-005  1.577228e-005  1.942098e-005  2.452148e-005  
-1.053815e-008  9.876916e-009  -0.000000e+000  4.268727e-006  8.433917e-006  1.455629e-005  2.005982e-005  2.471568e-005  3.120251e-005  
2.154252e-009  -1.416547e-009  -0.000000e+000  5.431212e-006  1.073856e-005  1.854729e-005  2.556486e-005  3.147150e-005  3.974107e-005  
8.048919e-009  -9.038346e-009  -0.000000e+000  6.910453e-006  1.369919e-005  2.362954e-005  3.255135e-005  4.009792e-005  5.063381e-005  
1.321053e-010  -4.893111e-009  -0.000000e+000  8.833250e-006  1.744101e-005  3.012206e-005  4.149990e-005  5.111690e-005  6.454710e-005  
-6.070135e-009  3.299455e-009  -0.000000e+000  1.318191e-005  2.610237e-005  4.502336e-005  6.203632e-005  7.640372e-005  9.648384e-005  
3.141008e-010  -1.746303e-009  -0.000000e+000  2.528298e-005  5.002532e-005  8.633564e-005  1.189617e-004  1.465159e-004  1.850053e-004  
2.317893e-009  -1.493779e-009  -0.000000e+000  4.982864e-005  9.861383e-005  1.701569e-004  2.344508e-004  2.887579e-004  3.646278e-004  
-1.122176e-009  2.730102e-009  -0.000000e+000  9.794668e-005  1.938417e-004  3.344828e-004  4.608741e-004  5.676214e-004  7.167482e-004  
-1.223984e-009  -3.491350e-009  -0.000000e+000  1.887486e-004  3.735230e-004  6.445261e-004  8.880606e-004  1.093750e-003  1.381100e-003  
1.767072e-009  3.884506e-009  -0.000000e+000  3.017186e-004  5.970740e-004  1.030301e-003  1.419597e-003  1.748384e-003  2.207663e-003  
-4.221493e-009  1.601203e-009  -0.000000e+000  3.826189e-004  7.571731e-004  1.306546e-003  1.800202e-003  2.217129e-003  2.799492e-003  
6.959042e-009  1.126419e-008  -0.000000e+000  4.863934e-004  9.625787e-004  1.660923e-003  2.288455e-003  2.818415e-003  3.558626e-003  
-2.083181e-009  -5.514341e-009  -0.000000e+000  6.190712e-004  1.225115e-003  2.113936e-003  2.912571e-003  3.587001e-003  4.528868e-003  
9.146851e-009  8.512567e-009  -0.000000e+000  7.883598e-004  1.560106e-003  2.691909e-003  3.708828e-003  4.567502e-003  5.766453e-003  
3.623891e-009  -8.900249e-009  -0.000000e+000  1.004557e-003  1.987926e-003  3.430053e-003  4.725606e-003  5.819443e-003  7.346326e-003  
-7.300027e-009  2.031932e-009  -0.000000e+000  1.493786e-003  2.956006e-003  5.100078e-003  7.025842e-003  8.651275e-003  1.091883e-002  
1.395253e-009  1.232470e-009  -0.000000e+000  2.835486e-003  5.610577e-003  9.678029e-003  1.332830e-002  1.640607e-002  2.069017e-002  
1.270583e-009  1.004065e-009  -0.000000e+000  5.567914e-003  1.101474e-002  1.898895e-002  2.612914e-002  3.213248e-002  4.043908e-002  
2.549876e-009  -1.584375e-009  -0.000000e+000  1.096751e-002  2.168303e-002  3.732177e-002  5.124019e-002  6.285529e-002  7.867723e-002  
1.584637e-009  1.734354e-009  -0.000000e+000  2.193006e-002  4.328054e-002  7.416881e-002  1.012051e-001  1.233190e-001  1.522174e-001  
-4.469066e-009  -3.193669e-009  -0.000000e+000  4.575401e-002  8.983612e-002  1.519885e-001  2.038595e-001  2.439860e-001  2.906732e-001  
-3.220574e-009  1.855640e-009  -0.000000e+000  1.070339e-001  2.069247e-001  3.368087e-001  4.302935e-001  4.908622e-001  5.363031e-001  
1.038941e-008  -4.420874e-009  -0.000000e+000  3.203041e-001  5.943068e-001  8.657279e-001  9.714588e-001  9.812774e-001  8.832685e-001  
-3.901052e-009  7.793473e-009  -0.000000e+000  1.073874e+000  1.885134e+000  2.168735e+000  1.895842e+000  1.527983e+000  1.027911e+000  
2.437740e-009  -2.268685e-009  -0.000000e+000  2.270602e+000  4.074262e+000  3.607833e+000  2.547610e+000  1.738338e+000  9.894062e-001  
-6.171833e-009  7.153348e-009  -0.000000e+000  4.838195e+000  1.116007e+001  5.806511e+000  2.905222e+000  1.597158e+000  7.673771e-001  
5.208411e-010  1.382493e-009  -0.000000e+000  2.663446e+000  -0.000000e+000  2.552416e+000  1.498523e+000  8.461359e-001  3.908883e-001  
-9.615859e-009  -7.161696e-009  -0.000000e+000  -2.847037e-009  -0.000000e+000  9.962814e-009  -2.817616e-009  1.201682e-008  8.328844e-009  
1.728275e-008  -7.061651e-009  -0.000000e+000  -2.663446e+000  -0.000000e+000  -2.552416e+000  -1.498523e+000  -8.461359e-001  -3.908882e-001  
-5.276916e-009  -5.897896e-009  -0.000000e+000  -4.838195e+000  -1.116007e+001  -5.806511e+000  -2.905222e+000  -1.597158e+000  -7.673771e-001  
-5.423591e-009  6.498043e-009  -0.000000e+000  -2.270602e+000  -4.074262e+000  -3.607833e+000  -2.547610e+000  -1.738338e+000  -9.894062e-001  
-2.175429e-009  -3.519524e-009  -0.000000e+000  -1.073874e+000  -1.885134e+000  -2.168735e+000  -1.895842e+000  -1.527983e+000  -1.027911e+000  
-1.481178e-009  1.349668e-009  -0.000000e+000  -3.203041e-001  -5.943068e-001  -8.657279e-001  -9.714588e-001  -9.812774e-001  -8.832685e-001  
9.552756e-010  3.158751e-009  -0.000000e+000  -1.070339e-001  -2.069247e-001  -3.368087e-001  -4.302935e-001  -4.908622e-001  -5.363031e-001  
4.308819e-010  2.555739e-010  -0.000000e+000  -4.575401e-002  -8.983611e-002  -1.519885e-001  -2.038595e-001  -2.439860e-001  -2.906732e-001  
-8.132939e-010  -1.489062e-009  -0.000000e+000  -2.193006e-002  -4.328055e-002  -7.416880e-002  -1.012051e-001  -1.233189e-001  -1.522174e-001  
2.135058e-009  1.331647e-009  -0.000000e+000  -1.096751e-002  -2.168303e-002  -3.732177e-002  -5.124020e-002  -6.285530e-002  -7.867723e-002  
-1.223521e-009  -2.425891e-009  -0.000000e+000  -5.567919e-003  -1.101474e-002  -1.898896e-002  -2.612915e-002  -3.213249e-002  -4.043908e-002  
1.850968e-009  -7.617295e-010  -0.000000e+000  -2.835484e-003  -5.610580e-003  -9.678037e-003  -1.332831e-002  -1.640609e-002  -2.069018e-002  
-7.546958e-010  -3.323100e-009  -0.000000e+000  -1.493783e-003  -2.956005e-003  -5.100080e-003  -7.025843e-003  -8.651279e-003  -1.091883e-002  
-8.795186e-009  9.869019e-009  -0.000000e+000  -1.004572e-003  -1.987931e-003  -3.430042e-003  -4.725610e-003  -5.819447e-003  -7.346336e-003  
1.115998e-008  -9.096406e-009  -0.000000e+000  -7.883515e-004  -1.560107e-003  -2.691915e-003  -3.708833e-003  -4.567500e-003  -5.766454e-003  
-9.229913e-009  4.693299e-009  -0.000000e+000  -6.190737e-004  -1.225133e-003  -2.113940e-003  -2.912568e-003  -3.587001e-003  -4.528861e-003  
1.105767e-008  -4.393445e-009  -0.000000e+000  -4.864004e-004  -9.625500e-004  -1.660927e-003  -2.288460e-003  -2.818418e-003  -3.558624e-003  
-1.549263e-008  9.709963e-009  -0.000000e+000  -3.826171e-004  -7.571841e-004  -1.306548e-003  -1.800204e-003  -2.217134e-003  -2.799503e-003  
8.993229e-009  -9.215444e-009  -0.000000e+000  -3.017118e-004  -5.970983e-004  -1.030300e-003  -1.419604e-003  -1.748391e-003  -2.207681e-003  
-5.267230e-009  6.266116e-009  -0.000000e+000  -1.887432e-004  -3.735055e-004  -6.445205e-004  -8.880596e-004  -1.093753e-003  -1.381100e-003  
8.161123e-009  6.461954e-010  -0.000000e+000  -9.795111e-005  -1.938403e-004  -3.344842e-004  -4.608716e-004  -5.676217e-004  -7.167557e-004  
1.908662e-009  -3.260034e-009  -0.000000e+000  -4.982670e-005  -9.861638e-005  -1.701558e-004  -2.344525e-004  -2.887570e-004  -3.646352e-004  
-6.808871e-010  -5.715126e-010  -0.000000e+000  -2.528298e-005  -5.003211e-005  -8.633524e-005  -1.189565e-004  -1.465113e-004  -1.850037e-004  
-5.452025e-009  -3.106509e-009  -0.000000e+000  -1.318207e-005  -2.609176e-005  -4.502255e-005  -6.203945e-005  -7.640939e-005  -9.648238e-005  
-3.185247e-009  3.213581e-009  -0.000000e+000  -8.824717e-006  -1.744684e-005  -3.011712e-005  -4.149001e-005  -5.110761e-005  -6.453915e-005  
5.536148e-009  -3.492021e-009  -0.000000e+000  -6.916322e-006  -1.367732e-005  -2.361861e-005  -3.254716e-005  -4.008398e-005  -5.061892e-005  
1.430951e-009  1.400075e-009  -0.000000e+000  -5.418378e-006  -1.075297e-005  -1.853315e-005  -2.554044e-005  -3.145373e-005  -3.973106e-005  
-1.027289e-008  1.345741e-008  -0.000000e+000  -4.266401e-006  -8.441450e-006  -1.455422e-005  -2.004850e-005  -2.470095e-005  -3.119001e-005  
1.237800e-008  -8.033968e-009  -0.000000e+000  -3.349831e-006  -6.609646e-006  -1.144442e-005  -1.577274e-005  -1.941329e-005  -2.451398e-005  
-9.992602e-010  -1.455257e-009  -0.000000e+000  -2.645682e-006  -5.232995e-006  -9.018037e-006  -1.242527e-005  -1.530143e-005  -1.931220e-005  
-3.460331e-010  -6.361146e-010  -0.000000e+000  -1.637755e-006  -3.244605e-006  -5.584241e-006  -7.686417e-006  -9.466052e-006  -1.194359e-005  
-3.485578e-009  -1.332592e-009  -0.000000e+000  -8.356786e-007  -1.654417e-006  -2.860524e-006  -3.945388e-006  -4.858739e-006  -6.139327e-006  
-1.474289e-009  -1.100310e-010  -0.000000e+000  -4.206953e-007  -8.314430e-007  -1.439417e-006  -1.983303e-006  -2.442238e-006  -3.087449e-006  
4.712396e-009  8.678742e-010  -0.000000e+000  -2.126281e-007  -4.245878e-007  -7.208126e-007  -9.952448e-007  -1.232035e-006  -1.562567e-006  
-1.542062e-009  6.814386e-010  -0.000000e+000  -1.083506e-007  -2.105535e-007  -3.678671e-007  -5.067233e-007  -6.221673e-007  -7.788090e-007  
-1.428482e-009  -7.778844e-010  -0.000000e+000  -5.366835e-008  -1.066488e-007  -1.889308e-007  -2.561798e-007  -3.100413e-007  -3.859292e-007  
4.147866e-009  3.474019e-009  -0.000000e+000  -2.398336e-008  -5.401743e-008  -8.792999e-008  -1.225842e-007  -1.552213e-007  -2.049307e-007  
-3.760589e-009  2.132270e-010  -0.000000e+000  -1.911234e-008  -2.764712e-008  -4.699158e-008  -6.330004e-008  -7.663287e-008  -9.675712e-008  
4.028897e-010  -4.873132e-009  -0.000000e+000  -3.354199e-009  -1.613728e-008  -2.506077e-008  -3.463580e-008  -4.315078e-008  -5.505902e-008  
-1.910658e-009  4.118841e-009  -0.000000e+000  -4.488553e-010  6.714862e-009  -4.098005e-009  -1.116754e-008  -1.770417e-008  -2.320591e-008  
1.343121e-010  -4.749386e-009  -0.000000e+000  -3.658624e-009  -1.330483e-008  -1.525320e-009  4.184513e-010  8.079465e-010  -2.048663e-009  
2.053172e-009  1.998372e-009  -0.000000e+000  2.511009e-009  5.369090e-010  -7.403871e-009  -1.028420e-008  -1.062596e-008  -8.869474e-009  
-3.949942e-009  4.423768e-009  -0.000000e+000  -2.933480e-009  -9.772641e-010  -6.892231e-011  1.448585e-009  1.270819e-009  -1.043495e-009  
6.673384e-009  1.215332e-009  -0.000000e+000  -4.685056e-009  -3.916530e-009  -3.895127e-009  -3.435376e-009  -1.643753e-009  1.404613e-009  
-4.568130e-009  -3.006641e-009  -0.000000e+000  3.912419e-009  1.747946e-009  -4.706908e-009  -5.199259e-009  -7.303260e-009  -3.971717e-009  
4.387431e-009  -4.812703e-009  -0.000000e+000  -3.626093e-009  -2.847654e-009  1.253471e-009  -3.438253e-009  6.486250e-010  -2.107431e-009  
-3.392514e-009  6.107052e-009  -0.000000e+000  -5.418989e-009  1.146288e-009  -4.879811e-009  -1.822853e-009  2.444518e-009  -2.938611e-009  
6.551251e-009  7.613843e-010  -0.000000e+000  -2.470715e-009  -1.186124e-008  -4.150334e-010  -1.494048e-009  -9.006973e-009  -7.716687e-009  
7.611705e-009  -1.107902e-009  5.324338e-009  -2.183144e-009  1.278413e-008  -4.696311e-009  -1.095376e-008  -1.303959e-008  -1.240802e-008  
3.340879e-009  1.255139e-008  -8.981722e-009  1.351359e-008  -4.107372e-009  -6.367333e-009  -1.288656e-008  -1.391087e-008  -1.758119e-008  
7.599431e-009  -9.580812e-009  1.338117e-008  -8.466838e-010  3.923543e-010  -1.481409e-009  -6.450826e-009  -1.469792e-008  -1.245961e-008  
-8.728527e-009  -1.428249e-009  -5.682898e-009  -2.513048e-009  -1.013769e-009  2.693199e-010  1.162306e-009  1.581476e-009  1.856679e-009  
-0.000000e+000  -0.000000e+000  -0.000000e+000  -0.000000e+000  -0.000000e+000  -0.000000e+000  -0.000000e+000  -0.000000e+000  -0.000000e+000  

7.005848e-010  2.404127e-008  2.799477e-008  2.034402e-008  1.994027e-008  1.215271e-008  5.199576e-010  -4.640210e-009  -0.000000e+000  
1.197933e-009  -3.684354e-009  -5.078360e-009  -1.437840e-008  7.464010e-010  -2.346420e-010  -1.684619e-010  -1.796009e-009  -0.000000e+000  
-2.817777e-008  1.922572e-008  -1.997803e-008  -2.405036e-009  4.593125e-009  -1.240087e-008  5.676927e-009  5.276307e-010  -0.000000e+000  
1.848204e-008  -2.277870e-008  1.551121e-008  -1.769482e-008  -2.228734e-010  4.278299e-010  -1.509957e-009  4.750469e-009  -0.000000e+000  
2.135650e-008  -1.172898e-008  -4.153370e-009  2.654422e-008  -1.705178e-008  7.628354e-010  1.428371e-009  3.695117e-009  -0.000000e+000  
-4.628510e-009  3.075083e-009  9.522100e-010  2.242162e-008  -1.331474e-008  -1.983829e-009  -1.913482e-009  4.268749e-009  -0.000000e+000  
1.520899e-008  -1.767596e-008  1.529873e-008  -3.003359e-008  1.483271e-008  -5.741425e-009  3.821879e-009  -2.117394e-009  -0.000000e+000  
-2.704913e-009  -4.182865e-009  -9.936405e-009  2.463204e-009  7.534457e-009  2.151569e-009  -1.555614e-009  -3.529622e-009  -0.000000e+000  
-3.246427e-009  4.128717e-009  -1.641844e-008  1.558133e-008  -3.905932e-009  5.881095e-009  7.337705e-009  1.176701e-008  -0.000000e+000  
9.181475e-009  5.603778e-009  4.780307e-009  -3.882508e-009  -1.490596e-008  4.080822e-009  9.493424e-009  8.432737e-009  -0.000000e+000  
-1.812927e-008  5.909982e-009  -5.794905e-009  -3.924407e-008  1.579555e-009  7.907087e-009  3.698316e-009  1.113086e-008  -0.000000e+000  
-7.770497e-010  9.873039e-009  -2.224173e-008  -5.383068e-009  -2.520999e-008  -9.626566e-009  1.766797e-009  8.743637e-009  -0.000000e+000  
4.874616e-010  4.330031e-010  -1.876778e-008  -6.438685e-009  -2.032025e-008  -9.352534e-009  -1.033554e-008  -5.450819e-009  -0.000000e+000  
-1.169737e-008  -2.232968e-009  -3.501396e-008  -2.311372e-008  -2.064237e-008  -2.719007e-008  -1.953198e-008  -1.594339e-008  -0.000000e+000  
-1.313544e-008  1.272473e-008  -7.908437e-008  -1.070394e-007  -3.562353e-008  -5.113562e-008  -4.441327e-008  -3.164967e-008  -0.000000e+000  
-3.883132e-010  1.098719e-008  -1.517911e-007  -1.421255e-007  -1.419956e-007  -1.228550e-007  -9.632540e-008  -6.370842e-008  -0.000000e+000  
2.777618e-008  -6.989489e-009  -3.158277e-007  -3.442164e-007  -2.702035e-007  -2.388440e-007  -1.953014e-007  -1.262925e-007  -0.000000e+000  
1.308938e-008  -1.506439e-008  -6.360332e-007  -6.452354e-007  -5.637371e-007  -4.985257e-007  -4.154649e-007  -2.607602e-007  -0.000000e+000  
-3.443221e-009  -1.364590e-008  -1.249386e-006  -1.237898e-006  -1.141913e-006  -1.019320e-006  -8.632251e-007  -5.484496e-007  -0.000000e+000  
-2.275221e-008  2.831046e-009  -2.491707e-006  -2.411155e-006  -2.299729e-006  -2.051515e-006  -1.726676e-006  -1.100746e-006  -0.000000e+000  
-3.811441e-010  -9.865531e-010  -4.911622e-006  -4.838527e-006  -4.548143e-006  -4.092495e-006  -3.460933e-006  -2.216057e-006  -0.000000e+000  
-1.443165e-008  8.552186e-010  -9.756278e-006  -9.565639e-006  -9.041411e-006  -8.145147e-006  -6.889820e-006  -4.408763e-006  -0.000000e+000  
4.215666e-009  -4.556996e-009  -1.853807e-005  -1.814993e-005  -1.724706e-005  -1.550667e-005  -1.309884e-005  -8.371551e-006  -0.000000e+000  
3.505456e-008  -1.825361e-008  -2.390808e-005  -2.336836e-005  -2.224418e-005  -1.998388e-005  -1.687922e-005  -1.078594e-005  -0.000000e+000  
2.126332e-008  -8.324657e-009  -3.068409e-005  -3.006852e-005  -2.855917e-005  -2.566281e-005  -2.167305e-005  -1.384988e-005  -0.000000e+000  
-1.333270e-008  9.103143e-009  -3.933568e-005  -3.851490e-005  -3.660375e-005  -3.289143e-005  -2.778526e-005  -1.774533e-005  -0.000000e+000  
-7.287674e-009  6.620937e-009  -5.029250e-005  -4.922544e-005  -4.681318e-005  -4.206319e-005  -3.550685e-005  -2.268689e-005  -0.000000e+000  
2.151487e-008  -9.288258e-009  -6.423112e-005  -6.291263e-005  -5.979518e-005  -5.372290e-005  -4.536448e-005  -2.898022e-005  -0.000000e+000  
3.001944e-008  -1.793855e-008  -8.203444e-005  -8.027426e-005  -7.636283e-005  -6.858580e-005  -5.792224e-005  -3.699920e-005  -0.000000e+000  
-1.096677e-008  -2.824581e-009  -1.509457e-004  -1.478120e-004  -1.404823e-004  -1.262122e-004  -1.065740e-004  -6.808714e-005  -0.000000e+000  
-1.218370e-009  -1.146115e-008  -2.940873e-004  -2.879115e-004  -2.737310e-004  -2.458921e-004  -2.076176e-004  -1.326202e-004  -0.000000e+000  
1.691997e-008  -1.882690e-008  -5.758420e-004  -5.637871e-004  -5.359518e-004  -4.814339e-004  -4.065000e-004  -2.596504e-004  -0.000000e+000  
-1.353719e-009  -5.304632e-009  -1.128927e-003  -1.105333e-003  -1.050720e-003  -9.438120e-004  -7.968660e-004  -5.089668e-004  -0.000000e+000  
8.574551e-009  -2.127520e-008  -2.110507e-003  -2.066349e-003  -1.964230e-003  -1.764283e-003  -1.489549e-003  -9.513423e-004  -0.000000e+000  
5.005401e-009  -1.441813e-008  -2.714505e-003  -2.657679e-003  -2.526362e-003  -2.269122e-003  -1.915733e-003  -1.223491e-003  -0.000000e+000  
-4.808711e-009  -1.156407e-008  -3.480001e-003  -3.407132e-003  -3.238776e-003  -2.908909e-003  -2.455830e-003  -1.568355e-003  -0.000000e+000  
-1.205406e-008  8.303345e-009  -4.452504e-003  -4.359332e-003  -4.143804e-003  -3.721670e-003  -3.141903e-003  -2.006400e-003  -0.000000e+000  
-6.297345e-009  -1.366833e-009  -5.685550e-003  -5.566580e-003  -5.291272e-003  -4.752068e-003  -4.011641e-003  -2.561632e-003  -0.000000e+000  
-5.189827e-009  1.358434e-008  -7.254685e-003  -7.102851e-003  -6.751416e-003  -6.063164e-003  -5.118191e-003  -3.267912e-003  -0.000000e+000  
1.582222e-008  -2.032324e-009  -9.252685e-003  -9.058981e-003  -8.610559e-003  -7.732280e-003  -6.526755e-003  -4.166718e-003  -0.000000e+000  
-2.420936e-008  7.018095e-009  -1.680376e-002  -1.645160e-002  -1.563567e-002  -1.403800e-002  -1.184658e-002  -7.559350e-003  -0.000000e+000  
-2.342298e-008  1.307924e-008  -3.248816e-002  -3.180470e-002  -3.021976e-002  -2.711820e-002  -2.287097e-002  -1.457570e-002  -0.000000e+000  
-2.210722e-008  1.802930e-008  -6.320442e-002  -6.186038e-002  -5.873995e-002  -5.264455e-002  -4.433031e-002  -2.816009e-002  -0.000000e+000  
-2.702874e-009  1.029085e-008  -1.234958e-001  -1.207903e-001  -1.145026e-001  -1.022817e-001  -8.578017e-002  -5.403541e-002  -0.000000e+000  
-3.360004e-009  1.881615e-008  -2.433977e-001  -2.376175e-001  -2.241876e-001  -1.984721e-001  -1.646799e-001  -1.015110e-001  -0.000000e+000  
-9.337744e-009  3.093844e-009  -4.910655e-001  -4.766878e-001  -4.435057e-001  -3.827800e-001  -3.085707e-001  -1.797775e-001  -0.000000e+000  
-3.317358e-008  1.214774e-008  -1.058862e+000  -1.009062e+000  -8.972383e-001  -7.168350e-001  -5.323304e-001  -2.657029e-001  -0.000000e+000  
3.017995e-008  -7.552340e-009  -2.554527e+000  -2.300401e+000  -1.752446e+000  -1.088039e+000  -6.160605e-001  -1.697291e-001  -0.000000e+000  
1.048072e-008  6.174904e-009  -4.458474e+000  -3.753385e+000  -2.121305e+000  -8.240662e-001  -2.349450e-001  7.110360e-002  -0.000000e+000  
1.843127e-008  2.188977e-009  -8.429774e+000  -6.926238e+000  -1.667480e+000  3.119160e-001  6.365659e-001  4.393368e-001  -0.000000e+000  
-3.934342e-009  1.477531e-008  -1.681231e+001  -1.824926e+001  6.817874e+000  3.500390e+000  2.067964e+000  8.517836e-001  -0.000000e+000  
-5.041313e-009  1.660493e-008  -2.032380e+001  -2.236121e+001  7.387906e+000  4.377206e+000  2.611008e+000  1.024349e+000  -0.000000e+000  
-8.167649e-009  7.032941e-009  -2.032380e+001  -2.236121e+001  7.387906e+000  4.377206e+000  2.611008e+000  1.024349e+000  -0.000000e+000  
2.300137e-008  -2.423198e-009  -1.681231e+001  -1.824926e+001  6.817874e+000  3.500390e+000  2.067964e+000  8.517836e-001  -0.000000e+000  
2.402673e-008  -1.277844e-008  -8.429774e+000  -6.926238e+000  -1.667480e+000  3.119160e-001  6.365659e-001  4.393368e-001  -0.000000e+000  
4.029553e-009  -1.391924e-009  -4.458474e+000  -3.753385e+000  -2.121305e+000  -8.240662e-001  -2.349450e-001  7.110359e-002  -0.000000e+000  
6.276018e-009  -7.595340e-009  -2.554527e+000  -2.300402e+000  -1.752446e+000  -1.088039e+000  -6.160605e-001  -1.697291e-001  -0.000000e+000  
-5.884834e-009  -1.561945e-009  -1.058862e+000  -1.009062e+000  -8.972383e-001  -7.168350e-001  -5.323305e-001  -2.657029e-001  -0.000000e+000  
-1.621980e-008  1.394251e-008  -4.910656e-001  -4.766878e-001  -4.435057e-001  -3.827800e-001  -3.085707e-001  -1.797775e-001  -0.000000e+000  
-1.533882e-008  1.521964e-008  -2.433977e-001  -2.376176e-001  -2.241876e-001  -1.984721e-001  -1.646799e-001  -1.015110e-001  -0.000000e+000  
-1.218014e-008  7.889620e-009  -1.234958e-001  -1.207903e-001  -1.145026e-001  -1.022818e-001  -8.578019e-002  -5.403543e-002  -0.000000e+000  
-8.433211e-009  1.448739e-008  -6.320443e-002  -6.186038e-002  -5.873999e-002  -5.264457e-002  -4.433033e-002  -2.816011e-002  -0.000000e+000  
-2.815453e-009  2.592399e-009  -3.248814e-002  -3.180473e-002  -3.021977e-002  -2.711822e-002  -2.287100e-002  -1.457571e-002  -0.000000e+000  
9.470567e-009  -1.161204e-009  -1.680375e-002  -1.645159e-002  -1.563567e-002  -1.403801e-002  -1.184659e-002  -7.559377e-003  -0.000000e+000  
2.047387e-008  -1.601154e-008  -9.252690e-003  -9.058974e-003  -8.610549e-003  -7.732295e-003  -6.526763e-003  -4.166740e-003  -0.000000e+000  
-1.088077e-008  1.338748e-009  -7.254665e-003  -7.102862e-003  -6.751424e-003  -6.063162e-003  -5.118200e-003  -3.267931e-003  -0.000000e+000  
2.314211e-008  -1.462242e-008  -5.685543e-003  -5.566575e-003  -5.291275e-003  -4.752066e-003  -4.011658e-003  -2.561649e-003  -0.000000e+000  
-2.238693e-010  -6.388232e-009  -4.452493e-003  -4.359299e-003  -4.143822e-003  -3.721676e-003  -3.141916e-003  -2.006419e-003  -0.000000e+000  
2.581200e-008  -1.412996e-008  -3.479978e-003  -3.407161e-003  -3.238757e-003  -2.908914e-003  -2.455844e-003  -1.568377e-003  -0.000000e+000  
-1.669897e-008  2.985443e-009  -2.714485e-003  -2.657685e-003  -2.526352e-003  -2.269128e-003  -1.915742e-003  -1.223510e-003  -0.000000e+000  
1.396932e-008  -1.326159e-008  -2.110499e-003  -2.066301e-003  -1.964249e-003  -1.764279e-003  -1.489557e-003  -9.513555e-004  -0.000000e+000  
-3.655863e-008  1.541559e-008  -1.128941e-003  -1.105336e-003  -1.050703e-003  -9.437925e-004  -7.968636e-004  -5.089815e-004  -0.000000e+000  
-8.532605e-010  1.871285e-008  -5.758331e-004  -5.638174e-004  -5.359243e-004  -4.814258e-004  -4.064881e-004  -2.596542e-004  -0.000000e+000  
2.362439e-008  2.551517e-009  -2.940869e-004  -2.879191e-004  -2.737142e-004  -2.458746e-004  -2.076132e-004  -1.326113e-004  -0.000000e+000  
2.305009e-008  -2.742392e-010  -1.509450e-004  -1.477865e-004  -1.404878e-004  -1.262095e-004  -1.065674e-004  -6.807325e-005  -0.000000e+000  
1.272041e-008  -1.454569e-008  -8.203198e-005  -8.029595e-005  -7.633906e-005  -6.857086e-005  -5.790780e-005  -3.699443e-005  -0.000000e+000  
1.875292e-009  -8.849418e-009  -6.424322e-005  -6.290935e-005  -5.978325e-005  -5.371340e-005  -4.534924e-005  -2.897474e-005  -0.000000e+000  
1.710024e-008  -1.501660e-008  -5.029444e-005  -4.927001e-005  -4.678901e-005  -4.204607e-005  -3.550251e-005  -2.268191e-005  -0.000000e+000  
1.716713e-008  -1.249132e-008  -3.935988e-005  -3.851264e-005  -3.661157e-005  -3.288589e-005  -2.777354e-005  -1.773644e-005  -0.000000e+000  
-2.302985e-008  1.129008e-008  -3.071263e-005  -3.004950e-005  -2.857802e-005  -2.566780e-005  -2.166529e-005  -1.383992e-005  -0.000000e+000  
1.154394e-008  -2.857085e-009  -2.391990e-005  -2.343308e-005  -2.222780e-005  -1.998151e-005  -1.688082e-005  -1.077596e-005  -0.000000e+000  
1.226009e-008  -5.415782e-009  -1.855530e-005  -1.818571e-005  -1.725018e-005  -1.550329e-005  -1.310117e-005  -8.365162e-006  -0.000000e+000  
1.354649e-008  -8.380619e-009  -9.750750e-006  -9.549611e-006  -9.090756e-006  -8.173945e-006  -6.899799e-006  -4.415172e-006  -0.000000e+000  
3.076257e-009  -1.516249e-008  -4.917526e-006  -4.814610e-006  -4.572461e-006  -4.111545e-006  -3.478807e-006  -2.223035e-006  -0.000000e+000  
-3.525130e-009  -1.579365e-008  -2.482325e-006  -2.435903e-006  -2.293392e-006  -2.071871e-006  -1.757818e-006  -1.117591e-006  -0.000000e+000  
1.499691e-008  -1.143859e-008  -1.252541e-006  -1.213120e-006  -1.177529e-006  -1.042848e-006  -8.728171e-007  -5.525794e-007  -0.000000e+000  
4.204180e-009  -8.064399e-009  -6.255510e-007  -6.183225e-007  -5.884548e-007  -5.216704e-007  -4.386076e-007  -2.819578e-007  -0.000000e+000  
1.036173e-009  -1.205248e-008  -3.129485e-007  -3.101254e-007  -2.809451e-007  -2.669246e-007  -2.329757e-007  -1.497822e-007  -0.000000e+000  
4.332369e-009  5.501170e-009  -1.706506e-007  -1.384732e-007  -1.501285e-007  -1.360628e-007  -1.117813e-007  -6.651735e-008  -0.000000e+000  
-1.483763e-008  6.555261e-009  -6.483189e-008  -8.508309e-008  -7.760239e-008  -7.441110e-008  -6.129986e-008  -3.228692e-008  -0.000000e+000  
1.063700e-008  -1.801563e-008  -4.146708e-008  -1.542160e-008  -4.281194e-008  -3.828225e-008  -2.952043e-008  -1.210723e-008  -0.000000e+000  
-1.846557e-008  2.738594e-009  -3.504969e-008  -4.654307e-008  -4.324489e-009  -1.212537e-008  -5.596596e-009  -2.145979e-009  -0.000000e+000  
5.117136e-009  -2.122551e-008  -1.663113e-008  1.303414e-009  -4.154260e-008  -1.789784e-008  -6.450569e-009  2.369630e-009  -0.000000e+000  
5.449972e-009  -1.109746e-008  -2.782240e-008  1.214492e-008  -1.530554e-008  -8.177560e-009  -5.067719e-009  -1.821012e-010  -0.000000e+000  
-3.494148e-008  1.120498e-008  -1.376467e-008  2.063417e-009  -1.867568e-008  -1.356481e-008  -5.010667e-009  2.844784e-009  -0.000000e+000  
-8.599035e-009  1.737551e-008  8.086950e-009  -2.938779e-009  -1.992433e-008  -1.611399e-008  -1.176765e-008  -2.462496e-009  -0.000000e+000  
-1.564557e-008  3.196622e-009  -9.847202e-009  6.997268e-009  -7.372455e-010  -1.463801e-008  -5.515212e-009  -7.038752e-009  -0.000000e+000  
-6.387202e-011  -5.302904e-009  -3.799538e-009  5.516179e-009  -5.465623e-009  -9.482749e-009  -1.014031e-008  -5.619381e-009  -0.000000e+000  
-1.616903e-008  5.503315e-009  5.310672e-009  -6.056551e-009  1.060719e-009  -1.299953e-008  -1.498967e-008  -2.884659e-009  -0.000000e+000  
-6.359556e-009  4.827553e-009  6.613775e-009  1.005078e-008  -1.199130e-008  -1.194781e-008  -6.642817e-009  -3.612596e-009  -0.000000e+000  
7.953228e-009  -7.658584e-009  2.552431e-008  -1.513931e-008  6.908161e-009  -5.233278e-009  -4.478526e-009  -4.022366e-009  -0.000000e+000  
-7.147589e-009  2.766852e-008  -1.223269e-008  1.435572e-008  9.297665e-009  1.784229e-009  -3.431283e-009  -2.336425e-009  -0.000000e+000  
2.104392e-008  -9.955546e-009  1.161316e-008  1.225938e-008  1.132816e-008  7.154762e-009  5.435318e-009  -3.560499e-009  -0.000000e+000  
-2.724805e-008  1.797234e-008  -1.007009e-008  1.793062e-009  5.386204e-009  2.933123e-009  3.412920e-009  -4.205093e-009  -0.000000e+000  

0.000000e+000  0.000000e+000  0.000000e+000  0.000000e+000  0.000000e+000  0.000000e+000  0.000000e+000  0.000000e+000  0.000000e+000  
0.000000e+000  0.000000e+000  0.000000e+000  0.000000e+000  0.000000e+000  0.000000e+000  0.000000e+000  0.000000e+000  0.000000e+000  
0.000000e+000  0.000000e+000  0.000000e+000  0.000000e+000  0.000000e+000  0.000000e+000  0.000000e+000  0.000000e+000  0.000000e+000  
0.000000e+000  0.000000e+000  0.000000e+000  0.000000e+000  0.000000e+000  0.000000e+000  0.000000e+000  0.000000e+000  0.000000e+000  
0.000000e+000  0.000000e+000  0.000000e+000  0.000000e+000  0.000000e+000  0.000000e+000  0.000000e+000  0.000000e+000  0.000000e+000  
0.000000e+000  0.000000e+000  0.000000e+000  0.000000e+000  0.000000e+000  0.000000e+000  0.000000e+000  0.000000e+000  0.000000e+000  
0.000000e+000  0.000000e+000  0.000000e+000  0.000000e+000  0.000000e+000  0.000000e+000  0.000000e+000  0.000000e+000  0.000000e+000  
0.000000e+000  0.000000e+000  0.000000e+000  0.000000e+000  0.000000e+000  0.000000e+000  0.000000e+000  0.000000e+000  0.000000e+000  
0.000000e+000  0.000000e+000  0.000000e+000  0.000000e+000  0.000000e+000  0.000000e+000  0.000000e+000  0.000000e+000  0.000000e+000  
0.000000e+000  0.000000e+000  0.000000e+000  0.000000e+000  0.000000e+000  0.000000e+000  0.000000e+000  0.000000e+000  0.000000e+000  
0.000000e+000  0.000000e+000  0.000000e+000  0.000000e+000  0.000000e+000  0.000000e+000  0.000000e+000  0.000000e+000  0.000000e+000  
0.000000e+000  0.000000e+000  0.000000e+000  0.000000e+000  0.000000e+000  0.000000e+000  0.000000e+000  0.000000e+000  0.000000e+000  
0.000000e+000  0.000000e+000  0.000000e+000  0.000000e+000  0.000000e+000  0.000000e+000  0.000000e+000  0.000000e+000  0.000000e+000  
0.000000e+000  0.000000e+000  0.000000e+000  0.000000e+000  0.000000e+000  0.000000e+000  0.000000e+000  0.000000e+000  0.000000e+000  
0.000000e+000  0.000000e+000  0.000000e+000  0.000000e+000  0.000000e+000  0.000000e+000  0.000000e+000  0.000000e+000  0.000000e+000  
0.000000e+000  0.000000e+000  0.000000e+000  0.000000e+000  0.000000e+000  0.000000e+000  0.000000e+000  0.000000e+000  0.000000e+000  
0.000000e+000  0.000000e+000  0.000000e+000  0.000000e+000  0.000000e+000  0.000000e+000  0.000000e+000  0.000000e+000  0.000000e+000  
0.000000e+000  0.000000e+000  0.000000e+000  0.000000e+000  0.000000e+000  0.000000e+000  0.000000e+000  0.000000e+000  0.000000e+000  
0.000000e+000  0.000000e+000  0.000000e+000  0.000000e+000  0.000000e+000  0.000000e+000  0.000000e+000  0.000000e+000  0.000000e+000  
0.000000e+000  0.000000e+000  0.000000e+000  0.000000e+000  0.000000e+000  0.000000e+000  0.000000e+000  0.000000e+000  0.000000e+000  
0.000000e+000  0.000000e+000  0.000000e+000  0.000000e+000  0.000000e+000  0.000000e+000  0.000000e+000  0.000000e+000  0.000000e+000  
0.000000e+000  0.000000e+000  0.000000e+000  0.000000e+000  0.000000e+000  0.000000e+000  0.000000e+000  0.000000e+000  0.000000e+000  
0.000000e+000  0.000000e+000  0.000000e+000  0.000000e+000  0.000000e+000  0.000000e+000  0.000000e+000  0.000000e+000  0.000000e+000  
0.000000e+000  0.000000e+000  0.000000e+000  0.000000e+000  0.000000e+000  0.000000e+000  0.000000e+000  0.000000e+000  0.000000e+000  
0.000000e+000  0.000000e+000  0.000000e+000  0.000000e+000  0.000000e+000  0.000000e+000  0.000000e+000  0.000000e+000  0.000000e+000  
0.000000e+000  0.000000e+000  0.000000e+000  0.000000e+000  0.000000e+000  0.000000e+000  0.000000e+000  0.000000e+000  0.000000e+000  
0.000000e+000  0.000000e+000  0.000000e+000  0.000000e+000  0.000000e+000  0.000000e+000  0.000000e+000  0.000000e+000  0.000000e+000  
0.000000e+000  0.000000e+000  0.000000e+000  0.000000e+000  0.000000e+000  0.000000e+000  0.000000e+000  0.000000e+000  0.000000e+000  
0.000000e+000  0.000000e+000  0.000000e+000  0.000000e+000  0.000000e+000  0.000000e+000  0.000000e+000  0.000000e+000  0.000000e+000  
0.000000e+000  0.000000e+000  0.000000e+000  0.000000e+000  0.000000e+000  0.000000e+000  0.000000e+000  0.000000e+000  0.000000e+000  
0.000000e+000  0.000000e+000  0.000000e+000  0.000000e+000  0.000000e+000  0.000000e+000  0.000000e+000  0.000000e+000  0.000000e+000  
0.000000e+000  0.000000e+000  0.000000e+000  0.000000e+000  0.000000e+000  0.000000e+000  0.000000e+000  0.000000e+000  0.000000e+000  
0.000000e+000  0.000000e+000  0.000000e+000  0.000000e+000  0.000000e+000  0.000000e+000  0.000000e+000  0.000000e+000  0.000000e+000  
0.000000e+000  0.000000e+000  0.000000e+000  0.000000e+000  0.000000e+000  0.000000e+000  0.000000e+000  0.000000e+000  0.000000e+000  
0.000000e+000  0.000000e+000  0.000000e+000  0.000000e+000  0.000000e+000  0.000000e+000  0.000000e+000  0.000000e+000  0.000000e+000  
0.000000e+000  0.000000e+000  0.000000e+000  0.000000e+000  0.000000e+000  0.000000e+000  0.000000e+000  0.000000e+000  0.000000e+000  
0.000000e+000  0.000000e+000  0.000000e+000  0.000000e+000  0.000000e+000  0.000000e+000  0.000000e+000  0.000000e+000  0.000000e+000  
0.000000e+000  0.000000e+000  0.000000e+000  0.000000e+000  0.000000e+000  0.000000e+000  0.000000e+000  0.000000e+000  0.000000e+000  
0.000000e+000  0.000000e+000  0.000000e+000  0.000000e+000  0.000000e+000  0.000000e+000  0.000000e+000  0.000000e+000  0.000000e+000  
0.000000e+000  0.000000e+000  0.000000e+000  0.000000e+000  0.000000e+000  0.000000e+000  0.000000e+000  0.000000e+000  0.000000e+000  
0.000000e+000  0.000000e+000  0.000000e+000  0.000000e+000  0.000000e+000  0.000000e+000  0.000000e+000  0.000000e+000  0.000000e+000  
0.000000e+000  0.000000e+000  0.000000e+000  0.000000e+000  0.000000e+000  0.000000e+000  0.000000e+000  0.000000e+000  0.000000e+000  
0.000000e+000  0.000000e+000  0.000000e+000  0.000000e+000  0.000000e+000  0.000000e+000  0.000000e+000  0.000000e+000  0.000000e+000  
0.000000e+000  0.000000e+000  0.000000e+000  0.000000e+000  0.000000e+000  0.000000e+000  0.000000e+000  0.000000e+000  0.000000e+000  
0.000000e+000  0.000000e+000  0.000000e+000  0.000000e+000  0.000000e+000  0.000000e+000  0.000000e+000  0.000000e+000  0.000000e+000  
0.000000e+000  0.000000e+000  0.000000e+000  0.000000e+000  0.000000e+000  0.000000e+000  0.000000e+000  0.000000e+000  0.000000e+000  
0.000000e+000  0.000000e+000  0.000000e+000  0.000000e+000  0.000000e+000  0.000000e+000  0.000000e+000  0.000000e+000  0.000000e+000  
0.000000e+000  0.000000e+000  0.000000e+000  0.000000e+000  0.000000e+000  0.000000e+000  0.000000e+000  0.000000e+000  0.000000e+000  
0.000000e+000  0.000000e+000  0.000000e+000  0.000000e+000  0.000000e+000  0.000000e+000  0.000000e+000  0.000000e+000  0.000000e+000  
0.000000e+000  0.000000e+000  0.000000e+000  0.000000e+000  0.000000e+000  0.000000e+000  0.000000e+000  0.000000e+000  0.000000e+000  
0.000000e+000  0.000000e+000  0.000000e+000  0.000000e+000  0.000000e+000  0.000000e+000  0.000000e+000  0.000000e+000  0.000000e+000  
0.000000e+000  0.000000e+000  0.000000e+000  0.000000e+000  0.000000e+000  0.000000e+000  0.000000e+000  0.000000e+000  0.000000e+000  
0.000000e+000  0.000000e+000  0.000000e+000  0.000000e+000  0.000000e+000  0.000000e+000  0.000000e+000  0.000000e+000  0.000000e+000  
0.000000e+000  0.000000e+000  0.000000e+000  0.000000e+000  0.000000e+000  0.000000e+000  0.000000e+000  0.000000e+000  0.000000e+000  
0.000000e+000  0.000000e+000  0.000000e+000  0.000000e+000  0.000000e+000  0.000000e+000  0.000000e+000  0.000000e+000  0.000000e+000  
0.000000e+000  0.000000e+000  0.000000e+000  0.000000e+000  0.000000e+000  0.000000e+000  0.000000e+000  0.000000e+000  0.000000e+000  
0.000000e+000  0.000000e+000  0.000000e+000  0.000000e+000  0.000000e+000  0.000000e+000  0.000000e+000  0.000000e+000  0.000000e+000  
0.000000e+000  0.000000e+000  0.000000e+000  0.000000e+000  0.000000e+000  0.000000e+000  0.000000e+000  0.000000e+000  0.000000e+000  
0.000000e+000  0.000000e+000  0.000000e+000  0.000000e+000  0.000000e+000  0.000000e+000  0.000000e+000  0.000000e+000  0.000000e+000  
0.000000e+000  0.000000e+000  0.000000e+000  0.000000e+000  0.000000e+000  0.000000e+000  0.000000e+000  0.000000e+000  0.000000e+000  
0.000000e+000  0.000000e+000  0.000000e+000  0.000000e+000  0.000000e+000  0.000000e+000  0.000000e+000  0.000000e+000  0.000000e+000  
0.000000e+000  0.000000e+000  0.000000e+000  0.000000e+000  0.000000e+000  0.000000e+000  0.000000e+000  0.000000e+000  0.000000e+000  
0.000000e+000  0.000000e+000  0.000000e+000  0.000000e+000  0.000000e+000  0.000000e+000  0.000000e+000  0.000000e+000  0.000000e+000  
0.000000e+000  0.000000e+000  0.000000e+000  0.000000e+000  0.000000e+000  0.000000e+000  0.000000e+000  0.000000e+000  0.000000e+000  
0.000000e+000  0.000000e+000  0.000000e+000  0.000000e+000  0.000000e+000  0.000000e+000  0.000000e+000  0.000000e+000  0.000000e+000  
0.000000e+000  0.000000e+000  0.000000e+000  0.000000e+000  0.000000e+000  0.000000e+000  0.000000e+000  0.000000e+000  0.000000e+000  
0.000000e+000  0.000000e+000  0.000000e+000  0.000000e+000  0.000000e+000  0.000000e+000  0.000000e+000  0.000000e+000  0.000000e+000  
0.000000e+000  0.000000e+000  0.000000e+000  0.000000e+000  0.000000e+000  0.000000e+000  0.000000e+000  0.000000e+000  0.000000e+000  
0.000000e+000  0.000000e+000  0.000000e+000  0.000000e+000  0.000000e+000  0.000000e+000  0.000000e+000  0.000000e+000  0.000000e+000  
0.000000e+000  0.000000e+000  0.000000e+000  0.000000e+000  0.000000e+000  0.000000e+000  0.000000e+000  0.000000e+000  0.000000e+000  
0.000000e+000  0.000000e+000  0.000000e+000  0.000000e+000  0.000000e+000  0.000000e+000  0.000000e+000  0.000000e+000  0.000000e+000  
0.000000e+000  0.000000e+000  0.000000e+000  0.000000e+000  0.000000e+000  0.000000e+000  0.000000e+000  0.000000e+000  0.000000e+000  
0.000000e+000  0.000000e+000  0.000000e+000  0.000000e+000  0.000000e+000  0.000000e+000  0.000000e+000  0.000000e+000  0.000000e+000  
0.000000e+000  0.000000e+000  0.000000e+000  0.000000e+000  0.000000e+000  0.000000e+000  0.000000e+000  0.000000e+000  0.000000e+000  
0.000000e+000  0.000000e+000  0.000000e+000  0.000000e+000  0.000000e+000  0.000000e+000  0.000000e+000  0.000000e+000  0.000000e+000  
0.000000e+000  0.000000e+000  0.000000e+000  0.000000e+000  0.000000e+000  0.000000e+000  0.000000e+000  0.000000e+000  0.000000e+000  
0.000000e+000  0.000000e+000  0.000000e+000  0.000000e+000  0.000000e+000  0.000000e+000  0.000000e+000  0.000000e+000  0.000000e+000  
0.000000e+000  0.000000e+000  0.000000e+000  0.000000e+000  0.000000e+000  0.000000e+000  0.000000e+000  0.000000e+000  0.000000e+000  
0.000000e+000  0.000000e+000  0.000000e+000  0.000000e+000  0.000000e+000  0.000000e+000  0.000000e+000  0.000000e+000  0.000000e+000  
0.000000e+000  0.000000e+000  0.000000e+000  0.000000e+000  0.000000e+000  0.000000e+000  0.000000e+000  0.000000e+000  0.000000e+000  
0.000000e+000  0.000000e+000  0.000000e+000  0.000000e+000  0.000000e+000  0.000000e+000  0.000000e+000  0.000000e+000  0.000000e+000  
0.000000e+000  0.000000e+000  0.000000e+000  0.000000e+000  0.000000e+000  0.000000e+000  0.000000e+000  0.000000e+000  0.000000e+000  
0.000000e+000  0.000000e+000  0.000000e+000  0.000000e+000  0.000000e+000  0.000000e+000  0.000000e+000  0.000000e+000  0.000000e+000  
0.000000e+000  0.000000e+000  0.000000e+000  0.000000e+000  0.000000e+000  0.000000e+000  0.000000e+000  0.000000e+000  0.000000e+000  
0.000000e+000  0.000000e+000  0.000000e+000  0.000000e+000  0.000000e+000  0.000000e+000  0.000000e+000  0.000000e+000  0.000000e+000  
0.000000e+000  0.000000e+000  0.000000e+000  0.000000e+000  0.000000e+000  0.000000e+000  0.000000e+000  0.000000e+000  0.000000e+000  
0.000000e+000  0.000000e+000  0.000000e+000  0.000000e+000  0.000000e+000  0.000000e+000  0.000000e+000  0.000000e+000  0.000000e+000  
0.000000e+000  0.000000e+000  0.000000e+000  0.000000e+000  0.000000e+000  0.000000e+000  0.000000e+000  0.000000e+000  0.000000e+000  
0.000000e+000  0.000000e+000  0.000000e+000  0.000000e+000  0.000000e+000  0.000000e+000  0.000000e+000  0.000000e+000  0.000000e+000  
0.000000e+000  0.000000e+000  0.000000e+000  0.000000e+000  0.000000e+000  0.000000e+000  0.000000e+000  0.000000e+000  0.000000e+000  
0.000000e+000  0.000000e+000  0.000000e+000  0.000000e+000  0.000000e+000  0.000000e+000  0.000000e+000  0.000000e+000  0.000000e+000  
0.000000e+000  0.000000e+000  0.000000e+000  0.000000e+000  0.000000e+000  0.000000e+000  0.000000e+000  0.000000e+000  0.000000e+000  
0.000000e+000  0.000000e+000  0.000000e+000  0.000000e+000  0.000000e+000  0.000000e+000  0.000000e+000  0.000000e+000  0.000000e+000  
0.000000e+000  0.000000e+000  0.000000e+000  0.000000e+000  0.000000e+000  0.000000e+000  0.000000e+000  0.000000e+000  0.000000e+000  
0.000000e+000  0.000000e+000  0.000000e+000  0.000000e+000  0.000000e+000  0.000000e+000  0.000000e+000  0.000000e+000  0.000000e+000  
0.000000e+000  0.000000e+000  0.000000e+000  0.000000e+000  0.000000e+000  0.000000e+000  0.000000e+000  0.000000e+000  0.000000e+000  
0.000000e+000  0.000000e+000  0.000000e+000  0.000000e+000  0.000000e+000  0.000000e+000  0.000000e+000  0.000000e+000  0.000000e+000  
0.000000e+000  0.000000e+000  0.000000e+000  0.000000e+000  0.000000e+000  0.000000e+000  0.000000e+000  0.000000e+000  0.000000e+000  
0.000000e+000  0.000000e+000  0.000000e+000  0.000000e+000  0.000000e+000  0.000000e+000  0.000000e+000  0.000000e+000  0.000000e+000  
0.000000e+000  0.000000e+000  0.000000e+000  0.000000e+000  0.000000e+000  0.000000e+000  0.000000e+000  0.000000e+000  0.000000e+000  
0.000000e+000  0.000000e+000  0.000000e+000  0.000000e+000  0.000000e+000  0.000000e+000  0.000000e+000  0.000000e+000  0.000000e+000  
0.000000e+000  0.000000e+000  0.000000e+000  0.000000e+000  0.000000e+000  0.000000e+000  0.000000e+000  0.000000e+000  0.000000e+000  
0.000000e+000  0.000000e+000  0.000000e+000  0.000000e+000  0.000000e+000  0.000000e+000  0.000000e+000  0.000000e+000  0.000000e+000  
0.000000e+000  0.000000e+000  0.000000e+000  0.000000e+000  0.000000e+000  0.000000e+000  0.000000e+000  0.000000e+000  0.000000e+000  

0.000000e+000  0.000000e+000  0.000000e+000  0.000000e+000  0.000000e+000  0.000000e+000  0.000000e+000  0.000000e+000  0.000000e+000  
0.000000e+000  0.000000e+000  0.000000e+000  0.000000e+000  0.000000e+000  0.000000e+000  0.000000e+000  0.000000e+000  0.000000e+000  
0.000000e+000  0.000000e+000  0.000000e+000  0.000000e+000  0.000000e+000  0.000000e+000  0.000000e+000  0.000000e+000  0.000000e+000  
0.000000e+000  0.000000e+000  0.000000e+000  0.000000e+000  0.000000e+000  0.000000e+000  0.000000e+000  0.000000e+000  0.000000e+000  
0.000000e+000  0.000000e+000  0.000000e+000  0.000000e+000  0.000000e+000  0.000000e+000  0.000000e+000  0.000000e+000  0.000000e+000  
0.000000e+000  0.000000e+000  0.000000e+000  0.000000e+000  0.000000e+000  0.000000e+000  0.000000e+000  0.000000e+000  0.000000e+000  
0.000000e+000  0.000000e+000  0.000000e+000  0.000000e+000  0.000000e+000  0.000000e+000  0.000000e+000  0.000000e+000  0.000000e+000  
0.000000e+000  0.000000e+000  0.000000e+000  0.000000e+000  0.000000e+000  0.000000e+000  0.000000e+000  0.000000e+000  0.000000e+000  
0.000000e+000  0.000000e+000  0.000000e+000  0.000000e+000  0.000000e+000  0.000000e+000  0.000000e+000  0.000000e+000  0.000000e+000  
0.000000e+000  0.000000e+000  0.000000e+000  0.000000e+000  0.000000e+000  0.000000e+000  0.000000e+000  0.000000e+000  0.000000e+000  
0.000000e+000  0.000000e+000  0.000000e+000  0.000000e+000  0.000000e+000  0.000000e+000  0.000000e+000  0.000000e+000  0.000000e+000  
0.000000e+000  0.000000e+000  0.000000e+000  0.000000e+000  0.000000e+000  0.000000e+000  0.000000e+000  0.000000e+000  0.000000e+000  
0.000000e+000  0.000000e+000  0.000000e+000  0.000000e+000  0.000000e+000  0.000000e+000  0.000000e+000  0.000000e+000  0.000000e+000  
0.000000e+000  0.000000e+000  0.000000e+000  0.000000e+000  0.000000e+000  0.000000e+000  0.000000e+000  0.000000e+000  0.000000e+000  
0.000000e+000  0.000000e+000  0.000000e+000  0.000000e+000  0.000000e+000  0.000000e+000  0.000000e+000  0.000000e+000  0.000000e+000  
0.000000e+000  0.000000e+000  0.000000e+000  0.000000e+000  0.000000e+000  0.000000e+000  0.000000e+000  0.000000e+000  0.000000e+000  
0.000000e+000  0.000000e+000  0.000000e+000  0.000000e+000  0.000000e+000  0.000000e+000  0.000000e+000  0.000000e+000  0.000000e+000  
0.000000e+000  0.000000e+000  0.000000e+000  0.000000e+000  0.000000e+000  0.000000e+000  0.000000e+000  0.000000e+000  0.000000e+000  
0.000000e+000  0.000000e+000  0.000000e+000  0.000000e+000  0.000000e+000  0.000000e+000  0.000000e+000  0.000000e+000  0.000000e+000  
0.000000e+000  0.000000e+000  0.000000e+000  0.000000e+000  0.000000e+000  0.000000e+000  0.000000e+000  0.000000e+000  0.000000e+000  
0.000000e+000  0.000000e+000  0.000000e+000  0.000000e+000  0.000000e+000  0.000000e+000  0.000000e+000  0.000000e+000  0.000000e+000  
0.000000e+000  0.000000e+000  0.000000e+000  0.000000e+000  0.000000e+000  0.000000e+000  0.000000e+000  0.000000e+000  0.000000e+000  
0.000000e+000  0.000000e+000  0.000000e+000  0.000000e+000  0.000000e+000  0.000000e+000  0.000000e+000  0.000000e+000  0.000000e+000  
0.000000e+000  0.000000e+000  0.000000e+000  0.000000e+000  0.000000e+000  0.000000e+000  0.000000e+000  0.000000e+000  0.000000e+000  
0.000000e+000  0.000000e+000  0.000000e+000  0.000000e+000  0.000000e+000  0.000000e+000  0.000000e+000  0.000000e+000  0.000000e+000  
0.000000e+000  0.000000e+000  0.000000e+000  0.000000e+000  0.000000e+000  0.000000e+000  0.000000e+000  0.000000e+000  0.000000e+000  
0.000000e+000  0.000000e+000  0.000000e+000  0.000000e+000  0.000000e+000  0.000000e+000  0.000000e+000  0.000000e+000  0.000000e+000  
0.000000e+000  0.000000e+000  0.000000e+000  0.000000e+000  0.000000e+000  0.000000e+000  0.000000e+000  0.000000e+000  0.000000e+000  
0.000000e+000  0.000000e+000  0.000000e+000  0.000000e+000  0.000000e+000  0.000000e+000  0.000000e+000  0.000000e+000  0.000000e+000  
0.000000e+000  0.000000e+000  0.000000e+000  0.000000e+000  0.000000e+000  0.000000e+000  0.000000e+000  0.000000e+000  0.000000e+000  
0.000000e+000  0.000000e+000  0.000000e+000  0.000000e+000  0.000000e+000  0.000000e+000  0.000000e+000  0.000000e+000  0.000000e+000  
0.000000e+000  0.000000e+000  0.000000e+000  0.000000e+000  0.000000e+000  0.000000e+000  0.000000e+000  0.000000e+000  0.000000e+000  
0.000000e+000  0.000000e+000  0.000000e+000  0.000000e+000  0.000000e+000  0.000000e+000  0.000000e+000  0.000000e+000  0.000000e+000  
0.000000e+000  0.000000e+000  0.000000e+000  0.000000e+000  0.000000e+000  0.000000e+000  0.000000e+000  0.000000e+000  0.000000e+000  
0.000000e+000  0.000000e+000  0.000000e+000  0.000000e+000  0.000000e+000  0.000000e+000  0.000000e+000  0.000000e+000  0.000000e+000  
0.000000e+000  0.000000e+000  0.000000e+000  0.000000e+000  0.000000e+000  0.000000e+000  0.000000e+000  0.000000e+000  0.000000e+000  
0.000000e+000  0.000000e+000  0.000000e+000  0.000000e+000  0.000000e+000  0.000000e+000  0.000000e+000  0.000000e+000  0.000000e+000  
0.000000e+000  0.000000e+000  0.000000e+000  0.000000e+000  0.000000e+000  0.000000e+000  0.000000e+000  0.000000e+000  0.000000e+000  
0.000000e+000  0.000000e+000  0.000000e+000  0.000000e+000  0.000000e+000  0.000000e+000  0.000000e+000  0.000000e+000  0.000000e+000  
0.000000e+000  0.000000e+000  0.000000e+000  0.000000e+000  0.000000e+000  0.000000e+000  0.000000e+000  0.000000e+000  0.000000e+000  
0.000000e+000  0.000000e+000  0.000000e+000  0.000000e+000  0.000000e+000  0.000000e+000  0.000000e+000  0.000000e+000  0.000000e+000  
0.000000e+000  0.000000e+000  0.000000e+000  0.000000e+000  0.000000e+000  0.000000e+000  0.000000e+000  0.000000e+000  0.000000e+000  
0.000000e+000  0.000000e+000  0.000000e+000  0.000000e+000  0.000000e+000  0.000000e+000  0.000000e+000  0.000000e+000  0.000000e+000  
0.000000e+000  0.000000e+000  0.000000e+000  0.000000e+000  0.000000e+000  0.000000e+000  0.000000e+000  0.000000e+000  0.000000e+000  
0.000000e+000  0.000000e+000  0.000000e+000  0.000000e+000  0.000000e+000  0.000000e+000  0.000000e+000  0.000000e+000  0.000000e+000  
0.000000e+000  0.000000e+000  0.000000e+000  0.000000e+000  0.000000e+000  0.000000e+000  0.000000e+000  0.000000e+000  0.000000e+000  
0.000000e+000  0.000000e+000  0.000000e+000  0.000000e+000  0.000000e+000  0.000000e+000  0.000000e+000  0.000000e+000  0.000000e+000  
0.000000e+000  0.000000e+000  0.000000e+000  0.000000e+000  0.000000e+000  0.000000e+000  0.000000e+000  0.000000e+000  0.000000e+000  
0.000000e+000  0.000000e+000  0.000000e+000  0.000000e+000  0.000000e+000  0.000000e+000  0.000000e+000  0.000000e+000  0.000000e+000  
0.000000e+000  0.000000e+000  0.000000e+000  0.000000e+000  0.000000e+000  0.000000e+000  0.000000e+000  0.000000e+000  0.000000e+000  
0.000000e+000  0.000000e+000  0.000000e+000  0.000000e+000  0.000000e+000  0.000000e+000  0.000000e+000  0.000000e+000  0.000000e+000  
0.000000e+000  0.000000e+000  0.000000e+000  0.000000e+000  0.000000e+000  0.000000e+000  0.000000e+000  0.000000e+000  0.000000e+000  
0.000000e+000  0.000000e+000  0.000000e+000  0.000000e+000  0.000000e+000  0.000000e+000  0.000000e+000  0.000000e+000  0.000000e+000  
0.000000e+000  0.000000e+000  0.000000e+000  0.000000e+000  0.000000e+000  0.000000e+000  0.000000e+000  0.000000e+000  0.000000e+000  
0.000000e+000  0.000000e+000  0.000000e+000  0.000000e+000  0.000000e+000  0.000000e+000  0.000000e+000  0.000000e+000  0.000000e+000  
0.000000e+000  0.000000e+000  0.000000e+000  0.000000e+000  0.000000e+000  0.000000e+000  0.000000e+000  0.000000e+000  0.000000e+000  
0.000000e+000  0.000000e+000  0.000000e+000  0.000000e+000  0.000000e+000  0.000000e+000  0.000000e+000  0.000000e+000  0.000000e+000  
0.000000e+000  0.000000e+000  0.000000e+000  0.000000e+000  0.000000e+000  0.000000e+000  0.000000e+000  0.000000e+000  0.000000e+000  
0.000000e+000  0.000000e+000  0.000000e+000  0.000000e+000  0.000000e+000  0.000000e+000  0.000000e+000  0.000000e+000  0.000000e+000  
0.000000e+000  0.000000e+000  0.000000e+000  0.000000e+000  0.000000e+000  0.000000e+000  0.000000e+000  0.000000e+000  0.000000e+000  
0.000000e+000  0.000000e+000  0.000000e+000  0.000000e+000  0.000000e+000  0.000000e+000  0.000000e+000  0.000000e+000  0.000000e+000  
0.000000e+000  0.000000e+000  0.000000e+000  0.000000e+000  0.000000e+000  0.000000e+000  0.000000e+000  0.000000e+000  0.000000e+000  
0.000000e+000  0.000000e+000  0.000000e+000  0.000000e+000  0.000000e+000  0.000000e+000  0.000000e+000  0.000000e+000  0.000000e+000  
0.000000e+000  0.000000e+000  0.000000e+000  0.000000e+000  0.000000e+000  0.000000e+000  0.000000e+000  0.000000e+000  0.000000e+000  
0.000000e+000  0.000000e+000  0.000000e+000  0.000000e+000  0.000000e+000  0.000000e+000  0.000000e+000  0.000000e+000  0.000000e+000  
0.000000e+000  0.000000e+000  0.000000e+000  0.000000e+000  0.000000e+000  0.000000e+000  0.000000e+000  0.000000e+000  0.000000e+000  
0.000000e+000  0.000000e+000  0.000000e+000  0.000000e+000  0.000000e+000  0.000000e+000  0.000000e+000  0.000000e+000  0.000000e+000  
0.000000e+000  0.000000e+000  0.000000e+000  0.000000e+000  0.000000e+000  0.000000e+000  0.000000e+000  0.000000e+000  0.000000e+000  
0.000000e+000  0.000000e+000  0.000000e+000  0.000000e+000  0.000000e+000  0.000000e+000  0.000000e+000  0.000000e+000  0.000000e+000  
0.000000e+000  0.000000e+000  0.000000e+000  0.000000e+000  0.000000e+000  0.000000e+000  0.000000e+000  0.000000e+000  0.000000e+000  
0.000000e+000  0.000000e+000  0.000000e+000  0.000000e+000  0.000000e+000  0.000000e+000  0.000000e+000  0.000000e+000  0.000000e+000  
0.000000e+000  0.000000e+000  0.000000e+000  0.000000e+000  0.000000e+000  0.000000e+000  0.000000e+000  0.000000e+000  0.000000e+000  
0.000000e+000  0.000000e+000  0.000000e+000  0.000000e+000  0.000000e+000  0.000000e+000  0.000000e+000  0.000000e+000  0.000000e+000  
0.000000e+000  0.000000e+000  0.000000e+000  0.000000e+000  0.000000e+000  0.000000e+000  0.000000e+000  0.000000e+000  0.000000e+000  
0.000000e+000  0.000000e+000  0.000000e+000  0.000000e+000  0.000000e+000  0.000000e+000  0.000000e+000  0.000000e+000  0.000000e+000  
0.000000e+000  0.000000e+000  0.000000e+000  0.000000e+000  0.000000e+000  0.000000e+000  0.000000e+000  0.000000e+000  0.000000e+000  
0.000000e+000  0.000000e+000  0.000000e+000  0.000000e+000  0.000000e+000  0.000000e+000  0.000000e+000  0.000000e+000  0.000000e+000  
0.000000e+000  0.000000e+000  0.000000e+000  0.000000e+000  0.000000e+000  0.000000e+000  0.000000e+000  0.000000e+000  0.000000e+000  
0.000000e+000  0.000000e+000  0.000000e+000  0.000000e+000  0.000000e+000  0.000000e+000  0.000000e+000  0.000000e+000  0.000000e+000  
0.000000e+000  0.000000e+000  0.000000e+000  0.000000e+000  0.000000e+000  0.000000e+000  0.000000e+000  0.000000e+000  0.000000e+000  
0.000000e+000  0.000000e+000  0.000000e+000  0.000000e+000  0.000000e+000  0.000000e+000  0.000000e+000  0.000000e+000  0.000000e+000  
0.000000e+000  0.000000e+000  0.000000e+000  0.000000e+000  0.000000e+000  0.000000e+000  0.000000e+000  0.000000e+000  0.000000e+000  
0.000000e+000  0.000000e+000  0.000000e+000  0.000000e+000  0.000000e+000  0.000000e+000  0.000000e+000  0.000000e+000  0.000000e+000  
0.000000e+000  0.000000e+000  0.000000e+000  0.000000e+000  0.000000e+000  0.000000e+000  0.000000e+000  0.000000e+000  0.000000e+000  
0.000000e+000  0.000000e+000  0.000000e+000  0.000000e+000  0.000000e+000  0.000000e+000  0.000000e+000  0.000000e+000  0.000000e+000  
0.000000e+000  0.000000e+000  0.000000e+000  0.000000e+000  0.000000e+000  0.000000e+000  0.000000e+000  0.000000e+000  0.000000e+000  
0.000000e+000  0.000000e+000  0.000000e+000  0.000000e+000  0.000000e+000  0.000000e+000  0.000000e+000  0.000000e+000  0.000000e+000  
0.000000e+000  0.000000e+000  0.000000e+000  0.000000e+000  0.000000e+000  0.000000e+000  0.000000e+000  0.000000e+000  0.000000e+000  
0.000000e+000  0.000000e+000  0.000000e+000  0.000000e+000  0.000000e+000  0.000000e+000  0.000000e+000  0.000000e+000  0.000000e+000  
0.000000e+000  0.000000e+000  0.000000e+000  0.000000e+000  0.000000e+000  0.000000e+000  0.000000e+000  0.000000e+000  0.000000e+000  
0.000000e+000  0.000000e+000  0.000000e+000  0.000000e+000  0.000000e+000  0.000000e+000  0.000000e+000  0.000000e+000  0.000000e+000  
0.000000e+000  0.000000e+000  0.000000e+000  0.000000e+000  0.000000e+000  0.000000e+000  0.000000e+000  0.000000e+000  0.000000e+000  
0.000000e+000  0.000000e+000  0.000000e+000  0.000000e+000  0.000000e+000  0.000000e+000  0.000000e+000  0.000000e+000  0.000000e+000  
0.000000e+000  0.000000e+000  0.000000e+000  0.000000e+000  0.000000e+000  0.000000e+000  0.000000e+000  0.000000e+000  0.000000e+000  
0.000000e+000  0.000000e+000  0.000000e+000  0.000000e+000  0.000000e+000  0.000000e+000  0.000000e+000  0.000000e+000  0.000000e+000  
0.000000e+000  0.000000e+000  0.000000e+000  0.000000e+000  0.000000e+000  0.000000e+000  0.000000e+000  0.000000e+000  0.000000e+000  
0.000000e+000  0.000000e+000  0.000000e+000  0.000000e+000  0.000000e+000  0.000000e+000  0.000000e+000  0.000000e+000  0.000000e+000  
0.000000e+000  0.000000e+000  0.000000e+000  0.000000e+000  0.000000e+000  0.000000e+000  0.000000e+000  0.000000e+000  0.000000e+000  
0.000000e+000  0.000000e+000  0.000000e+000  0.000000e+000  0.000000e+000  0.000000e+000  0.000000e+000  0.000000e+000  0.000000e+000  
0.000000e+000  0.000000e+000  0.000000e+000  0.000000e+000  0.000000e+000  0.000000e+000  0.000000e+000  0.000000e+000  0.000000e+000  
0.000000e+000  0.000000e+000  0.000000e+000  0.000000e+000  0.000000e+000  0.000000e+000  0.000000e+000  0.000000e+000  0.000000e+000  
0.000000e+000  0.000000e+000  0.000000e+000  0.000000e+000  0.000000e+000  0.000000e+000  0.000000e+000  0.000000e+000  0.000000e+000  
0.000000e+000  0.000000e+000  0.000000e+000  0.000000e+000  0.000000e+000  0.000000e+000  0.000000e+000  0.000000e+000  0.000000e+000  
0.000000e+000  0.000000e+000  0.000000e+000  0.000000e+000  0.000000e+000  0.000000e+000  0.000000e+000  0.000000e+000  0.000000e+000  

0.000000e+000  0.000000e+000  0.000000e+000  0.000000e+000  0.000000e+000  0.000000e+000  0.000000e+000  0.000000e+000  0.000000e+000  
0.000000e+000  0.000000e+000  0.000000e+000  0.000000e+000  0.000000e+000  0.000000e+000  0.000000e+000  0.000000e+000  0.000000e+000  
0.000000e+000  0.000000e+000  0.000000e+000  0.000000e+000  0.000000e+000  0.000000e+000  0.000000e+000  0.000000e+000  0.000000e+000  
0.000000e+000  0.000000e+000  0.000000e+000  0.000000e+000  0.000000e+000  0.000000e+000  0.000000e+000  0.000000e+000  0.000000e+000  
0.000000e+000  0.000000e+000  0.000000e+000  0.000000e+000  0.000000e+000  0.000000e+000  0.000000e+000  0.000000e+000  0.000000e+000  
0.000000e+000  0.000000e+000  0.000000e+000  0.000000e+000  0.000000e+000  0.000000e+000  0.000000e+000  0.000000e+000  0.000000e+000  
0.000000e+000  0.000000e+000  0.000000e+000  0.000000e+000  0.000000e+000  0.000000e+000  0.000000e+000  0.000000e+000  0.000000e+000  
0.000000e+000  0.000000e+000  0.000000e+000  0.000000e+000  0.000000e+000  0.000000e+000  0.000000e+000  0.000000e+000  0.000000e+000  
0.000000e+000  0.000000e+000  0.000000e+000  0.000000e+000  0.000000e+000  0.000000e+000  0.000000e+000  0.000000e+000  0.000000e+000  
0.000000e+000  0.000000e+000  0.000000e+000  0.000000e+000  0.000000e+000  0.000000e+000  0.000000e+000  0.000000e+000  0.000000e+000  
0.000000e+000  0.000000e+000  0.000000e+000  0.000000e+000  0.000000e+000  0.000000e+000  0.000000e+000  0.000000e+000  0.000000e+000  
0.000000e+000  0.000000e+000  0.000000e+000  0.000000e+000  0.000000e+000  0.000000e+000  0.000000e+000  0.000000e+000  0.000000e+000  
0.000000e+000  0.000000e+000  0.000000e+000  0.000000e+000  0.000000e+000  0.000000e+000  0.000000e+000  0.000000e+000  0.000000e+000  
0.000000e+000  0.000000e+000  0.000000e+000  0.000000e+000  0.000000e+000  0.000000e+000  0.000000e+000  0.000000e+000  0.000000e+000  
0.000000e+000  0.000000e+000  0.000000e+000  0.000000e+000  0.000000e+000  0.000000e+000  0.000000e+000  0.000000e+000  0.000000e+000  
0.000000e+000  0.000000e+000  0.000000e+000  0.000000e+000  0.000000e+000  0.000000e+000  0.000000e+000  0.000000e+000  0.000000e+000  
0.000000e+000  0.000000e+000  0.000000e+000  0.000000e+000  0.000000e+000  0.000000e+000  0.000000e+000  0.000000e+000  0.000000e+000  
0.000000e+000  0.000000e+000  0.000000e+000  0.000000e+000  0.000000e+000  0.000000e+000  0.000000e+000  0.000000e+000  0.000000e+000  
0.000000e+000  0.000000e+000  0.000000e+000  0.000000e+000  0.000000e+000  0.000000e+000  0.000000e+000  0.000000e+000  0.000000e+000  
0.000000e+000  0.000000e+000  0.000000e+000  0.000000e+000  0.000000e+000  0.000000e+000  0.000000e+000  0.000000e+000  0.000000e+000  
0.000000e+000  0.000000e+000  0.000000e+000  0.000000e+000  0.000000e+000  0.000000e+000  0.000000e+000  0.000000e+000  0.000000e+000  
0.000000e+000  0.000000e+000  0.000000e+000  0.000000e+000  0.000000e+000  0.000000e+000  0.000000e+000  0.000000e+000  0.000000e+000  
0.000000e+000  0.000000e+000  0.000000e+000  0.000000e+000  0.000000e+000  0.000000e+000  0.000000e+000  0.000000e+000  0.000000e+000  
0.000000e+000  0.000000e+000  0.000000e+000  0.000000e+000  0.000000e+000  0.000000e+000  0.000000e+000  0.000000e+000  0.000000e+000  
0.000000e+000  0.000000e+000  0.000000e+000  0.000000e+000  0.000000e+000  0.000000e+000  0.000000e+000  0.000000e+000  0.000000e+000  
0.000000e+000  0.000000e+000  0.000000e+000  0.000000e+000  0.000000e+000  0.000000e+000  0.000000e+000  0.000000e+000  0.000000e+000  
0.000000e+000  0.000000e+000  0.000000e+000  0.000000e+000  0.000000e+000  0.000000e+000  0.000000e+000  0.000000e+000  0.000000e+000  
0.000000e+000  0.000000e+000  0.000000e+000  0.000000e+000  0.000000e+000  0.000000e+000  0.000000e+000  0.000000e+000  0.000000e+000  
0.000000e+000  0.000000e+000  0.000000e+000  0.000000e+000  0.000000e+000  0.000000e+000  0.000000e+000  0.000000e+000  0.000000e+000  
0.000000e+000  0.000000e+000  0.000000e+000  0.000000e+000  0.000000e+000  0.000000e+000  0.000000e+000  0.000000e+000  0.000000e+000  
0.000000e+000  0.000000e+000  0.000000e+000  0.000000e+000  0.000000e+000  0.000000e+000  0.000000e+000  0.000000e+000  0.000000e+000  
0.000000e+000  0.000000e+000  0.000000e+000  0.000000e+000  0.000000e+000  0.000000e+000  0.000000e+000  0.000000e+000  0.000000e+000  
0.000000e+000  0.000000e+000  0.000000e+000  0.000000e+000  0.000000e+000  0.000000e+000  0.000000e+000  0.000000e+000  0.000000e+000  
0.000000e+000  0.000000e+000  0.000000e+000  0.000000e+000  0.000000e+000  0.000000e+000  0.000000e+000  0.000000e+000  0.000000e+000  
0.000000e+000  0.000000e+000  0.000000e+000  0.000000e+000  0.000000e+000  0.000000e+000  0.000000e+000  0.000000e+000  0.000000e+000  
0.000000e+000  0.000000e+000  0.000000e+000  0.000000e+000  0.000000e+000  0.000000e+000  0.000000e+000  0.000000e+000  0.000000e+000  
0.000000e+000  0.000000e+000  0.000000e+000  0.000000e+000  0.000000e+000  0.000000e+000  0.000000e+000  0.000000e+000  0.000000e+000  
0.000000e+000  0.000000e+000  0.000000e+000  0.000000e+000  0.000000e+000  0.000000e+000  0.000000e+000  0.000000e+000  0.000000e+000  
0.000000e+000  0.000000e+000  0.000000e+000  0.000000e+000  0.000000e+000  0.000000e+000  0.000000e+000  0.000000e+000  0.000000e+000  
0.000000e+000  0.000000e+000  0.000000e+000  0.000000e+000  0.000000e+000  0.000000e+000  0.000000e+000  0.000000e+000  0.000000e+000  
0.000000e+000  0.000000e+000  0.000000e+000  0.000000e+000  0.000000e+000  0.000000e+000  0.000000e+000  0.000000e+000  0.000000e+000  
0.000000e+000  0.000000e+000  0.000000e+000  0.000000e+000  0.000000e+000  0.000000e+000  0.000000e+000  0.000000e+000  0.000000e+000  
0.000000e+000  0.000000e+000  0.000000e+000  0.000000e+000  0.000000e+000  0.000000e+000  0.000000e+000  0.000000e+000  0.000000e+000  
0.000000e+000  0.000000e+000  0.000000e+000  0.000000e+000  0.000000e+000  0.000000e+000  0.000000e+000  0.000000e+000  0.000000e+000  
0.000000e+000  0.000000e+000  0.000000e+000  0.000000e+000  0.000000e+000  0.000000e+000  0.000000e+000  0.000000e+000  0.000000e+000  
0.000000e+000  0.000000e+000  0.000000e+000  0.000000e+000  0.000000e+000  0.000000e+000  0.000000e+000  0.000000e+000  0.000000e+000  
0.000000e+000  0.000000e+000  0.000000e+000  0.000000e+000  0.000000e+000  0.000000e+000  0.000000e+000  0.000000e+000  0.000000e+000  
0.000000e+000  0.000000e+000  0.000000e+000  0.000000e+000  0.000000e+000  0.000000e+000  0.000000e+000  0.000000e+000  0.000000e+000  
0.000000e+000  0.000000e+000  0.000000e+000  0.000000e+000  0.000000e+000  0.000000e+000  0.000000e+000  0.000000e+000  0.000000e+000  
0.000000e+000  0.000000e+000  0.000000e+000  0.000000e+000  0.000000e+000  0.000000e+000  0.000000e+000  0.000000e+000  0.000000e+000  
0.000000e+000  0.000000e+000  0.000000e+000  0.000000e+000  0.000000e+000  0.000000e+000  0.000000e+000  0.000000e+000  0.000000e+000  
0.000000e+000  0.000000e+000  0.000000e+000  0.000000e+000  0.000000e+000  0.000000e+000  0.000000e+000  0.000000e+000  0.000000e+000  
0.000000e+000  0.000000e+000  0.000000e+000  0.000000e+000  0.000000e+000  0.000000e+000  0.000000e+000  0.000000e+000  0.000000e+000  
0.000000e+000  0.000000e+000  0.000000e+000  0.000000e+000  0.000000e+000  0.000000e+000  0.000000e+000  0.000000e+000  0.000000e+000  
0.000000e+000  0.000000e+000  0.000000e+000  0.000000e+000  0.000000e+000  0.000000e+000  0.000000e+000  0.000000e+000  0.000000e+000  
0.000000e+000  0.000000e+000  0.000000e+000  0.000000e+000  0.000000e+000  0.000000e+000  0.000000e+000  0.000000e+000  0.000000e+000  
0.000000e+000  0.000000e+000  0.000000e+000  0.000000e+000  0.000000e+000  0.000000e+000  0.000000e+000  0.000000e+000  0.000000e+000  
0.000000e+000  0.000000e+000  0.000000e+000  0.000000e+000  0.000000e+000  0.000000e+000  0.000000e+000  0.000000e+000  0.000000e+000  
0.000000e+000  0.000000e+000  0.000000e+000  0.000000e+000  0.000000e+000  0.000000e+000  0.000000e+000  0.000000e+000  0.000000e+000  
0.000000e+000  0.000000e+000  0.000000e+000  0.000000e+000  0.000000e+000  0.000000e+000  0.000000e+000  0.000000e+000  0.000000e+000  
0.000000e+000  0.000000e+000  0.000000e+000  0.000000e+000  0.000000e+000  0.000000e+000  0.000000e+000  0.000000e+000  0.000000e+000  
0.000000e+000  0.000000e+000  0.000000e+000  0.000000e+000  0.000000e+000  0.000000e+000  0.000000e+000  0.000000e+000  0.000000e+000  
0.000000e+000  0.000000e+000  0.000000e+000  0.000000e+000  0.000000e+000  0.000000e+000  0.000000e+000  0.000000e+000  0.000000e+000  
0.000000e+000  0.000000e+000  0.000000e+000  0.000000e+000  0.000000e+000  0.000000e+000  0.000000e+000  0.000000e+000  0.000000e+000  
0.000000e+000  0.000000e+000  0.000000e+000  0.000000e+000  0.000000e+000  0.000000e+000  0.000000e+000  0.000000e+000  0.000000e+000  
0.000000e+000  0.000000e+000  0.000000e+000  0.000000e+000  0.000000e+000  0.000000e+000  0.000000e+000  0.000000e+000  0.000000e+000  
0.000000e+000  0.000000e+000  0.000000e+000  0.000000e+000  0.000000e+000  0.000000e+000  0.000000e+000  0.000000e+000  0.000000e+000  
0.000000e+000  0.000000e+000  0.000000e+000  0.000000e+000  0.000000e+000  0.000000e+000  0.000000e+000  0.000000e+000  0.000000e+000  
0.000000e+000  0.000000e+000  0.000000e+000  0.000000e+000  0.000000e+000  0.000000e+000  0.000000e+000  0.000000e+000  0.000000e+000  
0.000000e+000  0.000000e+000  0.000000e+000  0.000000e+000  0.000000e+000  0.000000e+000  0.000000e+000  0.000000e+000  0.000000e+000  
0.000000e+000  0.000000e+000  0.000000e+000  0.000000e+000  0.000000e+000  0.000000e+000  0.000000e+000  0.000000e+000  0.000000e+000  
0.000000e+000  0.000000e+000  0.000000e+000  0.000000e+000  0.000000e+000  0.000000e+000  0.000000e+000  0.000000e+000  0.000000e+000  
0.000000e+000  0.000000e+000  0.000000e+000  0.000000e+000  0.000000e+000  0.000000e+000  0.000000e+000  0.000000e+000  0.000000e+000  
0.000000e+000  0.000000e+000  0.000000e+000  0.000000e+000  0.000000e+000  0.000000e+000  0.000000e+000  0.000000e+000  0.000000e+000  
0.000000e+000  0.000000e+000  0.000000e+000  0.000000e+000  0.000000e+000  0.000000e+000  0.000000e+000  0.000000e+000  0.000000e+000  
0.000000e+000  0.000000e+000  0.000000e+000  0.000000e+000  0.000000e+000  0.000000e+000  0.000000e+000  0.000000e+000  0.000000e+000  
0.000000e+000  0.000000e+000  0.000000e+000  0.000000e+000  0.000000e+000  0.000000e+000  0.000000e+000  0.000000e+000  0.000000e+000  
0.000000e+000  0.000000e+000  0.000000e+000  0.000000e+000  0.000000e+000  0.000000e+000  0.000000e+000  0.000000e+000  0.000000e+000  
0.000000e+000  0.000000e+000  0.000000e+000  0.000000e+000  0.000000e+000  0.000000e+000  0.000000e+000  0.000000e+000  0.000000e+000  
0.000000e+000  0.000000e+000  0.000000e+000  0.000000e+000  0.000000e+000  0.000000e+000  0.000000e+000  0.000000e+000  0.000000e+000  
0.000000e+000  0.000000e+000  0.000000e+000  0.000000e+000  0.000000e+000  0.000000e+000  0.000000e+000  0.000000e+000  0.000000e+000  
0.000000e+000  0.000000e+000  0.000000e+000  0.000000e+000  0.000000e+000  0.000000e+000  0.000000e+000  0.000000e+000  0.000000e+000  
0.000000e+000  0.000000e+000  0.000000e+000  0.000000e+000  0.000000e+000  0.000000e+000  0.000000e+000  0.000000e+000  0.000000e+000  
0.000000e+000  0.000000e+000  0.000000e+000  0.000000e+000  0.000000e+000  0.000000e+000  0.000000e+000  0.000000e+000  0.000000e+000  
0.000000e+000  0.000000e+000  0.000000e+000  0.000000e+000  0.000000e+000  0.000000e+000  0.000000e+000  0.000000e+000  0.000000e+000  
0.000000e+000  0.000000e+000  0.000000e+000  0.000000e+000  0.000000e+000  0.000000e+000  0.000000e+000  0.000000e+000  0.000000e+000  
0.000000e+000  0.000000e+000  0.000000e+000  0.000000e+000  0.000000e+000  0.000000e+000  0.000000e+000  0.000000e+000  0.000000e+000  
0.000000e+000  0.000000e+000  0.000000e+000  0.000000e+000  0.000000e+000  0.000000e+000  0.000000e+000  0.000000e+000  0.000000e+000  
0.000000e+000  0.000000e+000  0.000000e+000  0.000000e+000  0.000000e+000  0.000000e+000  0.000000e+000  0.000000e+000  0.000000e+000  
0.000000e+000  0.000000e+000  0.000000e+000  0.000000e+000  0.000000e+000  0.000000e+000  0.000000e+000  0.000000e+000  0.000000e+000  
0.000000e+000  0.000000e+000  0.000000e+000  0.000000e+000  0.000000e+000  0.000000e+000  0.000000e+000  0.000000e+000  0.000000e+000  
0.000000e+000  0.000000e+000  0.000000e+000  0.000000e+000  0.000000e+000  0.000000e+000  0.000000e+000  0.000000e+000  0.000000e+000  
0.000000e+000  0.000000e+000  0.000000e+000  0.000000e+000  0.000000e+000  0.000000e+000  0.000000e+000  0.000000e+000  0.000000e+000  
0.000000e+000  0.000000e+000  0.000000e+000  0.000000e+000  0.000000e+000  0.000000e+000  0.000000e+000  0.000000e+000  0.000000e+000  
0.000000e+000  0.000000e+000  0.000000e+000  0.000000e+000  0.000000e+000  0.000000e+000  0.000000e+000  0.000000e+000  0.000000e+000  
0.000000e+000  0.000000e+000  0.000000e+000  0.000000e+000  0.000000e+000  0.000000e+000  0.000000e+000  0.000000e+000  0.000000e+000  
0.000000e+000  0.000000e+000  0.000000e+000  0.000000e+000  0.000000e+000  0.000000e+000  0.000000e+000  0.000000e+000  0.000000e+000  
0.000000e+000  0.000000e+000  0.000000e+000  0.000000e+000  0.000000e+000  0.000000e+000  0.000000e+000  0.000000e+000  0.000000e+000  
0.000000e+000  0.000000e+000  0.000000e+000  0.000000e+000  0.000000e+000  0.000000e+000  0.000000e+000  0.000000e+000  0.000000e+000  
0.000000e+000  0.000000e+000  0.000000e+000  0.000000e+000  0.000000e+000  0.000000e+000  0.000000e+000  0.000000e+000  0.000000e+000  
0.000000e+000  0.000000e+000  0.000000e+000  0.000000e+000  0.000000e+000  0.000000e+000  0.000000e+000  0.000000e+000  0.000000e+000  
0.000000e+000  0.000000e+000  0.000000e+000  0.000000e+000  0.000000e+000  0.000000e+000  0.000000e+000  0.000000e+000  0.000000e+000  
0.000000e+000  0.000000e+000  0.000000e+000  0.000000e+000  0.000000e+000  0.000000e+000  0.000000e+000  0.000000e+000  0.000000e+000  
0.000000e+000  0.000000e+000  0.000000e+000  0.000000e+000  0.000000e+000  0.000000e+000  0.000000e+000  0.000000e+000  0.000000e+000  

7.417375e-010  1.424633e-009  2.179476e-009  2.432981e-009  2.435366e-009  2.152180e-009  1.471145e-009  5.878923e-010  0.000000e+000  
5.955733e-011  7.545041e-010  9.416525e-010  2.503912e-010  1.772004e-009  1.810561e-009  1.831444e-009  1.136346e-009  0.000000e+000  
-1.485620e-010  2.862507e-011  -3.425946e-010  3.834960e-010  7.578566e-010  1.080816e-009  1.591775e-009  9.578941e-010  0.000000e+000  
-6.645803e-010  -2.598293e-010  -1.028609e-009  -1.147107e-009  -8.648049e-010  1.110372e-010  3.195252e-010  5.381645e-010  0.000000e+000  
1.668117e-010  -6.208138e-010  -3.403744e-009  -2.579794e-009  -2.154361e-009  -1.625198e-009  -7.338026e-010  -1.525109e-010  0.000000e+000  
4.512608e-010  4.423092e-011  -4.242769e-009  -3.683153e-009  -3.939686e-009  -2.517880e-009  -2.118951e-009  -8.640944e-010  0.000000e+000  
6.141245e-010  -5.814991e-010  -4.433752e-009  -4.262165e-009  -3.624807e-009  -3.514467e-009  -2.151161e-009  -1.406565e-009  0.000000e+000  
2.712632e-011  -1.440419e-010  -1.555207e-009  -1.436817e-009  -1.826718e-009  -1.908318e-009  -2.109307e-009  -1.686869e-009  0.000000e+000  
-2.886221e-010  -6.267440e-011  2.451645e-009  2.435599e-009  1.618679e-009  8.176856e-010  5.050007e-011  -4.700931e-010  0.000000e+000  
4.159351e-010  2.201333e-010  -2.782847e-009  -2.725952e-009  -2.688464e-009  -2.624534e-009  -2.519731e-009  -2.162843e-009  0.000000e+000  
5.256137e-011  -2.880174e-010  1.667957e-009  1.524646e-009  1.469887e-009  1.271585e-009  8.210960e-010  1.261754e-010  0.000000e+000  
5.255326e-011  1.381211e-010  3.835353e-009  4.003770e-009  4.309313e-009  4.630073e-009  4.558975e-009  3.488111e-009  0.000000e+000  
-4.219088e-011  -3.281891e-011  7.305463e-009  7.028670e-009  6.909903e-009  6.246053e-009  5.313331e-009  3.237860e-009  0.000000e+000  
-8.027627e-011  -3.613279e-010  1.866594e-008  1.848000e-008  1.742030e-008  1.572613e-008  1.308980e-008  8.046102e-009  0.000000e+000  
1.387419e-010  -4.944008e-011  4.779700e-008  4.654469e-008  4.363624e-008  3.846794e-008  3.214738e-008  2.074447e-008  0.000000e+000  
2.514735e-012  7.747566e-011  8.468518e-008  8.287444e-008  7.861011e-008  7.019120e-008  5.912818e-008  3.753859e-008  0.000000e+000  
-1.720269e-011  4.283277e-011  1.702689e-007  1.668777e-007  1.585320e-007  1.421842e-007  1.199631e-007  7.630898e-008  0.000000e+000  
9.072259e-011  1.514636e-010  3.400715e-007  3.332007e-007  3.166510e-007  2.844607e-007  2.401886e-007  1.534255e-007  0.000000e+000  
1.010740e-010  -1.217239e-011  6.695243e-007  6.556168e-007  6.226215e-007  5.586298e-007  4.710605e-007  3.006738e-007  0.000000e+000  
-1.741092e-010  -2.418379e-010  1.317322e-006  1.290434e-006  1.226187e-006  1.100444e-006  9.287917e-007  5.929728e-007  0.000000e+000  
2.047995e-010  2.745655e-010  2.600763e-006  2.547265e-006  2.420280e-006  2.171768e-006  1.832194e-006  1.169148e-006  0.000000e+000  
1.252689e-010  2.384578e-011  5.050114e-006  4.945812e-006  4.697712e-006  4.212543e-006  3.551939e-006  2.264488e-006  0.000000e+000  
-1.919126e-010  2.717193e-010  8.115599e-006  7.948152e-006  7.549132e-006  6.769112e-006  5.707085e-006  3.638306e-006  0.000000e+000  
2.234429e-010  -2.440178e-010  1.027462e-005  1.006332e-005  9.557978e-006  8.569209e-006  7.225085e-006  4.605806e-006  0.000000e+000  
3.134409e-010  4.743085e-010  1.304087e-005  1.277234e-005  1.213068e-005  1.087532e-005  9.169113e-006  5.844494e-006  0.000000e+000  
-2.666988e-010  -1.330477e-010  1.656786e-005  1.622714e-005  1.541205e-005  1.381662e-005  1.164777e-005  7.423969e-006  0.000000e+000  
1.285596e-011  -1.105649e-010  2.105558e-005  2.062338e-005  1.958573e-005  1.755717e-005  1.480098e-005  9.432818e-006  0.000000e+000  
-3.480006e-010  3.280534e-010  2.677273e-005  2.622175e-005  2.490385e-005  2.232264e-005  1.881666e-005  1.199117e-005  0.000000e+000  
2.010219e-011  -1.384212e-010  3.985522e-005  3.903783e-005  3.707197e-005  3.322548e-005  2.800453e-005  1.784335e-005  0.000000e+000  
8.321399e-011  -6.150140e-011  7.583733e-005  7.428463e-005  7.053642e-005  6.320114e-005  5.325911e-005  3.392389e-005  0.000000e+000  
-2.291022e-010  -1.332672e-010  1.481613e-004  1.451361e-004  1.377945e-004  1.234303e-004  1.039918e-004  6.622026e-005  0.000000e+000  
1.866165e-011  2.188971e-011  2.884711e-004  2.825974e-004  2.682634e-004  2.402224e-004  2.023412e-004  1.288032e-004  0.000000e+000  
-4.448188e-011  5.705447e-011  5.501617e-004  5.389943e-004  5.115753e-004  4.579433e-004  3.856271e-004  2.453831e-004  0.000000e+000  
-1.874440e-012  -1.552635e-010  8.719269e-004  8.542743e-004  8.107080e-004  7.255044e-004  6.107962e-004  3.885363e-004  0.000000e+000  
-1.172921e-011  -3.491862e-010  1.101042e-003  1.078780e-003  1.023696e-003  9.159754e-004  7.710655e-004  4.904054e-004  0.000000e+000  
-1.219436e-010  -2.793882e-010  1.393328e-003  1.365196e-003  1.295395e-003  1.158901e-003  9.754397e-004  6.202782e-004  0.000000e+000  
9.207308e-011  -1.238033e-010  1.764853e-003  1.729272e-003  1.640729e-003  1.467603e-003  1.235108e-003  7.852472e-004  0.000000e+000  
-4.327798e-010  -4.946705e-011  2.236112e-003  2.191097e-003  2.078738e-003  1.859061e-003  1.564329e-003  9.943470e-004  0.000000e+000  
3.427158e-010  -1.083301e-010  2.834281e-003  2.777312e-003  2.634660e-003  2.355785e-003  1.981997e-003  1.259542e-003  0.000000e+000  
5.355433e-010  1.121813e-010  4.179006e-003  4.095207e-003  3.884305e-003  3.472069e-003  2.920413e-003  1.855171e-003  0.000000e+000  
-8.596418e-011  -8.504607e-011  7.806187e-003  7.650271e-003  7.254162e-003  6.480192e-003  5.447652e-003  3.457601e-003  0.000000e+000  
-2.459183e-010  -1.146395e-010  1.502185e-002  1.472279e-002  1.395457e-002  1.245445e-002  1.046126e-002  6.630234e-003  0.000000e+000  
-7.298584e-011  -8.899195e-011  2.879891e-002  2.822565e-002  2.673427e-002  2.382555e-002  1.998310e-002  1.263086e-002  0.000000e+000  
-1.668948e-010  -1.046221e-010  5.515308e-002  5.404606e-002  5.112006e-002  4.542876e-002  3.798569e-002  2.386933e-002  0.000000e+000  
-8.773133e-012  2.807133e-010  1.058044e-001  1.036214e-001  9.770461e-002  8.626605e-002  7.161941e-002  4.439011e-002  0.000000e+000  
1.280307e-010  1.394646e-010  2.044298e-001  1.999798e-001  1.871010e-001  1.624852e-001  1.325256e-001  7.946709e-002  0.000000e+000  
-1.214762e-010  -2.069866e-010  3.924112e-001  3.841478e-001  3.525686e-001  2.926092e-001  2.281135e-001  1.264885e-001  0.000000e+000  
5.004730e-010  -4.507836e-010  6.225749e-001  6.223141e-001  5.518535e-001  4.131150e-001  2.944714e-001  1.431887e-001  0.000000e+000  
-4.365533e-010  2.657001e-011  7.515954e-001  7.863236e-001  6.786893e-001  4.589359e-001  3.045120e-001  1.360679e-001  0.000000e+000  
-2.645958e-010  -2.745374e-010  7.762651e-001  9.246343e-001  7.625859e-001  4.268327e-001  2.562289e-001  1.044432e-001  0.000000e+000  
6.584115e-011  2.472147e-010  4.109774e-001  4.663471e-001  3.694041e-001  2.208347e-001  1.330050e-001  5.298478e-002  0.000000e+000  
-1.744298e-010  2.025514e-012  4.433648e-009  3.674740e-009  7.421225e-010  7.029609e-012  -3.942833e-010  3.674440e-010  0.000000e+000  
-4.093444e-010  2.456623e-010  -4.109774e-001  -4.663471e-001  -3.694041e-001  -2.208347e-001  -1.330050e-001  -5.298478e-002  0.000000e+000  
1.879974e-010  -3.208721e-012  -7.762651e-001  -9.246343e-001  -7.625859e-001  -4.268327e-001  -2.562289e-001  -1.044432e-001  0.000000e+000  
-3.681161e-010  2.364157e-010  -7.515954e-001  -7.863236e-001  -6.786893e-001  -4.589359e-001  -3.045120e-001  -1.360679e-001  0.000000e+000  
1.255820e-010  2.472382e-010  -6.225749e-001  -6.223141e-001  -5.518535e-001  -4.131150e-001  -2.944714e-001  -1.431887e-001  0.000000e+000  
2.329890e-010  -1.460317e-011  -3.924112e-001  -3.841478e-001  -3.525686e-001  -2.926092e-001  -2.281135e-001  -1.264885e-001  0.000000e+000  
1.222289e-011  -1.067378e-010  -2.044298e-001  -1.999798e-001  -1.871010e-001  -1.624852e-001  -1.325256e-001  -7.946709e-002  0.000000e+000  
-2.194700e-010  -9.293268e-011  -1.058044e-001  -1.036214e-001  -9.770460e-002  -8.626605e-002  -7.161941e-002  -4.439010e-002  0.000000e+000  
3.672508e-011  1.287461e-010  -5.515307e-002  -5.404605e-002  -5.112006e-002  -4.542876e-002  -3.798569e-002  -2.386932e-002  0.000000e+000  
7.483482e-011  -2.737438e-010  -2.879891e-002  -2.822565e-002  -2.673427e-002  -2.382554e-002  -1.998310e-002  -1.263085e-002  0.000000e+000  
7.413232e-011  3.626770e-011  -1.502185e-002  -1.472279e-002  -1.395457e-002  -1.245445e-002  -1.046126e-002  -6.630233e-003  0.000000e+000  
-1.323162e-010  8.049189e-011  -7.806189e-003  -7.650273e-003  -7.254163e-003  -6.480193e-003  -5.447652e-003  -3.457601e-003  0.000000e+000  
-8.843770e-011  1.613899e-011  -4.179006e-003  -4.095207e-003  -3.884305e-003  -3.472070e-003  -2.920415e-003  -1.855173e-003  0.000000e+000  
-8.243471e-011  -2.305840e-010  -2.834280e-003  -2.777311e-003  -2.634659e-003  -2.355786e-003  -1.981998e-003  -1.259544e-003  0.000000e+000  
1.570162e-010  -1.073480e-010  -2.236111e-003  -2.191095e-003  -2.078737e-003  -1.859061e-003  -1.564331e-003  -9.943497e-004  0.000000e+000  
-3.116650e-010  6.566466e-011  -1.764853e-003  -1.729272e-003  -1.640730e-003  -1.467605e-003  -1.235110e-003  -7.852506e-004  0.000000e+000  
1.023605e-010  3.348954e-011  -1.393329e-003  -1.365197e-003  -1.295397e-003  -1.158905e-003  -9.754436e-004  -6.202822e-004  0.000000e+000  
2.821366e-010  -1.298733e-010  -1.101044e-003  -1.078783e-003  -1.023700e-003  -9.159798e-004  -7.710707e-004  -4.904094e-004  0.000000e+000  
2.674236e-010  1.574009e-010  -8.719307e-004  -8.542792e-004  -8.107129e-004  -7.255099e-004  -6.108018e-004  -3.885403e-004  0.000000e+000  
3.303041e-010  -1.579352e-010  -5.501712e-004  -5.390035e-004  -5.115840e-004  -4.579515e-004  -3.856338e-004  -2.453875e-004  0.000000e+000  
-2.479825e-010  -3.502439e-010  -2.884752e-004  -2.826014e-004  -2.682674e-004  -2.402258e-004  -2.023442e-004  -1.288048e-004  0.000000e+000  
1.242892e-010  2.644357e-011  -1.481647e-004  -1.451394e-004  -1.377973e-004  -1.234329e-004  -1.039943e-004  -6.622304e-005  0.000000e+000  
2.045383e-010  -2.282782e-011  -7.583843e-005  -7.428577e-005  -7.053750e-005  -6.320228e-005  -5.326073e-005  -3.392614e-005  0.000000e+000  
2.821322e-010  2.951018e-010  -3.985929e-005  -3.904129e-005  -3.707551e-005  -3.322846e-005  -2.800682e-005  -1.784463e-005  0.000000e+000  
6.073360e-010  -3.721201e-010  -2.677424e-005  -2.622389e-005  -2.490592e-005  -2.232339e-005  -1.881810e-005  -1.199135e-005  0.000000e+000  
-6.490144e-011  1.700608e-010  -2.105605e-005  -2.062279e-005  -1.958605e-005  -1.755807e-005  -1.480084e-005  -9.432681e-006  0.000000e+000  
-1.536181e-010  -6.128277e-010  -1.656627e-005  -1.622616e-005  -1.541092e-005  -1.381561e-005  -1.164729e-005  -7.423431e-006  0.000000e+000  
1.878261e-010  2.771990e-010  -1.303773e-005  -1.276926e-005  -1.212795e-005  -1.087379e-005  -9.167703e-006  -5.843752e-006  0.000000e+000  
-1.385437e-010  -6.820442e-010  -1.026975e-005  -1.005788e-005  -9.553736e-006  -8.566071e-006  -7.222574e-006  -4.605057e-006  0.000000e+000  
5.760220e-010  -1.636458e-010  -8.108222e-006  -7.940943e-006  -7.542861e-006  -6.763690e-006  -5.703686e-006  -3.636983e-006  0.000000e+000  
5.855725e-011  -6.709168e-011  -5.038115e-006  -4.934086e-006  -4.687396e-006  -4.204083e-006  -3.545766e-006  -2.261615e-006  0.000000e+000  
3.470054e-010  2.618936e-010  -2.600164e-006  -2.546564e-006  -2.418991e-006  -2.169691e-006  -1.829716e-006  -1.166678e-006  0.000000e+000  
9.982623e-011  2.792819e-010  -1.316466e-006  -1.289273e-006  -1.224746e-006  -1.098725e-006  -9.267285e-007  -5.912895e-007  0.000000e+000  
1.144356e-011  5.297117e-011  -6.616867e-007  -6.482572e-007  -6.163812e-007  -5.538494e-007  -4.674630e-007  -2.982338e-007  0.000000e+000  
2.844082e-010  2.056550e-010  -3.383371e-007  -3.313832e-007  -3.146044e-007  -2.821014e-007  -2.378187e-007  -1.516817e-007  0.000000e+000  
1.195999e-010  2.587230e-010  -1.749731e-007  -1.712883e-007  -1.623707e-007  -1.450801e-007  -1.219855e-007  -7.735113e-008  0.000000e+000  
-1.780957e-010  -2.250094e-010  -8.760975e-008  -8.601921e-008  -8.167620e-008  -7.327064e-008  -6.158433e-008  -3.866867e-008  0.000000e+000  
7.881614e-011  7.056491e-011  -4.238483e-008  -4.113710e-008  -3.900875e-008  -3.472584e-008  -2.867439e-008  -1.754260e-008  0.000000e+000  
-1.867933e-010  1.265306e-010  -2.479022e-008  -2.431538e-008  -2.282522e-008  -2.014154e-008  -1.664629e-008  -1.010668e-008  0.000000e+000  
1.768073e-010  -5.828347e-011  -1.522884e-008  -1.503149e-008  -1.437656e-008  -1.299561e-008  -1.107009e-008  -6.978776e-009  0.000000e+000  
-1.814457e-010  1.853869e-010  -1.460484e-009  -1.261477e-009  -1.387035e-009  -1.564513e-009  -1.409256e-009  -1.247325e-009  0.000000e+000  
-2.489527e-010  -2.402009e-010  -4.245696e-009  -4.057763e-009  -3.219175e-009  -1.903963e-009  -1.056715e-009  -4.688856e-011  0.000000e+000  
1.517372e-010  -1.050733e-010  1.399857e-009  1.625550e-009  1.703522e-009  1.966316e-009  1.847462e-009  1.275246e-009  0.000000e+000  
-1.530903e-010  -1.860387e-010  4.407387e-009  4.408671e-009  4.272427e-009  3.915070e-009  3.757098e-009  3.099447e-009  0.000000e+000  
1.587920e-010  3.257905e-010  -1.194221e-011  -4.901989e-011  -9.550400e-012  -4.918474e-011  3.548280e-012  1.826839e-010  0.000000e+000  
-4.712565e-011  -1.536420e-010  2.329401e-009  1.382971e-009  1.323213e-009  1.103314e-009  4.239288e-010  -5.526040e-011  0.000000e+000  
2.167937e-010  -1.923998e-011  2.736156e-009  2.200683e-009  2.397018e-009  9.067374e-010  6.486260e-010  2.793279e-010  0.000000e+000  
-6.601020e-011  2.383218e-010  2.391612e-009  1.441673e-009  2.200966e-009  1.633064e-009  8.224340e-010  6.793871e-010  0.000000e+000  
-2.927315e-010  4.407011e-010  9.544603e-010  1.414714e-009  7.659209e-010  8.158523e-010  1.058672e-009  1.024571e-009  0.000000e+000  
1.201901e-010  -5.272318e-010  1.031303e-009  5.109151e-011  6.730002e-010  6.149373e-010  6.860360e-010  1.449300e-009  0.000000e+000  
-4.813297e-010  5.921769e-011  -2.824767e-010  2.344339e-010  3.290886e-011  2.420917e-010  8.933265e-010  1.201993e-009  0.000000e+000  
3.482545e-010  3.707133e-010  8.306434e-010  9.495684e-010  8.845287e-010  8.436225e-010  5.037380e-010  2.497245e-010  0.000000e+000  
0.000000e+000  0.000000e+000  0.000000e+000  0.000000e+000  0.000000e+000  0.000000e+000  0.000000e+000  0.000000e+000  0.000000e+000  

