Port monitor named: Port1_e1.prt

nx        = 114
ny        = 88
nz        = 21

nu        = 9
nv        = 104
iu        = 8
iv        = 6

idir      = 1
dcut      = -1.048000e-001
icut      = 6
type      = 0
frequency = 1.800000e+009

fcutoff   = 0.000000e+000
alpha     = 0.000000e+000
beta      = 7.013277e+001
accuracy  = 7.384838e-010

type          = QTEM
wave imp.     = 2.032987e+002
wave imp.sig. = 2.352066e-008
line imp.     = 4.896106e+001

ref. port     = 0

3.682081e-008  9.097582e-008  1.289990e-007  1.487730e-007  1.577539e-007  1.391857e-007  1.025582e-007  4.422426e-008  -0.000000e+000  
-7.573233e-009  -1.808373e-008  -2.690616e-008  -3.192613e-008  -2.430231e-008  -1.781776e-008  -1.058478e-008  -4.697073e-009  -0.000000e+000  
-1.650459e-008  -2.700011e-008  -4.595138e-008  -4.895877e-008  -5.259102e-008  -5.186149e-008  -3.454668e-008  -1.716214e-008  -0.000000e+000  
-9.181301e-009  -3.346595e-008  -4.934988e-008  -6.507805e-008  -7.630245e-008  -6.983608e-008  -5.686013e-008  -2.558563e-008  -0.000000e+000  
3.243041e-009  -6.228943e-009  -5.349064e-008  -4.033652e-008  -9.306047e-008  -7.839982e-008  -6.059808e-008  -3.033358e-008  -0.000000e+000  
-0.000000e+000  -0.000000e+000  -3.075141e-008  -2.057065e-008  -7.433715e-008  -5.914302e-008  -4.846541e-008  -2.581027e-008  -0.000000e+000  
-0.000000e+000  -1.014576e-008  -1.934996e-009  -8.370060e-009  -4.033212e-009  -1.341257e-008  -1.034477e-008  -1.414994e-008  -0.000000e+000  
-3.161972e-009  -4.714669e-009  2.066901e-008  2.011985e-008  6.497837e-008  4.710092e-008  2.787806e-008  7.071740e-009  -0.000000e+000  
-0.000000e+000  2.793793e-009  3.116407e-008  3.521902e-008  1.206344e-007  1.141910e-007  1.051260e-007  8.329992e-008  -0.000000e+000  
6.921148e-009  1.029658e-008  -2.932792e-008  -2.435546e-008  -6.090218e-008  -1.998763e-008  1.094724e-008  3.363890e-008  -0.000000e+000  
-5.627807e-009  -2.027547e-009  6.496718e-009  2.972755e-009  5.457169e-008  7.559063e-008  8.473796e-008  8.746984e-008  -0.000000e+000  
3.532828e-009  9.881094e-009  -3.129050e-008  -2.248257e-008  -7.900134e-008  -4.251725e-008  -3.507651e-009  3.818555e-008  -0.000000e+000  
-0.000000e+000  -0.000000e+000  -6.235457e-008  -5.802941e-008  -2.515345e-007  -2.287362e-007  -1.977974e-007  -1.299742e-007  -0.000000e+000  
-5.768053e-009  -7.008205e-009  -1.070413e-007  -1.053632e-007  -4.793456e-007  -4.611783e-007  -4.081086e-007  -2.825278e-007  -0.000000e+000  
-0.000000e+000  8.289290e-009  -2.950459e-007  -2.967935e-007  -1.267286e-006  -1.194653e-006  -1.045306e-006  -7.013876e-007  -0.000000e+000  
4.201314e-009  1.105719e-008  -8.709145e-007  -8.420584e-007  -3.566843e-006  -3.283276e-006  -2.820244e-006  -1.852582e-006  -0.000000e+000  
8.751922e-009  3.959835e-009  -1.930354e-006  -1.879491e-006  -7.952351e-006  -7.326992e-006  -6.302271e-006  -4.134774e-006  -0.000000e+000  
-0.000000e+000  -9.053419e-009  -4.276891e-006  -4.161981e-006  -1.769593e-005  -1.633558e-005  -1.407252e-005  -9.236476e-006  -0.000000e+000  
-7.034435e-009  -1.548995e-008  -9.404941e-006  -9.153734e-006  -3.899472e-005  -3.604391e-005  -3.109387e-005  -2.045260e-005  -0.000000e+000  
-9.355533e-009  -8.031781e-009  -2.046192e-005  -1.990671e-005  -8.486401e-005  -7.845807e-005  -6.768627e-005  -4.453657e-005  -0.000000e+000  
-0.000000e+000  -0.000000e+000  -4.427036e-005  -4.310063e-005  -1.837616e-004  -1.699491e-004  -1.466725e-004  -9.656574e-005  -0.000000e+000  
-5.962542e-009  -5.620185e-009  -9.570497e-005  -9.317597e-005  -3.973530e-004  -3.675255e-004  -3.172097e-004  -2.088563e-004  -0.000000e+000  
-0.000000e+000  -2.593883e-009  -1.973056e-004  -1.920749e-004  -8.190667e-004  -7.575099e-004  -6.537332e-004  -4.303513e-004  -0.000000e+000  
7.368567e-009  -4.671189e-009  -2.633165e-004  -2.563259e-004  -1.093056e-003  -1.010893e-003  -8.723872e-004  -5.742761e-004  -0.000000e+000  
5.734498e-009  2.145917e-009  -3.495517e-004  -3.402834e-004  -1.451020e-003  -1.341932e-003  -1.158061e-003  -7.623194e-004  -0.000000e+000  
-3.399523e-009  -0.000000e+000  -4.626479e-004  -4.503715e-004  -1.920444e-003  -1.776056e-003  -1.532697e-003  -1.008918e-003  -0.000000e+000  
-0.000000e+000  2.605759e-009  -6.105405e-004  -5.943365e-004  -2.534345e-003  -2.343795e-003  -2.022624e-003  -1.331416e-003  -0.000000e+000  
4.314392e-009  -0.000000e+000  -8.049140e-004  -7.835589e-004  -3.341171e-003  -3.089949e-003  -2.666538e-003  -1.755276e-003  -0.000000e+000  
5.567843e-009  -6.424976e-009  -1.060563e-003  -1.032408e-003  -4.402343e-003  -4.071329e-003  -3.513442e-003  -2.312760e-003  -0.000000e+000  
-5.597239e-009  -7.381466e-009  -2.100376e-003  -2.044641e-003  -8.718588e-003  -8.063052e-003  -6.958190e-003  -4.580317e-003  -0.000000e+000  
-5.662372e-009  -1.280933e-008  -4.444167e-003  -4.326221e-003  -1.844757e-002  -1.706049e-002  -1.472269e-002  -9.691323e-003  -0.000000e+000  
-0.000000e+000  -1.147936e-008  -9.465603e-003  -9.214398e-003  -3.929136e-002  -3.633704e-002  -3.135777e-002  -2.064148e-002  -0.000000e+000  
-3.300678e-009  -7.258803e-009  -2.019033e-002  -1.965450e-002  -8.380916e-002  -7.750745e-002  -6.688644e-002  -4.402830e-002  -0.000000e+000  
-4.668173e-009  -1.763575e-008  -4.086616e-002  -3.978154e-002  -1.696331e-001  -1.568777e-001  -1.353799e-001  -8.911345e-002  -0.000000e+000  
-4.631462e-009  -1.459489e-008  -5.442680e-002  -5.298220e-002  -2.259218e-001  -2.089332e-001  -1.803010e-001  -1.186812e-001  -0.000000e+000  
-5.248383e-009  -1.018384e-008  -7.213142e-002  -7.021676e-002  -2.994112e-001  -2.768951e-001  -2.389477e-001  -1.572822e-001  -0.000000e+000  
-2.885999e-009  -0.000000e+000  -9.532839e-002  -9.279774e-002  -3.956972e-001  -3.659379e-001  -3.157841e-001  -2.078530e-001  -0.000000e+000  
-2.370380e-009  -0.000000e+000  -1.256772e-001  -1.223403e-001  -5.216662e-001  -4.824281e-001  -4.163020e-001  -2.740046e-001  -0.000000e+000  
3.533106e-009  8.113107e-009  -1.655377e-001  -1.611414e-001  -6.871104e-001  -6.354180e-001  -5.483080e-001  -3.608683e-001  -0.000000e+000  
6.046724e-009  5.412831e-009  -2.179301e-001  -2.121401e-001  -9.045577e-001  -8.364860e-001  -7.217838e-001  -4.749984e-001  -0.000000e+000  
-8.110372e-009  -3.381688e-009  -4.256690e-001  -4.143428e-001  -1.766648e+000  -1.633543e+000  -1.409334e+000  -9.271420e-001  -0.000000e+000  
-5.173280e-009  3.075730e-009  -8.938056e-001  -8.699117e-001  -3.708464e+000  -3.428059e+000  -2.956219e+000  -1.942740e+000  -0.000000e+000  
-1.959874e-009  9.320942e-009  -1.892380e+000  -1.841086e+000  -7.844796e+000  -7.245593e+000  -6.240401e+000  -4.089086e+000  -0.000000e+000  
3.135964e-009  9.949773e-009  -4.030205e+000  -3.916242e+000  -1.666186e+001  -1.535220e+001  -1.317570e+001  -8.565183e+000  -0.000000e+000  
6.247008e-009  1.796846e-008  -8.702694e+000  -8.421355e+000  -3.564745e+001  -3.261043e+001  -2.771084e+001  -1.763242e+001  -0.000000e+000  
-2.329204e-009  -0.000000e+000  -1.965773e+001  -1.871673e+001  -7.771347e+001  -6.951352e+001  -5.743443e+001  -3.452452e+001  -0.000000e+000  
-9.405238e-009  -2.075925e-009  -5.181740e+001  -4.628370e+001  -1.774366e+002  -1.474123e+002  -1.123148e+002  -5.793909e+001  -0.000000e+000  
9.979990e-009  4.801361e-009  -1.909698e+002  -1.433266e+002  -4.098927e+002  -2.677142e+002  -1.592695e+002  -5.036846e+001  -0.000000e+000  
5.464246e-009  1.043979e-008  -4.937345e+002  -3.246433e+002  -5.636304e+002  -2.440425e+002  -9.155436e+001  -1.967443e+000  -0.000000e+000  
8.556775e-009  9.921054e-009  -1.293779e+003  -8.690823e+002  -5.579399e+002  -1.492351e+001  9.482671e+001  7.779520e+001  -0.000000e+000  
5.909632e-009  1.528092e-008  -3.342674e+003  -3.743634e+003  1.529151e+003  7.509671e+002  4.310746e+002  1.717529e+002  -0.000000e+000  
2.936580e-009  1.160700e-008  -4.104004e+003  -4.546006e+003  1.646348e+003  9.566270e+002  5.584349e+002  2.114031e+002  -0.000000e+000  
2.028881e-009  8.364935e-009  -4.104004e+003  -4.546006e+003  1.646348e+003  9.566270e+002  5.584349e+002  2.114031e+002  -0.000000e+000  
8.112252e-009  4.714084e-009  -3.342674e+003  -3.743634e+003  1.529151e+003  7.509671e+002  4.310746e+002  1.717529e+002  -0.000000e+000  
4.962917e-009  -0.000000e+000  -1.293779e+003  -8.690823e+002  -5.579399e+002  -1.492351e+001  9.482671e+001  7.779520e+001  -0.000000e+000  
2.451769e-009  -0.000000e+000  -4.937345e+002  -3.246433e+002  -5.636304e+002  -2.440425e+002  -9.155436e+001  -1.967444e+000  -0.000000e+000  
-0.000000e+000  -4.826896e-009  -1.909698e+002  -1.433266e+002  -4.098927e+002  -2.677142e+002  -1.592695e+002  -5.036846e+001  -0.000000e+000  
-3.345399e-009  -4.101457e-009  -5.181740e+001  -4.628370e+001  -1.774366e+002  -1.474123e+002  -1.123148e+002  -5.793909e+001  -0.000000e+000  
-1.870069e-009  6.693576e-009  -1.965773e+001  -1.871673e+001  -7.771347e+001  -6.951352e+001  -5.743443e+001  -3.452452e+001  -0.000000e+000  
-0.000000e+000  9.758873e-009  -8.702695e+000  -8.421355e+000  -3.564745e+001  -3.261043e+001  -2.771084e+001  -1.763242e+001  -0.000000e+000  
-2.000671e-009  2.745177e-009  -4.030205e+000  -3.916242e+000  -1.666186e+001  -1.535220e+001  -1.317570e+001  -8.565183e+000  -0.000000e+000  
2.174853e-009  1.133592e-008  -1.892381e+000  -1.841086e+000  -7.844797e+000  -7.245593e+000  -6.240402e+000  -4.089086e+000  -0.000000e+000  
-0.000000e+000  2.140340e-009  -8.938058e-001  -8.699118e-001  -3.708465e+000  -3.428060e+000  -2.956219e+000  -1.942740e+000  -0.000000e+000  
3.248390e-009  1.892967e-009  -4.256691e-001  -4.143428e-001  -1.766648e+000  -1.633543e+000  -1.409334e+000  -9.271423e-001  -0.000000e+000  
2.216254e-009  -7.334819e-009  -2.179301e-001  -2.121402e-001  -9.045580e-001  -8.364863e-001  -7.217841e-001  -4.749986e-001  -0.000000e+000  
-2.171730e-009  -2.833067e-009  -1.655378e-001  -1.611415e-001  -6.871107e-001  -6.354183e-001  -5.483084e-001  -3.608685e-001  -0.000000e+000  
1.926695e-009  -5.232817e-009  -1.256772e-001  -1.223404e-001  -5.216665e-001  -4.824284e-001  -4.163023e-001  -2.740049e-001  -0.000000e+000  
-0.000000e+000  -4.679047e-009  -9.532846e-002  -9.279780e-002  -3.956975e-001  -3.659382e-001  -3.157844e-001  -2.078532e-001  -0.000000e+000  
3.656216e-009  -5.334945e-009  -7.213148e-002  -7.021683e-002  -2.994114e-001  -2.768954e-001  -2.389479e-001  -1.572824e-001  -0.000000e+000  
-3.978649e-009  -2.791355e-009  -5.442685e-002  -5.298225e-002  -2.259221e-001  -2.089334e-001  -1.803012e-001  -1.186814e-001  -0.000000e+000  
-0.000000e+000  -8.025883e-009  -4.086620e-002  -3.978158e-002  -1.696333e-001  -1.568779e-001  -1.353800e-001  -8.911357e-002  -0.000000e+000  
-9.827541e-009  -0.000000e+000  -2.019028e-002  -1.965445e-002  -8.380896e-002  -7.750727e-002  -6.688632e-002  -4.402827e-002  -0.000000e+000  
7.629083e-009  1.929783e-008  -9.465543e-003  -9.214346e-003  -3.929110e-002  -3.633681e-002  -3.135758e-002  -2.064140e-002  -0.000000e+000  
1.155085e-008  1.313841e-008  -4.444092e-003  -4.326150e-003  -1.844726e-002  -1.706021e-002  -1.472245e-002  -9.691165e-003  -0.000000e+000  
9.966503e-009  9.747589e-009  -2.100322e-003  -2.044582e-003  -8.718351e-003  -8.062821e-003  -6.957972e-003  -4.580141e-003  -0.000000e+000  
-0.000000e+000  -9.815765e-009  -1.060480e-003  -1.032332e-003  -4.402002e-003  -4.071012e-003  -3.513168e-003  -2.312579e-003  -0.000000e+000  
-3.354708e-009  -7.349262e-009  -8.048350e-004  -7.834774e-004  -3.340835e-003  -3.089646e-003  -2.666270e-003  -1.755104e-003  -0.000000e+000  
-0.000000e+000  -1.067993e-008  -6.104703e-004  -5.942756e-004  -2.534044e-003  -2.343513e-003  -2.022386e-003  -1.331260e-003  -0.000000e+000  
3.071783e-009  -2.063420e-009  -4.625948e-004  -4.503132e-004  -1.920205e-003  -1.775830e-003  -1.532495e-003  -1.008782e-003  -0.000000e+000  
-5.439400e-009  -2.483854e-009  -3.495153e-004  -3.402384e-004  -1.450852e-003  -1.341769e-003  -1.157910e-003  -7.622126e-004  -0.000000e+000  
4.652619e-009  3.235786e-009  -2.633018e-004  -2.563181e-004  -1.092968e-003  -1.010802e-003  -8.723051e-004  -5.742049e-004  -0.000000e+000  
2.654033e-009  -0.000000e+000  -1.973187e-004  -1.920891e-004  -8.190995e-004  -7.575252e-004  -6.537352e-004  -4.303309e-004  -0.000000e+000  
2.938709e-009  -2.040036e-009  -9.585772e-005  -9.331453e-005  -3.979005e-004  -3.679864e-004  -3.175624e-004  -2.090451e-004  -0.000000e+000  
-5.049504e-009  -1.427376e-008  -4.436085e-005  -4.318729e-005  -1.841791e-004  -1.703467e-004  -1.470204e-004  -9.679188e-005  -0.000000e+000  
-7.960388e-009  -1.784835e-008  -2.051297e-005  -1.997427e-005  -8.519724e-005  -7.881273e-005  -6.802802e-005  -4.478113e-005  -0.000000e+000  
1.740054e-009  -5.733664e-009  -9.556066e-006  -9.293487e-006  -3.959786e-005  -3.658944e-005  -3.154965e-005  -2.074212e-005  -0.000000e+000  
-1.835732e-009  -7.008953e-009  -4.424864e-006  -4.305448e-006  -1.833633e-005  -1.694159e-005  -1.460897e-005  -9.607890e-006  -0.000000e+000  
-4.844366e-009  -1.256926e-008  -1.997369e-006  -1.950441e-006  -8.347024e-006  -7.745736e-006  -6.703470e-006  -4.424777e-006  -0.000000e+000  
3.916550e-009  6.989402e-009  -9.108324e-007  -8.833521e-007  -3.803107e-006  -3.526187e-006  -3.042258e-006  -1.994907e-006  -0.000000e+000  
-4.048618e-009  -0.000000e+000  -4.525917e-007  -4.450251e-007  -1.882517e-006  -1.738542e-006  -1.494732e-006  -9.698246e-007  -0.000000e+000  
-2.257202e-009  -1.328648e-008  -1.946440e-007  -1.864482e-007  -8.223779e-007  -7.664664e-007  -6.596027e-007  -4.237287e-007  -0.000000e+000  
-7.642376e-009  -6.181518e-009  -4.419515e-008  -4.567114e-008  -1.919042e-007  -1.800265e-007  -1.501913e-007  -9.193965e-008  -0.000000e+000  
-6.690109e-009  -2.010504e-008  -9.004657e-008  -7.788928e-008  -3.038347e-007  -2.427312e-007  -1.751185e-007  -7.627738e-008  -0.000000e+000  
-1.956976e-009  -8.910774e-009  -2.437413e-008  -1.643803e-008  -1.015361e-007  -9.446158e-008  -7.663482e-008  -4.028564e-008  -0.000000e+000  
-1.045196e-008  -3.028260e-009  -3.872167e-008  -3.577815e-008  -1.696821e-007  -1.531573e-007  -1.190548e-007  -5.629035e-008  -0.000000e+000  
3.207552e-009  1.396005e-008  -8.287376e-008  -8.175967e-008  -3.340565e-007  -3.019461e-007  -2.539317e-007  -1.565522e-007  -0.000000e+000  
-5.069785e-009  -3.022408e-009  -3.603484e-008  -3.504648e-008  -1.727253e-007  -1.761810e-007  -1.577612e-007  -1.119244e-007  -0.000000e+000  
-0.000000e+000  -0.000000e+000  -3.611967e-008  -3.284611e-008  -1.514851e-007  -1.536318e-007  -1.369983e-007  -9.020505e-008  -0.000000e+000  
-0.000000e+000  1.050497e-008  -4.709031e-008  -4.160224e-008  -1.436602e-007  -1.341814e-007  -1.186090e-007  -7.152443e-008  -0.000000e+000  
6.324923e-009  2.616297e-008  -5.536424e-008  -4.837451e-008  -1.209955e-007  -1.131253e-007  -9.372360e-008  -5.729858e-008  -0.000000e+000  
-0.000000e+000  -1.058277e-008  -2.030868e-008  -4.229919e-008  -5.910653e-008  -7.030181e-008  -6.705310e-008  -4.557856e-008  -0.000000e+000  
-0.000000e+000  5.372808e-009  -7.569186e-009  -8.152686e-009  -1.915614e-008  -3.193065e-008  -3.792494e-008  -3.888527e-008  -0.000000e+000  
9.808134e-009  1.027743e-008  1.773655e-008  1.938878e-008  1.550615e-008  2.079581e-009  -1.329267e-008  -3.335495e-008  -0.000000e+000  
-9.326272e-009  -4.851505e-009  -1.180936e-008  -1.112479e-008  -9.894111e-009  -1.316058e-008  -1.690940e-008  -2.674719e-008  -0.000000e+000  

-1.086079e-008  -8.972300e-009  -8.951786e-009  -7.298308e-009  -6.440418e-009  -5.385760e-009  -3.565207e-009  -3.652874e-009  -5.584171e-009  
-2.106849e-008  -2.582814e-008  -2.250441e-008  -2.317420e-008  -3.050132e-008  -2.548834e-008  -2.510186e-008  -1.505963e-008  3.401483e-009  
-1.520085e-008  -1.245685e-008  -1.607096e-008  -2.199619e-008  -2.726436e-008  -3.582056e-008  -3.342652e-008  -2.606884e-008  -6.308791e-009  
3.851811e-009  3.714090e-009  1.129720e-008  -1.142643e-008  -9.690082e-009  -4.029857e-008  -4.624185e-008  -4.408201e-008  -3.301157e-008  
1.901060e-009  1.923762e-009  -0.000000e+000  -1.275120e-008  -3.065872e-008  -5.175020e-008  -6.308526e-008  -6.513811e-008  -6.216931e-008  
-0.000000e+000  5.242973e-009  -0.000000e+000  -3.158419e-008  -6.640920e-008  -7.282543e-008  -7.621397e-008  -7.939047e-008  -8.979468e-008  
-1.871711e-009  3.395974e-009  -0.000000e+000  -3.734625e-008  -6.933969e-008  -7.138559e-008  -7.907288e-008  -8.272320e-008  -9.529092e-008  
-1.019935e-009  -0.000000e+000  -0.000000e+000  -1.539322e-008  -2.843612e-008  -4.174821e-008  -5.264433e-008  -6.364780e-008  -7.225613e-008  
1.123764e-009  -7.932505e-010  -0.000000e+000  1.558955e-008  3.118299e-008  2.701666e-009  -2.499197e-008  -5.361005e-008  -1.056460e-007  
-2.228265e-009  -0.000000e+000  -0.000000e+000  -2.436485e-008  -4.980834e-008  -6.078529e-008  -7.687376e-008  -9.794961e-008  -1.440110e-007  
-1.674442e-009  8.373428e-010  -0.000000e+000  1.129023e-008  2.345549e-008  7.390291e-009  -7.308025e-009  -2.055221e-008  -4.946776e-008  
5.492738e-010  4.266985e-010  -0.000000e+000  3.729844e-008  7.560134e-008  9.713051e-008  1.199979e-007  1.390901e-007  1.576649e-007  
3.444071e-009  1.756836e-009  -0.000000e+000  7.398625e-008  1.442878e-007  1.941106e-007  2.308396e-007  2.581430e-007  2.778108e-007  
7.150835e-010  9.794338e-010  -0.000000e+000  1.740465e-007  3.452831e-007  4.039695e-007  4.500052e-007  4.799647e-007  5.016067e-007  
-2.483869e-009  -0.000000e+000  -0.000000e+000  4.264902e-007  8.449571e-007  8.898846e-007  9.102473e-007  9.180255e-007  9.249990e-007  
-4.254550e-010  5.481467e-010  -0.000000e+000  7.476941e-007  1.479270e-006  1.484116e-006  1.448380e-006  1.394577e-006  1.270889e-006  
4.124469e-009  2.108320e-009  -0.000000e+000  1.459369e-006  2.893189e-006  2.621208e-006  2.292762e-006  1.962530e-006  1.394391e-006  
-0.000000e+000  -4.057912e-010  -0.000000e+000  2.825100e-006  5.599762e-006  4.481021e-006  3.295958e-006  2.176182e-006  3.772841e-007  
-2.038567e-009  -1.345934e-009  -0.000000e+000  5.366820e-006  1.063725e-005  7.187506e-006  3.697838e-006  4.961313e-007  -4.469727e-006  
1.175192e-009  1.093852e-009  -0.000000e+000  1.014249e-005  2.010407e-005  1.062763e-005  1.266124e-006  -7.188497e-006  -2.008578e-005  
-3.078790e-009  -1.936730e-009  -0.000000e+000  1.912442e-005  3.791663e-005  1.345231e-005  -1.035350e-005  -3.164426e-005  -6.372089e-005  
-3.695111e-009  -9.106923e-010  -0.000000e+000  3.525784e-005  6.991909e-005  1.042075e-005  -4.691112e-005  -9.784164e-005  -1.739383e-004  
-3.969416e-009  -1.847143e-009  -0.000000e+000  5.411998e-005  1.073533e-004  -4.523876e-006  -1.117096e-004  -2.065591e-004  -3.475831e-004  
-2.770963e-009  -1.140003e-009  -0.000000e+000  6.697841e-005  1.328708e-004  -1.864278e-005  -1.634929e-004  -2.914707e-004  -4.813901e-004  
-2.307997e-009  -4.061003e-009  -0.000000e+000  8.290514e-005  1.644957e-004  -4.127022e-005  -2.375814e-004  -4.107796e-004  -6.673356e-004  
1.081940e-009  -0.000000e+000  -0.000000e+000  1.025168e-004  2.034397e-004  -7.600634e-005  -3.420953e-004  -5.765421e-004  -9.232533e-004  
-0.000000e+000  2.708793e-009  -0.000000e+000  1.265576e-004  2.511916e-004  -1.278181e-004  -4.880749e-004  -8.051150e-004  -1.273241e-003  
3.299660e-009  -0.000000e+000  -0.000000e+000  1.559878e-004  3.096589e-004  -2.038473e-004  -6.911697e-004  -1.119558e-003  -1.751190e-003  
4.067563e-009  1.748429e-009  -0.000000e+000  2.205004e-004  4.378779e-004  -4.015924e-004  -1.196523e-003  -1.894245e-003  -2.920986e-003  
8.261490e-010  1.779236e-009  -0.000000e+000  3.786018e-004  7.523872e-004  -1.107383e-003  -2.862944e-003  -4.400410e-003  -6.656394e-003  
2.681242e-009  1.213436e-009  -0.000000e+000  6.483654e-004  1.289833e-003  -2.928338e-003  -6.899559e-003  -1.037089e-002  -1.545197e-002  
-6.159498e-010  -1.095139e-009  -0.000000e+000  1.066756e-003  2.125463e-003  -7.340258e-003  -1.623225e-002  -2.399278e-002  -3.532886e-002  
2.465617e-009  1.636151e-009  -0.000000e+000  1.629267e-003  3.254345e-003  -1.739366e-002  -3.675495e-002  -5.363065e-002  -7.823934e-002  
-0.000000e+000  -0.000000e+000  -0.000000e+000  2.041251e-003  4.090780e-003  -3.209739e-002  -6.598901e-002  -9.550357e-002  -1.384919e-001  
1.880615e-009  1.378364e-009  -0.000000e+000  2.240533e-003  4.500838e-003  -4.335501e-002  -8.815030e-002  -1.271453e-001  -1.839122e-001  
-2.659812e-009  -2.675177e-009  -0.000000e+000  2.375280e-003  4.788309e-003  -5.871692e-002  -1.181297e-001  -1.698292e-001  -2.450502e-001  
-0.000000e+000  1.376602e-009  -0.000000e+000  2.391755e-003  4.848463e-003  -7.953895e-002  -1.584476e-001  -2.270852e-001  -3.268946e-001  
-2.555674e-009  -4.070698e-009  -0.000000e+000  2.210475e-003  4.526121e-003  -1.076416e-001  -2.124738e-001  -3.036246e-001  -4.360936e-001  
-2.735257e-009  2.742466e-009  -0.000000e+000  1.713363e-003  3.590610e-003  -1.455437e-001  -2.848547e-001  -4.059342e-001  -5.817846e-001  
-2.189995e-009  7.211239e-010  -0.000000e+000  -3.193319e-005  2.504944e-004  -2.359890e-001  -4.564983e-001  -6.480209e-001  -9.258711e-001  
-0.000000e+000  -3.723705e-010  -0.000000e+000  -8.949227e-003  -1.704821e-002  -5.149791e-001  -9.790618e-001  -1.381530e+000  -1.963764e+000  
2.171866e-009  -0.000000e+000  -0.000000e+000  -3.761546e-002  -7.291253e-002  -1.159842e+000  -2.170445e+000  -3.044296e+000  -4.300737e+000  
6.223530e-010  8.611747e-010  -0.000000e+000  -1.187439e-001  -2.309260e-001  -2.600657e+000  -4.792673e+000  -6.674984e+000  -9.341091e+000  
8.021955e-010  -4.733680e-010  -0.000000e+000  -3.481078e-001  -6.738694e-001  -5.889616e+000  -1.064907e+001  -1.466237e+001  -2.012894e+001  
2.477217e-009  5.462067e-010  -0.000000e+000  -1.083431e+000  -2.054007e+000  -1.388337e+001  -2.425116e+001  -3.256442e+001  -4.275154e+001  
-1.105420e-009  -1.127028e-009  -0.000000e+000  -4.387661e+000  -7.867383e+000  -3.669128e+001  -5.892068e+001  -7.426484e+001  -8.769772e+001  
-2.360305e-009  7.621797e-010  -0.000000e+000  -2.738692e+001  -4.522996e+001  -1.211161e+002  -1.584573e+002  -1.710341e+002  -1.603409e+002  
-1.326302e-009  1.801076e-009  -0.000000e+000  -1.692429e+002  -2.677610e+002  -3.961916e+002  -3.676808e+002  -3.016846e+002  -2.011379e+002  
3.231696e-009  -0.000000e+000  -0.000000e+000  -4.573774e+002  -7.655027e+002  -7.484874e+002  -5.346106e+002  -3.618355e+002  -1.999695e+002  
4.649549e-009  -0.000000e+000  -0.000000e+000  -1.184391e+003  -2.652355e+003  -1.349656e+003  -6.541365e+002  -3.475762e+002  -1.590446e+002  
1.559351e-009  -0.000000e+000  -0.000000e+000  -5.777926e+002  -0.000000e+000  -5.853518e+002  -3.387677e+002  -1.861299e+002  -8.179972e+001  
5.139456e-009  2.403206e-009  -0.000000e+000  9.875902e-009  -0.000000e+000  -1.319039e-008  -3.657056e-008  -7.376128e-008  -1.193390e-007  
-0.000000e+000  -0.000000e+000  -0.000000e+000  5.777926e+002  -0.000000e+000  5.853518e+002  3.387677e+002  1.861299e+002  8.179972e+001  
2.410492e-009  2.720536e-009  -0.000000e+000  1.184391e+003  2.652355e+003  1.349656e+003  6.541365e+002  3.475762e+002  1.590446e+002  
3.142598e-009  -2.628769e-009  -0.000000e+000  4.573774e+002  7.655027e+002  7.484874e+002  5.346106e+002  3.618355e+002  1.999695e+002  
-0.000000e+000  -0.000000e+000  -0.000000e+000  1.692429e+002  2.677610e+002  3.961916e+002  3.676808e+002  3.016846e+002  2.011379e+002  
-1.924554e-009  -0.000000e+000  -0.000000e+000  2.738692e+001  4.522996e+001  1.211161e+002  1.584573e+002  1.710341e+002  1.603409e+002  
-1.473183e-009  -1.016523e-009  -0.000000e+000  4.387661e+000  7.867383e+000  3.669128e+001  5.892068e+001  7.426484e+001  8.769772e+001  
2.558762e-009  4.076869e-010  -0.000000e+000  1.083431e+000  2.054007e+000  1.388337e+001  2.425116e+001  3.256442e+001  4.275154e+001  
-0.000000e+000  -0.000000e+000  -0.000000e+000  3.481078e-001  6.738695e-001  5.889616e+000  1.064907e+001  1.466237e+001  2.012894e+001  
-4.696188e-010  1.290378e-009  -0.000000e+000  1.187439e-001  2.309260e-001  2.600657e+000  4.792673e+000  6.674985e+000  9.341092e+000  
1.076167e-009  1.473634e-009  -0.000000e+000  3.761546e-002  7.291253e-002  1.159842e+000  2.170445e+000  3.044296e+000  4.300737e+000  
-0.000000e+000  -8.445195e-010  -0.000000e+000  8.949219e-003  1.704820e-002  5.149792e-001  9.790619e-001  1.381530e+000  1.963764e+000  
3.154934e-009  1.886023e-009  -0.000000e+000  3.193418e-005  -2.504909e-004  2.359890e-001  4.564983e-001  6.480210e-001  9.258711e-001  
3.569103e-009  -0.000000e+000  -0.000000e+000  -1.713349e-003  -3.590588e-003  1.455437e-001  2.848547e-001  4.059342e-001  5.817846e-001  
-1.702926e-009  2.560383e-009  -0.000000e+000  -2.210471e-003  -4.526103e-003  1.076416e-001  2.124739e-001  3.036246e-001  4.360934e-001  
3.722140e-009  -1.045537e-009  -0.000000e+000  -2.391755e-003  -4.848458e-003  7.953895e-002  1.584475e-001  2.270851e-001  3.268944e-001  
-3.358252e-009  -0.000000e+000  -0.000000e+000  -2.375293e-003  -4.788341e-003  5.871688e-002  1.181296e-001  1.698291e-001  2.450500e-001  
1.251226e-009  -0.000000e+000  -0.000000e+000  -2.240558e-003  -4.500886e-003  4.335494e-002  8.815020e-002  1.271452e-001  1.839120e-001  
-4.245648e-009  1.221666e-009  -0.000000e+000  -2.041288e-003  -4.090860e-003  3.209728e-002  6.598886e-002  9.550338e-002  1.384916e-001  
-1.590751e-009  -0.000000e+000  -0.000000e+000  -1.629354e-003  -3.254518e-003  1.739346e-002  3.675472e-002  5.363039e-002  7.823902e-002  
-7.998720e-010  -0.000000e+000  -0.000000e+000  -1.066800e-003  -2.125552e-003  7.340117e-003  1.623207e-002  2.399257e-002  3.532862e-002  
-1.322045e-009  9.489860e-010  -0.000000e+000  -6.484005e-004  -1.289902e-003  2.928235e-003  6.899428e-003  1.037073e-002  1.545175e-002  
-1.104215e-009  9.381239e-010  -0.000000e+000  -3.786187e-004  -7.524198e-004  1.107308e-003  2.862833e-003  4.400265e-003  6.656175e-003  
-0.000000e+000  9.992949e-010  -0.000000e+000  -2.205400e-004  -4.379529e-004  4.014911e-004  1.196399e-003  1.894100e-003  2.920796e-003  
-2.328849e-009  2.737371e-009  -0.000000e+000  -1.560076e-004  -3.096997e-004  2.037659e-004  6.910634e-004  1.119422e-003  1.751028e-003  
-1.236055e-009  -0.000000e+000  -0.000000e+000  -1.265681e-004  -2.512073e-004  1.277658e-004  4.879877e-004  8.050025e-004  1.273104e-003  
1.884799e-009  1.922261e-009  -0.000000e+000  -1.025086e-004  -2.034219e-004  7.598854e-005  3.420445e-004  5.764681e-004  9.231600e-004  
-0.000000e+000  -2.844603e-009  -0.000000e+000  -8.287901e-005  -1.644422e-004  4.130752e-005  2.375896e-004  4.107664e-004  6.672941e-004  
-0.000000e+000  4.350860e-009  -0.000000e+000  -6.693560e-005  -1.327877e-004  1.872909e-005  1.635697e-004  2.915306e-004  4.814095e-004  
-1.863492e-009  3.648617e-009  -0.000000e+000  -5.405213e-005  -1.072162e-004  4.663869e-006  1.118502e-004  2.066843e-004  3.476599e-004  
4.373746e-010  1.181173e-009  -0.000000e+000  -3.515189e-005  -6.970694e-005  -1.020086e-005  4.712947e-005  9.805027e-005  1.741033e-004  
-2.856193e-009  -4.822996e-010  -0.000000e+000  -1.910497e-005  -3.787867e-005  -1.335099e-005  1.051106e-005  3.184679e-005  6.399252e-005  
-2.951190e-009  -2.395453e-009  -0.000000e+000  -1.012475e-005  -2.006925e-005  -1.054115e-005  -1.136030e-006  7.356700e-006  2.030591e-005  
-5.141206e-009  -2.995123e-009  -0.000000e+000  -5.298032e-006  -1.049945e-005  -7.024815e-006  -3.511097e-006  -2.820200e-007  4.746609e-006  
-4.595760e-009  -2.033444e-009  -0.000000e+000  -2.804740e-006  -5.559490e-006  -4.416526e-006  -3.209027e-006  -2.072960e-006  -2.632896e-007  
-2.537657e-009  -1.772466e-009  -0.000000e+000  -1.496414e-006  -2.965655e-006  -2.684021e-006  -2.347703e-006  -2.010569e-006  -1.426634e-006  
-1.131589e-009  -1.382647e-009  -0.000000e+000  -7.754428e-007  -1.536751e-006  -1.545746e-006  -1.508935e-006  -1.442076e-006  -1.260578e-006  
1.340830e-009  6.035494e-010  -0.000000e+000  -3.888437e-007  -7.675453e-007  -8.500331e-007  -8.990534e-007  -9.171626e-007  -8.877389e-007  
3.030413e-009  1.231926e-009  -0.000000e+000  -2.294737e-007  -4.534207e-007  -5.216294e-007  -5.703578e-007  -6.006862e-007  -6.141954e-007  
-1.699715e-009  -7.630609e-010  -0.000000e+000  -1.425945e-007  -2.849093e-007  -3.395429e-007  -3.837513e-007  -4.183199e-007  -4.586703e-007  
2.614516e-009  7.040131e-010  -0.000000e+000  -2.591720e-008  -4.680300e-008  -1.061946e-007  -1.532777e-007  -1.858032e-007  -2.229020e-007  
2.357734e-009  4.475415e-010  -0.000000e+000  -3.493544e-008  -6.859139e-008  -6.167635e-008  -4.862017e-008  -3.630108e-008  -1.344918e-008  
-0.000000e+000  -0.000000e+000  -0.000000e+000  1.300228e-008  2.755671e-008  3.608575e-008  5.218435e-008  7.129717e-008  1.092320e-007  
-2.361539e-009  -1.305468e-009  -0.000000e+000  4.114433e-008  8.193172e-008  1.053699e-007  1.274231e-007  1.510639e-007  2.012378e-007  
-0.000000e+000  -0.000000e+000  -0.000000e+000  1.008060e-008  1.971221e-008  7.382617e-008  1.152784e-007  1.476982e-007  1.875291e-007  
-2.446778e-009  -0.000000e+000  -0.000000e+000  2.643575e-008  4.343159e-008  8.557581e-008  1.250304e-007  1.509769e-007  1.911914e-007  
-8.242713e-009  -5.723896e-009  -0.000000e+000  2.476875e-008  4.472920e-008  9.374604e-008  1.269903e-007  1.547615e-007  2.018822e-007  
-2.059471e-008  -1.762603e-008  -0.000000e+000  9.155508e-009  2.163281e-008  8.044167e-008  1.278561e-007  1.644674e-007  2.182445e-007  
-3.635290e-008  -4.361468e-008  -4.707074e-008  -2.107831e-008  -1.364381e-009  6.909391e-008  1.228609e-007  1.660030e-007  2.288959e-007  
-2.309924e-008  -2.170281e-008  -1.808932e-008  1.245988e-009  2.222342e-008  7.083761e-008  1.169783e-007  1.558494e-007  2.249019e-007  
-4.076222e-009  -3.681756e-009  -0.000000e+000  1.190403e-008  3.102068e-008  6.353606e-008  9.911938e-008  1.374835e-007  1.947109e-007  
1.752268e-008  1.866842e-008  2.068226e-008  2.574371e-008  3.201377e-008  4.171506e-008  5.302375e-008  6.103103e-008  7.391156e-008  
-0.000000e+000  -0.000000e+000  -0.000000e+000  -0.000000e+000  -0.000000e+000  -0.000000e+000  -0.000000e+000  -0.000000e+000  -0.000000e+000  

0.000000e+000  0.000000e+000  0.000000e+000  0.000000e+000  0.000000e+000  0.000000e+000  0.000000e+000  0.000000e+000  0.000000e+000  
0.000000e+000  0.000000e+000  0.000000e+000  0.000000e+000  0.000000e+000  0.000000e+000  0.000000e+000  0.000000e+000  0.000000e+000  
0.000000e+000  0.000000e+000  0.000000e+000  0.000000e+000  0.000000e+000  0.000000e+000  0.000000e+000  0.000000e+000  0.000000e+000  
0.000000e+000  0.000000e+000  0.000000e+000  0.000000e+000  0.000000e+000  0.000000e+000  0.000000e+000  0.000000e+000  0.000000e+000  
0.000000e+000  0.000000e+000  0.000000e+000  0.000000e+000  0.000000e+000  0.000000e+000  0.000000e+000  0.000000e+000  0.000000e+000  
0.000000e+000  0.000000e+000  0.000000e+000  0.000000e+000  0.000000e+000  0.000000e+000  0.000000e+000  0.000000e+000  0.000000e+000  
0.000000e+000  0.000000e+000  0.000000e+000  0.000000e+000  0.000000e+000  0.000000e+000  0.000000e+000  0.000000e+000  0.000000e+000  
0.000000e+000  0.000000e+000  0.000000e+000  0.000000e+000  0.000000e+000  0.000000e+000  0.000000e+000  0.000000e+000  0.000000e+000  
0.000000e+000  0.000000e+000  0.000000e+000  0.000000e+000  0.000000e+000  0.000000e+000  0.000000e+000  0.000000e+000  0.000000e+000  
0.000000e+000  0.000000e+000  0.000000e+000  0.000000e+000  0.000000e+000  0.000000e+000  0.000000e+000  0.000000e+000  0.000000e+000  
0.000000e+000  0.000000e+000  0.000000e+000  0.000000e+000  0.000000e+000  0.000000e+000  0.000000e+000  0.000000e+000  0.000000e+000  
0.000000e+000  0.000000e+000  0.000000e+000  0.000000e+000  0.000000e+000  0.000000e+000  0.000000e+000  0.000000e+000  0.000000e+000  
0.000000e+000  0.000000e+000  0.000000e+000  0.000000e+000  0.000000e+000  0.000000e+000  0.000000e+000  0.000000e+000  0.000000e+000  
0.000000e+000  0.000000e+000  0.000000e+000  0.000000e+000  0.000000e+000  0.000000e+000  0.000000e+000  0.000000e+000  0.000000e+000  
0.000000e+000  0.000000e+000  0.000000e+000  0.000000e+000  0.000000e+000  0.000000e+000  0.000000e+000  0.000000e+000  0.000000e+000  
0.000000e+000  0.000000e+000  0.000000e+000  0.000000e+000  0.000000e+000  0.000000e+000  0.000000e+000  0.000000e+000  0.000000e+000  
0.000000e+000  0.000000e+000  0.000000e+000  0.000000e+000  0.000000e+000  0.000000e+000  0.000000e+000  0.000000e+000  0.000000e+000  
0.000000e+000  0.000000e+000  0.000000e+000  0.000000e+000  0.000000e+000  0.000000e+000  0.000000e+000  0.000000e+000  0.000000e+000  
0.000000e+000  0.000000e+000  0.000000e+000  0.000000e+000  0.000000e+000  0.000000e+000  0.000000e+000  0.000000e+000  0.000000e+000  
0.000000e+000  0.000000e+000  0.000000e+000  0.000000e+000  0.000000e+000  0.000000e+000  0.000000e+000  0.000000e+000  0.000000e+000  
0.000000e+000  0.000000e+000  0.000000e+000  0.000000e+000  0.000000e+000  0.000000e+000  0.000000e+000  0.000000e+000  0.000000e+000  
0.000000e+000  0.000000e+000  0.000000e+000  0.000000e+000  0.000000e+000  0.000000e+000  0.000000e+000  0.000000e+000  0.000000e+000  
0.000000e+000  0.000000e+000  0.000000e+000  0.000000e+000  0.000000e+000  0.000000e+000  0.000000e+000  0.000000e+000  0.000000e+000  
0.000000e+000  0.000000e+000  0.000000e+000  0.000000e+000  0.000000e+000  0.000000e+000  0.000000e+000  0.000000e+000  0.000000e+000  
0.000000e+000  0.000000e+000  0.000000e+000  0.000000e+000  0.000000e+000  0.000000e+000  0.000000e+000  0.000000e+000  0.000000e+000  
0.000000e+000  0.000000e+000  0.000000e+000  0.000000e+000  0.000000e+000  0.000000e+000  0.000000e+000  0.000000e+000  0.000000e+000  
0.000000e+000  0.000000e+000  0.000000e+000  0.000000e+000  0.000000e+000  0.000000e+000  0.000000e+000  0.000000e+000  0.000000e+000  
0.000000e+000  0.000000e+000  0.000000e+000  0.000000e+000  0.000000e+000  0.000000e+000  0.000000e+000  0.000000e+000  0.000000e+000  
0.000000e+000  0.000000e+000  0.000000e+000  0.000000e+000  0.000000e+000  0.000000e+000  0.000000e+000  0.000000e+000  0.000000e+000  
0.000000e+000  0.000000e+000  0.000000e+000  0.000000e+000  0.000000e+000  0.000000e+000  0.000000e+000  0.000000e+000  0.000000e+000  
0.000000e+000  0.000000e+000  0.000000e+000  0.000000e+000  0.000000e+000  0.000000e+000  0.000000e+000  0.000000e+000  0.000000e+000  
0.000000e+000  0.000000e+000  0.000000e+000  0.000000e+000  0.000000e+000  0.000000e+000  0.000000e+000  0.000000e+000  0.000000e+000  
0.000000e+000  0.000000e+000  0.000000e+000  0.000000e+000  0.000000e+000  0.000000e+000  0.000000e+000  0.000000e+000  0.000000e+000  
0.000000e+000  0.000000e+000  0.000000e+000  0.000000e+000  0.000000e+000  0.000000e+000  0.000000e+000  0.000000e+000  0.000000e+000  
0.000000e+000  0.000000e+000  0.000000e+000  0.000000e+000  0.000000e+000  0.000000e+000  0.000000e+000  0.000000e+000  0.000000e+000  
0.000000e+000  0.000000e+000  0.000000e+000  0.000000e+000  0.000000e+000  0.000000e+000  0.000000e+000  0.000000e+000  0.000000e+000  
0.000000e+000  0.000000e+000  0.000000e+000  0.000000e+000  0.000000e+000  0.000000e+000  0.000000e+000  0.000000e+000  0.000000e+000  
0.000000e+000  0.000000e+000  0.000000e+000  0.000000e+000  0.000000e+000  0.000000e+000  0.000000e+000  0.000000e+000  0.000000e+000  
0.000000e+000  0.000000e+000  0.000000e+000  0.000000e+000  0.000000e+000  0.000000e+000  0.000000e+000  0.000000e+000  0.000000e+000  
0.000000e+000  0.000000e+000  0.000000e+000  0.000000e+000  0.000000e+000  0.000000e+000  0.000000e+000  0.000000e+000  0.000000e+000  
0.000000e+000  0.000000e+000  0.000000e+000  0.000000e+000  0.000000e+000  0.000000e+000  0.000000e+000  0.000000e+000  0.000000e+000  
0.000000e+000  0.000000e+000  0.000000e+000  0.000000e+000  0.000000e+000  0.000000e+000  0.000000e+000  0.000000e+000  0.000000e+000  
0.000000e+000  0.000000e+000  0.000000e+000  0.000000e+000  0.000000e+000  0.000000e+000  0.000000e+000  0.000000e+000  0.000000e+000  
0.000000e+000  0.000000e+000  0.000000e+000  0.000000e+000  0.000000e+000  0.000000e+000  0.000000e+000  0.000000e+000  0.000000e+000  
0.000000e+000  0.000000e+000  0.000000e+000  0.000000e+000  0.000000e+000  0.000000e+000  0.000000e+000  0.000000e+000  0.000000e+000  
0.000000e+000  0.000000e+000  0.000000e+000  0.000000e+000  0.000000e+000  0.000000e+000  0.000000e+000  0.000000e+000  0.000000e+000  
0.000000e+000  0.000000e+000  0.000000e+000  0.000000e+000  0.000000e+000  0.000000e+000  0.000000e+000  0.000000e+000  0.000000e+000  
0.000000e+000  0.000000e+000  0.000000e+000  0.000000e+000  0.000000e+000  0.000000e+000  0.000000e+000  0.000000e+000  0.000000e+000  
0.000000e+000  0.000000e+000  0.000000e+000  0.000000e+000  0.000000e+000  0.000000e+000  0.000000e+000  0.000000e+000  0.000000e+000  
0.000000e+000  0.000000e+000  0.000000e+000  0.000000e+000  0.000000e+000  0.000000e+000  0.000000e+000  0.000000e+000  0.000000e+000  
0.000000e+000  0.000000e+000  0.000000e+000  0.000000e+000  0.000000e+000  0.000000e+000  0.000000e+000  0.000000e+000  0.000000e+000  
0.000000e+000  0.000000e+000  0.000000e+000  0.000000e+000  0.000000e+000  0.000000e+000  0.000000e+000  0.000000e+000  0.000000e+000  
0.000000e+000  0.000000e+000  0.000000e+000  0.000000e+000  0.000000e+000  0.000000e+000  0.000000e+000  0.000000e+000  0.000000e+000  
0.000000e+000  0.000000e+000  0.000000e+000  0.000000e+000  0.000000e+000  0.000000e+000  0.000000e+000  0.000000e+000  0.000000e+000  
0.000000e+000  0.000000e+000  0.000000e+000  0.000000e+000  0.000000e+000  0.000000e+000  0.000000e+000  0.000000e+000  0.000000e+000  
0.000000e+000  0.000000e+000  0.000000e+000  0.000000e+000  0.000000e+000  0.000000e+000  0.000000e+000  0.000000e+000  0.000000e+000  
0.000000e+000  0.000000e+000  0.000000e+000  0.000000e+000  0.000000e+000  0.000000e+000  0.000000e+000  0.000000e+000  0.000000e+000  
0.000000e+000  0.000000e+000  0.000000e+000  0.000000e+000  0.000000e+000  0.000000e+000  0.000000e+000  0.000000e+000  0.000000e+000  
0.000000e+000  0.000000e+000  0.000000e+000  0.000000e+000  0.000000e+000  0.000000e+000  0.000000e+000  0.000000e+000  0.000000e+000  
0.000000e+000  0.000000e+000  0.000000e+000  0.000000e+000  0.000000e+000  0.000000e+000  0.000000e+000  0.000000e+000  0.000000e+000  
0.000000e+000  0.000000e+000  0.000000e+000  0.000000e+000  0.000000e+000  0.000000e+000  0.000000e+000  0.000000e+000  0.000000e+000  
0.000000e+000  0.000000e+000  0.000000e+000  0.000000e+000  0.000000e+000  0.000000e+000  0.000000e+000  0.000000e+000  0.000000e+000  
0.000000e+000  0.000000e+000  0.000000e+000  0.000000e+000  0.000000e+000  0.000000e+000  0.000000e+000  0.000000e+000  0.000000e+000  
0.000000e+000  0.000000e+000  0.000000e+000  0.000000e+000  0.000000e+000  0.000000e+000  0.000000e+000  0.000000e+000  0.000000e+000  
0.000000e+000  0.000000e+000  0.000000e+000  0.000000e+000  0.000000e+000  0.000000e+000  0.000000e+000  0.000000e+000  0.000000e+000  
0.000000e+000  0.000000e+000  0.000000e+000  0.000000e+000  0.000000e+000  0.000000e+000  0.000000e+000  0.000000e+000  0.000000e+000  
0.000000e+000  0.000000e+000  0.000000e+000  0.000000e+000  0.000000e+000  0.000000e+000  0.000000e+000  0.000000e+000  0.000000e+000  
0.000000e+000  0.000000e+000  0.000000e+000  0.000000e+000  0.000000e+000  0.000000e+000  0.000000e+000  0.000000e+000  0.000000e+000  
0.000000e+000  0.000000e+000  0.000000e+000  0.000000e+000  0.000000e+000  0.000000e+000  0.000000e+000  0.000000e+000  0.000000e+000  
0.000000e+000  0.000000e+000  0.000000e+000  0.000000e+000  0.000000e+000  0.000000e+000  0.000000e+000  0.000000e+000  0.000000e+000  
0.000000e+000  0.000000e+000  0.000000e+000  0.000000e+000  0.000000e+000  0.000000e+000  0.000000e+000  0.000000e+000  0.000000e+000  
0.000000e+000  0.000000e+000  0.000000e+000  0.000000e+000  0.000000e+000  0.000000e+000  0.000000e+000  0.000000e+000  0.000000e+000  
0.000000e+000  0.000000e+000  0.000000e+000  0.000000e+000  0.000000e+000  0.000000e+000  0.000000e+000  0.000000e+000  0.000000e+000  
0.000000e+000  0.000000e+000  0.000000e+000  0.000000e+000  0.000000e+000  0.000000e+000  0.000000e+000  0.000000e+000  0.000000e+000  
0.000000e+000  0.000000e+000  0.000000e+000  0.000000e+000  0.000000e+000  0.000000e+000  0.000000e+000  0.000000e+000  0.000000e+000  
0.000000e+000  0.000000e+000  0.000000e+000  0.000000e+000  0.000000e+000  0.000000e+000  0.000000e+000  0.000000e+000  0.000000e+000  
0.000000e+000  0.000000e+000  0.000000e+000  0.000000e+000  0.000000e+000  0.000000e+000  0.000000e+000  0.000000e+000  0.000000e+000  
0.000000e+000  0.000000e+000  0.000000e+000  0.000000e+000  0.000000e+000  0.000000e+000  0.000000e+000  0.000000e+000  0.000000e+000  
0.000000e+000  0.000000e+000  0.000000e+000  0.000000e+000  0.000000e+000  0.000000e+000  0.000000e+000  0.000000e+000  0.000000e+000  
0.000000e+000  0.000000e+000  0.000000e+000  0.000000e+000  0.000000e+000  0.000000e+000  0.000000e+000  0.000000e+000  0.000000e+000  
0.000000e+000  0.000000e+000  0.000000e+000  0.000000e+000  0.000000e+000  0.000000e+000  0.000000e+000  0.000000e+000  0.000000e+000  
0.000000e+000  0.000000e+000  0.000000e+000  0.000000e+000  0.000000e+000  0.000000e+000  0.000000e+000  0.000000e+000  0.000000e+000  
0.000000e+000  0.000000e+000  0.000000e+000  0.000000e+000  0.000000e+000  0.000000e+000  0.000000e+000  0.000000e+000  0.000000e+000  
0.000000e+000  0.000000e+000  0.000000e+000  0.000000e+000  0.000000e+000  0.000000e+000  0.000000e+000  0.000000e+000  0.000000e+000  
0.000000e+000  0.000000e+000  0.000000e+000  0.000000e+000  0.000000e+000  0.000000e+000  0.000000e+000  0.000000e+000  0.000000e+000  
0.000000e+000  0.000000e+000  0.000000e+000  0.000000e+000  0.000000e+000  0.000000e+000  0.000000e+000  0.000000e+000  0.000000e+000  
0.000000e+000  0.000000e+000  0.000000e+000  0.000000e+000  0.000000e+000  0.000000e+000  0.000000e+000  0.000000e+000  0.000000e+000  
0.000000e+000  0.000000e+000  0.000000e+000  0.000000e+000  0.000000e+000  0.000000e+000  0.000000e+000  0.000000e+000  0.000000e+000  
0.000000e+000  0.000000e+000  0.000000e+000  0.000000e+000  0.000000e+000  0.000000e+000  0.000000e+000  0.000000e+000  0.000000e+000  
0.000000e+000  0.000000e+000  0.000000e+000  0.000000e+000  0.000000e+000  0.000000e+000  0.000000e+000  0.000000e+000  0.000000e+000  
0.000000e+000  0.000000e+000  0.000000e+000  0.000000e+000  0.000000e+000  0.000000e+000  0.000000e+000  0.000000e+000  0.000000e+000  
0.000000e+000  0.000000e+000  0.000000e+000  0.000000e+000  0.000000e+000  0.000000e+000  0.000000e+000  0.000000e+000  0.000000e+000  
0.000000e+000  0.000000e+000  0.000000e+000  0.000000e+000  0.000000e+000  0.000000e+000  0.000000e+000  0.000000e+000  0.000000e+000  
0.000000e+000  0.000000e+000  0.000000e+000  0.000000e+000  0.000000e+000  0.000000e+000  0.000000e+000  0.000000e+000  0.000000e+000  
0.000000e+000  0.000000e+000  0.000000e+000  0.000000e+000  0.000000e+000  0.000000e+000  0.000000e+000  0.000000e+000  0.000000e+000  
0.000000e+000  0.000000e+000  0.000000e+000  0.000000e+000  0.000000e+000  0.000000e+000  0.000000e+000  0.000000e+000  0.000000e+000  
0.000000e+000  0.000000e+000  0.000000e+000  0.000000e+000  0.000000e+000  0.000000e+000  0.000000e+000  0.000000e+000  0.000000e+000  
0.000000e+000  0.000000e+000  0.000000e+000  0.000000e+000  0.000000e+000  0.000000e+000  0.000000e+000  0.000000e+000  0.000000e+000  
0.000000e+000  0.000000e+000  0.000000e+000  0.000000e+000  0.000000e+000  0.000000e+000  0.000000e+000  0.000000e+000  0.000000e+000  
0.000000e+000  0.000000e+000  0.000000e+000  0.000000e+000  0.000000e+000  0.000000e+000  0.000000e+000  0.000000e+000  0.000000e+000  
0.000000e+000  0.000000e+000  0.000000e+000  0.000000e+000  0.000000e+000  0.000000e+000  0.000000e+000  0.000000e+000  0.000000e+000  
0.000000e+000  0.000000e+000  0.000000e+000  0.000000e+000  0.000000e+000  0.000000e+000  0.000000e+000  0.000000e+000  0.000000e+000  
0.000000e+000  0.000000e+000  0.000000e+000  0.000000e+000  0.000000e+000  0.000000e+000  0.000000e+000  0.000000e+000  0.000000e+000  
0.000000e+000  0.000000e+000  0.000000e+000  0.000000e+000  0.000000e+000  0.000000e+000  0.000000e+000  0.000000e+000  0.000000e+000  

0.000000e+000  0.000000e+000  0.000000e+000  0.000000e+000  0.000000e+000  0.000000e+000  0.000000e+000  0.000000e+000  0.000000e+000  
0.000000e+000  0.000000e+000  0.000000e+000  0.000000e+000  0.000000e+000  0.000000e+000  0.000000e+000  0.000000e+000  0.000000e+000  
0.000000e+000  0.000000e+000  0.000000e+000  0.000000e+000  0.000000e+000  0.000000e+000  0.000000e+000  0.000000e+000  0.000000e+000  
0.000000e+000  0.000000e+000  0.000000e+000  0.000000e+000  0.000000e+000  0.000000e+000  0.000000e+000  0.000000e+000  0.000000e+000  
0.000000e+000  0.000000e+000  0.000000e+000  0.000000e+000  0.000000e+000  0.000000e+000  0.000000e+000  0.000000e+000  0.000000e+000  
0.000000e+000  0.000000e+000  0.000000e+000  0.000000e+000  0.000000e+000  0.000000e+000  0.000000e+000  0.000000e+000  0.000000e+000  
0.000000e+000  0.000000e+000  0.000000e+000  0.000000e+000  0.000000e+000  0.000000e+000  0.000000e+000  0.000000e+000  0.000000e+000  
0.000000e+000  0.000000e+000  0.000000e+000  0.000000e+000  0.000000e+000  0.000000e+000  0.000000e+000  0.000000e+000  0.000000e+000  
0.000000e+000  0.000000e+000  0.000000e+000  0.000000e+000  0.000000e+000  0.000000e+000  0.000000e+000  0.000000e+000  0.000000e+000  
0.000000e+000  0.000000e+000  0.000000e+000  0.000000e+000  0.000000e+000  0.000000e+000  0.000000e+000  0.000000e+000  0.000000e+000  
0.000000e+000  0.000000e+000  0.000000e+000  0.000000e+000  0.000000e+000  0.000000e+000  0.000000e+000  0.000000e+000  0.000000e+000  
0.000000e+000  0.000000e+000  0.000000e+000  0.000000e+000  0.000000e+000  0.000000e+000  0.000000e+000  0.000000e+000  0.000000e+000  
0.000000e+000  0.000000e+000  0.000000e+000  0.000000e+000  0.000000e+000  0.000000e+000  0.000000e+000  0.000000e+000  0.000000e+000  
0.000000e+000  0.000000e+000  0.000000e+000  0.000000e+000  0.000000e+000  0.000000e+000  0.000000e+000  0.000000e+000  0.000000e+000  
0.000000e+000  0.000000e+000  0.000000e+000  0.000000e+000  0.000000e+000  0.000000e+000  0.000000e+000  0.000000e+000  0.000000e+000  
0.000000e+000  0.000000e+000  0.000000e+000  0.000000e+000  0.000000e+000  0.000000e+000  0.000000e+000  0.000000e+000  0.000000e+000  
0.000000e+000  0.000000e+000  0.000000e+000  0.000000e+000  0.000000e+000  0.000000e+000  0.000000e+000  0.000000e+000  0.000000e+000  
0.000000e+000  0.000000e+000  0.000000e+000  0.000000e+000  0.000000e+000  0.000000e+000  0.000000e+000  0.000000e+000  0.000000e+000  
0.000000e+000  0.000000e+000  0.000000e+000  0.000000e+000  0.000000e+000  0.000000e+000  0.000000e+000  0.000000e+000  0.000000e+000  
0.000000e+000  0.000000e+000  0.000000e+000  0.000000e+000  0.000000e+000  0.000000e+000  0.000000e+000  0.000000e+000  0.000000e+000  
0.000000e+000  0.000000e+000  0.000000e+000  0.000000e+000  0.000000e+000  0.000000e+000  0.000000e+000  0.000000e+000  0.000000e+000  
0.000000e+000  0.000000e+000  0.000000e+000  0.000000e+000  0.000000e+000  0.000000e+000  0.000000e+000  0.000000e+000  0.000000e+000  
0.000000e+000  0.000000e+000  0.000000e+000  0.000000e+000  0.000000e+000  0.000000e+000  0.000000e+000  0.000000e+000  0.000000e+000  
0.000000e+000  0.000000e+000  0.000000e+000  0.000000e+000  0.000000e+000  0.000000e+000  0.000000e+000  0.000000e+000  0.000000e+000  
0.000000e+000  0.000000e+000  0.000000e+000  0.000000e+000  0.000000e+000  0.000000e+000  0.000000e+000  0.000000e+000  0.000000e+000  
0.000000e+000  0.000000e+000  0.000000e+000  0.000000e+000  0.000000e+000  0.000000e+000  0.000000e+000  0.000000e+000  0.000000e+000  
0.000000e+000  0.000000e+000  0.000000e+000  0.000000e+000  0.000000e+000  0.000000e+000  0.000000e+000  0.000000e+000  0.000000e+000  
0.000000e+000  0.000000e+000  0.000000e+000  0.000000e+000  0.000000e+000  0.000000e+000  0.000000e+000  0.000000e+000  0.000000e+000  
0.000000e+000  0.000000e+000  0.000000e+000  0.000000e+000  0.000000e+000  0.000000e+000  0.000000e+000  0.000000e+000  0.000000e+000  
0.000000e+000  0.000000e+000  0.000000e+000  0.000000e+000  0.000000e+000  0.000000e+000  0.000000e+000  0.000000e+000  0.000000e+000  
0.000000e+000  0.000000e+000  0.000000e+000  0.000000e+000  0.000000e+000  0.000000e+000  0.000000e+000  0.000000e+000  0.000000e+000  
0.000000e+000  0.000000e+000  0.000000e+000  0.000000e+000  0.000000e+000  0.000000e+000  0.000000e+000  0.000000e+000  0.000000e+000  
0.000000e+000  0.000000e+000  0.000000e+000  0.000000e+000  0.000000e+000  0.000000e+000  0.000000e+000  0.000000e+000  0.000000e+000  
0.000000e+000  0.000000e+000  0.000000e+000  0.000000e+000  0.000000e+000  0.000000e+000  0.000000e+000  0.000000e+000  0.000000e+000  
0.000000e+000  0.000000e+000  0.000000e+000  0.000000e+000  0.000000e+000  0.000000e+000  0.000000e+000  0.000000e+000  0.000000e+000  
0.000000e+000  0.000000e+000  0.000000e+000  0.000000e+000  0.000000e+000  0.000000e+000  0.000000e+000  0.000000e+000  0.000000e+000  
0.000000e+000  0.000000e+000  0.000000e+000  0.000000e+000  0.000000e+000  0.000000e+000  0.000000e+000  0.000000e+000  0.000000e+000  
0.000000e+000  0.000000e+000  0.000000e+000  0.000000e+000  0.000000e+000  0.000000e+000  0.000000e+000  0.000000e+000  0.000000e+000  
0.000000e+000  0.000000e+000  0.000000e+000  0.000000e+000  0.000000e+000  0.000000e+000  0.000000e+000  0.000000e+000  0.000000e+000  
0.000000e+000  0.000000e+000  0.000000e+000  0.000000e+000  0.000000e+000  0.000000e+000  0.000000e+000  0.000000e+000  0.000000e+000  
0.000000e+000  0.000000e+000  0.000000e+000  0.000000e+000  0.000000e+000  0.000000e+000  0.000000e+000  0.000000e+000  0.000000e+000  
0.000000e+000  0.000000e+000  0.000000e+000  0.000000e+000  0.000000e+000  0.000000e+000  0.000000e+000  0.000000e+000  0.000000e+000  
0.000000e+000  0.000000e+000  0.000000e+000  0.000000e+000  0.000000e+000  0.000000e+000  0.000000e+000  0.000000e+000  0.000000e+000  
0.000000e+000  0.000000e+000  0.000000e+000  0.000000e+000  0.000000e+000  0.000000e+000  0.000000e+000  0.000000e+000  0.000000e+000  
0.000000e+000  0.000000e+000  0.000000e+000  0.000000e+000  0.000000e+000  0.000000e+000  0.000000e+000  0.000000e+000  0.000000e+000  
0.000000e+000  0.000000e+000  0.000000e+000  0.000000e+000  0.000000e+000  0.000000e+000  0.000000e+000  0.000000e+000  0.000000e+000  
0.000000e+000  0.000000e+000  0.000000e+000  0.000000e+000  0.000000e+000  0.000000e+000  0.000000e+000  0.000000e+000  0.000000e+000  
0.000000e+000  0.000000e+000  0.000000e+000  0.000000e+000  0.000000e+000  0.000000e+000  0.000000e+000  0.000000e+000  0.000000e+000  
0.000000e+000  0.000000e+000  0.000000e+000  0.000000e+000  0.000000e+000  0.000000e+000  0.000000e+000  0.000000e+000  0.000000e+000  
0.000000e+000  0.000000e+000  0.000000e+000  0.000000e+000  0.000000e+000  0.000000e+000  0.000000e+000  0.000000e+000  0.000000e+000  
0.000000e+000  0.000000e+000  0.000000e+000  0.000000e+000  0.000000e+000  0.000000e+000  0.000000e+000  0.000000e+000  0.000000e+000  
0.000000e+000  0.000000e+000  0.000000e+000  0.000000e+000  0.000000e+000  0.000000e+000  0.000000e+000  0.000000e+000  0.000000e+000  
0.000000e+000  0.000000e+000  0.000000e+000  0.000000e+000  0.000000e+000  0.000000e+000  0.000000e+000  0.000000e+000  0.000000e+000  
0.000000e+000  0.000000e+000  0.000000e+000  0.000000e+000  0.000000e+000  0.000000e+000  0.000000e+000  0.000000e+000  0.000000e+000  
0.000000e+000  0.000000e+000  0.000000e+000  0.000000e+000  0.000000e+000  0.000000e+000  0.000000e+000  0.000000e+000  0.000000e+000  
0.000000e+000  0.000000e+000  0.000000e+000  0.000000e+000  0.000000e+000  0.000000e+000  0.000000e+000  0.000000e+000  0.000000e+000  
0.000000e+000  0.000000e+000  0.000000e+000  0.000000e+000  0.000000e+000  0.000000e+000  0.000000e+000  0.000000e+000  0.000000e+000  
0.000000e+000  0.000000e+000  0.000000e+000  0.000000e+000  0.000000e+000  0.000000e+000  0.000000e+000  0.000000e+000  0.000000e+000  
0.000000e+000  0.000000e+000  0.000000e+000  0.000000e+000  0.000000e+000  0.000000e+000  0.000000e+000  0.000000e+000  0.000000e+000  
0.000000e+000  0.000000e+000  0.000000e+000  0.000000e+000  0.000000e+000  0.000000e+000  0.000000e+000  0.000000e+000  0.000000e+000  
0.000000e+000  0.000000e+000  0.000000e+000  0.000000e+000  0.000000e+000  0.000000e+000  0.000000e+000  0.000000e+000  0.000000e+000  
0.000000e+000  0.000000e+000  0.000000e+000  0.000000e+000  0.000000e+000  0.000000e+000  0.000000e+000  0.000000e+000  0.000000e+000  
0.000000e+000  0.000000e+000  0.000000e+000  0.000000e+000  0.000000e+000  0.000000e+000  0.000000e+000  0.000000e+000  0.000000e+000  
0.000000e+000  0.000000e+000  0.000000e+000  0.000000e+000  0.000000e+000  0.000000e+000  0.000000e+000  0.000000e+000  0.000000e+000  
0.000000e+000  0.000000e+000  0.000000e+000  0.000000e+000  0.000000e+000  0.000000e+000  0.000000e+000  0.000000e+000  0.000000e+000  
0.000000e+000  0.000000e+000  0.000000e+000  0.000000e+000  0.000000e+000  0.000000e+000  0.000000e+000  0.000000e+000  0.000000e+000  
0.000000e+000  0.000000e+000  0.000000e+000  0.000000e+000  0.000000e+000  0.000000e+000  0.000000e+000  0.000000e+000  0.000000e+000  
0.000000e+000  0.000000e+000  0.000000e+000  0.000000e+000  0.000000e+000  0.000000e+000  0.000000e+000  0.000000e+000  0.000000e+000  
0.000000e+000  0.000000e+000  0.000000e+000  0.000000e+000  0.000000e+000  0.000000e+000  0.000000e+000  0.000000e+000  0.000000e+000  
0.000000e+000  0.000000e+000  0.000000e+000  0.000000e+000  0.000000e+000  0.000000e+000  0.000000e+000  0.000000e+000  0.000000e+000  
0.000000e+000  0.000000e+000  0.000000e+000  0.000000e+000  0.000000e+000  0.000000e+000  0.000000e+000  0.000000e+000  0.000000e+000  
0.000000e+000  0.000000e+000  0.000000e+000  0.000000e+000  0.000000e+000  0.000000e+000  0.000000e+000  0.000000e+000  0.000000e+000  
0.000000e+000  0.000000e+000  0.000000e+000  0.000000e+000  0.000000e+000  0.000000e+000  0.000000e+000  0.000000e+000  0.000000e+000  
0.000000e+000  0.000000e+000  0.000000e+000  0.000000e+000  0.000000e+000  0.000000e+000  0.000000e+000  0.000000e+000  0.000000e+000  
0.000000e+000  0.000000e+000  0.000000e+000  0.000000e+000  0.000000e+000  0.000000e+000  0.000000e+000  0.000000e+000  0.000000e+000  
0.000000e+000  0.000000e+000  0.000000e+000  0.000000e+000  0.000000e+000  0.000000e+000  0.000000e+000  0.000000e+000  0.000000e+000  
0.000000e+000  0.000000e+000  0.000000e+000  0.000000e+000  0.000000e+000  0.000000e+000  0.000000e+000  0.000000e+000  0.000000e+000  
0.000000e+000  0.000000e+000  0.000000e+000  0.000000e+000  0.000000e+000  0.000000e+000  0.000000e+000  0.000000e+000  0.000000e+000  
0.000000e+000  0.000000e+000  0.000000e+000  0.000000e+000  0.000000e+000  0.000000e+000  0.000000e+000  0.000000e+000  0.000000e+000  
0.000000e+000  0.000000e+000  0.000000e+000  0.000000e+000  0.000000e+000  0.000000e+000  0.000000e+000  0.000000e+000  0.000000e+000  
0.000000e+000  0.000000e+000  0.000000e+000  0.000000e+000  0.000000e+000  0.000000e+000  0.000000e+000  0.000000e+000  0.000000e+000  
0.000000e+000  0.000000e+000  0.000000e+000  0.000000e+000  0.000000e+000  0.000000e+000  0.000000e+000  0.000000e+000  0.000000e+000  
0.000000e+000  0.000000e+000  0.000000e+000  0.000000e+000  0.000000e+000  0.000000e+000  0.000000e+000  0.000000e+000  0.000000e+000  
0.000000e+000  0.000000e+000  0.000000e+000  0.000000e+000  0.000000e+000  0.000000e+000  0.000000e+000  0.000000e+000  0.000000e+000  
0.000000e+000  0.000000e+000  0.000000e+000  0.000000e+000  0.000000e+000  0.000000e+000  0.000000e+000  0.000000e+000  0.000000e+000  
0.000000e+000  0.000000e+000  0.000000e+000  0.000000e+000  0.000000e+000  0.000000e+000  0.000000e+000  0.000000e+000  0.000000e+000  
0.000000e+000  0.000000e+000  0.000000e+000  0.000000e+000  0.000000e+000  0.000000e+000  0.000000e+000  0.000000e+000  0.000000e+000  
0.000000e+000  0.000000e+000  0.000000e+000  0.000000e+000  0.000000e+000  0.000000e+000  0.000000e+000  0.000000e+000  0.000000e+000  
0.000000e+000  0.000000e+000  0.000000e+000  0.000000e+000  0.000000e+000  0.000000e+000  0.000000e+000  0.000000e+000  0.000000e+000  
0.000000e+000  0.000000e+000  0.000000e+000  0.000000e+000  0.000000e+000  0.000000e+000  0.000000e+000  0.000000e+000  0.000000e+000  
0.000000e+000  0.000000e+000  0.000000e+000  0.000000e+000  0.000000e+000  0.000000e+000  0.000000e+000  0.000000e+000  0.000000e+000  
0.000000e+000  0.000000e+000  0.000000e+000  0.000000e+000  0.000000e+000  0.000000e+000  0.000000e+000  0.000000e+000  0.000000e+000  
0.000000e+000  0.000000e+000  0.000000e+000  0.000000e+000  0.000000e+000  0.000000e+000  0.000000e+000  0.000000e+000  0.000000e+000  
0.000000e+000  0.000000e+000  0.000000e+000  0.000000e+000  0.000000e+000  0.000000e+000  0.000000e+000  0.000000e+000  0.000000e+000  
0.000000e+000  0.000000e+000  0.000000e+000  0.000000e+000  0.000000e+000  0.000000e+000  0.000000e+000  0.000000e+000  0.000000e+000  
0.000000e+000  0.000000e+000  0.000000e+000  0.000000e+000  0.000000e+000  0.000000e+000  0.000000e+000  0.000000e+000  0.000000e+000  
0.000000e+000  0.000000e+000  0.000000e+000  0.000000e+000  0.000000e+000  0.000000e+000  0.000000e+000  0.000000e+000  0.000000e+000  
0.000000e+000  0.000000e+000  0.000000e+000  0.000000e+000  0.000000e+000  0.000000e+000  0.000000e+000  0.000000e+000  0.000000e+000  
0.000000e+000  0.000000e+000  0.000000e+000  0.000000e+000  0.000000e+000  0.000000e+000  0.000000e+000  0.000000e+000  0.000000e+000  
0.000000e+000  0.000000e+000  0.000000e+000  0.000000e+000  0.000000e+000  0.000000e+000  0.000000e+000  0.000000e+000  0.000000e+000  
0.000000e+000  0.000000e+000  0.000000e+000  0.000000e+000  0.000000e+000  0.000000e+000  0.000000e+000  0.000000e+000  0.000000e+000  
0.000000e+000  0.000000e+000  0.000000e+000  0.000000e+000  0.000000e+000  0.000000e+000  0.000000e+000  0.000000e+000  0.000000e+000  
0.000000e+000  0.000000e+000  0.000000e+000  0.000000e+000  0.000000e+000  0.000000e+000  0.000000e+000  0.000000e+000  0.000000e+000  
0.000000e+000  0.000000e+000  0.000000e+000  0.000000e+000  0.000000e+000  0.000000e+000  0.000000e+000  0.000000e+000  0.000000e+000  

0.000000e+000  0.000000e+000  0.000000e+000  0.000000e+000  0.000000e+000  0.000000e+000  0.000000e+000  0.000000e+000  0.000000e+000  
0.000000e+000  0.000000e+000  0.000000e+000  0.000000e+000  0.000000e+000  0.000000e+000  0.000000e+000  0.000000e+000  0.000000e+000  
0.000000e+000  0.000000e+000  0.000000e+000  0.000000e+000  0.000000e+000  0.000000e+000  0.000000e+000  0.000000e+000  0.000000e+000  
0.000000e+000  0.000000e+000  0.000000e+000  0.000000e+000  0.000000e+000  0.000000e+000  0.000000e+000  0.000000e+000  0.000000e+000  
0.000000e+000  0.000000e+000  0.000000e+000  0.000000e+000  0.000000e+000  0.000000e+000  0.000000e+000  0.000000e+000  0.000000e+000  
0.000000e+000  0.000000e+000  0.000000e+000  0.000000e+000  0.000000e+000  0.000000e+000  0.000000e+000  0.000000e+000  0.000000e+000  
0.000000e+000  0.000000e+000  0.000000e+000  0.000000e+000  0.000000e+000  0.000000e+000  0.000000e+000  0.000000e+000  0.000000e+000  
0.000000e+000  0.000000e+000  0.000000e+000  0.000000e+000  0.000000e+000  0.000000e+000  0.000000e+000  0.000000e+000  0.000000e+000  
0.000000e+000  0.000000e+000  0.000000e+000  0.000000e+000  0.000000e+000  0.000000e+000  0.000000e+000  0.000000e+000  0.000000e+000  
0.000000e+000  0.000000e+000  0.000000e+000  0.000000e+000  0.000000e+000  0.000000e+000  0.000000e+000  0.000000e+000  0.000000e+000  
0.000000e+000  0.000000e+000  0.000000e+000  0.000000e+000  0.000000e+000  0.000000e+000  0.000000e+000  0.000000e+000  0.000000e+000  
0.000000e+000  0.000000e+000  0.000000e+000  0.000000e+000  0.000000e+000  0.000000e+000  0.000000e+000  0.000000e+000  0.000000e+000  
0.000000e+000  0.000000e+000  0.000000e+000  0.000000e+000  0.000000e+000  0.000000e+000  0.000000e+000  0.000000e+000  0.000000e+000  
0.000000e+000  0.000000e+000  0.000000e+000  0.000000e+000  0.000000e+000  0.000000e+000  0.000000e+000  0.000000e+000  0.000000e+000  
0.000000e+000  0.000000e+000  0.000000e+000  0.000000e+000  0.000000e+000  0.000000e+000  0.000000e+000  0.000000e+000  0.000000e+000  
0.000000e+000  0.000000e+000  0.000000e+000  0.000000e+000  0.000000e+000  0.000000e+000  0.000000e+000  0.000000e+000  0.000000e+000  
0.000000e+000  0.000000e+000  0.000000e+000  0.000000e+000  0.000000e+000  0.000000e+000  0.000000e+000  0.000000e+000  0.000000e+000  
0.000000e+000  0.000000e+000  0.000000e+000  0.000000e+000  0.000000e+000  0.000000e+000  0.000000e+000  0.000000e+000  0.000000e+000  
0.000000e+000  0.000000e+000  0.000000e+000  0.000000e+000  0.000000e+000  0.000000e+000  0.000000e+000  0.000000e+000  0.000000e+000  
0.000000e+000  0.000000e+000  0.000000e+000  0.000000e+000  0.000000e+000  0.000000e+000  0.000000e+000  0.000000e+000  0.000000e+000  
0.000000e+000  0.000000e+000  0.000000e+000  0.000000e+000  0.000000e+000  0.000000e+000  0.000000e+000  0.000000e+000  0.000000e+000  
0.000000e+000  0.000000e+000  0.000000e+000  0.000000e+000  0.000000e+000  0.000000e+000  0.000000e+000  0.000000e+000  0.000000e+000  
0.000000e+000  0.000000e+000  0.000000e+000  0.000000e+000  0.000000e+000  0.000000e+000  0.000000e+000  0.000000e+000  0.000000e+000  
0.000000e+000  0.000000e+000  0.000000e+000  0.000000e+000  0.000000e+000  0.000000e+000  0.000000e+000  0.000000e+000  0.000000e+000  
0.000000e+000  0.000000e+000  0.000000e+000  0.000000e+000  0.000000e+000  0.000000e+000  0.000000e+000  0.000000e+000  0.000000e+000  
0.000000e+000  0.000000e+000  0.000000e+000  0.000000e+000  0.000000e+000  0.000000e+000  0.000000e+000  0.000000e+000  0.000000e+000  
0.000000e+000  0.000000e+000  0.000000e+000  0.000000e+000  0.000000e+000  0.000000e+000  0.000000e+000  0.000000e+000  0.000000e+000  
0.000000e+000  0.000000e+000  0.000000e+000  0.000000e+000  0.000000e+000  0.000000e+000  0.000000e+000  0.000000e+000  0.000000e+000  
0.000000e+000  0.000000e+000  0.000000e+000  0.000000e+000  0.000000e+000  0.000000e+000  0.000000e+000  0.000000e+000  0.000000e+000  
0.000000e+000  0.000000e+000  0.000000e+000  0.000000e+000  0.000000e+000  0.000000e+000  0.000000e+000  0.000000e+000  0.000000e+000  
0.000000e+000  0.000000e+000  0.000000e+000  0.000000e+000  0.000000e+000  0.000000e+000  0.000000e+000  0.000000e+000  0.000000e+000  
0.000000e+000  0.000000e+000  0.000000e+000  0.000000e+000  0.000000e+000  0.000000e+000  0.000000e+000  0.000000e+000  0.000000e+000  
0.000000e+000  0.000000e+000  0.000000e+000  0.000000e+000  0.000000e+000  0.000000e+000  0.000000e+000  0.000000e+000  0.000000e+000  
0.000000e+000  0.000000e+000  0.000000e+000  0.000000e+000  0.000000e+000  0.000000e+000  0.000000e+000  0.000000e+000  0.000000e+000  
0.000000e+000  0.000000e+000  0.000000e+000  0.000000e+000  0.000000e+000  0.000000e+000  0.000000e+000  0.000000e+000  0.000000e+000  
0.000000e+000  0.000000e+000  0.000000e+000  0.000000e+000  0.000000e+000  0.000000e+000  0.000000e+000  0.000000e+000  0.000000e+000  
0.000000e+000  0.000000e+000  0.000000e+000  0.000000e+000  0.000000e+000  0.000000e+000  0.000000e+000  0.000000e+000  0.000000e+000  
0.000000e+000  0.000000e+000  0.000000e+000  0.000000e+000  0.000000e+000  0.000000e+000  0.000000e+000  0.000000e+000  0.000000e+000  
0.000000e+000  0.000000e+000  0.000000e+000  0.000000e+000  0.000000e+000  0.000000e+000  0.000000e+000  0.000000e+000  0.000000e+000  
0.000000e+000  0.000000e+000  0.000000e+000  0.000000e+000  0.000000e+000  0.000000e+000  0.000000e+000  0.000000e+000  0.000000e+000  
0.000000e+000  0.000000e+000  0.000000e+000  0.000000e+000  0.000000e+000  0.000000e+000  0.000000e+000  0.000000e+000  0.000000e+000  
0.000000e+000  0.000000e+000  0.000000e+000  0.000000e+000  0.000000e+000  0.000000e+000  0.000000e+000  0.000000e+000  0.000000e+000  
0.000000e+000  0.000000e+000  0.000000e+000  0.000000e+000  0.000000e+000  0.000000e+000  0.000000e+000  0.000000e+000  0.000000e+000  
0.000000e+000  0.000000e+000  0.000000e+000  0.000000e+000  0.000000e+000  0.000000e+000  0.000000e+000  0.000000e+000  0.000000e+000  
0.000000e+000  0.000000e+000  0.000000e+000  0.000000e+000  0.000000e+000  0.000000e+000  0.000000e+000  0.000000e+000  0.000000e+000  
0.000000e+000  0.000000e+000  0.000000e+000  0.000000e+000  0.000000e+000  0.000000e+000  0.000000e+000  0.000000e+000  0.000000e+000  
0.000000e+000  0.000000e+000  0.000000e+000  0.000000e+000  0.000000e+000  0.000000e+000  0.000000e+000  0.000000e+000  0.000000e+000  
0.000000e+000  0.000000e+000  0.000000e+000  0.000000e+000  0.000000e+000  0.000000e+000  0.000000e+000  0.000000e+000  0.000000e+000  
0.000000e+000  0.000000e+000  0.000000e+000  0.000000e+000  0.000000e+000  0.000000e+000  0.000000e+000  0.000000e+000  0.000000e+000  
0.000000e+000  0.000000e+000  0.000000e+000  0.000000e+000  0.000000e+000  0.000000e+000  0.000000e+000  0.000000e+000  0.000000e+000  
0.000000e+000  0.000000e+000  0.000000e+000  0.000000e+000  0.000000e+000  0.000000e+000  0.000000e+000  0.000000e+000  0.000000e+000  
0.000000e+000  0.000000e+000  0.000000e+000  0.000000e+000  0.000000e+000  0.000000e+000  0.000000e+000  0.000000e+000  0.000000e+000  
0.000000e+000  0.000000e+000  0.000000e+000  0.000000e+000  0.000000e+000  0.000000e+000  0.000000e+000  0.000000e+000  0.000000e+000  
0.000000e+000  0.000000e+000  0.000000e+000  0.000000e+000  0.000000e+000  0.000000e+000  0.000000e+000  0.000000e+000  0.000000e+000  
0.000000e+000  0.000000e+000  0.000000e+000  0.000000e+000  0.000000e+000  0.000000e+000  0.000000e+000  0.000000e+000  0.000000e+000  
0.000000e+000  0.000000e+000  0.000000e+000  0.000000e+000  0.000000e+000  0.000000e+000  0.000000e+000  0.000000e+000  0.000000e+000  
0.000000e+000  0.000000e+000  0.000000e+000  0.000000e+000  0.000000e+000  0.000000e+000  0.000000e+000  0.000000e+000  0.000000e+000  
0.000000e+000  0.000000e+000  0.000000e+000  0.000000e+000  0.000000e+000  0.000000e+000  0.000000e+000  0.000000e+000  0.000000e+000  
0.000000e+000  0.000000e+000  0.000000e+000  0.000000e+000  0.000000e+000  0.000000e+000  0.000000e+000  0.000000e+000  0.000000e+000  
0.000000e+000  0.000000e+000  0.000000e+000  0.000000e+000  0.000000e+000  0.000000e+000  0.000000e+000  0.000000e+000  0.000000e+000  
0.000000e+000  0.000000e+000  0.000000e+000  0.000000e+000  0.000000e+000  0.000000e+000  0.000000e+000  0.000000e+000  0.000000e+000  
0.000000e+000  0.000000e+000  0.000000e+000  0.000000e+000  0.000000e+000  0.000000e+000  0.000000e+000  0.000000e+000  0.000000e+000  
0.000000e+000  0.000000e+000  0.000000e+000  0.000000e+000  0.000000e+000  0.000000e+000  0.000000e+000  0.000000e+000  0.000000e+000  
0.000000e+000  0.000000e+000  0.000000e+000  0.000000e+000  0.000000e+000  0.000000e+000  0.000000e+000  0.000000e+000  0.000000e+000  
0.000000e+000  0.000000e+000  0.000000e+000  0.000000e+000  0.000000e+000  0.000000e+000  0.000000e+000  0.000000e+000  0.000000e+000  
0.000000e+000  0.000000e+000  0.000000e+000  0.000000e+000  0.000000e+000  0.000000e+000  0.000000e+000  0.000000e+000  0.000000e+000  
0.000000e+000  0.000000e+000  0.000000e+000  0.000000e+000  0.000000e+000  0.000000e+000  0.000000e+000  0.000000e+000  0.000000e+000  
0.000000e+000  0.000000e+000  0.000000e+000  0.000000e+000  0.000000e+000  0.000000e+000  0.000000e+000  0.000000e+000  0.000000e+000  
0.000000e+000  0.000000e+000  0.000000e+000  0.000000e+000  0.000000e+000  0.000000e+000  0.000000e+000  0.000000e+000  0.000000e+000  
0.000000e+000  0.000000e+000  0.000000e+000  0.000000e+000  0.000000e+000  0.000000e+000  0.000000e+000  0.000000e+000  0.000000e+000  
0.000000e+000  0.000000e+000  0.000000e+000  0.000000e+000  0.000000e+000  0.000000e+000  0.000000e+000  0.000000e+000  0.000000e+000  
0.000000e+000  0.000000e+000  0.000000e+000  0.000000e+000  0.000000e+000  0.000000e+000  0.000000e+000  0.000000e+000  0.000000e+000  
0.000000e+000  0.000000e+000  0.000000e+000  0.000000e+000  0.000000e+000  0.000000e+000  0.000000e+000  0.000000e+000  0.000000e+000  
0.000000e+000  0.000000e+000  0.000000e+000  0.000000e+000  0.000000e+000  0.000000e+000  0.000000e+000  0.000000e+000  0.000000e+000  
0.000000e+000  0.000000e+000  0.000000e+000  0.000000e+000  0.000000e+000  0.000000e+000  0.000000e+000  0.000000e+000  0.000000e+000  
0.000000e+000  0.000000e+000  0.000000e+000  0.000000e+000  0.000000e+000  0.000000e+000  0.000000e+000  0.000000e+000  0.000000e+000  
0.000000e+000  0.000000e+000  0.000000e+000  0.000000e+000  0.000000e+000  0.000000e+000  0.000000e+000  0.000000e+000  0.000000e+000  
0.000000e+000  0.000000e+000  0.000000e+000  0.000000e+000  0.000000e+000  0.000000e+000  0.000000e+000  0.000000e+000  0.000000e+000  
0.000000e+000  0.000000e+000  0.000000e+000  0.000000e+000  0.000000e+000  0.000000e+000  0.000000e+000  0.000000e+000  0.000000e+000  
0.000000e+000  0.000000e+000  0.000000e+000  0.000000e+000  0.000000e+000  0.000000e+000  0.000000e+000  0.000000e+000  0.000000e+000  
0.000000e+000  0.000000e+000  0.000000e+000  0.000000e+000  0.000000e+000  0.000000e+000  0.000000e+000  0.000000e+000  0.000000e+000  
0.000000e+000  0.000000e+000  0.000000e+000  0.000000e+000  0.000000e+000  0.000000e+000  0.000000e+000  0.000000e+000  0.000000e+000  
0.000000e+000  0.000000e+000  0.000000e+000  0.000000e+000  0.000000e+000  0.000000e+000  0.000000e+000  0.000000e+000  0.000000e+000  
0.000000e+000  0.000000e+000  0.000000e+000  0.000000e+000  0.000000e+000  0.000000e+000  0.000000e+000  0.000000e+000  0.000000e+000  
0.000000e+000  0.000000e+000  0.000000e+000  0.000000e+000  0.000000e+000  0.000000e+000  0.000000e+000  0.000000e+000  0.000000e+000  
0.000000e+000  0.000000e+000  0.000000e+000  0.000000e+000  0.000000e+000  0.000000e+000  0.000000e+000  0.000000e+000  0.000000e+000  
0.000000e+000  0.000000e+000  0.000000e+000  0.000000e+000  0.000000e+000  0.000000e+000  0.000000e+000  0.000000e+000  0.000000e+000  
0.000000e+000  0.000000e+000  0.000000e+000  0.000000e+000  0.000000e+000  0.000000e+000  0.000000e+000  0.000000e+000  0.000000e+000  
0.000000e+000  0.000000e+000  0.000000e+000  0.000000e+000  0.000000e+000  0.000000e+000  0.000000e+000  0.000000e+000  0.000000e+000  
0.000000e+000  0.000000e+000  0.000000e+000  0.000000e+000  0.000000e+000  0.000000e+000  0.000000e+000  0.000000e+000  0.000000e+000  
0.000000e+000  0.000000e+000  0.000000e+000  0.000000e+000  0.000000e+000  0.000000e+000  0.000000e+000  0.000000e+000  0.000000e+000  
0.000000e+000  0.000000e+000  0.000000e+000  0.000000e+000  0.000000e+000  0.000000e+000  0.000000e+000  0.000000e+000  0.000000e+000  
0.000000e+000  0.000000e+000  0.000000e+000  0.000000e+000  0.000000e+000  0.000000e+000  0.000000e+000  0.000000e+000  0.000000e+000  
0.000000e+000  0.000000e+000  0.000000e+000  0.000000e+000  0.000000e+000  0.000000e+000  0.000000e+000  0.000000e+000  0.000000e+000  
0.000000e+000  0.000000e+000  0.000000e+000  0.000000e+000  0.000000e+000  0.000000e+000  0.000000e+000  0.000000e+000  0.000000e+000  
0.000000e+000  0.000000e+000  0.000000e+000  0.000000e+000  0.000000e+000  0.000000e+000  0.000000e+000  0.000000e+000  0.000000e+000  
0.000000e+000  0.000000e+000  0.000000e+000  0.000000e+000  0.000000e+000  0.000000e+000  0.000000e+000  0.000000e+000  0.000000e+000  
0.000000e+000  0.000000e+000  0.000000e+000  0.000000e+000  0.000000e+000  0.000000e+000  0.000000e+000  0.000000e+000  0.000000e+000  
0.000000e+000  0.000000e+000  0.000000e+000  0.000000e+000  0.000000e+000  0.000000e+000  0.000000e+000  0.000000e+000  0.000000e+000  
0.000000e+000  0.000000e+000  0.000000e+000  0.000000e+000  0.000000e+000  0.000000e+000  0.000000e+000  0.000000e+000  0.000000e+000  
0.000000e+000  0.000000e+000  0.000000e+000  0.000000e+000  0.000000e+000  0.000000e+000  0.000000e+000  0.000000e+000  0.000000e+000  
0.000000e+000  0.000000e+000  0.000000e+000  0.000000e+000  0.000000e+000  0.000000e+000  0.000000e+000  0.000000e+000  0.000000e+000  
0.000000e+000  0.000000e+000  0.000000e+000  0.000000e+000  0.000000e+000  0.000000e+000  0.000000e+000  0.000000e+000  0.000000e+000  
0.000000e+000  0.000000e+000  0.000000e+000  0.000000e+000  0.000000e+000  0.000000e+000  0.000000e+000  0.000000e+000  0.000000e+000  

-9.132930e-007  -9.072643e-007  -6.331569e-007  -3.221000e-007  -9.913997e-008  2.369315e-007  4.380269e-007  4.382700e-007  2.519854e-007  
2.403682e-007  2.547206e-007  2.129507e-007  1.567205e-007  -4.967607e-009  1.022653e-008  7.653315e-009  5.614812e-009  -6.235987e-008  
3.671430e-007  4.070591e-008  2.656279e-007  4.106012e-008  1.646227e-008  1.015709e-007  -1.114346e-007  -8.879312e-009  1.459855e-008  
3.614719e-008  2.514071e-007  -1.132840e-008  1.677996e-007  -2.973544e-008  -2.704055e-008  -1.349288e-008  -3.505432e-008  1.519313e-007  
-6.398943e-008  1.839550e-007  -0.000000e+000  -6.253901e-008  2.415262e-007  -4.948418e-008  -2.931981e-008  9.764378e-010  1.483956e-007  
1.958366e-008  -3.419267e-008  -0.000000e+000  1.255177e-008  2.686349e-007  4.154660e-008  1.187167e-008  -1.749359e-008  1.510642e-007  
1.928133e-008  1.959870e-007  -0.000000e+000  1.740518e-007  -1.669540e-007  9.354016e-008  -5.995611e-009  6.193013e-008  -1.657865e-008  
7.749744e-008  4.625170e-008  -0.000000e+000  -1.141344e-007  -8.725720e-008  3.926297e-008  7.292204e-008  4.322598e-008  -9.344642e-008  
-8.036407e-009  -4.575501e-008  -0.000000e+000  -1.884226e-007  -1.324217e-008  -9.218737e-008  1.075915e-009  1.206707e-007  5.560856e-007  
-1.680231e-007  -6.174493e-008  -0.000000e+000  5.599654e-008  1.321976e-008  -2.429390e-007  -1.696372e-007  -4.083219e-009  3.128839e-007  
1.444862e-007  -6.582592e-008  -0.000000e+000  -6.625133e-008  -5.126148e-007  -4.896346e-007  -3.574975e-007  -2.999681e-007  1.102664e-007  
-1.000081e-007  -1.092388e-007  -0.000000e+000  -2.511281e-007  -3.110710e-007  -7.463818e-007  -9.115385e-007  -8.802478e-007  -5.522203e-007  
-1.047825e-008  -4.814677e-009  -0.000000e+000  -2.098871e-007  -2.798378e-007  -6.144569e-007  -7.586908e-007  -9.228430e-007  -1.107249e-006  
1.600196e-007  2.444443e-008  -0.000000e+000  -3.920955e-007  -6.489820e-007  -9.695343e-007  -1.406496e-006  -1.713739e-006  -2.271592e-006  
1.157919e-008  -1.410349e-007  -0.000000e+000  -8.826184e-007  -2.082981e-006  -2.598088e-006  -3.391541e-006  -4.080019e-006  -5.160837e-006  
-1.168103e-007  -1.215628e-007  -0.000000e+000  -1.676969e-006  -3.245660e-006  -5.427364e-006  -7.297910e-006  -8.743238e-006  -1.083545e-005  
-2.442804e-007  7.793527e-008  -0.000000e+000  -3.482588e-006  -7.290804e-006  -1.134154e-005  -1.489640e-005  -1.777627e-005  -2.183630e-005  
1.492927e-008  1.670082e-007  -0.000000e+000  -6.991600e-006  -1.409427e-005  -2.244990e-005  -2.977954e-005  -3.584828e-005  -4.409885e-005  
1.904842e-007  1.508824e-007  -0.000000e+000  -1.367758e-005  -2.723863e-005  -4.389130e-005  -5.864925e-005  -7.109792e-005  -8.825703e-005  
2.318902e-007  -3.191986e-008  -0.000000e+000  -2.718213e-005  -5.347955e-005  -8.646884e-005  -1.156592e-004  -1.400846e-004  -1.738633e-004  
1.539807e-008  1.096975e-008  -0.000000e+000  -5.336024e-005  -1.059550e-004  -1.698190e-004  -2.268871e-004  -2.748929e-004  -3.415910e-004  
1.575145e-007  -9.817782e-009  -0.000000e+000  -1.055571e-004  -2.090886e-004  -3.332725e-004  -4.443187e-004  -5.377029e-004  -6.672285e-004  
1.548418e-009  5.052813e-008  -0.000000e+000  -1.997038e-004  -3.952879e-004  -6.268892e-004  -8.332941e-004  -1.006451e-003  -1.246011e-003  
-2.041484e-007  2.027105e-007  -0.000000e+000  -2.570560e-004  -5.083677e-004  -8.038985e-004  -1.066898e-003  -1.287433e-003  -1.592335e-003  
-1.540373e-007  9.268183e-008  -0.000000e+000  -3.292595e-004  -6.520401e-004  -1.027346e-003  -1.361296e-003  -1.641184e-003  -2.027985e-003  
5.349075e-008  -1.012203e-007  -0.000000e+000  -4.212807e-004  -8.339183e-004  -1.309688e-003  -1.732845e-003  -2.087509e-003  -2.577013e-003  
1.119483e-008  -7.347699e-008  -0.000000e+000  -5.375598e-004  -1.063896e-003  -1.665594e-003  -2.200474e-003  -2.648162e-003  -3.266119e-003  
-1.464445e-007  1.032786e-007  -0.000000e+000  -6.851334e-004  -1.356474e-003  -2.116029e-003  -2.790827e-003  -3.355675e-003  -4.134736e-003  
-1.493507e-007  1.991109e-007  -0.000000e+000  -8.732096e-004  -1.727986e-003  -2.686273e-003  -3.536809e-003  -4.248606e-003  -5.229654e-003  
1.580987e-007  3.100224e-008  -0.000000e+000  -1.598376e-003  -3.164250e-003  -4.873543e-003  -6.389293e-003  -7.656240e-003  -9.400237e-003  
1.405677e-007  1.267367e-007  -0.000000e+000  -3.094363e-003  -6.125127e-003  -9.329398e-003  -1.216546e-002  -1.453258e-002  -1.778389e-002  
1.212684e-008  2.087114e-007  -0.000000e+000  -6.016120e-003  -1.190927e-002  -1.790856e-002  -2.320736e-002  -2.762287e-002  -3.367298e-002  
7.412426e-008  5.858532e-008  -0.000000e+000  -1.170285e-002  -2.316751e-002  -3.434222e-002  -4.418730e-002  -5.237438e-002  -6.355892e-002  
1.357059e-007  2.355969e-007  -0.000000e+000  -2.170317e-002  -4.296512e-002  -6.273369e-002  -8.009940e-002  -9.450724e-002  -1.141231e-001  
1.010975e-007  1.595183e-007  -0.000000e+000  -2.780965e-002  -5.505427e-002  -7.981019e-002  -1.015248e-001  -1.195195e-001  -1.439758e-001  
1.835943e-007  1.280252e-007  -0.000000e+000  -3.551984e-002  -7.031861e-002  -1.012090e-001  -1.282626e-001  -1.506542e-001  -1.810298e-001  
4.755749e-008  -9.232711e-008  -0.000000e+000  -4.527550e-002  -8.963364e-002  -1.280636e-001  -1.616656e-001  -1.894399e-001  -2.270428e-001  
8.822797e-008  1.519818e-008  -0.000000e+000  -5.759221e-002  -1.140190e-001  -1.616717e-001  -2.032635e-001  -2.375922e-001  -2.839677e-001  
-9.010214e-008  -1.506027e-007  -0.000000e+000  -7.319652e-002  -1.449134e-001  -2.038562e-001  -2.552019e-001  -2.975133e-001  -3.545340e-001  
-1.605888e-007  2.289495e-008  -0.000000e+000  -9.297381e-002  -1.840701e-001  -2.568002e-001  -3.200180e-001  -3.720197e-001  -4.419086e-001  
2.025897e-007  -7.822162e-008  -0.000000e+000  -1.671724e-001  -3.309763e-001  -4.523055e-001  -5.571336e-001  -6.429319e-001  -7.573536e-001  
1.265806e-007  -1.452627e-007  -0.000000e+000  -3.192353e-001  -6.320405e-001  -8.410952e-001  -1.020021e+000  -1.165293e+000  -1.356580e+000  
5.677919e-008  -1.999612e-007  -0.000000e+000  -6.124464e-001  -1.212489e+000  -1.563760e+000  -1.859985e+000  -2.097386e+000  -2.403427e+000  
-8.229762e-008  -1.138808e-007  -0.000000e+000  -1.178002e+000  -2.331636e+000  -2.897811e+000  -3.362998e+000  -3.727141e+000  -4.178394e+000  
-1.688395e-007  -2.082358e-007  -0.000000e+000  -2.279104e+000  -4.508274e+000  -5.355020e+000  -6.013597e+000  -6.503553e+000  -7.059547e+000  
7.395575e-008  -3.440128e-008  -0.000000e+000  -4.480389e+000  -8.850102e+000  -9.902678e+000  -1.059989e+001  -1.104100e+001  -1.140181e+001  
2.497000e-007  -1.351879e-007  -0.000000e+000  -9.131753e+000  -1.800777e+001  -1.838741e+001  -1.820155e+001  -1.781734e+001  -1.704252e+001  
-2.658335e-007  8.423993e-008  -0.000000e+000  -1.832983e+001  -3.644339e+001  -3.170371e+001  -2.761645e+001  -2.463693e+001  -2.161466e+001  
-1.895445e-007  -6.808758e-008  -0.000000e+000  -2.299032e+001  -4.745099e+001  -3.587500e+001  -2.920674e+001  -2.540355e+001  -2.230501e+001  
-2.374485e-007  -2.379546e-008  -0.000000e+000  -2.325567e+001  -5.324459e+001  -3.420164e+001  -2.743948e+001  -2.448200e+001  -2.235619e+001  
-1.174022e-007  -1.634521e-007  -0.000000e+000  -3.607596e+000  -0.000000e+000  -1.753647e+001  -2.113874e+001  -2.217789e+001  -2.201538e+001  
-1.252569e-007  -1.839977e-007  -0.000000e+000  -8.170439e-001  -0.000000e+000  -1.254151e+001  -1.856498e+001  -2.110261e+001  -2.182565e+001  
1.726997e-008  -7.774216e-008  -0.000000e+000  -8.170439e-001  -0.000000e+000  -1.254151e+001  -1.856498e+001  -2.110261e+001  -2.182565e+001  
-2.395734e-007  2.720284e-008  -0.000000e+000  -3.607596e+000  -0.000000e+000  -1.753647e+001  -2.113874e+001  -2.217790e+001  -2.201538e+001  
-1.367830e-007  1.420869e-007  -0.000000e+000  -2.325567e+001  -5.324459e+001  -3.420164e+001  -2.743948e+001  -2.448200e+001  -2.235619e+001  
-3.119962e-008  1.547717e-008  -0.000000e+000  -2.299032e+001  -4.745099e+001  -3.587500e+001  -2.920674e+001  -2.540356e+001  -2.230501e+001  
1.127185e-008  8.418975e-008  -0.000000e+000  -1.832983e+001  -3.644339e+001  -3.170371e+001  -2.761645e+001  -2.463693e+001  -2.161467e+001  
8.532376e-008  1.714264e-008  -0.000000e+000  -9.131753e+000  -1.800777e+001  -1.838741e+001  -1.820155e+001  -1.781734e+001  -1.704252e+001  
3.367928e-008  -1.546633e-007  -0.000000e+000  -4.480389e+000  -8.850102e+000  -9.902679e+000  -1.059990e+001  -1.104100e+001  -1.140181e+001  
9.518274e-009  -1.686958e-007  -0.000000e+000  -2.279104e+000  -4.508275e+000  -5.355020e+000  -6.013598e+000  -6.503554e+000  -7.059549e+000  
5.382406e-008  -8.757616e-008  -0.000000e+000  -1.178002e+000  -2.331636e+000  -2.897812e+000  -3.363000e+000  -3.727143e+000  -4.178396e+000  
-6.236120e-008  -1.604671e-007  -0.000000e+000  -6.124464e-001  -1.212489e+000  -1.563760e+000  -1.859986e+000  -2.097388e+000  -2.403429e+000  
4.003207e-009  -2.870813e-008  -0.000000e+000  -3.192351e-001  -6.320406e-001  -8.410955e-001  -1.020022e+000  -1.165294e+000  -1.356582e+000  
-9.683191e-008  1.301561e-008  -0.000000e+000  -1.671724e-001  -3.309762e-001  -4.523053e-001  -5.571336e-001  -6.429322e-001  -7.573548e-001  
-6.011447e-008  1.776341e-007  -0.000000e+000  -9.297386e-002  -1.840701e-001  -2.568000e-001  -3.200180e-001  -3.720198e-001  -4.419095e-001  
1.112524e-007  -1.504134e-008  -0.000000e+000  -7.319628e-002  -1.449133e-001  -2.038562e-001  -2.552019e-001  -2.975133e-001  -3.545347e-001  
-1.064626e-007  1.623035e-007  -0.000000e+000  -5.759213e-002  -1.140188e-001  -1.616716e-001  -2.032633e-001  -2.375923e-001  -2.839684e-001  
7.337673e-008  7.077571e-008  -0.000000e+000  -4.527537e-002  -8.963313e-002  -1.280634e-001  -1.616655e-001  -1.894400e-001  -2.270436e-001  
-1.428650e-007  1.568220e-007  -0.000000e+000  -3.551958e-002  -7.031867e-002  -1.012087e-001  -1.282624e-001  -1.506542e-001  -1.810306e-001  
1.604397e-007  -3.334910e-008  -0.000000e+000  -2.780943e-002  -5.505410e-002  -7.980985e-002  -1.015246e-001  -1.195194e-001  -1.439763e-001  
-1.528374e-008  1.470187e-007  -0.000000e+000  -2.170307e-002  -4.296447e-002  -6.273335e-002  -8.009899e-002  -9.450697e-002  -1.141233e-001  
2.527830e-007  -1.714100e-007  -0.000000e+000  -1.170301e-002  -2.316771e-002  -3.434213e-002  -4.418688e-002  -5.237392e-002  -6.355904e-002  
-1.966632e-007  -2.070143e-007  -0.000000e+000  -6.016023e-003  -1.190952e-002  -1.790835e-002  -2.320703e-002  -2.762235e-002  -3.367261e-002  
-3.014678e-007  -2.765009e-008  -0.000000e+000  -3.094363e-003  -6.125217e-003  -9.329221e-003  -1.216500e-002  -1.453206e-002  -1.778306e-002  
-2.636518e-007  3.584189e-009  -0.000000e+000  -1.598371e-003  -3.163958e-003  -4.873367e-003  -6.389089e-003  -7.655940e-003  -9.399437e-003  
1.340674e-008  1.611988e-007  -0.000000e+000  -8.731864e-004  -1.728214e-003  -2.686113e-003  -3.536415e-003  -4.247982e-003  -5.228881e-003  
7.601537e-008  9.799578e-008  -0.000000e+000  -6.852754e-004  -1.356583e-003  -2.115958e-003  -2.790615e-003  -3.355219e-003  -4.134103e-003  
-3.229147e-008  1.663876e-007  -0.000000e+000  -5.375858e-004  -1.064433e-003  -1.665732e-003  -2.200337e-003  -2.647969e-003  -3.265764e-003  
-6.049903e-008  1.387811e-007  -0.000000e+000  -4.215589e-004  -8.341740e-004  -1.310101e-003  -1.733181e-003  -2.087656e-003  -2.576846e-003  
1.415867e-007  -1.256737e-007  -0.000000e+000  -3.295860e-004  -6.521528e-004  -1.027804e-003  -1.361855e-003  -1.641620e-003  -2.028060e-003  
-1.019103e-007  3.194624e-008  -0.000000e+000  -2.571912e-004  -5.092392e-004  -8.044903e-004  -1.067456e-003  -1.288026e-003  -1.592559e-003  
-8.207216e-008  6.021953e-008  -0.000000e+000  -1.998989e-004  -3.958891e-004  -6.275424e-004  -8.338867e-004  -1.007084e-003  -1.246403e-003  
-6.414703e-008  9.307439e-008  -0.000000e+000  -1.054857e-004  -2.088272e-004  -3.338292e-004  -4.453405e-004  -5.388692e-004  -6.686048e-004  
1.317816e-007  1.678126e-007  -0.000000e+000  -5.342229e-005  -1.057403e-004  -1.699947e-004  -2.273624e-004  -2.756516e-004  -3.425744e-004  
2.151348e-007  1.746345e-007  -0.000000e+000  -2.707259e-005  -5.364760e-005  -8.649691e-005  -1.160136e-004  -1.409556e-004  -1.753339e-004  
-4.726767e-008  1.268741e-007  -0.000000e+000  -1.370496e-005  -2.697646e-005  -4.420159e-005  -5.932497e-005  -7.190242e-005  -8.916510e-005  
4.033411e-008  8.928562e-008  -0.000000e+000  -6.864117e-006  -1.365275e-005  -2.238646e-005  -3.006958e-005  -3.649778e-005  -4.549085e-005  
1.210085e-007  1.333250e-007  -0.000000e+000  -3.446092e-006  -6.862719e-006  -1.106769e-005  -1.507880e-005  -1.858471e-005  -2.349052e-005  
-1.108965e-007  -6.078547e-008  -0.000000e+000  -1.889158e-006  -3.414007e-006  -5.717903e-006  -7.799073e-006  -9.496262e-006  -1.166925e-005  
9.926910e-008  -7.288969e-008  -0.000000e+000  -7.117314e-007  -1.654139e-006  -2.852250e-006  -4.006851e-006  -4.952600e-006  -6.007061e-006  
7.587617e-008  1.995916e-007  -0.000000e+000  -4.605510e-007  -6.254304e-007  -1.305117e-006  -1.910199e-006  -2.370860e-006  -2.754908e-006  
1.833137e-007  -3.079034e-008  -0.000000e+000  -3.960278e-007  -9.226500e-007  -9.818867e-007  -1.178968e-006  -1.264126e-006  -1.329012e-006  
1.750719e-007  2.349089e-007  -0.000000e+000  -1.840401e-007  -1.648505e-007  -8.671537e-007  -1.160049e-006  -1.258027e-006  -1.152737e-006  
5.947401e-008  1.229067e-007  -0.000000e+000  -3.149671e-007  -1.759598e-007  -4.356099e-007  -5.708575e-007  -6.531057e-007  -6.524655e-007  
2.806109e-007  -1.247574e-007  -0.000000e+000  -1.543288e-007  -1.288608e-007  -4.417206e-007  -6.663731e-007  -7.439494e-007  -6.242228e-007  
-9.234511e-008  -1.924369e-007  -0.000000e+000  9.659661e-008  6.777055e-008  -2.527627e-007  -5.092470e-007  -6.936581e-007  -7.584553e-007  
1.457775e-007  -3.570993e-008  -0.000000e+000  -1.099388e-007  -2.841503e-008  -2.639637e-008  -2.678786e-007  -3.509539e-007  -5.996600e-007  
5.970650e-008  5.896440e-008  -0.000000e+000  -4.117339e-008  2.338725e-008  -5.936152e-008  -2.123793e-007  -3.783694e-007  -5.767628e-007  
1.272434e-007  -6.061642e-008  -0.000000e+000  6.302326e-008  -3.504277e-009  2.753266e-008  -1.888480e-007  -4.414807e-007  -5.385526e-007  
3.679549e-010  -7.388316e-008  -0.000000e+000  1.107378e-007  2.277271e-007  2.788832e-008  -1.718690e-007  -2.802632e-007  -4.079376e-007  
-1.411026e-007  -4.869807e-008  -1.370726e-007  1.542728e-007  -1.548460e-008  1.107904e-007  2.509045e-008  -4.765338e-008  -1.932569e-007  
-2.025250e-007  -2.855692e-007  3.558937e-008  -1.030690e-007  6.060984e-008  2.253358e-007  2.593923e-007  2.024946e-007  1.202678e-007  
-3.467936e-007  -1.028572e-007  -2.191149e-007  -8.807091e-008  5.022781e-008  2.475659e-007  3.728704e-007  4.693488e-007  3.391416e-007  
3.156005e-007  -4.461757e-010  2.086436e-007  9.481141e-008  1.158223e-007  2.111452e-007  2.637271e-007  3.250484e-007  1.688756e-007  

