Port monitor named: Port1_e1.prt

nx        = 106
ny        = 79
nz        = 21

nu        = 9
nv        = 96
iu        = 8
iv        = 6

idir      = 1
dcut      = -1.048000e-001
icut      = 6
type      = 0
frequency = 1.800000e+009

fcutoff   = 0.000000e+000
alpha     = 0.000000e+000
beta      = 7.013344e+001
accuracy  = 1.351931e-013

type          = QTEM
wave imp.     = 2.032961e+002
wave imp.sig. = 5.974893e-011
line imp.     = 4.896027e+001

ref. port     = 0

-0.000000e+000  -0.000000e+000  -0.000000e+000  -0.000000e+000  -0.000000e+000  -0.000000e+000  -0.000000e+000  -6.860869e-010  -0.000000e+000  
-0.000000e+000  -0.000000e+000  -0.000000e+000  -0.000000e+000  -2.295852e-009  -2.489499e-009  -2.321834e-009  -1.617438e-009  -0.000000e+000  
-0.000000e+000  -0.000000e+000  -0.000000e+000  -2.774801e-009  -3.826122e-009  -3.984648e-009  -3.512836e-009  -2.259653e-009  -0.000000e+000  
-0.000000e+000  -0.000000e+000  -0.000000e+000  -4.135348e-009  -6.691443e-009  -6.250155e-009  -5.099125e-009  -3.036952e-009  -0.000000e+000  
2.827099e-009  8.535346e-009  -6.859599e-009  -6.235249e-009  -1.377441e-008  -9.388815e-009  -6.888714e-009  -3.868407e-009  -0.000000e+000  
-0.000000e+000  3.496338e-009  -5.080001e-009  -4.013975e-009  -1.303351e-008  -1.036569e-008  -8.034251e-009  -4.660686e-009  -0.000000e+000  
-0.000000e+000  -0.000000e+000  -3.664887e-009  -3.275941e-009  -1.268881e-008  -1.098755e-008  -8.967436e-009  -5.465512e-009  -0.000000e+000  
-0.000000e+000  -0.000000e+000  -3.385977e-009  -3.221085e-009  -1.337503e-008  -1.208726e-008  -1.018647e-008  -6.450349e-009  -0.000000e+000  
-0.000000e+000  -0.000000e+000  -5.009897e-009  -4.869193e-009  -2.072314e-008  -1.912401e-008  -1.646008e-008  -1.077797e-008  -0.000000e+000  
-0.000000e+000  -0.000000e+000  -9.944459e-009  -9.679840e-009  -4.127177e-008  -3.816215e-008  -3.292464e-008  -2.166352e-008  -0.000000e+000  
-0.000000e+000  -0.000000e+000  -2.108751e-008  -2.052782e-008  -8.753166e-008  -8.094889e-008  -6.985529e-008  -4.598072e-008  -0.000000e+000  
-0.000000e+000  -0.000000e+000  -4.534880e-008  -4.414557e-008  -1.882433e-007  -1.740883e-007  -1.502316e-007  -9.889169e-008  -0.000000e+000  
-0.000000e+000  -0.000000e+000  -9.781845e-008  -9.522284e-008  -4.060441e-007  -3.755134e-007  -3.240564e-007  -2.133145e-007  -0.000000e+000  
-0.000000e+000  -0.000000e+000  -2.111383e-007  -2.055343e-007  -8.764239e-007  -8.105261e-007  -6.994608e-007  -4.604245e-007  -0.000000e+000  
-0.000000e+000  -0.000000e+000  -4.557982e-007  -4.437015e-007  -1.892000e-006  -1.749741e-006  -1.509974e-006  -9.939550e-007  -0.000000e+000  
-0.000000e+000  -0.000000e+000  -9.839945e-007  -9.578802e-007  -4.084522e-006  -3.777409e-006  -3.259793e-006  -2.145786e-006  -0.000000e+000  
-0.000000e+000  -0.000000e+000  -2.124301e-006  -2.067924e-006  -8.817890e-006  -8.154877e-006  -7.037418e-006  -4.632443e-006  -0.000000e+000  
-0.000000e+000  -0.000000e+000  -4.586063e-006  -4.464355e-006  -1.903658e-005  -1.760522e-005  -1.519279e-005  -1.000079e-005  -0.000000e+000  
-0.000000e+000  -0.000000e+000  -9.900666e-006  -9.637913e-006  -4.109729e-005  -3.800720e-005  -3.279909e-005  -2.159029e-005  -0.000000e+000  
-0.000000e+000  -0.000000e+000  -2.137414e-005  -2.080690e-005  -8.872325e-005  -8.205219e-005  -7.080861e-005  -4.661040e-005  -0.000000e+000  
-0.000000e+000  -0.000000e+000  -4.614377e-005  -4.491917e-005  -1.915410e-004  -1.771391e-004  -1.528658e-004  -1.006253e-004  -0.000000e+000  
-0.000000e+000  -0.000000e+000  -9.961791e-005  -9.697416e-005  -4.135102e-004  -3.824185e-004  -3.300159e-004  -2.172358e-004  -0.000000e+000  
-0.000000e+000  -0.000000e+000  -2.051178e-004  -1.996742e-004  -8.514362e-004  -7.874171e-004  -6.795176e-004  -4.472985e-004  -0.000000e+000  
-0.000000e+000  -0.000000e+000  -2.736810e-004  -2.664178e-004  -1.136039e-003  -1.050621e-003  -9.066548e-004  -5.968135e-004  -0.000000e+000  
-0.000000e+000  -0.000000e+000  -3.632638e-004  -3.536232e-004  -1.507894e-003  -1.394516e-003  -1.203426e-003  -7.921660e-004  -0.000000e+000  
-0.000000e+000  -0.000000e+000  -4.807467e-004  -4.679882e-004  -1.995561e-003  -1.845516e-003  -1.592626e-003  -1.048360e-003  -0.000000e+000  
-0.000000e+000  -0.000000e+000  -6.340036e-004  -6.171779e-004  -2.631725e-003  -2.433846e-003  -2.100338e-003  -1.382566e-003  -0.000000e+000  
-0.000000e+000  -0.000000e+000  -8.353087e-004  -8.131405e-004  -3.467334e-003  -3.206627e-003  -2.767224e-003  -1.821549e-003  -0.000000e+000  
-0.000000e+000  -0.000000e+000  -1.099918e-003  -1.070727e-003  -4.565717e-003  -4.222422e-003  -3.643825e-003  -2.398580e-003  -0.000000e+000  
-0.000000e+000  -0.000000e+000  -2.157325e-003  -2.100072e-003  -8.954974e-003  -8.281652e-003  -7.146819e-003  -4.704454e-003  -0.000000e+000  
-0.000000e+000  -0.000000e+000  -4.537251e-003  -4.416837e-003  -1.883395e-002  -1.741783e-002  -1.503106e-002  -9.894317e-003  -0.000000e+000  
-0.000000e+000  -0.000000e+000  -9.606970e-003  -9.352008e-003  -3.987813e-002  -3.687967e-002  -3.182602e-002  -2.094968e-002  -0.000000e+000  
-0.000000e+000  -0.000000e+000  -2.037199e-002  -1.983132e-002  -8.456312e-002  -7.820465e-002  -6.748802e-002  -4.442414e-002  -0.000000e+000  
-0.000000e+000  -0.000000e+000  -4.321446e-002  -4.206746e-002  -1.793803e-001  -1.658915e-001  -1.431578e-001  -9.423231e-002  -0.000000e+000  
-0.000000e+000  -0.000000e+000  -9.167840e-002  -8.924458e-002  -3.805459e-001  -3.519256e-001  -3.036916e-001  -1.998924e-001  -0.000000e+000  
-0.000000e+000  -0.000000e+000  -1.945092e-001  -1.893426e-001  -8.073552e-001  -7.466076e-001  -6.442424e-001  -4.239885e-001  -0.000000e+000  
-0.000000e+000  -0.000000e+000  -4.127561e-001  -4.017744e-001  -1.713065e+000  -1.584006e+000  -1.366609e+000  -8.990539e-001  -0.000000e+000  
-0.000000e+000  -0.000000e+000  -8.763316e-001  -8.529076e-001  -3.635990e+000  -3.361090e+000  -2.898501e+000  -1.904860e+000  -0.000000e+000  
-0.000000e+000  -0.000000e+000  -1.863277e+000  -1.812789e+000  -7.724311e+000  -7.134452e+000  -6.144864e+000  -4.026761e+000  -0.000000e+000  
-0.000000e+000  -0.000000e+000  -3.978829e+000  -3.866418e+000  -1.645041e+001  -1.515813e+001  -1.301011e+001  -8.458936e+000  -0.000000e+000  
-0.000000e+000  -0.000000e+000  -8.610631e+000  -8.332904e+000  -3.527630e+001  -3.227502e+001  -2.743060e+001  -1.746066e+001  -0.000000e+000  
-0.000000e+000  -0.000000e+000  -1.948407e+001  -1.855581e+001  -7.706738e+001  -6.895782e+001  -5.699796e+001  -3.428992e+001  -0.000000e+000  
-0.000000e+000  -0.000000e+000  -5.140869e+001  -4.594903e+001  -1.763086e+002  -1.465932e+002  -1.117897e+002  -5.776810e+001  -0.000000e+000  
-0.000000e+000  -0.000000e+000  -1.903131e+002  -1.429222e+002  -4.092838e+002  -2.676223e+002  -1.594073e+002  -5.054397e+001  -0.000000e+000  
-0.000000e+000  -0.000000e+000  -4.928773e+002  -3.241232e+002  -5.632506e+002  -2.441306e+002  -9.175286e+001  -2.116848e+000  -0.000000e+000  
-0.000000e+000  -0.000000e+000  -1.292627e+003  -8.681977e+002  -5.581511e+002  -1.526437e+001  9.460527e+001  7.770712e+001  -0.000000e+000  
-0.000000e+000  -0.000000e+000  -3.342698e+003  -3.743292e+003  1.528850e+003  7.510323e+002  4.311440e+002  1.717764e+002  -0.000000e+000  
-0.000000e+000  -0.000000e+000  -4.103831e+003  -4.545717e+003  1.646085e+003  9.565826e+002  5.584564e+002  2.114236e+002  -0.000000e+000  
-0.000000e+000  -0.000000e+000  -4.103831e+003  -4.545717e+003  1.646085e+003  9.565826e+002  5.584564e+002  2.114236e+002  -0.000000e+000  
-0.000000e+000  -0.000000e+000  -3.342698e+003  -3.743292e+003  1.528850e+003  7.510323e+002  4.311440e+002  1.717764e+002  -0.000000e+000  
-0.000000e+000  -0.000000e+000  -1.292627e+003  -8.681977e+002  -5.581511e+002  -1.526437e+001  9.460527e+001  7.770712e+001  -0.000000e+000  
-0.000000e+000  -0.000000e+000  -4.928773e+002  -3.241232e+002  -5.632506e+002  -2.441306e+002  -9.175286e+001  -2.116848e+000  -0.000000e+000  
-0.000000e+000  -0.000000e+000  -1.903131e+002  -1.429222e+002  -4.092838e+002  -2.676223e+002  -1.594073e+002  -5.054397e+001  -0.000000e+000  
-0.000000e+000  -0.000000e+000  -5.140869e+001  -4.594903e+001  -1.763086e+002  -1.465932e+002  -1.117897e+002  -5.776810e+001  -0.000000e+000  
-0.000000e+000  -0.000000e+000  -1.948407e+001  -1.855581e+001  -7.706738e+001  -6.895782e+001  -5.699796e+001  -3.428992e+001  -0.000000e+000  
-0.000000e+000  -0.000000e+000  -8.610631e+000  -8.332904e+000  -3.527630e+001  -3.227502e+001  -2.743060e+001  -1.746066e+001  -0.000000e+000  
-0.000000e+000  -0.000000e+000  -3.978829e+000  -3.866418e+000  -1.645041e+001  -1.515813e+001  -1.301011e+001  -8.458936e+000  -0.000000e+000  
-0.000000e+000  -0.000000e+000  -1.863277e+000  -1.812789e+000  -7.724311e+000  -7.134452e+000  -6.144864e+000  -4.026761e+000  -0.000000e+000  
-0.000000e+000  -0.000000e+000  -8.763316e-001  -8.529076e-001  -3.635990e+000  -3.361090e+000  -2.898501e+000  -1.904860e+000  -0.000000e+000  
-0.000000e+000  -0.000000e+000  -4.127561e-001  -4.017744e-001  -1.713065e+000  -1.584006e+000  -1.366609e+000  -8.990539e-001  -0.000000e+000  
-0.000000e+000  -0.000000e+000  -1.945092e-001  -1.893426e-001  -8.073552e-001  -7.466076e-001  -6.442424e-001  -4.239885e-001  -0.000000e+000  
-0.000000e+000  -0.000000e+000  -9.167840e-002  -8.924458e-002  -3.805459e-001  -3.519256e-001  -3.036916e-001  -1.998924e-001  -0.000000e+000  
-0.000000e+000  -0.000000e+000  -4.321446e-002  -4.206746e-002  -1.793803e-001  -1.658915e-001  -1.431578e-001  -9.423231e-002  -0.000000e+000  
-0.000000e+000  -0.000000e+000  -2.037199e-002  -1.983132e-002  -8.456312e-002  -7.820465e-002  -6.748802e-002  -4.442414e-002  -0.000000e+000  
-0.000000e+000  -0.000000e+000  -9.606970e-003  -9.352008e-003  -3.987813e-002  -3.687967e-002  -3.182602e-002  -2.094968e-002  -0.000000e+000  
-0.000000e+000  -0.000000e+000  -4.537251e-003  -4.416837e-003  -1.883395e-002  -1.741783e-002  -1.503106e-002  -9.894317e-003  -0.000000e+000  
-0.000000e+000  -0.000000e+000  -2.157325e-003  -2.100072e-003  -8.954974e-003  -8.281652e-003  -7.146819e-003  -4.704454e-003  -0.000000e+000  
-0.000000e+000  -0.000000e+000  -1.099918e-003  -1.070727e-003  -4.565717e-003  -4.222422e-003  -3.643825e-003  -2.398580e-003  -0.000000e+000  
-0.000000e+000  -0.000000e+000  -8.353087e-004  -8.131405e-004  -3.467334e-003  -3.206627e-003  -2.767224e-003  -1.821549e-003  -0.000000e+000  
-0.000000e+000  -0.000000e+000  -6.340036e-004  -6.171779e-004  -2.631725e-003  -2.433846e-003  -2.100338e-003  -1.382566e-003  -0.000000e+000  
-0.000000e+000  -0.000000e+000  -4.807467e-004  -4.679882e-004  -1.995561e-003  -1.845516e-003  -1.592626e-003  -1.048360e-003  -0.000000e+000  
-0.000000e+000  -0.000000e+000  -3.632638e-004  -3.536232e-004  -1.507894e-003  -1.394516e-003  -1.203426e-003  -7.921660e-004  -0.000000e+000  
-0.000000e+000  -0.000000e+000  -2.736810e-004  -2.664178e-004  -1.136039e-003  -1.050621e-003  -9.066548e-004  -5.968135e-004  -0.000000e+000  
-0.000000e+000  -0.000000e+000  -2.051178e-004  -1.996742e-004  -8.514362e-004  -7.874171e-004  -6.795176e-004  -4.472985e-004  -0.000000e+000  
-0.000000e+000  -0.000000e+000  -9.961791e-005  -9.697416e-005  -4.135102e-004  -3.824185e-004  -3.300159e-004  -2.172358e-004  -0.000000e+000  
-0.000000e+000  -0.000000e+000  -4.614377e-005  -4.491917e-005  -1.915410e-004  -1.771391e-004  -1.528658e-004  -1.006253e-004  -0.000000e+000  
-0.000000e+000  -0.000000e+000  -2.137415e-005  -2.080690e-005  -8.872326e-005  -8.205220e-005  -7.080862e-005  -4.661040e-005  -0.000000e+000  
-0.000000e+000  -0.000000e+000  -9.900666e-006  -9.637914e-006  -4.109729e-005  -3.800720e-005  -3.279909e-005  -2.159029e-005  -0.000000e+000  
-0.000000e+000  -0.000000e+000  -4.586065e-006  -4.464355e-006  -1.903658e-005  -1.760522e-005  -1.519279e-005  -1.000079e-005  -0.000000e+000  
-0.000000e+000  -0.000000e+000  -2.124301e-006  -2.067924e-006  -8.817890e-006  -8.154876e-006  -7.037416e-006  -4.632442e-006  -0.000000e+000  
-0.000000e+000  -0.000000e+000  -9.839932e-007  -9.578792e-007  -4.084518e-006  -3.777405e-006  -3.259788e-006  -2.145785e-006  -0.000000e+000  
-0.000000e+000  -0.000000e+000  -4.557954e-007  -4.436995e-007  -1.891990e-006  -1.749733e-006  -1.509968e-006  -9.939513e-007  -0.000000e+000  
-0.000000e+000  -0.000000e+000  -2.111354e-007  -2.055322e-007  -8.764155e-007  -8.105185e-007  -6.994542e-007  -4.604226e-007  -0.000000e+000  
-0.000000e+000  -0.000000e+000  -9.781651e-008  -9.522055e-008  -4.060334e-007  -3.755048e-007  -3.240505e-007  -2.133105e-007  -0.000000e+000  
-0.000000e+000  -0.000000e+000  -4.534795e-008  -4.414403e-008  -1.882355e-007  -1.740831e-007  -1.502289e-007  -9.888728e-008  -0.000000e+000  
-0.000000e+000  -0.000000e+000  -2.108816e-008  -2.052849e-008  -8.753464e-008  -8.095124e-008  -6.985692e-008  -4.598240e-008  -0.000000e+000  
-0.000000e+000  -0.000000e+000  -9.947948e-009  -9.683094e-009  -4.128376e-008  -3.817334e-008  -3.293461e-008  -2.166822e-008  -0.000000e+000  
-0.000000e+000  -0.000000e+000  -5.014420e-009  -4.873828e-009  -2.074223e-008  -1.914008e-008  -1.647239e-008  -1.078698e-008  -0.000000e+000  
-0.000000e+000  -0.000000e+000  -3.394348e-009  -3.227587e-009  -1.340293e-008  -1.211269e-008  -1.020756e-008  -6.462157e-009  -0.000000e+000  
-0.000000e+000  -0.000000e+000  -3.675015e-009  -3.289745e-009  -1.272289e-008  -1.101635e-008  -8.992135e-009  -5.478629e-009  -0.000000e+000  
-0.000000e+000  3.510411e-009  -5.101033e-009  -4.024816e-009  -1.307866e-008  -1.040018e-008  -8.060520e-009  -4.674621e-009  -0.000000e+000  
2.836821e-009  8.566987e-009  -6.885991e-009  -6.259124e-009  -1.382455e-008  -9.424163e-009  -6.912804e-009  -3.882703e-009  -0.000000e+000  
-0.000000e+000  -0.000000e+000  -0.000000e+000  -4.155463e-009  -6.718322e-009  -6.275372e-009  -5.121060e-009  -3.049670e-009  -0.000000e+000  
-0.000000e+000  -0.000000e+000  -0.000000e+000  -2.790946e-009  -3.844051e-009  -4.004173e-009  -3.529736e-009  -2.271292e-009  -0.000000e+000  
-0.000000e+000  -0.000000e+000  -0.000000e+000  -0.000000e+000  -2.309080e-009  -2.504494e-009  -2.334518e-009  -1.627836e-009  -0.000000e+000  
-0.000000e+000  -0.000000e+000  -0.000000e+000  -0.000000e+000  -0.000000e+000  -0.000000e+000  -0.000000e+000  -6.914075e-010  -0.000000e+000  

4.599118e-009  4.588964e-009  4.559499e-009  4.507346e-009  4.428711e-009  4.263884e-009  4.085889e-009  3.929657e-009  3.728324e-009  
9.825813e-009  9.897223e-009  9.980736e-009  9.955899e-009  9.702512e-009  8.870465e-009  8.095569e-009  7.555872e-009  7.126185e-009  
1.168355e-008  1.203864e-008  1.249236e-008  1.283408e-008  1.248799e-008  1.068974e-008  9.466081e-009  8.790696e-009  8.419118e-009  
1.218834e-008  1.398189e-008  1.539757e-008  1.768991e-008  1.717212e-008  1.190039e-008  1.024957e-008  9.707518e-009  9.674939e-009  
5.471862e-009  4.721873e-009  -0.000000e+000  3.837023e-009  6.334751e-009  8.876828e-009  9.781636e-009  1.030654e-008  1.100425e-008  
1.888294e-009  1.342593e-009  -0.000000e+000  2.660891e-009  4.900715e-009  7.920727e-009  9.849816e-009  1.114562e-008  1.260811e-008  
-0.000000e+000  -0.000000e+000  -0.000000e+000  2.729961e-009  5.287365e-009  8.395034e-009  1.078018e-008  1.255652e-008  1.467375e-008  
-0.000000e+000  -0.000000e+000  -0.000000e+000  3.803070e-009  7.513553e-009  1.101360e-008  1.401698e-008  1.644668e-008  1.961533e-008  
-0.000000e+000  -0.000000e+000  -0.000000e+000  7.331985e-009  1.451507e-008  2.004326e-008  2.482622e-008  2.874178e-008  3.395711e-008  
-0.000000e+000  -0.000000e+000  -0.000000e+000  1.444058e-008  2.859130e-008  3.807883e-008  4.620876e-008  5.281801e-008  6.154099e-008  
-0.000000e+000  -0.000000e+000  -0.000000e+000  2.824772e-008  5.593333e-008  7.200789e-008  8.559494e-008  9.651348e-008  1.106667e-007  
-0.000000e+000  -0.000000e+000  -0.000000e+000  5.507587e-008  1.090629e-007  1.351926e-007  1.568176e-007  1.738775e-007  1.953307e-007  
-0.000000e+000  -0.000000e+000  -0.000000e+000  1.071268e-007  2.121505e-007  2.516098e-007  2.830606e-007  3.070231e-007  3.353606e-007  
-0.000000e+000  -0.000000e+000  -0.000000e+000  2.078761e-007  4.117038e-007  4.632764e-007  5.009663e-007  5.271823e-007  5.527086e-007  
-0.000000e+000  -0.000000e+000  -0.000000e+000  4.023283e-007  7.968937e-007  8.415327e-007  8.629588e-007  8.689272e-007  8.533078e-007  
-0.000000e+000  -0.000000e+000  -0.000000e+000  7.763874e-007  1.537956e-006  1.501958e-006  1.429262e-006  1.341677e-006  1.167592e-006  
-0.000000e+000  -0.000000e+000  -0.000000e+000  1.493169e-006  2.958190e-006  2.617791e-006  2.224785e-006  1.836317e-006  1.181940e-006  
-0.000000e+000  -0.000000e+000  -0.000000e+000  2.860482e-006  5.667832e-006  4.411652e-006  3.094729e-006  1.860398e-006  -1.051048e-007  
-0.000000e+000  -0.000000e+000  -0.000000e+000  5.454877e-006  1.081020e-005  7.063731e-006  3.290976e-006  -1.590192e-007  -5.499304e-006  
-0.000000e+000  -0.000000e+000  -0.000000e+000  1.034645e-005  2.050804e-005  1.036686e-005  3.769758e-007  -8.629430e-006  -2.233546e-005  
-0.000000e+000  -0.000000e+000  -0.000000e+000  1.949893e-005  3.865843e-005  1.269061e-005  -1.253766e-005  -3.507382e-005  -6.898377e-005  
-0.000000e+000  -0.000000e+000  -0.000000e+000  3.587959e-005  7.115429e-005  8.323047e-006  -5.214996e-005  -1.058284e-004  -1.859601e-004  
-0.000000e+000  -0.000000e+000  -0.000000e+000  5.505649e-005  1.092128e-004  -8.654446e-006  -1.214811e-004  -2.212572e-004  -3.695013e-004  
-0.000000e+000  -0.000000e+000  -0.000000e+000  6.811409e-005  1.351324e-004  -2.435691e-005  -1.767042e-004  -3.112338e-004  -5.107442e-004  
-0.000000e+000  -0.000000e+000  -0.000000e+000  8.427198e-005  1.672133e-004  -4.920746e-005  -2.555261e-004  -4.374642e-004  -7.068088e-004  
-0.000000e+000  -0.000000e+000  -0.000000e+000  1.041246e-004  2.066393e-004  -8.697036e-005  -3.663612e-004  -6.124224e-004  -9.761014e-004  
-0.000000e+000  -0.000000e+000  -0.000000e+000  1.283951e-004  2.548517e-004  -1.428325e-004  -5.206217e-004  -8.529529e-004  -1.343400e-003  
-0.000000e+000  -0.000000e+000  -0.000000e+000  1.580574e-004  3.137918e-004  -2.243355e-004  -7.347525e-004  -1.183268e-003  -1.844259e-003  
-0.000000e+000  -0.000000e+000  -0.000000e+000  2.223424e-004  4.415712e-004  -4.332978e-004  -1.261373e-003  -1.987951e-003  -3.056694e-003  
-0.000000e+000  -0.000000e+000  -0.000000e+000  3.781703e-004  7.516063e-004  -1.165726e-003  -2.975012e-003  -4.559149e-003  -6.882861e-003  
-0.000000e+000  -0.000000e+000  -0.000000e+000  6.425581e-004  1.278459e-003  -3.039910e-003  -7.104396e-003  -1.065658e-002  -1.585471e-002  
-0.000000e+000  -0.000000e+000  -0.000000e+000  1.047656e-003  2.087839e-003  -7.536544e-003  -1.657571e-002  -2.446351e-002  -3.598319e-002  
-0.000000e+000  -0.000000e+000  -0.000000e+000  1.604054e-003  3.205279e-003  -1.810543e-002  -3.808412e-002  -5.549538e-002  -8.087988e-002  
-0.000000e+000  -0.000000e+000  -0.000000e+000  2.193103e-003  4.405725e-003  -4.254474e-002  -8.649193e-002  -1.247480e-001  -1.804373e-001  
-0.000000e+000  -0.000000e+000  -0.000000e+000  2.286435e-003  4.664506e-003  -9.834613e-002  -1.946337e-001  -2.783637e-001  -4.000662e-001  
-0.000000e+000  -0.000000e+000  -0.000000e+000  2.158443e-004  7.264367e-004  -2.245152e-001  -4.347750e-001  -6.174083e-001  -8.823942e-001  
-0.000000e+000  -0.000000e+000  -0.000000e+000  -8.669570e-003  -1.650390e-002  -5.077689e-001  -9.656545e-001  -1.362764e+000  -1.937289e+000  
-0.000000e+000  -0.000000e+000  -0.000000e+000  -3.667733e-002  -7.108186e-002  -1.141397e+000  -2.136613e+000  -2.997225e+000  -4.234832e+000  
-0.000000e+000  -0.000000e+000  -0.000000e+000  -1.164527e-001  -2.264658e-001  -2.563268e+000  -4.725072e+000  -6.581730e+000  -9.212399e+000  
-0.000000e+000  -0.000000e+000  -0.000000e+000  -3.426480e-001  -6.633650e-001  -5.816938e+000  -1.052088e+001  -1.448875e+001  -1.989755e+001  
-0.000000e+000  -0.000000e+000  -0.000000e+000  -1.068595e+000  -2.026469e+000  -1.373742e+001  -2.400796e+001  -3.224986e+001  -4.236721e+001  
-0.000000e+000  -0.000000e+000  -0.000000e+000  -4.331062e+000  -7.769694e+000  -3.635485e+001  -5.843510e+001  -7.370660e+001  -8.714639e+001  
-0.000000e+000  -0.000000e+000  -0.000000e+000  -2.711947e+001  -4.480358e+001  -1.203099e+002  -1.576193e+002  -1.703205e+002  -1.599426e+002  
-0.000000e+000  -0.000000e+000  -0.000000e+000  -1.689690e+002  -2.673267e+002  -3.958410e+002  -3.675123e+002  -3.016263e+002  -2.011147e+002  
-0.000000e+000  -0.000000e+000  -0.000000e+000  -4.567857e+002  -7.644141e+002  -7.479350e+002  -5.344702e+002  -3.618659e+002  -2.000198e+002  
-0.000000e+000  -0.000000e+000  -0.000000e+000  -1.183997e+003  -2.650596e+003  -1.349502e+003  -6.542372e+002  -3.476871e+002  -1.591020e+002  
-0.000000e+000  -0.000000e+000  -0.000000e+000  -5.776420e+002  -0.000000e+000  -5.851660e+002  -3.387115e+002  -1.861301e+002  -8.180733e+001  
-0.000000e+000  -0.000000e+000  -0.000000e+000  -0.000000e+000  -0.000000e+000  -0.000000e+000  -0.000000e+000  -0.000000e+000  -0.000000e+000  
-0.000000e+000  -0.000000e+000  -0.000000e+000  5.776420e+002  -0.000000e+000  5.851660e+002  3.387115e+002  1.861301e+002  8.180733e+001  
-0.000000e+000  -0.000000e+000  -0.000000e+000  1.183997e+003  2.650596e+003  1.349502e+003  6.542372e+002  3.476871e+002  1.591020e+002  
-0.000000e+000  -0.000000e+000  -0.000000e+000  4.567857e+002  7.644141e+002  7.479350e+002  5.344702e+002  3.618659e+002  2.000198e+002  
-0.000000e+000  -0.000000e+000  -0.000000e+000  1.689690e+002  2.673267e+002  3.958410e+002  3.675123e+002  3.016263e+002  2.011147e+002  
-0.000000e+000  -0.000000e+000  -0.000000e+000  2.711947e+001  4.480358e+001  1.203099e+002  1.576193e+002  1.703205e+002  1.599426e+002  
-0.000000e+000  -0.000000e+000  -0.000000e+000  4.331062e+000  7.769694e+000  3.635485e+001  5.843510e+001  7.370660e+001  8.714639e+001  
-0.000000e+000  -0.000000e+000  -0.000000e+000  1.068595e+000  2.026469e+000  1.373742e+001  2.400796e+001  3.224986e+001  4.236721e+001  
-0.000000e+000  -0.000000e+000  -0.000000e+000  3.426480e-001  6.633650e-001  5.816938e+000  1.052088e+001  1.448875e+001  1.989755e+001  
-0.000000e+000  -0.000000e+000  -0.000000e+000  1.164527e-001  2.264658e-001  2.563268e+000  4.725072e+000  6.581730e+000  9.212399e+000  
-0.000000e+000  -0.000000e+000  -0.000000e+000  3.667733e-002  7.108186e-002  1.141397e+000  2.136613e+000  2.997225e+000  4.234832e+000  
-0.000000e+000  -0.000000e+000  -0.000000e+000  8.669570e-003  1.650390e-002  5.077689e-001  9.656545e-001  1.362764e+000  1.937289e+000  
-0.000000e+000  -0.000000e+000  -0.000000e+000  -2.158443e-004  -7.264367e-004  2.245152e-001  4.347750e-001  6.174083e-001  8.823942e-001  
-0.000000e+000  -0.000000e+000  -0.000000e+000  -2.286435e-003  -4.664506e-003  9.834613e-002  1.946337e-001  2.783637e-001  4.000662e-001  
-0.000000e+000  -0.000000e+000  -0.000000e+000  -2.193103e-003  -4.405725e-003  4.254474e-002  8.649193e-002  1.247480e-001  1.804373e-001  
-0.000000e+000  -0.000000e+000  -0.000000e+000  -1.604054e-003  -3.205279e-003  1.810543e-002  3.808412e-002  5.549538e-002  8.087988e-002  
-0.000000e+000  -0.000000e+000  -0.000000e+000  -1.047656e-003  -2.087839e-003  7.536544e-003  1.657571e-002  2.446351e-002  3.598319e-002  
-0.000000e+000  -0.000000e+000  -0.000000e+000  -6.425581e-004  -1.278459e-003  3.039910e-003  7.104396e-003  1.065658e-002  1.585471e-002  
-0.000000e+000  -0.000000e+000  -0.000000e+000  -3.781703e-004  -7.516063e-004  1.165726e-003  2.975012e-003  4.559149e-003  6.882861e-003  
-0.000000e+000  -0.000000e+000  -0.000000e+000  -2.223424e-004  -4.415712e-004  4.332978e-004  1.261373e-003  1.987951e-003  3.056694e-003  
-0.000000e+000  -0.000000e+000  -0.000000e+000  -1.580574e-004  -3.137918e-004  2.243355e-004  7.347524e-004  1.183268e-003  1.844259e-003  
-0.000000e+000  -0.000000e+000  -0.000000e+000  -1.283951e-004  -2.548517e-004  1.428325e-004  5.206217e-004  8.529529e-004  1.343400e-003  
-0.000000e+000  -0.000000e+000  -0.000000e+000  -1.041246e-004  -2.066393e-004  8.697035e-005  3.663612e-004  6.124224e-004  9.761014e-004  
-0.000000e+000  -0.000000e+000  -0.000000e+000  -8.427198e-005  -1.672133e-004  4.920746e-005  2.555261e-004  4.374642e-004  7.068088e-004  
-0.000000e+000  -0.000000e+000  -0.000000e+000  -6.811409e-005  -1.351324e-004  2.435690e-005  1.767042e-004  3.112338e-004  5.107442e-004  
-0.000000e+000  -0.000000e+000  -0.000000e+000  -5.505649e-005  -1.092128e-004  8.654441e-006  1.214811e-004  2.212572e-004  3.695013e-004  
-0.000000e+000  -0.000000e+000  -0.000000e+000  -3.587960e-005  -7.115429e-005  -8.323050e-006  5.214996e-005  1.058284e-004  1.859601e-004  
-0.000000e+000  -0.000000e+000  -0.000000e+000  -1.949893e-005  -3.865843e-005  -1.269061e-005  1.253766e-005  3.507382e-005  6.898377e-005  
-0.000000e+000  -0.000000e+000  -0.000000e+000  -1.034645e-005  -2.050804e-005  -1.036686e-005  -3.769764e-007  8.629429e-006  2.233546e-005  
-0.000000e+000  -0.000000e+000  -0.000000e+000  -5.454878e-006  -1.081020e-005  -7.063734e-006  -3.290978e-006  1.590173e-007  5.499303e-006  
-0.000000e+000  -0.000000e+000  -0.000000e+000  -2.860482e-006  -5.667832e-006  -4.411652e-006  -3.094730e-006  -1.860398e-006  1.051045e-007  
-0.000000e+000  -0.000000e+000  -0.000000e+000  -1.493169e-006  -2.958190e-006  -2.617790e-006  -2.224783e-006  -1.836315e-006  -1.181939e-006  
-0.000000e+000  -0.000000e+000  -0.000000e+000  -7.763885e-007  -1.537956e-006  -1.501958e-006  -1.429261e-006  -1.341675e-006  -1.167591e-006  
-0.000000e+000  -0.000000e+000  -0.000000e+000  -4.023285e-007  -7.968947e-007  -8.415326e-007  -8.629583e-007  -8.689262e-007  -8.533058e-007  
-0.000000e+000  -0.000000e+000  -0.000000e+000  -2.078753e-007  -4.117022e-007  -4.632751e-007  -5.009647e-007  -5.271804e-007  -5.527084e-007  
-0.000000e+000  -0.000000e+000  -0.000000e+000  -1.071259e-007  -2.121496e-007  -2.516086e-007  -2.830597e-007  -3.070213e-007  -3.353580e-007  
-0.000000e+000  -0.000000e+000  -0.000000e+000  -5.507521e-008  -1.090621e-007  -1.351921e-007  -1.568172e-007  -1.738774e-007  -1.953289e-007  
-0.000000e+000  -0.000000e+000  -0.000000e+000  -2.824684e-008  -5.593142e-008  -7.200699e-008  -8.559483e-008  -9.651327e-008  -1.106660e-007  
-0.000000e+000  -0.000000e+000  -0.000000e+000  -1.443941e-008  -2.858915e-008  -3.807728e-008  -4.620800e-008  -5.281819e-008  -6.154169e-008  
-0.000000e+000  -0.000000e+000  -0.000000e+000  -7.331053e-009  -1.451382e-008  -2.004269e-008  -2.482632e-008  -2.874259e-008  -3.395951e-008  
-0.000000e+000  -0.000000e+000  -0.000000e+000  -3.801317e-009  -7.511602e-009  -1.101289e-008  -1.401749e-008  -1.644792e-008  -1.961722e-008  
-0.000000e+000  -0.000000e+000  -0.000000e+000  -2.730102e-009  -5.288500e-009  -8.398351e-009  -1.078691e-008  -1.256261e-008  -1.467796e-008  
-1.894830e-009  -1.349383e-009  -0.000000e+000  -2.662644e-009  -4.904654e-009  -7.929918e-009  -9.859674e-009  -1.115572e-008  -1.261499e-008  
-5.491335e-009  -4.736665e-009  -0.000000e+000  -3.847471e-009  -6.351213e-009  -8.893968e-009  -9.798156e-009  -1.031888e-008  -1.101279e-008  
-1.223229e-008  -1.403566e-008  -1.544753e-008  -1.775076e-008  -1.722547e-008  -1.193485e-008  -1.027028e-008  -9.723859e-009  -9.684959e-009  
-1.172732e-008  -1.207941e-008  -1.254198e-008  -1.287378e-008  -1.252975e-008  -1.072064e-008  -9.488286e-009  -8.808382e-009  -8.429482e-009  
-9.862583e-009  -9.933003e-009  -1.001621e-008  -9.990753e-009  -9.734173e-009  -8.895131e-009  -8.117181e-009  -7.571466e-009  -7.137072e-009  
-4.615677e-009  -4.605174e-009  -4.575554e-009  -4.522647e-009  -4.443669e-009  -4.277226e-009  -4.097336e-009  -3.939355e-009  -3.735238e-009  
-0.000000e+000  -0.000000e+000  -0.000000e+000  -0.000000e+000  -0.000000e+000  -0.000000e+000  -0.000000e+000  -0.000000e+000  -0.000000e+000  

0.000000e+000  0.000000e+000  0.000000e+000  0.000000e+000  0.000000e+000  0.000000e+000  0.000000e+000  0.000000e+000  0.000000e+000  
0.000000e+000  0.000000e+000  0.000000e+000  0.000000e+000  0.000000e+000  0.000000e+000  0.000000e+000  0.000000e+000  0.000000e+000  
0.000000e+000  0.000000e+000  0.000000e+000  0.000000e+000  0.000000e+000  0.000000e+000  0.000000e+000  0.000000e+000  0.000000e+000  
0.000000e+000  0.000000e+000  0.000000e+000  0.000000e+000  0.000000e+000  0.000000e+000  0.000000e+000  0.000000e+000  0.000000e+000  
0.000000e+000  0.000000e+000  0.000000e+000  0.000000e+000  0.000000e+000  0.000000e+000  0.000000e+000  0.000000e+000  0.000000e+000  
0.000000e+000  0.000000e+000  0.000000e+000  0.000000e+000  0.000000e+000  0.000000e+000  0.000000e+000  0.000000e+000  0.000000e+000  
0.000000e+000  0.000000e+000  0.000000e+000  0.000000e+000  0.000000e+000  0.000000e+000  0.000000e+000  0.000000e+000  0.000000e+000  
0.000000e+000  0.000000e+000  0.000000e+000  0.000000e+000  0.000000e+000  0.000000e+000  0.000000e+000  0.000000e+000  0.000000e+000  
0.000000e+000  0.000000e+000  0.000000e+000  0.000000e+000  0.000000e+000  0.000000e+000  0.000000e+000  0.000000e+000  0.000000e+000  
0.000000e+000  0.000000e+000  0.000000e+000  0.000000e+000  0.000000e+000  0.000000e+000  0.000000e+000  0.000000e+000  0.000000e+000  
0.000000e+000  0.000000e+000  0.000000e+000  0.000000e+000  0.000000e+000  0.000000e+000  0.000000e+000  0.000000e+000  0.000000e+000  
0.000000e+000  0.000000e+000  0.000000e+000  0.000000e+000  0.000000e+000  0.000000e+000  0.000000e+000  0.000000e+000  0.000000e+000  
0.000000e+000  0.000000e+000  0.000000e+000  0.000000e+000  0.000000e+000  0.000000e+000  0.000000e+000  0.000000e+000  0.000000e+000  
0.000000e+000  0.000000e+000  0.000000e+000  0.000000e+000  0.000000e+000  0.000000e+000  0.000000e+000  0.000000e+000  0.000000e+000  
0.000000e+000  0.000000e+000  0.000000e+000  0.000000e+000  0.000000e+000  0.000000e+000  0.000000e+000  0.000000e+000  0.000000e+000  
0.000000e+000  0.000000e+000  0.000000e+000  0.000000e+000  0.000000e+000  0.000000e+000  0.000000e+000  0.000000e+000  0.000000e+000  
0.000000e+000  0.000000e+000  0.000000e+000  0.000000e+000  0.000000e+000  0.000000e+000  0.000000e+000  0.000000e+000  0.000000e+000  
0.000000e+000  0.000000e+000  0.000000e+000  0.000000e+000  0.000000e+000  0.000000e+000  0.000000e+000  0.000000e+000  0.000000e+000  
0.000000e+000  0.000000e+000  0.000000e+000  0.000000e+000  0.000000e+000  0.000000e+000  0.000000e+000  0.000000e+000  0.000000e+000  
0.000000e+000  0.000000e+000  0.000000e+000  0.000000e+000  0.000000e+000  0.000000e+000  0.000000e+000  0.000000e+000  0.000000e+000  
0.000000e+000  0.000000e+000  0.000000e+000  0.000000e+000  0.000000e+000  0.000000e+000  0.000000e+000  0.000000e+000  0.000000e+000  
0.000000e+000  0.000000e+000  0.000000e+000  0.000000e+000  0.000000e+000  0.000000e+000  0.000000e+000  0.000000e+000  0.000000e+000  
0.000000e+000  0.000000e+000  0.000000e+000  0.000000e+000  0.000000e+000  0.000000e+000  0.000000e+000  0.000000e+000  0.000000e+000  
0.000000e+000  0.000000e+000  0.000000e+000  0.000000e+000  0.000000e+000  0.000000e+000  0.000000e+000  0.000000e+000  0.000000e+000  
0.000000e+000  0.000000e+000  0.000000e+000  0.000000e+000  0.000000e+000  0.000000e+000  0.000000e+000  0.000000e+000  0.000000e+000  
0.000000e+000  0.000000e+000  0.000000e+000  0.000000e+000  0.000000e+000  0.000000e+000  0.000000e+000  0.000000e+000  0.000000e+000  
0.000000e+000  0.000000e+000  0.000000e+000  0.000000e+000  0.000000e+000  0.000000e+000  0.000000e+000  0.000000e+000  0.000000e+000  
0.000000e+000  0.000000e+000  0.000000e+000  0.000000e+000  0.000000e+000  0.000000e+000  0.000000e+000  0.000000e+000  0.000000e+000  
0.000000e+000  0.000000e+000  0.000000e+000  0.000000e+000  0.000000e+000  0.000000e+000  0.000000e+000  0.000000e+000  0.000000e+000  
0.000000e+000  0.000000e+000  0.000000e+000  0.000000e+000  0.000000e+000  0.000000e+000  0.000000e+000  0.000000e+000  0.000000e+000  
0.000000e+000  0.000000e+000  0.000000e+000  0.000000e+000  0.000000e+000  0.000000e+000  0.000000e+000  0.000000e+000  0.000000e+000  
0.000000e+000  0.000000e+000  0.000000e+000  0.000000e+000  0.000000e+000  0.000000e+000  0.000000e+000  0.000000e+000  0.000000e+000  
0.000000e+000  0.000000e+000  0.000000e+000  0.000000e+000  0.000000e+000  0.000000e+000  0.000000e+000  0.000000e+000  0.000000e+000  
0.000000e+000  0.000000e+000  0.000000e+000  0.000000e+000  0.000000e+000  0.000000e+000  0.000000e+000  0.000000e+000  0.000000e+000  
0.000000e+000  0.000000e+000  0.000000e+000  0.000000e+000  0.000000e+000  0.000000e+000  0.000000e+000  0.000000e+000  0.000000e+000  
0.000000e+000  0.000000e+000  0.000000e+000  0.000000e+000  0.000000e+000  0.000000e+000  0.000000e+000  0.000000e+000  0.000000e+000  
0.000000e+000  0.000000e+000  0.000000e+000  0.000000e+000  0.000000e+000  0.000000e+000  0.000000e+000  0.000000e+000  0.000000e+000  
0.000000e+000  0.000000e+000  0.000000e+000  0.000000e+000  0.000000e+000  0.000000e+000  0.000000e+000  0.000000e+000  0.000000e+000  
0.000000e+000  0.000000e+000  0.000000e+000  0.000000e+000  0.000000e+000  0.000000e+000  0.000000e+000  0.000000e+000  0.000000e+000  
0.000000e+000  0.000000e+000  0.000000e+000  0.000000e+000  0.000000e+000  0.000000e+000  0.000000e+000  0.000000e+000  0.000000e+000  
0.000000e+000  0.000000e+000  0.000000e+000  0.000000e+000  0.000000e+000  0.000000e+000  0.000000e+000  0.000000e+000  0.000000e+000  
0.000000e+000  0.000000e+000  0.000000e+000  0.000000e+000  0.000000e+000  0.000000e+000  0.000000e+000  0.000000e+000  0.000000e+000  
0.000000e+000  0.000000e+000  0.000000e+000  0.000000e+000  0.000000e+000  0.000000e+000  0.000000e+000  0.000000e+000  0.000000e+000  
0.000000e+000  0.000000e+000  0.000000e+000  0.000000e+000  0.000000e+000  0.000000e+000  0.000000e+000  0.000000e+000  0.000000e+000  
0.000000e+000  0.000000e+000  0.000000e+000  0.000000e+000  0.000000e+000  0.000000e+000  0.000000e+000  0.000000e+000  0.000000e+000  
0.000000e+000  0.000000e+000  0.000000e+000  0.000000e+000  0.000000e+000  0.000000e+000  0.000000e+000  0.000000e+000  0.000000e+000  
0.000000e+000  0.000000e+000  0.000000e+000  0.000000e+000  0.000000e+000  0.000000e+000  0.000000e+000  0.000000e+000  0.000000e+000  
0.000000e+000  0.000000e+000  0.000000e+000  0.000000e+000  0.000000e+000  0.000000e+000  0.000000e+000  0.000000e+000  0.000000e+000  
0.000000e+000  0.000000e+000  0.000000e+000  0.000000e+000  0.000000e+000  0.000000e+000  0.000000e+000  0.000000e+000  0.000000e+000  
0.000000e+000  0.000000e+000  0.000000e+000  0.000000e+000  0.000000e+000  0.000000e+000  0.000000e+000  0.000000e+000  0.000000e+000  
0.000000e+000  0.000000e+000  0.000000e+000  0.000000e+000  0.000000e+000  0.000000e+000  0.000000e+000  0.000000e+000  0.000000e+000  
0.000000e+000  0.000000e+000  0.000000e+000  0.000000e+000  0.000000e+000  0.000000e+000  0.000000e+000  0.000000e+000  0.000000e+000  
0.000000e+000  0.000000e+000  0.000000e+000  0.000000e+000  0.000000e+000  0.000000e+000  0.000000e+000  0.000000e+000  0.000000e+000  
0.000000e+000  0.000000e+000  0.000000e+000  0.000000e+000  0.000000e+000  0.000000e+000  0.000000e+000  0.000000e+000  0.000000e+000  
0.000000e+000  0.000000e+000  0.000000e+000  0.000000e+000  0.000000e+000  0.000000e+000  0.000000e+000  0.000000e+000  0.000000e+000  
0.000000e+000  0.000000e+000  0.000000e+000  0.000000e+000  0.000000e+000  0.000000e+000  0.000000e+000  0.000000e+000  0.000000e+000  
0.000000e+000  0.000000e+000  0.000000e+000  0.000000e+000  0.000000e+000  0.000000e+000  0.000000e+000  0.000000e+000  0.000000e+000  
0.000000e+000  0.000000e+000  0.000000e+000  0.000000e+000  0.000000e+000  0.000000e+000  0.000000e+000  0.000000e+000  0.000000e+000  
0.000000e+000  0.000000e+000  0.000000e+000  0.000000e+000  0.000000e+000  0.000000e+000  0.000000e+000  0.000000e+000  0.000000e+000  
0.000000e+000  0.000000e+000  0.000000e+000  0.000000e+000  0.000000e+000  0.000000e+000  0.000000e+000  0.000000e+000  0.000000e+000  
0.000000e+000  0.000000e+000  0.000000e+000  0.000000e+000  0.000000e+000  0.000000e+000  0.000000e+000  0.000000e+000  0.000000e+000  
0.000000e+000  0.000000e+000  0.000000e+000  0.000000e+000  0.000000e+000  0.000000e+000  0.000000e+000  0.000000e+000  0.000000e+000  
0.000000e+000  0.000000e+000  0.000000e+000  0.000000e+000  0.000000e+000  0.000000e+000  0.000000e+000  0.000000e+000  0.000000e+000  
0.000000e+000  0.000000e+000  0.000000e+000  0.000000e+000  0.000000e+000  0.000000e+000  0.000000e+000  0.000000e+000  0.000000e+000  
0.000000e+000  0.000000e+000  0.000000e+000  0.000000e+000  0.000000e+000  0.000000e+000  0.000000e+000  0.000000e+000  0.000000e+000  
0.000000e+000  0.000000e+000  0.000000e+000  0.000000e+000  0.000000e+000  0.000000e+000  0.000000e+000  0.000000e+000  0.000000e+000  
0.000000e+000  0.000000e+000  0.000000e+000  0.000000e+000  0.000000e+000  0.000000e+000  0.000000e+000  0.000000e+000  0.000000e+000  
0.000000e+000  0.000000e+000  0.000000e+000  0.000000e+000  0.000000e+000  0.000000e+000  0.000000e+000  0.000000e+000  0.000000e+000  
0.000000e+000  0.000000e+000  0.000000e+000  0.000000e+000  0.000000e+000  0.000000e+000  0.000000e+000  0.000000e+000  0.000000e+000  
0.000000e+000  0.000000e+000  0.000000e+000  0.000000e+000  0.000000e+000  0.000000e+000  0.000000e+000  0.000000e+000  0.000000e+000  
0.000000e+000  0.000000e+000  0.000000e+000  0.000000e+000  0.000000e+000  0.000000e+000  0.000000e+000  0.000000e+000  0.000000e+000  
0.000000e+000  0.000000e+000  0.000000e+000  0.000000e+000  0.000000e+000  0.000000e+000  0.000000e+000  0.000000e+000  0.000000e+000  
0.000000e+000  0.000000e+000  0.000000e+000  0.000000e+000  0.000000e+000  0.000000e+000  0.000000e+000  0.000000e+000  0.000000e+000  
0.000000e+000  0.000000e+000  0.000000e+000  0.000000e+000  0.000000e+000  0.000000e+000  0.000000e+000  0.000000e+000  0.000000e+000  
0.000000e+000  0.000000e+000  0.000000e+000  0.000000e+000  0.000000e+000  0.000000e+000  0.000000e+000  0.000000e+000  0.000000e+000  
0.000000e+000  0.000000e+000  0.000000e+000  0.000000e+000  0.000000e+000  0.000000e+000  0.000000e+000  0.000000e+000  0.000000e+000  
0.000000e+000  0.000000e+000  0.000000e+000  0.000000e+000  0.000000e+000  0.000000e+000  0.000000e+000  0.000000e+000  0.000000e+000  
0.000000e+000  0.000000e+000  0.000000e+000  0.000000e+000  0.000000e+000  0.000000e+000  0.000000e+000  0.000000e+000  0.000000e+000  
0.000000e+000  0.000000e+000  0.000000e+000  0.000000e+000  0.000000e+000  0.000000e+000  0.000000e+000  0.000000e+000  0.000000e+000  
0.000000e+000  0.000000e+000  0.000000e+000  0.000000e+000  0.000000e+000  0.000000e+000  0.000000e+000  0.000000e+000  0.000000e+000  
0.000000e+000  0.000000e+000  0.000000e+000  0.000000e+000  0.000000e+000  0.000000e+000  0.000000e+000  0.000000e+000  0.000000e+000  
0.000000e+000  0.000000e+000  0.000000e+000  0.000000e+000  0.000000e+000  0.000000e+000  0.000000e+000  0.000000e+000  0.000000e+000  
0.000000e+000  0.000000e+000  0.000000e+000  0.000000e+000  0.000000e+000  0.000000e+000  0.000000e+000  0.000000e+000  0.000000e+000  
0.000000e+000  0.000000e+000  0.000000e+000  0.000000e+000  0.000000e+000  0.000000e+000  0.000000e+000  0.000000e+000  0.000000e+000  
0.000000e+000  0.000000e+000  0.000000e+000  0.000000e+000  0.000000e+000  0.000000e+000  0.000000e+000  0.000000e+000  0.000000e+000  
0.000000e+000  0.000000e+000  0.000000e+000  0.000000e+000  0.000000e+000  0.000000e+000  0.000000e+000  0.000000e+000  0.000000e+000  
0.000000e+000  0.000000e+000  0.000000e+000  0.000000e+000  0.000000e+000  0.000000e+000  0.000000e+000  0.000000e+000  0.000000e+000  
0.000000e+000  0.000000e+000  0.000000e+000  0.000000e+000  0.000000e+000  0.000000e+000  0.000000e+000  0.000000e+000  0.000000e+000  
0.000000e+000  0.000000e+000  0.000000e+000  0.000000e+000  0.000000e+000  0.000000e+000  0.000000e+000  0.000000e+000  0.000000e+000  
0.000000e+000  0.000000e+000  0.000000e+000  0.000000e+000  0.000000e+000  0.000000e+000  0.000000e+000  0.000000e+000  0.000000e+000  
0.000000e+000  0.000000e+000  0.000000e+000  0.000000e+000  0.000000e+000  0.000000e+000  0.000000e+000  0.000000e+000  0.000000e+000  
0.000000e+000  0.000000e+000  0.000000e+000  0.000000e+000  0.000000e+000  0.000000e+000  0.000000e+000  0.000000e+000  0.000000e+000  
0.000000e+000  0.000000e+000  0.000000e+000  0.000000e+000  0.000000e+000  0.000000e+000  0.000000e+000  0.000000e+000  0.000000e+000  
0.000000e+000  0.000000e+000  0.000000e+000  0.000000e+000  0.000000e+000  0.000000e+000  0.000000e+000  0.000000e+000  0.000000e+000  
0.000000e+000  0.000000e+000  0.000000e+000  0.000000e+000  0.000000e+000  0.000000e+000  0.000000e+000  0.000000e+000  0.000000e+000  
0.000000e+000  0.000000e+000  0.000000e+000  0.000000e+000  0.000000e+000  0.000000e+000  0.000000e+000  0.000000e+000  0.000000e+000  

0.000000e+000  0.000000e+000  0.000000e+000  0.000000e+000  0.000000e+000  0.000000e+000  0.000000e+000  0.000000e+000  0.000000e+000  
0.000000e+000  0.000000e+000  0.000000e+000  0.000000e+000  0.000000e+000  0.000000e+000  0.000000e+000  0.000000e+000  0.000000e+000  
0.000000e+000  0.000000e+000  0.000000e+000  0.000000e+000  0.000000e+000  0.000000e+000  0.000000e+000  0.000000e+000  0.000000e+000  
0.000000e+000  0.000000e+000  0.000000e+000  0.000000e+000  0.000000e+000  0.000000e+000  0.000000e+000  0.000000e+000  0.000000e+000  
0.000000e+000  0.000000e+000  0.000000e+000  0.000000e+000  0.000000e+000  0.000000e+000  0.000000e+000  0.000000e+000  0.000000e+000  
0.000000e+000  0.000000e+000  0.000000e+000  0.000000e+000  0.000000e+000  0.000000e+000  0.000000e+000  0.000000e+000  0.000000e+000  
0.000000e+000  0.000000e+000  0.000000e+000  0.000000e+000  0.000000e+000  0.000000e+000  0.000000e+000  0.000000e+000  0.000000e+000  
0.000000e+000  0.000000e+000  0.000000e+000  0.000000e+000  0.000000e+000  0.000000e+000  0.000000e+000  0.000000e+000  0.000000e+000  
0.000000e+000  0.000000e+000  0.000000e+000  0.000000e+000  0.000000e+000  0.000000e+000  0.000000e+000  0.000000e+000  0.000000e+000  
0.000000e+000  0.000000e+000  0.000000e+000  0.000000e+000  0.000000e+000  0.000000e+000  0.000000e+000  0.000000e+000  0.000000e+000  
0.000000e+000  0.000000e+000  0.000000e+000  0.000000e+000  0.000000e+000  0.000000e+000  0.000000e+000  0.000000e+000  0.000000e+000  
0.000000e+000  0.000000e+000  0.000000e+000  0.000000e+000  0.000000e+000  0.000000e+000  0.000000e+000  0.000000e+000  0.000000e+000  
0.000000e+000  0.000000e+000  0.000000e+000  0.000000e+000  0.000000e+000  0.000000e+000  0.000000e+000  0.000000e+000  0.000000e+000  
0.000000e+000  0.000000e+000  0.000000e+000  0.000000e+000  0.000000e+000  0.000000e+000  0.000000e+000  0.000000e+000  0.000000e+000  
0.000000e+000  0.000000e+000  0.000000e+000  0.000000e+000  0.000000e+000  0.000000e+000  0.000000e+000  0.000000e+000  0.000000e+000  
0.000000e+000  0.000000e+000  0.000000e+000  0.000000e+000  0.000000e+000  0.000000e+000  0.000000e+000  0.000000e+000  0.000000e+000  
0.000000e+000  0.000000e+000  0.000000e+000  0.000000e+000  0.000000e+000  0.000000e+000  0.000000e+000  0.000000e+000  0.000000e+000  
0.000000e+000  0.000000e+000  0.000000e+000  0.000000e+000  0.000000e+000  0.000000e+000  0.000000e+000  0.000000e+000  0.000000e+000  
0.000000e+000  0.000000e+000  0.000000e+000  0.000000e+000  0.000000e+000  0.000000e+000  0.000000e+000  0.000000e+000  0.000000e+000  
0.000000e+000  0.000000e+000  0.000000e+000  0.000000e+000  0.000000e+000  0.000000e+000  0.000000e+000  0.000000e+000  0.000000e+000  
0.000000e+000  0.000000e+000  0.000000e+000  0.000000e+000  0.000000e+000  0.000000e+000  0.000000e+000  0.000000e+000  0.000000e+000  
0.000000e+000  0.000000e+000  0.000000e+000  0.000000e+000  0.000000e+000  0.000000e+000  0.000000e+000  0.000000e+000  0.000000e+000  
0.000000e+000  0.000000e+000  0.000000e+000  0.000000e+000  0.000000e+000  0.000000e+000  0.000000e+000  0.000000e+000  0.000000e+000  
0.000000e+000  0.000000e+000  0.000000e+000  0.000000e+000  0.000000e+000  0.000000e+000  0.000000e+000  0.000000e+000  0.000000e+000  
0.000000e+000  0.000000e+000  0.000000e+000  0.000000e+000  0.000000e+000  0.000000e+000  0.000000e+000  0.000000e+000  0.000000e+000  
0.000000e+000  0.000000e+000  0.000000e+000  0.000000e+000  0.000000e+000  0.000000e+000  0.000000e+000  0.000000e+000  0.000000e+000  
0.000000e+000  0.000000e+000  0.000000e+000  0.000000e+000  0.000000e+000  0.000000e+000  0.000000e+000  0.000000e+000  0.000000e+000  
0.000000e+000  0.000000e+000  0.000000e+000  0.000000e+000  0.000000e+000  0.000000e+000  0.000000e+000  0.000000e+000  0.000000e+000  
0.000000e+000  0.000000e+000  0.000000e+000  0.000000e+000  0.000000e+000  0.000000e+000  0.000000e+000  0.000000e+000  0.000000e+000  
0.000000e+000  0.000000e+000  0.000000e+000  0.000000e+000  0.000000e+000  0.000000e+000  0.000000e+000  0.000000e+000  0.000000e+000  
0.000000e+000  0.000000e+000  0.000000e+000  0.000000e+000  0.000000e+000  0.000000e+000  0.000000e+000  0.000000e+000  0.000000e+000  
0.000000e+000  0.000000e+000  0.000000e+000  0.000000e+000  0.000000e+000  0.000000e+000  0.000000e+000  0.000000e+000  0.000000e+000  
0.000000e+000  0.000000e+000  0.000000e+000  0.000000e+000  0.000000e+000  0.000000e+000  0.000000e+000  0.000000e+000  0.000000e+000  
0.000000e+000  0.000000e+000  0.000000e+000  0.000000e+000  0.000000e+000  0.000000e+000  0.000000e+000  0.000000e+000  0.000000e+000  
0.000000e+000  0.000000e+000  0.000000e+000  0.000000e+000  0.000000e+000  0.000000e+000  0.000000e+000  0.000000e+000  0.000000e+000  
0.000000e+000  0.000000e+000  0.000000e+000  0.000000e+000  0.000000e+000  0.000000e+000  0.000000e+000  0.000000e+000  0.000000e+000  
0.000000e+000  0.000000e+000  0.000000e+000  0.000000e+000  0.000000e+000  0.000000e+000  0.000000e+000  0.000000e+000  0.000000e+000  
0.000000e+000  0.000000e+000  0.000000e+000  0.000000e+000  0.000000e+000  0.000000e+000  0.000000e+000  0.000000e+000  0.000000e+000  
0.000000e+000  0.000000e+000  0.000000e+000  0.000000e+000  0.000000e+000  0.000000e+000  0.000000e+000  0.000000e+000  0.000000e+000  
0.000000e+000  0.000000e+000  0.000000e+000  0.000000e+000  0.000000e+000  0.000000e+000  0.000000e+000  0.000000e+000  0.000000e+000  
0.000000e+000  0.000000e+000  0.000000e+000  0.000000e+000  0.000000e+000  0.000000e+000  0.000000e+000  0.000000e+000  0.000000e+000  
0.000000e+000  0.000000e+000  0.000000e+000  0.000000e+000  0.000000e+000  0.000000e+000  0.000000e+000  0.000000e+000  0.000000e+000  
0.000000e+000  0.000000e+000  0.000000e+000  0.000000e+000  0.000000e+000  0.000000e+000  0.000000e+000  0.000000e+000  0.000000e+000  
0.000000e+000  0.000000e+000  0.000000e+000  0.000000e+000  0.000000e+000  0.000000e+000  0.000000e+000  0.000000e+000  0.000000e+000  
0.000000e+000  0.000000e+000  0.000000e+000  0.000000e+000  0.000000e+000  0.000000e+000  0.000000e+000  0.000000e+000  0.000000e+000  
0.000000e+000  0.000000e+000  0.000000e+000  0.000000e+000  0.000000e+000  0.000000e+000  0.000000e+000  0.000000e+000  0.000000e+000  
0.000000e+000  0.000000e+000  0.000000e+000  0.000000e+000  0.000000e+000  0.000000e+000  0.000000e+000  0.000000e+000  0.000000e+000  
0.000000e+000  0.000000e+000  0.000000e+000  0.000000e+000  0.000000e+000  0.000000e+000  0.000000e+000  0.000000e+000  0.000000e+000  
0.000000e+000  0.000000e+000  0.000000e+000  0.000000e+000  0.000000e+000  0.000000e+000  0.000000e+000  0.000000e+000  0.000000e+000  
0.000000e+000  0.000000e+000  0.000000e+000  0.000000e+000  0.000000e+000  0.000000e+000  0.000000e+000  0.000000e+000  0.000000e+000  
0.000000e+000  0.000000e+000  0.000000e+000  0.000000e+000  0.000000e+000  0.000000e+000  0.000000e+000  0.000000e+000  0.000000e+000  
0.000000e+000  0.000000e+000  0.000000e+000  0.000000e+000  0.000000e+000  0.000000e+000  0.000000e+000  0.000000e+000  0.000000e+000  
0.000000e+000  0.000000e+000  0.000000e+000  0.000000e+000  0.000000e+000  0.000000e+000  0.000000e+000  0.000000e+000  0.000000e+000  
0.000000e+000  0.000000e+000  0.000000e+000  0.000000e+000  0.000000e+000  0.000000e+000  0.000000e+000  0.000000e+000  0.000000e+000  
0.000000e+000  0.000000e+000  0.000000e+000  0.000000e+000  0.000000e+000  0.000000e+000  0.000000e+000  0.000000e+000  0.000000e+000  
0.000000e+000  0.000000e+000  0.000000e+000  0.000000e+000  0.000000e+000  0.000000e+000  0.000000e+000  0.000000e+000  0.000000e+000  
0.000000e+000  0.000000e+000  0.000000e+000  0.000000e+000  0.000000e+000  0.000000e+000  0.000000e+000  0.000000e+000  0.000000e+000  
0.000000e+000  0.000000e+000  0.000000e+000  0.000000e+000  0.000000e+000  0.000000e+000  0.000000e+000  0.000000e+000  0.000000e+000  
0.000000e+000  0.000000e+000  0.000000e+000  0.000000e+000  0.000000e+000  0.000000e+000  0.000000e+000  0.000000e+000  0.000000e+000  
0.000000e+000  0.000000e+000  0.000000e+000  0.000000e+000  0.000000e+000  0.000000e+000  0.000000e+000  0.000000e+000  0.000000e+000  
0.000000e+000  0.000000e+000  0.000000e+000  0.000000e+000  0.000000e+000  0.000000e+000  0.000000e+000  0.000000e+000  0.000000e+000  
0.000000e+000  0.000000e+000  0.000000e+000  0.000000e+000  0.000000e+000  0.000000e+000  0.000000e+000  0.000000e+000  0.000000e+000  
0.000000e+000  0.000000e+000  0.000000e+000  0.000000e+000  0.000000e+000  0.000000e+000  0.000000e+000  0.000000e+000  0.000000e+000  
0.000000e+000  0.000000e+000  0.000000e+000  0.000000e+000  0.000000e+000  0.000000e+000  0.000000e+000  0.000000e+000  0.000000e+000  
0.000000e+000  0.000000e+000  0.000000e+000  0.000000e+000  0.000000e+000  0.000000e+000  0.000000e+000  0.000000e+000  0.000000e+000  
0.000000e+000  0.000000e+000  0.000000e+000  0.000000e+000  0.000000e+000  0.000000e+000  0.000000e+000  0.000000e+000  0.000000e+000  
0.000000e+000  0.000000e+000  0.000000e+000  0.000000e+000  0.000000e+000  0.000000e+000  0.000000e+000  0.000000e+000  0.000000e+000  
0.000000e+000  0.000000e+000  0.000000e+000  0.000000e+000  0.000000e+000  0.000000e+000  0.000000e+000  0.000000e+000  0.000000e+000  
0.000000e+000  0.000000e+000  0.000000e+000  0.000000e+000  0.000000e+000  0.000000e+000  0.000000e+000  0.000000e+000  0.000000e+000  
0.000000e+000  0.000000e+000  0.000000e+000  0.000000e+000  0.000000e+000  0.000000e+000  0.000000e+000  0.000000e+000  0.000000e+000  
0.000000e+000  0.000000e+000  0.000000e+000  0.000000e+000  0.000000e+000  0.000000e+000  0.000000e+000  0.000000e+000  0.000000e+000  
0.000000e+000  0.000000e+000  0.000000e+000  0.000000e+000  0.000000e+000  0.000000e+000  0.000000e+000  0.000000e+000  0.000000e+000  
0.000000e+000  0.000000e+000  0.000000e+000  0.000000e+000  0.000000e+000  0.000000e+000  0.000000e+000  0.000000e+000  0.000000e+000  
0.000000e+000  0.000000e+000  0.000000e+000  0.000000e+000  0.000000e+000  0.000000e+000  0.000000e+000  0.000000e+000  0.000000e+000  
0.000000e+000  0.000000e+000  0.000000e+000  0.000000e+000  0.000000e+000  0.000000e+000  0.000000e+000  0.000000e+000  0.000000e+000  
0.000000e+000  0.000000e+000  0.000000e+000  0.000000e+000  0.000000e+000  0.000000e+000  0.000000e+000  0.000000e+000  0.000000e+000  
0.000000e+000  0.000000e+000  0.000000e+000  0.000000e+000  0.000000e+000  0.000000e+000  0.000000e+000  0.000000e+000  0.000000e+000  
0.000000e+000  0.000000e+000  0.000000e+000  0.000000e+000  0.000000e+000  0.000000e+000  0.000000e+000  0.000000e+000  0.000000e+000  
0.000000e+000  0.000000e+000  0.000000e+000  0.000000e+000  0.000000e+000  0.000000e+000  0.000000e+000  0.000000e+000  0.000000e+000  
0.000000e+000  0.000000e+000  0.000000e+000  0.000000e+000  0.000000e+000  0.000000e+000  0.000000e+000  0.000000e+000  0.000000e+000  
0.000000e+000  0.000000e+000  0.000000e+000  0.000000e+000  0.000000e+000  0.000000e+000  0.000000e+000  0.000000e+000  0.000000e+000  
0.000000e+000  0.000000e+000  0.000000e+000  0.000000e+000  0.000000e+000  0.000000e+000  0.000000e+000  0.000000e+000  0.000000e+000  
0.000000e+000  0.000000e+000  0.000000e+000  0.000000e+000  0.000000e+000  0.000000e+000  0.000000e+000  0.000000e+000  0.000000e+000  
0.000000e+000  0.000000e+000  0.000000e+000  0.000000e+000  0.000000e+000  0.000000e+000  0.000000e+000  0.000000e+000  0.000000e+000  
0.000000e+000  0.000000e+000  0.000000e+000  0.000000e+000  0.000000e+000  0.000000e+000  0.000000e+000  0.000000e+000  0.000000e+000  
0.000000e+000  0.000000e+000  0.000000e+000  0.000000e+000  0.000000e+000  0.000000e+000  0.000000e+000  0.000000e+000  0.000000e+000  
0.000000e+000  0.000000e+000  0.000000e+000  0.000000e+000  0.000000e+000  0.000000e+000  0.000000e+000  0.000000e+000  0.000000e+000  
0.000000e+000  0.000000e+000  0.000000e+000  0.000000e+000  0.000000e+000  0.000000e+000  0.000000e+000  0.000000e+000  0.000000e+000  
0.000000e+000  0.000000e+000  0.000000e+000  0.000000e+000  0.000000e+000  0.000000e+000  0.000000e+000  0.000000e+000  0.000000e+000  
0.000000e+000  0.000000e+000  0.000000e+000  0.000000e+000  0.000000e+000  0.000000e+000  0.000000e+000  0.000000e+000  0.000000e+000  
0.000000e+000  0.000000e+000  0.000000e+000  0.000000e+000  0.000000e+000  0.000000e+000  0.000000e+000  0.000000e+000  0.000000e+000  
0.000000e+000  0.000000e+000  0.000000e+000  0.000000e+000  0.000000e+000  0.000000e+000  0.000000e+000  0.000000e+000  0.000000e+000  
0.000000e+000  0.000000e+000  0.000000e+000  0.000000e+000  0.000000e+000  0.000000e+000  0.000000e+000  0.000000e+000  0.000000e+000  
0.000000e+000  0.000000e+000  0.000000e+000  0.000000e+000  0.000000e+000  0.000000e+000  0.000000e+000  0.000000e+000  0.000000e+000  
0.000000e+000  0.000000e+000  0.000000e+000  0.000000e+000  0.000000e+000  0.000000e+000  0.000000e+000  0.000000e+000  0.000000e+000  
0.000000e+000  0.000000e+000  0.000000e+000  0.000000e+000  0.000000e+000  0.000000e+000  0.000000e+000  0.000000e+000  0.000000e+000  

0.000000e+000  0.000000e+000  0.000000e+000  0.000000e+000  0.000000e+000  0.000000e+000  0.000000e+000  0.000000e+000  0.000000e+000  
0.000000e+000  0.000000e+000  0.000000e+000  0.000000e+000  0.000000e+000  0.000000e+000  0.000000e+000  0.000000e+000  0.000000e+000  
0.000000e+000  0.000000e+000  0.000000e+000  0.000000e+000  0.000000e+000  0.000000e+000  0.000000e+000  0.000000e+000  0.000000e+000  
0.000000e+000  0.000000e+000  0.000000e+000  0.000000e+000  0.000000e+000  0.000000e+000  0.000000e+000  0.000000e+000  0.000000e+000  
0.000000e+000  0.000000e+000  0.000000e+000  0.000000e+000  0.000000e+000  0.000000e+000  0.000000e+000  0.000000e+000  0.000000e+000  
0.000000e+000  0.000000e+000  0.000000e+000  0.000000e+000  0.000000e+000  0.000000e+000  0.000000e+000  0.000000e+000  0.000000e+000  
0.000000e+000  0.000000e+000  0.000000e+000  0.000000e+000  0.000000e+000  0.000000e+000  0.000000e+000  0.000000e+000  0.000000e+000  
0.000000e+000  0.000000e+000  0.000000e+000  0.000000e+000  0.000000e+000  0.000000e+000  0.000000e+000  0.000000e+000  0.000000e+000  
0.000000e+000  0.000000e+000  0.000000e+000  0.000000e+000  0.000000e+000  0.000000e+000  0.000000e+000  0.000000e+000  0.000000e+000  
0.000000e+000  0.000000e+000  0.000000e+000  0.000000e+000  0.000000e+000  0.000000e+000  0.000000e+000  0.000000e+000  0.000000e+000  
0.000000e+000  0.000000e+000  0.000000e+000  0.000000e+000  0.000000e+000  0.000000e+000  0.000000e+000  0.000000e+000  0.000000e+000  
0.000000e+000  0.000000e+000  0.000000e+000  0.000000e+000  0.000000e+000  0.000000e+000  0.000000e+000  0.000000e+000  0.000000e+000  
0.000000e+000  0.000000e+000  0.000000e+000  0.000000e+000  0.000000e+000  0.000000e+000  0.000000e+000  0.000000e+000  0.000000e+000  
0.000000e+000  0.000000e+000  0.000000e+000  0.000000e+000  0.000000e+000  0.000000e+000  0.000000e+000  0.000000e+000  0.000000e+000  
0.000000e+000  0.000000e+000  0.000000e+000  0.000000e+000  0.000000e+000  0.000000e+000  0.000000e+000  0.000000e+000  0.000000e+000  
0.000000e+000  0.000000e+000  0.000000e+000  0.000000e+000  0.000000e+000  0.000000e+000  0.000000e+000  0.000000e+000  0.000000e+000  
0.000000e+000  0.000000e+000  0.000000e+000  0.000000e+000  0.000000e+000  0.000000e+000  0.000000e+000  0.000000e+000  0.000000e+000  
0.000000e+000  0.000000e+000  0.000000e+000  0.000000e+000  0.000000e+000  0.000000e+000  0.000000e+000  0.000000e+000  0.000000e+000  
0.000000e+000  0.000000e+000  0.000000e+000  0.000000e+000  0.000000e+000  0.000000e+000  0.000000e+000  0.000000e+000  0.000000e+000  
0.000000e+000  0.000000e+000  0.000000e+000  0.000000e+000  0.000000e+000  0.000000e+000  0.000000e+000  0.000000e+000  0.000000e+000  
0.000000e+000  0.000000e+000  0.000000e+000  0.000000e+000  0.000000e+000  0.000000e+000  0.000000e+000  0.000000e+000  0.000000e+000  
0.000000e+000  0.000000e+000  0.000000e+000  0.000000e+000  0.000000e+000  0.000000e+000  0.000000e+000  0.000000e+000  0.000000e+000  
0.000000e+000  0.000000e+000  0.000000e+000  0.000000e+000  0.000000e+000  0.000000e+000  0.000000e+000  0.000000e+000  0.000000e+000  
0.000000e+000  0.000000e+000  0.000000e+000  0.000000e+000  0.000000e+000  0.000000e+000  0.000000e+000  0.000000e+000  0.000000e+000  
0.000000e+000  0.000000e+000  0.000000e+000  0.000000e+000  0.000000e+000  0.000000e+000  0.000000e+000  0.000000e+000  0.000000e+000  
0.000000e+000  0.000000e+000  0.000000e+000  0.000000e+000  0.000000e+000  0.000000e+000  0.000000e+000  0.000000e+000  0.000000e+000  
0.000000e+000  0.000000e+000  0.000000e+000  0.000000e+000  0.000000e+000  0.000000e+000  0.000000e+000  0.000000e+000  0.000000e+000  
0.000000e+000  0.000000e+000  0.000000e+000  0.000000e+000  0.000000e+000  0.000000e+000  0.000000e+000  0.000000e+000  0.000000e+000  
0.000000e+000  0.000000e+000  0.000000e+000  0.000000e+000  0.000000e+000  0.000000e+000  0.000000e+000  0.000000e+000  0.000000e+000  
0.000000e+000  0.000000e+000  0.000000e+000  0.000000e+000  0.000000e+000  0.000000e+000  0.000000e+000  0.000000e+000  0.000000e+000  
0.000000e+000  0.000000e+000  0.000000e+000  0.000000e+000  0.000000e+000  0.000000e+000  0.000000e+000  0.000000e+000  0.000000e+000  
0.000000e+000  0.000000e+000  0.000000e+000  0.000000e+000  0.000000e+000  0.000000e+000  0.000000e+000  0.000000e+000  0.000000e+000  
0.000000e+000  0.000000e+000  0.000000e+000  0.000000e+000  0.000000e+000  0.000000e+000  0.000000e+000  0.000000e+000  0.000000e+000  
0.000000e+000  0.000000e+000  0.000000e+000  0.000000e+000  0.000000e+000  0.000000e+000  0.000000e+000  0.000000e+000  0.000000e+000  
0.000000e+000  0.000000e+000  0.000000e+000  0.000000e+000  0.000000e+000  0.000000e+000  0.000000e+000  0.000000e+000  0.000000e+000  
0.000000e+000  0.000000e+000  0.000000e+000  0.000000e+000  0.000000e+000  0.000000e+000  0.000000e+000  0.000000e+000  0.000000e+000  
0.000000e+000  0.000000e+000  0.000000e+000  0.000000e+000  0.000000e+000  0.000000e+000  0.000000e+000  0.000000e+000  0.000000e+000  
0.000000e+000  0.000000e+000  0.000000e+000  0.000000e+000  0.000000e+000  0.000000e+000  0.000000e+000  0.000000e+000  0.000000e+000  
0.000000e+000  0.000000e+000  0.000000e+000  0.000000e+000  0.000000e+000  0.000000e+000  0.000000e+000  0.000000e+000  0.000000e+000  
0.000000e+000  0.000000e+000  0.000000e+000  0.000000e+000  0.000000e+000  0.000000e+000  0.000000e+000  0.000000e+000  0.000000e+000  
0.000000e+000  0.000000e+000  0.000000e+000  0.000000e+000  0.000000e+000  0.000000e+000  0.000000e+000  0.000000e+000  0.000000e+000  
0.000000e+000  0.000000e+000  0.000000e+000  0.000000e+000  0.000000e+000  0.000000e+000  0.000000e+000  0.000000e+000  0.000000e+000  
0.000000e+000  0.000000e+000  0.000000e+000  0.000000e+000  0.000000e+000  0.000000e+000  0.000000e+000  0.000000e+000  0.000000e+000  
0.000000e+000  0.000000e+000  0.000000e+000  0.000000e+000  0.000000e+000  0.000000e+000  0.000000e+000  0.000000e+000  0.000000e+000  
0.000000e+000  0.000000e+000  0.000000e+000  0.000000e+000  0.000000e+000  0.000000e+000  0.000000e+000  0.000000e+000  0.000000e+000  
0.000000e+000  0.000000e+000  0.000000e+000  0.000000e+000  0.000000e+000  0.000000e+000  0.000000e+000  0.000000e+000  0.000000e+000  
0.000000e+000  0.000000e+000  0.000000e+000  0.000000e+000  0.000000e+000  0.000000e+000  0.000000e+000  0.000000e+000  0.000000e+000  
0.000000e+000  0.000000e+000  0.000000e+000  0.000000e+000  0.000000e+000  0.000000e+000  0.000000e+000  0.000000e+000  0.000000e+000  
0.000000e+000  0.000000e+000  0.000000e+000  0.000000e+000  0.000000e+000  0.000000e+000  0.000000e+000  0.000000e+000  0.000000e+000  
0.000000e+000  0.000000e+000  0.000000e+000  0.000000e+000  0.000000e+000  0.000000e+000  0.000000e+000  0.000000e+000  0.000000e+000  
0.000000e+000  0.000000e+000  0.000000e+000  0.000000e+000  0.000000e+000  0.000000e+000  0.000000e+000  0.000000e+000  0.000000e+000  
0.000000e+000  0.000000e+000  0.000000e+000  0.000000e+000  0.000000e+000  0.000000e+000  0.000000e+000  0.000000e+000  0.000000e+000  
0.000000e+000  0.000000e+000  0.000000e+000  0.000000e+000  0.000000e+000  0.000000e+000  0.000000e+000  0.000000e+000  0.000000e+000  
0.000000e+000  0.000000e+000  0.000000e+000  0.000000e+000  0.000000e+000  0.000000e+000  0.000000e+000  0.000000e+000  0.000000e+000  
0.000000e+000  0.000000e+000  0.000000e+000  0.000000e+000  0.000000e+000  0.000000e+000  0.000000e+000  0.000000e+000  0.000000e+000  
0.000000e+000  0.000000e+000  0.000000e+000  0.000000e+000  0.000000e+000  0.000000e+000  0.000000e+000  0.000000e+000  0.000000e+000  
0.000000e+000  0.000000e+000  0.000000e+000  0.000000e+000  0.000000e+000  0.000000e+000  0.000000e+000  0.000000e+000  0.000000e+000  
0.000000e+000  0.000000e+000  0.000000e+000  0.000000e+000  0.000000e+000  0.000000e+000  0.000000e+000  0.000000e+000  0.000000e+000  
0.000000e+000  0.000000e+000  0.000000e+000  0.000000e+000  0.000000e+000  0.000000e+000  0.000000e+000  0.000000e+000  0.000000e+000  
0.000000e+000  0.000000e+000  0.000000e+000  0.000000e+000  0.000000e+000  0.000000e+000  0.000000e+000  0.000000e+000  0.000000e+000  
0.000000e+000  0.000000e+000  0.000000e+000  0.000000e+000  0.000000e+000  0.000000e+000  0.000000e+000  0.000000e+000  0.000000e+000  
0.000000e+000  0.000000e+000  0.000000e+000  0.000000e+000  0.000000e+000  0.000000e+000  0.000000e+000  0.000000e+000  0.000000e+000  
0.000000e+000  0.000000e+000  0.000000e+000  0.000000e+000  0.000000e+000  0.000000e+000  0.000000e+000  0.000000e+000  0.000000e+000  
0.000000e+000  0.000000e+000  0.000000e+000  0.000000e+000  0.000000e+000  0.000000e+000  0.000000e+000  0.000000e+000  0.000000e+000  
0.000000e+000  0.000000e+000  0.000000e+000  0.000000e+000  0.000000e+000  0.000000e+000  0.000000e+000  0.000000e+000  0.000000e+000  
0.000000e+000  0.000000e+000  0.000000e+000  0.000000e+000  0.000000e+000  0.000000e+000  0.000000e+000  0.000000e+000  0.000000e+000  
0.000000e+000  0.000000e+000  0.000000e+000  0.000000e+000  0.000000e+000  0.000000e+000  0.000000e+000  0.000000e+000  0.000000e+000  
0.000000e+000  0.000000e+000  0.000000e+000  0.000000e+000  0.000000e+000  0.000000e+000  0.000000e+000  0.000000e+000  0.000000e+000  
0.000000e+000  0.000000e+000  0.000000e+000  0.000000e+000  0.000000e+000  0.000000e+000  0.000000e+000  0.000000e+000  0.000000e+000  
0.000000e+000  0.000000e+000  0.000000e+000  0.000000e+000  0.000000e+000  0.000000e+000  0.000000e+000  0.000000e+000  0.000000e+000  
0.000000e+000  0.000000e+000  0.000000e+000  0.000000e+000  0.000000e+000  0.000000e+000  0.000000e+000  0.000000e+000  0.000000e+000  
0.000000e+000  0.000000e+000  0.000000e+000  0.000000e+000  0.000000e+000  0.000000e+000  0.000000e+000  0.000000e+000  0.000000e+000  
0.000000e+000  0.000000e+000  0.000000e+000  0.000000e+000  0.000000e+000  0.000000e+000  0.000000e+000  0.000000e+000  0.000000e+000  
0.000000e+000  0.000000e+000  0.000000e+000  0.000000e+000  0.000000e+000  0.000000e+000  0.000000e+000  0.000000e+000  0.000000e+000  
0.000000e+000  0.000000e+000  0.000000e+000  0.000000e+000  0.000000e+000  0.000000e+000  0.000000e+000  0.000000e+000  0.000000e+000  
0.000000e+000  0.000000e+000  0.000000e+000  0.000000e+000  0.000000e+000  0.000000e+000  0.000000e+000  0.000000e+000  0.000000e+000  
0.000000e+000  0.000000e+000  0.000000e+000  0.000000e+000  0.000000e+000  0.000000e+000  0.000000e+000  0.000000e+000  0.000000e+000  
0.000000e+000  0.000000e+000  0.000000e+000  0.000000e+000  0.000000e+000  0.000000e+000  0.000000e+000  0.000000e+000  0.000000e+000  
0.000000e+000  0.000000e+000  0.000000e+000  0.000000e+000  0.000000e+000  0.000000e+000  0.000000e+000  0.000000e+000  0.000000e+000  
0.000000e+000  0.000000e+000  0.000000e+000  0.000000e+000  0.000000e+000  0.000000e+000  0.000000e+000  0.000000e+000  0.000000e+000  
0.000000e+000  0.000000e+000  0.000000e+000  0.000000e+000  0.000000e+000  0.000000e+000  0.000000e+000  0.000000e+000  0.000000e+000  
0.000000e+000  0.000000e+000  0.000000e+000  0.000000e+000  0.000000e+000  0.000000e+000  0.000000e+000  0.000000e+000  0.000000e+000  
0.000000e+000  0.000000e+000  0.000000e+000  0.000000e+000  0.000000e+000  0.000000e+000  0.000000e+000  0.000000e+000  0.000000e+000  
0.000000e+000  0.000000e+000  0.000000e+000  0.000000e+000  0.000000e+000  0.000000e+000  0.000000e+000  0.000000e+000  0.000000e+000  
0.000000e+000  0.000000e+000  0.000000e+000  0.000000e+000  0.000000e+000  0.000000e+000  0.000000e+000  0.000000e+000  0.000000e+000  
0.000000e+000  0.000000e+000  0.000000e+000  0.000000e+000  0.000000e+000  0.000000e+000  0.000000e+000  0.000000e+000  0.000000e+000  
0.000000e+000  0.000000e+000  0.000000e+000  0.000000e+000  0.000000e+000  0.000000e+000  0.000000e+000  0.000000e+000  0.000000e+000  
0.000000e+000  0.000000e+000  0.000000e+000  0.000000e+000  0.000000e+000  0.000000e+000  0.000000e+000  0.000000e+000  0.000000e+000  
0.000000e+000  0.000000e+000  0.000000e+000  0.000000e+000  0.000000e+000  0.000000e+000  0.000000e+000  0.000000e+000  0.000000e+000  
0.000000e+000  0.000000e+000  0.000000e+000  0.000000e+000  0.000000e+000  0.000000e+000  0.000000e+000  0.000000e+000  0.000000e+000  
0.000000e+000  0.000000e+000  0.000000e+000  0.000000e+000  0.000000e+000  0.000000e+000  0.000000e+000  0.000000e+000  0.000000e+000  
0.000000e+000  0.000000e+000  0.000000e+000  0.000000e+000  0.000000e+000  0.000000e+000  0.000000e+000  0.000000e+000  0.000000e+000  
0.000000e+000  0.000000e+000  0.000000e+000  0.000000e+000  0.000000e+000  0.000000e+000  0.000000e+000  0.000000e+000  0.000000e+000  
0.000000e+000  0.000000e+000  0.000000e+000  0.000000e+000  0.000000e+000  0.000000e+000  0.000000e+000  0.000000e+000  0.000000e+000  
0.000000e+000  0.000000e+000  0.000000e+000  0.000000e+000  0.000000e+000  0.000000e+000  0.000000e+000  0.000000e+000  0.000000e+000  
0.000000e+000  0.000000e+000  0.000000e+000  0.000000e+000  0.000000e+000  0.000000e+000  0.000000e+000  0.000000e+000  0.000000e+000  

-1.911765e-008  -1.907545e-008  -1.895297e-008  -1.873618e-008  -1.840931e-008  -1.772415e-008  -1.698426e-008  -1.135882e-008  -1.904704e-008  
-2.213925e-008  -2.248474e-008  -2.296329e-008  -2.307901e-008  9.848700e-009  -1.727513e-008  -1.892145e-008  -2.046874e-008  -2.275963e-008  
-1.977788e-008  -2.279794e-008  -2.673930e-008  1.881405e-008  -1.491542e-008  -1.753670e-008  -2.004220e-008  -2.223521e-008  -2.545395e-008  
-5.374052e-009  -2.068831e-008  -3.092942e-008  2.200882e-008  -1.403218e-008  -1.798760e-008  -2.164050e-008  -2.471710e-008  -2.907979e-008  
-3.260399e-009  -2.600053e-009  -0.000000e+000  -8.405854e-009  -1.324891e-008  -1.901280e-008  -2.398708e-008  -2.817785e-008  -3.393031e-008  
3.691557e-008  -2.617070e-008  -0.000000e+000  -6.884233e-009  -1.346470e-008  -2.097550e-008  -2.764041e-008  -3.311119e-008  -4.063144e-008  
1.945197e-008  1.383051e-008  -0.000000e+000  -7.643750e-009  -1.477199e-008  -2.454287e-008  -3.292483e-008  -3.993280e-008  -4.955177e-008  
-0.000000e+000  -0.000000e+000  -0.000000e+000  -8.996419e-009  -1.780624e-008  -2.966057e-008  -4.023333e-008  -4.905641e-008  -6.126186e-008  
-0.000000e+000  -0.000000e+000  -0.000000e+000  -1.573705e-008  -3.115381e-008  -5.232722e-008  -7.130161e-008  -8.730294e-008  -1.095188e-007  
-0.000000e+000  -0.000000e+000  -0.000000e+000  -3.044698e-008  -6.025877e-008  -1.012117e-007  -1.379129e-007  -1.688215e-007  -2.119087e-007  
-0.000000e+000  -0.000000e+000  -0.000000e+000  -5.995245e-008  -1.186623e-007  -1.988703e-007  -2.707424e-007  -3.313185e-007  -4.156747e-007  
-0.000000e+000  -0.000000e+000  -0.000000e+000  -1.185539e-007  -2.346361e-007  -3.922572e-007  -5.334470e-007  -6.523859e-007  -8.180177e-007  
-0.000000e+000  -0.000000e+000  -0.000000e+000  -2.346683e-007  -4.644402e-007  -7.741485e-007  -1.051503e-006  -1.285124e-006  -1.610328e-006  
-0.000000e+000  -0.000000e+000  -0.000000e+000  -4.645577e-007  -9.194042e-007  -1.527560e-006  -2.072019e-006  -2.530569e-006  -3.168485e-006  
-0.000000e+000  -0.000000e+000  -0.000000e+000  -9.194501e-007  -1.819717e-006  -3.012852e-006  -4.080616e-006  -4.979553e-006  -6.229761e-006  
-0.000000e+000  -0.000000e+000  -0.000000e+000  -1.819403e-006  -3.600908e-006  -5.938976e-006  -8.030487e-006  -9.790797e-006  -1.223768e-005  
-0.000000e+000  -0.000000e+000  -0.000000e+000  -3.599308e-006  -7.123699e-006  -1.169955e-005  -1.579092e-005  -1.923309e-005  -2.401542e-005  
-0.000000e+000  -0.000000e+000  -0.000000e+000  -7.118429e-006  -1.408886e-005  -2.303135e-005  -3.102279e-005  -3.774342e-005  -4.707512e-005  
-0.000000e+000  -0.000000e+000  -0.000000e+000  -1.407388e-005  -2.785543e-005  -4.530327e-005  -6.088616e-005  -7.398500e-005  -9.216079e-005  
-0.000000e+000  -0.000000e+000  -0.000000e+000  -2.781590e-005  -5.505471e-005  -8.903536e-005  -1.193635e-004  -1.448436e-004  -1.801731e-004  
-0.000000e+000  -0.000000e+000  -0.000000e+000  -5.495508e-005  -1.087714e-004  -1.748144e-004  -2.337134e-004  -2.831680e-004  -3.516809e-004  
-0.000000e+000  -0.000000e+000  -0.000000e+000  -1.085280e-004  -2.148103e-004  -3.428679e-004  -4.569742e-004  -5.527188e-004  -6.852315e-004  
-0.000000e+000  -0.000000e+000  -0.000000e+000  -2.052724e-004  -4.063033e-004  -6.438588e-004  -8.553352e-004  -1.032651e-003  -1.277802e-003  
-0.000000e+000  -0.000000e+000  -0.000000e+000  -2.639637e-004  -5.224768e-004  -8.251891e-004  -1.094549e-003  -1.320320e-003  -1.632306e-003  
-0.000000e+000  -0.000000e+000  -0.000000e+000  -3.382743e-004  -6.695682e-004  -1.054004e-003  -1.395931e-003  -1.682424e-003  -2.078121e-003  
-0.000000e+000  -0.000000e+000  -0.000000e+000  -4.325878e-004  -8.562549e-004  -1.343358e-003  -1.776398e-003  -2.139102e-003  -2.639798e-003  
-0.000000e+000  -0.000000e+000  -0.000000e+000  -5.515816e-004  -1.091796e-003  -1.707029e-003  -2.253716e-003  -2.711436e-003  -3.342956e-003  
-0.000000e+000  -0.000000e+000  -0.000000e+000  -7.027140e-004  -1.390957e-003  -2.167070e-003  -2.856366e-003  -3.433260e-003  -4.228749e-003  
-0.000000e+000  -0.000000e+000  -0.000000e+000  -8.947616e-004  -1.771110e-003  -2.749203e-003  -3.617423e-003  -4.343761e-003  -5.344717e-003  
-0.000000e+000  -0.000000e+000  -0.000000e+000  -1.623731e-003  -3.214106e-003  -4.944087e-003  -6.477662e-003  -7.759264e-003  -9.522706e-003  
-0.000000e+000  -0.000000e+000  -0.000000e+000  -3.126474e-003  -6.188862e-003  -9.413038e-003  -1.226612e-002  -1.464710e-002  -1.791662e-002  
-0.000000e+000  -0.000000e+000  -0.000000e+000  -6.046272e-003  -1.196891e-002  -1.797204e-002  -2.327288e-002  -2.768912e-002  -3.373846e-002  
-0.000000e+000  -0.000000e+000  -0.000000e+000  -1.169953e-002  -2.316046e-002  -3.427950e-002  -4.407251e-002  -5.221457e-002  -6.333405e-002  
-0.000000e+000  -0.000000e+000  -0.000000e+000  -2.262718e-002  -4.479428e-002  -6.523509e-002  -8.318162e-002  -9.806513e-002  -1.183158e-001  
-0.000000e+000  -0.000000e+000  -0.000000e+000  -4.372445e-002  -8.656260e-002  -1.237831e-001  -1.563337e-001  -1.832433e-001  -2.196840e-001  
-0.000000e+000  -0.000000e+000  -0.000000e+000  -8.440914e-002  -1.671127e-001  -2.340762e-001  -2.923436e-001  -3.403152e-001  -4.048744e-001  
-0.000000e+000  -0.000000e+000  -0.000000e+000  -1.627828e-001  -3.222850e-001  -4.409122e-001  -5.434409e-001  -6.273816e-001  -7.393766e-001  
-0.000000e+000  -0.000000e+000  -0.000000e+000  -3.136412e-001  -6.209652e-001  -8.268615e-001  -1.003127e+000  -1.146268e+000  -1.334812e+000  
-0.000000e+000  -0.000000e+000  -0.000000e+000  -6.040718e-001  -1.195912e+000  -1.543281e+000  -1.836310e+000  -2.071217e+000  -2.374187e+000  
-0.000000e+000  -0.000000e+000  -0.000000e+000  -1.164817e+000  -2.305550e+000  -2.867136e+000  -3.328795e+000  -3.690352e+000  -4.138774e+000  
-0.000000e+000  -0.000000e+000  -0.000000e+000  -2.258281e+000  -4.467134e+000  -5.309518e+000  -5.965381e+000  -6.453799e+000  -7.009036e+000  
-0.000000e+000  -0.000000e+000  -0.000000e+000  -4.447794e+000  -8.785882e+000  -9.837551e+000  -1.053628e+001  -1.097985e+001  -1.134575e+001  
-0.000000e+000  -0.000000e+000  -0.000000e+000  -9.081508e+000  -1.790885e+001  -1.830133e+001  -1.812941e+001  -1.775703e+001  -1.699657e+001  
-0.000000e+000  -0.000000e+000  -0.000000e+000  -1.830970e+001  -3.640099e+001  -3.168353e+001  -2.760855e+001  -2.463466e+001  -2.161392e+001  
-0.000000e+000  -0.000000e+000  -0.000000e+000  -2.297757e+001  -4.742103e+001  -3.586325e+001  -2.920243e+001  -2.540219e+001  -2.230456e+001  
-0.000000e+000  -0.000000e+000  -0.000000e+000  -2.325557e+001  -5.323782e+001  -3.420103e+001  -2.743828e+001  -2.448046e+001  -2.235509e+001  
-0.000000e+000  -0.000000e+000  -0.000000e+000  -3.603562e+000  -0.000000e+000  -1.752825e+001  -2.113214e+001  -2.217325e+001  -2.201304e+001  
-0.000000e+000  -0.000000e+000  -0.000000e+000  -8.161302e-001  -0.000000e+000  -1.253656e+001  -1.855946e+001  -2.109799e+001  -2.182303e+001  
-0.000000e+000  -0.000000e+000  -0.000000e+000  -8.161302e-001  -0.000000e+000  -1.253656e+001  -1.855946e+001  -2.109799e+001  -2.182303e+001  
-0.000000e+000  -0.000000e+000  -0.000000e+000  -3.603562e+000  -0.000000e+000  -1.752825e+001  -2.113214e+001  -2.217325e+001  -2.201304e+001  
-0.000000e+000  -0.000000e+000  -0.000000e+000  -2.325557e+001  -5.323782e+001  -3.420103e+001  -2.743828e+001  -2.448046e+001  -2.235509e+001  
-0.000000e+000  -0.000000e+000  -0.000000e+000  -2.297757e+001  -4.742103e+001  -3.586325e+001  -2.920243e+001  -2.540219e+001  -2.230456e+001  
-0.000000e+000  -0.000000e+000  -0.000000e+000  -1.830970e+001  -3.640099e+001  -3.168353e+001  -2.760855e+001  -2.463466e+001  -2.161392e+001  
-0.000000e+000  -0.000000e+000  -0.000000e+000  -9.081508e+000  -1.790885e+001  -1.830133e+001  -1.812941e+001  -1.775703e+001  -1.699657e+001  
-0.000000e+000  -0.000000e+000  -0.000000e+000  -4.447794e+000  -8.785882e+000  -9.837551e+000  -1.053628e+001  -1.097985e+001  -1.134575e+001  
-0.000000e+000  -0.000000e+000  -0.000000e+000  -2.258281e+000  -4.467134e+000  -5.309518e+000  -5.965381e+000  -6.453799e+000  -7.009036e+000  
-0.000000e+000  -0.000000e+000  -0.000000e+000  -1.164817e+000  -2.305550e+000  -2.867136e+000  -3.328795e+000  -3.690352e+000  -4.138774e+000  
-0.000000e+000  -0.000000e+000  -0.000000e+000  -6.040718e-001  -1.195912e+000  -1.543281e+000  -1.836310e+000  -2.071217e+000  -2.374187e+000  
-0.000000e+000  -0.000000e+000  -0.000000e+000  -3.136412e-001  -6.209652e-001  -8.268615e-001  -1.003127e+000  -1.146268e+000  -1.334812e+000  
-0.000000e+000  -0.000000e+000  -0.000000e+000  -1.627828e-001  -3.222850e-001  -4.409122e-001  -5.434409e-001  -6.273816e-001  -7.393766e-001  
-0.000000e+000  -0.000000e+000  -0.000000e+000  -8.440914e-002  -1.671127e-001  -2.340762e-001  -2.923436e-001  -3.403152e-001  -4.048744e-001  
-0.000000e+000  -0.000000e+000  -0.000000e+000  -4.372445e-002  -8.656260e-002  -1.237831e-001  -1.563337e-001  -1.832433e-001  -2.196840e-001  
-0.000000e+000  -0.000000e+000  -0.000000e+000  -2.262718e-002  -4.479428e-002  -6.523509e-002  -8.318162e-002  -9.806513e-002  -1.183158e-001  
-0.000000e+000  -0.000000e+000  -0.000000e+000  -1.169953e-002  -2.316046e-002  -3.427950e-002  -4.407251e-002  -5.221457e-002  -6.333405e-002  
-0.000000e+000  -0.000000e+000  -0.000000e+000  -6.046272e-003  -1.196891e-002  -1.797204e-002  -2.327288e-002  -2.768912e-002  -3.373846e-002  
-0.000000e+000  -0.000000e+000  -0.000000e+000  -3.126474e-003  -6.188862e-003  -9.413038e-003  -1.226612e-002  -1.464710e-002  -1.791662e-002  
-0.000000e+000  -0.000000e+000  -0.000000e+000  -1.623731e-003  -3.214106e-003  -4.944087e-003  -6.477662e-003  -7.759264e-003  -9.522706e-003  
-0.000000e+000  -0.000000e+000  -0.000000e+000  -8.947616e-004  -1.771110e-003  -2.749203e-003  -3.617423e-003  -4.343761e-003  -5.344717e-003  
-0.000000e+000  -0.000000e+000  -0.000000e+000  -7.027141e-004  -1.390957e-003  -2.167070e-003  -2.856366e-003  -3.433260e-003  -4.228749e-003  
-0.000000e+000  -0.000000e+000  -0.000000e+000  -5.515816e-004  -1.091796e-003  -1.707029e-003  -2.253716e-003  -2.711436e-003  -3.342956e-003  
-0.000000e+000  -0.000000e+000  -0.000000e+000  -4.325879e-004  -8.562549e-004  -1.343358e-003  -1.776398e-003  -2.139102e-003  -2.639798e-003  
-0.000000e+000  -0.000000e+000  -0.000000e+000  -3.382743e-004  -6.695682e-004  -1.054004e-003  -1.395931e-003  -1.682424e-003  -2.078121e-003  
-0.000000e+000  -0.000000e+000  -0.000000e+000  -2.639636e-004  -5.224768e-004  -8.251891e-004  -1.094549e-003  -1.320320e-003  -1.632306e-003  
-0.000000e+000  -0.000000e+000  -0.000000e+000  -2.052724e-004  -4.063033e-004  -6.438588e-004  -8.553352e-004  -1.032651e-003  -1.277802e-003  
-0.000000e+000  -0.000000e+000  -0.000000e+000  -1.085280e-004  -2.148103e-004  -3.428679e-004  -4.569742e-004  -5.527188e-004  -6.852316e-004  
-0.000000e+000  -0.000000e+000  -0.000000e+000  -5.495507e-005  -1.087714e-004  -1.748144e-004  -2.337135e-004  -2.831681e-004  -3.516810e-004  
-0.000000e+000  -0.000000e+000  -0.000000e+000  -2.781590e-005  -5.505470e-005  -8.903538e-005  -1.193635e-004  -1.448436e-004  -1.801731e-004  
-0.000000e+000  -0.000000e+000  -0.000000e+000  -1.407388e-005  -2.785544e-005  -4.530329e-005  -6.088620e-005  -7.398501e-005  -9.216078e-005  
-0.000000e+000  -0.000000e+000  -0.000000e+000  -7.118439e-006  -1.408887e-005  -2.303137e-005  -3.102281e-005  -3.774345e-005  -4.707511e-005  
-0.000000e+000  -0.000000e+000  -0.000000e+000  -3.599301e-006  -7.123705e-006  -1.169956e-005  -1.579093e-005  -1.923309e-005  -2.401541e-005  
-0.000000e+000  -0.000000e+000  -0.000000e+000  -1.819400e-006  -3.600903e-006  -5.938977e-006  -8.030489e-006  -9.790773e-006  -1.223768e-005  
-0.000000e+000  -0.000000e+000  -0.000000e+000  -9.194401e-007  -1.819734e-006  -3.012839e-006  -4.080590e-006  -4.979541e-006  -6.229736e-006  
-0.000000e+000  -0.000000e+000  -0.000000e+000  -4.645435e-007  -9.193964e-007  -1.527550e-006  -2.072005e-006  -2.530534e-006  -3.168484e-006  
-0.000000e+000  -0.000000e+000  -0.000000e+000  -2.346735e-007  -4.644434e-007  -7.741217e-007  -1.051470e-006  -1.285103e-006  -1.610305e-006  
-0.000000e+000  -0.000000e+000  -0.000000e+000  -1.185669e-007  -2.346462e-007  -3.922279e-007  -5.334174e-007  -6.523991e-007  -8.179907e-007  
-0.000000e+000  -0.000000e+000  -0.000000e+000  -5.995315e-008  -1.186629e-007  -1.988799e-007  -2.707531e-007  -3.313168e-007  -4.156783e-007  
-0.000000e+000  -0.000000e+000  -0.000000e+000  -3.045030e-008  -6.026988e-008  -1.012174e-007  -1.379239e-007  -1.688575e-007  -2.119268e-007  
-0.000000e+000  -0.000000e+000  -0.000000e+000  -1.573811e-008  -3.116489e-008  -5.236269e-008  -7.134346e-008  -8.732535e-008  -1.095673e-007  
-0.000000e+000  -0.000000e+000  -0.000000e+000  -9.019031e-009  -1.779399e-008  -2.966640e-008  -4.024852e-008  -4.909632e-008  -6.130982e-008  
1.951930e-008  1.390047e-008  -0.000000e+000  -7.561629e-009  -1.490440e-008  -2.454326e-008  -3.294006e-008  -3.997544e-008  -4.959211e-008  
3.704884e-008  -2.633374e-008  -0.000000e+000  -6.976286e-009  -1.335254e-008  -2.101682e-008  -2.766675e-008  -3.317765e-008  -4.068643e-008  
-3.257119e-009  -2.574240e-009  -0.000000e+000  -8.394814e-009  -1.328462e-008  -1.900234e-008  -2.407331e-008  -2.820692e-008  -3.398878e-008  
-5.375997e-009  -2.082667e-008  -3.093311e-008  2.214216e-008  -1.406086e-008  -1.804464e-008  -2.166249e-008  -2.476963e-008  -2.914192e-008  
-1.985244e-008  -2.285109e-008  -2.688984e-008  1.905015e-008  -1.499788e-008  -1.758472e-008  -2.007884e-008  -2.229564e-008  -2.550859e-008  
-2.222486e-008  -2.256763e-008  -2.304555e-008  -2.316183e-008  9.963407e-009  -1.730268e-008  -1.899121e-008  -2.051029e-008  -2.283025e-008  
-1.918649e-008  -1.914283e-008  -1.901971e-008  -1.879978e-008  -1.847149e-008  -1.777961e-008  -1.703185e-008  -1.136054e-008  -1.910330e-008  

