Port monitor named: Port1_h1.prt

nx        = 106
ny        = 79
nz        = 21

nu        = 9
nv        = 96
iu        = 8
iv        = 6

idir      = 1
dcut      = -1.048000e-001
icut      = 6
type      = 1
frequency = 1.800000e+009

fcutoff   = 0.000000e+000
alpha     = 0.000000e+000
beta      = 7.013344e+001
accuracy  = 1.351931e-013

type          = QTEM
wave imp.     = 2.032961e+002
wave imp.sig. = 5.974893e-011
line imp.     = 4.896027e+001

ref. port     = 0

1.672648e-011  2.183465e-011  2.982160e-011  3.441703e-011  -3.905283e-010  -2.689940e-011  -0.000000e+000  9.946262e-011  3.003879e-011  
-1.725449e-010  -3.238547e-011  1.491244e-010  -2.250028e-009  1.253131e-009  -3.003125e-011  1.893055e-011  5.551754e-011  1.063832e-010  
-8.143763e-010  -1.702391e-010  1.584864e-010  -2.311732e-010  -1.080268e-010  -2.906246e-011  3.725584e-011  8.700921e-011  1.489419e-010  
-1.711892e-010  -1.019284e-009  -1.224969e-009  1.510574e-009  -1.258898e-010  -0.000000e+000  7.270178e-011  1.339105e-010  2.070843e-010  
-2.069319e-009  1.174896e-009  -0.000000e+000  -9.628521e-011  -2.029065e-011  5.596744e-011  1.374448e-010  1.999229e-010  2.863442e-010  
8.784320e-010  -2.040059e-009  -0.000000e+000  2.547873e-011  4.227162e-011  1.422584e-010  2.200235e-010  2.917708e-010  3.912409e-010  
9.888270e-010  7.030643e-010  -0.000000e+000  5.529038e-011  1.281524e-010  2.187272e-010  3.183254e-010  4.018298e-010  5.228633e-010  
-0.000000e+000  -0.000000e+000  -0.000000e+000  1.105448e-010  2.189816e-010  3.804868e-010  5.268422e-010  6.525594e-010  8.289616e-010  
-0.000000e+000  -0.000000e+000  -0.000000e+000  2.265672e-010  4.482442e-010  7.742650e-010  1.067299e-009  1.314250e-009  1.661317e-009  
-0.000000e+000  -0.000000e+000  -0.000000e+000  4.557655e-010  9.021113e-010  1.556467e-009  2.144570e-009  2.641874e-009  3.335975e-009  
-0.000000e+000  -0.000000e+000  -0.000000e+000  9.073434e-010  1.795506e-009  3.098932e-009  4.270034e-009  5.258629e-009  6.640528e-009  
-0.000000e+000  -0.000000e+000  -0.000000e+000  1.802247e-009  3.566559e-009  6.154193e-009  8.479646e-009  1.044391e-008  1.318833e-008  
-0.000000e+000  -0.000000e+000  -0.000000e+000  3.577638e-009  7.079650e-009  1.221578e-008  1.683161e-008  2.073104e-008  2.617683e-008  
-0.000000e+000  -0.000000e+000  -0.000000e+000  7.099463e-009  1.404971e-008  2.424412e-008  3.340537e-008  4.114219e-008  5.195296e-008  
-0.000000e+000  -0.000000e+000  -0.000000e+000  1.408955e-008  2.788314e-008  4.811362e-008  6.629403e-008  8.165039e-008  1.031025e-007  
-0.000000e+000  -0.000000e+000  -0.000000e+000  2.796136e-008  5.533460e-008  9.548348e-008  1.315637e-007  1.620372e-007  2.046118e-007  
-0.000000e+000  -0.000000e+000  -0.000000e+000  5.549008e-008  1.098136e-007  1.894903e-007  2.610925e-007  3.215692e-007  4.060591e-007  
-0.000000e+000  -0.000000e+000  -0.000000e+000  1.101224e-007  2.179290e-007  3.760500e-007  5.181470e-007  6.381656e-007  8.058376e-007  
-0.000000e+000  -0.000000e+000  -0.000000e+000  2.185412e-007  4.324873e-007  7.462838e-007  1.028280e-006  1.266459e-006  1.599211e-006  
-0.000000e+000  -0.000000e+000  -0.000000e+000  4.337024e-007  8.582852e-007  1.481025e-006  2.040656e-006  2.513331e-006  3.173687e-006  
-0.000000e+000  -0.000000e+000  -0.000000e+000  8.606962e-007  1.703294e-006  2.939142e-006  4.049748e-006  4.987787e-006  6.298286e-006  
-0.000000e+000  -0.000000e+000  -0.000000e+000  1.678884e-006  3.322465e-006  5.733121e-006  7.899480e-006  9.729230e-006  1.228550e-005  
-0.000000e+000  -0.000000e+000  -0.000000e+000  2.711841e-006  5.366662e-006  9.260509e-006  1.275975e-005  1.571528e-005  1.984434e-005  
-0.000000e+000  -0.000000e+000  -0.000000e+000  3.441404e-006  6.810451e-006  1.175185e-005  1.619250e-005  1.994315e-005  2.518305e-005  
-0.000000e+000  -0.000000e+000  -0.000000e+000  4.378503e-006  8.664934e-006  1.495189e-005  2.060172e-005  2.537368e-005  3.204040e-005  
-0.000000e+000  -0.000000e+000  -0.000000e+000  5.575647e-006  1.103405e-005  1.903995e-005  2.623452e-005  3.231119e-005  4.080068e-005  
-0.000000e+000  -0.000000e+000  -0.000000e+000  7.100564e-006  1.405184e-005  2.424732e-005  3.340959e-005  4.114822e-005  5.195956e-005  
-0.000000e+000  -0.000000e+000  -0.000000e+000  9.048015e-006  1.790577e-005  3.089752e-005  4.257268e-005  5.243374e-005  6.621025e-005  
-0.000000e+000  -0.000000e+000  -0.000000e+000  1.347320e-005  2.666309e-005  4.600883e-005  6.339405e-005  7.807793e-005  9.859221e-005  
-0.000000e+000  -0.000000e+000  -0.000000e+000  2.562993e-005  5.072094e-005  8.752213e-005  1.205938e-004  1.485268e-004  1.875507e-004  
-0.000000e+000  -0.000000e+000  -0.000000e+000  5.025348e-005  9.945024e-005  1.716075e-004  2.364520e-004  2.912206e-004  3.677351e-004  
-0.000000e+000  -0.000000e+000  -0.000000e+000  9.826924e-005  1.944720e-004  3.355727e-004  4.623729e-004  5.694694e-004  7.190857e-004  
-0.000000e+000  -0.000000e+000  -0.000000e+000  1.920307e-004  3.800225e-004  6.557481e-004  9.035247e-004  1.112794e-003  1.405135e-003  
-0.000000e+000  -0.000000e+000  -0.000000e+000  3.751999e-004  7.425052e-004  1.281216e-003  1.765298e-003  2.174125e-003  2.745171e-003  
-0.000000e+000  -0.000000e+000  -0.000000e+000  7.331357e-004  1.450828e-003  2.503373e-003  3.449072e-003  4.247633e-003  5.362695e-003  
-0.000000e+000  -0.000000e+000  -0.000000e+000  1.432960e-003  2.835646e-003  4.892454e-003  6.739891e-003  8.299271e-003  1.047485e-002  
-0.000000e+000  -0.000000e+000  -0.000000e+000  2.803078e-003  5.546474e-003  9.567517e-003  1.317623e-002  1.621907e-002  2.045484e-002  
-0.000000e+000  -0.000000e+000  -0.000000e+000  5.495079e-003  1.087072e-002  1.874100e-002  2.578857e-002  3.171452e-002  3.991545e-002  
-0.000000e+000  -0.000000e+000  -0.000000e+000  1.083476e-002  2.142089e-002  3.687195e-002  5.062534e-002  6.210477e-002  7.774778e-002  
-0.000000e+000  -0.000000e+000  -0.000000e+000  2.169829e-002  4.282462e-002  7.339392e-002  1.001600e-001  1.220615e-001  1.507069e-001  
-0.000000e+000  -0.000000e+000  -0.000000e+000  4.533532e-002  8.902134e-002  1.506410e-001  2.021076e-001  2.419586e-001  2.884206e-001  
-0.000000e+000  -0.000000e+000  -0.000000e+000  1.061569e-001  2.052668e-001  3.342652e-001  4.272948e-001  4.877256e-001  5.334380e-001  
-0.000000e+000  -0.000000e+000  -0.000000e+000  3.182773e-001  5.907081e-001  8.611754e-001  9.672739e-001  9.779528e-001  8.815628e-001  
-0.000000e+000  -0.000000e+000  -0.000000e+000  1.072692e+000  1.883131e+000  2.167263e+000  1.895139e+000  1.527721e+000  1.027789e+000  
-0.000000e+000  -0.000000e+000  -0.000000e+000  2.268339e+000  4.069846e+000  3.605790e+000  2.547184e+000  1.738539e+000  9.896290e-001  
-0.000000e+000  -0.000000e+000  -0.000000e+000  4.837012e+000  1.115350e+001  5.806198e+000  2.905766e+000  1.597670e+000  7.676201e-001  
-0.000000e+000  -0.000000e+000  -0.000000e+000  2.662940e+000  -0.000000e+000  2.551747e+000  1.498334e+000  8.461471e-001  3.909104e-001  
-0.000000e+000  -0.000000e+000  -0.000000e+000  -0.000000e+000  -0.000000e+000  -0.000000e+000  -0.000000e+000  -0.000000e+000  -8.486750e-012  
-0.000000e+000  -0.000000e+000  -0.000000e+000  -2.662940e+000  -0.000000e+000  -2.551747e+000  -1.498334e+000  -8.461471e-001  -3.909104e-001  
-0.000000e+000  -0.000000e+000  -0.000000e+000  -4.837012e+000  -1.115350e+001  -5.806198e+000  -2.905766e+000  -1.597670e+000  -7.676201e-001  
-0.000000e+000  -0.000000e+000  -0.000000e+000  -2.268339e+000  -4.069846e+000  -3.605790e+000  -2.547184e+000  -1.738539e+000  -9.896290e-001  
-0.000000e+000  -0.000000e+000  -0.000000e+000  -1.072692e+000  -1.883131e+000  -2.167263e+000  -1.895139e+000  -1.527721e+000  -1.027789e+000  
-0.000000e+000  -0.000000e+000  -0.000000e+000  -3.182773e-001  -5.907081e-001  -8.611754e-001  -9.672739e-001  -9.779528e-001  -8.815628e-001  
-0.000000e+000  -0.000000e+000  -0.000000e+000  -1.061569e-001  -2.052668e-001  -3.342652e-001  -4.272948e-001  -4.877256e-001  -5.334380e-001  
-0.000000e+000  -0.000000e+000  -0.000000e+000  -4.533532e-002  -8.902134e-002  -1.506410e-001  -2.021076e-001  -2.419586e-001  -2.884206e-001  
-0.000000e+000  -0.000000e+000  -0.000000e+000  -2.169829e-002  -4.282462e-002  -7.339392e-002  -1.001600e-001  -1.220615e-001  -1.507069e-001  
-0.000000e+000  -0.000000e+000  -0.000000e+000  -1.083476e-002  -2.142089e-002  -3.687195e-002  -5.062534e-002  -6.210477e-002  -7.774778e-002  
-0.000000e+000  -0.000000e+000  -0.000000e+000  -5.495079e-003  -1.087072e-002  -1.874100e-002  -2.578857e-002  -3.171452e-002  -3.991545e-002  
-0.000000e+000  -0.000000e+000  -0.000000e+000  -2.803078e-003  -5.546474e-003  -9.567517e-003  -1.317623e-002  -1.621907e-002  -2.045484e-002  
-0.000000e+000  -0.000000e+000  -0.000000e+000  -1.432960e-003  -2.835646e-003  -4.892454e-003  -6.739891e-003  -8.299271e-003  -1.047485e-002  
-0.000000e+000  -0.000000e+000  -0.000000e+000  -7.331357e-004  -1.450828e-003  -2.503373e-003  -3.449072e-003  -4.247633e-003  -5.362695e-003  
-0.000000e+000  -0.000000e+000  -0.000000e+000  -3.751999e-004  -7.425052e-004  -1.281216e-003  -1.765298e-003  -2.174125e-003  -2.745171e-003  
-0.000000e+000  -0.000000e+000  -0.000000e+000  -1.920307e-004  -3.800225e-004  -6.557481e-004  -9.035247e-004  -1.112794e-003  -1.405135e-003  
-0.000000e+000  -0.000000e+000  -0.000000e+000  -9.826924e-005  -1.944720e-004  -3.355727e-004  -4.623729e-004  -5.694694e-004  -7.190857e-004  
-0.000000e+000  -0.000000e+000  -0.000000e+000  -5.025348e-005  -9.945024e-005  -1.716075e-004  -2.364520e-004  -2.912206e-004  -3.677351e-004  
-0.000000e+000  -0.000000e+000  -0.000000e+000  -2.562993e-005  -5.072094e-005  -8.752213e-005  -1.205938e-004  -1.485268e-004  -1.875507e-004  
-0.000000e+000  -0.000000e+000  -0.000000e+000  -1.347320e-005  -2.666309e-005  -4.600883e-005  -6.339405e-005  -7.807793e-005  -9.859221e-005  
-0.000000e+000  -0.000000e+000  -0.000000e+000  -9.048008e-006  -1.790577e-005  -3.089752e-005  -4.257268e-005  -5.243374e-005  -6.621025e-005  
-0.000000e+000  -0.000000e+000  -0.000000e+000  -7.100572e-006  -1.405183e-005  -2.424732e-005  -3.340959e-005  -4.114822e-005  -5.195956e-005  
-0.000000e+000  -0.000000e+000  -0.000000e+000  -5.575644e-006  -1.103405e-005  -1.903994e-005  -2.623452e-005  -3.231119e-005  -4.080068e-005  
-0.000000e+000  -0.000000e+000  -0.000000e+000  -4.378503e-006  -8.664935e-006  -1.495189e-005  -2.060172e-005  -2.537368e-005  -3.204040e-005  
-0.000000e+000  -0.000000e+000  -0.000000e+000  -3.441407e-006  -6.810451e-006  -1.175186e-005  -1.619250e-005  -1.994315e-005  -2.518305e-005  
-0.000000e+000  -0.000000e+000  -0.000000e+000  -2.711838e-006  -5.366662e-006  -9.260506e-006  -1.275975e-005  -1.571528e-005  -1.984434e-005  
-0.000000e+000  -0.000000e+000  -0.000000e+000  -1.678884e-006  -3.322465e-006  -5.733121e-006  -7.899480e-006  -9.729229e-006  -1.228550e-005  
-0.000000e+000  -0.000000e+000  -0.000000e+000  -8.606964e-007  -1.703295e-006  -2.939142e-006  -4.049748e-006  -4.987788e-006  -6.298286e-006  
-0.000000e+000  -0.000000e+000  -0.000000e+000  -4.337023e-007  -8.582850e-007  -1.481025e-006  -2.040656e-006  -2.513331e-006  -3.173687e-006  
-0.000000e+000  -0.000000e+000  -0.000000e+000  -2.185414e-007  -4.324871e-007  -7.462836e-007  -1.028280e-006  -1.266459e-006  -1.599212e-006  
-0.000000e+000  -0.000000e+000  -0.000000e+000  -1.101222e-007  -2.179289e-007  -3.760501e-007  -5.181474e-007  -6.381652e-007  -8.058375e-007  
-0.000000e+000  -0.000000e+000  -0.000000e+000  -5.549038e-008  -1.098137e-007  -1.894904e-007  -2.610928e-007  -3.215698e-007  -4.060591e-007  
-0.000000e+000  -0.000000e+000  -0.000000e+000  -2.796127e-008  -5.533480e-008  -9.548367e-008  -1.315637e-007  -1.620376e-007  -2.046118e-007  
-0.000000e+000  -0.000000e+000  -0.000000e+000  -1.408969e-008  -2.788274e-008  -4.811387e-008  -6.629453e-008  -8.165018e-008  -1.031028e-007  
-0.000000e+000  -0.000000e+000  -0.000000e+000  -7.099544e-009  -1.405016e-008  -2.424406e-008  -3.340517e-008  -4.114259e-008  -5.195253e-008  
-0.000000e+000  -0.000000e+000  -0.000000e+000  -3.577295e-009  -7.079459e-009  -1.221609e-008  -1.683195e-008  -2.073080e-008  -2.617725e-008  
-0.000000e+000  -0.000000e+000  -0.000000e+000  -1.802112e-009  -3.566439e-009  -6.154240e-009  -8.479587e-009  -1.044330e-008  -1.318840e-008  
-0.000000e+000  -0.000000e+000  -0.000000e+000  -9.075667e-010  -1.795684e-009  -3.098242e-009  -4.269316e-009  -5.258897e-009  -6.639987e-009  
-0.000000e+000  -0.000000e+000  -0.000000e+000  -4.557246e-010  -9.019357e-010  -1.556544e-009  -2.144568e-009  -2.641201e-009  -3.335711e-009  
-0.000000e+000  -0.000000e+000  -0.000000e+000  -2.266119e-010  -4.482509e-010  -7.737367e-010  -1.066747e-009  -1.314488e-009  -1.660763e-009  
-0.000000e+000  -0.000000e+000  -0.000000e+000  -1.101400e-010  -2.194389e-010  -3.810588e-010  -5.273510e-010  -6.522176e-010  -8.289622e-010  
-9.922499e-010  -7.066204e-010  -0.000000e+000  -6.061369e-011  -1.207931e-010  -2.189874e-010  -3.182901e-010  -4.016608e-010  -5.232299e-010  
-8.817511e-010  2.051936e-009  -0.000000e+000  -1.661610e-011  -5.468456e-011  -1.401326e-010  -2.194101e-010  -2.905104e-010  -3.904626e-010  
2.076023e-009  -1.184423e-009  -0.000000e+000  9.109608e-011  2.788908e-011  -5.851523e-011  -1.343191e-010  -2.017625e-010  -2.861251e-010  
1.716806e-010  1.028174e-009  1.225352e-009  -1.516699e-009  1.257836e-010  8.581524e-012  -7.597410e-011  -1.325974e-010  -2.068430e-010  
8.184071e-010  1.659636e-010  -1.505264e-010  2.259710e-010  1.110580e-010  2.874077e-011  -3.637659e-011  -8.650667e-011  -1.492837e-010  
1.733067e-010  3.412498e-011  -1.525367e-010  2.266955e-009  -1.263334e-009  2.907762e-011  -1.708386e-011  -5.643235e-011  -1.054903e-010  
-1.686354e-011  -2.195704e-011  -2.994485e-011  -3.459229e-011  3.929099e-010  2.732938e-011  -0.000000e+000  -9.993442e-011  -3.019194e-011  
-0.000000e+000  -0.000000e+000  -0.000000e+000  -0.000000e+000  -0.000000e+000  -0.000000e+000  -0.000000e+000  -0.000000e+000  -0.000000e+000  

3.632359e-012  1.054206e-011  1.906709e-011  2.874916e-011  3.906566e-011  4.218635e-011  3.207461e-010  -2.039002e-010  -0.000000e+000  
-2.973590e-011  -4.118894e-011  -1.017734e-011  2.896071e-009  -1.557850e-009  -1.061534e-010  -9.967967e-011  -6.772972e-011  -0.000000e+000  
-2.599356e-010  -3.392308e-010  4.006527e-009  -2.980281e-009  -1.683386e-010  -1.625194e-010  -1.423741e-010  -9.509775e-011  -0.000000e+000  
-1.318093e-009  -8.814482e-010  4.656045e-009  -3.190299e-009  -2.585468e-010  -2.391204e-010  -2.005819e-010  -1.287688e-010  -0.000000e+000  
7.078672e-011  2.074646e-010  -5.566251e-010  -4.567274e-010  -3.966135e-010  -3.299502e-010  -2.729394e-010  -1.691180e-010  -0.000000e+000  
-5.429814e-009  2.370889e-009  -6.305533e-010  -5.985756e-010  -4.925605e-010  -4.311659e-010  -3.515746e-010  -2.191329e-010  -0.000000e+000  
-4.838366e-010  -1.243833e-009  -6.903714e-010  -6.431118e-010  -6.197227e-010  -5.321353e-010  -4.438254e-010  -2.778408e-010  -0.000000e+000  
-0.000000e+000  -0.000000e+000  -8.079656e-010  -7.907405e-010  -7.419008e-010  -6.624756e-010  -5.533336e-010  -3.501579e-010  -0.000000e+000  
-0.000000e+000  -0.000000e+000  -1.408834e-009  -1.379969e-009  -1.309509e-009  -1.176236e-009  -9.935746e-010  -6.325920e-010  -0.000000e+000  
-0.000000e+000  -0.000000e+000  -2.726959e-009  -2.669786e-009  -2.538680e-009  -2.280917e-009  -1.924793e-009  -1.230649e-009  -0.000000e+000  
-0.000000e+000  -0.000000e+000  -5.377024e-009  -5.264969e-009  -5.005174e-009  -4.497399e-009  -3.798585e-009  -2.426976e-009  -0.000000e+000  
-0.000000e+000  -0.000000e+000  -1.065089e-008  -1.042755e-008  -9.916023e-009  -8.909306e-009  -7.522898e-009  -4.807805e-009  -0.000000e+000  
-0.000000e+000  -0.000000e+000  -2.112235e-008  -2.067890e-008  -1.966237e-008  -1.766698e-008  -1.491951e-008  -9.534233e-009  -0.000000e+000  
-0.000000e+000  -0.000000e+000  -4.190088e-008  -4.101910e-008  -3.900015e-008  -3.504321e-008  -2.959683e-008  -1.890939e-008  -0.000000e+000  
-0.000000e+000  -0.000000e+000  -8.311709e-008  -8.137018e-008  -7.736560e-008  -6.951524e-008  -5.870610e-008  -3.751126e-008  -0.000000e+000  
-0.000000e+000  -0.000000e+000  -1.648766e-007  -1.614146e-007  -1.534658e-007  -1.378923e-007  -1.164539e-007  -7.440547e-008  -0.000000e+000  
-0.000000e+000  -0.000000e+000  -3.270506e-007  -3.201834e-007  -3.044156e-007  -2.735202e-007  -2.309902e-007  -1.475864e-007  -0.000000e+000  
-0.000000e+000  -0.000000e+000  -6.487140e-007  -6.350965e-007  -6.038151e-007  -5.425255e-007  -4.581627e-007  -2.927288e-007  -0.000000e+000  
-0.000000e+000  -0.000000e+000  -1.286689e-006  -1.259681e-006  -1.197628e-006  -1.076046e-006  -9.087121e-007  -5.805803e-007  -0.000000e+000  
-0.000000e+000  -0.000000e+000  -2.551951e-006  -2.498395e-006  -2.375302e-006  -2.134126e-006  -1.802224e-006  -1.151430e-006  -0.000000e+000  
-0.000000e+000  -0.000000e+000  -5.061139e-006  -4.954942e-006  -4.710779e-006  -4.232385e-006  -3.574108e-006  -2.283426e-006  -0.000000e+000  
-0.000000e+000  -0.000000e+000  -1.003689e-005  -9.826326e-006  -9.342026e-006  -8.393140e-006  -7.087610e-006  -4.528032e-006  -0.000000e+000  
-0.000000e+000  -0.000000e+000  -1.906640e-005  -1.866649e-005  -1.774632e-005  -1.594345e-005  -1.346327e-005  -8.601019e-006  -0.000000e+000  
-0.000000e+000  -0.000000e+000  -2.456678e-005  -2.405155e-005  -2.286581e-005  -2.054264e-005  -1.734687e-005  -1.108194e-005  -0.000000e+000  
-0.000000e+000  -0.000000e+000  -3.154465e-005  -3.088313e-005  -2.936046e-005  -2.637719e-005  -2.227358e-005  -1.422919e-005  -0.000000e+000  
-0.000000e+000  -0.000000e+000  -4.041950e-005  -3.957193e-005  -3.762071e-005  -3.379778e-005  -2.853951e-005  -1.823190e-005  -0.000000e+000  
-0.000000e+000  -0.000000e+000  -5.164156e-005  -5.055877e-005  -4.806559e-005  -4.318085e-005  -3.646248e-005  -2.329308e-005  -0.000000e+000  
-0.000000e+000  -0.000000e+000  -6.592741e-005  -6.454522e-005  -6.136204e-005  -5.512546e-005  -4.654830e-005  -2.973581e-005  -0.000000e+000  
-0.000000e+000  -0.000000e+000  -8.412423e-005  -8.236070e-005  -7.829853e-005  -7.033986e-005  -5.939496e-005  -3.794202e-005  -0.000000e+000  
-0.000000e+000  -0.000000e+000  -1.534568e-004  -1.502406e-004  -1.428288e-004  -1.283076e-004  -1.083408e-004  -6.920709e-005  -0.000000e+000  
-0.000000e+000  -0.000000e+000  -2.973710e-004  -2.911402e-004  -2.767734e-004  -2.486265e-004  -2.099308e-004  -1.340972e-004  -0.000000e+000  
-0.000000e+000  -0.000000e+000  -5.791920e-004  -5.670598e-004  -5.390684e-004  -4.842296e-004  -4.088537e-004  -2.611521e-004  -0.000000e+000  
-0.000000e+000  -0.000000e+000  -1.129532e-003  -1.105879e-003  -1.051270e-003  -9.442872e-004  -7.972715e-004  -5.092253e-004  -0.000000e+000  
-0.000000e+000  -0.000000e+000  -2.203367e-003  -2.157241e-003  -2.050667e-003  -1.841888e-003  -1.555058e-003  -9.931626e-004  -0.000000e+000  
-0.000000e+000  -0.000000e+000  -4.298078e-003  -4.208116e-003  -4.000094e-003  -3.592597e-003  -3.032940e-003  -1.936815e-003  -0.000000e+000  
-0.000000e+000  -0.000000e+000  -8.383837e-003  -8.208329e-003  -7.802140e-003  -7.006537e-003  -5.914358e-003  -3.776021e-003  -0.000000e+000  
-0.000000e+000  -0.000000e+000  -1.635398e-002  -1.601125e-002  -1.521728e-002  -1.366252e-002  -1.152989e-002  -7.357497e-003  -0.000000e+000  
-0.000000e+000  -0.000000e+000  -3.190996e-002  -3.123875e-002  -2.968221e-002  -2.663618e-002  -2.246481e-002  -1.431733e-002  -0.000000e+000  
-0.000000e+000  -0.000000e+000  -6.232434e-002  -6.099937e-002  -5.792330e-002  -5.191421e-002  -4.371695e-002  -2.777263e-002  -0.000000e+000  
-0.000000e+000  -0.000000e+000  -1.220828e-001  -1.194100e-001  -1.131982e-001  -1.011237e-001  -8.481623e-002  -5.343770e-002  -0.000000e+000  
-0.000000e+000  -0.000000e+000  -2.411124e-001  -2.353945e-001  -2.221091e-001  -1.966637e-001  -1.632106e-001  -1.006445e-001  -0.000000e+000  
-0.000000e+000  -0.000000e+000  -4.873427e-001  -4.731131e-001  -4.402694e-001  -3.801271e-001  -3.065606e-001  -1.787543e-001  -0.000000e+000  
-0.000000e+000  -0.000000e+000  -1.052428e+000  -1.003132e+000  -8.924121e-001  -7.135946e-001  -5.304193e-001  -2.652363e-001  -0.000000e+000  
-0.000000e+000  -0.000000e+000  -2.549525e+000  -2.296454e+000  -1.750727e+000  -1.088299e+000  -6.170688e-001  -1.706373e-001  -0.000000e+000  
-0.000000e+000  -0.000000e+000  -4.453146e+000  -3.749320e+000  -2.120495e+000  -8.249371e-001  -2.360966e-001  7.034269e-002  -0.000000e+000  
-0.000000e+000  -0.000000e+000  -8.424141e+000  -6.921327e+000  -1.668900e+000  3.102665e-001  6.354971e-001  4.388943e-001  -0.000000e+000  
-0.000000e+000  -0.000000e+000  -1.681223e+001  -1.824800e+001  6.816801e+000  3.500654e+000  2.068216e+000  8.518474e-001  -0.000000e+000  
-0.000000e+000  -0.000000e+000  -2.032306e+001  -2.236008e+001  7.386976e+000  4.377064e+000  2.611089e+000  1.024408e+000  -0.000000e+000  
-0.000000e+000  -0.000000e+000  -2.032306e+001  -2.236008e+001  7.386976e+000  4.377064e+000  2.611089e+000  1.024408e+000  -0.000000e+000  
-0.000000e+000  -0.000000e+000  -1.681223e+001  -1.824800e+001  6.816801e+000  3.500654e+000  2.068216e+000  8.518474e-001  -0.000000e+000  
-0.000000e+000  -0.000000e+000  -8.424141e+000  -6.921327e+000  -1.668900e+000  3.102665e-001  6.354971e-001  4.388943e-001  -0.000000e+000  
-0.000000e+000  -0.000000e+000  -4.453146e+000  -3.749320e+000  -2.120495e+000  -8.249371e-001  -2.360966e-001  7.034269e-002  -0.000000e+000  
-0.000000e+000  -0.000000e+000  -2.549525e+000  -2.296454e+000  -1.750727e+000  -1.088299e+000  -6.170688e-001  -1.706373e-001  -0.000000e+000  
-0.000000e+000  -0.000000e+000  -1.052428e+000  -1.003132e+000  -8.924121e-001  -7.135946e-001  -5.304193e-001  -2.652363e-001  -0.000000e+000  
-0.000000e+000  -0.000000e+000  -4.873427e-001  -4.731131e-001  -4.402694e-001  -3.801271e-001  -3.065606e-001  -1.787543e-001  -0.000000e+000  
-0.000000e+000  -0.000000e+000  -2.411124e-001  -2.353945e-001  -2.221091e-001  -1.966637e-001  -1.632106e-001  -1.006445e-001  -0.000000e+000  
-0.000000e+000  -0.000000e+000  -1.220828e-001  -1.194100e-001  -1.131982e-001  -1.011237e-001  -8.481623e-002  -5.343770e-002  -0.000000e+000  
-0.000000e+000  -0.000000e+000  -6.232434e-002  -6.099937e-002  -5.792330e-002  -5.191421e-002  -4.371695e-002  -2.777263e-002  -0.000000e+000  
-0.000000e+000  -0.000000e+000  -3.190996e-002  -3.123875e-002  -2.968221e-002  -2.663618e-002  -2.246481e-002  -1.431733e-002  -0.000000e+000  
-0.000000e+000  -0.000000e+000  -1.635398e-002  -1.601125e-002  -1.521728e-002  -1.366252e-002  -1.152989e-002  -7.357497e-003  -0.000000e+000  
-0.000000e+000  -0.000000e+000  -8.383837e-003  -8.208329e-003  -7.802140e-003  -7.006537e-003  -5.914358e-003  -3.776021e-003  -0.000000e+000  
-0.000000e+000  -0.000000e+000  -4.298078e-003  -4.208116e-003  -4.000094e-003  -3.592597e-003  -3.032940e-003  -1.936815e-003  -0.000000e+000  
-0.000000e+000  -0.000000e+000  -2.203367e-003  -2.157241e-003  -2.050667e-003  -1.841888e-003  -1.555058e-003  -9.931626e-004  -0.000000e+000  
-0.000000e+000  -0.000000e+000  -1.129532e-003  -1.105879e-003  -1.051270e-003  -9.442872e-004  -7.972715e-004  -5.092253e-004  -0.000000e+000  
-0.000000e+000  -0.000000e+000  -5.791920e-004  -5.670598e-004  -5.390684e-004  -4.842296e-004  -4.088537e-004  -2.611521e-004  -0.000000e+000  
-0.000000e+000  -0.000000e+000  -2.973710e-004  -2.911402e-004  -2.767734e-004  -2.486265e-004  -2.099308e-004  -1.340972e-004  -0.000000e+000  
-0.000000e+000  -0.000000e+000  -1.534568e-004  -1.502406e-004  -1.428288e-004  -1.283076e-004  -1.083408e-004  -6.920709e-005  -0.000000e+000  
-0.000000e+000  -0.000000e+000  -8.412423e-005  -8.236070e-005  -7.829853e-005  -7.033986e-005  -5.939496e-005  -3.794202e-005  -0.000000e+000  
-0.000000e+000  -0.000000e+000  -6.592741e-005  -6.454521e-005  -6.136204e-005  -5.512546e-005  -4.654830e-005  -2.973581e-005  -0.000000e+000  
-0.000000e+000  -0.000000e+000  -5.164156e-005  -5.055878e-005  -4.806559e-005  -4.318085e-005  -3.646248e-005  -2.329308e-005  -0.000000e+000  
-0.000000e+000  -0.000000e+000  -4.041950e-005  -3.957193e-005  -3.762071e-005  -3.379778e-005  -2.853951e-005  -1.823190e-005  -0.000000e+000  
-0.000000e+000  -0.000000e+000  -3.154465e-005  -3.088313e-005  -2.936047e-005  -2.637718e-005  -2.227358e-005  -1.422919e-005  -0.000000e+000  
-0.000000e+000  -0.000000e+000  -2.456678e-005  -2.405155e-005  -2.286581e-005  -2.054265e-005  -1.734688e-005  -1.108194e-005  -0.000000e+000  
-0.000000e+000  -0.000000e+000  -1.906640e-005  -1.866649e-005  -1.774632e-005  -1.594345e-005  -1.346327e-005  -8.601019e-006  -0.000000e+000  
-0.000000e+000  -0.000000e+000  -1.003689e-005  -9.826326e-006  -9.342025e-006  -8.393141e-006  -7.087612e-006  -4.528032e-006  -0.000000e+000  
-0.000000e+000  -0.000000e+000  -5.061138e-006  -4.954941e-006  -4.710780e-006  -4.232385e-006  -3.574108e-006  -2.283427e-006  -0.000000e+000  
-0.000000e+000  -0.000000e+000  -2.551951e-006  -2.498394e-006  -2.375304e-006  -2.134125e-006  -1.802224e-006  -1.151430e-006  -0.000000e+000  
-0.000000e+000  -0.000000e+000  -1.286689e-006  -1.259682e-006  -1.197629e-006  -1.076047e-006  -9.087104e-007  -5.805799e-007  -0.000000e+000  
-0.000000e+000  -0.000000e+000  -6.487149e-007  -6.350963e-007  -6.038159e-007  -5.425253e-007  -4.581634e-007  -2.927278e-007  -0.000000e+000  
-0.000000e+000  -0.000000e+000  -3.270500e-007  -3.201845e-007  -3.044159e-007  -2.735198e-007  -2.309898e-007  -1.475863e-007  -0.000000e+000  
-0.000000e+000  -0.000000e+000  -1.648764e-007  -1.614143e-007  -1.534661e-007  -1.378924e-007  -1.164524e-007  -7.440594e-008  -0.000000e+000  
-0.000000e+000  -0.000000e+000  -8.311621e-008  -8.137252e-008  -7.736381e-008  -6.951450e-008  -5.870684e-008  -3.751090e-008  -0.000000e+000  
-0.000000e+000  -0.000000e+000  -4.189962e-008  -4.101966e-008  -3.899998e-008  -3.504294e-008  -2.959563e-008  -1.891026e-008  -0.000000e+000  
-0.000000e+000  -0.000000e+000  -2.112280e-008  -2.067870e-008  -1.966061e-008  -1.766659e-008  -1.492018e-008  -9.534136e-009  -0.000000e+000  
-0.000000e+000  -0.000000e+000  -1.065202e-008  -1.042730e-008  -9.913740e-009  -8.909264e-009  -7.525325e-009  -4.806737e-009  -0.000000e+000  
-0.000000e+000  -0.000000e+000  -5.377088e-009  -5.264971e-009  -5.005697e-009  -4.497470e-009  -3.797890e-009  -2.427122e-009  -0.000000e+000  
-0.000000e+000  -0.000000e+000  -2.727267e-009  -2.670488e-009  -2.538433e-009  -2.281270e-009  -1.926266e-009  -1.230208e-009  -0.000000e+000  
-0.000000e+000  -0.000000e+000  -1.408950e-009  -1.380873e-009  -1.310994e-009  -1.176679e-009  -9.925274e-010  -6.333164e-010  -0.000000e+000  
-0.000000e+000  -0.000000e+000  -8.099956e-010  -7.877059e-010  -7.430698e-010  -6.631344e-010  -5.548472e-010  -3.504263e-010  -0.000000e+000  
-4.836110e-010  -1.250124e-009  -6.831987e-010  -6.620481e-010  -6.123640e-010  -5.331233e-010  -4.455103e-010  -2.778457e-010  -0.000000e+000  
-5.455316e-009  2.385621e-009  -6.387534e-010  -5.806681e-010  -5.015343e-010  -4.304819e-010  -3.539916e-010  -2.189027e-010  -0.000000e+000  
7.277411e-011  2.059792e-010  -5.560687e-010  -4.609575e-010  -3.942278e-010  -3.356374e-010  -2.697995e-010  -1.699554e-010  -0.000000e+000  
-1.329834e-009  -8.698575e-010  4.668097e-009  -3.204649e-009  -2.602965e-010  -2.372461e-010  -2.024313e-010  -1.290818e-010  -0.000000e+000  
-2.580926e-010  -3.476140e-010  4.040532e-009  -3.008378e-009  -1.664633e-010  -1.619670e-010  -1.438140e-010  -9.500423e-011  -0.000000e+000  
-2.950258e-011  -4.113439e-011  -1.022691e-011  2.913444e-009  -1.566027e-009  -1.086342e-010  -9.813395e-011  -6.853906e-011  -0.000000e+000  
3.757525e-012  1.059730e-011  1.934302e-011  2.887449e-011  3.944865e-011  4.263543e-011  3.233610e-010  -2.053489e-010  -0.000000e+000  

0.000000e+000  0.000000e+000  0.000000e+000  0.000000e+000  0.000000e+000  0.000000e+000  0.000000e+000  0.000000e+000  0.000000e+000  
0.000000e+000  0.000000e+000  0.000000e+000  0.000000e+000  0.000000e+000  0.000000e+000  0.000000e+000  0.000000e+000  0.000000e+000  
0.000000e+000  0.000000e+000  0.000000e+000  0.000000e+000  0.000000e+000  0.000000e+000  0.000000e+000  0.000000e+000  0.000000e+000  
0.000000e+000  0.000000e+000  0.000000e+000  0.000000e+000  0.000000e+000  0.000000e+000  0.000000e+000  0.000000e+000  0.000000e+000  
0.000000e+000  0.000000e+000  0.000000e+000  0.000000e+000  0.000000e+000  0.000000e+000  0.000000e+000  0.000000e+000  0.000000e+000  
0.000000e+000  0.000000e+000  0.000000e+000  0.000000e+000  0.000000e+000  0.000000e+000  0.000000e+000  0.000000e+000  0.000000e+000  
0.000000e+000  0.000000e+000  0.000000e+000  0.000000e+000  0.000000e+000  0.000000e+000  0.000000e+000  0.000000e+000  0.000000e+000  
0.000000e+000  0.000000e+000  0.000000e+000  0.000000e+000  0.000000e+000  0.000000e+000  0.000000e+000  0.000000e+000  0.000000e+000  
0.000000e+000  0.000000e+000  0.000000e+000  0.000000e+000  0.000000e+000  0.000000e+000  0.000000e+000  0.000000e+000  0.000000e+000  
0.000000e+000  0.000000e+000  0.000000e+000  0.000000e+000  0.000000e+000  0.000000e+000  0.000000e+000  0.000000e+000  0.000000e+000  
0.000000e+000  0.000000e+000  0.000000e+000  0.000000e+000  0.000000e+000  0.000000e+000  0.000000e+000  0.000000e+000  0.000000e+000  
0.000000e+000  0.000000e+000  0.000000e+000  0.000000e+000  0.000000e+000  0.000000e+000  0.000000e+000  0.000000e+000  0.000000e+000  
0.000000e+000  0.000000e+000  0.000000e+000  0.000000e+000  0.000000e+000  0.000000e+000  0.000000e+000  0.000000e+000  0.000000e+000  
0.000000e+000  0.000000e+000  0.000000e+000  0.000000e+000  0.000000e+000  0.000000e+000  0.000000e+000  0.000000e+000  0.000000e+000  
0.000000e+000  0.000000e+000  0.000000e+000  0.000000e+000  0.000000e+000  0.000000e+000  0.000000e+000  0.000000e+000  0.000000e+000  
0.000000e+000  0.000000e+000  0.000000e+000  0.000000e+000  0.000000e+000  0.000000e+000  0.000000e+000  0.000000e+000  0.000000e+000  
0.000000e+000  0.000000e+000  0.000000e+000  0.000000e+000  0.000000e+000  0.000000e+000  0.000000e+000  0.000000e+000  0.000000e+000  
0.000000e+000  0.000000e+000  0.000000e+000  0.000000e+000  0.000000e+000  0.000000e+000  0.000000e+000  0.000000e+000  0.000000e+000  
0.000000e+000  0.000000e+000  0.000000e+000  0.000000e+000  0.000000e+000  0.000000e+000  0.000000e+000  0.000000e+000  0.000000e+000  
0.000000e+000  0.000000e+000  0.000000e+000  0.000000e+000  0.000000e+000  0.000000e+000  0.000000e+000  0.000000e+000  0.000000e+000  
0.000000e+000  0.000000e+000  0.000000e+000  0.000000e+000  0.000000e+000  0.000000e+000  0.000000e+000  0.000000e+000  0.000000e+000  
0.000000e+000  0.000000e+000  0.000000e+000  0.000000e+000  0.000000e+000  0.000000e+000  0.000000e+000  0.000000e+000  0.000000e+000  
0.000000e+000  0.000000e+000  0.000000e+000  0.000000e+000  0.000000e+000  0.000000e+000  0.000000e+000  0.000000e+000  0.000000e+000  
0.000000e+000  0.000000e+000  0.000000e+000  0.000000e+000  0.000000e+000  0.000000e+000  0.000000e+000  0.000000e+000  0.000000e+000  
0.000000e+000  0.000000e+000  0.000000e+000  0.000000e+000  0.000000e+000  0.000000e+000  0.000000e+000  0.000000e+000  0.000000e+000  
0.000000e+000  0.000000e+000  0.000000e+000  0.000000e+000  0.000000e+000  0.000000e+000  0.000000e+000  0.000000e+000  0.000000e+000  
0.000000e+000  0.000000e+000  0.000000e+000  0.000000e+000  0.000000e+000  0.000000e+000  0.000000e+000  0.000000e+000  0.000000e+000  
0.000000e+000  0.000000e+000  0.000000e+000  0.000000e+000  0.000000e+000  0.000000e+000  0.000000e+000  0.000000e+000  0.000000e+000  
0.000000e+000  0.000000e+000  0.000000e+000  0.000000e+000  0.000000e+000  0.000000e+000  0.000000e+000  0.000000e+000  0.000000e+000  
0.000000e+000  0.000000e+000  0.000000e+000  0.000000e+000  0.000000e+000  0.000000e+000  0.000000e+000  0.000000e+000  0.000000e+000  
0.000000e+000  0.000000e+000  0.000000e+000  0.000000e+000  0.000000e+000  0.000000e+000  0.000000e+000  0.000000e+000  0.000000e+000  
0.000000e+000  0.000000e+000  0.000000e+000  0.000000e+000  0.000000e+000  0.000000e+000  0.000000e+000  0.000000e+000  0.000000e+000  
0.000000e+000  0.000000e+000  0.000000e+000  0.000000e+000  0.000000e+000  0.000000e+000  0.000000e+000  0.000000e+000  0.000000e+000  
0.000000e+000  0.000000e+000  0.000000e+000  0.000000e+000  0.000000e+000  0.000000e+000  0.000000e+000  0.000000e+000  0.000000e+000  
0.000000e+000  0.000000e+000  0.000000e+000  0.000000e+000  0.000000e+000  0.000000e+000  0.000000e+000  0.000000e+000  0.000000e+000  
0.000000e+000  0.000000e+000  0.000000e+000  0.000000e+000  0.000000e+000  0.000000e+000  0.000000e+000  0.000000e+000  0.000000e+000  
0.000000e+000  0.000000e+000  0.000000e+000  0.000000e+000  0.000000e+000  0.000000e+000  0.000000e+000  0.000000e+000  0.000000e+000  
0.000000e+000  0.000000e+000  0.000000e+000  0.000000e+000  0.000000e+000  0.000000e+000  0.000000e+000  0.000000e+000  0.000000e+000  
0.000000e+000  0.000000e+000  0.000000e+000  0.000000e+000  0.000000e+000  0.000000e+000  0.000000e+000  0.000000e+000  0.000000e+000  
0.000000e+000  0.000000e+000  0.000000e+000  0.000000e+000  0.000000e+000  0.000000e+000  0.000000e+000  0.000000e+000  0.000000e+000  
0.000000e+000  0.000000e+000  0.000000e+000  0.000000e+000  0.000000e+000  0.000000e+000  0.000000e+000  0.000000e+000  0.000000e+000  
0.000000e+000  0.000000e+000  0.000000e+000  0.000000e+000  0.000000e+000  0.000000e+000  0.000000e+000  0.000000e+000  0.000000e+000  
0.000000e+000  0.000000e+000  0.000000e+000  0.000000e+000  0.000000e+000  0.000000e+000  0.000000e+000  0.000000e+000  0.000000e+000  
0.000000e+000  0.000000e+000  0.000000e+000  0.000000e+000  0.000000e+000  0.000000e+000  0.000000e+000  0.000000e+000  0.000000e+000  
0.000000e+000  0.000000e+000  0.000000e+000  0.000000e+000  0.000000e+000  0.000000e+000  0.000000e+000  0.000000e+000  0.000000e+000  
0.000000e+000  0.000000e+000  0.000000e+000  0.000000e+000  0.000000e+000  0.000000e+000  0.000000e+000  0.000000e+000  0.000000e+000  
0.000000e+000  0.000000e+000  0.000000e+000  0.000000e+000  0.000000e+000  0.000000e+000  0.000000e+000  0.000000e+000  0.000000e+000  
0.000000e+000  0.000000e+000  0.000000e+000  0.000000e+000  0.000000e+000  0.000000e+000  0.000000e+000  0.000000e+000  0.000000e+000  
0.000000e+000  0.000000e+000  0.000000e+000  0.000000e+000  0.000000e+000  0.000000e+000  0.000000e+000  0.000000e+000  0.000000e+000  
0.000000e+000  0.000000e+000  0.000000e+000  0.000000e+000  0.000000e+000  0.000000e+000  0.000000e+000  0.000000e+000  0.000000e+000  
0.000000e+000  0.000000e+000  0.000000e+000  0.000000e+000  0.000000e+000  0.000000e+000  0.000000e+000  0.000000e+000  0.000000e+000  
0.000000e+000  0.000000e+000  0.000000e+000  0.000000e+000  0.000000e+000  0.000000e+000  0.000000e+000  0.000000e+000  0.000000e+000  
0.000000e+000  0.000000e+000  0.000000e+000  0.000000e+000  0.000000e+000  0.000000e+000  0.000000e+000  0.000000e+000  0.000000e+000  
0.000000e+000  0.000000e+000  0.000000e+000  0.000000e+000  0.000000e+000  0.000000e+000  0.000000e+000  0.000000e+000  0.000000e+000  
0.000000e+000  0.000000e+000  0.000000e+000  0.000000e+000  0.000000e+000  0.000000e+000  0.000000e+000  0.000000e+000  0.000000e+000  
0.000000e+000  0.000000e+000  0.000000e+000  0.000000e+000  0.000000e+000  0.000000e+000  0.000000e+000  0.000000e+000  0.000000e+000  
0.000000e+000  0.000000e+000  0.000000e+000  0.000000e+000  0.000000e+000  0.000000e+000  0.000000e+000  0.000000e+000  0.000000e+000  
0.000000e+000  0.000000e+000  0.000000e+000  0.000000e+000  0.000000e+000  0.000000e+000  0.000000e+000  0.000000e+000  0.000000e+000  
0.000000e+000  0.000000e+000  0.000000e+000  0.000000e+000  0.000000e+000  0.000000e+000  0.000000e+000  0.000000e+000  0.000000e+000  
0.000000e+000  0.000000e+000  0.000000e+000  0.000000e+000  0.000000e+000  0.000000e+000  0.000000e+000  0.000000e+000  0.000000e+000  
0.000000e+000  0.000000e+000  0.000000e+000  0.000000e+000  0.000000e+000  0.000000e+000  0.000000e+000  0.000000e+000  0.000000e+000  
0.000000e+000  0.000000e+000  0.000000e+000  0.000000e+000  0.000000e+000  0.000000e+000  0.000000e+000  0.000000e+000  0.000000e+000  
0.000000e+000  0.000000e+000  0.000000e+000  0.000000e+000  0.000000e+000  0.000000e+000  0.000000e+000  0.000000e+000  0.000000e+000  
0.000000e+000  0.000000e+000  0.000000e+000  0.000000e+000  0.000000e+000  0.000000e+000  0.000000e+000  0.000000e+000  0.000000e+000  
0.000000e+000  0.000000e+000  0.000000e+000  0.000000e+000  0.000000e+000  0.000000e+000  0.000000e+000  0.000000e+000  0.000000e+000  
0.000000e+000  0.000000e+000  0.000000e+000  0.000000e+000  0.000000e+000  0.000000e+000  0.000000e+000  0.000000e+000  0.000000e+000  
0.000000e+000  0.000000e+000  0.000000e+000  0.000000e+000  0.000000e+000  0.000000e+000  0.000000e+000  0.000000e+000  0.000000e+000  
0.000000e+000  0.000000e+000  0.000000e+000  0.000000e+000  0.000000e+000  0.000000e+000  0.000000e+000  0.000000e+000  0.000000e+000  
0.000000e+000  0.000000e+000  0.000000e+000  0.000000e+000  0.000000e+000  0.000000e+000  0.000000e+000  0.000000e+000  0.000000e+000  
0.000000e+000  0.000000e+000  0.000000e+000  0.000000e+000  0.000000e+000  0.000000e+000  0.000000e+000  0.000000e+000  0.000000e+000  
0.000000e+000  0.000000e+000  0.000000e+000  0.000000e+000  0.000000e+000  0.000000e+000  0.000000e+000  0.000000e+000  0.000000e+000  
0.000000e+000  0.000000e+000  0.000000e+000  0.000000e+000  0.000000e+000  0.000000e+000  0.000000e+000  0.000000e+000  0.000000e+000  
0.000000e+000  0.000000e+000  0.000000e+000  0.000000e+000  0.000000e+000  0.000000e+000  0.000000e+000  0.000000e+000  0.000000e+000  
0.000000e+000  0.000000e+000  0.000000e+000  0.000000e+000  0.000000e+000  0.000000e+000  0.000000e+000  0.000000e+000  0.000000e+000  
0.000000e+000  0.000000e+000  0.000000e+000  0.000000e+000  0.000000e+000  0.000000e+000  0.000000e+000  0.000000e+000  0.000000e+000  
0.000000e+000  0.000000e+000  0.000000e+000  0.000000e+000  0.000000e+000  0.000000e+000  0.000000e+000  0.000000e+000  0.000000e+000  
0.000000e+000  0.000000e+000  0.000000e+000  0.000000e+000  0.000000e+000  0.000000e+000  0.000000e+000  0.000000e+000  0.000000e+000  
0.000000e+000  0.000000e+000  0.000000e+000  0.000000e+000  0.000000e+000  0.000000e+000  0.000000e+000  0.000000e+000  0.000000e+000  
0.000000e+000  0.000000e+000  0.000000e+000  0.000000e+000  0.000000e+000  0.000000e+000  0.000000e+000  0.000000e+000  0.000000e+000  
0.000000e+000  0.000000e+000  0.000000e+000  0.000000e+000  0.000000e+000  0.000000e+000  0.000000e+000  0.000000e+000  0.000000e+000  
0.000000e+000  0.000000e+000  0.000000e+000  0.000000e+000  0.000000e+000  0.000000e+000  0.000000e+000  0.000000e+000  0.000000e+000  
0.000000e+000  0.000000e+000  0.000000e+000  0.000000e+000  0.000000e+000  0.000000e+000  0.000000e+000  0.000000e+000  0.000000e+000  
0.000000e+000  0.000000e+000  0.000000e+000  0.000000e+000  0.000000e+000  0.000000e+000  0.000000e+000  0.000000e+000  0.000000e+000  
0.000000e+000  0.000000e+000  0.000000e+000  0.000000e+000  0.000000e+000  0.000000e+000  0.000000e+000  0.000000e+000  0.000000e+000  
0.000000e+000  0.000000e+000  0.000000e+000  0.000000e+000  0.000000e+000  0.000000e+000  0.000000e+000  0.000000e+000  0.000000e+000  
0.000000e+000  0.000000e+000  0.000000e+000  0.000000e+000  0.000000e+000  0.000000e+000  0.000000e+000  0.000000e+000  0.000000e+000  
0.000000e+000  0.000000e+000  0.000000e+000  0.000000e+000  0.000000e+000  0.000000e+000  0.000000e+000  0.000000e+000  0.000000e+000  
0.000000e+000  0.000000e+000  0.000000e+000  0.000000e+000  0.000000e+000  0.000000e+000  0.000000e+000  0.000000e+000  0.000000e+000  
0.000000e+000  0.000000e+000  0.000000e+000  0.000000e+000  0.000000e+000  0.000000e+000  0.000000e+000  0.000000e+000  0.000000e+000  
0.000000e+000  0.000000e+000  0.000000e+000  0.000000e+000  0.000000e+000  0.000000e+000  0.000000e+000  0.000000e+000  0.000000e+000  
0.000000e+000  0.000000e+000  0.000000e+000  0.000000e+000  0.000000e+000  0.000000e+000  0.000000e+000  0.000000e+000  0.000000e+000  
0.000000e+000  0.000000e+000  0.000000e+000  0.000000e+000  0.000000e+000  0.000000e+000  0.000000e+000  0.000000e+000  0.000000e+000  
0.000000e+000  0.000000e+000  0.000000e+000  0.000000e+000  0.000000e+000  0.000000e+000  0.000000e+000  0.000000e+000  0.000000e+000  
0.000000e+000  0.000000e+000  0.000000e+000  0.000000e+000  0.000000e+000  0.000000e+000  0.000000e+000  0.000000e+000  0.000000e+000  
0.000000e+000  0.000000e+000  0.000000e+000  0.000000e+000  0.000000e+000  0.000000e+000  0.000000e+000  0.000000e+000  0.000000e+000  
0.000000e+000  0.000000e+000  0.000000e+000  0.000000e+000  0.000000e+000  0.000000e+000  0.000000e+000  0.000000e+000  0.000000e+000  

0.000000e+000  0.000000e+000  0.000000e+000  0.000000e+000  0.000000e+000  0.000000e+000  0.000000e+000  0.000000e+000  0.000000e+000  
0.000000e+000  0.000000e+000  0.000000e+000  0.000000e+000  0.000000e+000  0.000000e+000  0.000000e+000  0.000000e+000  0.000000e+000  
0.000000e+000  0.000000e+000  0.000000e+000  0.000000e+000  0.000000e+000  0.000000e+000  0.000000e+000  0.000000e+000  0.000000e+000  
0.000000e+000  0.000000e+000  0.000000e+000  0.000000e+000  0.000000e+000  0.000000e+000  0.000000e+000  0.000000e+000  0.000000e+000  
0.000000e+000  0.000000e+000  0.000000e+000  0.000000e+000  0.000000e+000  0.000000e+000  0.000000e+000  0.000000e+000  0.000000e+000  
0.000000e+000  0.000000e+000  0.000000e+000  0.000000e+000  0.000000e+000  0.000000e+000  0.000000e+000  0.000000e+000  0.000000e+000  
0.000000e+000  0.000000e+000  0.000000e+000  0.000000e+000  0.000000e+000  0.000000e+000  0.000000e+000  0.000000e+000  0.000000e+000  
0.000000e+000  0.000000e+000  0.000000e+000  0.000000e+000  0.000000e+000  0.000000e+000  0.000000e+000  0.000000e+000  0.000000e+000  
0.000000e+000  0.000000e+000  0.000000e+000  0.000000e+000  0.000000e+000  0.000000e+000  0.000000e+000  0.000000e+000  0.000000e+000  
0.000000e+000  0.000000e+000  0.000000e+000  0.000000e+000  0.000000e+000  0.000000e+000  0.000000e+000  0.000000e+000  0.000000e+000  
0.000000e+000  0.000000e+000  0.000000e+000  0.000000e+000  0.000000e+000  0.000000e+000  0.000000e+000  0.000000e+000  0.000000e+000  
0.000000e+000  0.000000e+000  0.000000e+000  0.000000e+000  0.000000e+000  0.000000e+000  0.000000e+000  0.000000e+000  0.000000e+000  
0.000000e+000  0.000000e+000  0.000000e+000  0.000000e+000  0.000000e+000  0.000000e+000  0.000000e+000  0.000000e+000  0.000000e+000  
0.000000e+000  0.000000e+000  0.000000e+000  0.000000e+000  0.000000e+000  0.000000e+000  0.000000e+000  0.000000e+000  0.000000e+000  
0.000000e+000  0.000000e+000  0.000000e+000  0.000000e+000  0.000000e+000  0.000000e+000  0.000000e+000  0.000000e+000  0.000000e+000  
0.000000e+000  0.000000e+000  0.000000e+000  0.000000e+000  0.000000e+000  0.000000e+000  0.000000e+000  0.000000e+000  0.000000e+000  
0.000000e+000  0.000000e+000  0.000000e+000  0.000000e+000  0.000000e+000  0.000000e+000  0.000000e+000  0.000000e+000  0.000000e+000  
0.000000e+000  0.000000e+000  0.000000e+000  0.000000e+000  0.000000e+000  0.000000e+000  0.000000e+000  0.000000e+000  0.000000e+000  
0.000000e+000  0.000000e+000  0.000000e+000  0.000000e+000  0.000000e+000  0.000000e+000  0.000000e+000  0.000000e+000  0.000000e+000  
0.000000e+000  0.000000e+000  0.000000e+000  0.000000e+000  0.000000e+000  0.000000e+000  0.000000e+000  0.000000e+000  0.000000e+000  
0.000000e+000  0.000000e+000  0.000000e+000  0.000000e+000  0.000000e+000  0.000000e+000  0.000000e+000  0.000000e+000  0.000000e+000  
0.000000e+000  0.000000e+000  0.000000e+000  0.000000e+000  0.000000e+000  0.000000e+000  0.000000e+000  0.000000e+000  0.000000e+000  
0.000000e+000  0.000000e+000  0.000000e+000  0.000000e+000  0.000000e+000  0.000000e+000  0.000000e+000  0.000000e+000  0.000000e+000  
0.000000e+000  0.000000e+000  0.000000e+000  0.000000e+000  0.000000e+000  0.000000e+000  0.000000e+000  0.000000e+000  0.000000e+000  
0.000000e+000  0.000000e+000  0.000000e+000  0.000000e+000  0.000000e+000  0.000000e+000  0.000000e+000  0.000000e+000  0.000000e+000  
0.000000e+000  0.000000e+000  0.000000e+000  0.000000e+000  0.000000e+000  0.000000e+000  0.000000e+000  0.000000e+000  0.000000e+000  
0.000000e+000  0.000000e+000  0.000000e+000  0.000000e+000  0.000000e+000  0.000000e+000  0.000000e+000  0.000000e+000  0.000000e+000  
0.000000e+000  0.000000e+000  0.000000e+000  0.000000e+000  0.000000e+000  0.000000e+000  0.000000e+000  0.000000e+000  0.000000e+000  
0.000000e+000  0.000000e+000  0.000000e+000  0.000000e+000  0.000000e+000  0.000000e+000  0.000000e+000  0.000000e+000  0.000000e+000  
0.000000e+000  0.000000e+000  0.000000e+000  0.000000e+000  0.000000e+000  0.000000e+000  0.000000e+000  0.000000e+000  0.000000e+000  
0.000000e+000  0.000000e+000  0.000000e+000  0.000000e+000  0.000000e+000  0.000000e+000  0.000000e+000  0.000000e+000  0.000000e+000  
0.000000e+000  0.000000e+000  0.000000e+000  0.000000e+000  0.000000e+000  0.000000e+000  0.000000e+000  0.000000e+000  0.000000e+000  
0.000000e+000  0.000000e+000  0.000000e+000  0.000000e+000  0.000000e+000  0.000000e+000  0.000000e+000  0.000000e+000  0.000000e+000  
0.000000e+000  0.000000e+000  0.000000e+000  0.000000e+000  0.000000e+000  0.000000e+000  0.000000e+000  0.000000e+000  0.000000e+000  
0.000000e+000  0.000000e+000  0.000000e+000  0.000000e+000  0.000000e+000  0.000000e+000  0.000000e+000  0.000000e+000  0.000000e+000  
0.000000e+000  0.000000e+000  0.000000e+000  0.000000e+000  0.000000e+000  0.000000e+000  0.000000e+000  0.000000e+000  0.000000e+000  
0.000000e+000  0.000000e+000  0.000000e+000  0.000000e+000  0.000000e+000  0.000000e+000  0.000000e+000  0.000000e+000  0.000000e+000  
0.000000e+000  0.000000e+000  0.000000e+000  0.000000e+000  0.000000e+000  0.000000e+000  0.000000e+000  0.000000e+000  0.000000e+000  
0.000000e+000  0.000000e+000  0.000000e+000  0.000000e+000  0.000000e+000  0.000000e+000  0.000000e+000  0.000000e+000  0.000000e+000  
0.000000e+000  0.000000e+000  0.000000e+000  0.000000e+000  0.000000e+000  0.000000e+000  0.000000e+000  0.000000e+000  0.000000e+000  
0.000000e+000  0.000000e+000  0.000000e+000  0.000000e+000  0.000000e+000  0.000000e+000  0.000000e+000  0.000000e+000  0.000000e+000  
0.000000e+000  0.000000e+000  0.000000e+000  0.000000e+000  0.000000e+000  0.000000e+000  0.000000e+000  0.000000e+000  0.000000e+000  
0.000000e+000  0.000000e+000  0.000000e+000  0.000000e+000  0.000000e+000  0.000000e+000  0.000000e+000  0.000000e+000  0.000000e+000  
0.000000e+000  0.000000e+000  0.000000e+000  0.000000e+000  0.000000e+000  0.000000e+000  0.000000e+000  0.000000e+000  0.000000e+000  
0.000000e+000  0.000000e+000  0.000000e+000  0.000000e+000  0.000000e+000  0.000000e+000  0.000000e+000  0.000000e+000  0.000000e+000  
0.000000e+000  0.000000e+000  0.000000e+000  0.000000e+000  0.000000e+000  0.000000e+000  0.000000e+000  0.000000e+000  0.000000e+000  
0.000000e+000  0.000000e+000  0.000000e+000  0.000000e+000  0.000000e+000  0.000000e+000  0.000000e+000  0.000000e+000  0.000000e+000  
0.000000e+000  0.000000e+000  0.000000e+000  0.000000e+000  0.000000e+000  0.000000e+000  0.000000e+000  0.000000e+000  0.000000e+000  
0.000000e+000  0.000000e+000  0.000000e+000  0.000000e+000  0.000000e+000  0.000000e+000  0.000000e+000  0.000000e+000  0.000000e+000  
0.000000e+000  0.000000e+000  0.000000e+000  0.000000e+000  0.000000e+000  0.000000e+000  0.000000e+000  0.000000e+000  0.000000e+000  
0.000000e+000  0.000000e+000  0.000000e+000  0.000000e+000  0.000000e+000  0.000000e+000  0.000000e+000  0.000000e+000  0.000000e+000  
0.000000e+000  0.000000e+000  0.000000e+000  0.000000e+000  0.000000e+000  0.000000e+000  0.000000e+000  0.000000e+000  0.000000e+000  
0.000000e+000  0.000000e+000  0.000000e+000  0.000000e+000  0.000000e+000  0.000000e+000  0.000000e+000  0.000000e+000  0.000000e+000  
0.000000e+000  0.000000e+000  0.000000e+000  0.000000e+000  0.000000e+000  0.000000e+000  0.000000e+000  0.000000e+000  0.000000e+000  
0.000000e+000  0.000000e+000  0.000000e+000  0.000000e+000  0.000000e+000  0.000000e+000  0.000000e+000  0.000000e+000  0.000000e+000  
0.000000e+000  0.000000e+000  0.000000e+000  0.000000e+000  0.000000e+000  0.000000e+000  0.000000e+000  0.000000e+000  0.000000e+000  
0.000000e+000  0.000000e+000  0.000000e+000  0.000000e+000  0.000000e+000  0.000000e+000  0.000000e+000  0.000000e+000  0.000000e+000  
0.000000e+000  0.000000e+000  0.000000e+000  0.000000e+000  0.000000e+000  0.000000e+000  0.000000e+000  0.000000e+000  0.000000e+000  
0.000000e+000  0.000000e+000  0.000000e+000  0.000000e+000  0.000000e+000  0.000000e+000  0.000000e+000  0.000000e+000  0.000000e+000  
0.000000e+000  0.000000e+000  0.000000e+000  0.000000e+000  0.000000e+000  0.000000e+000  0.000000e+000  0.000000e+000  0.000000e+000  
0.000000e+000  0.000000e+000  0.000000e+000  0.000000e+000  0.000000e+000  0.000000e+000  0.000000e+000  0.000000e+000  0.000000e+000  
0.000000e+000  0.000000e+000  0.000000e+000  0.000000e+000  0.000000e+000  0.000000e+000  0.000000e+000  0.000000e+000  0.000000e+000  
0.000000e+000  0.000000e+000  0.000000e+000  0.000000e+000  0.000000e+000  0.000000e+000  0.000000e+000  0.000000e+000  0.000000e+000  
0.000000e+000  0.000000e+000  0.000000e+000  0.000000e+000  0.000000e+000  0.000000e+000  0.000000e+000  0.000000e+000  0.000000e+000  
0.000000e+000  0.000000e+000  0.000000e+000  0.000000e+000  0.000000e+000  0.000000e+000  0.000000e+000  0.000000e+000  0.000000e+000  
0.000000e+000  0.000000e+000  0.000000e+000  0.000000e+000  0.000000e+000  0.000000e+000  0.000000e+000  0.000000e+000  0.000000e+000  
0.000000e+000  0.000000e+000  0.000000e+000  0.000000e+000  0.000000e+000  0.000000e+000  0.000000e+000  0.000000e+000  0.000000e+000  
0.000000e+000  0.000000e+000  0.000000e+000  0.000000e+000  0.000000e+000  0.000000e+000  0.000000e+000  0.000000e+000  0.000000e+000  
0.000000e+000  0.000000e+000  0.000000e+000  0.000000e+000  0.000000e+000  0.000000e+000  0.000000e+000  0.000000e+000  0.000000e+000  
0.000000e+000  0.000000e+000  0.000000e+000  0.000000e+000  0.000000e+000  0.000000e+000  0.000000e+000  0.000000e+000  0.000000e+000  
0.000000e+000  0.000000e+000  0.000000e+000  0.000000e+000  0.000000e+000  0.000000e+000  0.000000e+000  0.000000e+000  0.000000e+000  
0.000000e+000  0.000000e+000  0.000000e+000  0.000000e+000  0.000000e+000  0.000000e+000  0.000000e+000  0.000000e+000  0.000000e+000  
0.000000e+000  0.000000e+000  0.000000e+000  0.000000e+000  0.000000e+000  0.000000e+000  0.000000e+000  0.000000e+000  0.000000e+000  
0.000000e+000  0.000000e+000  0.000000e+000  0.000000e+000  0.000000e+000  0.000000e+000  0.000000e+000  0.000000e+000  0.000000e+000  
0.000000e+000  0.000000e+000  0.000000e+000  0.000000e+000  0.000000e+000  0.000000e+000  0.000000e+000  0.000000e+000  0.000000e+000  
0.000000e+000  0.000000e+000  0.000000e+000  0.000000e+000  0.000000e+000  0.000000e+000  0.000000e+000  0.000000e+000  0.000000e+000  
0.000000e+000  0.000000e+000  0.000000e+000  0.000000e+000  0.000000e+000  0.000000e+000  0.000000e+000  0.000000e+000  0.000000e+000  
0.000000e+000  0.000000e+000  0.000000e+000  0.000000e+000  0.000000e+000  0.000000e+000  0.000000e+000  0.000000e+000  0.000000e+000  
0.000000e+000  0.000000e+000  0.000000e+000  0.000000e+000  0.000000e+000  0.000000e+000  0.000000e+000  0.000000e+000  0.000000e+000  
0.000000e+000  0.000000e+000  0.000000e+000  0.000000e+000  0.000000e+000  0.000000e+000  0.000000e+000  0.000000e+000  0.000000e+000  
0.000000e+000  0.000000e+000  0.000000e+000  0.000000e+000  0.000000e+000  0.000000e+000  0.000000e+000  0.000000e+000  0.000000e+000  
0.000000e+000  0.000000e+000  0.000000e+000  0.000000e+000  0.000000e+000  0.000000e+000  0.000000e+000  0.000000e+000  0.000000e+000  
0.000000e+000  0.000000e+000  0.000000e+000  0.000000e+000  0.000000e+000  0.000000e+000  0.000000e+000  0.000000e+000  0.000000e+000  
0.000000e+000  0.000000e+000  0.000000e+000  0.000000e+000  0.000000e+000  0.000000e+000  0.000000e+000  0.000000e+000  0.000000e+000  
0.000000e+000  0.000000e+000  0.000000e+000  0.000000e+000  0.000000e+000  0.000000e+000  0.000000e+000  0.000000e+000  0.000000e+000  
0.000000e+000  0.000000e+000  0.000000e+000  0.000000e+000  0.000000e+000  0.000000e+000  0.000000e+000  0.000000e+000  0.000000e+000  
0.000000e+000  0.000000e+000  0.000000e+000  0.000000e+000  0.000000e+000  0.000000e+000  0.000000e+000  0.000000e+000  0.000000e+000  
0.000000e+000  0.000000e+000  0.000000e+000  0.000000e+000  0.000000e+000  0.000000e+000  0.000000e+000  0.000000e+000  0.000000e+000  
0.000000e+000  0.000000e+000  0.000000e+000  0.000000e+000  0.000000e+000  0.000000e+000  0.000000e+000  0.000000e+000  0.000000e+000  
0.000000e+000  0.000000e+000  0.000000e+000  0.000000e+000  0.000000e+000  0.000000e+000  0.000000e+000  0.000000e+000  0.000000e+000  
0.000000e+000  0.000000e+000  0.000000e+000  0.000000e+000  0.000000e+000  0.000000e+000  0.000000e+000  0.000000e+000  0.000000e+000  
0.000000e+000  0.000000e+000  0.000000e+000  0.000000e+000  0.000000e+000  0.000000e+000  0.000000e+000  0.000000e+000  0.000000e+000  
0.000000e+000  0.000000e+000  0.000000e+000  0.000000e+000  0.000000e+000  0.000000e+000  0.000000e+000  0.000000e+000  0.000000e+000  
0.000000e+000  0.000000e+000  0.000000e+000  0.000000e+000  0.000000e+000  0.000000e+000  0.000000e+000  0.000000e+000  0.000000e+000  
0.000000e+000  0.000000e+000  0.000000e+000  0.000000e+000  0.000000e+000  0.000000e+000  0.000000e+000  0.000000e+000  0.000000e+000  
0.000000e+000  0.000000e+000  0.000000e+000  0.000000e+000  0.000000e+000  0.000000e+000  0.000000e+000  0.000000e+000  0.000000e+000  

0.000000e+000  0.000000e+000  0.000000e+000  0.000000e+000  0.000000e+000  0.000000e+000  0.000000e+000  0.000000e+000  0.000000e+000  
0.000000e+000  0.000000e+000  0.000000e+000  0.000000e+000  0.000000e+000  0.000000e+000  0.000000e+000  0.000000e+000  0.000000e+000  
0.000000e+000  0.000000e+000  0.000000e+000  0.000000e+000  0.000000e+000  0.000000e+000  0.000000e+000  0.000000e+000  0.000000e+000  
0.000000e+000  0.000000e+000  0.000000e+000  0.000000e+000  0.000000e+000  0.000000e+000  0.000000e+000  0.000000e+000  0.000000e+000  
0.000000e+000  0.000000e+000  0.000000e+000  0.000000e+000  0.000000e+000  0.000000e+000  0.000000e+000  0.000000e+000  0.000000e+000  
0.000000e+000  0.000000e+000  0.000000e+000  0.000000e+000  0.000000e+000  0.000000e+000  0.000000e+000  0.000000e+000  0.000000e+000  
0.000000e+000  0.000000e+000  0.000000e+000  0.000000e+000  0.000000e+000  0.000000e+000  0.000000e+000  0.000000e+000  0.000000e+000  
0.000000e+000  0.000000e+000  0.000000e+000  0.000000e+000  0.000000e+000  0.000000e+000  0.000000e+000  0.000000e+000  0.000000e+000  
0.000000e+000  0.000000e+000  0.000000e+000  0.000000e+000  0.000000e+000  0.000000e+000  0.000000e+000  0.000000e+000  0.000000e+000  
0.000000e+000  0.000000e+000  0.000000e+000  0.000000e+000  0.000000e+000  0.000000e+000  0.000000e+000  0.000000e+000  0.000000e+000  
0.000000e+000  0.000000e+000  0.000000e+000  0.000000e+000  0.000000e+000  0.000000e+000  0.000000e+000  0.000000e+000  0.000000e+000  
0.000000e+000  0.000000e+000  0.000000e+000  0.000000e+000  0.000000e+000  0.000000e+000  0.000000e+000  0.000000e+000  0.000000e+000  
0.000000e+000  0.000000e+000  0.000000e+000  0.000000e+000  0.000000e+000  0.000000e+000  0.000000e+000  0.000000e+000  0.000000e+000  
0.000000e+000  0.000000e+000  0.000000e+000  0.000000e+000  0.000000e+000  0.000000e+000  0.000000e+000  0.000000e+000  0.000000e+000  
0.000000e+000  0.000000e+000  0.000000e+000  0.000000e+000  0.000000e+000  0.000000e+000  0.000000e+000  0.000000e+000  0.000000e+000  
0.000000e+000  0.000000e+000  0.000000e+000  0.000000e+000  0.000000e+000  0.000000e+000  0.000000e+000  0.000000e+000  0.000000e+000  
0.000000e+000  0.000000e+000  0.000000e+000  0.000000e+000  0.000000e+000  0.000000e+000  0.000000e+000  0.000000e+000  0.000000e+000  
0.000000e+000  0.000000e+000  0.000000e+000  0.000000e+000  0.000000e+000  0.000000e+000  0.000000e+000  0.000000e+000  0.000000e+000  
0.000000e+000  0.000000e+000  0.000000e+000  0.000000e+000  0.000000e+000  0.000000e+000  0.000000e+000  0.000000e+000  0.000000e+000  
0.000000e+000  0.000000e+000  0.000000e+000  0.000000e+000  0.000000e+000  0.000000e+000  0.000000e+000  0.000000e+000  0.000000e+000  
0.000000e+000  0.000000e+000  0.000000e+000  0.000000e+000  0.000000e+000  0.000000e+000  0.000000e+000  0.000000e+000  0.000000e+000  
0.000000e+000  0.000000e+000  0.000000e+000  0.000000e+000  0.000000e+000  0.000000e+000  0.000000e+000  0.000000e+000  0.000000e+000  
0.000000e+000  0.000000e+000  0.000000e+000  0.000000e+000  0.000000e+000  0.000000e+000  0.000000e+000  0.000000e+000  0.000000e+000  
0.000000e+000  0.000000e+000  0.000000e+000  0.000000e+000  0.000000e+000  0.000000e+000  0.000000e+000  0.000000e+000  0.000000e+000  
0.000000e+000  0.000000e+000  0.000000e+000  0.000000e+000  0.000000e+000  0.000000e+000  0.000000e+000  0.000000e+000  0.000000e+000  
0.000000e+000  0.000000e+000  0.000000e+000  0.000000e+000  0.000000e+000  0.000000e+000  0.000000e+000  0.000000e+000  0.000000e+000  
0.000000e+000  0.000000e+000  0.000000e+000  0.000000e+000  0.000000e+000  0.000000e+000  0.000000e+000  0.000000e+000  0.000000e+000  
0.000000e+000  0.000000e+000  0.000000e+000  0.000000e+000  0.000000e+000  0.000000e+000  0.000000e+000  0.000000e+000  0.000000e+000  
0.000000e+000  0.000000e+000  0.000000e+000  0.000000e+000  0.000000e+000  0.000000e+000  0.000000e+000  0.000000e+000  0.000000e+000  
0.000000e+000  0.000000e+000  0.000000e+000  0.000000e+000  0.000000e+000  0.000000e+000  0.000000e+000  0.000000e+000  0.000000e+000  
0.000000e+000  0.000000e+000  0.000000e+000  0.000000e+000  0.000000e+000  0.000000e+000  0.000000e+000  0.000000e+000  0.000000e+000  
0.000000e+000  0.000000e+000  0.000000e+000  0.000000e+000  0.000000e+000  0.000000e+000  0.000000e+000  0.000000e+000  0.000000e+000  
0.000000e+000  0.000000e+000  0.000000e+000  0.000000e+000  0.000000e+000  0.000000e+000  0.000000e+000  0.000000e+000  0.000000e+000  
0.000000e+000  0.000000e+000  0.000000e+000  0.000000e+000  0.000000e+000  0.000000e+000  0.000000e+000  0.000000e+000  0.000000e+000  
0.000000e+000  0.000000e+000  0.000000e+000  0.000000e+000  0.000000e+000  0.000000e+000  0.000000e+000  0.000000e+000  0.000000e+000  
0.000000e+000  0.000000e+000  0.000000e+000  0.000000e+000  0.000000e+000  0.000000e+000  0.000000e+000  0.000000e+000  0.000000e+000  
0.000000e+000  0.000000e+000  0.000000e+000  0.000000e+000  0.000000e+000  0.000000e+000  0.000000e+000  0.000000e+000  0.000000e+000  
0.000000e+000  0.000000e+000  0.000000e+000  0.000000e+000  0.000000e+000  0.000000e+000  0.000000e+000  0.000000e+000  0.000000e+000  
0.000000e+000  0.000000e+000  0.000000e+000  0.000000e+000  0.000000e+000  0.000000e+000  0.000000e+000  0.000000e+000  0.000000e+000  
0.000000e+000  0.000000e+000  0.000000e+000  0.000000e+000  0.000000e+000  0.000000e+000  0.000000e+000  0.000000e+000  0.000000e+000  
0.000000e+000  0.000000e+000  0.000000e+000  0.000000e+000  0.000000e+000  0.000000e+000  0.000000e+000  0.000000e+000  0.000000e+000  
0.000000e+000  0.000000e+000  0.000000e+000  0.000000e+000  0.000000e+000  0.000000e+000  0.000000e+000  0.000000e+000  0.000000e+000  
0.000000e+000  0.000000e+000  0.000000e+000  0.000000e+000  0.000000e+000  0.000000e+000  0.000000e+000  0.000000e+000  0.000000e+000  
0.000000e+000  0.000000e+000  0.000000e+000  0.000000e+000  0.000000e+000  0.000000e+000  0.000000e+000  0.000000e+000  0.000000e+000  
0.000000e+000  0.000000e+000  0.000000e+000  0.000000e+000  0.000000e+000  0.000000e+000  0.000000e+000  0.000000e+000  0.000000e+000  
0.000000e+000  0.000000e+000  0.000000e+000  0.000000e+000  0.000000e+000  0.000000e+000  0.000000e+000  0.000000e+000  0.000000e+000  
0.000000e+000  0.000000e+000  0.000000e+000  0.000000e+000  0.000000e+000  0.000000e+000  0.000000e+000  0.000000e+000  0.000000e+000  
0.000000e+000  0.000000e+000  0.000000e+000  0.000000e+000  0.000000e+000  0.000000e+000  0.000000e+000  0.000000e+000  0.000000e+000  
0.000000e+000  0.000000e+000  0.000000e+000  0.000000e+000  0.000000e+000  0.000000e+000  0.000000e+000  0.000000e+000  0.000000e+000  
0.000000e+000  0.000000e+000  0.000000e+000  0.000000e+000  0.000000e+000  0.000000e+000  0.000000e+000  0.000000e+000  0.000000e+000  
0.000000e+000  0.000000e+000  0.000000e+000  0.000000e+000  0.000000e+000  0.000000e+000  0.000000e+000  0.000000e+000  0.000000e+000  
0.000000e+000  0.000000e+000  0.000000e+000  0.000000e+000  0.000000e+000  0.000000e+000  0.000000e+000  0.000000e+000  0.000000e+000  
0.000000e+000  0.000000e+000  0.000000e+000  0.000000e+000  0.000000e+000  0.000000e+000  0.000000e+000  0.000000e+000  0.000000e+000  
0.000000e+000  0.000000e+000  0.000000e+000  0.000000e+000  0.000000e+000  0.000000e+000  0.000000e+000  0.000000e+000  0.000000e+000  
0.000000e+000  0.000000e+000  0.000000e+000  0.000000e+000  0.000000e+000  0.000000e+000  0.000000e+000  0.000000e+000  0.000000e+000  
0.000000e+000  0.000000e+000  0.000000e+000  0.000000e+000  0.000000e+000  0.000000e+000  0.000000e+000  0.000000e+000  0.000000e+000  
0.000000e+000  0.000000e+000  0.000000e+000  0.000000e+000  0.000000e+000  0.000000e+000  0.000000e+000  0.000000e+000  0.000000e+000  
0.000000e+000  0.000000e+000  0.000000e+000  0.000000e+000  0.000000e+000  0.000000e+000  0.000000e+000  0.000000e+000  0.000000e+000  
0.000000e+000  0.000000e+000  0.000000e+000  0.000000e+000  0.000000e+000  0.000000e+000  0.000000e+000  0.000000e+000  0.000000e+000  
0.000000e+000  0.000000e+000  0.000000e+000  0.000000e+000  0.000000e+000  0.000000e+000  0.000000e+000  0.000000e+000  0.000000e+000  
0.000000e+000  0.000000e+000  0.000000e+000  0.000000e+000  0.000000e+000  0.000000e+000  0.000000e+000  0.000000e+000  0.000000e+000  
0.000000e+000  0.000000e+000  0.000000e+000  0.000000e+000  0.000000e+000  0.000000e+000  0.000000e+000  0.000000e+000  0.000000e+000  
0.000000e+000  0.000000e+000  0.000000e+000  0.000000e+000  0.000000e+000  0.000000e+000  0.000000e+000  0.000000e+000  0.000000e+000  
0.000000e+000  0.000000e+000  0.000000e+000  0.000000e+000  0.000000e+000  0.000000e+000  0.000000e+000  0.000000e+000  0.000000e+000  
0.000000e+000  0.000000e+000  0.000000e+000  0.000000e+000  0.000000e+000  0.000000e+000  0.000000e+000  0.000000e+000  0.000000e+000  
0.000000e+000  0.000000e+000  0.000000e+000  0.000000e+000  0.000000e+000  0.000000e+000  0.000000e+000  0.000000e+000  0.000000e+000  
0.000000e+000  0.000000e+000  0.000000e+000  0.000000e+000  0.000000e+000  0.000000e+000  0.000000e+000  0.000000e+000  0.000000e+000  
0.000000e+000  0.000000e+000  0.000000e+000  0.000000e+000  0.000000e+000  0.000000e+000  0.000000e+000  0.000000e+000  0.000000e+000  
0.000000e+000  0.000000e+000  0.000000e+000  0.000000e+000  0.000000e+000  0.000000e+000  0.000000e+000  0.000000e+000  0.000000e+000  
0.000000e+000  0.000000e+000  0.000000e+000  0.000000e+000  0.000000e+000  0.000000e+000  0.000000e+000  0.000000e+000  0.000000e+000  
0.000000e+000  0.000000e+000  0.000000e+000  0.000000e+000  0.000000e+000  0.000000e+000  0.000000e+000  0.000000e+000  0.000000e+000  
0.000000e+000  0.000000e+000  0.000000e+000  0.000000e+000  0.000000e+000  0.000000e+000  0.000000e+000  0.000000e+000  0.000000e+000  
0.000000e+000  0.000000e+000  0.000000e+000  0.000000e+000  0.000000e+000  0.000000e+000  0.000000e+000  0.000000e+000  0.000000e+000  
0.000000e+000  0.000000e+000  0.000000e+000  0.000000e+000  0.000000e+000  0.000000e+000  0.000000e+000  0.000000e+000  0.000000e+000  
0.000000e+000  0.000000e+000  0.000000e+000  0.000000e+000  0.000000e+000  0.000000e+000  0.000000e+000  0.000000e+000  0.000000e+000  
0.000000e+000  0.000000e+000  0.000000e+000  0.000000e+000  0.000000e+000  0.000000e+000  0.000000e+000  0.000000e+000  0.000000e+000  
0.000000e+000  0.000000e+000  0.000000e+000  0.000000e+000  0.000000e+000  0.000000e+000  0.000000e+000  0.000000e+000  0.000000e+000  
0.000000e+000  0.000000e+000  0.000000e+000  0.000000e+000  0.000000e+000  0.000000e+000  0.000000e+000  0.000000e+000  0.000000e+000  
0.000000e+000  0.000000e+000  0.000000e+000  0.000000e+000  0.000000e+000  0.000000e+000  0.000000e+000  0.000000e+000  0.000000e+000  
0.000000e+000  0.000000e+000  0.000000e+000  0.000000e+000  0.000000e+000  0.000000e+000  0.000000e+000  0.000000e+000  0.000000e+000  
0.000000e+000  0.000000e+000  0.000000e+000  0.000000e+000  0.000000e+000  0.000000e+000  0.000000e+000  0.000000e+000  0.000000e+000  
0.000000e+000  0.000000e+000  0.000000e+000  0.000000e+000  0.000000e+000  0.000000e+000  0.000000e+000  0.000000e+000  0.000000e+000  
0.000000e+000  0.000000e+000  0.000000e+000  0.000000e+000  0.000000e+000  0.000000e+000  0.000000e+000  0.000000e+000  0.000000e+000  
0.000000e+000  0.000000e+000  0.000000e+000  0.000000e+000  0.000000e+000  0.000000e+000  0.000000e+000  0.000000e+000  0.000000e+000  
0.000000e+000  0.000000e+000  0.000000e+000  0.000000e+000  0.000000e+000  0.000000e+000  0.000000e+000  0.000000e+000  0.000000e+000  
0.000000e+000  0.000000e+000  0.000000e+000  0.000000e+000  0.000000e+000  0.000000e+000  0.000000e+000  0.000000e+000  0.000000e+000  
0.000000e+000  0.000000e+000  0.000000e+000  0.000000e+000  0.000000e+000  0.000000e+000  0.000000e+000  0.000000e+000  0.000000e+000  
0.000000e+000  0.000000e+000  0.000000e+000  0.000000e+000  0.000000e+000  0.000000e+000  0.000000e+000  0.000000e+000  0.000000e+000  
0.000000e+000  0.000000e+000  0.000000e+000  0.000000e+000  0.000000e+000  0.000000e+000  0.000000e+000  0.000000e+000  0.000000e+000  
0.000000e+000  0.000000e+000  0.000000e+000  0.000000e+000  0.000000e+000  0.000000e+000  0.000000e+000  0.000000e+000  0.000000e+000  
0.000000e+000  0.000000e+000  0.000000e+000  0.000000e+000  0.000000e+000  0.000000e+000  0.000000e+000  0.000000e+000  0.000000e+000  
0.000000e+000  0.000000e+000  0.000000e+000  0.000000e+000  0.000000e+000  0.000000e+000  0.000000e+000  0.000000e+000  0.000000e+000  
0.000000e+000  0.000000e+000  0.000000e+000  0.000000e+000  0.000000e+000  0.000000e+000  0.000000e+000  0.000000e+000  0.000000e+000  
0.000000e+000  0.000000e+000  0.000000e+000  0.000000e+000  0.000000e+000  0.000000e+000  0.000000e+000  0.000000e+000  0.000000e+000  
0.000000e+000  0.000000e+000  0.000000e+000  0.000000e+000  0.000000e+000  0.000000e+000  0.000000e+000  0.000000e+000  0.000000e+000  
0.000000e+000  0.000000e+000  0.000000e+000  0.000000e+000  0.000000e+000  0.000000e+000  0.000000e+000  0.000000e+000  0.000000e+000  

0.000000e+000  -2.536088e-012  -4.586981e-012  -6.916148e-012  2.055533e-011  2.233101e-011  2.138440e-011  6.900135e-012  0.000000e+000  
6.146221e-012  7.187932e-012  0.000000e+000  1.234913e-010  3.295355e-011  3.436703e-011  3.179868e-011  2.253289e-011  0.000000e+000  
3.056200e-011  3.905196e-011  3.005470e-011  4.103840e-011  4.800189e-011  4.925161e-011  4.482900e-011  3.114525e-011  0.000000e+000  
5.845850e-012  6.388403e-011  1.503165e-010  6.477966e-011  7.153329e-011  7.076835e-011  6.311174e-011  4.283173e-011  0.000000e+000  
7.916231e-011  1.121992e-011  1.025734e-010  1.067643e-010  1.072785e-010  1.012484e-010  8.816122e-011  5.847172e-011  0.000000e+000  
-4.696830e-011  5.698918e-011  1.620955e-010  1.594805e-010  1.546698e-010  1.416024e-010  1.213205e-010  7.905569e-011  0.000000e+000  
0.000000e+000  0.000000e+000  2.259284e-010  2.221413e-010  2.120735e-010  1.918970e-010  1.632510e-010  1.052823e-010  0.000000e+000  
0.000000e+000  0.000000e+000  3.656424e-010  3.579632e-010  3.405283e-010  3.062366e-010  2.588866e-010  1.656619e-010  0.000000e+000  
0.000000e+000  0.000000e+000  7.330068e-010  7.176978e-010  6.822399e-010  6.127692e-010  5.173432e-010  3.304570e-010  0.000000e+000  
0.000000e+000  0.000000e+000  1.469121e-009  1.438356e-009  1.367244e-009  1.227801e-009  1.036494e-009  6.618550e-010  0.000000e+000  
0.000000e+000  0.000000e+000  2.917810e-009  2.856876e-009  2.715433e-009  2.438346e-009  2.058222e-009  1.314221e-009  0.000000e+000  
0.000000e+000  0.000000e+000  5.781268e-009  5.660630e-009  5.380191e-009  4.830843e-009  4.077559e-009  2.603336e-009  0.000000e+000  
0.000000e+000  0.000000e+000  1.144618e-008  1.120747e-008  1.065176e-008  9.563422e-009  8.071733e-009  5.152934e-009  0.000000e+000  
0.000000e+000  0.000000e+000  2.265331e-008  2.218127e-008  2.108072e-008  1.892520e-008  1.597213e-008  1.019565e-008  0.000000e+000  
0.000000e+000  0.000000e+000  4.482037e-008  4.388724e-008  4.170795e-008  3.743980e-008  3.159551e-008  2.016661e-008  0.000000e+000  
0.000000e+000  0.000000e+000  8.865326e-008  8.680937e-008  8.249481e-008  7.404527e-008  6.248199e-008  3.987633e-008  0.000000e+000  
0.000000e+000  0.000000e+000  1.752998e-007  1.716571e-007  1.631173e-007  1.463938e-007  1.235217e-007  7.882260e-008  0.000000e+000  
0.000000e+000  0.000000e+000  3.465156e-007  3.393232e-007  3.224241e-007  2.893324e-007  2.441053e-007  1.557496e-007  0.000000e+000  
0.000000e+000  0.000000e+000  6.847085e-007  6.705134e-007  6.370813e-007  5.716189e-007  4.822165e-007  3.076298e-007  0.000000e+000  
0.000000e+000  0.000000e+000  1.352430e-006  1.324429e-006  1.258308e-006  1.128847e-006  9.521850e-007  6.073488e-007  0.000000e+000  
0.000000e+000  0.000000e+000  2.670132e-006  2.614929e-006  2.484198e-006  2.228252e-006  1.879303e-006  1.198498e-006  0.000000e+000  
0.000000e+000  0.000000e+000  5.179601e-006  5.072686e-006  4.818696e-006  4.321476e-006  3.644235e-006  2.323615e-006  0.000000e+000  
0.000000e+000  0.000000e+000  8.327712e-006  8.156044e-006  7.747150e-006  6.946739e-006  5.857418e-006  3.734172e-006  0.000000e+000  
0.000000e+000  0.000000e+000  1.054468e-005  1.032745e-005  9.809380e-006  8.795288e-006  7.415693e-006  4.727227e-006  0.000000e+000  
0.000000e+000  0.000000e+000  1.338409e-005  1.310855e-005  1.245054e-005  1.116256e-005  9.411093e-006  5.998722e-006  0.000000e+000  
0.000000e+000  0.000000e+000  1.700089e-005  1.665115e-005  1.581473e-005  1.417761e-005  1.195233e-005  7.617867e-006  0.000000e+000  
0.000000e+000  0.000000e+000  2.159440e-005  2.115050e-005  2.008730e-005  1.800639e-005  1.517918e-005  9.673637e-006  0.000000e+000  
0.000000e+000  0.000000e+000  2.744283e-005  2.687915e-005  2.552698e-005  2.288058e-005  1.928679e-005  1.229023e-005  0.000000e+000  
0.000000e+000  0.000000e+000  4.069065e-005  3.985590e-005  3.784855e-005  3.392011e-005  2.858935e-005  1.821542e-005  0.000000e+000  
0.000000e+000  0.000000e+000  7.680714e-005  7.523508e-005  7.143764e-005  6.400681e-005  5.393727e-005  3.435613e-005  0.000000e+000  
0.000000e+000  0.000000e+000  1.492765e-004  1.462292e-004  1.388301e-004  1.243534e-004  1.047669e-004  6.671166e-005  0.000000e+000  
0.000000e+000  0.000000e+000  2.891143e-004  2.832293e-004  2.688591e-004  2.407472e-004  2.027780e-004  1.290764e-004  0.000000e+000  
0.000000e+000  0.000000e+000  5.590352e-004  5.476924e-004  5.198203e-004  4.653038e-004  3.918117e-004  2.493062e-004  0.000000e+000  
0.000000e+000  0.000000e+000  1.079647e-003  1.057818e-003  1.003804e-003  8.981744e-004  7.560794e-004  4.808724e-004  0.000000e+000  
0.000000e+000  0.000000e+000  2.082621e-003  2.040676e-003  1.936078e-003  1.731568e-003  1.457109e-003  9.262515e-004  0.000000e+000  
0.000000e+000  0.000000e+000  4.012305e-003  3.931830e-003  3.729397e-003  3.333708e-003  2.804111e-003  1.781364e-003  0.000000e+000  
0.000000e+000  0.000000e+000  7.719656e-003  7.565458e-003  7.173786e-003  6.408483e-003  5.387436e-003  3.419453e-003  0.000000e+000  
0.000000e+000  0.000000e+000  1.483255e-002  1.453724e-002  1.377885e-002  1.229790e-002  1.032998e-002  6.547273e-003  0.000000e+000  
0.000000e+000  0.000000e+000  2.846651e-002  2.789989e-002  2.642612e-002  2.355168e-002  1.975405e-002  1.248685e-002  0.000000e+000  
0.000000e+000  0.000000e+000  5.461261e-002  5.351664e-002  5.062063e-002  4.498735e-002  3.761882e-002  2.364148e-002  0.000000e+000  
0.000000e+000  0.000000e+000  1.049688e-001  1.028039e-001  9.693861e-002  8.559852e-002  7.107328e-002  4.406126e-002  0.000000e+000  
0.000000e+000  0.000000e+000  2.032059e-001  1.987849e-001  1.860009e-001  1.615634e-001  1.318030e-001  7.906640e-002  0.000000e+000  
0.000000e+000  0.000000e+000  3.911518e-001  3.829072e-001  3.514824e-001  2.918166e-001  2.275787e-001  1.262703e-001  0.000000e+000  
0.000000e+000  0.000000e+000  6.224097e-001  6.221176e-001  5.516948e-001  4.130385e-001  2.944334e-001  1.431734e-001  0.000000e+000  
0.000000e+000  0.000000e+000  7.515595e-001  7.862036e-001  6.786213e-001  4.589735e-001  3.045670e-001  1.360989e-001  0.000000e+000  
0.000000e+000  0.000000e+000  7.764180e-001  9.247110e-001  7.627031e-001  4.269532e-001  2.563123e-001  1.044758e-001  0.000000e+000  
0.000000e+000  0.000000e+000  4.109371e-001  4.662805e-001  3.693687e-001  2.208320e-001  1.330105e-001  5.298769e-002  0.000000e+000  
0.000000e+000  0.000000e+000  0.000000e+000  0.000000e+000  0.000000e+000  0.000000e+000  0.000000e+000  0.000000e+000  0.000000e+000  
0.000000e+000  0.000000e+000  -4.109371e-001  -4.662805e-001  -3.693687e-001  -2.208320e-001  -1.330105e-001  -5.298769e-002  0.000000e+000  
0.000000e+000  0.000000e+000  -7.764180e-001  -9.247110e-001  -7.627031e-001  -4.269532e-001  -2.563123e-001  -1.044758e-001  0.000000e+000  
0.000000e+000  0.000000e+000  -7.515595e-001  -7.862036e-001  -6.786213e-001  -4.589735e-001  -3.045670e-001  -1.360989e-001  0.000000e+000  
0.000000e+000  0.000000e+000  -6.224097e-001  -6.221176e-001  -5.516948e-001  -4.130385e-001  -2.944334e-001  -1.431734e-001  0.000000e+000  
0.000000e+000  0.000000e+000  -3.911518e-001  -3.829072e-001  -3.514824e-001  -2.918166e-001  -2.275787e-001  -1.262703e-001  0.000000e+000  
0.000000e+000  0.000000e+000  -2.032059e-001  -1.987849e-001  -1.860009e-001  -1.615634e-001  -1.318030e-001  -7.906640e-002  0.000000e+000  
0.000000e+000  0.000000e+000  -1.049688e-001  -1.028039e-001  -9.693861e-002  -8.559852e-002  -7.107328e-002  -4.406126e-002  0.000000e+000  
0.000000e+000  0.000000e+000  -5.461261e-002  -5.351664e-002  -5.062063e-002  -4.498735e-002  -3.761882e-002  -2.364148e-002  0.000000e+000  
0.000000e+000  0.000000e+000  -2.846651e-002  -2.789989e-002  -2.642612e-002  -2.355168e-002  -1.975405e-002  -1.248685e-002  0.000000e+000  
0.000000e+000  0.000000e+000  -1.483255e-002  -1.453724e-002  -1.377885e-002  -1.229790e-002  -1.032998e-002  -6.547273e-003  0.000000e+000  
0.000000e+000  0.000000e+000  -7.719656e-003  -7.565458e-003  -7.173786e-003  -6.408483e-003  -5.387436e-003  -3.419453e-003  0.000000e+000  
0.000000e+000  0.000000e+000  -4.012305e-003  -3.931830e-003  -3.729397e-003  -3.333708e-003  -2.804111e-003  -1.781364e-003  0.000000e+000  
0.000000e+000  0.000000e+000  -2.082621e-003  -2.040676e-003  -1.936078e-003  -1.731568e-003  -1.457109e-003  -9.262515e-004  0.000000e+000  
0.000000e+000  0.000000e+000  -1.079647e-003  -1.057818e-003  -1.003804e-003  -8.981744e-004  -7.560794e-004  -4.808724e-004  0.000000e+000  
0.000000e+000  0.000000e+000  -5.590352e-004  -5.476924e-004  -5.198203e-004  -4.653038e-004  -3.918117e-004  -2.493062e-004  0.000000e+000  
0.000000e+000  0.000000e+000  -2.891143e-004  -2.832293e-004  -2.688591e-004  -2.407472e-004  -2.027780e-004  -1.290764e-004  0.000000e+000  
0.000000e+000  0.000000e+000  -1.492765e-004  -1.462292e-004  -1.388301e-004  -1.243534e-004  -1.047669e-004  -6.671166e-005  0.000000e+000  
0.000000e+000  0.000000e+000  -7.680714e-005  -7.523508e-005  -7.143764e-005  -6.400681e-005  -5.393727e-005  -3.435613e-005  0.000000e+000  
0.000000e+000  0.000000e+000  -4.069065e-005  -3.985590e-005  -3.784855e-005  -3.392011e-005  -2.858935e-005  -1.821542e-005  0.000000e+000  
0.000000e+000  0.000000e+000  -2.744283e-005  -2.687916e-005  -2.552698e-005  -2.288058e-005  -1.928679e-005  -1.229023e-005  0.000000e+000  
0.000000e+000  0.000000e+000  -2.159440e-005  -2.115050e-005  -2.008730e-005  -1.800639e-005  -1.517918e-005  -9.673637e-006  0.000000e+000  
0.000000e+000  0.000000e+000  -1.700089e-005  -1.665115e-005  -1.581473e-005  -1.417761e-005  -1.195233e-005  -7.617867e-006  0.000000e+000  
0.000000e+000  0.000000e+000  -1.338409e-005  -1.310855e-005  -1.245054e-005  -1.116256e-005  -9.411093e-006  -5.998722e-006  0.000000e+000  
0.000000e+000  0.000000e+000  -1.054468e-005  -1.032745e-005  -9.809381e-006  -8.795288e-006  -7.415693e-006  -4.727227e-006  0.000000e+000  
0.000000e+000  0.000000e+000  -8.327712e-006  -8.156045e-006  -7.747150e-006  -6.946740e-006  -5.857418e-006  -3.734172e-006  0.000000e+000  
0.000000e+000  0.000000e+000  -5.179601e-006  -5.072687e-006  -4.818696e-006  -4.321476e-006  -3.644235e-006  -2.323615e-006  0.000000e+000  
0.000000e+000  0.000000e+000  -2.670132e-006  -2.614929e-006  -2.484198e-006  -2.228252e-006  -1.879303e-006  -1.198498e-006  0.000000e+000  
0.000000e+000  0.000000e+000  -1.352430e-006  -1.324429e-006  -1.258308e-006  -1.128847e-006  -9.521850e-007  -6.073488e-007  0.000000e+000  
0.000000e+000  0.000000e+000  -6.847087e-007  -6.705135e-007  -6.370814e-007  -5.716190e-007  -4.822165e-007  -3.076299e-007  0.000000e+000  
0.000000e+000  0.000000e+000  -3.465156e-007  -3.393232e-007  -3.224241e-007  -2.893325e-007  -2.441053e-007  -1.557496e-007  0.000000e+000  
0.000000e+000  0.000000e+000  -1.752998e-007  -1.716571e-007  -1.631173e-007  -1.463937e-007  -1.235217e-007  -7.882260e-008  0.000000e+000  
0.000000e+000  0.000000e+000  -8.865339e-008  -8.680930e-008  -8.249486e-008  -7.404527e-008  -6.248204e-008  -3.987633e-008  0.000000e+000  
0.000000e+000  0.000000e+000  -4.482042e-008  -4.388732e-008  -4.170800e-008  -3.743985e-008  -3.159551e-008  -2.016662e-008  0.000000e+000  
0.000000e+000  0.000000e+000  -2.265325e-008  -2.218120e-008  -2.108071e-008  -1.892517e-008  -1.597212e-008  -1.019566e-008  0.000000e+000  
0.000000e+000  0.000000e+000  -1.144608e-008  -1.120747e-008  -1.065179e-008  -9.563450e-009  -8.071669e-009  -5.152952e-009  0.000000e+000  
0.000000e+000  0.000000e+000  -5.781190e-009  -5.660608e-009  -5.380152e-009  -4.830790e-009  -4.077520e-009  -2.603296e-009  0.000000e+000  
0.000000e+000  0.000000e+000  -2.917706e-009  -2.856746e-009  -2.715298e-009  -2.438257e-009  -2.058140e-009  -1.314100e-009  0.000000e+000  
0.000000e+000  0.000000e+000  -1.468967e-009  -1.438224e-009  -1.367117e-009  -1.227688e-009  -1.036399e-009  -6.618147e-010  0.000000e+000  
0.000000e+000  0.000000e+000  -7.329064e-010  -7.176450e-010  -6.821518e-010  -6.127204e-010  -5.173420e-010  -3.304214e-010  0.000000e+000  
0.000000e+000  0.000000e+000  -3.654144e-010  -3.579100e-010  -3.404300e-010  -3.061264e-010  -2.587602e-010  -1.656249e-010  0.000000e+000  
0.000000e+000  0.000000e+000  -2.258515e-010  -2.218576e-010  -2.118841e-010  -1.919203e-010  -1.630302e-010  -1.051669e-010  0.000000e+000  
4.694640e-011  -5.709385e-011  -1.616953e-010  -1.598235e-010  -1.544065e-010  -1.413517e-010  -1.212546e-010  -7.893007e-011  0.000000e+000  
-7.925368e-011  -1.144891e-011  -1.026642e-010  -1.066306e-010  -1.070633e-010  -1.011693e-010  -8.803320e-011  -5.835449e-011  0.000000e+000  
-6.179570e-012  -6.308796e-011  -1.514153e-010  -6.431780e-011  -7.167797e-011  -7.051637e-011  -6.297596e-011  -4.274980e-011  0.000000e+000  
-3.030368e-011  -3.981322e-011  -2.918306e-011  -4.142749e-011  -4.785336e-011  -4.905454e-011  -4.483588e-011  -3.101093e-011  0.000000e+000  
-6.061026e-012  -7.161764e-012  0.000000e+000  -1.240586e-010  -3.280169e-011  -3.443087e-011  -3.167700e-011  -2.247535e-011  0.000000e+000  
0.000000e+000  2.549376e-012  4.653361e-012  6.946299e-012  -2.063578e-011  -2.241862e-011  -2.145013e-011  -6.893776e-012  0.000000e+000  
0.000000e+000  0.000000e+000  0.000000e+000  0.000000e+000  0.000000e+000  0.000000e+000  0.000000e+000  0.000000e+000  0.000000e+000  

