matrixcalc_AMD64 @ DESKTOP-S1T4ESL Directly convert FF->QQ during ACIS processing.
matrixcalc_AMD64 @ DESKTOP-S1T4ESL Directly convert FF->QQ during ACIS processing.
matrixcalc_AMD64 @ DESKTOP-S1T4ESL Result FF->QQ: #Unzipped EE=0and #Zipped CC=7.
matrixcalc_AMD64 @ DESKTOP-S1T4ESL Directly convert FF->QQ during ACIS processing.
matrixcalc_AMD64 @ DESKTOP-S1T4ESL Directly convert FF->QQ during ACIS processing.
matrixcalc_AMD64 @ DESKTOP-S1T4ESL Result FF->QQ: #Unzipped EE=0and #Zipped CC=6.
xxxxxxxxxxxxxxxxxxxxxxxxxxxxxxxxxxxxxxxxxxxxxxxxxxxxxxxxxxxxxxxxxxxxxxxxxxxxxxxxxx
matrixcalc_AMD64 @ DESKTOP-S1T4ESL # of staircase based cells: 0
                                   # of staircase based faces: 0, 0, 0
                                   # of staircase based edges: 0, 0, 0
                                   fill limit changes: falsemeshfill changed: true
xxxxxxxxxxxxxxxxxxxxxxxxxxxxxxxxxxxxxxxxxxxxxxxxxxxxxxxxxxxxxxxxxxxxxxxxxxxxxxxxxx
matrixcalc_AMD64 @ DESKTOP-S1T4ESL Directly convert FF->QQ during ACIS processing.
matrixcalc_AMD64 @ DESKTOP-S1T4ESL Directly convert FF->QQ during ACIS processing.
matrixcalc_AMD64 @ DESKTOP-S1T4ESL Result FF->QQ: #Unzipped EE=0and #Zipped CC=7.
xxxxxxxxxxxxxxxxxxxxxxxxxxxxxxxxxxxxxxxxxxxxxxxxxxxxxxxxxxxxxxxxxxxxxxxxxxxxxxxxxxxxxxxxxxx
matrixcalc_AMD64 @ DESKTOP-S1T4ESL (1xN000) # of staircase based cells: 0
                                            # of staircase based faces: 0, 0, 0
                                            # of staircase based edges: 0, 0, 0
                                            fill limit changes: falsemeshfill changed: true
xxxxxxxxxxxxxxxxxxxxxxxxxxxxxxxxxxxxxxxxxxxxxxxxxxxxxxxxxxxxxxxxxxxxxxxxxxxxxxxxxxxxxxxxxxx


xxxxxxxxxxxxxxxxxxxxxxxxxxxxxxxxxxxxxxxxxxxxxxxxxxxxxxxxxxxxxxxxxxxxxxxxxxxxxxxxxxxxxxxxxxx
matrixcalc_AMD64 @ DESKTOP-S1T4ESL (1xN001) # of staircase based cells: 0
                                            # of staircase based faces: 0, 0, 0
                                            # of staircase based edges: 0, 0, 0
                                            fill limit changes: falsemeshfill changed: true
xxxxxxxxxxxxxxxxxxxxxxxxxxxxxxxxxxxxxxxxxxxxxxxxxxxxxxxxxxxxxxxxxxxxxxxxxxxxxxxxxxxxxxxxxxx


xxxxxxxxxxxxxxxxxxxxxxxxxxxxxxxxxxxxxxxxxxxxxxxxxxxxxxxxxxxxxxxxxxxxxxxxxxxxxxxxxxxxxxxxxxx
matrixcalc_AMD64 @ DESKTOP-S1T4ESL (1xN002) # of staircase based cells: 0
                                            # of staircase based faces: 0, 0, 0
                                            # of staircase based edges: 0, 0, 0
                                            fill limit changes: falsemeshfill changed: true
xxxxxxxxxxxxxxxxxxxxxxxxxxxxxxxxxxxxxxxxxxxxxxxxxxxxxxxxxxxxxxxxxxxxxxxxxxxxxxxxxxxxxxxxxxx


xxxxxxxxxxxxxxxxxxxxxxxxxxxxxxxxxxxxxxxxxxxxxxxxxxxxxxxxxxxxxxxxxxxxxxxxxxxxxxxxxxxxxxxxxxx
matrixcalc_AMD64 @ DESKTOP-S1T4ESL (1xN003) # of staircase based cells: 0
                                            # of staircase based faces: 0, 0, 0
                                            # of staircase based edges: 0, 0, 0
                                            fill limit changes: falsemeshfill changed: true
xxxxxxxxxxxxxxxxxxxxxxxxxxxxxxxxxxxxxxxxxxxxxxxxxxxxxxxxxxxxxxxxxxxxxxxxxxxxxxxxxxxxxxxxxxx


