Port monitor named: Port1_h1.prt

nx        = 140
ny        = 103
nz        = 21

nu        = 7
nv        = 14
iu        = 10
iv        = 64

idir      = 1
dcut      = -7.972000e-002
icut      = 6
type      = 1
frequency = 1.850000e+009

fcutoff   = 4.144170e+009
alpha     = 1.100135e+002
beta      = 0.000000e+000
accuracy  = 1.158079e-013

type          = UNDEF
wave imp.     = 6.622151e+002
wave imp.sig. = 1.332226e-008
line imp.     = 0.000000e+000

ref. port     = 0

0.000000e+000  0.000000e+000  0.000000e+000  0.000000e+000  0.000000e+000  0.000000e+000  0.000000e+000  
0.000000e+000  0.000000e+000  0.000000e+000  0.000000e+000  0.000000e+000  0.000000e+000  0.000000e+000  
0.000000e+000  0.000000e+000  0.000000e+000  0.000000e+000  0.000000e+000  0.000000e+000  0.000000e+000  
0.000000e+000  0.000000e+000  0.000000e+000  0.000000e+000  0.000000e+000  0.000000e+000  0.000000e+000  
0.000000e+000  0.000000e+000  0.000000e+000  0.000000e+000  0.000000e+000  0.000000e+000  0.000000e+000  
0.000000e+000  0.000000e+000  0.000000e+000  0.000000e+000  0.000000e+000  0.000000e+000  0.000000e+000  
0.000000e+000  0.000000e+000  0.000000e+000  0.000000e+000  0.000000e+000  0.000000e+000  0.000000e+000  
0.000000e+000  0.000000e+000  0.000000e+000  0.000000e+000  0.000000e+000  0.000000e+000  0.000000e+000  
0.000000e+000  0.000000e+000  0.000000e+000  0.000000e+000  0.000000e+000  0.000000e+000  0.000000e+000  
0.000000e+000  0.000000e+000  0.000000e+000  0.000000e+000  0.000000e+000  0.000000e+000  0.000000e+000  
0.000000e+000  0.000000e+000  0.000000e+000  0.000000e+000  0.000000e+000  0.000000e+000  0.000000e+000  
0.000000e+000  0.000000e+000  0.000000e+000  0.000000e+000  0.000000e+000  0.000000e+000  0.000000e+000  
0.000000e+000  0.000000e+000  0.000000e+000  0.000000e+000  0.000000e+000  0.000000e+000  0.000000e+000  
0.000000e+000  0.000000e+000  0.000000e+000  0.000000e+000  0.000000e+000  0.000000e+000  0.000000e+000  

0.000000e+000  0.000000e+000  0.000000e+000  0.000000e+000  0.000000e+000  0.000000e+000  0.000000e+000  
0.000000e+000  0.000000e+000  0.000000e+000  0.000000e+000  0.000000e+000  0.000000e+000  0.000000e+000  
0.000000e+000  0.000000e+000  0.000000e+000  0.000000e+000  0.000000e+000  0.000000e+000  0.000000e+000  
0.000000e+000  0.000000e+000  0.000000e+000  0.000000e+000  0.000000e+000  0.000000e+000  0.000000e+000  
0.000000e+000  0.000000e+000  0.000000e+000  0.000000e+000  0.000000e+000  0.000000e+000  0.000000e+000  
0.000000e+000  0.000000e+000  0.000000e+000  0.000000e+000  0.000000e+000  0.000000e+000  0.000000e+000  
0.000000e+000  0.000000e+000  0.000000e+000  0.000000e+000  0.000000e+000  0.000000e+000  0.000000e+000  
0.000000e+000  0.000000e+000  0.000000e+000  0.000000e+000  0.000000e+000  0.000000e+000  0.000000e+000  
0.000000e+000  0.000000e+000  0.000000e+000  0.000000e+000  0.000000e+000  0.000000e+000  0.000000e+000  
0.000000e+000  0.000000e+000  0.000000e+000  0.000000e+000  0.000000e+000  0.000000e+000  0.000000e+000  
0.000000e+000  0.000000e+000  0.000000e+000  0.000000e+000  0.000000e+000  0.000000e+000  0.000000e+000  
0.000000e+000  0.000000e+000  0.000000e+000  0.000000e+000  0.000000e+000  0.000000e+000  0.000000e+000  
0.000000e+000  0.000000e+000  0.000000e+000  0.000000e+000  0.000000e+000  0.000000e+000  0.000000e+000  
0.000000e+000  0.000000e+000  0.000000e+000  0.000000e+000  0.000000e+000  0.000000e+000  0.000000e+000  

0.000000e+000  0.000000e+000  0.000000e+000  0.000000e+000  0.000000e+000  0.000000e+000  0.000000e+000  
0.000000e+000  0.000000e+000  0.000000e+000  0.000000e+000  0.000000e+000  0.000000e+000  0.000000e+000  
0.000000e+000  0.000000e+000  0.000000e+000  0.000000e+000  0.000000e+000  0.000000e+000  0.000000e+000  
0.000000e+000  0.000000e+000  0.000000e+000  0.000000e+000  0.000000e+000  0.000000e+000  0.000000e+000  
0.000000e+000  0.000000e+000  0.000000e+000  0.000000e+000  0.000000e+000  0.000000e+000  0.000000e+000  
0.000000e+000  0.000000e+000  0.000000e+000  0.000000e+000  0.000000e+000  0.000000e+000  0.000000e+000  
0.000000e+000  0.000000e+000  0.000000e+000  0.000000e+000  0.000000e+000  0.000000e+000  0.000000e+000  
0.000000e+000  0.000000e+000  0.000000e+000  0.000000e+000  0.000000e+000  0.000000e+000  0.000000e+000  
0.000000e+000  0.000000e+000  0.000000e+000  0.000000e+000  0.000000e+000  0.000000e+000  0.000000e+000  
0.000000e+000  0.000000e+000  0.000000e+000  0.000000e+000  0.000000e+000  0.000000e+000  0.000000e+000  
0.000000e+000  0.000000e+000  0.000000e+000  0.000000e+000  0.000000e+000  0.000000e+000  0.000000e+000  
0.000000e+000  0.000000e+000  0.000000e+000  0.000000e+000  0.000000e+000  0.000000e+000  0.000000e+000  
0.000000e+000  0.000000e+000  0.000000e+000  0.000000e+000  0.000000e+000  0.000000e+000  0.000000e+000  
0.000000e+000  0.000000e+000  0.000000e+000  0.000000e+000  0.000000e+000  0.000000e+000  0.000000e+000  

-9.259273e-001  -9.158789e-001  -8.870690e-001  -8.163541e-001  -7.297223e-001  -6.443085e-001  -5.054014e-001  
-2.493958e+000  -2.459576e+000  -2.357367e+000  -2.093462e+000  -1.779875e+000  -1.489544e+000  -1.076108e+000  
-3.779014e+000  -3.738025e+000  -3.567170e+000  -2.955773e+000  -2.292351e+000  -1.754822e+000  -1.141353e+000  
-4.727634e+000  -4.798500e+000  -4.740987e+000  -3.529203e+000  -2.460057e+000  -1.728056e+000  -1.037025e+000  
-5.234230e+000  -6.025810e+000  -7.196643e+000  -3.881710e+000  -2.228324e+000  -1.395194e+000  -7.708163e-001  
-2.332481e+000  -2.219615e+000  0.000000e+000  -1.986737e+000  -1.196374e+000  -7.402423e-001  -3.956837e-001  
-1.639124e-010  -1.435225e-010  0.000000e+000  -2.409275e-010  -3.406906e-010  -3.840915e-010  -4.139973e-010  
2.332481e+000  2.219615e+000  0.000000e+000  1.986737e+000  1.196374e+000  7.402423e-001  3.956837e-001  
5.234230e+000  6.025810e+000  7.196643e+000  3.881710e+000  2.228324e+000  1.395194e+000  7.708163e-001  
4.727634e+000  4.798500e+000  4.740987e+000  3.529203e+000  2.460057e+000  1.728056e+000  1.037025e+000  
3.779014e+000  3.738025e+000  3.567170e+000  2.955773e+000  2.292351e+000  1.754822e+000  1.141353e+000  
2.493958e+000  2.459576e+000  2.357367e+000  2.093462e+000  1.779875e+000  1.489544e+000  1.076108e+000  
9.259273e-001  9.158789e-001  8.870690e-001  8.163541e-001  7.297223e-001  6.443085e-001  5.054014e-001  
0.000000e+000  0.000000e+000  0.000000e+000  0.000000e+000  0.000000e+000  0.000000e+000  0.000000e+000  

1.676385e-001  4.983878e-001  5.273455e-001  2.960042e-001  1.322187e-001  -2.711215e-002  0.000000e+000  
1.099014e-001  3.314749e-001  2.772864e-001  1.850195e-002  -1.292597e-001  -2.059979e-001  0.000000e+000  
-2.887761e-002  -7.996372e-002  -3.768951e-001  -7.059709e-001  -7.816291e-001  -6.045651e-001  0.000000e+000  
-1.154670e-001  -4.110995e-001  -1.081426e+000  -1.440628e+000  -1.370419e+000  -8.979831e-001  0.000000e+000  
-3.552643e-002  -5.800882e-001  -2.403469e+000  -2.588578e+000  -2.155586e+000  -1.224406e+000  0.000000e+000  
1.136727e+000  3.976540e+000  -6.471091e+000  -4.320684e+000  -3.035022e+000  -1.516557e+000  0.000000e+000  
9.841795e-001  2.790070e+000  -7.453845e+000  -5.013626e+000  -3.436147e+000  -1.650658e+000  0.000000e+000  
9.841795e-001  2.790070e+000  -7.453845e+000  -5.013626e+000  -3.436147e+000  -1.650658e+000  0.000000e+000  
1.136727e+000  3.976540e+000  -6.471091e+000  -4.320684e+000  -3.035022e+000  -1.516557e+000  0.000000e+000  
-3.552643e-002  -5.800882e-001  -2.403469e+000  -2.588578e+000  -2.155586e+000  -1.224406e+000  0.000000e+000  
-1.154670e-001  -4.110995e-001  -1.081426e+000  -1.440628e+000  -1.370419e+000  -8.979831e-001  0.000000e+000  
-2.887761e-002  -7.996372e-002  -3.768951e-001  -7.059709e-001  -7.816291e-001  -6.045651e-001  0.000000e+000  
1.099014e-001  3.314749e-001  2.772864e-001  1.850195e-002  -1.292597e-001  -2.059979e-001  0.000000e+000  
1.676385e-001  4.983878e-001  5.273455e-001  2.960042e-001  1.322187e-001  -2.711215e-002  0.000000e+000  

5.491804e-002  1.614224e-001  1.943752e-001  1.548805e-001  1.177134e-001  6.187936e-002  -0.000000e+000  
1.357158e-001  3.992708e-001  4.736639e-001  3.655225e-001  2.698256e-001  1.351221e-001  -0.000000e+000  
1.797554e-001  5.306111e-001  6.112548e-001  4.443726e-001  3.126681e-001  1.465443e-001  -0.000000e+000  
2.012306e-001  6.007999e-001  6.659396e-001  4.519417e-001  3.036450e-001  1.350420e-001  -0.000000e+000  
1.979053e-001  6.315146e-001  6.390788e-001  3.822433e-001  2.413306e-001  1.015570e-001  -0.000000e+000  
8.693048e-002  2.460975e-001  3.224048e-001  2.012255e-001  1.268363e-001  5.239515e-002  -0.000000e+000  
-0.000000e+000  -0.000000e+000  -1.282519e-011  -0.000000e+000  -0.000000e+000  -0.000000e+000  -0.000000e+000  
-8.693048e-002  -2.460975e-001  -3.224048e-001  -2.012255e-001  -1.268363e-001  -5.239515e-002  -0.000000e+000  
-1.979053e-001  -6.315146e-001  -6.390788e-001  -3.822433e-001  -2.413306e-001  -1.015570e-001  -0.000000e+000  
-2.012306e-001  -6.007999e-001  -6.659396e-001  -4.519417e-001  -3.036450e-001  -1.350420e-001  -0.000000e+000  
-1.797554e-001  -5.306111e-001  -6.112548e-001  -4.443726e-001  -3.126681e-001  -1.465443e-001  -0.000000e+000  
-1.357158e-001  -3.992708e-001  -4.736639e-001  -3.655225e-001  -2.698256e-001  -1.351221e-001  -0.000000e+000  
-5.491804e-002  -1.614224e-001  -1.943752e-001  -1.548805e-001  -1.177134e-001  -6.187936e-002  -0.000000e+000  
-0.000000e+000  -0.000000e+000  -0.000000e+000  -0.000000e+000  -0.000000e+000  -0.000000e+000  -0.000000e+000  

