Port monitor named: Port1_e1.prt

nx        = 142
ny        = 105
nz        = 21

nu        = 7
nv        = 14
iu        = 10
iv        = 65

idir      = 1
dcut      = -7.972000e-002
icut      = 6
type      = 0
frequency = 1.850000e+009

fcutoff   = 3.976786e+009
alpha     = 1.124937e+002
beta      = 0.000000e+000
accuracy  = 1.393460e-013

type          = UNDEF
wave imp.     = 6.108684e+002
wave imp.sig. = 1.173113e-009
line imp.     = 0.000000e+000

ref. port     = 0

3.271862e+001  9.462546e+001  5.720034e+002  5.956682e+002  5.568223e+002  4.008205e+002  0.000000e+000  
4.209105e+001  1.218388e+002  7.364099e+002  7.622642e+002  7.054048e+002  4.962136e+002  0.000000e+000  
6.521195e+001  1.929200e+002  1.182528e+003  1.203715e+003  1.082581e+003  7.165604e+002  0.000000e+000  
7.065675e+001  2.407462e+002  1.623187e+003  1.612536e+003  1.399309e+003  8.724652e+002  0.000000e+000  
-3.416729e+000  2.034172e+002  2.360571e+003  2.200554e+003  1.799579e+003  1.041329e+003  0.000000e+000  
-5.815743e+002  -2.018550e+003  4.051637e+003  2.995411e+003  2.224902e+003  1.188868e+003  0.000000e+000  
-5.011049e+002  -1.418253e+003  4.768247e+003  3.371477e+003  2.427012e+003  1.255680e+003  0.000000e+000  
-5.011049e+002  -1.418253e+003  4.768247e+003  3.371477e+003  2.427012e+003  1.255680e+003  0.000000e+000  
-5.815743e+002  -2.018550e+003  4.051637e+003  2.995411e+003  2.224902e+003  1.188868e+003  0.000000e+000  
-3.416729e+000  2.034172e+002  2.360571e+003  2.200554e+003  1.799579e+003  1.041329e+003  0.000000e+000  
7.065675e+001  2.407462e+002  1.623187e+003  1.612536e+003  1.399309e+003  8.724652e+002  0.000000e+000  
6.521195e+001  1.929200e+002  1.182528e+003  1.203715e+003  1.082581e+003  7.165604e+002  0.000000e+000  
4.209105e+001  1.218388e+002  7.364099e+002  7.622642e+002  7.054048e+002  4.962136e+002  0.000000e+000  
3.271862e+001  9.462546e+001  5.720034e+002  5.956682e+002  5.568223e+002  4.008205e+002  0.000000e+000  

-5.827249e+002  -5.794427e+002  -5.698845e+002  -5.002863e+002  -4.306619e+002  -3.690027e+002  -2.794308e+002  
-1.564788e+003  -1.555126e+003  -1.525686e+003  -1.295236e+003  -1.069494e+003  -8.775634e+002  -6.231029e+002  
-2.218391e+003  -2.212161e+003  -2.173109e+003  -1.731985e+003  -1.325463e+003  -1.011217e+003  -6.589745e+002  
-2.620545e+003  -2.665741e+003  -2.681067e+003  -1.950869e+003  -1.370315e+003  -9.752041e+002  -5.948624e+002  
-2.736157e+003  -3.109417e+003  -3.599117e+003  -1.967159e+003  -1.187514e+003  -7.694966e+002  -4.380266e+002  
-1.204969e+003  -1.140021e+003  0.000000e+000  -1.094677e+003  -6.466338e+002  -4.054196e+002  -2.231112e+002  
0.000000e+000  0.000000e+000  0.000000e+000  0.000000e+000  0.000000e+000  0.000000e+000  0.000000e+000  
1.204969e+003  1.140021e+003  0.000000e+000  1.094677e+003  6.466338e+002  4.054196e+002  2.231112e+002  
2.736157e+003  3.109417e+003  3.599117e+003  1.967159e+003  1.187514e+003  7.694966e+002  4.380266e+002  
2.620545e+003  2.665741e+003  2.681067e+003  1.950869e+003  1.370315e+003  9.752041e+002  5.948624e+002  
2.218391e+003  2.212161e+003  2.173109e+003  1.731985e+003  1.325463e+003  1.011217e+003  6.589745e+002  
1.564788e+003  1.555126e+003  1.525686e+003  1.295236e+003  1.069494e+003  8.775634e+002  6.231029e+002  
5.827249e+002  5.794427e+002  5.698845e+002  5.002863e+002  4.306619e+002  3.690027e+002  2.794308e+002  
0.000000e+000  0.000000e+000  0.000000e+000  0.000000e+000  0.000000e+000  0.000000e+000  0.000000e+000  

-2.508699e+003  -2.508975e+003  -2.509570e+003  -2.574842e+003  -2.648392e+003  -2.720309e+003  -2.844387e+003  
-2.267218e+003  -2.269086e+003  -2.274293e+003  -2.366738e+003  -2.468163e+003  -2.565144e+003  -2.726266e+003  
-1.738645e+003  -1.744506e+003  -1.761774e+003  -1.928192e+003  -2.104097e+003  -2.265297e+003  -2.512686e+003  
-1.352225e+003  -1.359800e+003  -1.385953e+003  -1.626407e+003  -1.872474e+003  -2.088426e+003  -2.397473e+003  
-8.902274e+002  -8.901780e+002  -9.155475e+002  -1.282312e+003  -1.631004e+003  -1.916965e+003  -2.293224e+003  
-4.015907e+002  -3.336576e+002  0.000000e+000  -9.287603e+002  -1.419738e+003  -1.781002e+003  -2.216305e+003  
-2.243232e+002  -1.657622e+002  0.000000e+000  -7.699191e+002  -1.325488e+003  -1.722049e+003  -2.184053e+003  
-2.243232e+002  -1.657622e+002  0.000000e+000  -7.699191e+002  -1.325488e+003  -1.722049e+003  -2.184053e+003  
-4.015907e+002  -3.336576e+002  0.000000e+000  -9.287603e+002  -1.419738e+003  -1.781002e+003  -2.216305e+003  
-8.902274e+002  -8.901780e+002  -9.155475e+002  -1.282312e+003  -1.631004e+003  -1.916965e+003  -2.293224e+003  
-1.352225e+003  -1.359800e+003  -1.385953e+003  -1.626407e+003  -1.872474e+003  -2.088426e+003  -2.397473e+003  
-1.738645e+003  -1.744506e+003  -1.761774e+003  -1.928192e+003  -2.104097e+003  -2.265297e+003  -2.512686e+003  
-2.267218e+003  -2.269086e+003  -2.274293e+003  -2.366738e+003  -2.468163e+003  -2.565144e+003  -2.726266e+003  
-2.508699e+003  -2.508975e+003  -2.509570e+003  -2.574842e+003  -2.648392e+003  -2.720309e+003  -2.844387e+003  

0.000000e+000  0.000000e+000  0.000000e+000  0.000000e+000  0.000000e+000  0.000000e+000  0.000000e+000  
0.000000e+000  0.000000e+000  0.000000e+000  0.000000e+000  0.000000e+000  0.000000e+000  0.000000e+000  
0.000000e+000  0.000000e+000  0.000000e+000  0.000000e+000  0.000000e+000  0.000000e+000  0.000000e+000  
0.000000e+000  0.000000e+000  0.000000e+000  0.000000e+000  0.000000e+000  0.000000e+000  0.000000e+000  
0.000000e+000  0.000000e+000  0.000000e+000  0.000000e+000  0.000000e+000  0.000000e+000  0.000000e+000  
0.000000e+000  0.000000e+000  0.000000e+000  0.000000e+000  0.000000e+000  0.000000e+000  0.000000e+000  
0.000000e+000  0.000000e+000  0.000000e+000  0.000000e+000  0.000000e+000  0.000000e+000  0.000000e+000  
0.000000e+000  0.000000e+000  0.000000e+000  0.000000e+000  0.000000e+000  0.000000e+000  0.000000e+000  
0.000000e+000  0.000000e+000  0.000000e+000  0.000000e+000  0.000000e+000  0.000000e+000  0.000000e+000  
0.000000e+000  0.000000e+000  0.000000e+000  0.000000e+000  0.000000e+000  0.000000e+000  0.000000e+000  
0.000000e+000  0.000000e+000  0.000000e+000  0.000000e+000  0.000000e+000  0.000000e+000  0.000000e+000  
0.000000e+000  0.000000e+000  0.000000e+000  0.000000e+000  0.000000e+000  0.000000e+000  0.000000e+000  
0.000000e+000  0.000000e+000  0.000000e+000  0.000000e+000  0.000000e+000  0.000000e+000  0.000000e+000  
0.000000e+000  0.000000e+000  0.000000e+000  0.000000e+000  0.000000e+000  0.000000e+000  0.000000e+000  

0.000000e+000  0.000000e+000  0.000000e+000  0.000000e+000  0.000000e+000  0.000000e+000  0.000000e+000  
0.000000e+000  0.000000e+000  0.000000e+000  0.000000e+000  0.000000e+000  0.000000e+000  0.000000e+000  
0.000000e+000  0.000000e+000  0.000000e+000  0.000000e+000  0.000000e+000  0.000000e+000  0.000000e+000  
0.000000e+000  0.000000e+000  0.000000e+000  0.000000e+000  0.000000e+000  0.000000e+000  0.000000e+000  
0.000000e+000  0.000000e+000  0.000000e+000  0.000000e+000  0.000000e+000  0.000000e+000  0.000000e+000  
0.000000e+000  0.000000e+000  0.000000e+000  0.000000e+000  0.000000e+000  0.000000e+000  0.000000e+000  
0.000000e+000  0.000000e+000  0.000000e+000  0.000000e+000  0.000000e+000  0.000000e+000  0.000000e+000  
0.000000e+000  0.000000e+000  0.000000e+000  0.000000e+000  0.000000e+000  0.000000e+000  0.000000e+000  
0.000000e+000  0.000000e+000  0.000000e+000  0.000000e+000  0.000000e+000  0.000000e+000  0.000000e+000  
0.000000e+000  0.000000e+000  0.000000e+000  0.000000e+000  0.000000e+000  0.000000e+000  0.000000e+000  
0.000000e+000  0.000000e+000  0.000000e+000  0.000000e+000  0.000000e+000  0.000000e+000  0.000000e+000  
0.000000e+000  0.000000e+000  0.000000e+000  0.000000e+000  0.000000e+000  0.000000e+000  0.000000e+000  
0.000000e+000  0.000000e+000  0.000000e+000  0.000000e+000  0.000000e+000  0.000000e+000  0.000000e+000  
0.000000e+000  0.000000e+000  0.000000e+000  0.000000e+000  0.000000e+000  0.000000e+000  0.000000e+000  

0.000000e+000  0.000000e+000  0.000000e+000  0.000000e+000  0.000000e+000  0.000000e+000  0.000000e+000  
0.000000e+000  0.000000e+000  0.000000e+000  0.000000e+000  0.000000e+000  0.000000e+000  0.000000e+000  
0.000000e+000  0.000000e+000  0.000000e+000  0.000000e+000  0.000000e+000  0.000000e+000  0.000000e+000  
0.000000e+000  0.000000e+000  0.000000e+000  0.000000e+000  0.000000e+000  0.000000e+000  0.000000e+000  
0.000000e+000  0.000000e+000  0.000000e+000  0.000000e+000  0.000000e+000  0.000000e+000  0.000000e+000  
0.000000e+000  0.000000e+000  0.000000e+000  0.000000e+000  0.000000e+000  0.000000e+000  0.000000e+000  
0.000000e+000  0.000000e+000  0.000000e+000  0.000000e+000  0.000000e+000  0.000000e+000  0.000000e+000  
0.000000e+000  0.000000e+000  0.000000e+000  0.000000e+000  0.000000e+000  0.000000e+000  0.000000e+000  
0.000000e+000  0.000000e+000  0.000000e+000  0.000000e+000  0.000000e+000  0.000000e+000  0.000000e+000  
0.000000e+000  0.000000e+000  0.000000e+000  0.000000e+000  0.000000e+000  0.000000e+000  0.000000e+000  
0.000000e+000  0.000000e+000  0.000000e+000  0.000000e+000  0.000000e+000  0.000000e+000  0.000000e+000  
0.000000e+000  0.000000e+000  0.000000e+000  0.000000e+000  0.000000e+000  0.000000e+000  0.000000e+000  
0.000000e+000  0.000000e+000  0.000000e+000  0.000000e+000  0.000000e+000  0.000000e+000  0.000000e+000  
0.000000e+000  0.000000e+000  0.000000e+000  0.000000e+000  0.000000e+000  0.000000e+000  0.000000e+000  

