Port monitor named: Port1_h1.prt

nx        = 142
ny        = 105
nz        = 21

nu        = 7
nv        = 14
iu        = 10
iv        = 65

idir      = 1
dcut      = -7.972000e-002
icut      = 6
type      = 1
frequency = 1.850000e+009

fcutoff   = 3.976786e+009
alpha     = 1.124937e+002
beta      = 0.000000e+000
accuracy  = 1.393460e-013

type          = UNDEF
wave imp.     = 6.108684e+002
wave imp.sig. = 1.173113e-009
line imp.     = 0.000000e+000

ref. port     = 0

0.000000e+000  0.000000e+000  0.000000e+000  0.000000e+000  0.000000e+000  0.000000e+000  0.000000e+000  
0.000000e+000  0.000000e+000  0.000000e+000  0.000000e+000  0.000000e+000  0.000000e+000  0.000000e+000  
0.000000e+000  0.000000e+000  0.000000e+000  0.000000e+000  0.000000e+000  0.000000e+000  0.000000e+000  
0.000000e+000  0.000000e+000  0.000000e+000  0.000000e+000  0.000000e+000  0.000000e+000  0.000000e+000  
0.000000e+000  0.000000e+000  0.000000e+000  0.000000e+000  0.000000e+000  0.000000e+000  0.000000e+000  
0.000000e+000  0.000000e+000  0.000000e+000  0.000000e+000  0.000000e+000  0.000000e+000  0.000000e+000  
0.000000e+000  0.000000e+000  0.000000e+000  0.000000e+000  0.000000e+000  0.000000e+000  0.000000e+000  
0.000000e+000  0.000000e+000  0.000000e+000  0.000000e+000  0.000000e+000  0.000000e+000  0.000000e+000  
0.000000e+000  0.000000e+000  0.000000e+000  0.000000e+000  0.000000e+000  0.000000e+000  0.000000e+000  
0.000000e+000  0.000000e+000  0.000000e+000  0.000000e+000  0.000000e+000  0.000000e+000  0.000000e+000  
0.000000e+000  0.000000e+000  0.000000e+000  0.000000e+000  0.000000e+000  0.000000e+000  0.000000e+000  
0.000000e+000  0.000000e+000  0.000000e+000  0.000000e+000  0.000000e+000  0.000000e+000  0.000000e+000  
0.000000e+000  0.000000e+000  0.000000e+000  0.000000e+000  0.000000e+000  0.000000e+000  0.000000e+000  
0.000000e+000  0.000000e+000  0.000000e+000  0.000000e+000  0.000000e+000  0.000000e+000  0.000000e+000  

0.000000e+000  0.000000e+000  0.000000e+000  0.000000e+000  0.000000e+000  0.000000e+000  0.000000e+000  
0.000000e+000  0.000000e+000  0.000000e+000  0.000000e+000  0.000000e+000  0.000000e+000  0.000000e+000  
0.000000e+000  0.000000e+000  0.000000e+000  0.000000e+000  0.000000e+000  0.000000e+000  0.000000e+000  
0.000000e+000  0.000000e+000  0.000000e+000  0.000000e+000  0.000000e+000  0.000000e+000  0.000000e+000  
0.000000e+000  0.000000e+000  0.000000e+000  0.000000e+000  0.000000e+000  0.000000e+000  0.000000e+000  
0.000000e+000  0.000000e+000  0.000000e+000  0.000000e+000  0.000000e+000  0.000000e+000  0.000000e+000  
0.000000e+000  0.000000e+000  0.000000e+000  0.000000e+000  0.000000e+000  0.000000e+000  0.000000e+000  
0.000000e+000  0.000000e+000  0.000000e+000  0.000000e+000  0.000000e+000  0.000000e+000  0.000000e+000  
0.000000e+000  0.000000e+000  0.000000e+000  0.000000e+000  0.000000e+000  0.000000e+000  0.000000e+000  
0.000000e+000  0.000000e+000  0.000000e+000  0.000000e+000  0.000000e+000  0.000000e+000  0.000000e+000  
0.000000e+000  0.000000e+000  0.000000e+000  0.000000e+000  0.000000e+000  0.000000e+000  0.000000e+000  
0.000000e+000  0.000000e+000  0.000000e+000  0.000000e+000  0.000000e+000  0.000000e+000  0.000000e+000  
0.000000e+000  0.000000e+000  0.000000e+000  0.000000e+000  0.000000e+000  0.000000e+000  0.000000e+000  
0.000000e+000  0.000000e+000  0.000000e+000  0.000000e+000  0.000000e+000  0.000000e+000  0.000000e+000  

0.000000e+000  0.000000e+000  0.000000e+000  0.000000e+000  0.000000e+000  0.000000e+000  0.000000e+000  
0.000000e+000  0.000000e+000  0.000000e+000  0.000000e+000  0.000000e+000  0.000000e+000  0.000000e+000  
0.000000e+000  0.000000e+000  0.000000e+000  0.000000e+000  0.000000e+000  0.000000e+000  0.000000e+000  
0.000000e+000  0.000000e+000  0.000000e+000  0.000000e+000  0.000000e+000  0.000000e+000  0.000000e+000  
0.000000e+000  0.000000e+000  0.000000e+000  0.000000e+000  0.000000e+000  0.000000e+000  0.000000e+000  
0.000000e+000  0.000000e+000  0.000000e+000  0.000000e+000  0.000000e+000  0.000000e+000  0.000000e+000  
0.000000e+000  0.000000e+000  0.000000e+000  0.000000e+000  0.000000e+000  0.000000e+000  0.000000e+000  
0.000000e+000  0.000000e+000  0.000000e+000  0.000000e+000  0.000000e+000  0.000000e+000  0.000000e+000  
0.000000e+000  0.000000e+000  0.000000e+000  0.000000e+000  0.000000e+000  0.000000e+000  0.000000e+000  
0.000000e+000  0.000000e+000  0.000000e+000  0.000000e+000  0.000000e+000  0.000000e+000  0.000000e+000  
0.000000e+000  0.000000e+000  0.000000e+000  0.000000e+000  0.000000e+000  0.000000e+000  0.000000e+000  
0.000000e+000  0.000000e+000  0.000000e+000  0.000000e+000  0.000000e+000  0.000000e+000  0.000000e+000  
0.000000e+000  0.000000e+000  0.000000e+000  0.000000e+000  0.000000e+000  0.000000e+000  0.000000e+000  
0.000000e+000  0.000000e+000  0.000000e+000  0.000000e+000  0.000000e+000  0.000000e+000  0.000000e+000  

-9.164540e-001  -9.061232e-001  -8.764952e-001  -8.043856e-001  -7.167558e-001  -6.307111e-001  -4.914913e-001  
-2.588116e+000  -2.551920e+000  -2.444645e+000  -2.170688e+000  -1.846435e+000  -1.545996e+000  -1.116492e+000  
-3.971962e+000  -3.926559e+000  -3.743116e+000  -3.106056e+000  -2.413592e+000  -1.850202e+000  -1.203091e+000  
-4.993167e+000  -5.060547e+000  -4.985224e+000  -3.725915e+000  -2.604759e+000  -1.832768e+000  -1.099427e+000  
-5.554390e+000  -6.378860e+000  -7.559119e+000  -4.115725e+000  -2.366732e+000  -1.482616e+000  -8.180451e-001  
-2.464414e+000  -2.343681e+000  0.000000e+000  -2.093035e+000  -1.264278e+000  -7.834685e-001  -4.185086e-001  
0.000000e+000  0.000000e+000  0.000000e+000  0.000000e+000  0.000000e+000  0.000000e+000  2.010889e-011  
2.464414e+000  2.343681e+000  0.000000e+000  2.093035e+000  1.264278e+000  7.834685e-001  4.185086e-001  
5.554390e+000  6.378860e+000  7.559119e+000  4.115725e+000  2.366732e+000  1.482616e+000  8.180451e-001  
4.993167e+000  5.060547e+000  4.985224e+000  3.725915e+000  2.604759e+000  1.832768e+000  1.099427e+000  
3.971962e+000  3.926559e+000  3.743116e+000  3.106056e+000  2.413592e+000  1.850202e+000  1.203091e+000  
2.588116e+000  2.551920e+000  2.444645e+000  2.170688e+000  1.846435e+000  1.545996e+000  1.116492e+000  
9.164540e-001  9.061232e-001  8.764952e-001  8.043856e-001  7.167558e-001  6.307111e-001  4.914913e-001  
0.000000e+000  0.000000e+000  0.000000e+000  0.000000e+000  0.000000e+000  0.000000e+000  0.000000e+000  

2.288494e-001  6.789438e-001  7.389914e-001  4.562991e-001  2.488171e-001  2.962653e-002  0.000000e+000  
1.677859e-001  5.022056e-001  4.789112e-001  1.736241e-001  -1.465146e-002  -1.484886e-001  0.000000e+000  
1.139489e-002  3.969950e-002  -2.403206e-001  -6.100274e-001  -7.169145e-001  -5.770994e-001  0.000000e+000  
-9.018143e-002  -3.360994e-001  -1.005089e+000  -1.402422e+000  -1.352992e+000  -8.956650e-001  0.000000e+000  
-2.218100e-002  -5.579422e-001  -2.420841e+000  -2.638156e+000  -2.202635e+000  -1.251275e+000  0.000000e+000  
1.210041e+000  4.212165e+000  -6.778510e+000  -4.508561e+000  -3.156744e+000  -1.569825e+000  0.000000e+000  
1.044914e+000  2.959039e+000  -7.805686e+000  -5.240308e+000  -3.582780e+000  -1.713183e+000  0.000000e+000  
1.044914e+000  2.959039e+000  -7.805686e+000  -5.240308e+000  -3.582780e+000  -1.713183e+000  0.000000e+000  
1.210041e+000  4.212165e+000  -6.778510e+000  -4.508561e+000  -3.156744e+000  -1.569825e+000  0.000000e+000  
-2.218100e-002  -5.579422e-001  -2.420841e+000  -2.638156e+000  -2.202635e+000  -1.251275e+000  0.000000e+000  
-9.018143e-002  -3.360994e-001  -1.005089e+000  -1.402422e+000  -1.352992e+000  -8.956650e-001  0.000000e+000  
1.139489e-002  3.969950e-002  -2.403206e-001  -6.100274e-001  -7.169145e-001  -5.770994e-001  0.000000e+000  
1.677859e-001  5.022056e-001  4.789112e-001  1.736241e-001  -1.465146e-002  -1.484886e-001  0.000000e+000  
2.288494e-001  6.789438e-001  7.389914e-001  4.562991e-001  2.488171e-001  2.962653e-002  0.000000e+000  

6.510999e-002  1.914162e-001  2.298576e-001  1.823241e-001  1.380717e-001  7.216964e-002  -0.000000e+000  
1.688223e-001  4.967676e-001  5.884455e-001  4.532962e-001  3.342881e-001  1.672089e-001  -0.000000e+000  
2.250103e-001  6.642476e-001  7.649244e-001  5.563117e-001  3.916490e-001  1.836662e-001  -0.000000e+000  
2.515504e-001  7.506025e-001  8.327578e-001  5.666122e-001  3.813645e-001  1.698935e-001  -0.000000e+000  
2.465158e-001  7.848489e-001  7.958474e-001  4.782976e-001  3.027551e-001  1.276966e-001  -0.000000e+000  
1.076951e-001  3.046100e-001  4.002534e-001  2.505924e-001  1.583602e-001  6.560384e-002  -0.000000e+000  
-0.000000e+000  -0.000000e+000  -0.000000e+000  -0.000000e+000  -0.000000e+000  -0.000000e+000  -0.000000e+000  
-1.076951e-001  -3.046100e-001  -4.002534e-001  -2.505924e-001  -1.583602e-001  -6.560384e-002  -0.000000e+000  
-2.465158e-001  -7.848489e-001  -7.958474e-001  -4.782976e-001  -3.027551e-001  -1.276966e-001  -0.000000e+000  
-2.515504e-001  -7.506025e-001  -8.327578e-001  -5.666122e-001  -3.813645e-001  -1.698935e-001  -0.000000e+000  
-2.250103e-001  -6.642476e-001  -7.649244e-001  -5.563117e-001  -3.916490e-001  -1.836662e-001  -0.000000e+000  
-1.688223e-001  -4.967676e-001  -5.884455e-001  -4.532962e-001  -3.342881e-001  -1.672089e-001  -0.000000e+000  
-6.510999e-002  -1.914162e-001  -2.298576e-001  -1.823241e-001  -1.380717e-001  -7.216964e-002  -0.000000e+000  
-0.000000e+000  -0.000000e+000  -0.000000e+000  -0.000000e+000  -0.000000e+000  -0.000000e+000  -0.000000e+000  

