DESKTOP-S1T4ESL: <<<<<<<<<<<<<<<<<<<<<<<<<<<
                 2020 Aug 24 (Mon): 11:03:31
                 <<<<<<<<<<<<<<<<<<<<<<<<<<<
                 
DESKTOP-S1T4ESL: ===============================
                 Processing CAD model
                 Version 2015.0 (build 20150116)
                 2020 Aug 24 (Mon): 11:03:31
                 ===============================
                 
DESKTOP-S1T4ESL: ssssssssssssssssssssssssssssssssssssssssssssssssssssssssssssssssssssssssssssssssss
                 The point accuracy has been changed from 0.00% to 4.00% after complexity analysis.
                 ssssssssssssssssssssssssssssssssssssssssssssssssssssssssssssssssssssssssssssssssss
                 
DESKTOP-S1T4ESL: sssssssssssssssssssssssssssssssssss
                 The point accuracy is set to 4.00%.
                 sssssssssssssssssssssssssssssssssss
                 
==================================================================================================
== CST Matrix Calculation Priority Log                                                          ==
==================================================================================================
 
Priorities are sorted in ascending order beginning with the lowest priority
 
Priority:   3, shape   3: component1:SUBSTRATE, material: FR-4 (loss free)
Priority:   4, shape   1: component1:GROUND, material: Copper (annealed)
Priority:   4, shape   2: component1:PATCH, material: Copper (annealed)
Priority:   4, shape   4: component1:feed1, material: Copper (annealed)
 
==================================================================================================
 
DESKTOP-S1T4ESL: =======================
                 Finished CAD processing
                 =======================
                 
DESKTOP-S1T4ESL: >>>>>>>>>>>>>>>>>>>>>>>>>>>
                 2020 Aug 24 (Mon): 11:03:32
                 >>>>>>>>>>>>>>>>>>>>>>>>>>>
                 
DESKTOP-S1T4ESL: <<<<<<<<<<<<<<<<<<<<<<<<<<<
                 2020 Aug 24 (Mon): 11:03:32
                 <<<<<<<<<<<<<<<<<<<<<<<<<<<
                 
DESKTOP-S1T4ESL: ===============================
                 Port preparation
                 Version 2015.0 (build 20150116)
                 2020 Aug 24 (Mon): 11:03:32
                 ===============================
                 
DESKTOP-S1T4ESL: ==========================
                 Finished port preparation.
                 ==========================
                 
DESKTOP-S1T4ESL: >>>>>>>>>>>>>>>>>>>>>>>>>>>
                 2020 Aug 24 (Mon): 11:03:32
                 >>>>>>>>>>>>>>>>>>>>>>>>>>>
                 
DESKTOP-S1T4ESL: <<<<<<<<<<<<<<<<<<<<<<<<<<<
                 2020 Aug 24 (Mon): 11:03:33
                 <<<<<<<<<<<<<<<<<<<<<<<<<<<
                 
DESKTOP-S1T4ESL: ==============================
                 Mesher selection: manual: FPBA
                 ==============================
                 
DESKTOP-S1T4ESL: =======================================
                 Matrix computation (FPBA)
                 	[FPBA accuracy enhancement is enabled]
                 Version 2015.0 (build 20150116)
                 2020 Aug 24 (Mon): 11:03:33
                 =======================================
                 
DESKTOP-S1T4ESL: sssssssssssssssssssssssssssssssssssssssssssssssssssssssssssssssssssssssssssssssssss
                 The point accuracy has been changed from 0.00% to 74.00% after complexity analysis.
                 sssssssssssssssssssssssssssssssssssssssssssssssssssssssssssssssssssssssssssssssssss
                 
DESKTOP-S1T4ESL: ssssssssssssssssssssssssssssssssssss
                 The point accuracy is set to 74.00%.
                 ssssssssssssssssssssssssssssssssssss
                 
DESKTOP-S1T4ESL: ==================================
                 Finished matrix computation (FPBA)
                 ==================================
                 
DESKTOP-S1T4ESL: >>>>>>>>>>>>>>>>>>>>>>>>>>>
                 2020 Aug 24 (Mon): 11:03:33
                 >>>>>>>>>>>>>>>>>>>>>>>>>>>
                 
DESKTOP-S1T4ESL: <<<<<<<<<<<<<<<<<<<<<<<<<<<
                 2020 Aug 24 (Mon): 11:03:34
                 <<<<<<<<<<<<<<<<<<<<<<<<<<<
                 
DESKTOP-S1T4ESL: ======================
                 Mesher selection: FPBA
                 ======================
                 
DESKTOP-S1T4ESL: ===============================
                 Processing CAD model
                 Version 2015.0 (build 20150116)
                 2020 Aug 24 (Mon): 11:03:35
                 ===============================
                 
DESKTOP-S1T4ESL: ssssssssssssssssssssssssssssssssssssssssssssssssssssssssssssssssssssssssssssssssss
                 The point accuracy has been changed from 0.00% to 4.00% after complexity analysis.
                 ssssssssssssssssssssssssssssssssssssssssssssssssssssssssssssssssssssssssssssssssss
                 
DESKTOP-S1T4ESL: sssssssssssssssssssssssssssssssssss
                 The point accuracy is set to 4.00%.
                 sssssssssssssssssssssssssssssssssss
                 
DESKTOP-S1T4ESL: =======================
                 Finished CAD processing
                 =======================
                 
DESKTOP-S1T4ESL: 1xN000: <<<<<<<<<<<<<<<<<<<<<<<<<<<
                         2020 Aug 24 (Mon): 11:03:35
                         <<<<<<<<<<<<<<<<<<<<<<<<<<<

DESKTOP-S1T4ESL: 1xN000: =======================================
                         Matrix computation (FPBA)
                         	[FPBA accuracy enhancement is enabled]
                         Version 2015.0 (build 20150116)
                         2020 Aug 24 (Mon): 11:03:35
                         =======================================

DESKTOP-S1T4ESL: 1xN000: ssssssssssssssssssssssssssssssssssssssssssssssssssssssssssssssssssssssssssssssssss
                         The point accuracy has been changed from 0.00% to 4.00% after complexity analysis.
                         ssssssssssssssssssssssssssssssssssssssssssssssssssssssssssssssssssssssssssssssssss

DESKTOP-S1T4ESL: 1xN000: sssssssssssssssssssssssssssssssssss
                         The point accuracy is set to 4.00%.
                         sssssssssssssssssssssssssssssssssss

DESKTOP-S1T4ESL: 1xN000: ==================================
                         Finished matrix computation (FPBA)
                         ==================================

DESKTOP-S1T4ESL: 1xN000: >>>>>>>>>>>>>>>>>>>>>>>>>>>
                         2020 Aug 24 (Mon): 11:03:41
                         >>>>>>>>>>>>>>>>>>>>>>>>>>>



DESKTOP-S1T4ESL: 1xN001: <<<<<<<<<<<<<<<<<<<<<<<<<<<
                         2020 Aug 24 (Mon): 11:03:35
                         <<<<<<<<<<<<<<<<<<<<<<<<<<<

DESKTOP-S1T4ESL: 1xN001: =======================================
                         Matrix computation (FPBA)
                         	[FPBA accuracy enhancement is enabled]
                         Version 2015.0 (build 20150116)
                         2020 Aug 24 (Mon): 11:03:35
                         =======================================

DESKTOP-S1T4ESL: 1xN001: ssssssssssssssssssssssssssssssssssssssssssssssssssssssssssssssssssssssssssssssssss
                         The point accuracy has been changed from 0.00% to 4.00% after complexity analysis.
                         ssssssssssssssssssssssssssssssssssssssssssssssssssssssssssssssssssssssssssssssssss

DESKTOP-S1T4ESL: 1xN001: sssssssssssssssssssssssssssssssssss
                         The point accuracy is set to 4.00%.
                         sssssssssssssssssssssssssssssssssss

DESKTOP-S1T4ESL: 1xN001: ==================================
                         Finished matrix computation (FPBA)
                         ==================================

DESKTOP-S1T4ESL: 1xN001: >>>>>>>>>>>>>>>>>>>>>>>>>>>
                         2020 Aug 24 (Mon): 11:03:41
                         >>>>>>>>>>>>>>>>>>>>>>>>>>>



DESKTOP-S1T4ESL: 1xN002: <<<<<<<<<<<<<<<<<<<<<<<<<<<
                         2020 Aug 24 (Mon): 11:03:35
                         <<<<<<<<<<<<<<<<<<<<<<<<<<<

DESKTOP-S1T4ESL: 1xN002: =======================================
                         Matrix computation (FPBA)
                         	[FPBA accuracy enhancement is enabled]
                         Version 2015.0 (build 20150116)
                         2020 Aug 24 (Mon): 11:03:35
                         =======================================

DESKTOP-S1T4ESL: 1xN002: ssssssssssssssssssssssssssssssssssssssssssssssssssssssssssssssssssssssssssssssssss
                         The point accuracy has been changed from 0.00% to 4.00% after complexity analysis.
                         ssssssssssssssssssssssssssssssssssssssssssssssssssssssssssssssssssssssssssssssssss

DESKTOP-S1T4ESL: 1xN002: sssssssssssssssssssssssssssssssssss
                         The point accuracy is set to 4.00%.
                         sssssssssssssssssssssssssssssssssss

DESKTOP-S1T4ESL: 1xN002: ==================================
                         Finished matrix computation (FPBA)
                         ==================================

DESKTOP-S1T4ESL: 1xN002: >>>>>>>>>>>>>>>>>>>>>>>>>>>
                         2020 Aug 24 (Mon): 11:03:43
                         >>>>>>>>>>>>>>>>>>>>>>>>>>>



DESKTOP-S1T4ESL: 1xN003: <<<<<<<<<<<<<<<<<<<<<<<<<<<
                         2020 Aug 24 (Mon): 11:03:35
                         <<<<<<<<<<<<<<<<<<<<<<<<<<<

DESKTOP-S1T4ESL: 1xN003: =======================================
                         Matrix computation (FPBA)
                         	[FPBA accuracy enhancement is enabled]
                         Version 2015.0 (build 20150116)
                         2020 Aug 24 (Mon): 11:03:35
                         =======================================

DESKTOP-S1T4ESL: 1xN003: ssssssssssssssssssssssssssssssssssssssssssssssssssssssssssssssssssssssssssssssssss
                         The point accuracy has been changed from 0.00% to 4.00% after complexity analysis.
                         ssssssssssssssssssssssssssssssssssssssssssssssssssssssssssssssssssssssssssssssssss

DESKTOP-S1T4ESL: 1xN003: sssssssssssssssssssssssssssssssssss
                         The point accuracy is set to 4.00%.
                         sssssssssssssssssssssssssssssssssss

DESKTOP-S1T4ESL: 1xN003: ==================================
                         Finished matrix computation (FPBA)
                         ==================================

DESKTOP-S1T4ESL: 1xN003: >>>>>>>>>>>>>>>>>>>>>>>>>>>
                         2020 Aug 24 (Mon): 11:03:42
                         >>>>>>>>>>>>>>>>>>>>>>>>>>>



DESKTOP-S1T4ESL: >>>>>>>>>>>>>>>>>>>>>>>>>>>
                 2020 Aug 24 (Mon): 11:03:45
                 >>>>>>>>>>>>>>>>>>>>>>>>>>>
                 
