Defined reference frequency for open boundary condition (1.85 GHz) is larger
than the lowest relevant system frequency (monitor at 0.9 GHz).
Please check open boundary settings to ensure accurate monitor results for the
lowest frequency of interest.

--------------------------------------------------------------------------------
Build version: 2015.0 Release from 2015-01-16 (change 344899)

Starting adaptive port meshing.

--------------------------------------------------------------------------------
Mode calculation for port 1:

--------------------------------------------------------------------------------

--------------------------------------------------------------------------------

--------------------------------------------------------------------------------
Number of mesh faces filled with PEC due to fill limit restrictions: 0

--------------------------------------------------------------------------------
  ------------------------------- F-Calc 1.85 --------------------------------
  Port   Mode   Type        Z-Wave        Z-Wave-Sigma  Z-Line        F-Cutoff
  1      1      UNDEF       653           1.04e-009     ---           ---
  ----------------------------------------------------------------------------

Pass 1 successfully completed. 
Adaptive port meshing finished. 

--------------------------------------------------------------------------------

Solver started at: 11:03 AM Monday, 24. August 2020

  Module:  Time Domain: S-Parameter (Win 64)
  Version: 2015.0 Release from 2015-01-16 (change 344899)


--------------------------------------------------------------------------------

--------------------------------------------------------------------------------
======================================================================
 Solver cycle: 1
======================================================================

Stimulation at port 1 (mode 1) 


--------------------------------------------------------------------------------
Units settings: 

  Dimensions: mm
  Frequency:  GHz
  Time:       ns

--------------------------------------------------------------------------------
Number of mesh faces filled with PEC due to fill limit restrictions: 0

--------------------------------------------------------------------------------
Mesh statistics:

   Hexahedral mesh type: FPBA [accuracy enhancement is enabled]

   Parallelization type: domain decomposition
      Number of parallel working threads: 4
      Number of calculation domains used: 4


--------------------------------------------------------------------------------
Boundary conditions: 

  YZsymmetry: none
  XZsymmetry: none
  XYsymmetry: none

  Xmin: expanded open, 4 Layer, depth 29.8528 mm
  Xmax: expanded open, 4 Layer, depth 29.8528 mm

  Ymin: expanded open, 4 Layer, depth 32.41 mm
  Ymax: expanded open, 4 Layer, depth 32.41 mm

  Zmin: expanded open, 4 Layer, depth 30.1172 mm
  Zmax: expanded open, 4 Layer, depth 32.41 mm

  PML-Type: Convolution PML

--------------------------------------------------------------------------------
Frequency settings: 

  Fmin:    0
  Fmax:    3.7
  Nfsteps: 1001

--------------------------------------------------------------------------------
Waveguide boundaries:

Port: 1

  ------------------------------- F-Calc 1.85 --------------------------------
  Port   Mode   Type        Z-Wave        Z-Wave-Sigma  Z-Line        F-Cutoff
  1      1      UNDEF       666           1.05e-008     ---           ---
  ----------------------------------------------------------------------------

  Using first order filter.

--------------------------------------------------------------------------------
  Using first order filter.

--------------------------------------------------------------------------------
*** Warning ***

The following port mode is excited below its cutoff frequency: 1(1). 

--------------------------------------------------------------------------------
*** Warning ***

The first mode at inhomogeneous port 1 is hybrid. This could lead to an
inaccurate energy balance. Please check your structure. More...

--------------------------------------------------------------------------------
Field update statistics:

  Number of components in total: 	1285757
  Number of lossy metal components:	18945

Subcycling state:      Automatically deactivated

--------------------------------------------------------------------------------

--------------------------------------------------------------------------------

--------------------------------------------------------------------------------
*** Warning ***

Maximum simulation time reached, solver stopped.
Please note that the steady state energy criterion has not been satisfied.
More...

--------------------------------------------------------------------------------
Frequency domain results normalized to default signal.

--------------------------------------------------------------------------------

  ----------------------------------------------------------------------------
                      Peak memory used (kB)         Free physical memory (kB) 
                                                    At begin     Minimum      
  ----------------------------------------------------------------------------
  Matrices calc.      296832                        11880356     11712340     
  Solver run total    251156                        12028384     11716968     
  ----------------------------------------------------------------------------

--------------------------------------------------------------------------------
Solver Statistics:

  Hardware:
     Computer name:                 	DESKTOP-S1T4ESL 

     Number of CPU threads:             4
     hardware info:                  	hardware acceleration not activated

  Number of mesh cells:             	206980
  Excitation duration:              	9.60688851e-001 ns 
  Calculation time for excitation:  	2      	s
  Number of calculated pulse widths:	19.9982 
  Steady state accuracy limit:      	-30	dB 
  Simulated number of time steps:   	9716   
  Maximum number of time steps:     	9716   
  Time step width:
     without subcycles:             	1.97736105e-003 ns
     used:                          	1.97736105e-003 ns

  Matrix calculation time:          	12     	s
  Solver setup time:                	2      	s
  Solver loop time:                 	42     	s
  Solver post processing time:      	0      	s
                                    	------------
  Total solver time:                	56     	s

--------------------------------------------------------------------------------

  Adaptive port meshing time:       	3      	s
  Total solver time (all cycles):   	56     	s
                                    	------------
  Total simulation time:            	59     	s

--------------------------------------------------------------------------------
Solver finished at: 11:04 AM Monday, 24. August 2020


--------------------------------------------------------------------------------
Creating parametric 1D results.

--------------------------------------------------------------------------------
