Port monitor named: Port1_h1.prt

nx        = 132
ny        = 80
nz        = 21

nu        = 7
nv        = 14
iu        = 10
iv        = 60

idir      = 1
dcut      = -6.289350e-002
icut      = 6
type      = 1
frequency = 1.850000e+009

fcutoff   = 4.142886e+009
alpha     = 1.099959e+002
beta      = 0.000000e+000
accuracy  = 1.231374e-013

type          = UNDEF
wave imp.     = 6.656083e+002
wave imp.sig. = 1.053711e-008
line imp.     = 0.000000e+000

ref. port     = 0

0.000000e+000  0.000000e+000  0.000000e+000  0.000000e+000  0.000000e+000  0.000000e+000  0.000000e+000  
0.000000e+000  0.000000e+000  0.000000e+000  0.000000e+000  0.000000e+000  0.000000e+000  0.000000e+000  
0.000000e+000  0.000000e+000  0.000000e+000  0.000000e+000  0.000000e+000  0.000000e+000  0.000000e+000  
0.000000e+000  0.000000e+000  0.000000e+000  0.000000e+000  0.000000e+000  0.000000e+000  0.000000e+000  
0.000000e+000  0.000000e+000  0.000000e+000  0.000000e+000  0.000000e+000  0.000000e+000  0.000000e+000  
0.000000e+000  0.000000e+000  0.000000e+000  0.000000e+000  0.000000e+000  0.000000e+000  0.000000e+000  
0.000000e+000  0.000000e+000  0.000000e+000  0.000000e+000  0.000000e+000  0.000000e+000  0.000000e+000  
0.000000e+000  0.000000e+000  0.000000e+000  0.000000e+000  0.000000e+000  0.000000e+000  0.000000e+000  
0.000000e+000  0.000000e+000  0.000000e+000  0.000000e+000  0.000000e+000  0.000000e+000  0.000000e+000  
0.000000e+000  0.000000e+000  0.000000e+000  0.000000e+000  0.000000e+000  0.000000e+000  0.000000e+000  
0.000000e+000  0.000000e+000  0.000000e+000  0.000000e+000  0.000000e+000  0.000000e+000  0.000000e+000  
0.000000e+000  0.000000e+000  0.000000e+000  0.000000e+000  0.000000e+000  0.000000e+000  0.000000e+000  
0.000000e+000  0.000000e+000  0.000000e+000  0.000000e+000  0.000000e+000  0.000000e+000  0.000000e+000  
0.000000e+000  0.000000e+000  0.000000e+000  0.000000e+000  0.000000e+000  0.000000e+000  0.000000e+000  

0.000000e+000  0.000000e+000  0.000000e+000  0.000000e+000  0.000000e+000  0.000000e+000  0.000000e+000  
0.000000e+000  0.000000e+000  0.000000e+000  0.000000e+000  0.000000e+000  0.000000e+000  0.000000e+000  
0.000000e+000  0.000000e+000  0.000000e+000  0.000000e+000  0.000000e+000  0.000000e+000  0.000000e+000  
0.000000e+000  0.000000e+000  0.000000e+000  0.000000e+000  0.000000e+000  0.000000e+000  0.000000e+000  
0.000000e+000  0.000000e+000  0.000000e+000  0.000000e+000  0.000000e+000  0.000000e+000  0.000000e+000  
0.000000e+000  0.000000e+000  0.000000e+000  0.000000e+000  0.000000e+000  0.000000e+000  0.000000e+000  
0.000000e+000  0.000000e+000  0.000000e+000  0.000000e+000  0.000000e+000  0.000000e+000  0.000000e+000  
0.000000e+000  0.000000e+000  0.000000e+000  0.000000e+000  0.000000e+000  0.000000e+000  0.000000e+000  
0.000000e+000  0.000000e+000  0.000000e+000  0.000000e+000  0.000000e+000  0.000000e+000  0.000000e+000  
0.000000e+000  0.000000e+000  0.000000e+000  0.000000e+000  0.000000e+000  0.000000e+000  0.000000e+000  
0.000000e+000  0.000000e+000  0.000000e+000  0.000000e+000  0.000000e+000  0.000000e+000  0.000000e+000  
0.000000e+000  0.000000e+000  0.000000e+000  0.000000e+000  0.000000e+000  0.000000e+000  0.000000e+000  
0.000000e+000  0.000000e+000  0.000000e+000  0.000000e+000  0.000000e+000  0.000000e+000  0.000000e+000  
0.000000e+000  0.000000e+000  0.000000e+000  0.000000e+000  0.000000e+000  0.000000e+000  0.000000e+000  

0.000000e+000  0.000000e+000  0.000000e+000  0.000000e+000  0.000000e+000  0.000000e+000  0.000000e+000  
0.000000e+000  0.000000e+000  0.000000e+000  0.000000e+000  0.000000e+000  0.000000e+000  0.000000e+000  
0.000000e+000  0.000000e+000  0.000000e+000  0.000000e+000  0.000000e+000  0.000000e+000  0.000000e+000  
0.000000e+000  0.000000e+000  0.000000e+000  0.000000e+000  0.000000e+000  0.000000e+000  0.000000e+000  
0.000000e+000  0.000000e+000  0.000000e+000  0.000000e+000  0.000000e+000  0.000000e+000  0.000000e+000  
0.000000e+000  0.000000e+000  0.000000e+000  0.000000e+000  0.000000e+000  0.000000e+000  0.000000e+000  
0.000000e+000  0.000000e+000  0.000000e+000  0.000000e+000  0.000000e+000  0.000000e+000  0.000000e+000  
0.000000e+000  0.000000e+000  0.000000e+000  0.000000e+000  0.000000e+000  0.000000e+000  0.000000e+000  
0.000000e+000  0.000000e+000  0.000000e+000  0.000000e+000  0.000000e+000  0.000000e+000  0.000000e+000  
0.000000e+000  0.000000e+000  0.000000e+000  0.000000e+000  0.000000e+000  0.000000e+000  0.000000e+000  
0.000000e+000  0.000000e+000  0.000000e+000  0.000000e+000  0.000000e+000  0.000000e+000  0.000000e+000  
0.000000e+000  0.000000e+000  0.000000e+000  0.000000e+000  0.000000e+000  0.000000e+000  0.000000e+000  
0.000000e+000  0.000000e+000  0.000000e+000  0.000000e+000  0.000000e+000  0.000000e+000  0.000000e+000  
0.000000e+000  0.000000e+000  0.000000e+000  0.000000e+000  0.000000e+000  0.000000e+000  0.000000e+000  

-9.192742e-001  -9.103316e-001  -8.823939e-001  -8.127184e-001  -7.268456e-001  -6.419636e-001  -5.031671e-001  
-2.486716e+000  -2.455446e+000  -2.354754e+000  -2.092041e+000  -1.779105e+000  -1.489095e+000  -1.074593e+000  
-3.786386e+000  -3.745863e+000  -3.571774e+000  -2.958024e+000  -2.293828e+000  -1.755838e+000  -1.140403e+000  
-4.766993e+000  -4.822714e+000  -4.748860e+000  -3.532428e+000  -2.462315e+000  -1.729604e+000  -1.036396e+000  
-5.338577e+000  -6.068535e+000  -7.186768e+000  -3.881602e+000  -2.230010e+000  -1.396578e+000  -7.704354e-001  
-2.343137e+000  -2.222473e+000  0.000000e+000  -1.986453e+000  -1.197149e+000  -7.409838e-001  -3.955044e-001  
1.196990e-010  1.076199e-010  0.000000e+000  1.895124e-010  2.868697e-010  3.040771e-010  3.399418e-010  
2.343137e+000  2.222473e+000  0.000000e+000  1.986453e+000  1.197149e+000  7.409838e-001  3.955044e-001  
5.338577e+000  6.068535e+000  7.186768e+000  3.881602e+000  2.230010e+000  1.396578e+000  7.704354e-001  
4.766993e+000  4.822714e+000  4.748860e+000  3.532428e+000  2.462315e+000  1.729604e+000  1.036396e+000  
3.786386e+000  3.745863e+000  3.571774e+000  2.958024e+000  2.293828e+000  1.755838e+000  1.140403e+000  
2.486716e+000  2.455446e+000  2.354754e+000  2.092041e+000  1.779105e+000  1.489095e+000  1.074593e+000  
9.192742e-001  9.103316e-001  8.823939e-001  8.127184e-001  7.268456e-001  6.419636e-001  5.031671e-001  
0.000000e+000  0.000000e+000  0.000000e+000  0.000000e+000  0.000000e+000  0.000000e+000  0.000000e+000  

1.501014e-001  4.855989e-001  5.181106e-001  2.888274e-001  1.266801e-001  -3.074846e-002  0.000000e+000  
9.869099e-002  3.236805e-001  2.717077e-001  1.388181e-002  -1.330880e-001  -2.088463e-001  0.000000e+000  
-2.702552e-002  -8.060372e-002  -3.791156e-001  -7.089617e-001  -7.848103e-001  -6.071706e-001  0.000000e+000  
-1.104299e-001  -4.150739e-001  -1.086038e+000  -1.444772e+000  -1.374459e+000  -9.006940e-001  0.000000e+000  
-5.074165e-002  -6.072321e-001  -2.413792e+000  -2.594764e+000  -2.161095e+000  -1.227279e+000  0.000000e+000  
1.030637e+000  3.897573e+000  -6.474871e+000  -4.327152e+000  -3.041846e+000  -1.519522e+000  0.000000e+000  
8.692758e-001  2.675587e+000  -7.456499e+000  -5.020020e+000  -3.443470e+000  -1.653652e+000  0.000000e+000  
8.692758e-001  2.675587e+000  -7.456499e+000  -5.020020e+000  -3.443470e+000  -1.653652e+000  0.000000e+000  
1.030637e+000  3.897573e+000  -6.474871e+000  -4.327152e+000  -3.041846e+000  -1.519522e+000  0.000000e+000  
-5.074165e-002  -6.072321e-001  -2.413792e+000  -2.594764e+000  -2.161095e+000  -1.227279e+000  0.000000e+000  
-1.104299e-001  -4.150739e-001  -1.086038e+000  -1.444772e+000  -1.374459e+000  -9.006940e-001  0.000000e+000  
-2.702552e-002  -8.060372e-002  -3.791156e-001  -7.089617e-001  -7.848103e-001  -6.071706e-001  0.000000e+000  
9.869099e-002  3.236805e-001  2.717077e-001  1.388181e-002  -1.330880e-001  -2.088463e-001  0.000000e+000  
1.501014e-001  4.855989e-001  5.181106e-001  2.888274e-001  1.266801e-001  -3.074846e-002  0.000000e+000  

4.896060e-002  1.567297e-001  1.908173e-001  1.522155e-001  1.158023e-001  6.087940e-002  -0.000000e+000  
1.215790e-001  3.894992e-001  4.671323e-001  3.608160e-001  2.665709e-001  1.334431e-001  -0.000000e+000  
1.615875e-001  5.192038e-001  6.044196e-001  4.396295e-001  3.094944e-001  1.449134e-001  -0.000000e+000  
1.815117e-001  5.892338e-001  6.595586e-001  4.477068e-001  3.008967e-001  1.336324e-001  -0.000000e+000  
1.797202e-001  6.217000e-001  6.338793e-001  3.790850e-001  2.393616e-001  1.005493e-001  -0.000000e+000  
7.777228e-002  2.390457e-001  3.196931e-001  1.995935e-001  1.258384e-001  5.188730e-002  -0.000000e+000  
-0.000000e+000  -0.000000e+000  -0.000000e+000  -0.000000e+000  -0.000000e+000  -0.000000e+000  -0.000000e+000  
-7.777228e-002  -2.390457e-001  -3.196931e-001  -1.995935e-001  -1.258384e-001  -5.188730e-002  -0.000000e+000  
-1.797202e-001  -6.217000e-001  -6.338793e-001  -3.790850e-001  -2.393616e-001  -1.005493e-001  -0.000000e+000  
-1.815117e-001  -5.892338e-001  -6.595586e-001  -4.477068e-001  -3.008967e-001  -1.336324e-001  -0.000000e+000  
-1.615875e-001  -5.192038e-001  -6.044196e-001  -4.396295e-001  -3.094944e-001  -1.449134e-001  -0.000000e+000  
-1.215790e-001  -3.894992e-001  -4.671323e-001  -3.608160e-001  -2.665709e-001  -1.334431e-001  -0.000000e+000  
-4.896060e-002  -1.567297e-001  -1.908173e-001  -1.522155e-001  -1.158023e-001  -6.087940e-002  -0.000000e+000  
-0.000000e+000  -0.000000e+000  -0.000000e+000  -0.000000e+000  -0.000000e+000  -0.000000e+000  -0.000000e+000  

