Port monitor named: Port1_e1.prt

nx        = 132
ny        = 80
nz        = 21

nu        = 7
nv        = 14
iu        = 10
iv        = 60

idir      = 1
dcut      = -6.289350e-002
icut      = 6
type      = 0
frequency = 1.850000e+009

fcutoff   = 4.142886e+009
alpha     = 1.099959e+002
beta      = 0.000000e+000
accuracy  = 1.231374e-013

type          = UNDEF
wave imp.     = 6.656083e+002
wave imp.sig. = 1.053711e-008
line imp.     = 0.000000e+000

ref. port     = 0

3.085139e+001  9.720127e+001  4.923248e+002  5.257571e+002  4.994359e+002  3.666016e+002  0.000000e+000  
4.206127e+001  1.325813e+002  6.711061e+002  7.110313e+002  6.668674e+002  4.757043e+002  0.000000e+000  
6.871761e+001  2.206368e+002  1.131373e+003  1.174593e+003  1.065813e+003  7.095870e+002  0.000000e+000  
7.838086e+001  2.837187e+002  1.593284e+003  1.607468e+003  1.401501e+003  8.741136e+002  0.000000e+000  
1.147878e+001  2.581961e+002  2.378278e+003  2.234796e+003  1.826909e+003  1.052107e+003  0.000000e+000  
-5.638654e+002  -2.125330e+003  4.232552e+003  3.089319e+003  2.279925e+003  1.207747e+003  0.000000e+000  
-4.743768e+002  -1.459212e+003  4.963108e+003  3.488399e+003  2.496969e+003  1.279452e+003  0.000000e+000  
-4.743768e+002  -1.459212e+003  4.963108e+003  3.488399e+003  2.496969e+003  1.279452e+003  0.000000e+000  
-5.638654e+002  -2.125330e+003  4.232552e+003  3.089319e+003  2.279925e+003  1.207747e+003  0.000000e+000  
1.147878e+001  2.581961e+002  2.378278e+003  2.234796e+003  1.826909e+003  1.052107e+003  0.000000e+000  
7.838086e+001  2.837187e+002  1.593284e+003  1.607468e+003  1.401501e+003  8.741136e+002  0.000000e+000  
6.871761e+001  2.206368e+002  1.131373e+003  1.174593e+003  1.065813e+003  7.095870e+002  0.000000e+000  
4.206127e+001  1.325813e+002  6.711061e+002  7.110313e+002  6.668674e+002  4.757043e+002  0.000000e+000  
3.085139e+001  9.720127e+001  4.923248e+002  5.257571e+002  4.994359e+002  3.666016e+002  0.000000e+000  

-6.474346e+002  -6.439401e+002  -6.328845e+002  -5.604046e+002  -4.861019e+002  -4.193416e+002  -3.204185e+002  
-1.669995e+003  -1.659595e+003  -1.625384e+003  -1.387064e+003  -1.148987e+003  -9.448774e+002  -6.720752e+002  
-2.366532e+003  -2.358224e+003  -2.310385e+003  -1.845741e+003  -1.412560e+003  -1.077193e+003  -7.014604e+002  
-2.815205e+003  -2.857198e+003  -2.867009e+003  -2.083906e+003  -1.459501e+003  -1.036123e+003  -6.305762e+002  
-2.976324e+003  -3.353951e+003  -3.889753e+003  -2.114243e+003  -1.267803e+003  -8.183902e+002  -4.644387e+002  
-1.298028e+003  -1.226302e+003  0.000000e+000  -1.164173e+003  -6.906102e+002  -4.327506e+002  -2.374560e+002  
0.000000e+000  0.000000e+000  0.000000e+000  0.000000e+000  0.000000e+000  0.000000e+000  0.000000e+000  
1.298028e+003  1.226302e+003  0.000000e+000  1.164173e+003  6.906102e+002  4.327506e+002  2.374560e+002  
2.976324e+003  3.353951e+003  3.889753e+003  2.114243e+003  1.267803e+003  8.183902e+002  4.644387e+002  
2.815205e+003  2.857198e+003  2.867009e+003  2.083906e+003  1.459501e+003  1.036123e+003  6.305762e+002  
2.366532e+003  2.358224e+003  2.310385e+003  1.845741e+003  1.412560e+003  1.077193e+003  7.014604e+002  
1.669995e+003  1.659595e+003  1.625384e+003  1.387064e+003  1.148987e+003  9.448774e+002  6.720752e+002  
6.474346e+002  6.439401e+002  6.328845e+002  5.604046e+002  4.861019e+002  4.193416e+002  3.204185e+002  
0.000000e+000  0.000000e+000  0.000000e+000  0.000000e+000  0.000000e+000  0.000000e+000  0.000000e+000  

-2.564137e+003  -2.565119e+003  -2.568061e+003  -2.624756e+003  -2.690002e+003  -2.754607e+003  -2.868121e+003  
-2.297572e+003  -2.300176e+003  -2.308232e+003  -2.393240e+003  -2.488176e+003  -2.579812e+003  -2.733979e+003  
-1.761778e+003  -1.768280e+003  -1.789082e+003  -1.947273e+003  -2.117114e+003  -2.273740e+003  -2.515727e+003  
-1.370891e+003  -1.379258e+003  -1.409727e+003  -1.642319e+003  -1.883186e+003  -2.095232e+003  -2.399537e+003  
-9.011430e+002  -9.027811e+002  -9.332496e+002  -1.294528e+003  -1.639816e+003  -1.922794e+003  -2.294886e+003  
-3.991056e+002  -3.360949e+002  0.000000e+000  -9.362881e+002  -1.426764e+003  -1.786041e+003  -2.217679e+003  
-2.162015e+002  -1.631646e+002  0.000000e+000  -7.739820e+002  -1.330198e+003  -1.725669e+003  -2.184719e+003  
-2.162015e+002  -1.631646e+002  0.000000e+000  -7.739820e+002  -1.330198e+003  -1.725669e+003  -2.184719e+003  
-3.991056e+002  -3.360949e+002  0.000000e+000  -9.362881e+002  -1.426764e+003  -1.786041e+003  -2.217679e+003  
-9.011430e+002  -9.027811e+002  -9.332496e+002  -1.294528e+003  -1.639816e+003  -1.922794e+003  -2.294886e+003  
-1.370891e+003  -1.379258e+003  -1.409727e+003  -1.642319e+003  -1.883186e+003  -2.095232e+003  -2.399537e+003  
-1.761778e+003  -1.768280e+003  -1.789082e+003  -1.947273e+003  -2.117114e+003  -2.273740e+003  -2.515727e+003  
-2.297572e+003  -2.300176e+003  -2.308232e+003  -2.393240e+003  -2.488176e+003  -2.579812e+003  -2.733979e+003  
-2.564137e+003  -2.565119e+003  -2.568061e+003  -2.624756e+003  -2.690002e+003  -2.754607e+003  -2.868121e+003  

0.000000e+000  0.000000e+000  0.000000e+000  0.000000e+000  0.000000e+000  0.000000e+000  0.000000e+000  
0.000000e+000  0.000000e+000  0.000000e+000  0.000000e+000  0.000000e+000  0.000000e+000  0.000000e+000  
0.000000e+000  0.000000e+000  0.000000e+000  0.000000e+000  0.000000e+000  0.000000e+000  0.000000e+000  
0.000000e+000  0.000000e+000  0.000000e+000  0.000000e+000  0.000000e+000  0.000000e+000  0.000000e+000  
0.000000e+000  0.000000e+000  0.000000e+000  0.000000e+000  0.000000e+000  0.000000e+000  0.000000e+000  
0.000000e+000  0.000000e+000  0.000000e+000  0.000000e+000  0.000000e+000  0.000000e+000  0.000000e+000  
0.000000e+000  0.000000e+000  0.000000e+000  0.000000e+000  0.000000e+000  0.000000e+000  0.000000e+000  
0.000000e+000  0.000000e+000  0.000000e+000  0.000000e+000  0.000000e+000  0.000000e+000  0.000000e+000  
0.000000e+000  0.000000e+000  0.000000e+000  0.000000e+000  0.000000e+000  0.000000e+000  0.000000e+000  
0.000000e+000  0.000000e+000  0.000000e+000  0.000000e+000  0.000000e+000  0.000000e+000  0.000000e+000  
0.000000e+000  0.000000e+000  0.000000e+000  0.000000e+000  0.000000e+000  0.000000e+000  0.000000e+000  
0.000000e+000  0.000000e+000  0.000000e+000  0.000000e+000  0.000000e+000  0.000000e+000  0.000000e+000  
0.000000e+000  0.000000e+000  0.000000e+000  0.000000e+000  0.000000e+000  0.000000e+000  0.000000e+000  
0.000000e+000  0.000000e+000  0.000000e+000  0.000000e+000  0.000000e+000  0.000000e+000  0.000000e+000  

0.000000e+000  0.000000e+000  0.000000e+000  0.000000e+000  0.000000e+000  0.000000e+000  0.000000e+000  
0.000000e+000  0.000000e+000  0.000000e+000  0.000000e+000  0.000000e+000  0.000000e+000  0.000000e+000  
0.000000e+000  0.000000e+000  0.000000e+000  0.000000e+000  0.000000e+000  0.000000e+000  0.000000e+000  
0.000000e+000  0.000000e+000  0.000000e+000  0.000000e+000  0.000000e+000  0.000000e+000  0.000000e+000  
0.000000e+000  0.000000e+000  0.000000e+000  0.000000e+000  0.000000e+000  0.000000e+000  0.000000e+000  
0.000000e+000  0.000000e+000  0.000000e+000  0.000000e+000  0.000000e+000  0.000000e+000  0.000000e+000  
0.000000e+000  0.000000e+000  0.000000e+000  0.000000e+000  0.000000e+000  0.000000e+000  0.000000e+000  
0.000000e+000  0.000000e+000  0.000000e+000  0.000000e+000  0.000000e+000  0.000000e+000  0.000000e+000  
0.000000e+000  0.000000e+000  0.000000e+000  0.000000e+000  0.000000e+000  0.000000e+000  0.000000e+000  
0.000000e+000  0.000000e+000  0.000000e+000  0.000000e+000  0.000000e+000  0.000000e+000  0.000000e+000  
0.000000e+000  0.000000e+000  0.000000e+000  0.000000e+000  0.000000e+000  0.000000e+000  0.000000e+000  
0.000000e+000  0.000000e+000  0.000000e+000  0.000000e+000  0.000000e+000  0.000000e+000  0.000000e+000  
0.000000e+000  0.000000e+000  0.000000e+000  0.000000e+000  0.000000e+000  0.000000e+000  0.000000e+000  
0.000000e+000  0.000000e+000  0.000000e+000  0.000000e+000  0.000000e+000  0.000000e+000  0.000000e+000  

0.000000e+000  0.000000e+000  0.000000e+000  0.000000e+000  0.000000e+000  0.000000e+000  0.000000e+000  
0.000000e+000  0.000000e+000  0.000000e+000  0.000000e+000  0.000000e+000  0.000000e+000  0.000000e+000  
0.000000e+000  0.000000e+000  0.000000e+000  0.000000e+000  0.000000e+000  0.000000e+000  0.000000e+000  
0.000000e+000  0.000000e+000  0.000000e+000  0.000000e+000  0.000000e+000  0.000000e+000  0.000000e+000  
0.000000e+000  0.000000e+000  0.000000e+000  0.000000e+000  0.000000e+000  0.000000e+000  0.000000e+000  
0.000000e+000  0.000000e+000  0.000000e+000  0.000000e+000  0.000000e+000  0.000000e+000  0.000000e+000  
0.000000e+000  0.000000e+000  0.000000e+000  0.000000e+000  0.000000e+000  0.000000e+000  0.000000e+000  
0.000000e+000  0.000000e+000  0.000000e+000  0.000000e+000  0.000000e+000  0.000000e+000  0.000000e+000  
0.000000e+000  0.000000e+000  0.000000e+000  0.000000e+000  0.000000e+000  0.000000e+000  0.000000e+000  
0.000000e+000  0.000000e+000  0.000000e+000  0.000000e+000  0.000000e+000  0.000000e+000  0.000000e+000  
0.000000e+000  0.000000e+000  0.000000e+000  0.000000e+000  0.000000e+000  0.000000e+000  0.000000e+000  
0.000000e+000  0.000000e+000  0.000000e+000  0.000000e+000  0.000000e+000  0.000000e+000  0.000000e+000  
0.000000e+000  0.000000e+000  0.000000e+000  0.000000e+000  0.000000e+000  0.000000e+000  0.000000e+000  
0.000000e+000  0.000000e+000  0.000000e+000  0.000000e+000  0.000000e+000  0.000000e+000  0.000000e+000  

