Port monitor named: Port1_e1.prt

nx        = 116
ny        = 89
nz        = 21

nu        = 9
nv        = 106
iu        = 8
iv        = 6

idir      = 1
dcut      = -1.030000e-001
icut      = 6
type      = 0
frequency = 1.800000e+009

fcutoff   = 0.000000e+000
alpha     = 0.000000e+000
beta      = 6.981593e+001
accuracy  = 3.830373e-014

type          = QTEM
wave imp.     = 2.044684e+002
wave imp.sig. = 9.104024e-011
line imp.     = 4.906892e+001

ref. port     = 0

-0.000000e+000  -0.000000e+000  -0.000000e+000  -0.000000e+000  -0.000000e+000  -1.246700e-009  -1.198503e-009  -8.924057e-010  -0.000000e+000  
-0.000000e+000  -0.000000e+000  -0.000000e+000  -2.363783e-009  -2.981083e-009  -3.232362e-009  -3.013545e-009  -2.101661e-009  -0.000000e+000  
-0.000000e+000  -0.000000e+000  -2.353436e-009  -3.601649e-009  -4.960243e-009  -5.169140e-009  -4.559157e-009  -2.934474e-009  -0.000000e+000  
-0.000000e+000  -0.000000e+000  -2.436881e-009  -5.364133e-009  -8.670345e-009  -8.103897e-009  -6.616786e-009  -3.943966e-009  -0.000000e+000  
3.647469e-009  1.101989e-008  -8.878790e-009  -8.078849e-009  -1.783690e-008  -1.217538e-008  -8.940536e-009  -5.025311e-009  -0.000000e+000  
1.890018e-009  4.532856e-009  -6.597723e-009  -5.204722e-009  -1.691495e-008  -1.345379e-008  -1.043143e-008  -6.053195e-009  -0.000000e+000  
-0.000000e+000  -0.000000e+000  -4.763178e-009  -4.261700e-009  -1.648165e-008  -1.427230e-008  -1.164845e-008  -7.098961e-009  -0.000000e+000  
-0.000000e+000  -0.000000e+000  -4.403638e-009  -4.186791e-009  -1.738085e-008  -1.570337e-008  -1.323175e-008  -8.375872e-009  -0.000000e+000  
-0.000000e+000  -0.000000e+000  -6.438805e-009  -6.257393e-009  -2.662914e-008  -2.457068e-008  -2.114441e-008  -1.384366e-008  -0.000000e+000  
-0.000000e+000  -0.000000e+000  -1.262990e-008  -1.229351e-008  -5.241440e-008  -4.846546e-008  -4.181448e-008  -2.751077e-008  -0.000000e+000  
-0.000000e+000  -0.000000e+000  -2.649393e-008  -2.579074e-008  -1.099743e-007  -1.017041e-007  -8.776626e-008  -5.777011e-008  -0.000000e+000  
-0.000000e+000  -0.000000e+000  -5.639812e-008  -5.490144e-008  -2.341054e-007  -2.165028e-007  -1.868354e-007  -1.229857e-007  -0.000000e+000  
-0.000000e+000  -0.000000e+000  -1.204380e-007  -1.172417e-007  -4.999336e-007  -4.623437e-007  -3.989891e-007  -2.626381e-007  -0.000000e+000  
-0.000000e+000  -0.000000e+000  -2.573749e-007  -2.505445e-007  -1.068353e-006  -9.880237e-007  -8.526354e-007  -5.612550e-007  -0.000000e+000  
-0.000000e+000  -0.000000e+000  -5.500910e-007  -5.354921e-007  -2.283408e-006  -2.111719e-006  -1.822352e-006  -1.199579e-006  -0.000000e+000  
-0.000000e+000  -0.000000e+000  -1.175758e-006  -1.144554e-006  -4.880525e-006  -4.513560e-006  -3.895069e-006  -2.563964e-006  -0.000000e+000  
-0.000000e+000  -0.000000e+000  -2.513066e-006  -2.446372e-006  -1.043164e-005  -9.647290e-006  -8.325326e-006  -5.480220e-006  -0.000000e+000  
-0.000000e+000  -0.000000e+000  -5.371438e-006  -5.228886e-006  -2.229663e-005  -2.062016e-005  -1.779459e-005  -1.171345e-005  -0.000000e+000  
-0.000000e+000  -0.000000e+000  -1.148094e-005  -1.117625e-005  -4.765694e-005  -4.407363e-005  -3.803424e-005  -2.503638e-005  -0.000000e+000  
-0.000000e+000  -0.000000e+000  -2.453941e-005  -2.388816e-005  -1.018622e-004  -9.420320e-005  -8.129458e-005  -5.351288e-005  -0.000000e+000  
-0.000000e+000  -0.000000e+000  -5.245066e-005  -5.105868e-005  -2.177207e-004  -2.013504e-004  -1.737594e-004  -1.143787e-004  -0.000000e+000  
-0.000000e+000  -0.000000e+000  -1.121083e-004  -1.091331e-004  -4.653573e-004  -4.303673e-004  -3.713942e-004  -2.444735e-004  -0.000000e+000  
-0.000000e+000  -0.000000e+000  -2.275347e-004  -2.214962e-004  -9.444881e-004  -8.734724e-004  -7.537809e-004  -4.961829e-004  -0.000000e+000  
-0.000000e+000  -0.000000e+000  -3.030854e-004  -2.950419e-004  -1.258096e-003  -1.163500e-003  -1.004066e-003  -6.609355e-004  -0.000000e+000  
-0.000000e+000  -0.000000e+000  -4.017202e-004  -3.910590e-004  -1.667526e-003  -1.542145e-003  -1.330825e-003  -8.760276e-004  -0.000000e+000  
-0.000000e+000  -0.000000e+000  -5.309517e-004  -5.168608e-004  -2.203960e-003  -2.038245e-003  -1.758946e-003  -1.157841e-003  -0.000000e+000  
-0.000000e+000  -0.000000e+000  -6.995172e-004  -6.809528e-004  -2.903670e-003  -2.685344e-003  -2.317372e-003  -1.525431e-003  -0.000000e+000  
-0.000000e+000  -0.000000e+000  -9.207420e-004  -8.963065e-004  -3.821965e-003  -3.534593e-003  -3.050249e-003  -2.007853e-003  -0.000000e+000  
-0.000000e+000  -0.000000e+000  -1.211280e-003  -1.179134e-003  -5.027976e-003  -4.649924e-003  -4.012747e-003  -2.641426e-003  -0.000000e+000  
-0.000000e+000  -0.000000e+000  -2.356311e-003  -2.293777e-003  -9.780958e-003  -9.045531e-003  -7.806025e-003  -5.138383e-003  -0.000000e+000  
-0.000000e+000  -0.000000e+000  -4.918854e-003  -4.788313e-003  -2.041798e-002  -1.888275e-002  -1.629525e-002  -1.072648e-002  -0.000000e+000  
-0.000000e+000  -0.000000e+000  -1.033674e-002  -1.006241e-002  -4.290738e-002  -3.968116e-002  -3.424364e-002  -2.254112e-002  -0.000000e+000  
-0.000000e+000  -0.000000e+000  -2.175501e-002  -2.117764e-002  -9.030409e-002  -8.351401e-002  -7.206993e-002  -4.744036e-002  -0.000000e+000  
-0.000000e+000  -0.000000e+000  -4.320453e-002  -4.205785e-002  -1.793396e-001  -1.658544e-001  -1.431264e-001  -9.421263e-002  -0.000000e+000  
-0.000000e+000  -0.000000e+000  -5.741506e-002  -5.589115e-002  -2.383260e-001  -2.204047e-001  -1.902004e-001  -1.251976e-001  -0.000000e+000  
-0.000000e+000  -0.000000e+000  -7.594828e-002  -7.393233e-002  -3.152548e-001  -2.915475e-001  -2.515921e-001  -1.656054e-001  -0.000000e+000  
-0.000000e+000  -0.000000e+000  -1.001999e-001  -9.753998e-002  -4.159187e-001  -3.846389e-001  -3.319225e-001  -2.184760e-001  -0.000000e+000  
-0.000000e+000  -0.000000e+000  -1.316628e-001  -1.281671e-001  -5.465125e-001  -5.054062e-001  -4.361314e-001  -2.870575e-001  -0.000000e+000  
-0.000000e+000  -0.000000e+000  -1.728562e-001  -1.682657e-001  -7.174895e-001  -6.635131e-001  -5.725535e-001  -3.768284e-001  -0.000000e+000  
-0.000000e+000  -0.000000e+000  -2.268275e-001  -2.208016e-001  -9.414917e-001  -8.706437e-001  -7.512620e-001  -4.944043e-001  -0.000000e+000  
-0.000000e+000  -0.000000e+000  -4.271803e-001  -4.158163e-001  -1.772945e+000  -1.639388e+000  -1.414407e+000  -9.305253e-001  -0.000000e+000  
-0.000000e+000  -0.000000e+000  -8.716665e-001  -8.483842e-001  -3.616800e+000  -3.343497e+000  -2.883521e+000  -1.895306e+000  -0.000000e+000  
-0.000000e+000  -0.000000e+000  -1.792863e+000  -1.744419e+000  -7.433717e+000  -6.867147e+000  -5.916034e+000  -3.878873e+000  -0.000000e+000  
-0.000000e+000  -0.000000e+000  -3.706366e+000  -3.602782e+000  -1.533462e+001  -1.413805e+001  -1.214433e+001  -7.909826e+000  -0.000000e+000  
-0.000000e+000  -0.000000e+000  -7.744094e+000  -7.504417e+000  -3.182008e+001  -2.917235e+001  -2.485949e+001  -1.591040e+001  -0.000000e+000  
-0.000000e+000  -0.000000e+000  -1.671300e+001  -1.601593e+001  -6.700690e+001  -6.040644e+001  -5.036064e+001  -3.079203e+001  -0.000000e+000  
-0.000000e+000  -0.000000e+000  -4.013563e+001  -3.685217e+001  -1.463624e+002  -1.251619e+002  -9.815395e+001  -5.323789e+001  -0.000000e+000  
-0.000000e+000  -0.000000e+000  -1.192925e+002  -9.633541e+001  -3.177923e+002  -2.317501e+002  -1.536884e+002  -6.037541e+001  -0.000000e+000  
-0.000000e+000  -0.000000e+000  -2.646822e+002  -1.865307e+002  -4.541345e+002  -2.617160e+002  -1.378755e+002  -3.406389e+001  -0.000000e+000  
-0.000000e+000  -0.000000e+000  -6.346413e+002  -4.095800e+002  -5.939786e+002  -2.102761e+002  -5.186232e+001  1.968735e+001  -0.000000e+000  
-0.000000e+000  -0.000000e+000  -1.651653e+003  -1.159783e+003  -4.394204e+002  1.127284e+002  1.713103e+002  1.033337e+002  -0.000000e+000  
-0.000000e+000  -0.000000e+000  -3.303867e+003  -3.838802e+003  1.633286e+003  7.331526e+002  4.147159e+002  1.666127e+002  -0.000000e+000  
-0.000000e+000  -0.000000e+000  -4.132541e+003  -4.613818e+003  1.739133e+003  9.760810e+002  5.565016e+002  2.073289e+002  -0.000000e+000  
-0.000000e+000  -0.000000e+000  -4.132541e+003  -4.613818e+003  1.739133e+003  9.760810e+002  5.565016e+002  2.073289e+002  -0.000000e+000  
-0.000000e+000  -0.000000e+000  -3.303867e+003  -3.838802e+003  1.633286e+003  7.331526e+002  4.147159e+002  1.666127e+002  -0.000000e+000  
-0.000000e+000  -0.000000e+000  -1.651653e+003  -1.159783e+003  -4.394204e+002  1.127284e+002  1.713103e+002  1.033337e+002  -0.000000e+000  
-0.000000e+000  -0.000000e+000  -6.346413e+002  -4.095800e+002  -5.939786e+002  -2.102761e+002  -5.186232e+001  1.968735e+001  -0.000000e+000  
-0.000000e+000  -0.000000e+000  -2.646822e+002  -1.865307e+002  -4.541345e+002  -2.617160e+002  -1.378755e+002  -3.406389e+001  -0.000000e+000  
-0.000000e+000  -0.000000e+000  -1.192925e+002  -9.633541e+001  -3.177923e+002  -2.317501e+002  -1.536884e+002  -6.037541e+001  -0.000000e+000  
-0.000000e+000  -0.000000e+000  -4.013563e+001  -3.685217e+001  -1.463624e+002  -1.251619e+002  -9.815395e+001  -5.323789e+001  -0.000000e+000  
-0.000000e+000  -0.000000e+000  -1.671300e+001  -1.601593e+001  -6.700690e+001  -6.040644e+001  -5.036064e+001  -3.079203e+001  -0.000000e+000  
-0.000000e+000  -0.000000e+000  -7.744094e+000  -7.504417e+000  -3.182008e+001  -2.917235e+001  -2.485949e+001  -1.591040e+001  -0.000000e+000  
-0.000000e+000  -0.000000e+000  -3.706366e+000  -3.602782e+000  -1.533462e+001  -1.413805e+001  -1.214433e+001  -7.909826e+000  -0.000000e+000  
-0.000000e+000  -0.000000e+000  -1.792863e+000  -1.744419e+000  -7.433717e+000  -6.867147e+000  -5.916034e+000  -3.878873e+000  -0.000000e+000  
-0.000000e+000  -0.000000e+000  -8.716665e-001  -8.483842e-001  -3.616800e+000  -3.343497e+000  -2.883521e+000  -1.895306e+000  -0.000000e+000  
-0.000000e+000  -0.000000e+000  -4.271803e-001  -4.158163e-001  -1.772945e+000  -1.639388e+000  -1.414407e+000  -9.305253e-001  -0.000000e+000  
-0.000000e+000  -0.000000e+000  -2.268275e-001  -2.208016e-001  -9.414917e-001  -8.706437e-001  -7.512620e-001  -4.944043e-001  -0.000000e+000  
-0.000000e+000  -0.000000e+000  -1.728562e-001  -1.682657e-001  -7.174895e-001  -6.635131e-001  -5.725535e-001  -3.768284e-001  -0.000000e+000  
-0.000000e+000  -0.000000e+000  -1.316628e-001  -1.281671e-001  -5.465125e-001  -5.054062e-001  -4.361314e-001  -2.870575e-001  -0.000000e+000  
-0.000000e+000  -0.000000e+000  -1.001999e-001  -9.753998e-002  -4.159187e-001  -3.846389e-001  -3.319225e-001  -2.184760e-001  -0.000000e+000  
-0.000000e+000  -0.000000e+000  -7.594828e-002  -7.393233e-002  -3.152548e-001  -2.915475e-001  -2.515921e-001  -1.656054e-001  -0.000000e+000  
-0.000000e+000  -0.000000e+000  -5.741506e-002  -5.589115e-002  -2.383260e-001  -2.204047e-001  -1.902004e-001  -1.251976e-001  -0.000000e+000  
-0.000000e+000  -0.000000e+000  -4.320453e-002  -4.205785e-002  -1.793396e-001  -1.658544e-001  -1.431264e-001  -9.421263e-002  -0.000000e+000  
-0.000000e+000  -0.000000e+000  -2.175501e-002  -2.117764e-002  -9.030409e-002  -8.351401e-002  -7.206993e-002  -4.744036e-002  -0.000000e+000  
-0.000000e+000  -0.000000e+000  -1.033674e-002  -1.006241e-002  -4.290738e-002  -3.968116e-002  -3.424364e-002  -2.254112e-002  -0.000000e+000  
-0.000000e+000  -0.000000e+000  -4.918854e-003  -4.788313e-003  -2.041798e-002  -1.888275e-002  -1.629525e-002  -1.072648e-002  -0.000000e+000  
-0.000000e+000  -0.000000e+000  -2.356311e-003  -2.293777e-003  -9.780958e-003  -9.045531e-003  -7.806025e-003  -5.138383e-003  -0.000000e+000  
-0.000000e+000  -0.000000e+000  -1.211280e-003  -1.179134e-003  -5.027976e-003  -4.649924e-003  -4.012747e-003  -2.641426e-003  -0.000000e+000  
-0.000000e+000  -0.000000e+000  -9.207420e-004  -8.963065e-004  -3.821965e-003  -3.534593e-003  -3.050249e-003  -2.007853e-003  -0.000000e+000  
-0.000000e+000  -0.000000e+000  -6.995172e-004  -6.809528e-004  -2.903670e-003  -2.685344e-003  -2.317372e-003  -1.525431e-003  -0.000000e+000  
-0.000000e+000  -0.000000e+000  -5.309517e-004  -5.168608e-004  -2.203960e-003  -2.038245e-003  -1.758946e-003  -1.157841e-003  -0.000000e+000  
-0.000000e+000  -0.000000e+000  -4.017202e-004  -3.910590e-004  -1.667526e-003  -1.542145e-003  -1.330825e-003  -8.760276e-004  -0.000000e+000  
-0.000000e+000  -0.000000e+000  -3.030854e-004  -2.950419e-004  -1.258096e-003  -1.163500e-003  -1.004066e-003  -6.609355e-004  -0.000000e+000  
-0.000000e+000  -0.000000e+000  -2.275347e-004  -2.214962e-004  -9.444881e-004  -8.734724e-004  -7.537809e-004  -4.961829e-004  -0.000000e+000  
-0.000000e+000  -0.000000e+000  -1.121083e-004  -1.091331e-004  -4.653573e-004  -4.303673e-004  -3.713943e-004  -2.444735e-004  -0.000000e+000  
-0.000000e+000  -0.000000e+000  -5.245067e-005  -5.105869e-005  -2.177207e-004  -2.013504e-004  -1.737594e-004  -1.143787e-004  -0.000000e+000  
-0.000000e+000  -0.000000e+000  -2.453942e-005  -2.388817e-005  -1.018622e-004  -9.420321e-005  -8.129459e-005  -5.351288e-005  -0.000000e+000  
-0.000000e+000  -0.000000e+000  -1.148094e-005  -1.117625e-005  -4.765695e-005  -4.407364e-005  -3.803425e-005  -2.503638e-005  -0.000000e+000  
-0.000000e+000  -0.000000e+000  -5.371441e-006  -5.228889e-006  -2.229665e-005  -2.062017e-005  -1.779460e-005  -1.171345e-005  -0.000000e+000  
-0.000000e+000  -0.000000e+000  -2.513068e-006  -2.446374e-006  -1.043165e-005  -9.647300e-006  -8.325335e-006  -5.480226e-006  -0.000000e+000  
-0.000000e+000  -0.000000e+000  -1.175760e-006  -1.144556e-006  -4.880535e-006  -4.513570e-006  -3.895078e-006  -2.563969e-006  -0.000000e+000  
-0.000000e+000  -0.000000e+000  -5.500927e-007  -5.354938e-007  -2.283414e-006  -2.111725e-006  -1.822356e-006  -1.199582e-006  -0.000000e+000  
-0.000000e+000  -0.000000e+000  -2.573752e-007  -2.505447e-007  -1.068354e-006  -9.880251e-007  -8.526364e-007  -5.612559e-007  -0.000000e+000  
-0.000000e+000  -0.000000e+000  -1.204375e-007  -1.172413e-007  -4.999322e-007  -4.623427e-007  -3.989879e-007  -2.626370e-007  -0.000000e+000  
-0.000000e+000  -0.000000e+000  -5.639707e-008  -5.490054e-008  -2.341032e-007  -2.165007e-007  -1.868333e-007  -1.229847e-007  -0.000000e+000  
-0.000000e+000  -0.000000e+000  -2.649374e-008  -2.579057e-008  -1.099729e-007  -1.017030e-007  -8.776516e-008  -5.776976e-008  -0.000000e+000  
-0.000000e+000  -0.000000e+000  -1.263014e-008  -1.229360e-008  -5.241625e-008  -4.846691e-008  -4.181564e-008  -2.751151e-008  -0.000000e+000  
-0.000000e+000  -0.000000e+000  -6.439987e-009  -6.258345e-009  -2.663353e-008  -2.457453e-008  -2.114775e-008  -1.384631e-008  -0.000000e+000  
-0.000000e+000  -0.000000e+000  -4.405279e-009  -4.188244e-009  -1.738759e-008  -1.570934e-008  -1.323678e-008  -8.379253e-009  -0.000000e+000  
-0.000000e+000  -0.000000e+000  -4.764776e-009  -4.263326e-009  -1.648890e-008  -1.427899e-008  -1.165369e-008  -7.102226e-009  -0.000000e+000  
1.890797e-009  4.534170e-009  -6.600329e-009  -5.206807e-009  -1.692261e-008  -1.346014e-008  -1.043632e-008  -6.056037e-009  -0.000000e+000  
3.648132e-009  1.102342e-008  -8.882090e-009  -8.081830e-009  -1.784388e-008  -1.218037e-008  -8.944368e-009  -5.027557e-009  -0.000000e+000  
-0.000000e+000  -0.000000e+000  -2.438095e-009  -5.365911e-009  -8.673397e-009  -8.106706e-009  -6.619355e-009  -3.945387e-009  -0.000000e+000  
-0.000000e+000  -0.000000e+000  -2.353494e-009  -3.602937e-009  -4.961878e-009  -5.170688e-009  -4.560586e-009  -2.935321e-009  -0.000000e+000  
-0.000000e+000  -0.000000e+000  -0.000000e+000  -2.363864e-009  -2.981793e-009  -3.233098e-009  -3.014223e-009  -2.102166e-009  -0.000000e+000  
-0.000000e+000  -0.000000e+000  -0.000000e+000  -0.000000e+000  -0.000000e+000  -1.245965e-009  -1.197689e-009  -8.921414e-010  -0.000000e+000  

5.926904e-009  5.913114e-009  5.874355e-009  5.805758e-009  5.703094e-009  5.486582e-009  5.253223e-009  5.047978e-009  4.781240e-009  
1.267232e-008  1.276296e-008  1.286714e-008  1.283128e-008  1.249708e-008  1.141333e-008  1.040244e-008  9.693748e-009  9.122046e-009  
1.507620e-008  1.553298e-008  1.611865e-008  1.654568e-008  1.609617e-008  1.375948e-008  1.216186e-008  1.127394e-008  1.076953e-008  
1.573828e-008  1.805485e-008  1.987322e-008  2.282691e-008  2.214752e-008  1.531856e-008  1.315932e-008  1.243730e-008  1.236151e-008  
7.076917e-009  6.109005e-009  -0.000000e+000  4.952746e-009  8.170783e-009  1.140516e-008  1.253342e-008  1.317884e-008  1.403579e-008  
2.451940e-009  1.744561e-009  -0.000000e+000  3.416594e-009  6.287464e-009  1.014159e-008  1.258393e-008  1.421577e-008  1.604521e-008  
-0.000000e+000  -0.000000e+000  -0.000000e+000  3.493304e-009  6.760330e-009  1.070808e-008  1.372933e-008  1.596894e-008  1.862751e-008  
-0.000000e+000  -0.000000e+000  -0.000000e+000  4.825047e-009  9.533154e-009  1.394129e-008  1.771623e-008  2.076430e-008  2.472696e-008  
-0.000000e+000  -0.000000e+000  -0.000000e+000  9.191564e-009  1.819650e-008  2.503755e-008  3.094878e-008  3.578245e-008  4.221042e-008  
-0.000000e+000  -0.000000e+000  -0.000000e+000  1.794114e-008  3.552346e-008  4.710508e-008  5.701404e-008  6.505847e-008  7.565251e-008  
-0.000000e+000  -0.000000e+000  -0.000000e+000  3.478111e-008  6.887082e-008  8.823362e-008  1.045618e-007  1.176569e-007  1.345761e-007  
-0.000000e+000  -0.000000e+000  -0.000000e+000  6.720173e-008  1.330761e-007  1.640854e-007  1.896564e-007  2.097642e-007  2.349129e-007  
-0.000000e+000  -0.000000e+000  -0.000000e+000  1.295276e-007  2.565147e-007  3.024761e-007  3.388705e-007  3.664240e-007  3.986247e-007  
-0.000000e+000  -0.000000e+000  -0.000000e+000  2.490670e-007  4.932884e-007  5.516019e-007  5.935118e-007  6.220996e-007  6.485857e-007  
-0.000000e+000  -0.000000e+000  -0.000000e+000  4.776921e-007  9.461763e-007  9.923109e-007  1.011340e-006  1.012856e-006  9.862184e-007  
-0.000000e+000  -0.000000e+000  -0.000000e+000  9.135050e-007  1.809590e-006  1.753813e-006  1.655744e-006  1.541801e-006  1.321154e-006  
-0.000000e+000  -0.000000e+000  -0.000000e+000  1.741081e-006  3.449375e-006  3.026540e-006  2.544082e-006  2.070087e-006  1.276518e-006  
-0.000000e+000  -0.000000e+000  -0.000000e+000  3.305557e-006  6.549778e-006  5.048917e-006  3.481127e-006  2.014800e-006  -3.145364e-007  
-0.000000e+000  -0.000000e+000  -0.000000e+000  6.247524e-006  1.238114e-005  7.998956e-006  3.592711e-006  -4.327018e-007  -6.656607e-006  
-0.000000e+000  -0.000000e+000  -0.000000e+000  1.174522e-005  2.328080e-005  1.160503e-005  1.118665e-007  -1.024486e-005  -2.599662e-005  
-0.000000e+000  -0.000000e+000  -0.000000e+000  2.194148e-005  4.350138e-005  1.400415e-005  -1.464257e-005  -4.022611e-005  -7.870970e-005  
-0.000000e+000  -0.000000e+000  -0.000000e+000  3.996510e-005  7.925691e-005  8.894323e-006  -5.881653e-005  -1.189130e-004  -2.086133e-004  
-0.000000e+000  -0.000000e+000  -0.000000e+000  6.082857e-005  1.206629e-004  -9.773939e-006  -1.346276e-004  -2.450365e-004  -4.090728e-004  
-0.000000e+000  -0.000000e+000  -0.000000e+000  7.519495e-005  1.491806e-004  -2.716939e-005  -1.956163e-004  -3.443589e-004  -5.649405e-004  
-0.000000e+000  -0.000000e+000  -0.000000e+000  9.295175e-005  1.844362e-004  -5.461374e-005  -2.824987e-004  -4.834505e-004  -7.809358e-004  
-0.000000e+000  -0.000000e+000  -0.000000e+000  1.147541e-004  2.277344e-004  -9.623947e-005  -4.045171e-004  -6.760147e-004  -1.077281e-003  
-0.000000e+000  -0.000000e+000  -0.000000e+000  1.413960e-004  2.806577e-004  -1.577440e-004  -5.742064e-004  -9.405529e-004  -1.481191e-003  
-0.000000e+000  -0.000000e+000  -0.000000e+000  1.739289e-004  3.453023e-004  -2.473548e-004  -8.094863e-004  -1.303440e-003  -2.031386e-003  
-0.000000e+000  -0.000000e+000  -0.000000e+000  2.438750e-004  4.843347e-004  -4.751768e-004  -1.383369e-003  -2.180244e-003  -3.352392e-003  
-0.000000e+000  -0.000000e+000  -0.000000e+000  4.121275e-004  8.190884e-004  -1.264787e-003  -3.231288e-003  -4.953110e-003  -7.478857e-003  
-0.000000e+000  -0.000000e+000  -0.000000e+000  6.965705e-004  1.385892e-003  -3.270909e-003  -7.654116e-003  -1.148496e-002  -1.709112e-002  
-0.000000e+000  -0.000000e+000  -0.000000e+000  1.130827e-003  2.253469e-003  -8.044979e-003  -1.771774e-002  -2.615875e-002  -3.848706e-002  
-0.000000e+000  -0.000000e+000  -0.000000e+000  1.701161e-003  3.398647e-003  -1.869240e-002  -3.940470e-002  -5.745664e-002  -8.377809e-002  
-0.000000e+000  -0.000000e+000  -0.000000e+000  2.108675e-003  4.226941e-003  -3.394703e-002  -6.969621e-002  -1.008271e-001  -1.461670e-001  
-0.000000e+000  -0.000000e+000  -0.000000e+000  2.305426e-003  4.632743e-003  -4.579134e-002  -9.298788e-002  -1.340715e-001  -1.938760e-001  
-0.000000e+000  -0.000000e+000  -0.000000e+000  2.431711e-003  4.904435e-003  -6.191694e-002  -1.244288e-001  -1.788232e-001  -2.579616e-001  
-0.000000e+000  -0.000000e+000  -0.000000e+000  2.431023e-003  4.931745e-003  -8.366141e-002  -1.664990e-001  -2.385519e-001  -3.433243e-001  
-0.000000e+000  -0.000000e+000  -0.000000e+000  2.223059e-003  4.557835e-003  -1.128079e-001  -2.224943e-001  -3.178637e-001  -4.564610e-001  
-0.000000e+000  -0.000000e+000  -0.000000e+000  1.687242e-003  3.547199e-003  -1.519748e-001  -2.972491e-001  -4.235102e-001  -6.068862e-001  
-0.000000e+000  -0.000000e+000  -0.000000e+000  -8.953461e-005  1.437720e-004  -2.419156e-001  -4.678591e-001  -6.641063e-001  -9.488284e-001  
-0.000000e+000  -0.000000e+000  -0.000000e+000  -8.542972e-003  -1.625508e-002  -5.078740e-001  -9.661278e-001  -1.363602e+000  -1.938800e+000  
-0.000000e+000  -0.000000e+000  -0.000000e+000  -3.491945e-002  -6.766203e-002  -1.109798e+000  -2.079103e+000  -2.917651e+000  -4.124595e+000  
-0.000000e+000  -0.000000e+000  -0.000000e+000  -1.067671e-001  -2.077026e-001  -2.412511e+000  -4.454279e+000  -6.210239e+000  -8.705462e+000  
-0.000000e+000  -0.000000e+000  -0.000000e+000  -3.001741e-001  -5.823393e-001  -5.280637e+000  -9.584142e+000  -1.323043e+001  -1.824622e+001  
-0.000000e+000  -0.000000e+000  -0.000000e+000  -8.695408e-001  -1.661838e+000  -1.191305e+001  -2.101763e+001  -2.843026e+001  -3.779212e+001  
-0.000000e+000  -0.000000e+000  -0.000000e+000  -3.059541e+000  -5.601066e+000  -2.931807e+001  -4.850809e+001  -6.246609e+001  -7.618727e+001  
-0.000000e+000  -0.000000e+000  -0.000000e+000  -1.547347e+001  -2.624923e+001  -8.527884e+001  -1.208146e+002  -1.381290e+002  -1.396166e+002  
-0.000000e+000  -0.000000e+000  -0.000000e+000  -7.974100e+001  -1.270577e+002  -2.428713e+002  -2.637520e+002  -2.446734e+002  -1.871178e+002  
-0.000000e+000  -0.000000e+000  -0.000000e+000  -2.105401e+002  -3.345046e+002  -4.514879e+002  -3.973471e+002  -3.139914e+002  -2.017835e+002  
-0.000000e+000  -0.000000e+000  -0.000000e+000  -5.903324e+002  -1.022910e+003  -8.702697e+002  -5.688613e+002  -3.609537e+002  -1.898978e+002  
-0.000000e+000  -0.000000e+000  -0.000000e+000  -1.313447e+003  -3.336435e+003  -1.395083e+003  -6.225755e+002  -3.181263e+002  -1.437902e+002  
-0.000000e+000  -0.000000e+000  -0.000000e+000  -6.291517e+002  -0.000000e+000  -6.475899e+002  -3.570001e+002  -1.873628e+002  -8.032165e+001  
-0.000000e+000  -0.000000e+000  -0.000000e+000  -0.000000e+000  -0.000000e+000  -0.000000e+000  -0.000000e+000  -0.000000e+000  -0.000000e+000  
-0.000000e+000  -0.000000e+000  -0.000000e+000  6.291517e+002  -0.000000e+000  6.475899e+002  3.570001e+002  1.873628e+002  8.032165e+001  
-0.000000e+000  -0.000000e+000  -0.000000e+000  1.313447e+003  3.336435e+003  1.395083e+003  6.225755e+002  3.181263e+002  1.437902e+002  
-0.000000e+000  -0.000000e+000  -0.000000e+000  5.903324e+002  1.022910e+003  8.702697e+002  5.688613e+002  3.609537e+002  1.898978e+002  
-0.000000e+000  -0.000000e+000  -0.000000e+000  2.105401e+002  3.345046e+002  4.514879e+002  3.973471e+002  3.139914e+002  2.017835e+002  
-0.000000e+000  -0.000000e+000  -0.000000e+000  7.974100e+001  1.270577e+002  2.428713e+002  2.637520e+002  2.446734e+002  1.871178e+002  
-0.000000e+000  -0.000000e+000  -0.000000e+000  1.547347e+001  2.624923e+001  8.527884e+001  1.208146e+002  1.381290e+002  1.396166e+002  
-0.000000e+000  -0.000000e+000  -0.000000e+000  3.059541e+000  5.601066e+000  2.931807e+001  4.850809e+001  6.246609e+001  7.618727e+001  
-0.000000e+000  -0.000000e+000  -0.000000e+000  8.695408e-001  1.661838e+000  1.191305e+001  2.101763e+001  2.843026e+001  3.779212e+001  
-0.000000e+000  -0.000000e+000  -0.000000e+000  3.001741e-001  5.823393e-001  5.280637e+000  9.584142e+000  1.323043e+001  1.824622e+001  
-0.000000e+000  -0.000000e+000  -0.000000e+000  1.067671e-001  2.077026e-001  2.412511e+000  4.454279e+000  6.210239e+000  8.705462e+000  
-0.000000e+000  -0.000000e+000  -0.000000e+000  3.491945e-002  6.766203e-002  1.109798e+000  2.079103e+000  2.917651e+000  4.124595e+000  
-0.000000e+000  -0.000000e+000  -0.000000e+000  8.542972e-003  1.625508e-002  5.078740e-001  9.661278e-001  1.363602e+000  1.938800e+000  
-0.000000e+000  -0.000000e+000  -0.000000e+000  8.953461e-005  -1.437720e-004  2.419156e-001  4.678591e-001  6.641063e-001  9.488284e-001  
-0.000000e+000  -0.000000e+000  -0.000000e+000  -1.687242e-003  -3.547199e-003  1.519748e-001  2.972491e-001  4.235102e-001  6.068862e-001  
-0.000000e+000  -0.000000e+000  -0.000000e+000  -2.223059e-003  -4.557835e-003  1.128079e-001  2.224943e-001  3.178637e-001  4.564610e-001  
-0.000000e+000  -0.000000e+000  -0.000000e+000  -2.431023e-003  -4.931745e-003  8.366141e-002  1.664990e-001  2.385519e-001  3.433243e-001  
-0.000000e+000  -0.000000e+000  -0.000000e+000  -2.431711e-003  -4.904435e-003  6.191694e-002  1.244288e-001  1.788232e-001  2.579616e-001  
-0.000000e+000  -0.000000e+000  -0.000000e+000  -2.305426e-003  -4.632743e-003  4.579134e-002  9.298788e-002  1.340715e-001  1.938760e-001  
-0.000000e+000  -0.000000e+000  -0.000000e+000  -2.108675e-003  -4.226941e-003  3.394703e-002  6.969621e-002  1.008271e-001  1.461670e-001  
-0.000000e+000  -0.000000e+000  -0.000000e+000  -1.701161e-003  -3.398647e-003  1.869240e-002  3.940470e-002  5.745664e-002  8.377809e-002  
-0.000000e+000  -0.000000e+000  -0.000000e+000  -1.130827e-003  -2.253469e-003  8.044979e-003  1.771774e-002  2.615875e-002  3.848706e-002  
-0.000000e+000  -0.000000e+000  -0.000000e+000  -6.965705e-004  -1.385893e-003  3.270909e-003  7.654116e-003  1.148496e-002  1.709112e-002  
-0.000000e+000  -0.000000e+000  -0.000000e+000  -4.121275e-004  -8.190884e-004  1.264787e-003  3.231288e-003  4.953110e-003  7.478857e-003  
-0.000000e+000  -0.000000e+000  -0.000000e+000  -2.438750e-004  -4.843347e-004  4.751768e-004  1.383369e-003  2.180244e-003  3.352392e-003  
-0.000000e+000  -0.000000e+000  -0.000000e+000  -1.739289e-004  -3.453023e-004  2.473548e-004  8.094863e-004  1.303440e-003  2.031386e-003  
-0.000000e+000  -0.000000e+000  -0.000000e+000  -1.413960e-004  -2.806577e-004  1.577440e-004  5.742064e-004  9.405529e-004  1.481191e-003  
-0.000000e+000  -0.000000e+000  -0.000000e+000  -1.147541e-004  -2.277344e-004  9.623946e-005  4.045171e-004  6.760147e-004  1.077281e-003  
-0.000000e+000  -0.000000e+000  -0.000000e+000  -9.295175e-005  -1.844362e-004  5.461374e-005  2.824987e-004  4.834505e-004  7.809357e-004  
-0.000000e+000  -0.000000e+000  -0.000000e+000  -7.519495e-005  -1.491806e-004  2.716939e-005  1.956163e-004  3.443589e-004  5.649405e-004  
-0.000000e+000  -0.000000e+000  -0.000000e+000  -6.082857e-005  -1.206629e-004  9.773938e-006  1.346276e-004  2.450365e-004  4.090728e-004  
-0.000000e+000  -0.000000e+000  -0.000000e+000  -3.996510e-005  -7.925691e-005  -8.894324e-006  5.881653e-005  1.189130e-004  2.086133e-004  
-0.000000e+000  -0.000000e+000  -0.000000e+000  -2.194148e-005  -4.350138e-005  -1.400415e-005  1.464257e-005  4.022611e-005  7.870970e-005  
-0.000000e+000  -0.000000e+000  -0.000000e+000  -1.174522e-005  -2.328080e-005  -1.160503e-005  -1.118654e-007  1.024486e-005  2.599662e-005  
-0.000000e+000  -0.000000e+000  -0.000000e+000  -6.247524e-006  -1.238114e-005  -7.998957e-006  -3.592711e-006  4.327021e-007  6.656608e-006  
-0.000000e+000  -0.000000e+000  -0.000000e+000  -3.305557e-006  -6.549778e-006  -5.048918e-006  -3.481128e-006  -2.014801e-006  3.145351e-007  
-0.000000e+000  -0.000000e+000  -0.000000e+000  -1.741082e-006  -3.449376e-006  -3.026542e-006  -2.544084e-006  -2.070089e-006  -1.276522e-006  
-0.000000e+000  -0.000000e+000  -0.000000e+000  -9.135056e-007  -1.809591e-006  -1.753814e-006  -1.655747e-006  -1.541805e-006  -1.321158e-006  
-0.000000e+000  -0.000000e+000  -0.000000e+000  -4.776935e-007  -9.461792e-007  -9.923148e-007  -1.011345e-006  -1.012861e-006  -9.862249e-007  
-0.000000e+000  -0.000000e+000  -0.000000e+000  -2.490689e-007  -4.932921e-007  -5.516071e-007  -5.935184e-007  -6.221073e-007  -6.485950e-007  
-0.000000e+000  -0.000000e+000  -0.000000e+000  -1.295294e-007  -2.565184e-007  -3.024817e-007  -3.388780e-007  -3.664332e-007  -3.986355e-007  
-0.000000e+000  -0.000000e+000  -0.000000e+000  -6.720330e-008  -1.330791e-007  -1.640903e-007  -1.896628e-007  -2.097719e-007  -2.349225e-007  
-0.000000e+000  -0.000000e+000  -0.000000e+000  -3.478183e-008  -6.887222e-008  -8.823626e-008  -1.045655e-007  -1.176615e-007  -1.345819e-007  
-0.000000e+000  -0.000000e+000  -0.000000e+000  -1.794131e-008  -3.552364e-008  -4.710617e-008  -5.701582e-008  -6.506063e-008  -7.565516e-008  
-0.000000e+000  -0.000000e+000  -0.000000e+000  -9.191290e-009  -1.819593e-008  -2.503727e-008  -3.094886e-008  -3.578283e-008  -4.221126e-008  
-0.000000e+000  -0.000000e+000  -0.000000e+000  -4.824721e-009  -9.532512e-009  -1.394072e-008  -1.771590e-008  -2.076415e-008  -2.472686e-008  
-0.000000e+000  -0.000000e+000  -0.000000e+000  -3.493406e-009  -6.760370e-009  -1.070837e-008  -1.372974e-008  -1.596934e-008  -1.862754e-008  
-2.452807e-009  -1.745347e-009  -0.000000e+000  -3.416797e-009  -6.288211e-009  -1.014254e-008  -1.258478e-008  -1.421624e-008  -1.604529e-008  
-7.079346e-009  -6.110870e-009  -0.000000e+000  -4.954450e-009  -8.172957e-009  -1.140728e-008  -1.253483e-008  -1.317960e-008  -1.403625e-008  
-1.574332e-008  -1.806043e-008  -1.987974e-008  -2.283365e-008  -2.215428e-008  -1.532204e-008  -1.316136e-008  -1.243849e-008  -1.236215e-008  
-1.508023e-008  -1.553761e-008  -1.612275e-008  -1.655043e-008  -1.610018e-008  -1.376237e-008  -1.216392e-008  -1.127534e-008  -1.077002e-008  
-1.267550e-008  -1.276578e-008  -1.287021e-008  -1.283380e-008  -1.249973e-008  -1.141522e-008  -1.040370e-008  -9.694800e-009  -9.122472e-009  
-5.927136e-009  -5.913358e-009  -5.874568e-009  -5.805931e-009  -5.703191e-009  -5.486513e-009  -5.253034e-009  -5.047637e-009  -4.780805e-009  
-0.000000e+000  -0.000000e+000  -0.000000e+000  -0.000000e+000  -0.000000e+000  -0.000000e+000  -0.000000e+000  -0.000000e+000  -0.000000e+000  

0.000000e+000  0.000000e+000  0.000000e+000  0.000000e+000  0.000000e+000  0.000000e+000  0.000000e+000  0.000000e+000  0.000000e+000  
0.000000e+000  0.000000e+000  0.000000e+000  0.000000e+000  0.000000e+000  0.000000e+000  0.000000e+000  0.000000e+000  0.000000e+000  
0.000000e+000  0.000000e+000  0.000000e+000  0.000000e+000  0.000000e+000  0.000000e+000  0.000000e+000  0.000000e+000  0.000000e+000  
0.000000e+000  0.000000e+000  0.000000e+000  0.000000e+000  0.000000e+000  0.000000e+000  0.000000e+000  0.000000e+000  0.000000e+000  
0.000000e+000  0.000000e+000  0.000000e+000  0.000000e+000  0.000000e+000  0.000000e+000  0.000000e+000  0.000000e+000  0.000000e+000  
0.000000e+000  0.000000e+000  0.000000e+000  0.000000e+000  0.000000e+000  0.000000e+000  0.000000e+000  0.000000e+000  0.000000e+000  
0.000000e+000  0.000000e+000  0.000000e+000  0.000000e+000  0.000000e+000  0.000000e+000  0.000000e+000  0.000000e+000  0.000000e+000  
0.000000e+000  0.000000e+000  0.000000e+000  0.000000e+000  0.000000e+000  0.000000e+000  0.000000e+000  0.000000e+000  0.000000e+000  
0.000000e+000  0.000000e+000  0.000000e+000  0.000000e+000  0.000000e+000  0.000000e+000  0.000000e+000  0.000000e+000  0.000000e+000  
0.000000e+000  0.000000e+000  0.000000e+000  0.000000e+000  0.000000e+000  0.000000e+000  0.000000e+000  0.000000e+000  0.000000e+000  
0.000000e+000  0.000000e+000  0.000000e+000  0.000000e+000  0.000000e+000  0.000000e+000  0.000000e+000  0.000000e+000  0.000000e+000  
0.000000e+000  0.000000e+000  0.000000e+000  0.000000e+000  0.000000e+000  0.000000e+000  0.000000e+000  0.000000e+000  0.000000e+000  
0.000000e+000  0.000000e+000  0.000000e+000  0.000000e+000  0.000000e+000  0.000000e+000  0.000000e+000  0.000000e+000  0.000000e+000  
0.000000e+000  0.000000e+000  0.000000e+000  0.000000e+000  0.000000e+000  0.000000e+000  0.000000e+000  0.000000e+000  0.000000e+000  
0.000000e+000  0.000000e+000  0.000000e+000  0.000000e+000  0.000000e+000  0.000000e+000  0.000000e+000  0.000000e+000  0.000000e+000  
0.000000e+000  0.000000e+000  0.000000e+000  0.000000e+000  0.000000e+000  0.000000e+000  0.000000e+000  0.000000e+000  0.000000e+000  
0.000000e+000  0.000000e+000  0.000000e+000  0.000000e+000  0.000000e+000  0.000000e+000  0.000000e+000  0.000000e+000  0.000000e+000  
0.000000e+000  0.000000e+000  0.000000e+000  0.000000e+000  0.000000e+000  0.000000e+000  0.000000e+000  0.000000e+000  0.000000e+000  
0.000000e+000  0.000000e+000  0.000000e+000  0.000000e+000  0.000000e+000  0.000000e+000  0.000000e+000  0.000000e+000  0.000000e+000  
0.000000e+000  0.000000e+000  0.000000e+000  0.000000e+000  0.000000e+000  0.000000e+000  0.000000e+000  0.000000e+000  0.000000e+000  
0.000000e+000  0.000000e+000  0.000000e+000  0.000000e+000  0.000000e+000  0.000000e+000  0.000000e+000  0.000000e+000  0.000000e+000  
0.000000e+000  0.000000e+000  0.000000e+000  0.000000e+000  0.000000e+000  0.000000e+000  0.000000e+000  0.000000e+000  0.000000e+000  
0.000000e+000  0.000000e+000  0.000000e+000  0.000000e+000  0.000000e+000  0.000000e+000  0.000000e+000  0.000000e+000  0.000000e+000  
0.000000e+000  0.000000e+000  0.000000e+000  0.000000e+000  0.000000e+000  0.000000e+000  0.000000e+000  0.000000e+000  0.000000e+000  
0.000000e+000  0.000000e+000  0.000000e+000  0.000000e+000  0.000000e+000  0.000000e+000  0.000000e+000  0.000000e+000  0.000000e+000  
0.000000e+000  0.000000e+000  0.000000e+000  0.000000e+000  0.000000e+000  0.000000e+000  0.000000e+000  0.000000e+000  0.000000e+000  
0.000000e+000  0.000000e+000  0.000000e+000  0.000000e+000  0.000000e+000  0.000000e+000  0.000000e+000  0.000000e+000  0.000000e+000  
0.000000e+000  0.000000e+000  0.000000e+000  0.000000e+000  0.000000e+000  0.000000e+000  0.000000e+000  0.000000e+000  0.000000e+000  
0.000000e+000  0.000000e+000  0.000000e+000  0.000000e+000  0.000000e+000  0.000000e+000  0.000000e+000  0.000000e+000  0.000000e+000  
0.000000e+000  0.000000e+000  0.000000e+000  0.000000e+000  0.000000e+000  0.000000e+000  0.000000e+000  0.000000e+000  0.000000e+000  
0.000000e+000  0.000000e+000  0.000000e+000  0.000000e+000  0.000000e+000  0.000000e+000  0.000000e+000  0.000000e+000  0.000000e+000  
0.000000e+000  0.000000e+000  0.000000e+000  0.000000e+000  0.000000e+000  0.000000e+000  0.000000e+000  0.000000e+000  0.000000e+000  
0.000000e+000  0.000000e+000  0.000000e+000  0.000000e+000  0.000000e+000  0.000000e+000  0.000000e+000  0.000000e+000  0.000000e+000  
0.000000e+000  0.000000e+000  0.000000e+000  0.000000e+000  0.000000e+000  0.000000e+000  0.000000e+000  0.000000e+000  0.000000e+000  
0.000000e+000  0.000000e+000  0.000000e+000  0.000000e+000  0.000000e+000  0.000000e+000  0.000000e+000  0.000000e+000  0.000000e+000  
0.000000e+000  0.000000e+000  0.000000e+000  0.000000e+000  0.000000e+000  0.000000e+000  0.000000e+000  0.000000e+000  0.000000e+000  
0.000000e+000  0.000000e+000  0.000000e+000  0.000000e+000  0.000000e+000  0.000000e+000  0.000000e+000  0.000000e+000  0.000000e+000  
0.000000e+000  0.000000e+000  0.000000e+000  0.000000e+000  0.000000e+000  0.000000e+000  0.000000e+000  0.000000e+000  0.000000e+000  
0.000000e+000  0.000000e+000  0.000000e+000  0.000000e+000  0.000000e+000  0.000000e+000  0.000000e+000  0.000000e+000  0.000000e+000  
0.000000e+000  0.000000e+000  0.000000e+000  0.000000e+000  0.000000e+000  0.000000e+000  0.000000e+000  0.000000e+000  0.000000e+000  
0.000000e+000  0.000000e+000  0.000000e+000  0.000000e+000  0.000000e+000  0.000000e+000  0.000000e+000  0.000000e+000  0.000000e+000  
0.000000e+000  0.000000e+000  0.000000e+000  0.000000e+000  0.000000e+000  0.000000e+000  0.000000e+000  0.000000e+000  0.000000e+000  
0.000000e+000  0.000000e+000  0.000000e+000  0.000000e+000  0.000000e+000  0.000000e+000  0.000000e+000  0.000000e+000  0.000000e+000  
0.000000e+000  0.000000e+000  0.000000e+000  0.000000e+000  0.000000e+000  0.000000e+000  0.000000e+000  0.000000e+000  0.000000e+000  
0.000000e+000  0.000000e+000  0.000000e+000  0.000000e+000  0.000000e+000  0.000000e+000  0.000000e+000  0.000000e+000  0.000000e+000  
0.000000e+000  0.000000e+000  0.000000e+000  0.000000e+000  0.000000e+000  0.000000e+000  0.000000e+000  0.000000e+000  0.000000e+000  
0.000000e+000  0.000000e+000  0.000000e+000  0.000000e+000  0.000000e+000  0.000000e+000  0.000000e+000  0.000000e+000  0.000000e+000  
0.000000e+000  0.000000e+000  0.000000e+000  0.000000e+000  0.000000e+000  0.000000e+000  0.000000e+000  0.000000e+000  0.000000e+000  
0.000000e+000  0.000000e+000  0.000000e+000  0.000000e+000  0.000000e+000  0.000000e+000  0.000000e+000  0.000000e+000  0.000000e+000  
0.000000e+000  0.000000e+000  0.000000e+000  0.000000e+000  0.000000e+000  0.000000e+000  0.000000e+000  0.000000e+000  0.000000e+000  
0.000000e+000  0.000000e+000  0.000000e+000  0.000000e+000  0.000000e+000  0.000000e+000  0.000000e+000  0.000000e+000  0.000000e+000  
0.000000e+000  0.000000e+000  0.000000e+000  0.000000e+000  0.000000e+000  0.000000e+000  0.000000e+000  0.000000e+000  0.000000e+000  
0.000000e+000  0.000000e+000  0.000000e+000  0.000000e+000  0.000000e+000  0.000000e+000  0.000000e+000  0.000000e+000  0.000000e+000  
0.000000e+000  0.000000e+000  0.000000e+000  0.000000e+000  0.000000e+000  0.000000e+000  0.000000e+000  0.000000e+000  0.000000e+000  
0.000000e+000  0.000000e+000  0.000000e+000  0.000000e+000  0.000000e+000  0.000000e+000  0.000000e+000  0.000000e+000  0.000000e+000  
0.000000e+000  0.000000e+000  0.000000e+000  0.000000e+000  0.000000e+000  0.000000e+000  0.000000e+000  0.000000e+000  0.000000e+000  
0.000000e+000  0.000000e+000  0.000000e+000  0.000000e+000  0.000000e+000  0.000000e+000  0.000000e+000  0.000000e+000  0.000000e+000  
0.000000e+000  0.000000e+000  0.000000e+000  0.000000e+000  0.000000e+000  0.000000e+000  0.000000e+000  0.000000e+000  0.000000e+000  
0.000000e+000  0.000000e+000  0.000000e+000  0.000000e+000  0.000000e+000  0.000000e+000  0.000000e+000  0.000000e+000  0.000000e+000  
0.000000e+000  0.000000e+000  0.000000e+000  0.000000e+000  0.000000e+000  0.000000e+000  0.000000e+000  0.000000e+000  0.000000e+000  
0.000000e+000  0.000000e+000  0.000000e+000  0.000000e+000  0.000000e+000  0.000000e+000  0.000000e+000  0.000000e+000  0.000000e+000  
0.000000e+000  0.000000e+000  0.000000e+000  0.000000e+000  0.000000e+000  0.000000e+000  0.000000e+000  0.000000e+000  0.000000e+000  
0.000000e+000  0.000000e+000  0.000000e+000  0.000000e+000  0.000000e+000  0.000000e+000  0.000000e+000  0.000000e+000  0.000000e+000  
0.000000e+000  0.000000e+000  0.000000e+000  0.000000e+000  0.000000e+000  0.000000e+000  0.000000e+000  0.000000e+000  0.000000e+000  
0.000000e+000  0.000000e+000  0.000000e+000  0.000000e+000  0.000000e+000  0.000000e+000  0.000000e+000  0.000000e+000  0.000000e+000  
0.000000e+000  0.000000e+000  0.000000e+000  0.000000e+000  0.000000e+000  0.000000e+000  0.000000e+000  0.000000e+000  0.000000e+000  
0.000000e+000  0.000000e+000  0.000000e+000  0.000000e+000  0.000000e+000  0.000000e+000  0.000000e+000  0.000000e+000  0.000000e+000  
0.000000e+000  0.000000e+000  0.000000e+000  0.000000e+000  0.000000e+000  0.000000e+000  0.000000e+000  0.000000e+000  0.000000e+000  
0.000000e+000  0.000000e+000  0.000000e+000  0.000000e+000  0.000000e+000  0.000000e+000  0.000000e+000  0.000000e+000  0.000000e+000  
0.000000e+000  0.000000e+000  0.000000e+000  0.000000e+000  0.000000e+000  0.000000e+000  0.000000e+000  0.000000e+000  0.000000e+000  
0.000000e+000  0.000000e+000  0.000000e+000  0.000000e+000  0.000000e+000  0.000000e+000  0.000000e+000  0.000000e+000  0.000000e+000  
0.000000e+000  0.000000e+000  0.000000e+000  0.000000e+000  0.000000e+000  0.000000e+000  0.000000e+000  0.000000e+000  0.000000e+000  
0.000000e+000  0.000000e+000  0.000000e+000  0.000000e+000  0.000000e+000  0.000000e+000  0.000000e+000  0.000000e+000  0.000000e+000  
0.000000e+000  0.000000e+000  0.000000e+000  0.000000e+000  0.000000e+000  0.000000e+000  0.000000e+000  0.000000e+000  0.000000e+000  
0.000000e+000  0.000000e+000  0.000000e+000  0.000000e+000  0.000000e+000  0.000000e+000  0.000000e+000  0.000000e+000  0.000000e+000  
0.000000e+000  0.000000e+000  0.000000e+000  0.000000e+000  0.000000e+000  0.000000e+000  0.000000e+000  0.000000e+000  0.000000e+000  
0.000000e+000  0.000000e+000  0.000000e+000  0.000000e+000  0.000000e+000  0.000000e+000  0.000000e+000  0.000000e+000  0.000000e+000  
0.000000e+000  0.000000e+000  0.000000e+000  0.000000e+000  0.000000e+000  0.000000e+000  0.000000e+000  0.000000e+000  0.000000e+000  
0.000000e+000  0.000000e+000  0.000000e+000  0.000000e+000  0.000000e+000  0.000000e+000  0.000000e+000  0.000000e+000  0.000000e+000  
0.000000e+000  0.000000e+000  0.000000e+000  0.000000e+000  0.000000e+000  0.000000e+000  0.000000e+000  0.000000e+000  0.000000e+000  
0.000000e+000  0.000000e+000  0.000000e+000  0.000000e+000  0.000000e+000  0.000000e+000  0.000000e+000  0.000000e+000  0.000000e+000  
0.000000e+000  0.000000e+000  0.000000e+000  0.000000e+000  0.000000e+000  0.000000e+000  0.000000e+000  0.000000e+000  0.000000e+000  
0.000000e+000  0.000000e+000  0.000000e+000  0.000000e+000  0.000000e+000  0.000000e+000  0.000000e+000  0.000000e+000  0.000000e+000  
0.000000e+000  0.000000e+000  0.000000e+000  0.000000e+000  0.000000e+000  0.000000e+000  0.000000e+000  0.000000e+000  0.000000e+000  
0.000000e+000  0.000000e+000  0.000000e+000  0.000000e+000  0.000000e+000  0.000000e+000  0.000000e+000  0.000000e+000  0.000000e+000  
0.000000e+000  0.000000e+000  0.000000e+000  0.000000e+000  0.000000e+000  0.000000e+000  0.000000e+000  0.000000e+000  0.000000e+000  
0.000000e+000  0.000000e+000  0.000000e+000  0.000000e+000  0.000000e+000  0.000000e+000  0.000000e+000  0.000000e+000  0.000000e+000  
0.000000e+000  0.000000e+000  0.000000e+000  0.000000e+000  0.000000e+000  0.000000e+000  0.000000e+000  0.000000e+000  0.000000e+000  
0.000000e+000  0.000000e+000  0.000000e+000  0.000000e+000  0.000000e+000  0.000000e+000  0.000000e+000  0.000000e+000  0.000000e+000  
0.000000e+000  0.000000e+000  0.000000e+000  0.000000e+000  0.000000e+000  0.000000e+000  0.000000e+000  0.000000e+000  0.000000e+000  
0.000000e+000  0.000000e+000  0.000000e+000  0.000000e+000  0.000000e+000  0.000000e+000  0.000000e+000  0.000000e+000  0.000000e+000  
0.000000e+000  0.000000e+000  0.000000e+000  0.000000e+000  0.000000e+000  0.000000e+000  0.000000e+000  0.000000e+000  0.000000e+000  
0.000000e+000  0.000000e+000  0.000000e+000  0.000000e+000  0.000000e+000  0.000000e+000  0.000000e+000  0.000000e+000  0.000000e+000  
0.000000e+000  0.000000e+000  0.000000e+000  0.000000e+000  0.000000e+000  0.000000e+000  0.000000e+000  0.000000e+000  0.000000e+000  
0.000000e+000  0.000000e+000  0.000000e+000  0.000000e+000  0.000000e+000  0.000000e+000  0.000000e+000  0.000000e+000  0.000000e+000  
0.000000e+000  0.000000e+000  0.000000e+000  0.000000e+000  0.000000e+000  0.000000e+000  0.000000e+000  0.000000e+000  0.000000e+000  
0.000000e+000  0.000000e+000  0.000000e+000  0.000000e+000  0.000000e+000  0.000000e+000  0.000000e+000  0.000000e+000  0.000000e+000  
0.000000e+000  0.000000e+000  0.000000e+000  0.000000e+000  0.000000e+000  0.000000e+000  0.000000e+000  0.000000e+000  0.000000e+000  
0.000000e+000  0.000000e+000  0.000000e+000  0.000000e+000  0.000000e+000  0.000000e+000  0.000000e+000  0.000000e+000  0.000000e+000  
0.000000e+000  0.000000e+000  0.000000e+000  0.000000e+000  0.000000e+000  0.000000e+000  0.000000e+000  0.000000e+000  0.000000e+000  
0.000000e+000  0.000000e+000  0.000000e+000  0.000000e+000  0.000000e+000  0.000000e+000  0.000000e+000  0.000000e+000  0.000000e+000  
0.000000e+000  0.000000e+000  0.000000e+000  0.000000e+000  0.000000e+000  0.000000e+000  0.000000e+000  0.000000e+000  0.000000e+000  
0.000000e+000  0.000000e+000  0.000000e+000  0.000000e+000  0.000000e+000  0.000000e+000  0.000000e+000  0.000000e+000  0.000000e+000  
0.000000e+000  0.000000e+000  0.000000e+000  0.000000e+000  0.000000e+000  0.000000e+000  0.000000e+000  0.000000e+000  0.000000e+000  
0.000000e+000  0.000000e+000  0.000000e+000  0.000000e+000  0.000000e+000  0.000000e+000  0.000000e+000  0.000000e+000  0.000000e+000  
0.000000e+000  0.000000e+000  0.000000e+000  0.000000e+000  0.000000e+000  0.000000e+000  0.000000e+000  0.000000e+000  0.000000e+000  

0.000000e+000  0.000000e+000  0.000000e+000  0.000000e+000  0.000000e+000  0.000000e+000  0.000000e+000  0.000000e+000  0.000000e+000  
0.000000e+000  0.000000e+000  0.000000e+000  0.000000e+000  0.000000e+000  0.000000e+000  0.000000e+000  0.000000e+000  0.000000e+000  
0.000000e+000  0.000000e+000  0.000000e+000  0.000000e+000  0.000000e+000  0.000000e+000  0.000000e+000  0.000000e+000  0.000000e+000  
0.000000e+000  0.000000e+000  0.000000e+000  0.000000e+000  0.000000e+000  0.000000e+000  0.000000e+000  0.000000e+000  0.000000e+000  
0.000000e+000  0.000000e+000  0.000000e+000  0.000000e+000  0.000000e+000  0.000000e+000  0.000000e+000  0.000000e+000  0.000000e+000  
0.000000e+000  0.000000e+000  0.000000e+000  0.000000e+000  0.000000e+000  0.000000e+000  0.000000e+000  0.000000e+000  0.000000e+000  
0.000000e+000  0.000000e+000  0.000000e+000  0.000000e+000  0.000000e+000  0.000000e+000  0.000000e+000  0.000000e+000  0.000000e+000  
0.000000e+000  0.000000e+000  0.000000e+000  0.000000e+000  0.000000e+000  0.000000e+000  0.000000e+000  0.000000e+000  0.000000e+000  
0.000000e+000  0.000000e+000  0.000000e+000  0.000000e+000  0.000000e+000  0.000000e+000  0.000000e+000  0.000000e+000  0.000000e+000  
0.000000e+000  0.000000e+000  0.000000e+000  0.000000e+000  0.000000e+000  0.000000e+000  0.000000e+000  0.000000e+000  0.000000e+000  
0.000000e+000  0.000000e+000  0.000000e+000  0.000000e+000  0.000000e+000  0.000000e+000  0.000000e+000  0.000000e+000  0.000000e+000  
0.000000e+000  0.000000e+000  0.000000e+000  0.000000e+000  0.000000e+000  0.000000e+000  0.000000e+000  0.000000e+000  0.000000e+000  
0.000000e+000  0.000000e+000  0.000000e+000  0.000000e+000  0.000000e+000  0.000000e+000  0.000000e+000  0.000000e+000  0.000000e+000  
0.000000e+000  0.000000e+000  0.000000e+000  0.000000e+000  0.000000e+000  0.000000e+000  0.000000e+000  0.000000e+000  0.000000e+000  
0.000000e+000  0.000000e+000  0.000000e+000  0.000000e+000  0.000000e+000  0.000000e+000  0.000000e+000  0.000000e+000  0.000000e+000  
0.000000e+000  0.000000e+000  0.000000e+000  0.000000e+000  0.000000e+000  0.000000e+000  0.000000e+000  0.000000e+000  0.000000e+000  
0.000000e+000  0.000000e+000  0.000000e+000  0.000000e+000  0.000000e+000  0.000000e+000  0.000000e+000  0.000000e+000  0.000000e+000  
0.000000e+000  0.000000e+000  0.000000e+000  0.000000e+000  0.000000e+000  0.000000e+000  0.000000e+000  0.000000e+000  0.000000e+000  
0.000000e+000  0.000000e+000  0.000000e+000  0.000000e+000  0.000000e+000  0.000000e+000  0.000000e+000  0.000000e+000  0.000000e+000  
0.000000e+000  0.000000e+000  0.000000e+000  0.000000e+000  0.000000e+000  0.000000e+000  0.000000e+000  0.000000e+000  0.000000e+000  
0.000000e+000  0.000000e+000  0.000000e+000  0.000000e+000  0.000000e+000  0.000000e+000  0.000000e+000  0.000000e+000  0.000000e+000  
0.000000e+000  0.000000e+000  0.000000e+000  0.000000e+000  0.000000e+000  0.000000e+000  0.000000e+000  0.000000e+000  0.000000e+000  
0.000000e+000  0.000000e+000  0.000000e+000  0.000000e+000  0.000000e+000  0.000000e+000  0.000000e+000  0.000000e+000  0.000000e+000  
0.000000e+000  0.000000e+000  0.000000e+000  0.000000e+000  0.000000e+000  0.000000e+000  0.000000e+000  0.000000e+000  0.000000e+000  
0.000000e+000  0.000000e+000  0.000000e+000  0.000000e+000  0.000000e+000  0.000000e+000  0.000000e+000  0.000000e+000  0.000000e+000  
0.000000e+000  0.000000e+000  0.000000e+000  0.000000e+000  0.000000e+000  0.000000e+000  0.000000e+000  0.000000e+000  0.000000e+000  
0.000000e+000  0.000000e+000  0.000000e+000  0.000000e+000  0.000000e+000  0.000000e+000  0.000000e+000  0.000000e+000  0.000000e+000  
0.000000e+000  0.000000e+000  0.000000e+000  0.000000e+000  0.000000e+000  0.000000e+000  0.000000e+000  0.000000e+000  0.000000e+000  
0.000000e+000  0.000000e+000  0.000000e+000  0.000000e+000  0.000000e+000  0.000000e+000  0.000000e+000  0.000000e+000  0.000000e+000  
0.000000e+000  0.000000e+000  0.000000e+000  0.000000e+000  0.000000e+000  0.000000e+000  0.000000e+000  0.000000e+000  0.000000e+000  
0.000000e+000  0.000000e+000  0.000000e+000  0.000000e+000  0.000000e+000  0.000000e+000  0.000000e+000  0.000000e+000  0.000000e+000  
0.000000e+000  0.000000e+000  0.000000e+000  0.000000e+000  0.000000e+000  0.000000e+000  0.000000e+000  0.000000e+000  0.000000e+000  
0.000000e+000  0.000000e+000  0.000000e+000  0.000000e+000  0.000000e+000  0.000000e+000  0.000000e+000  0.000000e+000  0.000000e+000  
0.000000e+000  0.000000e+000  0.000000e+000  0.000000e+000  0.000000e+000  0.000000e+000  0.000000e+000  0.000000e+000  0.000000e+000  
0.000000e+000  0.000000e+000  0.000000e+000  0.000000e+000  0.000000e+000  0.000000e+000  0.000000e+000  0.000000e+000  0.000000e+000  
0.000000e+000  0.000000e+000  0.000000e+000  0.000000e+000  0.000000e+000  0.000000e+000  0.000000e+000  0.000000e+000  0.000000e+000  
0.000000e+000  0.000000e+000  0.000000e+000  0.000000e+000  0.000000e+000  0.000000e+000  0.000000e+000  0.000000e+000  0.000000e+000  
0.000000e+000  0.000000e+000  0.000000e+000  0.000000e+000  0.000000e+000  0.000000e+000  0.000000e+000  0.000000e+000  0.000000e+000  
0.000000e+000  0.000000e+000  0.000000e+000  0.000000e+000  0.000000e+000  0.000000e+000  0.000000e+000  0.000000e+000  0.000000e+000  
0.000000e+000  0.000000e+000  0.000000e+000  0.000000e+000  0.000000e+000  0.000000e+000  0.000000e+000  0.000000e+000  0.000000e+000  
0.000000e+000  0.000000e+000  0.000000e+000  0.000000e+000  0.000000e+000  0.000000e+000  0.000000e+000  0.000000e+000  0.000000e+000  
0.000000e+000  0.000000e+000  0.000000e+000  0.000000e+000  0.000000e+000  0.000000e+000  0.000000e+000  0.000000e+000  0.000000e+000  
0.000000e+000  0.000000e+000  0.000000e+000  0.000000e+000  0.000000e+000  0.000000e+000  0.000000e+000  0.000000e+000  0.000000e+000  
0.000000e+000  0.000000e+000  0.000000e+000  0.000000e+000  0.000000e+000  0.000000e+000  0.000000e+000  0.000000e+000  0.000000e+000  
0.000000e+000  0.000000e+000  0.000000e+000  0.000000e+000  0.000000e+000  0.000000e+000  0.000000e+000  0.000000e+000  0.000000e+000  
0.000000e+000  0.000000e+000  0.000000e+000  0.000000e+000  0.000000e+000  0.000000e+000  0.000000e+000  0.000000e+000  0.000000e+000  
0.000000e+000  0.000000e+000  0.000000e+000  0.000000e+000  0.000000e+000  0.000000e+000  0.000000e+000  0.000000e+000  0.000000e+000  
0.000000e+000  0.000000e+000  0.000000e+000  0.000000e+000  0.000000e+000  0.000000e+000  0.000000e+000  0.000000e+000  0.000000e+000  
0.000000e+000  0.000000e+000  0.000000e+000  0.000000e+000  0.000000e+000  0.000000e+000  0.000000e+000  0.000000e+000  0.000000e+000  
0.000000e+000  0.000000e+000  0.000000e+000  0.000000e+000  0.000000e+000  0.000000e+000  0.000000e+000  0.000000e+000  0.000000e+000  
0.000000e+000  0.000000e+000  0.000000e+000  0.000000e+000  0.000000e+000  0.000000e+000  0.000000e+000  0.000000e+000  0.000000e+000  
0.000000e+000  0.000000e+000  0.000000e+000  0.000000e+000  0.000000e+000  0.000000e+000  0.000000e+000  0.000000e+000  0.000000e+000  
0.000000e+000  0.000000e+000  0.000000e+000  0.000000e+000  0.000000e+000  0.000000e+000  0.000000e+000  0.000000e+000  0.000000e+000  
0.000000e+000  0.000000e+000  0.000000e+000  0.000000e+000  0.000000e+000  0.000000e+000  0.000000e+000  0.000000e+000  0.000000e+000  
0.000000e+000  0.000000e+000  0.000000e+000  0.000000e+000  0.000000e+000  0.000000e+000  0.000000e+000  0.000000e+000  0.000000e+000  
0.000000e+000  0.000000e+000  0.000000e+000  0.000000e+000  0.000000e+000  0.000000e+000  0.000000e+000  0.000000e+000  0.000000e+000  
0.000000e+000  0.000000e+000  0.000000e+000  0.000000e+000  0.000000e+000  0.000000e+000  0.000000e+000  0.000000e+000  0.000000e+000  
0.000000e+000  0.000000e+000  0.000000e+000  0.000000e+000  0.000000e+000  0.000000e+000  0.000000e+000  0.000000e+000  0.000000e+000  
0.000000e+000  0.000000e+000  0.000000e+000  0.000000e+000  0.000000e+000  0.000000e+000  0.000000e+000  0.000000e+000  0.000000e+000  
0.000000e+000  0.000000e+000  0.000000e+000  0.000000e+000  0.000000e+000  0.000000e+000  0.000000e+000  0.000000e+000  0.000000e+000  
0.000000e+000  0.000000e+000  0.000000e+000  0.000000e+000  0.000000e+000  0.000000e+000  0.000000e+000  0.000000e+000  0.000000e+000  
0.000000e+000  0.000000e+000  0.000000e+000  0.000000e+000  0.000000e+000  0.000000e+000  0.000000e+000  0.000000e+000  0.000000e+000  
0.000000e+000  0.000000e+000  0.000000e+000  0.000000e+000  0.000000e+000  0.000000e+000  0.000000e+000  0.000000e+000  0.000000e+000  
0.000000e+000  0.000000e+000  0.000000e+000  0.000000e+000  0.000000e+000  0.000000e+000  0.000000e+000  0.000000e+000  0.000000e+000  
0.000000e+000  0.000000e+000  0.000000e+000  0.000000e+000  0.000000e+000  0.000000e+000  0.000000e+000  0.000000e+000  0.000000e+000  
0.000000e+000  0.000000e+000  0.000000e+000  0.000000e+000  0.000000e+000  0.000000e+000  0.000000e+000  0.000000e+000  0.000000e+000  
0.000000e+000  0.000000e+000  0.000000e+000  0.000000e+000  0.000000e+000  0.000000e+000  0.000000e+000  0.000000e+000  0.000000e+000  
0.000000e+000  0.000000e+000  0.000000e+000  0.000000e+000  0.000000e+000  0.000000e+000  0.000000e+000  0.000000e+000  0.000000e+000  
0.000000e+000  0.000000e+000  0.000000e+000  0.000000e+000  0.000000e+000  0.000000e+000  0.000000e+000  0.000000e+000  0.000000e+000  
0.000000e+000  0.000000e+000  0.000000e+000  0.000000e+000  0.000000e+000  0.000000e+000  0.000000e+000  0.000000e+000  0.000000e+000  
0.000000e+000  0.000000e+000  0.000000e+000  0.000000e+000  0.000000e+000  0.000000e+000  0.000000e+000  0.000000e+000  0.000000e+000  
0.000000e+000  0.000000e+000  0.000000e+000  0.000000e+000  0.000000e+000  0.000000e+000  0.000000e+000  0.000000e+000  0.000000e+000  
0.000000e+000  0.000000e+000  0.000000e+000  0.000000e+000  0.000000e+000  0.000000e+000  0.000000e+000  0.000000e+000  0.000000e+000  
0.000000e+000  0.000000e+000  0.000000e+000  0.000000e+000  0.000000e+000  0.000000e+000  0.000000e+000  0.000000e+000  0.000000e+000  
0.000000e+000  0.000000e+000  0.000000e+000  0.000000e+000  0.000000e+000  0.000000e+000  0.000000e+000  0.000000e+000  0.000000e+000  
0.000000e+000  0.000000e+000  0.000000e+000  0.000000e+000  0.000000e+000  0.000000e+000  0.000000e+000  0.000000e+000  0.000000e+000  
0.000000e+000  0.000000e+000  0.000000e+000  0.000000e+000  0.000000e+000  0.000000e+000  0.000000e+000  0.000000e+000  0.000000e+000  
0.000000e+000  0.000000e+000  0.000000e+000  0.000000e+000  0.000000e+000  0.000000e+000  0.000000e+000  0.000000e+000  0.000000e+000  
0.000000e+000  0.000000e+000  0.000000e+000  0.000000e+000  0.000000e+000  0.000000e+000  0.000000e+000  0.000000e+000  0.000000e+000  
0.000000e+000  0.000000e+000  0.000000e+000  0.000000e+000  0.000000e+000  0.000000e+000  0.000000e+000  0.000000e+000  0.000000e+000  
0.000000e+000  0.000000e+000  0.000000e+000  0.000000e+000  0.000000e+000  0.000000e+000  0.000000e+000  0.000000e+000  0.000000e+000  
0.000000e+000  0.000000e+000  0.000000e+000  0.000000e+000  0.000000e+000  0.000000e+000  0.000000e+000  0.000000e+000  0.000000e+000  
0.000000e+000  0.000000e+000  0.000000e+000  0.000000e+000  0.000000e+000  0.000000e+000  0.000000e+000  0.000000e+000  0.000000e+000  
0.000000e+000  0.000000e+000  0.000000e+000  0.000000e+000  0.000000e+000  0.000000e+000  0.000000e+000  0.000000e+000  0.000000e+000  
0.000000e+000  0.000000e+000  0.000000e+000  0.000000e+000  0.000000e+000  0.000000e+000  0.000000e+000  0.000000e+000  0.000000e+000  
0.000000e+000  0.000000e+000  0.000000e+000  0.000000e+000  0.000000e+000  0.000000e+000  0.000000e+000  0.000000e+000  0.000000e+000  
0.000000e+000  0.000000e+000  0.000000e+000  0.000000e+000  0.000000e+000  0.000000e+000  0.000000e+000  0.000000e+000  0.000000e+000  
0.000000e+000  0.000000e+000  0.000000e+000  0.000000e+000  0.000000e+000  0.000000e+000  0.000000e+000  0.000000e+000  0.000000e+000  
0.000000e+000  0.000000e+000  0.000000e+000  0.000000e+000  0.000000e+000  0.000000e+000  0.000000e+000  0.000000e+000  0.000000e+000  
0.000000e+000  0.000000e+000  0.000000e+000  0.000000e+000  0.000000e+000  0.000000e+000  0.000000e+000  0.000000e+000  0.000000e+000  
0.000000e+000  0.000000e+000  0.000000e+000  0.000000e+000  0.000000e+000  0.000000e+000  0.000000e+000  0.000000e+000  0.000000e+000  
0.000000e+000  0.000000e+000  0.000000e+000  0.000000e+000  0.000000e+000  0.000000e+000  0.000000e+000  0.000000e+000  0.000000e+000  
0.000000e+000  0.000000e+000  0.000000e+000  0.000000e+000  0.000000e+000  0.000000e+000  0.000000e+000  0.000000e+000  0.000000e+000  
0.000000e+000  0.000000e+000  0.000000e+000  0.000000e+000  0.000000e+000  0.000000e+000  0.000000e+000  0.000000e+000  0.000000e+000  
0.000000e+000  0.000000e+000  0.000000e+000  0.000000e+000  0.000000e+000  0.000000e+000  0.000000e+000  0.000000e+000  0.000000e+000  
0.000000e+000  0.000000e+000  0.000000e+000  0.000000e+000  0.000000e+000  0.000000e+000  0.000000e+000  0.000000e+000  0.000000e+000  
0.000000e+000  0.000000e+000  0.000000e+000  0.000000e+000  0.000000e+000  0.000000e+000  0.000000e+000  0.000000e+000  0.000000e+000  
0.000000e+000  0.000000e+000  0.000000e+000  0.000000e+000  0.000000e+000  0.000000e+000  0.000000e+000  0.000000e+000  0.000000e+000  
0.000000e+000  0.000000e+000  0.000000e+000  0.000000e+000  0.000000e+000  0.000000e+000  0.000000e+000  0.000000e+000  0.000000e+000  
0.000000e+000  0.000000e+000  0.000000e+000  0.000000e+000  0.000000e+000  0.000000e+000  0.000000e+000  0.000000e+000  0.000000e+000  
0.000000e+000  0.000000e+000  0.000000e+000  0.000000e+000  0.000000e+000  0.000000e+000  0.000000e+000  0.000000e+000  0.000000e+000  
0.000000e+000  0.000000e+000  0.000000e+000  0.000000e+000  0.000000e+000  0.000000e+000  0.000000e+000  0.000000e+000  0.000000e+000  
0.000000e+000  0.000000e+000  0.000000e+000  0.000000e+000  0.000000e+000  0.000000e+000  0.000000e+000  0.000000e+000  0.000000e+000  
0.000000e+000  0.000000e+000  0.000000e+000  0.000000e+000  0.000000e+000  0.000000e+000  0.000000e+000  0.000000e+000  0.000000e+000  
0.000000e+000  0.000000e+000  0.000000e+000  0.000000e+000  0.000000e+000  0.000000e+000  0.000000e+000  0.000000e+000  0.000000e+000  
0.000000e+000  0.000000e+000  0.000000e+000  0.000000e+000  0.000000e+000  0.000000e+000  0.000000e+000  0.000000e+000  0.000000e+000  

0.000000e+000  0.000000e+000  0.000000e+000  0.000000e+000  0.000000e+000  0.000000e+000  0.000000e+000  0.000000e+000  0.000000e+000  
0.000000e+000  0.000000e+000  0.000000e+000  0.000000e+000  0.000000e+000  0.000000e+000  0.000000e+000  0.000000e+000  0.000000e+000  
0.000000e+000  0.000000e+000  0.000000e+000  0.000000e+000  0.000000e+000  0.000000e+000  0.000000e+000  0.000000e+000  0.000000e+000  
0.000000e+000  0.000000e+000  0.000000e+000  0.000000e+000  0.000000e+000  0.000000e+000  0.000000e+000  0.000000e+000  0.000000e+000  
0.000000e+000  0.000000e+000  0.000000e+000  0.000000e+000  0.000000e+000  0.000000e+000  0.000000e+000  0.000000e+000  0.000000e+000  
0.000000e+000  0.000000e+000  0.000000e+000  0.000000e+000  0.000000e+000  0.000000e+000  0.000000e+000  0.000000e+000  0.000000e+000  
0.000000e+000  0.000000e+000  0.000000e+000  0.000000e+000  0.000000e+000  0.000000e+000  0.000000e+000  0.000000e+000  0.000000e+000  
0.000000e+000  0.000000e+000  0.000000e+000  0.000000e+000  0.000000e+000  0.000000e+000  0.000000e+000  0.000000e+000  0.000000e+000  
0.000000e+000  0.000000e+000  0.000000e+000  0.000000e+000  0.000000e+000  0.000000e+000  0.000000e+000  0.000000e+000  0.000000e+000  
0.000000e+000  0.000000e+000  0.000000e+000  0.000000e+000  0.000000e+000  0.000000e+000  0.000000e+000  0.000000e+000  0.000000e+000  
0.000000e+000  0.000000e+000  0.000000e+000  0.000000e+000  0.000000e+000  0.000000e+000  0.000000e+000  0.000000e+000  0.000000e+000  
0.000000e+000  0.000000e+000  0.000000e+000  0.000000e+000  0.000000e+000  0.000000e+000  0.000000e+000  0.000000e+000  0.000000e+000  
0.000000e+000  0.000000e+000  0.000000e+000  0.000000e+000  0.000000e+000  0.000000e+000  0.000000e+000  0.000000e+000  0.000000e+000  
0.000000e+000  0.000000e+000  0.000000e+000  0.000000e+000  0.000000e+000  0.000000e+000  0.000000e+000  0.000000e+000  0.000000e+000  
0.000000e+000  0.000000e+000  0.000000e+000  0.000000e+000  0.000000e+000  0.000000e+000  0.000000e+000  0.000000e+000  0.000000e+000  
0.000000e+000  0.000000e+000  0.000000e+000  0.000000e+000  0.000000e+000  0.000000e+000  0.000000e+000  0.000000e+000  0.000000e+000  
0.000000e+000  0.000000e+000  0.000000e+000  0.000000e+000  0.000000e+000  0.000000e+000  0.000000e+000  0.000000e+000  0.000000e+000  
0.000000e+000  0.000000e+000  0.000000e+000  0.000000e+000  0.000000e+000  0.000000e+000  0.000000e+000  0.000000e+000  0.000000e+000  
0.000000e+000  0.000000e+000  0.000000e+000  0.000000e+000  0.000000e+000  0.000000e+000  0.000000e+000  0.000000e+000  0.000000e+000  
0.000000e+000  0.000000e+000  0.000000e+000  0.000000e+000  0.000000e+000  0.000000e+000  0.000000e+000  0.000000e+000  0.000000e+000  
0.000000e+000  0.000000e+000  0.000000e+000  0.000000e+000  0.000000e+000  0.000000e+000  0.000000e+000  0.000000e+000  0.000000e+000  
0.000000e+000  0.000000e+000  0.000000e+000  0.000000e+000  0.000000e+000  0.000000e+000  0.000000e+000  0.000000e+000  0.000000e+000  
0.000000e+000  0.000000e+000  0.000000e+000  0.000000e+000  0.000000e+000  0.000000e+000  0.000000e+000  0.000000e+000  0.000000e+000  
0.000000e+000  0.000000e+000  0.000000e+000  0.000000e+000  0.000000e+000  0.000000e+000  0.000000e+000  0.000000e+000  0.000000e+000  
0.000000e+000  0.000000e+000  0.000000e+000  0.000000e+000  0.000000e+000  0.000000e+000  0.000000e+000  0.000000e+000  0.000000e+000  
0.000000e+000  0.000000e+000  0.000000e+000  0.000000e+000  0.000000e+000  0.000000e+000  0.000000e+000  0.000000e+000  0.000000e+000  
0.000000e+000  0.000000e+000  0.000000e+000  0.000000e+000  0.000000e+000  0.000000e+000  0.000000e+000  0.000000e+000  0.000000e+000  
0.000000e+000  0.000000e+000  0.000000e+000  0.000000e+000  0.000000e+000  0.000000e+000  0.000000e+000  0.000000e+000  0.000000e+000  
0.000000e+000  0.000000e+000  0.000000e+000  0.000000e+000  0.000000e+000  0.000000e+000  0.000000e+000  0.000000e+000  0.000000e+000  
0.000000e+000  0.000000e+000  0.000000e+000  0.000000e+000  0.000000e+000  0.000000e+000  0.000000e+000  0.000000e+000  0.000000e+000  
0.000000e+000  0.000000e+000  0.000000e+000  0.000000e+000  0.000000e+000  0.000000e+000  0.000000e+000  0.000000e+000  0.000000e+000  
0.000000e+000  0.000000e+000  0.000000e+000  0.000000e+000  0.000000e+000  0.000000e+000  0.000000e+000  0.000000e+000  0.000000e+000  
0.000000e+000  0.000000e+000  0.000000e+000  0.000000e+000  0.000000e+000  0.000000e+000  0.000000e+000  0.000000e+000  0.000000e+000  
0.000000e+000  0.000000e+000  0.000000e+000  0.000000e+000  0.000000e+000  0.000000e+000  0.000000e+000  0.000000e+000  0.000000e+000  
0.000000e+000  0.000000e+000  0.000000e+000  0.000000e+000  0.000000e+000  0.000000e+000  0.000000e+000  0.000000e+000  0.000000e+000  
0.000000e+000  0.000000e+000  0.000000e+000  0.000000e+000  0.000000e+000  0.000000e+000  0.000000e+000  0.000000e+000  0.000000e+000  
0.000000e+000  0.000000e+000  0.000000e+000  0.000000e+000  0.000000e+000  0.000000e+000  0.000000e+000  0.000000e+000  0.000000e+000  
0.000000e+000  0.000000e+000  0.000000e+000  0.000000e+000  0.000000e+000  0.000000e+000  0.000000e+000  0.000000e+000  0.000000e+000  
0.000000e+000  0.000000e+000  0.000000e+000  0.000000e+000  0.000000e+000  0.000000e+000  0.000000e+000  0.000000e+000  0.000000e+000  
0.000000e+000  0.000000e+000  0.000000e+000  0.000000e+000  0.000000e+000  0.000000e+000  0.000000e+000  0.000000e+000  0.000000e+000  
0.000000e+000  0.000000e+000  0.000000e+000  0.000000e+000  0.000000e+000  0.000000e+000  0.000000e+000  0.000000e+000  0.000000e+000  
0.000000e+000  0.000000e+000  0.000000e+000  0.000000e+000  0.000000e+000  0.000000e+000  0.000000e+000  0.000000e+000  0.000000e+000  
0.000000e+000  0.000000e+000  0.000000e+000  0.000000e+000  0.000000e+000  0.000000e+000  0.000000e+000  0.000000e+000  0.000000e+000  
0.000000e+000  0.000000e+000  0.000000e+000  0.000000e+000  0.000000e+000  0.000000e+000  0.000000e+000  0.000000e+000  0.000000e+000  
0.000000e+000  0.000000e+000  0.000000e+000  0.000000e+000  0.000000e+000  0.000000e+000  0.000000e+000  0.000000e+000  0.000000e+000  
0.000000e+000  0.000000e+000  0.000000e+000  0.000000e+000  0.000000e+000  0.000000e+000  0.000000e+000  0.000000e+000  0.000000e+000  
0.000000e+000  0.000000e+000  0.000000e+000  0.000000e+000  0.000000e+000  0.000000e+000  0.000000e+000  0.000000e+000  0.000000e+000  
0.000000e+000  0.000000e+000  0.000000e+000  0.000000e+000  0.000000e+000  0.000000e+000  0.000000e+000  0.000000e+000  0.000000e+000  
0.000000e+000  0.000000e+000  0.000000e+000  0.000000e+000  0.000000e+000  0.000000e+000  0.000000e+000  0.000000e+000  0.000000e+000  
0.000000e+000  0.000000e+000  0.000000e+000  0.000000e+000  0.000000e+000  0.000000e+000  0.000000e+000  0.000000e+000  0.000000e+000  
0.000000e+000  0.000000e+000  0.000000e+000  0.000000e+000  0.000000e+000  0.000000e+000  0.000000e+000  0.000000e+000  0.000000e+000  
0.000000e+000  0.000000e+000  0.000000e+000  0.000000e+000  0.000000e+000  0.000000e+000  0.000000e+000  0.000000e+000  0.000000e+000  
0.000000e+000  0.000000e+000  0.000000e+000  0.000000e+000  0.000000e+000  0.000000e+000  0.000000e+000  0.000000e+000  0.000000e+000  
0.000000e+000  0.000000e+000  0.000000e+000  0.000000e+000  0.000000e+000  0.000000e+000  0.000000e+000  0.000000e+000  0.000000e+000  
0.000000e+000  0.000000e+000  0.000000e+000  0.000000e+000  0.000000e+000  0.000000e+000  0.000000e+000  0.000000e+000  0.000000e+000  
0.000000e+000  0.000000e+000  0.000000e+000  0.000000e+000  0.000000e+000  0.000000e+000  0.000000e+000  0.000000e+000  0.000000e+000  
0.000000e+000  0.000000e+000  0.000000e+000  0.000000e+000  0.000000e+000  0.000000e+000  0.000000e+000  0.000000e+000  0.000000e+000  
0.000000e+000  0.000000e+000  0.000000e+000  0.000000e+000  0.000000e+000  0.000000e+000  0.000000e+000  0.000000e+000  0.000000e+000  
0.000000e+000  0.000000e+000  0.000000e+000  0.000000e+000  0.000000e+000  0.000000e+000  0.000000e+000  0.000000e+000  0.000000e+000  
0.000000e+000  0.000000e+000  0.000000e+000  0.000000e+000  0.000000e+000  0.000000e+000  0.000000e+000  0.000000e+000  0.000000e+000  
0.000000e+000  0.000000e+000  0.000000e+000  0.000000e+000  0.000000e+000  0.000000e+000  0.000000e+000  0.000000e+000  0.000000e+000  
0.000000e+000  0.000000e+000  0.000000e+000  0.000000e+000  0.000000e+000  0.000000e+000  0.000000e+000  0.000000e+000  0.000000e+000  
0.000000e+000  0.000000e+000  0.000000e+000  0.000000e+000  0.000000e+000  0.000000e+000  0.000000e+000  0.000000e+000  0.000000e+000  
0.000000e+000  0.000000e+000  0.000000e+000  0.000000e+000  0.000000e+000  0.000000e+000  0.000000e+000  0.000000e+000  0.000000e+000  
0.000000e+000  0.000000e+000  0.000000e+000  0.000000e+000  0.000000e+000  0.000000e+000  0.000000e+000  0.000000e+000  0.000000e+000  
0.000000e+000  0.000000e+000  0.000000e+000  0.000000e+000  0.000000e+000  0.000000e+000  0.000000e+000  0.000000e+000  0.000000e+000  
0.000000e+000  0.000000e+000  0.000000e+000  0.000000e+000  0.000000e+000  0.000000e+000  0.000000e+000  0.000000e+000  0.000000e+000  
0.000000e+000  0.000000e+000  0.000000e+000  0.000000e+000  0.000000e+000  0.000000e+000  0.000000e+000  0.000000e+000  0.000000e+000  
0.000000e+000  0.000000e+000  0.000000e+000  0.000000e+000  0.000000e+000  0.000000e+000  0.000000e+000  0.000000e+000  0.000000e+000  
0.000000e+000  0.000000e+000  0.000000e+000  0.000000e+000  0.000000e+000  0.000000e+000  0.000000e+000  0.000000e+000  0.000000e+000  
0.000000e+000  0.000000e+000  0.000000e+000  0.000000e+000  0.000000e+000  0.000000e+000  0.000000e+000  0.000000e+000  0.000000e+000  
0.000000e+000  0.000000e+000  0.000000e+000  0.000000e+000  0.000000e+000  0.000000e+000  0.000000e+000  0.000000e+000  0.000000e+000  
0.000000e+000  0.000000e+000  0.000000e+000  0.000000e+000  0.000000e+000  0.000000e+000  0.000000e+000  0.000000e+000  0.000000e+000  
0.000000e+000  0.000000e+000  0.000000e+000  0.000000e+000  0.000000e+000  0.000000e+000  0.000000e+000  0.000000e+000  0.000000e+000  
0.000000e+000  0.000000e+000  0.000000e+000  0.000000e+000  0.000000e+000  0.000000e+000  0.000000e+000  0.000000e+000  0.000000e+000  
0.000000e+000  0.000000e+000  0.000000e+000  0.000000e+000  0.000000e+000  0.000000e+000  0.000000e+000  0.000000e+000  0.000000e+000  
0.000000e+000  0.000000e+000  0.000000e+000  0.000000e+000  0.000000e+000  0.000000e+000  0.000000e+000  0.000000e+000  0.000000e+000  
0.000000e+000  0.000000e+000  0.000000e+000  0.000000e+000  0.000000e+000  0.000000e+000  0.000000e+000  0.000000e+000  0.000000e+000  
0.000000e+000  0.000000e+000  0.000000e+000  0.000000e+000  0.000000e+000  0.000000e+000  0.000000e+000  0.000000e+000  0.000000e+000  
0.000000e+000  0.000000e+000  0.000000e+000  0.000000e+000  0.000000e+000  0.000000e+000  0.000000e+000  0.000000e+000  0.000000e+000  
0.000000e+000  0.000000e+000  0.000000e+000  0.000000e+000  0.000000e+000  0.000000e+000  0.000000e+000  0.000000e+000  0.000000e+000  
0.000000e+000  0.000000e+000  0.000000e+000  0.000000e+000  0.000000e+000  0.000000e+000  0.000000e+000  0.000000e+000  0.000000e+000  
0.000000e+000  0.000000e+000  0.000000e+000  0.000000e+000  0.000000e+000  0.000000e+000  0.000000e+000  0.000000e+000  0.000000e+000  
0.000000e+000  0.000000e+000  0.000000e+000  0.000000e+000  0.000000e+000  0.000000e+000  0.000000e+000  0.000000e+000  0.000000e+000  
0.000000e+000  0.000000e+000  0.000000e+000  0.000000e+000  0.000000e+000  0.000000e+000  0.000000e+000  0.000000e+000  0.000000e+000  
0.000000e+000  0.000000e+000  0.000000e+000  0.000000e+000  0.000000e+000  0.000000e+000  0.000000e+000  0.000000e+000  0.000000e+000  
0.000000e+000  0.000000e+000  0.000000e+000  0.000000e+000  0.000000e+000  0.000000e+000  0.000000e+000  0.000000e+000  0.000000e+000  
0.000000e+000  0.000000e+000  0.000000e+000  0.000000e+000  0.000000e+000  0.000000e+000  0.000000e+000  0.000000e+000  0.000000e+000  
0.000000e+000  0.000000e+000  0.000000e+000  0.000000e+000  0.000000e+000  0.000000e+000  0.000000e+000  0.000000e+000  0.000000e+000  
0.000000e+000  0.000000e+000  0.000000e+000  0.000000e+000  0.000000e+000  0.000000e+000  0.000000e+000  0.000000e+000  0.000000e+000  
0.000000e+000  0.000000e+000  0.000000e+000  0.000000e+000  0.000000e+000  0.000000e+000  0.000000e+000  0.000000e+000  0.000000e+000  
0.000000e+000  0.000000e+000  0.000000e+000  0.000000e+000  0.000000e+000  0.000000e+000  0.000000e+000  0.000000e+000  0.000000e+000  
0.000000e+000  0.000000e+000  0.000000e+000  0.000000e+000  0.000000e+000  0.000000e+000  0.000000e+000  0.000000e+000  0.000000e+000  
0.000000e+000  0.000000e+000  0.000000e+000  0.000000e+000  0.000000e+000  0.000000e+000  0.000000e+000  0.000000e+000  0.000000e+000  
0.000000e+000  0.000000e+000  0.000000e+000  0.000000e+000  0.000000e+000  0.000000e+000  0.000000e+000  0.000000e+000  0.000000e+000  
0.000000e+000  0.000000e+000  0.000000e+000  0.000000e+000  0.000000e+000  0.000000e+000  0.000000e+000  0.000000e+000  0.000000e+000  
0.000000e+000  0.000000e+000  0.000000e+000  0.000000e+000  0.000000e+000  0.000000e+000  0.000000e+000  0.000000e+000  0.000000e+000  
0.000000e+000  0.000000e+000  0.000000e+000  0.000000e+000  0.000000e+000  0.000000e+000  0.000000e+000  0.000000e+000  0.000000e+000  
0.000000e+000  0.000000e+000  0.000000e+000  0.000000e+000  0.000000e+000  0.000000e+000  0.000000e+000  0.000000e+000  0.000000e+000  
0.000000e+000  0.000000e+000  0.000000e+000  0.000000e+000  0.000000e+000  0.000000e+000  0.000000e+000  0.000000e+000  0.000000e+000  
0.000000e+000  0.000000e+000  0.000000e+000  0.000000e+000  0.000000e+000  0.000000e+000  0.000000e+000  0.000000e+000  0.000000e+000  
0.000000e+000  0.000000e+000  0.000000e+000  0.000000e+000  0.000000e+000  0.000000e+000  0.000000e+000  0.000000e+000  0.000000e+000  
0.000000e+000  0.000000e+000  0.000000e+000  0.000000e+000  0.000000e+000  0.000000e+000  0.000000e+000  0.000000e+000  0.000000e+000  
0.000000e+000  0.000000e+000  0.000000e+000  0.000000e+000  0.000000e+000  0.000000e+000  0.000000e+000  0.000000e+000  0.000000e+000  
0.000000e+000  0.000000e+000  0.000000e+000  0.000000e+000  0.000000e+000  0.000000e+000  0.000000e+000  0.000000e+000  0.000000e+000  
0.000000e+000  0.000000e+000  0.000000e+000  0.000000e+000  0.000000e+000  0.000000e+000  0.000000e+000  0.000000e+000  0.000000e+000  

-2.475658e-008  -2.469899e-008  -2.453709e-008  -2.425056e-008  -2.382174e-008  -8.447174e-009  -2.250204e-008  -2.331547e-008  -2.460855e-008  
-2.871407e-008  -2.915861e-008  -2.976708e-008  1.241527e-008  -2.022701e-008  -2.231259e-008  -2.445911e-008  -2.641997e-008  -2.939932e-008  
-2.568188e-008  -2.959358e-008  6.943006e-009  -1.733461e-008  -1.931704e-008  -2.264057e-008  -2.587676e-008  -2.871907e-008  -3.284987e-008  
-7.073396e-009  -2.694242e-008  3.046361e-009  -1.469553e-008  -1.808644e-008  -2.323113e-008  -2.791699e-008  -3.190224e-008  -3.750285e-008  
-4.147524e-009  -3.351542e-009  -0.000000e+000  -1.080922e-008  -1.714596e-008  -2.449404e-008  -3.095376e-008  -3.633558e-008  -4.374840e-008  
-1.386021e-009  -9.767953e-010  -0.000000e+000  -8.986431e-009  -1.713023e-008  -2.704982e-008  -3.560468e-008  -4.266795e-008  -5.232481e-008  
2.546536e-008  1.811866e-008  -0.000000e+000  -9.775276e-009  -1.916239e-008  -3.152692e-008  -4.235042e-008  -5.135438e-008  -6.370899e-008  
-0.000000e+000  -0.000000e+000  -0.000000e+000  -1.155682e-008  -2.284515e-008  -3.810191e-008  -5.166262e-008  -6.301245e-008  -7.867401e-008  
-0.000000e+000  -0.000000e+000  -0.000000e+000  -1.997132e-008  -3.952633e-008  -6.638965e-008  -9.044733e-008  -1.107092e-007  -1.388982e-007  
-0.000000e+000  -0.000000e+000  -0.000000e+000  -3.825796e-008  -7.571803e-008  -1.271358e-007  -1.732262e-007  -2.120716e-007  -2.661668e-007  
-0.000000e+000  -0.000000e+000  -0.000000e+000  -7.463194e-008  -1.477058e-007  -2.475160e-007  -3.369499e-007  -4.123270e-007  -5.172881e-007  
-0.000000e+000  -0.000000e+000  -0.000000e+000  -1.462409e-007  -2.894374e-007  -4.837630e-007  -6.578487e-007  -8.045338e-007  -1.008755e-006  
-0.000000e+000  -0.000000e+000  -0.000000e+000  -2.868480e-007  -5.677078e-007  -9.461580e-007  -1.285079e-006  -1.570582e-006  -1.967944e-006  
-0.000000e+000  -0.000000e+000  -0.000000e+000  -5.627004e-007  -1.113667e-006  -1.850195e-006  -2.509575e-006  -3.064879e-006  -3.837464e-006  
-0.000000e+000  -0.000000e+000  -0.000000e+000  -1.103681e-006  -2.184346e-006  -3.616412e-006  -4.897998e-006  -5.976978e-006  -7.477509e-006  
-0.000000e+000  -0.000000e+000  -0.000000e+000  -2.164293e-006  -4.283502e-006  -7.064813e-006  -9.552821e-006  -1.164681e-005  -1.455759e-005  
-0.000000e+000  -0.000000e+000  -0.000000e+000  -4.243058e-006  -8.397813e-006  -1.379279e-005  -1.861659e-005  -2.267499e-005  -2.831348e-005  
-0.000000e+000  -0.000000e+000  -0.000000e+000  -8.316124e-006  -1.645933e-005  -2.690936e-005  -3.624810e-005  -4.410187e-005  -5.500708e-005  
-0.000000e+000  -0.000000e+000  -0.000000e+000  -1.629404e-005  -3.224965e-005  -5.245926e-005  -7.050910e-005  -8.568185e-005  -1.067359e-004  
-0.000000e+000  -0.000000e+000  -0.000000e+000  -3.191471e-005  -6.316725e-005  -1.021817e-004  -1.370037e-004  -1.662600e-004  -2.068268e-004  
-0.000000e+000  -0.000000e+000  -0.000000e+000  -6.248739e-005  -1.236799e-004  -1.988461e-004  -2.658844e-004  -3.221752e-004  -4.001625e-004  
-0.000000e+000  -0.000000e+000  -0.000000e+000  -1.222976e-004  -2.420644e-004  -3.865524e-004  -5.153070e-004  -6.233477e-004  -7.728888e-004  
-0.000000e+000  -0.000000e+000  -0.000000e+000  -2.283432e-004  -4.519677e-004  -7.166870e-004  -9.523654e-004  -1.149987e-003  -1.423239e-003  
-0.000000e+000  -0.000000e+000  -0.000000e+000  -2.932197e-004  -5.803839e-004  -9.172884e-004  -1.217102e-003  -1.468416e-003  -1.815736e-003  
-0.000000e+000  -0.000000e+000  -0.000000e+000  -3.752990e-004  -7.428524e-004  -1.170236e-003  -1.550400e-003  -1.868956e-003  -2.308989e-003  
-0.000000e+000  -0.000000e+000  -0.000000e+000  -4.793817e-004  -9.488762e-004  -1.489841e-003  -1.970818e-003  -2.373708e-003  -2.929946e-003  
-0.000000e+000  -0.000000e+000  -0.000000e+000  -6.106998e-004  -1.208812e-003  -1.891548e-003  -2.498288e-003  -3.006335e-003  -3.707383e-003  
-0.000000e+000  -0.000000e+000  -0.000000e+000  -7.773579e-004  -1.538705e-003  -2.399339e-003  -3.163797e-003  -3.803659e-003  -4.686099e-003  
-0.000000e+000  -0.000000e+000  -0.000000e+000  -9.889680e-004  -1.957580e-003  -3.041422e-003  -4.003639e-003  -4.808697e-003  -5.918303e-003  
-0.000000e+000  -0.000000e+000  -0.000000e+000  -1.781419e-003  -3.526236e-003  -5.430133e-003  -7.118158e-003  -8.529017e-003  -1.047068e-002  
-0.000000e+000  -0.000000e+000  -0.000000e+000  -3.407314e-003  -6.744768e-003  -1.027201e-002  -1.339393e-002  -1.599970e-002  -1.957876e-002  
-0.000000e+000  -0.000000e+000  -0.000000e+000  -6.545299e-003  -1.295672e-002  -1.948597e-002  -2.525295e-002  -3.005856e-002  -3.664332e-002  
-0.000000e+000  -0.000000e+000  -0.000000e+000  -1.258067e-002  -2.490469e-002  -3.693080e-002  -4.752642e-002  -5.633825e-002  -6.837737e-002  
-0.000000e+000  -0.000000e+000  -0.000000e+000  -2.293903e-002  -4.541136e-002  -6.635731e-002  -8.475991e-002  -1.000300e-001  -1.208236e-001  
-0.000000e+000  -0.000000e+000  -0.000000e+000  -2.933982e-002  -5.808346e-002  -8.427583e-002  -1.072546e-001  -1.262999e-001  -1.521896e-001  
-0.000000e+000  -0.000000e+000  -0.000000e+000  -3.741334e-002  -7.406737e-002  -1.067081e-001  -1.353009e-001  -1.589704e-001  -1.910879e-001  
-0.000000e+000  -0.000000e+000  -0.000000e+000  -4.761713e-002  -9.426905e-002  -1.348295e-001  -1.703026e-001  -1.996293e-001  -2.393455e-001  
-0.000000e+000  -0.000000e+000  -0.000000e+000  -6.039480e-002  -1.195668e-001  -1.697408e-001  -2.135454e-001  -2.497089e-001  -2.985797e-001  
-0.000000e+000  -0.000000e+000  -0.000000e+000  -7.653846e-002  -1.515291e-001  -2.134482e-001  -2.674039e-001  -3.118782e-001  -3.718385e-001  
-0.000000e+000  -0.000000e+000  -0.000000e+000  -9.694271e-002  -1.919271e-001  -2.681608e-001  -3.344500e-001  -3.889956e-001  -4.623391e-001  
-0.000000e+000  -0.000000e+000  -0.000000e+000  -1.687420e-001  -3.340825e-001  -4.577828e-001  -5.647473e-001  -6.523541e-001  -7.693100e-001  
-0.000000e+000  -0.000000e+000  -0.000000e+000  -3.142791e-001  -6.222272e-001  -8.314439e-001  -1.010787e+000  -1.156590e+000  -1.348972e+000  
-0.000000e+000  -0.000000e+000  -0.000000e+000  -5.879557e-001  -1.164014e+000  -1.510164e+000  -1.802952e+000  -2.038214e+000  -2.342774e+000  
-0.000000e+000  -0.000000e+000  -0.000000e+000  -1.102480e+000  -2.182252e+000  -2.734962e+000  -3.192010e+000  -3.551824e+000  -4.001907e+000  
-0.000000e+000  -0.000000e+000  -0.000000e+000  -2.077109e+000  -4.109287e+000  -4.940021e+000  -5.596726e+000  -6.092557e+000  -6.669540e+000  
-0.000000e+000  -0.000000e+000  -0.000000e+000  -3.964063e+000  -7.832602e+000  -8.926714e+000  -9.696640e+000  -1.021537e+001  -1.070209e+001  
-0.000000e+000  -0.000000e+000  -0.000000e+000  -7.799406e+000  -1.537830e+001  -1.621940e+001  -1.648832e+001  -1.647226e+001  -1.612369e+001  
-0.000000e+000  -0.000000e+000  -0.000000e+000  -1.505359e+001  -2.972494e+001  -2.769040e+001  -2.535797e+001  -2.339380e+001  -2.106880e+001  
-0.000000e+000  -0.000000e+000  -0.000000e+000  -1.986535e+001  -3.982625e+001  -3.334360e+001  -2.853105e+001  -2.533291e+001  -2.235192e+001  
-0.000000e+000  -0.000000e+000  -0.000000e+000  -2.434958e+001  -5.090896e+001  -3.718602e+001  -2.993015e+001  -2.603832e+001  -2.303783e+001  
-0.000000e+000  -0.000000e+000  -0.000000e+000  -2.240036e+001  -5.343777e+001  -3.343126e+001  -2.744480e+001  -2.499383e+001  -2.312607e+001  
-0.000000e+000  -0.000000e+000  -0.000000e+000  -5.015143e+000  -0.000000e+000  -1.994766e+001  -2.298920e+001  -2.355054e+001  -2.298898e+001  
-0.000000e+000  -0.000000e+000  -0.000000e+000  -1.135835e+000  -0.000000e+000  -1.398592e+001  -2.015687e+001  -2.248898e+001  -2.284971e+001  
-0.000000e+000  -0.000000e+000  -0.000000e+000  -1.135835e+000  -0.000000e+000  -1.398592e+001  -2.015687e+001  -2.248898e+001  -2.284971e+001  
-0.000000e+000  -0.000000e+000  -0.000000e+000  -5.015143e+000  -0.000000e+000  -1.994766e+001  -2.298920e+001  -2.355054e+001  -2.298898e+001  
-0.000000e+000  -0.000000e+000  -0.000000e+000  -2.240036e+001  -5.343777e+001  -3.343126e+001  -2.744480e+001  -2.499383e+001  -2.312607e+001  
-0.000000e+000  -0.000000e+000  -0.000000e+000  -2.434958e+001  -5.090896e+001  -3.718602e+001  -2.993015e+001  -2.603832e+001  -2.303783e+001  
-0.000000e+000  -0.000000e+000  -0.000000e+000  -1.986535e+001  -3.982625e+001  -3.334360e+001  -2.853105e+001  -2.533291e+001  -2.235192e+001  
-0.000000e+000  -0.000000e+000  -0.000000e+000  -1.505359e+001  -2.972494e+001  -2.769040e+001  -2.535797e+001  -2.339380e+001  -2.106880e+001  
-0.000000e+000  -0.000000e+000  -0.000000e+000  -7.799406e+000  -1.537830e+001  -1.621940e+001  -1.648832e+001  -1.647226e+001  -1.612369e+001  
-0.000000e+000  -0.000000e+000  -0.000000e+000  -3.964063e+000  -7.832602e+000  -8.926714e+000  -9.696640e+000  -1.021537e+001  -1.070209e+001  
-0.000000e+000  -0.000000e+000  -0.000000e+000  -2.077109e+000  -4.109287e+000  -4.940021e+000  -5.596726e+000  -6.092557e+000  -6.669540e+000  
-0.000000e+000  -0.000000e+000  -0.000000e+000  -1.102480e+000  -2.182252e+000  -2.734962e+000  -3.192010e+000  -3.551824e+000  -4.001907e+000  
-0.000000e+000  -0.000000e+000  -0.000000e+000  -5.879557e-001  -1.164014e+000  -1.510164e+000  -1.802952e+000  -2.038214e+000  -2.342774e+000  
-0.000000e+000  -0.000000e+000  -0.000000e+000  -3.142791e-001  -6.222272e-001  -8.314439e-001  -1.010787e+000  -1.156590e+000  -1.348972e+000  
-0.000000e+000  -0.000000e+000  -0.000000e+000  -1.687420e-001  -3.340825e-001  -4.577828e-001  -5.647473e-001  -6.523541e-001  -7.693100e-001  
-0.000000e+000  -0.000000e+000  -0.000000e+000  -9.694271e-002  -1.919271e-001  -2.681608e-001  -3.344500e-001  -3.889956e-001  -4.623391e-001  
-0.000000e+000  -0.000000e+000  -0.000000e+000  -7.653846e-002  -1.515291e-001  -2.134482e-001  -2.674039e-001  -3.118782e-001  -3.718385e-001  
-0.000000e+000  -0.000000e+000  -0.000000e+000  -6.039480e-002  -1.195668e-001  -1.697408e-001  -2.135454e-001  -2.497089e-001  -2.985797e-001  
-0.000000e+000  -0.000000e+000  -0.000000e+000  -4.761713e-002  -9.426905e-002  -1.348295e-001  -1.703026e-001  -1.996293e-001  -2.393455e-001  
-0.000000e+000  -0.000000e+000  -0.000000e+000  -3.741334e-002  -7.406737e-002  -1.067081e-001  -1.353009e-001  -1.589704e-001  -1.910879e-001  
-0.000000e+000  -0.000000e+000  -0.000000e+000  -2.933982e-002  -5.808346e-002  -8.427583e-002  -1.072546e-001  -1.262999e-001  -1.521896e-001  
-0.000000e+000  -0.000000e+000  -0.000000e+000  -2.293903e-002  -4.541136e-002  -6.635731e-002  -8.475991e-002  -1.000300e-001  -1.208236e-001  
-0.000000e+000  -0.000000e+000  -0.000000e+000  -1.258067e-002  -2.490469e-002  -3.693080e-002  -4.752642e-002  -5.633825e-002  -6.837737e-002  
-0.000000e+000  -0.000000e+000  -0.000000e+000  -6.545299e-003  -1.295672e-002  -1.948597e-002  -2.525295e-002  -3.005856e-002  -3.664332e-002  
-0.000000e+000  -0.000000e+000  -0.000000e+000  -3.407314e-003  -6.744768e-003  -1.027201e-002  -1.339393e-002  -1.599970e-002  -1.957876e-002  
-0.000000e+000  -0.000000e+000  -0.000000e+000  -1.781419e-003  -3.526236e-003  -5.430133e-003  -7.118158e-003  -8.529017e-003  -1.047068e-002  
-0.000000e+000  -0.000000e+000  -0.000000e+000  -9.889680e-004  -1.957580e-003  -3.041422e-003  -4.003639e-003  -4.808697e-003  -5.918303e-003  
-0.000000e+000  -0.000000e+000  -0.000000e+000  -7.773580e-004  -1.538705e-003  -2.399339e-003  -3.163797e-003  -3.803659e-003  -4.686099e-003  
-0.000000e+000  -0.000000e+000  -0.000000e+000  -6.106998e-004  -1.208812e-003  -1.891548e-003  -2.498288e-003  -3.006335e-003  -3.707383e-003  
-0.000000e+000  -0.000000e+000  -0.000000e+000  -4.793817e-004  -9.488761e-004  -1.489841e-003  -1.970818e-003  -2.373708e-003  -2.929946e-003  
-0.000000e+000  -0.000000e+000  -0.000000e+000  -3.752990e-004  -7.428524e-004  -1.170236e-003  -1.550400e-003  -1.868956e-003  -2.308989e-003  
-0.000000e+000  -0.000000e+000  -0.000000e+000  -2.932197e-004  -5.803839e-004  -9.172884e-004  -1.217102e-003  -1.468416e-003  -1.815736e-003  
-0.000000e+000  -0.000000e+000  -0.000000e+000  -2.283432e-004  -4.519677e-004  -7.166870e-004  -9.523654e-004  -1.149987e-003  -1.423239e-003  
-0.000000e+000  -0.000000e+000  -0.000000e+000  -1.222976e-004  -2.420644e-004  -3.865524e-004  -5.153070e-004  -6.233478e-004  -7.728889e-004  
-0.000000e+000  -0.000000e+000  -0.000000e+000  -6.248739e-005  -1.236799e-004  -1.988461e-004  -2.658845e-004  -3.221752e-004  -4.001626e-004  
-0.000000e+000  -0.000000e+000  -0.000000e+000  -3.191471e-005  -6.316725e-005  -1.021817e-004  -1.370037e-004  -1.662601e-004  -2.068269e-004  
-0.000000e+000  -0.000000e+000  -0.000000e+000  -1.629405e-005  -3.224965e-005  -5.245927e-005  -7.050912e-005  -8.568187e-005  -1.067359e-004  
-0.000000e+000  -0.000000e+000  -0.000000e+000  -8.316125e-006  -1.645933e-005  -2.690937e-005  -3.624812e-005  -4.410189e-005  -5.500710e-005  
-0.000000e+000  -0.000000e+000  -0.000000e+000  -4.243057e-006  -8.397814e-006  -1.379280e-005  -1.861660e-005  -2.267501e-005  -2.831350e-005  
-0.000000e+000  -0.000000e+000  -0.000000e+000  -2.164290e-006  -4.283493e-006  -7.064809e-006  -9.552825e-006  -1.164683e-005  -1.455761e-005  
-0.000000e+000  -0.000000e+000  -0.000000e+000  -1.103681e-006  -2.184349e-006  -3.616417e-006  -4.898002e-006  -5.976977e-006  -7.477518e-006  
-0.000000e+000  -0.000000e+000  -0.000000e+000  -5.627012e-007  -1.113666e-006  -1.850193e-006  -2.509575e-006  -3.064875e-006  -3.837463e-006  
-0.000000e+000  -0.000000e+000  -0.000000e+000  -2.868463e-007  -5.677079e-007  -9.461565e-007  -1.285085e-006  -1.570588e-006  -1.967943e-006  
-0.000000e+000  -0.000000e+000  -0.000000e+000  -1.462413e-007  -2.894335e-007  -4.837699e-007  -6.578581e-007  -8.045368e-007  -1.008764e-006  
-0.000000e+000  -0.000000e+000  -0.000000e+000  -7.463349e-008  -1.477142e-007  -2.475195e-007  -3.369559e-007  -4.123307e-007  -5.172980e-007  
-0.000000e+000  -0.000000e+000  -0.000000e+000  -3.826235e-008  -7.571220e-008  -1.271454e-007  -1.732359e-007  -2.120813e-007  -2.661774e-007  
-0.000000e+000  -0.000000e+000  -0.000000e+000  -1.997565e-008  -3.952556e-008  -6.639698e-008  -9.045466e-008  -1.107163e-007  -1.389156e-007  
-0.000000e+000  -0.000000e+000  -0.000000e+000  -1.155770e-008  -2.283935e-008  -3.810585e-008  -5.166935e-008  -6.302126e-008  -7.869086e-008  
2.547436e-008  1.812682e-008  -0.000000e+000  -9.773726e-009  -1.915474e-008  -3.152657e-008  -4.236272e-008  -5.136817e-008  -6.372535e-008  
-1.390184e-009  -9.749501e-010  -0.000000e+000  -8.980178e-009  -1.712478e-008  -2.705295e-008  -3.561567e-008  -4.267989e-008  -5.233563e-008  
-4.137416e-009  -3.362545e-009  -0.000000e+000  -1.081799e-008  -1.714547e-008  -2.450280e-008  -3.096058e-008  -3.634266e-008  -4.375823e-008  
-7.084087e-009  -2.695260e-008  3.042052e-009  -1.470669e-008  -1.809782e-008  -2.324026e-008  -2.791962e-008  -3.190830e-008  -3.751175e-008  
-2.569102e-008  -2.961301e-008  6.932981e-009  -1.733642e-008  -1.932677e-008  -2.265220e-008  -2.588669e-008  -2.872701e-008  -3.285502e-008  
-2.872661e-008  -2.916955e-008  -2.977924e-008  1.240673e-008  -2.022901e-008  -2.232063e-008  -2.446591e-008  -2.642716e-008  -2.940561e-008  
-2.475755e-008  -2.470001e-008  -2.453798e-008  -2.425129e-008  -2.382214e-008  -8.455416e-009  -2.250218e-008  -2.331005e-008  -2.460536e-008  

