Port monitor named: Port1_h1.prt

nx        = 116
ny        = 89
nz        = 21

nu        = 9
nv        = 106
iu        = 8
iv        = 6

idir      = 1
dcut      = -1.030000e-001
icut      = 6
type      = 1
frequency = 1.800000e+009

fcutoff   = 0.000000e+000
alpha     = 0.000000e+000
beta      = 6.981593e+001
accuracy  = 3.830373e-014

type          = QTEM
wave imp.     = 2.044684e+002
wave imp.sig. = 9.104024e-011
line imp.     = 4.906892e+001

ref. port     = 0

2.255689e-011  2.918087e-011  3.942983e-011  -5.072588e-010  -7.495142e-011  1.540859e-010  -0.000000e+000  1.573723e-011  3.906491e-011  
-2.213857e-010  -3.986817e-011  -1.989812e-009  1.498289e-009  -1.091471e-010  -3.885398e-011  2.329979e-011  7.304118e-011  1.362791e-010  
-1.050663e-009  -2.154412e-010  1.253212e-010  -2.197819e-010  -1.436543e-010  -3.659819e-011  4.733071e-011  1.116756e-010  1.912919e-010  
-2.308669e-010  -1.326779e-009  1.542588e-011  -3.160942e-010  -1.581553e-010  -8.970905e-012  9.473116e-011  1.715719e-010  2.670520e-010  
-1.756538e-010  -1.511671e-010  -0.000000e+000  -1.173270e-010  -4.094071e-011  7.436700e-011  1.757163e-010  2.583319e-010  3.686109e-010  
-1.381977e-009  -9.828020e-010  -0.000000e+000  2.346252e-011  7.279264e-011  1.785977e-010  2.823446e-010  3.733401e-010  5.019897e-010  
1.299218e-009  9.243969e-010  -0.000000e+000  7.373199e-011  1.546817e-010  2.828478e-010  4.076555e-010  5.163385e-010  6.719957e-010  
-0.000000e+000  -0.000000e+000  -0.000000e+000  1.411251e-010  2.799288e-010  4.856297e-010  6.727058e-010  8.323055e-010  1.058235e-009  
-0.000000e+000  -0.000000e+000  -0.000000e+000  2.858029e-010  5.656166e-010  9.764023e-010  1.346118e-009  1.658702e-009  2.095979e-009  
-0.000000e+000  -0.000000e+000  -0.000000e+000  5.701701e-010  1.128345e-009  1.947266e-009  2.683029e-009  3.304670e-009  4.173209e-009  
-0.000000e+000  -0.000000e+000  -0.000000e+000  1.125136e-009  2.226766e-009  3.842210e-009  5.294045e-009  6.520263e-009  8.233584e-009  
-0.000000e+000  -0.000000e+000  -0.000000e+000  2.214616e-009  4.382475e-009  7.562470e-009  1.042008e-008  1.283366e-008  1.620562e-008  
-0.000000e+000  -0.000000e+000  -0.000000e+000  4.356144e-009  8.620777e-009  1.487556e-008  2.049651e-008  2.524406e-008  3.187675e-008  
-0.000000e+000  -0.000000e+000  -0.000000e+000  8.567269e-009  1.695414e-008  2.925568e-008  4.031061e-008  4.964777e-008  6.269217e-008  
-0.000000e+000  -0.000000e+000  -0.000000e+000  1.684857e-008  3.334298e-008  5.753526e-008  7.927586e-008  9.763826e-008  1.232921e-007  
-0.000000e+000  -0.000000e+000  -0.000000e+000  3.313443e-008  6.557224e-008  1.131489e-007  1.559042e-007  1.920163e-007  2.424668e-007  
-0.000000e+000  -0.000000e+000  -0.000000e+000  6.516231e-008  1.289543e-007  2.225188e-007  3.066013e-007  3.776191e-007  4.768355e-007  
-0.000000e+000  -0.000000e+000  -0.000000e+000  1.281479e-007  2.536014e-007  4.376051e-007  6.029619e-007  7.426255e-007  9.377440e-007  
-0.000000e+000  -0.000000e+000  -0.000000e+000  2.520157e-007  4.987321e-007  8.605937e-007  1.185784e-006  1.460446e-006  1.844166e-006  
-0.000000e+000  -0.000000e+000  -0.000000e+000  4.956137e-007  9.808060e-007  1.692442e-006  2.331961e-006  2.872111e-006  3.626734e-006  
-0.000000e+000  -0.000000e+000  -0.000000e+000  9.746729e-007  1.928851e-006  3.328354e-006  4.586030e-006  5.648288e-006  7.132329e-006  
-0.000000e+000  -0.000000e+000  -0.000000e+000  1.880952e-006  3.722352e-006  6.423153e-006  8.850252e-006  1.090023e-005  1.376417e-005  
-0.000000e+000  -0.000000e+000  -0.000000e+000  3.011122e-006  5.958931e-006  1.028251e-005  1.416793e-005  1.744964e-005  2.203439e-005  
-0.000000e+000  -0.000000e+000  -0.000000e+000  3.818222e-006  7.556156e-006  1.303862e-005  1.796549e-005  2.212682e-005  2.794046e-005  
-0.000000e+000  -0.000000e+000  -0.000000e+000  4.853586e-006  9.605119e-006  1.657423e-005  2.283709e-005  2.812683e-005  3.551691e-005  
-0.000000e+000  -0.000000e+000  -0.000000e+000  6.175259e-006  1.222067e-005  2.108753e-005  2.905582e-005  3.578599e-005  4.518845e-005  
-0.000000e+000  -0.000000e+000  -0.000000e+000  7.857960e-006  1.555069e-005  2.683369e-005  3.697327e-005  4.553735e-005  5.750190e-005  
-0.000000e+000  -0.000000e+000  -0.000000e+000  1.000499e-005  1.979959e-005  3.416544e-005  4.707544e-005  5.797949e-005  7.321309e-005  
-0.000000e+000  -0.000000e+000  -0.000000e+000  1.484468e-005  2.937721e-005  5.069222e-005  6.984714e-005  8.602576e-005  1.086283e-004  
-0.000000e+000  -0.000000e+000  -0.000000e+000  2.802264e-005  5.545605e-005  9.569286e-005  1.318520e-004  1.623927e-004  2.050598e-004  
-0.000000e+000  -0.000000e+000  -0.000000e+000  5.456935e-005  1.079913e-004  1.863456e-004  2.567592e-004  3.162317e-004  3.993178e-004  
-0.000000e+000  -0.000000e+000  -0.000000e+000  1.059809e-004  2.097333e-004  3.619072e-004  4.986588e-004  6.141607e-004  7.755207e-004  
-0.000000e+000  -0.000000e+000  -0.000000e+000  2.013417e-004  3.984491e-004  6.875455e-004  9.473397e-004  1.166762e-003  1.473291e-003  
-0.000000e+000  -0.000000e+000  -0.000000e+000  3.181168e-004  6.295418e-004  1.086302e-003  1.496757e-003  1.843416e-003  2.327665e-003  
-0.000000e+000  -0.000000e+000  -0.000000e+000  4.029911e-004  7.975037e-004  1.376121e-003  1.896070e-003  2.335194e-003  2.948576e-003  
-0.000000e+000  -0.000000e+000  -0.000000e+000  5.116922e-004  1.012616e-003  1.747292e-003  2.407456e-003  2.964980e-003  3.743683e-003  
-0.000000e+000  -0.000000e+000  -0.000000e+000  6.500025e-004  1.286320e-003  2.219551e-003  3.058094e-003  3.766223e-003  4.755161e-003  
-0.000000e+000  -0.000000e+000  -0.000000e+000  8.253993e-004  1.633410e-003  2.818409e-003  3.883106e-003  4.782141e-003  6.037468e-003  
-0.000000e+000  -0.000000e+000  -0.000000e+000  1.048750e-003  2.075386e-003  3.580937e-003  4.933513e-003  6.075493e-003  7.669626e-003  
-0.000000e+000  -0.000000e+000  -0.000000e+000  1.535420e-003  3.038400e-003  5.242266e-003  7.221777e-003  8.892624e-003  1.122367e-002  
-0.000000e+000  -0.000000e+000  -0.000000e+000  2.822154e-003  5.584264e-003  9.632902e-003  1.326667e-002  1.633092e-002  2.059737e-002  
-0.000000e+000  -0.000000e+000  -0.000000e+000  5.399567e-003  1.068211e-002  1.841731e-002  2.534604e-002  3.117425e-002  3.924615e-002  
-0.000000e+000  -0.000000e+000  -0.000000e+000  1.035342e-002  2.047166e-002  3.524843e-002  4.841622e-002  5.942149e-002  7.445888e-002  
-0.000000e+000  -0.000000e+000  -0.000000e+000  2.009284e-002  3.967273e-002  6.806364e-002  9.301815e-002  1.135284e-001  1.405921e-001  
-0.000000e+000  -0.000000e+000  -0.000000e+000  4.031790e-002  7.928986e-002  1.346791e-001  1.815671e-001  2.184183e-001  2.626830e-001  
-0.000000e+000  -0.000000e+000  -0.000000e+000  8.829600e-002  1.716597e-001  2.833334e-001  3.680315e-001  4.263823e-001  4.778296e-001  
-0.000000e+000  -0.000000e+000  -0.000000e+000  2.310971e-001  4.356598e-001  6.641582e-001  7.831095e-001  8.265165e-001  7.915709e-001  
-0.000000e+000  -0.000000e+000  -0.000000e+000  6.409910e-001  1.147452e+000  1.485940e+000  1.460032e+000  1.302385e+000  9.856660e-001  
-0.000000e+000  -0.000000e+000  -0.000000e+000  1.266558e+000  2.217353e+000  2.416937e+000  2.024402e+000  1.578990e+000  1.026771e+000  
-0.000000e+000  -0.000000e+000  -0.000000e+000  2.798960e+000  5.155933e+000  4.080585e+000  2.665711e+000  1.719034e+000  9.374219e-001  
-0.000000e+000  -0.000000e+000  -0.000000e+000  5.228897e+000  1.373114e+001  5.904450e+000  2.744826e+000  1.461206e+000  6.967070e-001  
-0.000000e+000  -0.000000e+000  -0.000000e+000  2.829600e+000  -0.000000e+000  2.780050e+000  1.563137e+000  8.489667e-001  3.851997e-001  
-0.000000e+000  -0.000000e+000  -0.000000e+000  1.087784e-011  -0.000000e+000  -0.000000e+000  -0.000000e+000  -4.908687e-012  -5.697221e-012  
-0.000000e+000  -0.000000e+000  -0.000000e+000  -2.829600e+000  -0.000000e+000  -2.780050e+000  -1.563137e+000  -8.489667e-001  -3.851997e-001  
-0.000000e+000  -0.000000e+000  -0.000000e+000  -5.228897e+000  -1.373114e+001  -5.904450e+000  -2.744826e+000  -1.461206e+000  -6.967070e-001  
-0.000000e+000  -0.000000e+000  -0.000000e+000  -2.798960e+000  -5.155933e+000  -4.080585e+000  -2.665711e+000  -1.719034e+000  -9.374219e-001  
-0.000000e+000  -0.000000e+000  -0.000000e+000  -1.266558e+000  -2.217353e+000  -2.416937e+000  -2.024402e+000  -1.578990e+000  -1.026771e+000  
-0.000000e+000  -0.000000e+000  -0.000000e+000  -6.409910e-001  -1.147452e+000  -1.485940e+000  -1.460032e+000  -1.302385e+000  -9.856660e-001  
-0.000000e+000  -0.000000e+000  -0.000000e+000  -2.310971e-001  -4.356598e-001  -6.641582e-001  -7.831095e-001  -8.265165e-001  -7.915709e-001  
-0.000000e+000  -0.000000e+000  -0.000000e+000  -8.829600e-002  -1.716597e-001  -2.833334e-001  -3.680315e-001  -4.263823e-001  -4.778296e-001  
-0.000000e+000  -0.000000e+000  -0.000000e+000  -4.031790e-002  -7.928986e-002  -1.346791e-001  -1.815671e-001  -2.184183e-001  -2.626830e-001  
-0.000000e+000  -0.000000e+000  -0.000000e+000  -2.009284e-002  -3.967273e-002  -6.806364e-002  -9.301815e-002  -1.135284e-001  -1.405921e-001  
-0.000000e+000  -0.000000e+000  -0.000000e+000  -1.035342e-002  -2.047166e-002  -3.524843e-002  -4.841622e-002  -5.942149e-002  -7.445888e-002  
-0.000000e+000  -0.000000e+000  -0.000000e+000  -5.399567e-003  -1.068211e-002  -1.841731e-002  -2.534604e-002  -3.117425e-002  -3.924615e-002  
-0.000000e+000  -0.000000e+000  -0.000000e+000  -2.822154e-003  -5.584264e-003  -9.632902e-003  -1.326667e-002  -1.633092e-002  -2.059737e-002  
-0.000000e+000  -0.000000e+000  -0.000000e+000  -1.535420e-003  -3.038400e-003  -5.242266e-003  -7.221777e-003  -8.892624e-003  -1.122367e-002  
-0.000000e+000  -0.000000e+000  -0.000000e+000  -1.048750e-003  -2.075386e-003  -3.580937e-003  -4.933513e-003  -6.075493e-003  -7.669626e-003  
-0.000000e+000  -0.000000e+000  -0.000000e+000  -8.253993e-004  -1.633410e-003  -2.818409e-003  -3.883106e-003  -4.782141e-003  -6.037468e-003  
-0.000000e+000  -0.000000e+000  -0.000000e+000  -6.500025e-004  -1.286320e-003  -2.219551e-003  -3.058094e-003  -3.766223e-003  -4.755161e-003  
-0.000000e+000  -0.000000e+000  -0.000000e+000  -5.116922e-004  -1.012616e-003  -1.747292e-003  -2.407456e-003  -2.964980e-003  -3.743683e-003  
-0.000000e+000  -0.000000e+000  -0.000000e+000  -4.029911e-004  -7.975037e-004  -1.376121e-003  -1.896070e-003  -2.335194e-003  -2.948576e-003  
-0.000000e+000  -0.000000e+000  -0.000000e+000  -3.181168e-004  -6.295418e-004  -1.086302e-003  -1.496757e-003  -1.843416e-003  -2.327665e-003  
-0.000000e+000  -0.000000e+000  -0.000000e+000  -2.013417e-004  -3.984491e-004  -6.875455e-004  -9.473397e-004  -1.166762e-003  -1.473291e-003  
-0.000000e+000  -0.000000e+000  -0.000000e+000  -1.059809e-004  -2.097333e-004  -3.619072e-004  -4.986588e-004  -6.141607e-004  -7.755207e-004  
-0.000000e+000  -0.000000e+000  -0.000000e+000  -5.456935e-005  -1.079913e-004  -1.863456e-004  -2.567592e-004  -3.162317e-004  -3.993178e-004  
-0.000000e+000  -0.000000e+000  -0.000000e+000  -2.802264e-005  -5.545605e-005  -9.569286e-005  -1.318520e-004  -1.623927e-004  -2.050598e-004  
-0.000000e+000  -0.000000e+000  -0.000000e+000  -1.484468e-005  -2.937721e-005  -5.069222e-005  -6.984714e-005  -8.602576e-005  -1.086283e-004  
-0.000000e+000  -0.000000e+000  -0.000000e+000  -1.000498e-005  -1.979959e-005  -3.416544e-005  -4.707544e-005  -5.797949e-005  -7.321309e-005  
-0.000000e+000  -0.000000e+000  -0.000000e+000  -7.857962e-006  -1.555069e-005  -2.683369e-005  -3.697327e-005  -4.553735e-005  -5.750190e-005  
-0.000000e+000  -0.000000e+000  -0.000000e+000  -6.175256e-006  -1.222067e-005  -2.108753e-005  -2.905582e-005  -3.578599e-005  -4.518845e-005  
-0.000000e+000  -0.000000e+000  -0.000000e+000  -4.853588e-006  -9.605116e-006  -1.657423e-005  -2.283709e-005  -2.812683e-005  -3.551691e-005  
-0.000000e+000  -0.000000e+000  -0.000000e+000  -3.818220e-006  -7.556158e-006  -1.303862e-005  -1.796549e-005  -2.212682e-005  -2.794046e-005  
-0.000000e+000  -0.000000e+000  -0.000000e+000  -3.011123e-006  -5.958930e-006  -1.028251e-005  -1.416793e-005  -1.744964e-005  -2.203438e-005  
-0.000000e+000  -0.000000e+000  -0.000000e+000  -1.880952e-006  -3.722352e-006  -6.423152e-006  -8.850252e-006  -1.090023e-005  -1.376417e-005  
-0.000000e+000  -0.000000e+000  -0.000000e+000  -9.746731e-007  -1.928851e-006  -3.328354e-006  -4.586030e-006  -5.648288e-006  -7.132329e-006  
-0.000000e+000  -0.000000e+000  -0.000000e+000  -4.956136e-007  -9.808060e-007  -1.692442e-006  -2.331961e-006  -2.872111e-006  -3.626734e-006  
-0.000000e+000  -0.000000e+000  -0.000000e+000  -2.520156e-007  -4.987321e-007  -8.605937e-007  -1.185784e-006  -1.460446e-006  -1.844166e-006  
-0.000000e+000  -0.000000e+000  -0.000000e+000  -1.281480e-007  -2.536014e-007  -4.376051e-007  -6.029619e-007  -7.426255e-007  -9.377441e-007  
-0.000000e+000  -0.000000e+000  -0.000000e+000  -6.516234e-008  -1.289544e-007  -2.225189e-007  -3.066014e-007  -3.776190e-007  -4.768355e-007  
-0.000000e+000  -0.000000e+000  -0.000000e+000  -3.313447e-008  -6.557241e-008  -1.131491e-007  -1.559043e-007  -1.920162e-007  -2.424670e-007  
-0.000000e+000  -0.000000e+000  -0.000000e+000  -1.684851e-008  -3.334275e-008  -5.753507e-008  -7.927583e-008  -9.763864e-008  -1.232922e-007  
-0.000000e+000  -0.000000e+000  -0.000000e+000  -8.567237e-009  -1.695420e-008  -2.925578e-008  -4.031064e-008  -4.964778e-008  -6.269231e-008  
-0.000000e+000  -0.000000e+000  -0.000000e+000  -4.356181e-009  -8.620741e-009  -1.487553e-008  -2.049637e-008  -2.524385e-008  -3.187671e-008  
-0.000000e+000  -0.000000e+000  -0.000000e+000  -2.214570e-009  -4.382532e-009  -7.562293e-009  -1.041998e-008  -1.283366e-008  -1.620539e-008  
-0.000000e+000  -0.000000e+000  -0.000000e+000  -1.125112e-009  -2.226538e-009  -3.842258e-009  -5.294088e-009  -6.520227e-009  -8.233530e-009  
-0.000000e+000  -0.000000e+000  -0.000000e+000  -5.701178e-010  -1.128601e-009  -1.947151e-009  -2.682954e-009  -3.304551e-009  -4.173186e-009  
-0.000000e+000  -0.000000e+000  -0.000000e+000  -2.858054e-010  -5.655279e-010  -9.764450e-010  -1.346159e-009  -1.658746e-009  -2.095852e-009  
-0.000000e+000  -0.000000e+000  -0.000000e+000  -1.411941e-010  -2.800306e-010  -4.856990e-010  -6.727193e-010  -8.322735e-010  -1.058244e-009  
-1.299678e-009  -9.248132e-010  -0.000000e+000  -7.385592e-011  -1.547754e-010  -2.830649e-010  -4.073693e-010  -5.160816e-010  -6.720204e-010  
1.382653e-009  9.831281e-010  -0.000000e+000  -2.370145e-011  -7.267663e-011  -1.784155e-010  -2.824073e-010  -3.734323e-010  -5.022723e-010  
1.749376e-010  1.518318e-010  -0.000000e+000  1.181016e-010  4.120408e-011  -7.406928e-011  -1.759221e-010  -2.585764e-010  -3.686589e-010  
2.319832e-010  1.326764e-009  -1.523392e-011  3.162530e-010  1.588115e-010  9.007514e-012  -9.494097e-011  -1.716194e-010  -2.670977e-010  
1.050601e-009  2.159493e-010  -1.250011e-010  2.193144e-010  1.435871e-010  3.674366e-011  -4.693767e-011  -1.115705e-010  -1.914866e-010  
2.215798e-010  3.943664e-011  1.989940e-009  -1.497923e-009  1.087546e-010  3.867450e-011  -2.345740e-011  -7.307514e-011  -1.362171e-010  
-2.270687e-011  -2.930926e-011  -3.957599e-011  5.071576e-010  7.493109e-011  -1.540836e-010  -0.000000e+000  -1.590366e-011  -3.919084e-011  
-0.000000e+000  -0.000000e+000  -0.000000e+000  -0.000000e+000  -0.000000e+000  -0.000000e+000  -0.000000e+000  -0.000000e+000  -0.000000e+000  

4.957233e-012  1.393436e-011  2.520079e-011  3.771646e-011  8.766125e-010  -8.074918e-010  -5.226682e-011  -3.810829e-011  -0.000000e+000  
-3.826108e-011  -5.237104e-011  3.710040e-009  -2.882580e-009  -1.335579e-010  -1.382666e-010  -1.266065e-010  -8.802793e-011  -0.000000e+000  
-3.366794e-010  3.144692e-009  -2.146836e-009  -1.920521e-010  -2.138643e-010  -2.099109e-010  -1.844569e-010  -1.221495e-010  -0.000000e+000  
-1.710120e-009  2.581124e-009  -1.572413e-009  -3.245895e-010  -3.359269e-010  -3.069833e-010  -2.597316e-010  -1.654425e-010  -0.000000e+000  
8.642768e-011  2.672683e-010  -7.158607e-010  -5.970175e-010  -5.065880e-010  -4.281243e-010  -3.507747e-010  -2.180183e-010  -0.000000e+000  
4.450637e-011  1.101142e-010  -8.227889e-010  -7.418341e-010  -6.486792e-010  -5.538628e-010  -4.539701e-010  -2.815938e-010  -0.000000e+000  
-6.323275e-010  -1.629484e-009  -8.831578e-010  -8.465545e-010  -7.859535e-010  -6.872356e-010  -5.706006e-010  -3.570903e-010  -0.000000e+000  
-0.000000e+000  -0.000000e+000  -1.038082e-009  -1.013404e-009  -9.552773e-010  -8.503326e-010  -7.121339e-010  -4.496106e-010  -0.000000e+000  
-0.000000e+000  -0.000000e+000  -1.788155e-009  -1.750649e-009  -1.662480e-009  -1.492399e-009  -1.259140e-009  -8.031973e-010  -0.000000e+000  
-0.000000e+000  -0.000000e+000  -3.426923e-009  -3.355094e-009  -3.189171e-009  -2.866023e-009  -2.420260e-009  -1.545987e-009  -0.000000e+000  
-0.000000e+000  -0.000000e+000  -6.694209e-009  -6.553721e-009  -6.231116e-009  -5.598869e-009  -4.728926e-009  -3.021252e-009  -0.000000e+000  
-0.000000e+000  -0.000000e+000  -1.313929e-008  -1.286417e-008  -1.222989e-008  -1.098940e-008  -9.281365e-009  -5.930401e-009  -0.000000e+000  
-0.000000e+000  -0.000000e+000  -2.582062e-008  -2.527823e-008  -2.403399e-008  -2.159549e-008  -1.823856e-008  -1.165367e-008  -0.000000e+000  
-0.000000e+000  -0.000000e+000  -5.075519e-008  -4.968959e-008  -4.724282e-008  -4.244947e-008  -3.585028e-008  -2.290670e-008  -0.000000e+000  
-0.000000e+000  -0.000000e+000  -9.977370e-008  -9.767759e-008  -9.286920e-008  -8.344583e-008  -7.047240e-008  -4.502776e-008  -0.000000e+000  
-0.000000e+000  -0.000000e+000  -1.961306e-007  -1.920121e-007  -1.825572e-007  -1.640313e-007  -1.385273e-007  -8.851053e-008  -0.000000e+000  
-0.000000e+000  -0.000000e+000  -3.855324e-007  -3.774383e-007  -3.588500e-007  -3.224299e-007  -2.722954e-007  -1.739771e-007  -0.000000e+000  
-0.000000e+000  -0.000000e+000  -7.578098e-007  -7.419010e-007  -7.053596e-007  -6.337621e-007  -5.352128e-007  -3.419569e-007  -0.000000e+000  
-0.000000e+000  -0.000000e+000  -1.489499e-006  -1.458236e-006  -1.386402e-006  -1.245656e-006  -1.051945e-006  -6.720939e-007  -0.000000e+000  
-0.000000e+000  -0.000000e+000  -2.927523e-006  -2.866085e-006  -2.724878e-006  -2.448208e-006  -2.067461e-006  -1.320889e-006  -0.000000e+000  
-0.000000e+000  -0.000000e+000  -5.753575e-006  -5.632848e-006  -5.355282e-006  -4.811443e-006  -4.063106e-006  -2.595841e-006  -0.000000e+000  
-0.000000e+000  -0.000000e+000  -1.130709e-005  -1.106988e-005  -1.052430e-005  -9.455339e-006  -7.984596e-006  -5.101093e-006  -0.000000e+000  
-0.000000e+000  -0.000000e+000  -2.120108e-005  -2.075638e-005  -1.973321e-005  -1.772852e-005  -1.497068e-005  -9.564047e-006  -0.000000e+000  
-0.000000e+000  -0.000000e+000  -2.727825e-005  -2.670614e-005  -2.538956e-005  -2.281003e-005  -1.926156e-005  -1.230515e-005  -0.000000e+000  
-0.000000e+000  -0.000000e+000  -3.498186e-005  -3.424824e-005  -3.255970e-005  -2.925141e-005  -2.470070e-005  -1.577976e-005  -0.000000e+000  
-0.000000e+000  -0.000000e+000  -4.477102e-005  -4.383219e-005  -4.167095e-005  -3.743653e-005  -3.161220e-005  -2.019488e-005  -0.000000e+000  
-0.000000e+000  -0.000000e+000  -5.714882e-005  -5.595054e-005  -5.319153e-005  -4.778598e-005  -4.035118e-005  -2.577734e-005  -0.000000e+000  
-0.000000e+000  -0.000000e+000  -7.289355e-005  -7.136527e-005  -6.784583e-005  -6.095042e-005  -5.146703e-005  -3.287806e-005  -0.000000e+000  
-0.000000e+000  -0.000000e+000  -9.293240e-005  -9.098417e-005  -8.649679e-005  -7.770501e-005  -6.561422e-005  -4.191506e-005  -0.000000e+000  
-0.000000e+000  -0.000000e+000  -1.682552e-004  -1.647287e-004  -1.566024e-004  -1.406814e-004  -1.187892e-004  -7.588173e-005  -0.000000e+000  
-0.000000e+000  -0.000000e+000  -3.238449e-004  -3.170591e-004  -3.014139e-004  -2.707621e-004  -2.286220e-004  -1.460371e-004  -0.000000e+000  
-0.000000e+000  -0.000000e+000  -6.264529e-004  -6.133304e-004  -5.830562e-004  -5.237451e-004  -4.422199e-004  -2.824662e-004  -0.000000e+000  
-0.000000e+000  -0.000000e+000  -1.213369e-003  -1.187960e-003  -1.129302e-003  -1.014384e-003  -8.564599e-004  -5.470346e-004  -0.000000e+000  
-0.000000e+000  -0.000000e+000  -2.229780e-003  -2.183100e-003  -2.075262e-003  -1.864003e-003  -1.573749e-003  -1.005121e-003  -0.000000e+000  
-0.000000e+000  -0.000000e+000  -2.862553e-003  -2.802631e-003  -2.664161e-003  -2.392896e-003  -2.020242e-003  -1.290241e-003  -0.000000e+000  
-0.000000e+000  -0.000000e+000  -3.663681e-003  -3.586995e-003  -3.409730e-003  -3.062473e-003  -2.585481e-003  -1.651167e-003  -0.000000e+000  
-0.000000e+000  -0.000000e+000  -4.680262e-003  -4.582302e-003  -4.355789e-003  -3.912067e-003  -3.302653e-003  -2.109066e-003  -0.000000e+000  
-0.000000e+000  -0.000000e+000  -5.958647e-003  -5.833929e-003  -5.545450e-003  -4.980361e-003  -4.204379e-003  -2.684725e-003  -0.000000e+000  
-0.000000e+000  -0.000000e+000  -7.580880e-003  -7.422194e-003  -7.055026e-003  -6.335828e-003  -5.348400e-003  -3.414934e-003  -0.000000e+000  
-0.000000e+000  -0.000000e+000  -9.640608e-003  -9.438768e-003  -8.971590e-003  -8.056551e-003  -6.800517e-003  -4.341558e-003  -0.000000e+000  
-0.000000e+000  -0.000000e+000  -1.693974e-002  -1.658474e-002  -1.576241e-002  -1.415211e-002  -1.194319e-002  -7.621396e-003  -0.000000e+000  
-0.000000e+000  -0.000000e+000  -3.192357e-002  -3.125237e-002  -2.969604e-002  -2.665017e-002  -2.247820e-002  -1.432793e-002  -0.000000e+000  
-0.000000e+000  -0.000000e+000  -6.051936e-002  -5.923499e-002  -5.625371e-002  -5.042800e-002  -4.247579e-002  -2.699766e-002  -0.000000e+000  
-0.000000e+000  -0.000000e+000  -1.151729e-001  -1.126668e-001  -1.068434e-001  -9.551105e-002  -8.017320e-002  -5.059459e-002  -0.000000e+000  
-0.000000e+000  -0.000000e+000  -2.207287e-001  -2.155996e-001  -2.036784e-001  -1.807492e-001  -1.503902e-001  -9.320616e-002  -0.000000e+000  
-0.000000e+000  -0.000000e+000  -4.307496e-001  -4.189238e-001  -3.915467e-001  -3.406386e-001  -2.769674e-001  -1.639563e-001  -0.000000e+000  
-0.000000e+000  -0.000000e+000  -8.831383e-001  -8.476141e-001  -7.669453e-001  -6.301768e-001  -4.812537e-001  -2.524341e-001  -0.000000e+000  
-0.000000e+000  -0.000000e+000  -1.910010e+000  -1.763618e+000  -1.445114e+000  -1.005457e+000  -6.429852e-001  -2.359495e-001  -0.000000e+000  
-0.000000e+000  -0.000000e+000  -3.047426e+000  -2.671919e+000  -1.861262e+000  -1.011252e+000  -4.949485e-001  -8.958853e-002  -0.000000e+000  
-0.000000e+000  -0.000000e+000  -5.259207e+000  -4.347976e+000  -2.135408e+000  -6.192489e-001  -3.286641e-002  1.749667e-001  -0.000000e+000  
-0.000000e+000  -0.000000e+000  -1.008372e+001  -8.427114e+000  -1.017889e+000  8.950961e-001  9.812886e-001  5.563276e-001  -0.000000e+000  
-0.000000e+000  -0.000000e+000  -1.667096e+001  -1.854577e+001  7.195236e+000  3.428107e+000  2.005238e+000  8.331116e-001  -0.000000e+000  
-0.000000e+000  -0.000000e+000  -2.040053e+001  -2.256495e+001  7.722201e+000  4.443035e+000  2.600779e+000  1.009071e+000  -0.000000e+000  
-0.000000e+000  -0.000000e+000  -2.040053e+001  -2.256495e+001  7.722201e+000  4.443035e+000  2.600779e+000  1.009071e+000  -0.000000e+000  
-0.000000e+000  -0.000000e+000  -1.667096e+001  -1.854577e+001  7.195236e+000  3.428107e+000  2.005238e+000  8.331116e-001  -0.000000e+000  
-0.000000e+000  -0.000000e+000  -1.008372e+001  -8.427114e+000  -1.017889e+000  8.950961e-001  9.812886e-001  5.563276e-001  -0.000000e+000  
-0.000000e+000  -0.000000e+000  -5.259207e+000  -4.347976e+000  -2.135408e+000  -6.192489e-001  -3.286641e-002  1.749667e-001  -0.000000e+000  
-0.000000e+000  -0.000000e+000  -3.047426e+000  -2.671919e+000  -1.861262e+000  -1.011252e+000  -4.949485e-001  -8.958853e-002  -0.000000e+000  
-0.000000e+000  -0.000000e+000  -1.910010e+000  -1.763618e+000  -1.445114e+000  -1.005457e+000  -6.429852e-001  -2.359495e-001  -0.000000e+000  
-0.000000e+000  -0.000000e+000  -8.831383e-001  -8.476141e-001  -7.669453e-001  -6.301768e-001  -4.812537e-001  -2.524341e-001  -0.000000e+000  
-0.000000e+000  -0.000000e+000  -4.307496e-001  -4.189238e-001  -3.915467e-001  -3.406386e-001  -2.769674e-001  -1.639563e-001  -0.000000e+000  
-0.000000e+000  -0.000000e+000  -2.207287e-001  -2.155996e-001  -2.036784e-001  -1.807492e-001  -1.503902e-001  -9.320616e-002  -0.000000e+000  
-0.000000e+000  -0.000000e+000  -1.151729e-001  -1.126668e-001  -1.068434e-001  -9.551105e-002  -8.017320e-002  -5.059459e-002  -0.000000e+000  
-0.000000e+000  -0.000000e+000  -6.051936e-002  -5.923499e-002  -5.625371e-002  -5.042800e-002  -4.247579e-002  -2.699766e-002  -0.000000e+000  
-0.000000e+000  -0.000000e+000  -3.192357e-002  -3.125237e-002  -2.969604e-002  -2.665017e-002  -2.247820e-002  -1.432793e-002  -0.000000e+000  
-0.000000e+000  -0.000000e+000  -1.693974e-002  -1.658474e-002  -1.576241e-002  -1.415211e-002  -1.194319e-002  -7.621396e-003  -0.000000e+000  
-0.000000e+000  -0.000000e+000  -9.640608e-003  -9.438768e-003  -8.971590e-003  -8.056551e-003  -6.800517e-003  -4.341558e-003  -0.000000e+000  
-0.000000e+000  -0.000000e+000  -7.580880e-003  -7.422194e-003  -7.055026e-003  -6.335828e-003  -5.348400e-003  -3.414934e-003  -0.000000e+000  
-0.000000e+000  -0.000000e+000  -5.958647e-003  -5.833929e-003  -5.545450e-003  -4.980361e-003  -4.204379e-003  -2.684725e-003  -0.000000e+000  
-0.000000e+000  -0.000000e+000  -4.680262e-003  -4.582302e-003  -4.355789e-003  -3.912067e-003  -3.302653e-003  -2.109066e-003  -0.000000e+000  
-0.000000e+000  -0.000000e+000  -3.663681e-003  -3.586995e-003  -3.409730e-003  -3.062473e-003  -2.585481e-003  -1.651167e-003  -0.000000e+000  
-0.000000e+000  -0.000000e+000  -2.862553e-003  -2.802631e-003  -2.664161e-003  -2.392896e-003  -2.020242e-003  -1.290241e-003  -0.000000e+000  
-0.000000e+000  -0.000000e+000  -2.229780e-003  -2.183100e-003  -2.075262e-003  -1.864003e-003  -1.573749e-003  -1.005121e-003  -0.000000e+000  
-0.000000e+000  -0.000000e+000  -1.213369e-003  -1.187960e-003  -1.129302e-003  -1.014384e-003  -8.564599e-004  -5.470346e-004  -0.000000e+000  
-0.000000e+000  -0.000000e+000  -6.264529e-004  -6.133304e-004  -5.830562e-004  -5.237451e-004  -4.422199e-004  -2.824662e-004  -0.000000e+000  
-0.000000e+000  -0.000000e+000  -3.238449e-004  -3.170591e-004  -3.014139e-004  -2.707621e-004  -2.286220e-004  -1.460371e-004  -0.000000e+000  
-0.000000e+000  -0.000000e+000  -1.682552e-004  -1.647287e-004  -1.566024e-004  -1.406814e-004  -1.187892e-004  -7.588173e-005  -0.000000e+000  
-0.000000e+000  -0.000000e+000  -9.293240e-005  -9.098417e-005  -8.649679e-005  -7.770501e-005  -6.561422e-005  -4.191506e-005  -0.000000e+000  
-0.000000e+000  -0.000000e+000  -7.289355e-005  -7.136527e-005  -6.784583e-005  -6.095042e-005  -5.146703e-005  -3.287806e-005  -0.000000e+000  
-0.000000e+000  -0.000000e+000  -5.714882e-005  -5.595054e-005  -5.319153e-005  -4.778598e-005  -4.035118e-005  -2.577734e-005  -0.000000e+000  
-0.000000e+000  -0.000000e+000  -4.477102e-005  -4.383219e-005  -4.167095e-005  -3.743653e-005  -3.161220e-005  -2.019488e-005  -0.000000e+000  
-0.000000e+000  -0.000000e+000  -3.498186e-005  -3.424824e-005  -3.255970e-005  -2.925141e-005  -2.470070e-005  -1.577976e-005  -0.000000e+000  
-0.000000e+000  -0.000000e+000  -2.727826e-005  -2.670614e-005  -2.538956e-005  -2.281003e-005  -1.926156e-005  -1.230515e-005  -0.000000e+000  
-0.000000e+000  -0.000000e+000  -2.120108e-005  -2.075638e-005  -1.973321e-005  -1.772852e-005  -1.497068e-005  -9.564048e-006  -0.000000e+000  
-0.000000e+000  -0.000000e+000  -1.130709e-005  -1.106988e-005  -1.052430e-005  -9.455340e-006  -7.984597e-006  -5.101093e-006  -0.000000e+000  
-0.000000e+000  -0.000000e+000  -5.753575e-006  -5.632849e-006  -5.355283e-006  -4.811444e-006  -4.063106e-006  -2.595842e-006  -0.000000e+000  
-0.000000e+000  -0.000000e+000  -2.927523e-006  -2.866085e-006  -2.724878e-006  -2.448209e-006  -2.067462e-006  -1.320889e-006  -0.000000e+000  
-0.000000e+000  -0.000000e+000  -1.489500e-006  -1.458236e-006  -1.386402e-006  -1.245656e-006  -1.051945e-006  -6.720942e-007  -0.000000e+000  
-0.000000e+000  -0.000000e+000  -7.578099e-007  -7.419013e-007  -7.053600e-007  -6.337623e-007  -5.352131e-007  -3.419572e-007  -0.000000e+000  
-0.000000e+000  -0.000000e+000  -3.855323e-007  -3.774384e-007  -3.588504e-007  -3.224302e-007  -2.722959e-007  -1.739773e-007  -0.000000e+000  
-0.000000e+000  -0.000000e+000  -1.961303e-007  -1.920116e-007  -1.825576e-007  -1.640318e-007  -1.385283e-007  -8.851045e-008  -0.000000e+000  
-0.000000e+000  -0.000000e+000  -9.977366e-008  -9.767793e-008  -9.286935e-008  -8.344579e-008  -7.047211e-008  -4.502806e-008  -0.000000e+000  
-0.000000e+000  -0.000000e+000  -5.075526e-008  -4.968944e-008  -4.724278e-008  -4.244959e-008  -3.585005e-008  -2.290679e-008  -0.000000e+000  
-0.000000e+000  -0.000000e+000  -2.582046e-008  -2.527839e-008  -2.403389e-008  -2.159590e-008  -1.823852e-008  -1.165350e-008  -0.000000e+000  
-0.000000e+000  -0.000000e+000  -1.313932e-008  -1.286379e-008  -1.223050e-008  -1.098953e-008  -9.280986e-009  -5.930543e-009  -0.000000e+000  
-0.000000e+000  -0.000000e+000  -6.694344e-009  -6.554318e-009  -6.230835e-009  -5.599006e-009  -4.728787e-009  -3.021414e-009  -0.000000e+000  
-0.000000e+000  -0.000000e+000  -3.427311e-009  -3.354196e-009  -3.190060e-009  -2.866032e-009  -2.420266e-009  -1.546013e-009  -0.000000e+000  
-0.000000e+000  -0.000000e+000  -1.788542e-009  -1.750205e-009  -1.662964e-009  -1.492418e-009  -1.259145e-009  -8.034762e-010  -0.000000e+000  
-0.000000e+000  -0.000000e+000  -1.038168e-009  -1.012822e-009  -9.558657e-010  -8.505214e-010  -7.122768e-010  -4.498373e-010  -0.000000e+000  
-6.324002e-010  -1.630218e-009  -8.830293e-010  -8.460264e-010  -7.864050e-010  -6.879897e-010  -5.707118e-010  -3.571734e-010  -0.000000e+000  
4.502735e-011  1.099548e-010  -8.222517e-010  -7.419155e-010  -6.492056e-010  -5.543421e-010  -4.540488e-010  -2.815784e-010  -0.000000e+000  
8.461390e-011  2.679854e-010  -7.164220e-010  -5.962181e-010  -5.071497e-010  -4.280381e-010  -3.508085e-010  -2.181011e-010  -0.000000e+000  
-1.710076e-009  2.581629e-009  -1.573022e-009  -3.246178e-010  -3.358138e-010  -3.066264e-010  -2.599400e-010  -1.655234e-010  -0.000000e+000  
-3.375650e-010  3.145501e-009  -2.146114e-009  -1.927550e-010  -2.139811e-010  -2.098212e-010  -1.843504e-010  -1.220809e-010  -0.000000e+000  
-3.812350e-011  -5.247620e-011  3.710358e-009  -2.882004e-009  -1.339057e-010  -1.382001e-010  -1.266317e-010  -8.800685e-011  -0.000000e+000  
4.952873e-012  1.394532e-011  2.521544e-011  3.774463e-011  8.761657e-010  -8.070259e-010  -5.194580e-011  -3.816526e-011  -0.000000e+000  

0.000000e+000  0.000000e+000  0.000000e+000  0.000000e+000  0.000000e+000  0.000000e+000  0.000000e+000  0.000000e+000  0.000000e+000  
0.000000e+000  0.000000e+000  0.000000e+000  0.000000e+000  0.000000e+000  0.000000e+000  0.000000e+000  0.000000e+000  0.000000e+000  
0.000000e+000  0.000000e+000  0.000000e+000  0.000000e+000  0.000000e+000  0.000000e+000  0.000000e+000  0.000000e+000  0.000000e+000  
0.000000e+000  0.000000e+000  0.000000e+000  0.000000e+000  0.000000e+000  0.000000e+000  0.000000e+000  0.000000e+000  0.000000e+000  
0.000000e+000  0.000000e+000  0.000000e+000  0.000000e+000  0.000000e+000  0.000000e+000  0.000000e+000  0.000000e+000  0.000000e+000  
0.000000e+000  0.000000e+000  0.000000e+000  0.000000e+000  0.000000e+000  0.000000e+000  0.000000e+000  0.000000e+000  0.000000e+000  
0.000000e+000  0.000000e+000  0.000000e+000  0.000000e+000  0.000000e+000  0.000000e+000  0.000000e+000  0.000000e+000  0.000000e+000  
0.000000e+000  0.000000e+000  0.000000e+000  0.000000e+000  0.000000e+000  0.000000e+000  0.000000e+000  0.000000e+000  0.000000e+000  
0.000000e+000  0.000000e+000  0.000000e+000  0.000000e+000  0.000000e+000  0.000000e+000  0.000000e+000  0.000000e+000  0.000000e+000  
0.000000e+000  0.000000e+000  0.000000e+000  0.000000e+000  0.000000e+000  0.000000e+000  0.000000e+000  0.000000e+000  0.000000e+000  
0.000000e+000  0.000000e+000  0.000000e+000  0.000000e+000  0.000000e+000  0.000000e+000  0.000000e+000  0.000000e+000  0.000000e+000  
0.000000e+000  0.000000e+000  0.000000e+000  0.000000e+000  0.000000e+000  0.000000e+000  0.000000e+000  0.000000e+000  0.000000e+000  
0.000000e+000  0.000000e+000  0.000000e+000  0.000000e+000  0.000000e+000  0.000000e+000  0.000000e+000  0.000000e+000  0.000000e+000  
0.000000e+000  0.000000e+000  0.000000e+000  0.000000e+000  0.000000e+000  0.000000e+000  0.000000e+000  0.000000e+000  0.000000e+000  
0.000000e+000  0.000000e+000  0.000000e+000  0.000000e+000  0.000000e+000  0.000000e+000  0.000000e+000  0.000000e+000  0.000000e+000  
0.000000e+000  0.000000e+000  0.000000e+000  0.000000e+000  0.000000e+000  0.000000e+000  0.000000e+000  0.000000e+000  0.000000e+000  
0.000000e+000  0.000000e+000  0.000000e+000  0.000000e+000  0.000000e+000  0.000000e+000  0.000000e+000  0.000000e+000  0.000000e+000  
0.000000e+000  0.000000e+000  0.000000e+000  0.000000e+000  0.000000e+000  0.000000e+000  0.000000e+000  0.000000e+000  0.000000e+000  
0.000000e+000  0.000000e+000  0.000000e+000  0.000000e+000  0.000000e+000  0.000000e+000  0.000000e+000  0.000000e+000  0.000000e+000  
0.000000e+000  0.000000e+000  0.000000e+000  0.000000e+000  0.000000e+000  0.000000e+000  0.000000e+000  0.000000e+000  0.000000e+000  
0.000000e+000  0.000000e+000  0.000000e+000  0.000000e+000  0.000000e+000  0.000000e+000  0.000000e+000  0.000000e+000  0.000000e+000  
0.000000e+000  0.000000e+000  0.000000e+000  0.000000e+000  0.000000e+000  0.000000e+000  0.000000e+000  0.000000e+000  0.000000e+000  
0.000000e+000  0.000000e+000  0.000000e+000  0.000000e+000  0.000000e+000  0.000000e+000  0.000000e+000  0.000000e+000  0.000000e+000  
0.000000e+000  0.000000e+000  0.000000e+000  0.000000e+000  0.000000e+000  0.000000e+000  0.000000e+000  0.000000e+000  0.000000e+000  
0.000000e+000  0.000000e+000  0.000000e+000  0.000000e+000  0.000000e+000  0.000000e+000  0.000000e+000  0.000000e+000  0.000000e+000  
0.000000e+000  0.000000e+000  0.000000e+000  0.000000e+000  0.000000e+000  0.000000e+000  0.000000e+000  0.000000e+000  0.000000e+000  
0.000000e+000  0.000000e+000  0.000000e+000  0.000000e+000  0.000000e+000  0.000000e+000  0.000000e+000  0.000000e+000  0.000000e+000  
0.000000e+000  0.000000e+000  0.000000e+000  0.000000e+000  0.000000e+000  0.000000e+000  0.000000e+000  0.000000e+000  0.000000e+000  
0.000000e+000  0.000000e+000  0.000000e+000  0.000000e+000  0.000000e+000  0.000000e+000  0.000000e+000  0.000000e+000  0.000000e+000  
0.000000e+000  0.000000e+000  0.000000e+000  0.000000e+000  0.000000e+000  0.000000e+000  0.000000e+000  0.000000e+000  0.000000e+000  
0.000000e+000  0.000000e+000  0.000000e+000  0.000000e+000  0.000000e+000  0.000000e+000  0.000000e+000  0.000000e+000  0.000000e+000  
0.000000e+000  0.000000e+000  0.000000e+000  0.000000e+000  0.000000e+000  0.000000e+000  0.000000e+000  0.000000e+000  0.000000e+000  
0.000000e+000  0.000000e+000  0.000000e+000  0.000000e+000  0.000000e+000  0.000000e+000  0.000000e+000  0.000000e+000  0.000000e+000  
0.000000e+000  0.000000e+000  0.000000e+000  0.000000e+000  0.000000e+000  0.000000e+000  0.000000e+000  0.000000e+000  0.000000e+000  
0.000000e+000  0.000000e+000  0.000000e+000  0.000000e+000  0.000000e+000  0.000000e+000  0.000000e+000  0.000000e+000  0.000000e+000  
0.000000e+000  0.000000e+000  0.000000e+000  0.000000e+000  0.000000e+000  0.000000e+000  0.000000e+000  0.000000e+000  0.000000e+000  
0.000000e+000  0.000000e+000  0.000000e+000  0.000000e+000  0.000000e+000  0.000000e+000  0.000000e+000  0.000000e+000  0.000000e+000  
0.000000e+000  0.000000e+000  0.000000e+000  0.000000e+000  0.000000e+000  0.000000e+000  0.000000e+000  0.000000e+000  0.000000e+000  
0.000000e+000  0.000000e+000  0.000000e+000  0.000000e+000  0.000000e+000  0.000000e+000  0.000000e+000  0.000000e+000  0.000000e+000  
0.000000e+000  0.000000e+000  0.000000e+000  0.000000e+000  0.000000e+000  0.000000e+000  0.000000e+000  0.000000e+000  0.000000e+000  
0.000000e+000  0.000000e+000  0.000000e+000  0.000000e+000  0.000000e+000  0.000000e+000  0.000000e+000  0.000000e+000  0.000000e+000  
0.000000e+000  0.000000e+000  0.000000e+000  0.000000e+000  0.000000e+000  0.000000e+000  0.000000e+000  0.000000e+000  0.000000e+000  
0.000000e+000  0.000000e+000  0.000000e+000  0.000000e+000  0.000000e+000  0.000000e+000  0.000000e+000  0.000000e+000  0.000000e+000  
0.000000e+000  0.000000e+000  0.000000e+000  0.000000e+000  0.000000e+000  0.000000e+000  0.000000e+000  0.000000e+000  0.000000e+000  
0.000000e+000  0.000000e+000  0.000000e+000  0.000000e+000  0.000000e+000  0.000000e+000  0.000000e+000  0.000000e+000  0.000000e+000  
0.000000e+000  0.000000e+000  0.000000e+000  0.000000e+000  0.000000e+000  0.000000e+000  0.000000e+000  0.000000e+000  0.000000e+000  
0.000000e+000  0.000000e+000  0.000000e+000  0.000000e+000  0.000000e+000  0.000000e+000  0.000000e+000  0.000000e+000  0.000000e+000  
0.000000e+000  0.000000e+000  0.000000e+000  0.000000e+000  0.000000e+000  0.000000e+000  0.000000e+000  0.000000e+000  0.000000e+000  
0.000000e+000  0.000000e+000  0.000000e+000  0.000000e+000  0.000000e+000  0.000000e+000  0.000000e+000  0.000000e+000  0.000000e+000  
0.000000e+000  0.000000e+000  0.000000e+000  0.000000e+000  0.000000e+000  0.000000e+000  0.000000e+000  0.000000e+000  0.000000e+000  
0.000000e+000  0.000000e+000  0.000000e+000  0.000000e+000  0.000000e+000  0.000000e+000  0.000000e+000  0.000000e+000  0.000000e+000  
0.000000e+000  0.000000e+000  0.000000e+000  0.000000e+000  0.000000e+000  0.000000e+000  0.000000e+000  0.000000e+000  0.000000e+000  
0.000000e+000  0.000000e+000  0.000000e+000  0.000000e+000  0.000000e+000  0.000000e+000  0.000000e+000  0.000000e+000  0.000000e+000  
0.000000e+000  0.000000e+000  0.000000e+000  0.000000e+000  0.000000e+000  0.000000e+000  0.000000e+000  0.000000e+000  0.000000e+000  
0.000000e+000  0.000000e+000  0.000000e+000  0.000000e+000  0.000000e+000  0.000000e+000  0.000000e+000  0.000000e+000  0.000000e+000  
0.000000e+000  0.000000e+000  0.000000e+000  0.000000e+000  0.000000e+000  0.000000e+000  0.000000e+000  0.000000e+000  0.000000e+000  
0.000000e+000  0.000000e+000  0.000000e+000  0.000000e+000  0.000000e+000  0.000000e+000  0.000000e+000  0.000000e+000  0.000000e+000  
0.000000e+000  0.000000e+000  0.000000e+000  0.000000e+000  0.000000e+000  0.000000e+000  0.000000e+000  0.000000e+000  0.000000e+000  
0.000000e+000  0.000000e+000  0.000000e+000  0.000000e+000  0.000000e+000  0.000000e+000  0.000000e+000  0.000000e+000  0.000000e+000  
0.000000e+000  0.000000e+000  0.000000e+000  0.000000e+000  0.000000e+000  0.000000e+000  0.000000e+000  0.000000e+000  0.000000e+000  
0.000000e+000  0.000000e+000  0.000000e+000  0.000000e+000  0.000000e+000  0.000000e+000  0.000000e+000  0.000000e+000  0.000000e+000  
0.000000e+000  0.000000e+000  0.000000e+000  0.000000e+000  0.000000e+000  0.000000e+000  0.000000e+000  0.000000e+000  0.000000e+000  
0.000000e+000  0.000000e+000  0.000000e+000  0.000000e+000  0.000000e+000  0.000000e+000  0.000000e+000  0.000000e+000  0.000000e+000  
0.000000e+000  0.000000e+000  0.000000e+000  0.000000e+000  0.000000e+000  0.000000e+000  0.000000e+000  0.000000e+000  0.000000e+000  
0.000000e+000  0.000000e+000  0.000000e+000  0.000000e+000  0.000000e+000  0.000000e+000  0.000000e+000  0.000000e+000  0.000000e+000  
0.000000e+000  0.000000e+000  0.000000e+000  0.000000e+000  0.000000e+000  0.000000e+000  0.000000e+000  0.000000e+000  0.000000e+000  
0.000000e+000  0.000000e+000  0.000000e+000  0.000000e+000  0.000000e+000  0.000000e+000  0.000000e+000  0.000000e+000  0.000000e+000  
0.000000e+000  0.000000e+000  0.000000e+000  0.000000e+000  0.000000e+000  0.000000e+000  0.000000e+000  0.000000e+000  0.000000e+000  
0.000000e+000  0.000000e+000  0.000000e+000  0.000000e+000  0.000000e+000  0.000000e+000  0.000000e+000  0.000000e+000  0.000000e+000  
0.000000e+000  0.000000e+000  0.000000e+000  0.000000e+000  0.000000e+000  0.000000e+000  0.000000e+000  0.000000e+000  0.000000e+000  
0.000000e+000  0.000000e+000  0.000000e+000  0.000000e+000  0.000000e+000  0.000000e+000  0.000000e+000  0.000000e+000  0.000000e+000  
0.000000e+000  0.000000e+000  0.000000e+000  0.000000e+000  0.000000e+000  0.000000e+000  0.000000e+000  0.000000e+000  0.000000e+000  
0.000000e+000  0.000000e+000  0.000000e+000  0.000000e+000  0.000000e+000  0.000000e+000  0.000000e+000  0.000000e+000  0.000000e+000  
0.000000e+000  0.000000e+000  0.000000e+000  0.000000e+000  0.000000e+000  0.000000e+000  0.000000e+000  0.000000e+000  0.000000e+000  
0.000000e+000  0.000000e+000  0.000000e+000  0.000000e+000  0.000000e+000  0.000000e+000  0.000000e+000  0.000000e+000  0.000000e+000  
0.000000e+000  0.000000e+000  0.000000e+000  0.000000e+000  0.000000e+000  0.000000e+000  0.000000e+000  0.000000e+000  0.000000e+000  
0.000000e+000  0.000000e+000  0.000000e+000  0.000000e+000  0.000000e+000  0.000000e+000  0.000000e+000  0.000000e+000  0.000000e+000  
0.000000e+000  0.000000e+000  0.000000e+000  0.000000e+000  0.000000e+000  0.000000e+000  0.000000e+000  0.000000e+000  0.000000e+000  
0.000000e+000  0.000000e+000  0.000000e+000  0.000000e+000  0.000000e+000  0.000000e+000  0.000000e+000  0.000000e+000  0.000000e+000  
0.000000e+000  0.000000e+000  0.000000e+000  0.000000e+000  0.000000e+000  0.000000e+000  0.000000e+000  0.000000e+000  0.000000e+000  
0.000000e+000  0.000000e+000  0.000000e+000  0.000000e+000  0.000000e+000  0.000000e+000  0.000000e+000  0.000000e+000  0.000000e+000  
0.000000e+000  0.000000e+000  0.000000e+000  0.000000e+000  0.000000e+000  0.000000e+000  0.000000e+000  0.000000e+000  0.000000e+000  
0.000000e+000  0.000000e+000  0.000000e+000  0.000000e+000  0.000000e+000  0.000000e+000  0.000000e+000  0.000000e+000  0.000000e+000  
0.000000e+000  0.000000e+000  0.000000e+000  0.000000e+000  0.000000e+000  0.000000e+000  0.000000e+000  0.000000e+000  0.000000e+000  
0.000000e+000  0.000000e+000  0.000000e+000  0.000000e+000  0.000000e+000  0.000000e+000  0.000000e+000  0.000000e+000  0.000000e+000  
0.000000e+000  0.000000e+000  0.000000e+000  0.000000e+000  0.000000e+000  0.000000e+000  0.000000e+000  0.000000e+000  0.000000e+000  
0.000000e+000  0.000000e+000  0.000000e+000  0.000000e+000  0.000000e+000  0.000000e+000  0.000000e+000  0.000000e+000  0.000000e+000  
0.000000e+000  0.000000e+000  0.000000e+000  0.000000e+000  0.000000e+000  0.000000e+000  0.000000e+000  0.000000e+000  0.000000e+000  
0.000000e+000  0.000000e+000  0.000000e+000  0.000000e+000  0.000000e+000  0.000000e+000  0.000000e+000  0.000000e+000  0.000000e+000  
0.000000e+000  0.000000e+000  0.000000e+000  0.000000e+000  0.000000e+000  0.000000e+000  0.000000e+000  0.000000e+000  0.000000e+000  
0.000000e+000  0.000000e+000  0.000000e+000  0.000000e+000  0.000000e+000  0.000000e+000  0.000000e+000  0.000000e+000  0.000000e+000  
0.000000e+000  0.000000e+000  0.000000e+000  0.000000e+000  0.000000e+000  0.000000e+000  0.000000e+000  0.000000e+000  0.000000e+000  
0.000000e+000  0.000000e+000  0.000000e+000  0.000000e+000  0.000000e+000  0.000000e+000  0.000000e+000  0.000000e+000  0.000000e+000  
0.000000e+000  0.000000e+000  0.000000e+000  0.000000e+000  0.000000e+000  0.000000e+000  0.000000e+000  0.000000e+000  0.000000e+000  
0.000000e+000  0.000000e+000  0.000000e+000  0.000000e+000  0.000000e+000  0.000000e+000  0.000000e+000  0.000000e+000  0.000000e+000  
0.000000e+000  0.000000e+000  0.000000e+000  0.000000e+000  0.000000e+000  0.000000e+000  0.000000e+000  0.000000e+000  0.000000e+000  
0.000000e+000  0.000000e+000  0.000000e+000  0.000000e+000  0.000000e+000  0.000000e+000  0.000000e+000  0.000000e+000  0.000000e+000  
0.000000e+000  0.000000e+000  0.000000e+000  0.000000e+000  0.000000e+000  0.000000e+000  0.000000e+000  0.000000e+000  0.000000e+000  
0.000000e+000  0.000000e+000  0.000000e+000  0.000000e+000  0.000000e+000  0.000000e+000  0.000000e+000  0.000000e+000  0.000000e+000  
0.000000e+000  0.000000e+000  0.000000e+000  0.000000e+000  0.000000e+000  0.000000e+000  0.000000e+000  0.000000e+000  0.000000e+000  
0.000000e+000  0.000000e+000  0.000000e+000  0.000000e+000  0.000000e+000  0.000000e+000  0.000000e+000  0.000000e+000  0.000000e+000  
0.000000e+000  0.000000e+000  0.000000e+000  0.000000e+000  0.000000e+000  0.000000e+000  0.000000e+000  0.000000e+000  0.000000e+000  
0.000000e+000  0.000000e+000  0.000000e+000  0.000000e+000  0.000000e+000  0.000000e+000  0.000000e+000  0.000000e+000  0.000000e+000  
0.000000e+000  0.000000e+000  0.000000e+000  0.000000e+000  0.000000e+000  0.000000e+000  0.000000e+000  0.000000e+000  0.000000e+000  
0.000000e+000  0.000000e+000  0.000000e+000  0.000000e+000  0.000000e+000  0.000000e+000  0.000000e+000  0.000000e+000  0.000000e+000  
0.000000e+000  0.000000e+000  0.000000e+000  0.000000e+000  0.000000e+000  0.000000e+000  0.000000e+000  0.000000e+000  0.000000e+000  

0.000000e+000  0.000000e+000  0.000000e+000  0.000000e+000  0.000000e+000  0.000000e+000  0.000000e+000  0.000000e+000  0.000000e+000  
0.000000e+000  0.000000e+000  0.000000e+000  0.000000e+000  0.000000e+000  0.000000e+000  0.000000e+000  0.000000e+000  0.000000e+000  
0.000000e+000  0.000000e+000  0.000000e+000  0.000000e+000  0.000000e+000  0.000000e+000  0.000000e+000  0.000000e+000  0.000000e+000  
0.000000e+000  0.000000e+000  0.000000e+000  0.000000e+000  0.000000e+000  0.000000e+000  0.000000e+000  0.000000e+000  0.000000e+000  
0.000000e+000  0.000000e+000  0.000000e+000  0.000000e+000  0.000000e+000  0.000000e+000  0.000000e+000  0.000000e+000  0.000000e+000  
0.000000e+000  0.000000e+000  0.000000e+000  0.000000e+000  0.000000e+000  0.000000e+000  0.000000e+000  0.000000e+000  0.000000e+000  
0.000000e+000  0.000000e+000  0.000000e+000  0.000000e+000  0.000000e+000  0.000000e+000  0.000000e+000  0.000000e+000  0.000000e+000  
0.000000e+000  0.000000e+000  0.000000e+000  0.000000e+000  0.000000e+000  0.000000e+000  0.000000e+000  0.000000e+000  0.000000e+000  
0.000000e+000  0.000000e+000  0.000000e+000  0.000000e+000  0.000000e+000  0.000000e+000  0.000000e+000  0.000000e+000  0.000000e+000  
0.000000e+000  0.000000e+000  0.000000e+000  0.000000e+000  0.000000e+000  0.000000e+000  0.000000e+000  0.000000e+000  0.000000e+000  
0.000000e+000  0.000000e+000  0.000000e+000  0.000000e+000  0.000000e+000  0.000000e+000  0.000000e+000  0.000000e+000  0.000000e+000  
0.000000e+000  0.000000e+000  0.000000e+000  0.000000e+000  0.000000e+000  0.000000e+000  0.000000e+000  0.000000e+000  0.000000e+000  
0.000000e+000  0.000000e+000  0.000000e+000  0.000000e+000  0.000000e+000  0.000000e+000  0.000000e+000  0.000000e+000  0.000000e+000  
0.000000e+000  0.000000e+000  0.000000e+000  0.000000e+000  0.000000e+000  0.000000e+000  0.000000e+000  0.000000e+000  0.000000e+000  
0.000000e+000  0.000000e+000  0.000000e+000  0.000000e+000  0.000000e+000  0.000000e+000  0.000000e+000  0.000000e+000  0.000000e+000  
0.000000e+000  0.000000e+000  0.000000e+000  0.000000e+000  0.000000e+000  0.000000e+000  0.000000e+000  0.000000e+000  0.000000e+000  
0.000000e+000  0.000000e+000  0.000000e+000  0.000000e+000  0.000000e+000  0.000000e+000  0.000000e+000  0.000000e+000  0.000000e+000  
0.000000e+000  0.000000e+000  0.000000e+000  0.000000e+000  0.000000e+000  0.000000e+000  0.000000e+000  0.000000e+000  0.000000e+000  
0.000000e+000  0.000000e+000  0.000000e+000  0.000000e+000  0.000000e+000  0.000000e+000  0.000000e+000  0.000000e+000  0.000000e+000  
0.000000e+000  0.000000e+000  0.000000e+000  0.000000e+000  0.000000e+000  0.000000e+000  0.000000e+000  0.000000e+000  0.000000e+000  
0.000000e+000  0.000000e+000  0.000000e+000  0.000000e+000  0.000000e+000  0.000000e+000  0.000000e+000  0.000000e+000  0.000000e+000  
0.000000e+000  0.000000e+000  0.000000e+000  0.000000e+000  0.000000e+000  0.000000e+000  0.000000e+000  0.000000e+000  0.000000e+000  
0.000000e+000  0.000000e+000  0.000000e+000  0.000000e+000  0.000000e+000  0.000000e+000  0.000000e+000  0.000000e+000  0.000000e+000  
0.000000e+000  0.000000e+000  0.000000e+000  0.000000e+000  0.000000e+000  0.000000e+000  0.000000e+000  0.000000e+000  0.000000e+000  
0.000000e+000  0.000000e+000  0.000000e+000  0.000000e+000  0.000000e+000  0.000000e+000  0.000000e+000  0.000000e+000  0.000000e+000  
0.000000e+000  0.000000e+000  0.000000e+000  0.000000e+000  0.000000e+000  0.000000e+000  0.000000e+000  0.000000e+000  0.000000e+000  
0.000000e+000  0.000000e+000  0.000000e+000  0.000000e+000  0.000000e+000  0.000000e+000  0.000000e+000  0.000000e+000  0.000000e+000  
0.000000e+000  0.000000e+000  0.000000e+000  0.000000e+000  0.000000e+000  0.000000e+000  0.000000e+000  0.000000e+000  0.000000e+000  
0.000000e+000  0.000000e+000  0.000000e+000  0.000000e+000  0.000000e+000  0.000000e+000  0.000000e+000  0.000000e+000  0.000000e+000  
0.000000e+000  0.000000e+000  0.000000e+000  0.000000e+000  0.000000e+000  0.000000e+000  0.000000e+000  0.000000e+000  0.000000e+000  
0.000000e+000  0.000000e+000  0.000000e+000  0.000000e+000  0.000000e+000  0.000000e+000  0.000000e+000  0.000000e+000  0.000000e+000  
0.000000e+000  0.000000e+000  0.000000e+000  0.000000e+000  0.000000e+000  0.000000e+000  0.000000e+000  0.000000e+000  0.000000e+000  
0.000000e+000  0.000000e+000  0.000000e+000  0.000000e+000  0.000000e+000  0.000000e+000  0.000000e+000  0.000000e+000  0.000000e+000  
0.000000e+000  0.000000e+000  0.000000e+000  0.000000e+000  0.000000e+000  0.000000e+000  0.000000e+000  0.000000e+000  0.000000e+000  
0.000000e+000  0.000000e+000  0.000000e+000  0.000000e+000  0.000000e+000  0.000000e+000  0.000000e+000  0.000000e+000  0.000000e+000  
0.000000e+000  0.000000e+000  0.000000e+000  0.000000e+000  0.000000e+000  0.000000e+000  0.000000e+000  0.000000e+000  0.000000e+000  
0.000000e+000  0.000000e+000  0.000000e+000  0.000000e+000  0.000000e+000  0.000000e+000  0.000000e+000  0.000000e+000  0.000000e+000  
0.000000e+000  0.000000e+000  0.000000e+000  0.000000e+000  0.000000e+000  0.000000e+000  0.000000e+000  0.000000e+000  0.000000e+000  
0.000000e+000  0.000000e+000  0.000000e+000  0.000000e+000  0.000000e+000  0.000000e+000  0.000000e+000  0.000000e+000  0.000000e+000  
0.000000e+000  0.000000e+000  0.000000e+000  0.000000e+000  0.000000e+000  0.000000e+000  0.000000e+000  0.000000e+000  0.000000e+000  
0.000000e+000  0.000000e+000  0.000000e+000  0.000000e+000  0.000000e+000  0.000000e+000  0.000000e+000  0.000000e+000  0.000000e+000  
0.000000e+000  0.000000e+000  0.000000e+000  0.000000e+000  0.000000e+000  0.000000e+000  0.000000e+000  0.000000e+000  0.000000e+000  
0.000000e+000  0.000000e+000  0.000000e+000  0.000000e+000  0.000000e+000  0.000000e+000  0.000000e+000  0.000000e+000  0.000000e+000  
0.000000e+000  0.000000e+000  0.000000e+000  0.000000e+000  0.000000e+000  0.000000e+000  0.000000e+000  0.000000e+000  0.000000e+000  
0.000000e+000  0.000000e+000  0.000000e+000  0.000000e+000  0.000000e+000  0.000000e+000  0.000000e+000  0.000000e+000  0.000000e+000  
0.000000e+000  0.000000e+000  0.000000e+000  0.000000e+000  0.000000e+000  0.000000e+000  0.000000e+000  0.000000e+000  0.000000e+000  
0.000000e+000  0.000000e+000  0.000000e+000  0.000000e+000  0.000000e+000  0.000000e+000  0.000000e+000  0.000000e+000  0.000000e+000  
0.000000e+000  0.000000e+000  0.000000e+000  0.000000e+000  0.000000e+000  0.000000e+000  0.000000e+000  0.000000e+000  0.000000e+000  
0.000000e+000  0.000000e+000  0.000000e+000  0.000000e+000  0.000000e+000  0.000000e+000  0.000000e+000  0.000000e+000  0.000000e+000  
0.000000e+000  0.000000e+000  0.000000e+000  0.000000e+000  0.000000e+000  0.000000e+000  0.000000e+000  0.000000e+000  0.000000e+000  
0.000000e+000  0.000000e+000  0.000000e+000  0.000000e+000  0.000000e+000  0.000000e+000  0.000000e+000  0.000000e+000  0.000000e+000  
0.000000e+000  0.000000e+000  0.000000e+000  0.000000e+000  0.000000e+000  0.000000e+000  0.000000e+000  0.000000e+000  0.000000e+000  
0.000000e+000  0.000000e+000  0.000000e+000  0.000000e+000  0.000000e+000  0.000000e+000  0.000000e+000  0.000000e+000  0.000000e+000  
0.000000e+000  0.000000e+000  0.000000e+000  0.000000e+000  0.000000e+000  0.000000e+000  0.000000e+000  0.000000e+000  0.000000e+000  
0.000000e+000  0.000000e+000  0.000000e+000  0.000000e+000  0.000000e+000  0.000000e+000  0.000000e+000  0.000000e+000  0.000000e+000  
0.000000e+000  0.000000e+000  0.000000e+000  0.000000e+000  0.000000e+000  0.000000e+000  0.000000e+000  0.000000e+000  0.000000e+000  
0.000000e+000  0.000000e+000  0.000000e+000  0.000000e+000  0.000000e+000  0.000000e+000  0.000000e+000  0.000000e+000  0.000000e+000  
0.000000e+000  0.000000e+000  0.000000e+000  0.000000e+000  0.000000e+000  0.000000e+000  0.000000e+000  0.000000e+000  0.000000e+000  
0.000000e+000  0.000000e+000  0.000000e+000  0.000000e+000  0.000000e+000  0.000000e+000  0.000000e+000  0.000000e+000  0.000000e+000  
0.000000e+000  0.000000e+000  0.000000e+000  0.000000e+000  0.000000e+000  0.000000e+000  0.000000e+000  0.000000e+000  0.000000e+000  
0.000000e+000  0.000000e+000  0.000000e+000  0.000000e+000  0.000000e+000  0.000000e+000  0.000000e+000  0.000000e+000  0.000000e+000  
0.000000e+000  0.000000e+000  0.000000e+000  0.000000e+000  0.000000e+000  0.000000e+000  0.000000e+000  0.000000e+000  0.000000e+000  
0.000000e+000  0.000000e+000  0.000000e+000  0.000000e+000  0.000000e+000  0.000000e+000  0.000000e+000  0.000000e+000  0.000000e+000  
0.000000e+000  0.000000e+000  0.000000e+000  0.000000e+000  0.000000e+000  0.000000e+000  0.000000e+000  0.000000e+000  0.000000e+000  
0.000000e+000  0.000000e+000  0.000000e+000  0.000000e+000  0.000000e+000  0.000000e+000  0.000000e+000  0.000000e+000  0.000000e+000  
0.000000e+000  0.000000e+000  0.000000e+000  0.000000e+000  0.000000e+000  0.000000e+000  0.000000e+000  0.000000e+000  0.000000e+000  
0.000000e+000  0.000000e+000  0.000000e+000  0.000000e+000  0.000000e+000  0.000000e+000  0.000000e+000  0.000000e+000  0.000000e+000  
0.000000e+000  0.000000e+000  0.000000e+000  0.000000e+000  0.000000e+000  0.000000e+000  0.000000e+000  0.000000e+000  0.000000e+000  
0.000000e+000  0.000000e+000  0.000000e+000  0.000000e+000  0.000000e+000  0.000000e+000  0.000000e+000  0.000000e+000  0.000000e+000  
0.000000e+000  0.000000e+000  0.000000e+000  0.000000e+000  0.000000e+000  0.000000e+000  0.000000e+000  0.000000e+000  0.000000e+000  
0.000000e+000  0.000000e+000  0.000000e+000  0.000000e+000  0.000000e+000  0.000000e+000  0.000000e+000  0.000000e+000  0.000000e+000  
0.000000e+000  0.000000e+000  0.000000e+000  0.000000e+000  0.000000e+000  0.000000e+000  0.000000e+000  0.000000e+000  0.000000e+000  
0.000000e+000  0.000000e+000  0.000000e+000  0.000000e+000  0.000000e+000  0.000000e+000  0.000000e+000  0.000000e+000  0.000000e+000  
0.000000e+000  0.000000e+000  0.000000e+000  0.000000e+000  0.000000e+000  0.000000e+000  0.000000e+000  0.000000e+000  0.000000e+000  
0.000000e+000  0.000000e+000  0.000000e+000  0.000000e+000  0.000000e+000  0.000000e+000  0.000000e+000  0.000000e+000  0.000000e+000  
0.000000e+000  0.000000e+000  0.000000e+000  0.000000e+000  0.000000e+000  0.000000e+000  0.000000e+000  0.000000e+000  0.000000e+000  
0.000000e+000  0.000000e+000  0.000000e+000  0.000000e+000  0.000000e+000  0.000000e+000  0.000000e+000  0.000000e+000  0.000000e+000  
0.000000e+000  0.000000e+000  0.000000e+000  0.000000e+000  0.000000e+000  0.000000e+000  0.000000e+000  0.000000e+000  0.000000e+000  
0.000000e+000  0.000000e+000  0.000000e+000  0.000000e+000  0.000000e+000  0.000000e+000  0.000000e+000  0.000000e+000  0.000000e+000  
0.000000e+000  0.000000e+000  0.000000e+000  0.000000e+000  0.000000e+000  0.000000e+000  0.000000e+000  0.000000e+000  0.000000e+000  
0.000000e+000  0.000000e+000  0.000000e+000  0.000000e+000  0.000000e+000  0.000000e+000  0.000000e+000  0.000000e+000  0.000000e+000  
0.000000e+000  0.000000e+000  0.000000e+000  0.000000e+000  0.000000e+000  0.000000e+000  0.000000e+000  0.000000e+000  0.000000e+000  
0.000000e+000  0.000000e+000  0.000000e+000  0.000000e+000  0.000000e+000  0.000000e+000  0.000000e+000  0.000000e+000  0.000000e+000  
0.000000e+000  0.000000e+000  0.000000e+000  0.000000e+000  0.000000e+000  0.000000e+000  0.000000e+000  0.000000e+000  0.000000e+000  
0.000000e+000  0.000000e+000  0.000000e+000  0.000000e+000  0.000000e+000  0.000000e+000  0.000000e+000  0.000000e+000  0.000000e+000  
0.000000e+000  0.000000e+000  0.000000e+000  0.000000e+000  0.000000e+000  0.000000e+000  0.000000e+000  0.000000e+000  0.000000e+000  
0.000000e+000  0.000000e+000  0.000000e+000  0.000000e+000  0.000000e+000  0.000000e+000  0.000000e+000  0.000000e+000  0.000000e+000  
0.000000e+000  0.000000e+000  0.000000e+000  0.000000e+000  0.000000e+000  0.000000e+000  0.000000e+000  0.000000e+000  0.000000e+000  
0.000000e+000  0.000000e+000  0.000000e+000  0.000000e+000  0.000000e+000  0.000000e+000  0.000000e+000  0.000000e+000  0.000000e+000  
0.000000e+000  0.000000e+000  0.000000e+000  0.000000e+000  0.000000e+000  0.000000e+000  0.000000e+000  0.000000e+000  0.000000e+000  
0.000000e+000  0.000000e+000  0.000000e+000  0.000000e+000  0.000000e+000  0.000000e+000  0.000000e+000  0.000000e+000  0.000000e+000  
0.000000e+000  0.000000e+000  0.000000e+000  0.000000e+000  0.000000e+000  0.000000e+000  0.000000e+000  0.000000e+000  0.000000e+000  
0.000000e+000  0.000000e+000  0.000000e+000  0.000000e+000  0.000000e+000  0.000000e+000  0.000000e+000  0.000000e+000  0.000000e+000  
0.000000e+000  0.000000e+000  0.000000e+000  0.000000e+000  0.000000e+000  0.000000e+000  0.000000e+000  0.000000e+000  0.000000e+000  
0.000000e+000  0.000000e+000  0.000000e+000  0.000000e+000  0.000000e+000  0.000000e+000  0.000000e+000  0.000000e+000  0.000000e+000  
0.000000e+000  0.000000e+000  0.000000e+000  0.000000e+000  0.000000e+000  0.000000e+000  0.000000e+000  0.000000e+000  0.000000e+000  
0.000000e+000  0.000000e+000  0.000000e+000  0.000000e+000  0.000000e+000  0.000000e+000  0.000000e+000  0.000000e+000  0.000000e+000  
0.000000e+000  0.000000e+000  0.000000e+000  0.000000e+000  0.000000e+000  0.000000e+000  0.000000e+000  0.000000e+000  0.000000e+000  
0.000000e+000  0.000000e+000  0.000000e+000  0.000000e+000  0.000000e+000  0.000000e+000  0.000000e+000  0.000000e+000  0.000000e+000  
0.000000e+000  0.000000e+000  0.000000e+000  0.000000e+000  0.000000e+000  0.000000e+000  0.000000e+000  0.000000e+000  0.000000e+000  
0.000000e+000  0.000000e+000  0.000000e+000  0.000000e+000  0.000000e+000  0.000000e+000  0.000000e+000  0.000000e+000  0.000000e+000  
0.000000e+000  0.000000e+000  0.000000e+000  0.000000e+000  0.000000e+000  0.000000e+000  0.000000e+000  0.000000e+000  0.000000e+000  
0.000000e+000  0.000000e+000  0.000000e+000  0.000000e+000  0.000000e+000  0.000000e+000  0.000000e+000  0.000000e+000  0.000000e+000  
0.000000e+000  0.000000e+000  0.000000e+000  0.000000e+000  0.000000e+000  0.000000e+000  0.000000e+000  0.000000e+000  0.000000e+000  
0.000000e+000  0.000000e+000  0.000000e+000  0.000000e+000  0.000000e+000  0.000000e+000  0.000000e+000  0.000000e+000  0.000000e+000  
0.000000e+000  0.000000e+000  0.000000e+000  0.000000e+000  0.000000e+000  0.000000e+000  0.000000e+000  0.000000e+000  0.000000e+000  

0.000000e+000  0.000000e+000  0.000000e+000  0.000000e+000  0.000000e+000  0.000000e+000  0.000000e+000  0.000000e+000  0.000000e+000  
0.000000e+000  0.000000e+000  0.000000e+000  0.000000e+000  0.000000e+000  0.000000e+000  0.000000e+000  0.000000e+000  0.000000e+000  
0.000000e+000  0.000000e+000  0.000000e+000  0.000000e+000  0.000000e+000  0.000000e+000  0.000000e+000  0.000000e+000  0.000000e+000  
0.000000e+000  0.000000e+000  0.000000e+000  0.000000e+000  0.000000e+000  0.000000e+000  0.000000e+000  0.000000e+000  0.000000e+000  
0.000000e+000  0.000000e+000  0.000000e+000  0.000000e+000  0.000000e+000  0.000000e+000  0.000000e+000  0.000000e+000  0.000000e+000  
0.000000e+000  0.000000e+000  0.000000e+000  0.000000e+000  0.000000e+000  0.000000e+000  0.000000e+000  0.000000e+000  0.000000e+000  
0.000000e+000  0.000000e+000  0.000000e+000  0.000000e+000  0.000000e+000  0.000000e+000  0.000000e+000  0.000000e+000  0.000000e+000  
0.000000e+000  0.000000e+000  0.000000e+000  0.000000e+000  0.000000e+000  0.000000e+000  0.000000e+000  0.000000e+000  0.000000e+000  
0.000000e+000  0.000000e+000  0.000000e+000  0.000000e+000  0.000000e+000  0.000000e+000  0.000000e+000  0.000000e+000  0.000000e+000  
0.000000e+000  0.000000e+000  0.000000e+000  0.000000e+000  0.000000e+000  0.000000e+000  0.000000e+000  0.000000e+000  0.000000e+000  
0.000000e+000  0.000000e+000  0.000000e+000  0.000000e+000  0.000000e+000  0.000000e+000  0.000000e+000  0.000000e+000  0.000000e+000  
0.000000e+000  0.000000e+000  0.000000e+000  0.000000e+000  0.000000e+000  0.000000e+000  0.000000e+000  0.000000e+000  0.000000e+000  
0.000000e+000  0.000000e+000  0.000000e+000  0.000000e+000  0.000000e+000  0.000000e+000  0.000000e+000  0.000000e+000  0.000000e+000  
0.000000e+000  0.000000e+000  0.000000e+000  0.000000e+000  0.000000e+000  0.000000e+000  0.000000e+000  0.000000e+000  0.000000e+000  
0.000000e+000  0.000000e+000  0.000000e+000  0.000000e+000  0.000000e+000  0.000000e+000  0.000000e+000  0.000000e+000  0.000000e+000  
0.000000e+000  0.000000e+000  0.000000e+000  0.000000e+000  0.000000e+000  0.000000e+000  0.000000e+000  0.000000e+000  0.000000e+000  
0.000000e+000  0.000000e+000  0.000000e+000  0.000000e+000  0.000000e+000  0.000000e+000  0.000000e+000  0.000000e+000  0.000000e+000  
0.000000e+000  0.000000e+000  0.000000e+000  0.000000e+000  0.000000e+000  0.000000e+000  0.000000e+000  0.000000e+000  0.000000e+000  
0.000000e+000  0.000000e+000  0.000000e+000  0.000000e+000  0.000000e+000  0.000000e+000  0.000000e+000  0.000000e+000  0.000000e+000  
0.000000e+000  0.000000e+000  0.000000e+000  0.000000e+000  0.000000e+000  0.000000e+000  0.000000e+000  0.000000e+000  0.000000e+000  
0.000000e+000  0.000000e+000  0.000000e+000  0.000000e+000  0.000000e+000  0.000000e+000  0.000000e+000  0.000000e+000  0.000000e+000  
0.000000e+000  0.000000e+000  0.000000e+000  0.000000e+000  0.000000e+000  0.000000e+000  0.000000e+000  0.000000e+000  0.000000e+000  
0.000000e+000  0.000000e+000  0.000000e+000  0.000000e+000  0.000000e+000  0.000000e+000  0.000000e+000  0.000000e+000  0.000000e+000  
0.000000e+000  0.000000e+000  0.000000e+000  0.000000e+000  0.000000e+000  0.000000e+000  0.000000e+000  0.000000e+000  0.000000e+000  
0.000000e+000  0.000000e+000  0.000000e+000  0.000000e+000  0.000000e+000  0.000000e+000  0.000000e+000  0.000000e+000  0.000000e+000  
0.000000e+000  0.000000e+000  0.000000e+000  0.000000e+000  0.000000e+000  0.000000e+000  0.000000e+000  0.000000e+000  0.000000e+000  
0.000000e+000  0.000000e+000  0.000000e+000  0.000000e+000  0.000000e+000  0.000000e+000  0.000000e+000  0.000000e+000  0.000000e+000  
0.000000e+000  0.000000e+000  0.000000e+000  0.000000e+000  0.000000e+000  0.000000e+000  0.000000e+000  0.000000e+000  0.000000e+000  
0.000000e+000  0.000000e+000  0.000000e+000  0.000000e+000  0.000000e+000  0.000000e+000  0.000000e+000  0.000000e+000  0.000000e+000  
0.000000e+000  0.000000e+000  0.000000e+000  0.000000e+000  0.000000e+000  0.000000e+000  0.000000e+000  0.000000e+000  0.000000e+000  
0.000000e+000  0.000000e+000  0.000000e+000  0.000000e+000  0.000000e+000  0.000000e+000  0.000000e+000  0.000000e+000  0.000000e+000  
0.000000e+000  0.000000e+000  0.000000e+000  0.000000e+000  0.000000e+000  0.000000e+000  0.000000e+000  0.000000e+000  0.000000e+000  
0.000000e+000  0.000000e+000  0.000000e+000  0.000000e+000  0.000000e+000  0.000000e+000  0.000000e+000  0.000000e+000  0.000000e+000  
0.000000e+000  0.000000e+000  0.000000e+000  0.000000e+000  0.000000e+000  0.000000e+000  0.000000e+000  0.000000e+000  0.000000e+000  
0.000000e+000  0.000000e+000  0.000000e+000  0.000000e+000  0.000000e+000  0.000000e+000  0.000000e+000  0.000000e+000  0.000000e+000  
0.000000e+000  0.000000e+000  0.000000e+000  0.000000e+000  0.000000e+000  0.000000e+000  0.000000e+000  0.000000e+000  0.000000e+000  
0.000000e+000  0.000000e+000  0.000000e+000  0.000000e+000  0.000000e+000  0.000000e+000  0.000000e+000  0.000000e+000  0.000000e+000  
0.000000e+000  0.000000e+000  0.000000e+000  0.000000e+000  0.000000e+000  0.000000e+000  0.000000e+000  0.000000e+000  0.000000e+000  
0.000000e+000  0.000000e+000  0.000000e+000  0.000000e+000  0.000000e+000  0.000000e+000  0.000000e+000  0.000000e+000  0.000000e+000  
0.000000e+000  0.000000e+000  0.000000e+000  0.000000e+000  0.000000e+000  0.000000e+000  0.000000e+000  0.000000e+000  0.000000e+000  
0.000000e+000  0.000000e+000  0.000000e+000  0.000000e+000  0.000000e+000  0.000000e+000  0.000000e+000  0.000000e+000  0.000000e+000  
0.000000e+000  0.000000e+000  0.000000e+000  0.000000e+000  0.000000e+000  0.000000e+000  0.000000e+000  0.000000e+000  0.000000e+000  
0.000000e+000  0.000000e+000  0.000000e+000  0.000000e+000  0.000000e+000  0.000000e+000  0.000000e+000  0.000000e+000  0.000000e+000  
0.000000e+000  0.000000e+000  0.000000e+000  0.000000e+000  0.000000e+000  0.000000e+000  0.000000e+000  0.000000e+000  0.000000e+000  
0.000000e+000  0.000000e+000  0.000000e+000  0.000000e+000  0.000000e+000  0.000000e+000  0.000000e+000  0.000000e+000  0.000000e+000  
0.000000e+000  0.000000e+000  0.000000e+000  0.000000e+000  0.000000e+000  0.000000e+000  0.000000e+000  0.000000e+000  0.000000e+000  
0.000000e+000  0.000000e+000  0.000000e+000  0.000000e+000  0.000000e+000  0.000000e+000  0.000000e+000  0.000000e+000  0.000000e+000  
0.000000e+000  0.000000e+000  0.000000e+000  0.000000e+000  0.000000e+000  0.000000e+000  0.000000e+000  0.000000e+000  0.000000e+000  
0.000000e+000  0.000000e+000  0.000000e+000  0.000000e+000  0.000000e+000  0.000000e+000  0.000000e+000  0.000000e+000  0.000000e+000  
0.000000e+000  0.000000e+000  0.000000e+000  0.000000e+000  0.000000e+000  0.000000e+000  0.000000e+000  0.000000e+000  0.000000e+000  
0.000000e+000  0.000000e+000  0.000000e+000  0.000000e+000  0.000000e+000  0.000000e+000  0.000000e+000  0.000000e+000  0.000000e+000  
0.000000e+000  0.000000e+000  0.000000e+000  0.000000e+000  0.000000e+000  0.000000e+000  0.000000e+000  0.000000e+000  0.000000e+000  
0.000000e+000  0.000000e+000  0.000000e+000  0.000000e+000  0.000000e+000  0.000000e+000  0.000000e+000  0.000000e+000  0.000000e+000  
0.000000e+000  0.000000e+000  0.000000e+000  0.000000e+000  0.000000e+000  0.000000e+000  0.000000e+000  0.000000e+000  0.000000e+000  
0.000000e+000  0.000000e+000  0.000000e+000  0.000000e+000  0.000000e+000  0.000000e+000  0.000000e+000  0.000000e+000  0.000000e+000  
0.000000e+000  0.000000e+000  0.000000e+000  0.000000e+000  0.000000e+000  0.000000e+000  0.000000e+000  0.000000e+000  0.000000e+000  
0.000000e+000  0.000000e+000  0.000000e+000  0.000000e+000  0.000000e+000  0.000000e+000  0.000000e+000  0.000000e+000  0.000000e+000  
0.000000e+000  0.000000e+000  0.000000e+000  0.000000e+000  0.000000e+000  0.000000e+000  0.000000e+000  0.000000e+000  0.000000e+000  
0.000000e+000  0.000000e+000  0.000000e+000  0.000000e+000  0.000000e+000  0.000000e+000  0.000000e+000  0.000000e+000  0.000000e+000  
0.000000e+000  0.000000e+000  0.000000e+000  0.000000e+000  0.000000e+000  0.000000e+000  0.000000e+000  0.000000e+000  0.000000e+000  
0.000000e+000  0.000000e+000  0.000000e+000  0.000000e+000  0.000000e+000  0.000000e+000  0.000000e+000  0.000000e+000  0.000000e+000  
0.000000e+000  0.000000e+000  0.000000e+000  0.000000e+000  0.000000e+000  0.000000e+000  0.000000e+000  0.000000e+000  0.000000e+000  
0.000000e+000  0.000000e+000  0.000000e+000  0.000000e+000  0.000000e+000  0.000000e+000  0.000000e+000  0.000000e+000  0.000000e+000  
0.000000e+000  0.000000e+000  0.000000e+000  0.000000e+000  0.000000e+000  0.000000e+000  0.000000e+000  0.000000e+000  0.000000e+000  
0.000000e+000  0.000000e+000  0.000000e+000  0.000000e+000  0.000000e+000  0.000000e+000  0.000000e+000  0.000000e+000  0.000000e+000  
0.000000e+000  0.000000e+000  0.000000e+000  0.000000e+000  0.000000e+000  0.000000e+000  0.000000e+000  0.000000e+000  0.000000e+000  
0.000000e+000  0.000000e+000  0.000000e+000  0.000000e+000  0.000000e+000  0.000000e+000  0.000000e+000  0.000000e+000  0.000000e+000  
0.000000e+000  0.000000e+000  0.000000e+000  0.000000e+000  0.000000e+000  0.000000e+000  0.000000e+000  0.000000e+000  0.000000e+000  
0.000000e+000  0.000000e+000  0.000000e+000  0.000000e+000  0.000000e+000  0.000000e+000  0.000000e+000  0.000000e+000  0.000000e+000  
0.000000e+000  0.000000e+000  0.000000e+000  0.000000e+000  0.000000e+000  0.000000e+000  0.000000e+000  0.000000e+000  0.000000e+000  
0.000000e+000  0.000000e+000  0.000000e+000  0.000000e+000  0.000000e+000  0.000000e+000  0.000000e+000  0.000000e+000  0.000000e+000  
0.000000e+000  0.000000e+000  0.000000e+000  0.000000e+000  0.000000e+000  0.000000e+000  0.000000e+000  0.000000e+000  0.000000e+000  
0.000000e+000  0.000000e+000  0.000000e+000  0.000000e+000  0.000000e+000  0.000000e+000  0.000000e+000  0.000000e+000  0.000000e+000  
0.000000e+000  0.000000e+000  0.000000e+000  0.000000e+000  0.000000e+000  0.000000e+000  0.000000e+000  0.000000e+000  0.000000e+000  
0.000000e+000  0.000000e+000  0.000000e+000  0.000000e+000  0.000000e+000  0.000000e+000  0.000000e+000  0.000000e+000  0.000000e+000  
0.000000e+000  0.000000e+000  0.000000e+000  0.000000e+000  0.000000e+000  0.000000e+000  0.000000e+000  0.000000e+000  0.000000e+000  
0.000000e+000  0.000000e+000  0.000000e+000  0.000000e+000  0.000000e+000  0.000000e+000  0.000000e+000  0.000000e+000  0.000000e+000  
0.000000e+000  0.000000e+000  0.000000e+000  0.000000e+000  0.000000e+000  0.000000e+000  0.000000e+000  0.000000e+000  0.000000e+000  
0.000000e+000  0.000000e+000  0.000000e+000  0.000000e+000  0.000000e+000  0.000000e+000  0.000000e+000  0.000000e+000  0.000000e+000  
0.000000e+000  0.000000e+000  0.000000e+000  0.000000e+000  0.000000e+000  0.000000e+000  0.000000e+000  0.000000e+000  0.000000e+000  
0.000000e+000  0.000000e+000  0.000000e+000  0.000000e+000  0.000000e+000  0.000000e+000  0.000000e+000  0.000000e+000  0.000000e+000  
0.000000e+000  0.000000e+000  0.000000e+000  0.000000e+000  0.000000e+000  0.000000e+000  0.000000e+000  0.000000e+000  0.000000e+000  
0.000000e+000  0.000000e+000  0.000000e+000  0.000000e+000  0.000000e+000  0.000000e+000  0.000000e+000  0.000000e+000  0.000000e+000  
0.000000e+000  0.000000e+000  0.000000e+000  0.000000e+000  0.000000e+000  0.000000e+000  0.000000e+000  0.000000e+000  0.000000e+000  
0.000000e+000  0.000000e+000  0.000000e+000  0.000000e+000  0.000000e+000  0.000000e+000  0.000000e+000  0.000000e+000  0.000000e+000  
0.000000e+000  0.000000e+000  0.000000e+000  0.000000e+000  0.000000e+000  0.000000e+000  0.000000e+000  0.000000e+000  0.000000e+000  
0.000000e+000  0.000000e+000  0.000000e+000  0.000000e+000  0.000000e+000  0.000000e+000  0.000000e+000  0.000000e+000  0.000000e+000  
0.000000e+000  0.000000e+000  0.000000e+000  0.000000e+000  0.000000e+000  0.000000e+000  0.000000e+000  0.000000e+000  0.000000e+000  
0.000000e+000  0.000000e+000  0.000000e+000  0.000000e+000  0.000000e+000  0.000000e+000  0.000000e+000  0.000000e+000  0.000000e+000  
0.000000e+000  0.000000e+000  0.000000e+000  0.000000e+000  0.000000e+000  0.000000e+000  0.000000e+000  0.000000e+000  0.000000e+000  
0.000000e+000  0.000000e+000  0.000000e+000  0.000000e+000  0.000000e+000  0.000000e+000  0.000000e+000  0.000000e+000  0.000000e+000  
0.000000e+000  0.000000e+000  0.000000e+000  0.000000e+000  0.000000e+000  0.000000e+000  0.000000e+000  0.000000e+000  0.000000e+000  
0.000000e+000  0.000000e+000  0.000000e+000  0.000000e+000  0.000000e+000  0.000000e+000  0.000000e+000  0.000000e+000  0.000000e+000  
0.000000e+000  0.000000e+000  0.000000e+000  0.000000e+000  0.000000e+000  0.000000e+000  0.000000e+000  0.000000e+000  0.000000e+000  
0.000000e+000  0.000000e+000  0.000000e+000  0.000000e+000  0.000000e+000  0.000000e+000  0.000000e+000  0.000000e+000  0.000000e+000  
0.000000e+000  0.000000e+000  0.000000e+000  0.000000e+000  0.000000e+000  0.000000e+000  0.000000e+000  0.000000e+000  0.000000e+000  
0.000000e+000  0.000000e+000  0.000000e+000  0.000000e+000  0.000000e+000  0.000000e+000  0.000000e+000  0.000000e+000  0.000000e+000  
0.000000e+000  0.000000e+000  0.000000e+000  0.000000e+000  0.000000e+000  0.000000e+000  0.000000e+000  0.000000e+000  0.000000e+000  
0.000000e+000  0.000000e+000  0.000000e+000  0.000000e+000  0.000000e+000  0.000000e+000  0.000000e+000  0.000000e+000  0.000000e+000  
0.000000e+000  0.000000e+000  0.000000e+000  0.000000e+000  0.000000e+000  0.000000e+000  0.000000e+000  0.000000e+000  0.000000e+000  
0.000000e+000  0.000000e+000  0.000000e+000  0.000000e+000  0.000000e+000  0.000000e+000  0.000000e+000  0.000000e+000  0.000000e+000  
0.000000e+000  0.000000e+000  0.000000e+000  0.000000e+000  0.000000e+000  0.000000e+000  0.000000e+000  0.000000e+000  0.000000e+000  
0.000000e+000  0.000000e+000  0.000000e+000  0.000000e+000  0.000000e+000  0.000000e+000  0.000000e+000  0.000000e+000  0.000000e+000  
0.000000e+000  0.000000e+000  0.000000e+000  0.000000e+000  0.000000e+000  0.000000e+000  0.000000e+000  0.000000e+000  0.000000e+000  
0.000000e+000  0.000000e+000  0.000000e+000  0.000000e+000  0.000000e+000  0.000000e+000  0.000000e+000  0.000000e+000  0.000000e+000  
0.000000e+000  0.000000e+000  0.000000e+000  0.000000e+000  0.000000e+000  0.000000e+000  0.000000e+000  0.000000e+000  0.000000e+000  

0.000000e+000  -3.335998e-012  -6.033274e-012  2.183391e-011  2.657855e-011  1.262099e-011  1.199614e-011  8.832310e-012  0.000000e+000  
7.801255e-012  8.966839e-012  1.203581e-010  3.557155e-011  4.207705e-011  4.400748e-011  4.070837e-011  2.879692e-011  0.000000e+000  
3.931512e-011  5.040820e-011  4.193787e-011  5.296245e-011  6.148100e-011  6.292917e-011  5.736114e-011  3.982415e-011  0.000000e+000  
7.960799e-012  8.225678e-011  6.687524e-011  8.271907e-011  9.170820e-011  9.056428e-011  8.078676e-011  5.477406e-011  0.000000e+000  
6.355587e-012  1.443608e-011  1.315947e-010  1.363989e-010  1.373777e-010  1.295536e-010  1.128641e-010  7.479142e-011  0.000000e+000  
3.554305e-011  7.436667e-011  2.069010e-010  2.043879e-010  1.976444e-010  1.810147e-010  1.551338e-010  1.010671e-010  0.000000e+000  
0.000000e+000  0.000000e+000  2.889012e-010  2.835211e-010  2.709653e-010  2.452744e-010  2.084745e-010  1.344843e-010  0.000000e+000  
0.000000e+000  0.000000e+000  4.642404e-010  4.546495e-010  4.324994e-010  3.889332e-010  3.287890e-010  2.104550e-010  0.000000e+000  
0.000000e+000  0.000000e+000  9.204680e-010  9.012489e-010  8.567235e-010  7.694937e-010  6.496928e-010  4.149965e-010  0.000000e+000  
0.000000e+000  0.000000e+000  1.828881e-009  1.790683e-009  1.702081e-009  1.528504e-009  1.290314e-009  8.239404e-010  0.000000e+000  
0.000000e+000  0.000000e+000  3.600295e-009  3.525124e-009  3.350560e-009  3.008637e-009  2.539616e-009  1.621549e-009  0.000000e+000  
0.000000e+000  0.000000e+000  7.069561e-009  6.922054e-009  6.579071e-009  5.907261e-009  4.986091e-009  3.183353e-009  0.000000e+000  
0.000000e+000  0.000000e+000  1.387058e-008  1.358137e-008  1.290795e-008  1.158897e-008  9.781205e-009  6.244248e-009  0.000000e+000  
0.000000e+000  0.000000e+000  2.720368e-008  2.663690e-008  2.531517e-008  2.272645e-008  1.918011e-008  1.224329e-008  0.000000e+000  
0.000000e+000  0.000000e+000  5.333762e-008  5.222726e-008  4.963361e-008  4.455397e-008  3.759889e-008  2.399820e-008  0.000000e+000  
0.000000e+000  0.000000e+000  1.045479e-007  1.023734e-007  9.728495e-008  8.731972e-008  7.368297e-008  4.702434e-008  0.000000e+000  
0.000000e+000  0.000000e+000  2.048637e-007  2.006071e-007  1.906263e-007  1.710808e-007  1.443508e-007  9.211333e-008  0.000000e+000  
0.000000e+000  0.000000e+000  4.013027e-007  3.929736e-007  3.734012e-007  3.350748e-007  2.826956e-007  1.803703e-007  0.000000e+000  
0.000000e+000  0.000000e+000  7.858198e-007  7.695295e-007  7.311579e-007  6.560238e-007  5.534170e-007  3.530493e-007  0.000000e+000  
0.000000e+000  0.000000e+000  1.538164e-006  1.506320e-006  1.431113e-006  1.283865e-006  1.082937e-006  6.907440e-007  0.000000e+000  
0.000000e+000  0.000000e+000  3.009502e-006  2.947287e-006  2.799932e-006  2.511443e-006  2.118136e-006  1.350802e-006  0.000000e+000  
0.000000e+000  0.000000e+000  5.776060e-006  5.656837e-006  5.373589e-006  4.819095e-006  4.063857e-006  2.591161e-006  0.000000e+000  
0.000000e+000  0.000000e+000  9.204542e-006  9.014801e-006  8.562849e-006  7.678154e-006  6.474133e-006  4.127330e-006  0.000000e+000  
0.000000e+000  0.000000e+000  1.164583e-005  1.140592e-005  1.083374e-005  9.713740e-006  8.190072e-006  5.220857e-006  0.000000e+000  
0.000000e+000  0.000000e+000  1.476860e-005  1.446456e-005  1.373847e-005  1.231724e-005  1.038459e-005  6.619233e-006  0.000000e+000  
0.000000e+000  0.000000e+000  1.874333e-005  1.835775e-005  1.743560e-005  1.563066e-005  1.317731e-005  8.398603e-006  0.000000e+000  
0.000000e+000  0.000000e+000  2.378892e-005  2.329991e-005  2.212865e-005  1.983625e-005  1.672173e-005  1.065668e-005  0.000000e+000  
0.000000e+000  0.000000e+000  3.020726e-005  2.958680e-005  2.809841e-005  2.518540e-005  2.122959e-005  1.352824e-005  0.000000e+000  
0.000000e+000  0.000000e+000  4.462984e-005  4.371428e-005  4.151260e-005  3.720386e-005  3.135704e-005  1.997883e-005  0.000000e+000  
0.000000e+000  0.000000e+000  8.360440e-005  8.189318e-005  7.775977e-005  6.967151e-005  5.871093e-005  3.739689e-005  0.000000e+000  
0.000000e+000  0.000000e+000  1.613896e-004  1.580948e-004  1.500957e-004  1.344451e-004  1.132695e-004  7.212626e-005  0.000000e+000  
0.000000e+000  0.000000e+000  3.104731e-004  3.041529e-004  2.887223e-004  2.585358e-004  2.177627e-004  1.386161e-004  0.000000e+000  
0.000000e+000  0.000000e+000  5.838532e-004  5.720047e-004  5.429006e-004  4.859741e-004  4.092243e-004  2.603922e-004  0.000000e+000  
0.000000e+000  0.000000e+000  9.147180e-004  8.962029e-004  8.504922e-004  7.610954e-004  6.407531e-004  4.075853e-004  0.000000e+000  
0.000000e+000  0.000000e+000  1.153855e-003  1.130529e-003  1.072796e-003  9.598926e-004  8.080252e-004  5.139034e-004  0.000000e+000  
0.000000e+000  0.000000e+000  1.458420e-003  1.428978e-003  1.355906e-003  1.213017e-003  1.020976e-003  6.492230e-004  0.000000e+000  
0.000000e+000  0.000000e+000  1.843744e-003  1.806578e-003  1.714065e-003  1.533175e-003  1.290276e-003  8.203077e-004  0.000000e+000  
0.000000e+000  0.000000e+000  2.329538e-003  2.282650e-003  2.165581e-003  1.936697e-003  1.629638e-003  1.035844e-003  0.000000e+000  
0.000000e+000  0.000000e+000  2.944370e-003  2.885197e-003  2.736987e-003  2.447247e-003  2.058926e-003  1.308412e-003  0.000000e+000  
0.000000e+000  0.000000e+000  4.275419e-003  4.189694e-003  3.973919e-003  3.552159e-003  2.987773e-003  1.897961e-003  0.000000e+000  
0.000000e+000  0.000000e+000  7.739622e-003  7.585025e-003  7.192402e-003  6.425227e-003  5.401609e-003  3.428563e-003  0.000000e+000  
0.000000e+000  0.000000e+000  1.452632e-002  1.423711e-002  1.349481e-002  1.204519e-002  1.011839e-002  6.413971e-003  0.000000e+000  
0.000000e+000  0.000000e+000  2.716313e-002  2.662271e-002  2.521877e-002  2.248002e-002  1.885910e-002  1.192582e-002  0.000000e+000  
0.000000e+000  0.000000e+000  5.073146e-002  4.971562e-002  4.703786e-002  4.182631e-002  3.499657e-002  2.201891e-002  0.000000e+000  
0.000000e+000  0.000000e+000  9.485426e-002  9.291061e-002  8.767788e-002  7.754659e-002  6.450070e-002  4.011877e-002  0.000000e+000  
0.000000e+000  0.000000e+000  1.783474e-001  1.745004e-001  1.636505e-001  1.428625e-001  1.171487e-001  7.092331e-002  0.000000e+000  
0.000000e+000  0.000000e+000  3.313469e-001  3.239243e-001  2.992645e-001  2.525815e-001  2.000414e-001  1.137913e-001  0.000000e+000  
0.000000e+000  0.000000e+000  5.184703e-001  5.109344e-001  4.598293e-001  3.618191e-001  2.686214e-001  1.380313e-001  0.000000e+000  
0.000000e+000  0.000000e+000  6.481580e-001  6.520458e-001  5.745565e-001  4.221151e-001  2.968025e-001  1.418935e-001  0.000000e+000  
0.000000e+000  0.000000e+000  7.649384e-001  8.178593e-001  6.962597e-001  4.522357e-001  2.928653e-001  1.279800e-001  0.000000e+000  
0.000000e+000  0.000000e+000  7.321517e-001  9.056706e-001  7.281686e-001  3.918613e-001  2.323125e-001  9.438393e-002  0.000000e+000  
0.000000e+000  0.000000e+000  4.253305e-001  4.903002e-001  3.816457e-001  2.221532e-001  1.315957e-001  5.195669e-002  0.000000e+000  
0.000000e+000  0.000000e+000  0.000000e+000  0.000000e+000  0.000000e+000  0.000000e+000  0.000000e+000  0.000000e+000  0.000000e+000  
0.000000e+000  0.000000e+000  -4.253305e-001  -4.903002e-001  -3.816457e-001  -2.221532e-001  -1.315957e-001  -5.195669e-002  0.000000e+000  
0.000000e+000  0.000000e+000  -7.321517e-001  -9.056706e-001  -7.281686e-001  -3.918613e-001  -2.323125e-001  -9.438393e-002  0.000000e+000  
0.000000e+000  0.000000e+000  -7.649384e-001  -8.178593e-001  -6.962597e-001  -4.522357e-001  -2.928653e-001  -1.279800e-001  0.000000e+000  
0.000000e+000  0.000000e+000  -6.481580e-001  -6.520458e-001  -5.745565e-001  -4.221151e-001  -2.968025e-001  -1.418935e-001  0.000000e+000  
0.000000e+000  0.000000e+000  -5.184703e-001  -5.109344e-001  -4.598293e-001  -3.618191e-001  -2.686214e-001  -1.380313e-001  0.000000e+000  
0.000000e+000  0.000000e+000  -3.313469e-001  -3.239243e-001  -2.992645e-001  -2.525815e-001  -2.000414e-001  -1.137913e-001  0.000000e+000  
0.000000e+000  0.000000e+000  -1.783474e-001  -1.745004e-001  -1.636505e-001  -1.428625e-001  -1.171487e-001  -7.092331e-002  0.000000e+000  
0.000000e+000  0.000000e+000  -9.485426e-002  -9.291061e-002  -8.767788e-002  -7.754659e-002  -6.450070e-002  -4.011877e-002  0.000000e+000  
0.000000e+000  0.000000e+000  -5.073146e-002  -4.971562e-002  -4.703786e-002  -4.182631e-002  -3.499657e-002  -2.201891e-002  0.000000e+000  
0.000000e+000  0.000000e+000  -2.716313e-002  -2.662271e-002  -2.521877e-002  -2.248002e-002  -1.885910e-002  -1.192582e-002  0.000000e+000  
0.000000e+000  0.000000e+000  -1.452632e-002  -1.423711e-002  -1.349481e-002  -1.204519e-002  -1.011839e-002  -6.413971e-003  0.000000e+000  
0.000000e+000  0.000000e+000  -7.739622e-003  -7.585025e-003  -7.192402e-003  -6.425227e-003  -5.401609e-003  -3.428563e-003  0.000000e+000  
0.000000e+000  0.000000e+000  -4.275419e-003  -4.189694e-003  -3.973919e-003  -3.552159e-003  -2.987773e-003  -1.897961e-003  0.000000e+000  
0.000000e+000  0.000000e+000  -2.944370e-003  -2.885197e-003  -2.736987e-003  -2.447247e-003  -2.058926e-003  -1.308412e-003  0.000000e+000  
0.000000e+000  0.000000e+000  -2.329538e-003  -2.282650e-003  -2.165581e-003  -1.936697e-003  -1.629638e-003  -1.035844e-003  0.000000e+000  
0.000000e+000  0.000000e+000  -1.843744e-003  -1.806578e-003  -1.714065e-003  -1.533175e-003  -1.290276e-003  -8.203077e-004  0.000000e+000  
0.000000e+000  0.000000e+000  -1.458420e-003  -1.428978e-003  -1.355906e-003  -1.213017e-003  -1.020976e-003  -6.492230e-004  0.000000e+000  
0.000000e+000  0.000000e+000  -1.153855e-003  -1.130529e-003  -1.072796e-003  -9.598926e-004  -8.080252e-004  -5.139034e-004  0.000000e+000  
0.000000e+000  0.000000e+000  -9.147180e-004  -8.962029e-004  -8.504922e-004  -7.610954e-004  -6.407531e-004  -4.075853e-004  0.000000e+000  
0.000000e+000  0.000000e+000  -5.838532e-004  -5.720047e-004  -5.429006e-004  -4.859741e-004  -4.092243e-004  -2.603922e-004  0.000000e+000  
0.000000e+000  0.000000e+000  -3.104731e-004  -3.041529e-004  -2.887223e-004  -2.585358e-004  -2.177627e-004  -1.386161e-004  0.000000e+000  
0.000000e+000  0.000000e+000  -1.613896e-004  -1.580948e-004  -1.500957e-004  -1.344451e-004  -1.132695e-004  -7.212626e-005  0.000000e+000  
0.000000e+000  0.000000e+000  -8.360440e-005  -8.189318e-005  -7.775977e-005  -6.967151e-005  -5.871093e-005  -3.739689e-005  0.000000e+000  
0.000000e+000  0.000000e+000  -4.462984e-005  -4.371428e-005  -4.151260e-005  -3.720386e-005  -3.135704e-005  -1.997883e-005  0.000000e+000  
0.000000e+000  0.000000e+000  -3.020726e-005  -2.958680e-005  -2.809841e-005  -2.518540e-005  -2.122959e-005  -1.352824e-005  0.000000e+000  
0.000000e+000  0.000000e+000  -2.378892e-005  -2.329991e-005  -2.212865e-005  -1.983625e-005  -1.672173e-005  -1.065668e-005  0.000000e+000  
0.000000e+000  0.000000e+000  -1.874333e-005  -1.835775e-005  -1.743560e-005  -1.563066e-005  -1.317731e-005  -8.398603e-006  0.000000e+000  
0.000000e+000  0.000000e+000  -1.476860e-005  -1.446456e-005  -1.373847e-005  -1.231724e-005  -1.038459e-005  -6.619233e-006  0.000000e+000  
0.000000e+000  0.000000e+000  -1.164583e-005  -1.140592e-005  -1.083374e-005  -9.713740e-006  -8.190072e-006  -5.220857e-006  0.000000e+000  
0.000000e+000  0.000000e+000  -9.204542e-006  -9.014801e-006  -8.562849e-006  -7.678154e-006  -6.474133e-006  -4.127330e-006  0.000000e+000  
0.000000e+000  0.000000e+000  -5.776060e-006  -5.656837e-006  -5.373589e-006  -4.819095e-006  -4.063857e-006  -2.591161e-006  0.000000e+000  
0.000000e+000  0.000000e+000  -3.009502e-006  -2.947287e-006  -2.799932e-006  -2.511443e-006  -2.118136e-006  -1.350802e-006  0.000000e+000  
0.000000e+000  0.000000e+000  -1.538164e-006  -1.506320e-006  -1.431113e-006  -1.283865e-006  -1.082937e-006  -6.907440e-007  0.000000e+000  
0.000000e+000  0.000000e+000  -7.858198e-007  -7.695295e-007  -7.311579e-007  -6.560238e-007  -5.534170e-007  -3.530493e-007  0.000000e+000  
0.000000e+000  0.000000e+000  -4.013028e-007  -3.929736e-007  -3.734013e-007  -3.350749e-007  -2.826957e-007  -1.803703e-007  0.000000e+000  
0.000000e+000  0.000000e+000  -2.048638e-007  -2.006071e-007  -1.906263e-007  -1.710809e-007  -1.443508e-007  -9.211335e-008  0.000000e+000  
0.000000e+000  0.000000e+000  -1.045479e-007  -1.023735e-007  -9.728501e-008  -8.731978e-008  -7.368303e-008  -4.702438e-008  0.000000e+000  
0.000000e+000  0.000000e+000  -5.333775e-008  -5.222739e-008  -4.963374e-008  -4.455409e-008  -3.759900e-008  -2.399825e-008  0.000000e+000  
0.000000e+000  0.000000e+000  -2.720387e-008  -2.663709e-008  -2.531535e-008  -2.272661e-008  -1.918024e-008  -1.224338e-008  0.000000e+000  
0.000000e+000  0.000000e+000  -1.387075e-008  -1.358154e-008  -1.290811e-008  -1.158912e-008  -9.781338e-009  -6.244326e-009  0.000000e+000  
0.000000e+000  0.000000e+000  -7.069709e-009  -6.922193e-009  -6.579194e-009  -5.907367e-009  -4.986179e-009  -3.183401e-009  0.000000e+000  
0.000000e+000  0.000000e+000  -3.600343e-009  -3.525171e-009  -3.350615e-009  -3.008679e-009  -2.539652e-009  -1.621569e-009  0.000000e+000  
0.000000e+000  0.000000e+000  -1.828888e-009  -1.790679e-009  -1.702074e-009  -1.528496e-009  -1.290295e-009  -8.239331e-010  0.000000e+000  
0.000000e+000  0.000000e+000  -9.204270e-010  -9.012067e-010  -8.566940e-010  -7.694709e-010  -6.496708e-010  -4.149738e-010  0.000000e+000  
0.000000e+000  0.000000e+000  -4.642028e-010  -4.546118e-010  -4.324572e-010  -3.889057e-010  -3.287662e-010  -2.104419e-010  0.000000e+000  
0.000000e+000  0.000000e+000  -2.889123e-010  -2.835068e-010  -2.709539e-010  -2.452445e-010  -2.084630e-010  -1.344803e-010  0.000000e+000  
-3.557582e-011  -7.436305e-011  -2.068674e-010  -2.044123e-010  -1.976347e-010  -1.810266e-010  -1.551301e-010  -1.010787e-010  0.000000e+000  
-6.301171e-012  -1.445580e-011  -1.316394e-010  -1.363946e-010  -1.374090e-010  -1.295823e-010  -1.128812e-010  -7.481418e-011  0.000000e+000  
-7.973518e-012  -8.231903e-011  -6.683861e-011  -8.278325e-011  -9.172761e-011  -9.059675e-011  -8.080418e-011  -5.480319e-011  0.000000e+000  
-3.936673e-011  -5.036271e-011  -4.205564e-011  -5.292287e-011  -6.149125e-011  -6.294780e-011  -5.738352e-011  -3.983073e-011  0.000000e+000  
-7.769981e-012  -8.988921e-012  -1.203128e-010  -3.564578e-011  -4.208263e-011  -4.401372e-011  -4.073631e-011  -2.879859e-011  0.000000e+000  
0.000000e+000  3.338621e-012  6.036781e-012  -2.182823e-011  -2.657839e-011  -1.263333e-011  -1.200698e-011  -8.839866e-012  0.000000e+000  
0.000000e+000  0.000000e+000  0.000000e+000  0.000000e+000  0.000000e+000  0.000000e+000  0.000000e+000  0.000000e+000  0.000000e+000  

