Port monitor named: Port1_e1.prt

nx        = 112
ny        = 81
nz        = 20

nu        = 7
nv        = 14
iu        = 9
iv        = 50

idir      = 1
dcut      = -4.500000e-002
icut      = 6
type      = 0
frequency = 1.850000e+009

fcutoff   = 3.976517e+009
alpha     = 1.126825e+002
beta      = 0.000000e+000
accuracy  = 1.273809e-013

type          = UNDEF
wave imp.     = 6.116710e+002
wave imp.sig. = 3.070520e-008
line imp.     = 0.000000e+000

ref. port     = 0

3.631654e+001  9.656040e+001  5.749840e+002  5.969858e+002  5.582902e+002  4.024346e+002  0.000000e+000  
4.654430e+001  1.239222e+002  7.380656e+002  7.621284e+002  7.059757e+002  4.974426e+002  0.000000e+000  
7.112640e+001  1.944470e+002  1.177725e+003  1.198419e+003  1.080566e+003  7.166040e+002  0.000000e+000  
7.437466e+001  2.391887e+002  1.609638e+003  1.603293e+003  1.396679e+003  8.719888e+002  0.000000e+000  
-1.359102e+001  1.906758e+002  2.334449e+003  2.189460e+003  1.798734e+003  1.040655e+003  0.000000e+000  
-6.384613e+002  -2.053703e+003  4.044237e+003  2.993101e+003  2.229853e+003  1.188411e+003  0.000000e+000  
-5.648164e+002  -1.477064e+003  4.748893e+003  3.369761e+003  2.434304e+003  1.255339e+003  0.000000e+000  
-5.648164e+002  -1.477064e+003  4.748893e+003  3.369761e+003  2.434304e+003  1.255339e+003  0.000000e+000  
-6.384613e+002  -2.053703e+003  4.044237e+003  2.993101e+003  2.229853e+003  1.188411e+003  0.000000e+000  
-1.359102e+001  1.906758e+002  2.334449e+003  2.189460e+003  1.798734e+003  1.040655e+003  0.000000e+000  
7.437466e+001  2.391887e+002  1.609638e+003  1.603293e+003  1.396679e+003  8.719888e+002  0.000000e+000  
7.112640e+001  1.944470e+002  1.177725e+003  1.198419e+003  1.080566e+003  7.166040e+002  0.000000e+000  
4.654430e+001  1.239222e+002  7.380656e+002  7.621284e+002  7.059757e+002  4.974426e+002  0.000000e+000  
3.631654e+001  9.656040e+001  5.749840e+002  5.969858e+002  5.582902e+002  4.024346e+002  0.000000e+000  

-5.796427e+002  -5.761122e+002  -5.665089e+002  -4.981490e+002  -4.298070e+002  -3.691221e+002  -2.786827e+002  
-1.550587e+003  -1.540413e+003  -1.511174e+003  -1.286289e+003  -1.065394e+003  -8.766815e+002  -6.201235e+002  
-2.190653e+003  -2.185849e+003  -2.148856e+003  -1.720742e+003  -1.322204e+003  -1.011755e+003  -6.559078e+002  
-2.576506e+003  -2.630764e+003  -2.653436e+003  -1.942897e+003  -1.370097e+003  -9.773052e+002  -5.922546e+002  
-2.667014e+003  -3.070712e+003  -3.588799e+003  -1.972098e+003  -1.192025e+003  -7.727104e+002  -4.362612e+002  
-1.192318e+003  -1.132795e+003  0.000000e+000  -1.092960e+003  -6.488277e+002  -4.073432e+002  -2.222486e+002  
0.000000e+000  0.000000e+000  0.000000e+000  0.000000e+000  0.000000e+000  0.000000e+000  0.000000e+000  
1.192318e+003  1.132795e+003  0.000000e+000  1.092960e+003  6.488277e+002  4.073432e+002  2.222486e+002  
2.667014e+003  3.070712e+003  3.588799e+003  1.972098e+003  1.192025e+003  7.727104e+002  4.362612e+002  
2.576506e+003  2.630764e+003  2.653436e+003  1.942897e+003  1.370097e+003  9.773052e+002  5.922546e+002  
2.190653e+003  2.185849e+003  2.148856e+003  1.720742e+003  1.322204e+003  1.011755e+003  6.559078e+002  
1.550587e+003  1.540413e+003  1.511174e+003  1.286289e+003  1.065394e+003  8.766815e+002  6.201235e+002  
5.796427e+002  5.761122e+002  5.665089e+002  4.981490e+002  4.298070e+002  3.691221e+002  2.786827e+002  
0.000000e+000  0.000000e+000  0.000000e+000  0.000000e+000  0.000000e+000  0.000000e+000  0.000000e+000  

-2.492799e+003  -2.493492e+003  -2.494399e+003  -2.559679e+003  -2.632843e+003  -2.704347e+003  -2.830904e+003  
-2.252016e+003  -2.254483e+003  -2.260082e+003  -2.352140e+003  -2.452722e+003  -2.548934e+003  -2.712953e+003  
-1.727177e+003  -1.733992e+003  -1.751665e+003  -1.916053e+003  -2.089612e+003  -2.249036e+003  -2.500143e+003  
-1.345301e+003  -1.353587e+003  -1.379669e+003  -1.615924e+003  -1.858314e+003  -2.071874e+003  -2.385337e+003  
-8.915455e+002  -8.902142e+002  -9.137497e+002  -1.272919e+003  -1.616635e+003  -1.899855e+003  -2.281429e+003  
-4.172188e+002  -3.411855e+002  0.000000e+000  -9.181453e+002  -1.404338e+003  -1.763174e+003  -2.204736e+003  
-2.420428e+002  -1.743482e+002  0.000000e+000  -7.593949e+002  -1.309672e+003  -1.703876e+003  -2.172573e+003  
-2.420428e+002  -1.743482e+002  0.000000e+000  -7.593949e+002  -1.309672e+003  -1.703876e+003  -2.172573e+003  
-4.172188e+002  -3.411855e+002  0.000000e+000  -9.181453e+002  -1.404338e+003  -1.763174e+003  -2.204736e+003  
-8.915455e+002  -8.902142e+002  -9.137497e+002  -1.272919e+003  -1.616635e+003  -1.899855e+003  -2.281429e+003  
-1.345301e+003  -1.353587e+003  -1.379669e+003  -1.615924e+003  -1.858314e+003  -2.071874e+003  -2.385337e+003  
-1.727177e+003  -1.733992e+003  -1.751665e+003  -1.916053e+003  -2.089612e+003  -2.249036e+003  -2.500143e+003  
-2.252016e+003  -2.254483e+003  -2.260082e+003  -2.352140e+003  -2.452722e+003  -2.548934e+003  -2.712953e+003  
-2.492799e+003  -2.493492e+003  -2.494399e+003  -2.559679e+003  -2.632843e+003  -2.704347e+003  -2.830904e+003  

0.000000e+000  0.000000e+000  0.000000e+000  0.000000e+000  0.000000e+000  0.000000e+000  0.000000e+000  
0.000000e+000  0.000000e+000  0.000000e+000  0.000000e+000  0.000000e+000  0.000000e+000  0.000000e+000  
0.000000e+000  0.000000e+000  0.000000e+000  0.000000e+000  0.000000e+000  0.000000e+000  0.000000e+000  
0.000000e+000  0.000000e+000  0.000000e+000  0.000000e+000  0.000000e+000  0.000000e+000  0.000000e+000  
0.000000e+000  0.000000e+000  0.000000e+000  0.000000e+000  0.000000e+000  0.000000e+000  0.000000e+000  
0.000000e+000  0.000000e+000  0.000000e+000  0.000000e+000  0.000000e+000  0.000000e+000  0.000000e+000  
0.000000e+000  0.000000e+000  0.000000e+000  0.000000e+000  0.000000e+000  0.000000e+000  0.000000e+000  
0.000000e+000  0.000000e+000  0.000000e+000  0.000000e+000  0.000000e+000  0.000000e+000  0.000000e+000  
0.000000e+000  0.000000e+000  0.000000e+000  0.000000e+000  0.000000e+000  0.000000e+000  0.000000e+000  
0.000000e+000  0.000000e+000  0.000000e+000  0.000000e+000  0.000000e+000  0.000000e+000  0.000000e+000  
0.000000e+000  0.000000e+000  0.000000e+000  0.000000e+000  0.000000e+000  0.000000e+000  0.000000e+000  
0.000000e+000  0.000000e+000  0.000000e+000  0.000000e+000  0.000000e+000  0.000000e+000  0.000000e+000  
0.000000e+000  0.000000e+000  0.000000e+000  0.000000e+000  0.000000e+000  0.000000e+000  0.000000e+000  
0.000000e+000  0.000000e+000  0.000000e+000  0.000000e+000  0.000000e+000  0.000000e+000  0.000000e+000  

0.000000e+000  0.000000e+000  0.000000e+000  0.000000e+000  0.000000e+000  0.000000e+000  0.000000e+000  
0.000000e+000  0.000000e+000  0.000000e+000  0.000000e+000  0.000000e+000  0.000000e+000  0.000000e+000  
0.000000e+000  0.000000e+000  0.000000e+000  0.000000e+000  0.000000e+000  0.000000e+000  0.000000e+000  
0.000000e+000  0.000000e+000  0.000000e+000  0.000000e+000  0.000000e+000  0.000000e+000  0.000000e+000  
0.000000e+000  0.000000e+000  0.000000e+000  0.000000e+000  0.000000e+000  0.000000e+000  0.000000e+000  
0.000000e+000  0.000000e+000  0.000000e+000  0.000000e+000  0.000000e+000  0.000000e+000  0.000000e+000  
0.000000e+000  0.000000e+000  0.000000e+000  0.000000e+000  0.000000e+000  0.000000e+000  0.000000e+000  
0.000000e+000  0.000000e+000  0.000000e+000  0.000000e+000  0.000000e+000  0.000000e+000  0.000000e+000  
0.000000e+000  0.000000e+000  0.000000e+000  0.000000e+000  0.000000e+000  0.000000e+000  0.000000e+000  
0.000000e+000  0.000000e+000  0.000000e+000  0.000000e+000  0.000000e+000  0.000000e+000  0.000000e+000  
0.000000e+000  0.000000e+000  0.000000e+000  0.000000e+000  0.000000e+000  0.000000e+000  0.000000e+000  
0.000000e+000  0.000000e+000  0.000000e+000  0.000000e+000  0.000000e+000  0.000000e+000  0.000000e+000  
0.000000e+000  0.000000e+000  0.000000e+000  0.000000e+000  0.000000e+000  0.000000e+000  0.000000e+000  
0.000000e+000  0.000000e+000  0.000000e+000  0.000000e+000  0.000000e+000  0.000000e+000  0.000000e+000  

0.000000e+000  0.000000e+000  0.000000e+000  0.000000e+000  0.000000e+000  0.000000e+000  0.000000e+000  
0.000000e+000  0.000000e+000  0.000000e+000  0.000000e+000  0.000000e+000  0.000000e+000  0.000000e+000  
0.000000e+000  0.000000e+000  0.000000e+000  0.000000e+000  0.000000e+000  0.000000e+000  0.000000e+000  
0.000000e+000  0.000000e+000  0.000000e+000  0.000000e+000  0.000000e+000  0.000000e+000  0.000000e+000  
0.000000e+000  0.000000e+000  0.000000e+000  0.000000e+000  0.000000e+000  0.000000e+000  0.000000e+000  
0.000000e+000  0.000000e+000  0.000000e+000  0.000000e+000  0.000000e+000  0.000000e+000  0.000000e+000  
0.000000e+000  0.000000e+000  0.000000e+000  0.000000e+000  0.000000e+000  0.000000e+000  0.000000e+000  
0.000000e+000  0.000000e+000  0.000000e+000  0.000000e+000  0.000000e+000  0.000000e+000  0.000000e+000  
0.000000e+000  0.000000e+000  0.000000e+000  0.000000e+000  0.000000e+000  0.000000e+000  0.000000e+000  
0.000000e+000  0.000000e+000  0.000000e+000  0.000000e+000  0.000000e+000  0.000000e+000  0.000000e+000  
0.000000e+000  0.000000e+000  0.000000e+000  0.000000e+000  0.000000e+000  0.000000e+000  0.000000e+000  
0.000000e+000  0.000000e+000  0.000000e+000  0.000000e+000  0.000000e+000  0.000000e+000  0.000000e+000  
0.000000e+000  0.000000e+000  0.000000e+000  0.000000e+000  0.000000e+000  0.000000e+000  0.000000e+000  
0.000000e+000  0.000000e+000  0.000000e+000  0.000000e+000  0.000000e+000  0.000000e+000  0.000000e+000  

