Port monitor named: Port1_h1.prt

nx        = 112
ny        = 81
nz        = 20

nu        = 7
nv        = 14
iu        = 9
iv        = 50

idir      = 1
dcut      = -4.500000e-002
icut      = 6
type      = 1
frequency = 1.850000e+009

fcutoff   = 3.976517e+009
alpha     = 1.126825e+002
beta      = 0.000000e+000
accuracy  = 1.273809e-013

type          = UNDEF
wave imp.     = 6.116710e+002
wave imp.sig. = 3.070520e-008
line imp.     = 0.000000e+000

ref. port     = 0

0.000000e+000  0.000000e+000  0.000000e+000  0.000000e+000  0.000000e+000  0.000000e+000  0.000000e+000  
0.000000e+000  0.000000e+000  0.000000e+000  0.000000e+000  0.000000e+000  0.000000e+000  0.000000e+000  
0.000000e+000  0.000000e+000  0.000000e+000  0.000000e+000  0.000000e+000  0.000000e+000  0.000000e+000  
0.000000e+000  0.000000e+000  0.000000e+000  0.000000e+000  0.000000e+000  0.000000e+000  0.000000e+000  
0.000000e+000  0.000000e+000  0.000000e+000  0.000000e+000  0.000000e+000  0.000000e+000  0.000000e+000  
0.000000e+000  0.000000e+000  0.000000e+000  0.000000e+000  0.000000e+000  0.000000e+000  0.000000e+000  
0.000000e+000  0.000000e+000  0.000000e+000  0.000000e+000  0.000000e+000  0.000000e+000  0.000000e+000  
0.000000e+000  0.000000e+000  0.000000e+000  0.000000e+000  0.000000e+000  0.000000e+000  0.000000e+000  
0.000000e+000  0.000000e+000  0.000000e+000  0.000000e+000  0.000000e+000  0.000000e+000  0.000000e+000  
0.000000e+000  0.000000e+000  0.000000e+000  0.000000e+000  0.000000e+000  0.000000e+000  0.000000e+000  
0.000000e+000  0.000000e+000  0.000000e+000  0.000000e+000  0.000000e+000  0.000000e+000  0.000000e+000  
0.000000e+000  0.000000e+000  0.000000e+000  0.000000e+000  0.000000e+000  0.000000e+000  0.000000e+000  
0.000000e+000  0.000000e+000  0.000000e+000  0.000000e+000  0.000000e+000  0.000000e+000  0.000000e+000  
0.000000e+000  0.000000e+000  0.000000e+000  0.000000e+000  0.000000e+000  0.000000e+000  0.000000e+000  

0.000000e+000  0.000000e+000  0.000000e+000  0.000000e+000  0.000000e+000  0.000000e+000  0.000000e+000  
0.000000e+000  0.000000e+000  0.000000e+000  0.000000e+000  0.000000e+000  0.000000e+000  0.000000e+000  
0.000000e+000  0.000000e+000  0.000000e+000  0.000000e+000  0.000000e+000  0.000000e+000  0.000000e+000  
0.000000e+000  0.000000e+000  0.000000e+000  0.000000e+000  0.000000e+000  0.000000e+000  0.000000e+000  
0.000000e+000  0.000000e+000  0.000000e+000  0.000000e+000  0.000000e+000  0.000000e+000  0.000000e+000  
0.000000e+000  0.000000e+000  0.000000e+000  0.000000e+000  0.000000e+000  0.000000e+000  0.000000e+000  
0.000000e+000  0.000000e+000  0.000000e+000  0.000000e+000  0.000000e+000  0.000000e+000  0.000000e+000  
0.000000e+000  0.000000e+000  0.000000e+000  0.000000e+000  0.000000e+000  0.000000e+000  0.000000e+000  
0.000000e+000  0.000000e+000  0.000000e+000  0.000000e+000  0.000000e+000  0.000000e+000  0.000000e+000  
0.000000e+000  0.000000e+000  0.000000e+000  0.000000e+000  0.000000e+000  0.000000e+000  0.000000e+000  
0.000000e+000  0.000000e+000  0.000000e+000  0.000000e+000  0.000000e+000  0.000000e+000  0.000000e+000  
0.000000e+000  0.000000e+000  0.000000e+000  0.000000e+000  0.000000e+000  0.000000e+000  0.000000e+000  
0.000000e+000  0.000000e+000  0.000000e+000  0.000000e+000  0.000000e+000  0.000000e+000  0.000000e+000  
0.000000e+000  0.000000e+000  0.000000e+000  0.000000e+000  0.000000e+000  0.000000e+000  0.000000e+000  

0.000000e+000  0.000000e+000  0.000000e+000  0.000000e+000  0.000000e+000  0.000000e+000  0.000000e+000  
0.000000e+000  0.000000e+000  0.000000e+000  0.000000e+000  0.000000e+000  0.000000e+000  0.000000e+000  
0.000000e+000  0.000000e+000  0.000000e+000  0.000000e+000  0.000000e+000  0.000000e+000  0.000000e+000  
0.000000e+000  0.000000e+000  0.000000e+000  0.000000e+000  0.000000e+000  0.000000e+000  0.000000e+000  
0.000000e+000  0.000000e+000  0.000000e+000  0.000000e+000  0.000000e+000  0.000000e+000  0.000000e+000  
0.000000e+000  0.000000e+000  0.000000e+000  0.000000e+000  0.000000e+000  0.000000e+000  0.000000e+000  
0.000000e+000  0.000000e+000  0.000000e+000  0.000000e+000  0.000000e+000  0.000000e+000  0.000000e+000  
0.000000e+000  0.000000e+000  0.000000e+000  0.000000e+000  0.000000e+000  0.000000e+000  0.000000e+000  
0.000000e+000  0.000000e+000  0.000000e+000  0.000000e+000  0.000000e+000  0.000000e+000  0.000000e+000  
0.000000e+000  0.000000e+000  0.000000e+000  0.000000e+000  0.000000e+000  0.000000e+000  0.000000e+000  
0.000000e+000  0.000000e+000  0.000000e+000  0.000000e+000  0.000000e+000  0.000000e+000  0.000000e+000  
0.000000e+000  0.000000e+000  0.000000e+000  0.000000e+000  0.000000e+000  0.000000e+000  0.000000e+000  
0.000000e+000  0.000000e+000  0.000000e+000  0.000000e+000  0.000000e+000  0.000000e+000  0.000000e+000  
0.000000e+000  0.000000e+000  0.000000e+000  0.000000e+000  0.000000e+000  0.000000e+000  0.000000e+000  

-9.170986e-001  -9.046344e-001  -8.736881e-001  -8.017788e-001  -7.153527e-001  -6.305626e-001  -4.898442e-001  
-2.574019e+000  -2.532067e+000  -2.423244e+000  -2.154864e+000  -1.837776e+000  -1.542858e+000  -1.110081e+000  
-3.909632e+000  -3.866557e+000  -3.693753e+000  -3.080172e+000  -2.403905e+000  -1.848815e+000  -1.196099e+000  
-4.849899e+000  -4.955412e+000  -4.919241e+000  -3.702750e+000  -2.600133e+000  -1.834343e+000  -1.093236e+000  
-5.272644e+000  -6.229022e+000  -7.522918e+000  -4.118813e+000  -2.372723e+000  -1.487075e+000  -8.136911e-001  
-2.407866e+000  -2.314585e+000  0.000000e+000  -2.086120e+000  -1.266552e+000  -7.862051e-001  -4.163395e-001  
5.067964e-010  3.709679e-010  0.000000e+000  6.193439e-010  8.933092e-010  1.010614e-009  1.083506e-009  
2.407866e+000  2.314585e+000  0.000000e+000  2.086120e+000  1.266552e+000  7.862051e-001  4.163395e-001  
5.272644e+000  6.229022e+000  7.522918e+000  4.118813e+000  2.372723e+000  1.487075e+000  8.136911e-001  
4.849899e+000  4.955412e+000  4.919241e+000  3.702750e+000  2.600133e+000  1.834343e+000  1.093236e+000  
3.909632e+000  3.866557e+000  3.693753e+000  3.080172e+000  2.403905e+000  1.848815e+000  1.196099e+000  
2.574019e+000  2.532067e+000  2.423244e+000  2.154864e+000  1.837776e+000  1.542858e+000  1.110081e+000  
9.170986e-001  9.046344e-001  8.736881e-001  8.017788e-001  7.153527e-001  6.305626e-001  4.898442e-001  
0.000000e+000  0.000000e+000  0.000000e+000  0.000000e+000  0.000000e+000  0.000000e+000  0.000000e+000  

2.221203e-001  6.689666e-001  7.307739e-001  4.531462e-001  2.487838e-001  2.784392e-002  0.000000e+000  
1.524659e-001  4.870312e-001  4.691765e-001  1.709845e-001  -1.410492e-002  -1.499635e-001  0.000000e+000  
-2.208471e-002  2.002275e-002  -2.440431e-001  -6.049408e-001  -7.118608e-001  -5.764227e-001  0.000000e+000  
-1.201737e-001  -3.389709e-001  -9.907945e-001  -1.387950e+000  -1.345646e+000  -8.936164e-001  0.000000e+000  
6.643620e-003  -5.000171e-001  -2.375078e+000  -2.616530e+000  -2.197470e+000  -1.248297e+000  0.000000e+000  
1.442025e+000  4.360654e+000  -6.758724e+000  -4.502919e+000  -3.163012e+000  -1.566796e+000  0.000000e+000  
1.311826e+000  3.206039e+000  -7.763802e+000  -5.234209e+000  -3.593052e+000  -1.710154e+000  0.000000e+000  
1.311826e+000  3.206039e+000  -7.763802e+000  -5.234209e+000  -3.593052e+000  -1.710154e+000  0.000000e+000  
1.442025e+000  4.360654e+000  -6.758724e+000  -4.502919e+000  -3.163012e+000  -1.566796e+000  0.000000e+000  
6.643620e-003  -5.000171e-001  -2.375078e+000  -2.616530e+000  -2.197470e+000  -1.248297e+000  0.000000e+000  
-1.201737e-001  -3.389709e-001  -9.907945e-001  -1.387950e+000  -1.345646e+000  -8.936164e-001  0.000000e+000  
-2.208471e-002  2.002275e-002  -2.440431e-001  -6.049408e-001  -7.118608e-001  -5.764227e-001  0.000000e+000  
1.524659e-001  4.870312e-001  4.691765e-001  1.709845e-001  -1.410492e-002  -1.499635e-001  0.000000e+000  
2.221203e-001  6.689666e-001  7.307739e-001  4.531462e-001  2.487838e-001  2.784392e-002  0.000000e+000  

6.676400e-002  1.918626e-001  2.298870e-001  1.827485e-001  1.388730e-001  7.237613e-002  -0.000000e+000  
1.712401e-001  4.952973e-001  5.861626e-001  4.529501e-001  3.354145e-001  1.672281e-001  -0.000000e+000  
2.252789e-001  6.599178e-001  7.608535e-001  5.558034e-001  3.931980e-001  1.836327e-001  -0.000000e+000  
2.496189e-001  7.449205e-001  8.287203e-001  5.666249e-001  3.832925e-001  1.698760e-001  -0.000000e+000  
2.430027e-001  7.801507e-001  7.943365e-001  4.793114e-001  3.047825e-001  1.277167e-001  -0.000000e+000  
1.055481e-001  3.021672e-001  3.989578e-001  2.510873e-001  1.594798e-001  6.562166e-002  -0.000000e+000  
-0.000000e+000  -2.722636e-011  3.276452e-011  1.317063e-011  -0.000000e+000  -0.000000e+000  -0.000000e+000  
-1.055481e-001  -3.021672e-001  -3.989578e-001  -2.510873e-001  -1.594798e-001  -6.562166e-002  -0.000000e+000  
-2.430027e-001  -7.801507e-001  -7.943365e-001  -4.793114e-001  -3.047825e-001  -1.277167e-001  -0.000000e+000  
-2.496189e-001  -7.449205e-001  -8.287203e-001  -5.666249e-001  -3.832925e-001  -1.698760e-001  -0.000000e+000  
-2.252789e-001  -6.599178e-001  -7.608535e-001  -5.558034e-001  -3.931980e-001  -1.836327e-001  -0.000000e+000  
-1.712401e-001  -4.952973e-001  -5.861626e-001  -4.529501e-001  -3.354145e-001  -1.672281e-001  -0.000000e+000  
-6.676400e-002  -1.918626e-001  -2.298870e-001  -1.827485e-001  -1.388730e-001  -7.237613e-002  -0.000000e+000  
-0.000000e+000  -0.000000e+000  -0.000000e+000  -0.000000e+000  -0.000000e+000  -0.000000e+000  -0.000000e+000  

