Port monitor named: Port1_e1.prt

nx        = 140
ny        = 103
nz        = 21

nu        = 7
nv        = 14
iu        = 10
iv        = 64

idir      = 1
dcut      = -7.972000e-002
icut      = 6
type      = 0
frequency = 1.850000e+009

fcutoff   = 4.144170e+009
alpha     = 1.100135e+002
beta      = 0.000000e+000
accuracy  = 1.158079e-013

type          = UNDEF
wave imp.     = 6.622151e+002
wave imp.sig. = 1.332226e-008
line imp.     = 0.000000e+000

ref. port     = 0

3.444927e+001  9.953472e+001  4.972875e+002  5.289948e+002  5.011959e+002  3.667432e+002  0.000000e+000  
4.676461e+001  1.352345e+002  6.754438e+002  7.131942e+002  6.674733e+002  4.750581e+002  0.000000e+000  
7.537694e+001  2.229174e+002  1.130670e+003  1.171711e+003  1.062119e+003  7.066512e+002  0.000000e+000  
8.340111e+001  2.828811e+002  1.584976e+003  1.599299e+003  1.394080e+003  8.696338e+002  0.000000e+000  
3.396301e+000  2.460096e+002  2.358387e+003  2.220181e+003  1.815277e+003  1.046094e+003  0.000000e+000  
-6.183772e+002  -2.156390e+003  4.208338e+003  3.070091e+003  2.264844e+003  1.200562e+003  0.000000e+000  
-5.341154e+002  -1.513252e+003  4.936049e+003  3.467077e+003  2.480347e+003  1.271759e+003  0.000000e+000  
-5.341154e+002  -1.513252e+003  4.936049e+003  3.467077e+003  2.480347e+003  1.271759e+003  0.000000e+000  
-6.183772e+002  -2.156390e+003  4.208338e+003  3.070091e+003  2.264844e+003  1.200562e+003  0.000000e+000  
3.396301e+000  2.460096e+002  2.358387e+003  2.220181e+003  1.815277e+003  1.046094e+003  0.000000e+000  
8.340111e+001  2.828811e+002  1.584976e+003  1.599299e+003  1.394080e+003  8.696338e+002  0.000000e+000  
7.537694e+001  2.229174e+002  1.130670e+003  1.171711e+003  1.062119e+003  7.066512e+002  0.000000e+000  
4.676461e+001  1.352345e+002  6.754438e+002  7.131942e+002  6.674733e+002  4.750581e+002  0.000000e+000  
3.444927e+001  9.953472e+001  4.972875e+002  5.289948e+002  5.011959e+002  3.667432e+002  0.000000e+000  

-6.452366e+002  -6.413839e+002  -6.301893e+002  -5.577782e+002  -4.837314e+002  -4.172826e+002  -3.192105e+002  
-1.657378e+003  -1.646153e+003  -1.611950e+003  -1.375676e+003  -1.139679e+003  -9.373548e+002  -6.676388e+002  
-2.340499e+003  -2.333056e+003  -2.287139e+003  -1.829154e+003  -1.400435e+003  -1.068170e+003  -6.965824e+002  
-2.771947e+003  -2.822353e+003  -2.839517e+003  -2.066514e+003  -1.447431e+003  -1.027506e+003  -6.261489e+002  
-2.904717e+003  -3.312775e+003  -3.875368e+003  -2.101828e+003  -1.258590e+003  -8.118550e+002  -4.611956e+002  
-1.286085e+003  -1.218385e+003  0.000000e+000  -1.157662e+003  -6.858219e+002  -4.293713e+002  -2.358072e+002  
0.000000e+000  0.000000e+000  0.000000e+000  0.000000e+000  0.000000e+000  0.000000e+000  0.000000e+000  
1.286085e+003  1.218385e+003  0.000000e+000  1.157662e+003  6.858219e+002  4.293713e+002  2.358072e+002  
2.904717e+003  3.312775e+003  3.875368e+003  2.101828e+003  1.258590e+003  8.118550e+002  4.611956e+002  
2.771947e+003  2.822353e+003  2.839517e+003  2.066514e+003  1.447431e+003  1.027506e+003  6.261489e+002  
2.340499e+003  2.333056e+003  2.287139e+003  1.829154e+003  1.400435e+003  1.068170e+003  6.965824e+002  
1.657378e+003  1.646153e+003  1.611950e+003  1.375676e+003  1.139679e+003  9.373548e+002  6.676388e+002  
6.452366e+002  6.413839e+002  6.301893e+002  5.577782e+002  4.837314e+002  4.172826e+002  3.192105e+002  
0.000000e+000  0.000000e+000  0.000000e+000  0.000000e+000  0.000000e+000  0.000000e+000  0.000000e+000  

-2.550419e+003  -2.551516e+003  -2.554516e+003  -2.611808e+003  -2.677471e+003  -2.742322e+003  -2.855524e+003  
-2.284273e+003  -2.287167e+003  -2.295371e+003  -2.381004e+003  -2.476307e+003  -2.568109e+003  -2.721680e+003  
-1.751530e+003  -1.758654e+003  -1.779657e+003  -1.937978e+003  -2.107662e+003  -2.263997e+003  -2.504533e+003  
-1.364272e+003  -1.373152e+003  -1.403502e+003  -1.635284e+003  -1.875382e+003  -2.086713e+003  -2.388976e+003  
-9.010687e+002  -9.017983e+002  -9.308504e+002  -1.289876e+003  -1.633666e+003  -1.915453e+003  -2.284903e+003  
-4.106104e+002  -3.414221e+002  0.000000e+000  -9.332797e+002  -1.421871e+003  -1.779598e+003  -2.208121e+003  
-2.292012e+002  -1.694127e+002  0.000000e+000  -7.716884e+002  -1.325849e+003  -1.719614e+003  -2.175341e+003  
-2.292012e+002  -1.694127e+002  0.000000e+000  -7.716884e+002  -1.325849e+003  -1.719614e+003  -2.175341e+003  
-4.106104e+002  -3.414221e+002  0.000000e+000  -9.332797e+002  -1.421871e+003  -1.779598e+003  -2.208121e+003  
-9.010687e+002  -9.017983e+002  -9.308504e+002  -1.289876e+003  -1.633666e+003  -1.915453e+003  -2.284903e+003  
-1.364272e+003  -1.373152e+003  -1.403502e+003  -1.635284e+003  -1.875382e+003  -2.086713e+003  -2.388976e+003  
-1.751530e+003  -1.758654e+003  -1.779657e+003  -1.937978e+003  -2.107662e+003  -2.263997e+003  -2.504533e+003  
-2.284273e+003  -2.287167e+003  -2.295371e+003  -2.381004e+003  -2.476307e+003  -2.568109e+003  -2.721680e+003  
-2.550419e+003  -2.551516e+003  -2.554516e+003  -2.611808e+003  -2.677471e+003  -2.742322e+003  -2.855524e+003  

0.000000e+000  0.000000e+000  0.000000e+000  0.000000e+000  0.000000e+000  0.000000e+000  0.000000e+000  
0.000000e+000  0.000000e+000  0.000000e+000  0.000000e+000  0.000000e+000  0.000000e+000  0.000000e+000  
0.000000e+000  0.000000e+000  0.000000e+000  0.000000e+000  0.000000e+000  0.000000e+000  0.000000e+000  
0.000000e+000  0.000000e+000  0.000000e+000  0.000000e+000  0.000000e+000  0.000000e+000  0.000000e+000  
0.000000e+000  0.000000e+000  0.000000e+000  0.000000e+000  0.000000e+000  0.000000e+000  0.000000e+000  
0.000000e+000  0.000000e+000  0.000000e+000  0.000000e+000  0.000000e+000  0.000000e+000  0.000000e+000  
0.000000e+000  0.000000e+000  0.000000e+000  0.000000e+000  0.000000e+000  0.000000e+000  0.000000e+000  
0.000000e+000  0.000000e+000  0.000000e+000  0.000000e+000  0.000000e+000  0.000000e+000  0.000000e+000  
0.000000e+000  0.000000e+000  0.000000e+000  0.000000e+000  0.000000e+000  0.000000e+000  0.000000e+000  
0.000000e+000  0.000000e+000  0.000000e+000  0.000000e+000  0.000000e+000  0.000000e+000  0.000000e+000  
0.000000e+000  0.000000e+000  0.000000e+000  0.000000e+000  0.000000e+000  0.000000e+000  0.000000e+000  
0.000000e+000  0.000000e+000  0.000000e+000  0.000000e+000  0.000000e+000  0.000000e+000  0.000000e+000  
0.000000e+000  0.000000e+000  0.000000e+000  0.000000e+000  0.000000e+000  0.000000e+000  0.000000e+000  
0.000000e+000  0.000000e+000  0.000000e+000  0.000000e+000  0.000000e+000  0.000000e+000  0.000000e+000  

0.000000e+000  0.000000e+000  0.000000e+000  0.000000e+000  0.000000e+000  0.000000e+000  0.000000e+000  
0.000000e+000  0.000000e+000  0.000000e+000  0.000000e+000  0.000000e+000  0.000000e+000  0.000000e+000  
0.000000e+000  0.000000e+000  0.000000e+000  0.000000e+000  0.000000e+000  0.000000e+000  0.000000e+000  
0.000000e+000  0.000000e+000  0.000000e+000  0.000000e+000  0.000000e+000  0.000000e+000  0.000000e+000  
0.000000e+000  0.000000e+000  0.000000e+000  0.000000e+000  0.000000e+000  0.000000e+000  0.000000e+000  
0.000000e+000  0.000000e+000  0.000000e+000  0.000000e+000  0.000000e+000  0.000000e+000  0.000000e+000  
0.000000e+000  0.000000e+000  0.000000e+000  0.000000e+000  0.000000e+000  0.000000e+000  0.000000e+000  
0.000000e+000  0.000000e+000  0.000000e+000  0.000000e+000  0.000000e+000  0.000000e+000  0.000000e+000  
0.000000e+000  0.000000e+000  0.000000e+000  0.000000e+000  0.000000e+000  0.000000e+000  0.000000e+000  
0.000000e+000  0.000000e+000  0.000000e+000  0.000000e+000  0.000000e+000  0.000000e+000  0.000000e+000  
0.000000e+000  0.000000e+000  0.000000e+000  0.000000e+000  0.000000e+000  0.000000e+000  0.000000e+000  
0.000000e+000  0.000000e+000  0.000000e+000  0.000000e+000  0.000000e+000  0.000000e+000  0.000000e+000  
0.000000e+000  0.000000e+000  0.000000e+000  0.000000e+000  0.000000e+000  0.000000e+000  0.000000e+000  
0.000000e+000  0.000000e+000  0.000000e+000  0.000000e+000  0.000000e+000  0.000000e+000  0.000000e+000  

0.000000e+000  0.000000e+000  0.000000e+000  0.000000e+000  0.000000e+000  0.000000e+000  0.000000e+000  
0.000000e+000  0.000000e+000  0.000000e+000  0.000000e+000  0.000000e+000  0.000000e+000  0.000000e+000  
0.000000e+000  0.000000e+000  0.000000e+000  0.000000e+000  0.000000e+000  0.000000e+000  0.000000e+000  
0.000000e+000  0.000000e+000  0.000000e+000  0.000000e+000  0.000000e+000  0.000000e+000  0.000000e+000  
0.000000e+000  0.000000e+000  0.000000e+000  0.000000e+000  0.000000e+000  0.000000e+000  0.000000e+000  
0.000000e+000  0.000000e+000  0.000000e+000  0.000000e+000  0.000000e+000  0.000000e+000  0.000000e+000  
0.000000e+000  0.000000e+000  0.000000e+000  0.000000e+000  0.000000e+000  0.000000e+000  0.000000e+000  
0.000000e+000  0.000000e+000  0.000000e+000  0.000000e+000  0.000000e+000  0.000000e+000  0.000000e+000  
0.000000e+000  0.000000e+000  0.000000e+000  0.000000e+000  0.000000e+000  0.000000e+000  0.000000e+000  
0.000000e+000  0.000000e+000  0.000000e+000  0.000000e+000  0.000000e+000  0.000000e+000  0.000000e+000  
0.000000e+000  0.000000e+000  0.000000e+000  0.000000e+000  0.000000e+000  0.000000e+000  0.000000e+000  
0.000000e+000  0.000000e+000  0.000000e+000  0.000000e+000  0.000000e+000  0.000000e+000  0.000000e+000  
0.000000e+000  0.000000e+000  0.000000e+000  0.000000e+000  0.000000e+000  0.000000e+000  0.000000e+000  
0.000000e+000  0.000000e+000  0.000000e+000  0.000000e+000  0.000000e+000  0.000000e+000  0.000000e+000  

