Port monitor named: Port1_e1.prt

nx        = 108
ny        = 83
nz        = 21

nu        = 9
nv        = 98
iu        = 8
iv        = 6

idir      = 1
dcut      = -1.048000e-001
icut      = 6
type      = 0
frequency = 1.800000e+009

fcutoff   = 0.000000e+000
alpha     = 0.000000e+000
beta      = 6.981413e+001
accuracy  = 1.122776e-010

type          = QTEM
wave imp.     = 2.044742e+002
wave imp.sig. = 1.521220e-008
line imp.     = 4.906735e+001

ref. port     = 0

-5.502023e-009  -1.028074e-008  -1.383792e-008  -1.506927e-008  -1.250516e-008  -5.879777e-009  -0.000000e+000  4.716111e-009  -0.000000e+000  
-2.868652e-009  -6.931741e-009  -1.123200e-008  -1.196390e-008  -1.458064e-008  -1.380598e-008  -1.189679e-008  -7.410515e-009  -0.000000e+000  
-2.712023e-009  -5.200114e-009  -9.579179e-009  -1.139832e-008  -1.304283e-008  -1.370095e-008  -1.273627e-008  -8.253831e-009  -0.000000e+000  
-0.000000e+000  -3.220974e-009  -7.020642e-009  -9.366941e-009  -1.356728e-008  -1.414864e-008  -1.207889e-008  -8.204439e-009  -0.000000e+000  
3.364100e-009  9.237812e-009  -9.284123e-009  -9.329859e-009  -1.883707e-008  -1.394584e-008  -1.234429e-008  -8.181194e-009  -0.000000e+000  
-0.000000e+000  4.130805e-009  -6.416595e-009  -4.722350e-009  -1.594367e-008  -1.371563e-008  -1.235845e-008  -9.023283e-009  -0.000000e+000  
-0.000000e+000  -0.000000e+000  -3.373572e-009  -4.472856e-009  -1.651677e-008  -1.528694e-008  -1.383052e-008  -1.066270e-008  -0.000000e+000  
-0.000000e+000  -0.000000e+000  -4.081800e-009  -2.750910e-009  -1.799670e-008  -1.716669e-008  -1.664079e-008  -1.348683e-008  -0.000000e+000  
-0.000000e+000  -0.000000e+000  -0.000000e+000  -0.000000e+000  -1.074836e-008  -1.689465e-008  -1.988600e-008  -1.862253e-008  -0.000000e+000  
-0.000000e+000  -3.453672e-009  -1.286337e-008  -1.205816e-008  -5.975367e-008  -5.676633e-008  -4.846467e-008  -2.910729e-008  -0.000000e+000  
-0.000000e+000  -0.000000e+000  -2.741044e-008  -2.713314e-008  -1.132535e-007  -1.043065e-007  -8.825529e-008  -5.641072e-008  -0.000000e+000  
-0.000000e+000  -0.000000e+000  -4.130475e-008  -4.229261e-008  -1.864026e-007  -1.792166e-007  -1.593133e-007  -1.088600e-007  -0.000000e+000  
-0.000000e+000  -0.000000e+000  -1.029131e-007  -1.014126e-007  -4.370708e-007  -4.085669e-007  -3.554261e-007  -2.371451e-007  -0.000000e+000  
-0.000000e+000  -0.000000e+000  -2.214902e-007  -2.154345e-007  -9.205832e-007  -8.529551e-007  -7.376979e-007  -4.887008e-007  -0.000000e+000  
-0.000000e+000  -0.000000e+000  -4.527746e-007  -4.407477e-007  -1.878939e-006  -1.738188e-006  -1.500794e-006  -9.901869e-007  -0.000000e+000  
-0.000000e+000  -0.000000e+000  -9.678223e-007  -9.418694e-007  -4.013260e-006  -3.710207e-006  -3.201264e-006  -2.108675e-006  -0.000000e+000  
-0.000000e+000  2.804823e-009  -2.083929e-006  -2.027924e-006  -8.641831e-006  -7.987424e-006  -6.890406e-006  -4.534046e-006  -0.000000e+000  
-0.000000e+000  -0.000000e+000  -4.480168e-006  -4.361716e-006  -1.859610e-005  -1.719543e-005  -1.483705e-005  -9.762652e-006  -0.000000e+000  
-0.000000e+000  -2.731395e-009  -9.671098e-006  -9.414362e-006  -4.014607e-005  -3.712853e-005  -3.204285e-005  -2.109375e-005  -0.000000e+000  
-0.000000e+000  2.077650e-009  -2.087165e-005  -2.031872e-005  -8.664578e-005  -8.013514e-005  -6.915673e-005  -4.552466e-005  -0.000000e+000  
-0.000000e+000  2.776125e-009  -4.506258e-005  -4.386540e-005  -1.870523e-004  -1.729865e-004  -1.492803e-004  -9.826213e-005  -0.000000e+000  
-0.000000e+000  2.892210e-009  -9.723925e-005  -9.466050e-005  -4.036439e-004  -3.732968e-004  -3.221465e-004  -2.120562e-004  -0.000000e+000  
-0.000000e+000  -0.000000e+000  -2.002967e-004  -1.949821e-004  -8.314326e-004  -7.689226e-004  -6.635607e-004  -4.367961e-004  -0.000000e+000  
-0.000000e+000  -0.000000e+000  -2.672072e-004  -2.601177e-004  -1.109179e-003  -1.025783e-003  -8.852236e-004  -5.827079e-004  -0.000000e+000  
-0.000000e+000  -0.000000e+000  -3.546163e-004  -3.452073e-004  -1.472009e-003  -1.361331e-003  -1.174792e-003  -7.733193e-004  -0.000000e+000  
-0.000000e+000  -0.000000e+000  -4.692295e-004  -4.567754e-004  -1.947756e-003  -1.801307e-003  -1.554478e-003  -1.023251e-003  -0.000000e+000  
-0.000000e+000  -0.000000e+000  -6.179558e-004  -6.015578e-004  -2.565118e-003  -2.372252e-003  -2.047186e-003  -1.347581e-003  -0.000000e+000  
-0.000000e+000  -0.000000e+000  -8.130367e-004  -7.914608e-004  -3.374892e-003  -3.121138e-003  -2.693453e-003  -1.772992e-003  -0.000000e+000  
-0.000000e+000  -0.000000e+000  -1.069104e-003  -1.040731e-003  -4.437815e-003  -4.104141e-003  -3.541755e-003  -2.331395e-003  -0.000000e+000  
-0.000000e+000  -0.000000e+000  -2.067940e-003  -2.013058e-003  -8.583939e-003  -7.938516e-003  -6.850707e-003  -4.509542e-003  -0.000000e+000  
-0.000000e+000  -0.000000e+000  -4.297465e-003  -4.183412e-003  -1.783859e-002  -1.649730e-002  -1.423667e-002  -9.371400e-003  -0.000000e+000  
-0.000000e+000  -2.788502e-009  -8.990174e-003  -8.751580e-003  -3.731782e-002  -3.451188e-002  -2.978269e-002  -1.960465e-002  -0.000000e+000  
-0.000000e+000  -0.000000e+000  -1.883586e-002  -1.833596e-002  -7.818678e-002  -7.230778e-002  -6.239926e-002  -4.107453e-002  -0.000000e+000  
-2.082894e-009  -4.039271e-009  -3.947813e-002  -3.843033e-002  -1.638713e-001  -1.515489e-001  -1.307810e-001  -8.608580e-002  -0.000000e+000  
-1.996001e-009  -2.752627e-009  -8.275039e-002  -8.055371e-002  -3.434881e-001  -3.176560e-001  -2.741206e-001  -1.804311e-001  -0.000000e+000  
-0.000000e+000  -0.000000e+000  -1.734657e-001  -1.688588e-001  -7.200170e-001  -6.658484e-001  -5.745658e-001  -3.781486e-001  -0.000000e+000  
-0.000000e+000  2.614760e-009  -3.636808e-001  -3.540098e-001  -1.509437e+000  -1.395765e+000  -1.204263e+000  -7.923458e-001  -0.000000e+000  
-0.000000e+000  -0.000000e+000  -7.627794e-001  -7.424226e-001  -3.165161e+000  -2.926141e+000  -2.523787e+000  -1.659171e+000  -0.000000e+000  
-0.000000e+000  2.041997e-009  -1.601620e+000  -1.558433e+000  -6.641642e+000  -6.136222e+000  -5.287369e+000  -3.468238e+000  -0.000000e+000  
-0.000000e+000  2.190014e-009  -3.373697e+000  -3.279901e+000  -1.396294e+001  -1.287733e+001  -1.106638e+001  -7.215108e+000  -0.000000e+000  
-0.000000e+000  -0.000000e+000  -7.174815e+000  -6.955580e+000  -2.950758e+001  -2.707185e+001  -2.309298e+001  -1.481280e+001  -0.000000e+000  
-0.000000e+000  2.495399e-009  -1.573299e+001  -1.509434e+001  -6.323953e+001  -5.710747e+001  -4.771490e+001  -2.930859e+001  -0.000000e+000  
-0.000000e+000  -0.000000e+000  -3.825423e+001  -3.523478e+001  -1.404913e+002  -1.206094e+002  -9.500775e+001  -5.199300e+001  -0.000000e+000  
-0.000000e+000  -0.000000e+000  -1.167678e+002  -9.464688e+001  -3.141633e+002  -2.303051e+002  -1.535578e+002  -6.095752e+001  -0.000000e+000  
-0.000000e+000  -0.000000e+000  -2.612428e+002  -1.844101e+002  -4.511380e+002  -2.611508e+002  -1.383134e+002  -3.471625e+001  -0.000000e+000  
-0.000000e+000  -0.000000e+000  -6.299005e+002  -4.066773e+002  -5.927199e+002  -2.110879e+002  -5.285685e+001  1.914374e+001  -0.000000e+000  
-0.000000e+000  -0.000000e+000  -1.650224e+003  -1.158254e+003  -4.401697e+002  1.124017e+002  1.712955e+002  1.033788e+002  -0.000000e+000  
-0.000000e+000  -0.000000e+000  -3.303336e+003  -3.838732e+003  1.633588e+003  7.331448e+002  4.147275e+002  1.666465e+002  -0.000000e+000  
-0.000000e+000  -0.000000e+000  -4.132178e+003  -4.613552e+003  1.739419e+003  9.761745e+002  5.565445e+002  2.073604e+002  -0.000000e+000  
-0.000000e+000  -0.000000e+000  -4.132178e+003  -4.613552e+003  1.739419e+003  9.761745e+002  5.565445e+002  2.073604e+002  -0.000000e+000  
-0.000000e+000  -0.000000e+000  -3.303336e+003  -3.838732e+003  1.633588e+003  7.331448e+002  4.147275e+002  1.666465e+002  -0.000000e+000  
-0.000000e+000  -0.000000e+000  -1.650224e+003  -1.158254e+003  -4.401697e+002  1.124017e+002  1.712955e+002  1.033788e+002  -0.000000e+000  
-0.000000e+000  -0.000000e+000  -6.299005e+002  -4.066773e+002  -5.927199e+002  -2.110879e+002  -5.285685e+001  1.914374e+001  -0.000000e+000  
-0.000000e+000  -0.000000e+000  -2.612428e+002  -1.844101e+002  -4.511380e+002  -2.611508e+002  -1.383134e+002  -3.471625e+001  -0.000000e+000  
-0.000000e+000  -0.000000e+000  -1.167678e+002  -9.464688e+001  -3.141633e+002  -2.303051e+002  -1.535578e+002  -6.095752e+001  -0.000000e+000  
-0.000000e+000  -0.000000e+000  -3.825423e+001  -3.523478e+001  -1.404913e+002  -1.206094e+002  -9.500775e+001  -5.199300e+001  -0.000000e+000  
-0.000000e+000  -0.000000e+000  -1.573299e+001  -1.509434e+001  -6.323953e+001  -5.710747e+001  -4.771490e+001  -2.930859e+001  -0.000000e+000  
-0.000000e+000  -0.000000e+000  -7.174815e+000  -6.955580e+000  -2.950758e+001  -2.707185e+001  -2.309298e+001  -1.481280e+001  -0.000000e+000  
-0.000000e+000  -0.000000e+000  -3.373697e+000  -3.279901e+000  -1.396294e+001  -1.287733e+001  -1.106638e+001  -7.215108e+000  -0.000000e+000  
-0.000000e+000  -0.000000e+000  -1.601620e+000  -1.558433e+000  -6.641642e+000  -6.136222e+000  -5.287369e+000  -3.468238e+000  -0.000000e+000  
-0.000000e+000  3.049005e-009  -7.627794e-001  -7.424226e-001  -3.165161e+000  -2.926141e+000  -2.523787e+000  -1.659171e+000  -0.000000e+000  
-0.000000e+000  3.439593e-009  -3.636808e-001  -3.540098e-001  -1.509437e+000  -1.395764e+000  -1.204263e+000  -7.923457e-001  -0.000000e+000  
-0.000000e+000  -0.000000e+000  -1.734656e-001  -1.688587e-001  -7.200168e-001  -6.658483e-001  -5.745658e-001  -3.781485e-001  -0.000000e+000  
-0.000000e+000  -0.000000e+000  -8.275037e-002  -8.055370e-002  -3.434880e-001  -3.176560e-001  -2.741205e-001  -1.804310e-001  -0.000000e+000  
-0.000000e+000  -0.000000e+000  -3.947812e-002  -3.843032e-002  -1.638712e-001  -1.515489e-001  -1.307809e-001  -8.608578e-002  -0.000000e+000  
-0.000000e+000  -0.000000e+000  -1.883586e-002  -1.833596e-002  -7.818676e-002  -7.230777e-002  -6.239925e-002  -4.107452e-002  -0.000000e+000  
-0.000000e+000  -0.000000e+000  -8.990166e-003  -8.751574e-003  -3.731781e-002  -3.451187e-002  -2.978269e-002  -1.960467e-002  -0.000000e+000  
-0.000000e+000  -0.000000e+000  -4.297463e-003  -4.183413e-003  -1.783860e-002  -1.649732e-002  -1.423669e-002  -9.371415e-003  -0.000000e+000  
-0.000000e+000  -2.080099e-009  -2.067942e-003  -2.013061e-003  -8.583956e-003  -7.938534e-003  -6.850722e-003  -4.509549e-003  -0.000000e+000  
-0.000000e+000  -0.000000e+000  -1.069106e-003  -1.040735e-003  -4.437827e-003  -4.104152e-003  -3.541765e-003  -2.331401e-003  -0.000000e+000  
-0.000000e+000  -0.000000e+000  -8.130399e-004  -7.914642e-004  -3.374905e-003  -3.121150e-003  -2.693464e-003  -1.772999e-003  -0.000000e+000  
-0.000000e+000  -0.000000e+000  -6.179613e-004  -6.015609e-004  -2.565136e-003  -2.372267e-003  -2.047198e-003  -1.347588e-003  -0.000000e+000  
-0.000000e+000  -0.000000e+000  -4.692347e-004  -4.567825e-004  -1.947779e-003  -1.801327e-003  -1.554493e-003  -1.023259e-003  -0.000000e+000  
-0.000000e+000  -0.000000e+000  -3.546257e-004  -3.452155e-004  -1.472041e-003  -1.361358e-003  -1.174811e-003  -7.733286e-004  -0.000000e+000  
-0.000000e+000  -0.000000e+000  -2.672208e-004  -2.601285e-004  -1.109219e-003  -1.025816e-003  -8.852480e-004  -5.827203e-004  -0.000000e+000  
-0.000000e+000  -0.000000e+000  -2.003118e-004  -1.949963e-004  -8.314840e-004  -7.689635e-004  -6.635923e-004  -4.368133e-004  -0.000000e+000  
-0.000000e+000  -0.000000e+000  -9.726139e-005  -9.467995e-005  -4.037243e-004  -3.733665e-004  -3.222037e-004  -2.120923e-004  -0.000000e+000  
-0.000000e+000  -0.000000e+000  -4.506507e-005  -4.387091e-005  -1.870771e-004  -1.730186e-004  -1.493162e-004  -9.829487e-005  -0.000000e+000  
-0.000000e+000  -0.000000e+000  -2.088975e-005  -2.033591e-005  -8.671724e-005  -8.019805e-005  -6.920876e-005  -4.555518e-005  -0.000000e+000  
-0.000000e+000  -0.000000e+000  -9.686571e-006  -9.429338e-006  -4.020338e-005  -3.717829e-005  -3.207997e-005  -2.111253e-005  -0.000000e+000  
-0.000000e+000  -2.033045e-009  -4.481725e-006  -4.362001e-006  -1.860465e-005  -1.720630e-005  -1.485081e-005  -9.778523e-006  -0.000000e+000  
-0.000000e+000  2.972845e-009  -2.073406e-006  -2.019183e-006  -8.608524e-006  -7.962860e-006  -6.872470e-006  -4.525522e-006  -0.000000e+000  
-0.000000e+000  2.140646e-009  -9.569596e-007  -9.329091e-007  -3.970824e-006  -3.673357e-006  -3.170662e-006  -2.090276e-006  -0.000000e+000  
-0.000000e+000  -0.000000e+000  -4.441298e-007  -4.324037e-007  -1.839083e-006  -1.699005e-006  -1.465522e-006  -9.660771e-007  -0.000000e+000  
-0.000000e+000  -0.000000e+000  -2.066674e-007  -2.016722e-007  -8.576885e-007  -7.948780e-007  -6.875085e-007  -4.557295e-007  -0.000000e+000  
-0.000000e+000  3.556557e-009  -1.076844e-007  -1.052834e-007  -4.408559e-007  -4.032189e-007  -3.445066e-007  -2.217377e-007  -0.000000e+000  
-0.000000e+000  -0.000000e+000  -5.632703e-008  -5.554826e-008  -2.298030e-007  -2.102141e-007  -1.789372e-007  -1.153582e-007  -0.000000e+000  
-0.000000e+000  -0.000000e+000  -3.015198e-008  -2.992738e-008  -1.324114e-007  -1.265728e-007  -1.109031e-007  -7.329045e-008  -0.000000e+000  
-0.000000e+000  -0.000000e+000  -1.586812e-008  -1.685050e-008  -7.093056e-008  -6.806179e-008  -5.983646e-008  -3.895370e-008  -0.000000e+000  
-0.000000e+000  -3.159462e-009  -1.493520e-008  -1.512748e-008  -5.954584e-008  -5.329138e-008  -4.537109e-008  -2.946496e-008  -0.000000e+000  
-0.000000e+000  -0.000000e+000  -9.693887e-009  -1.035715e-008  -3.836777e-008  -3.385227e-008  -2.717301e-008  -1.459976e-008  -0.000000e+000  
-0.000000e+000  -0.000000e+000  -1.003573e-008  -8.188365e-009  -3.360072e-008  -2.911287e-008  -2.189627e-008  -1.084387e-008  -0.000000e+000  
2.609328e-009  5.921086e-009  -1.186701e-008  -8.247335e-009  -3.118121e-008  -2.533035e-008  -1.855679e-008  -8.443181e-009  -0.000000e+000  
4.818627e-009  1.358508e-008  -1.415947e-008  -1.313244e-008  -3.041922e-008  -2.145935e-008  -1.467897e-008  -6.481769e-009  -0.000000e+000  
-2.037260e-009  -2.928613e-009  -7.773337e-009  -1.227091e-008  -1.692916e-008  -1.504576e-008  -1.136353e-008  -5.699001e-009  -0.000000e+000  
-2.482522e-009  -6.527841e-009  -8.219981e-009  -1.044796e-008  -1.286166e-008  -1.116799e-008  -9.382142e-009  -5.150771e-009  -0.000000e+000  
-2.076387e-009  -6.331423e-009  -9.557995e-009  -1.035347e-008  -1.077217e-008  -9.670901e-009  -7.005184e-009  -4.740871e-009  -0.000000e+000  
-2.773121e-009  -6.775691e-009  -9.716766e-009  -1.171458e-008  -1.332795e-008  -1.150684e-008  -8.225468e-009  -6.755634e-010  -0.000000e+000  

3.866737e-009  3.497045e-009  2.986847e-009  1.729985e-009  3.808169e-010  -2.233951e-009  -5.340858e-009  -7.862704e-009  -1.159919e-008  
1.193521e-008  1.233146e-008  1.200625e-008  1.048435e-008  9.625863e-009  5.624774e-009  -0.000000e+000  -5.151230e-009  -1.566721e-008  
1.452323e-008  1.534266e-008  1.452235e-008  1.533768e-008  1.286799e-008  8.054851e-009  2.310130e-009  -3.553652e-009  -1.554018e-008  
1.566055e-008  1.742506e-008  1.728836e-008  1.945487e-008  1.801683e-008  9.345230e-009  2.922908e-009  -2.622176e-009  -1.383700e-008  
6.932756e-009  5.728972e-009  -0.000000e+000  3.186455e-009  4.370477e-009  3.514907e-009  1.286623e-009  -3.542760e-009  -1.393697e-008  
3.603755e-009  1.799528e-009  -0.000000e+000  1.298265e-009  1.861509e-009  -0.000000e+000  -2.110933e-009  -5.149920e-009  -1.329005e-008  
1.545753e-009  1.259774e-009  -0.000000e+000  -0.000000e+000  -0.000000e+000  -0.000000e+000  -2.776363e-009  -4.978955e-009  -1.007320e-008  
-0.000000e+000  -0.000000e+000  -0.000000e+000  -8.046687e-010  -1.487213e-009  -0.000000e+000  1.101842e-009  2.027514e-009  4.044182e-009  
4.103695e-010  -0.000000e+000  -0.000000e+000  1.199645e-008  2.355705e-008  2.792675e-008  3.111492e-008  3.401391e-008  4.034855e-008  
-0.000000e+000  -0.000000e+000  -0.000000e+000  1.816895e-008  3.593841e-008  4.891214e-008  6.023731e-008  6.965085e-008  8.266935e-008  
4.143095e-010  -0.000000e+000  -0.000000e+000  3.012868e-008  5.907966e-008  8.468257e-008  1.060520e-007  1.232751e-007  1.480631e-007  
-0.000000e+000  -0.000000e+000  -0.000000e+000  6.176606e-008  1.224098e-007  1.501414e-007  1.730947e-007  1.917344e-007  2.163140e-007  
-0.000000e+000  -0.000000e+000  -0.000000e+000  1.084994e-007  2.150235e-007  2.533665e-007  2.844352e-007  3.089433e-007  3.409275e-007  
-0.000000e+000  -0.000000e+000  -0.000000e+000  1.991287e-007  3.936311e-007  4.455890e-007  4.836832e-007  5.101433e-007  5.376217e-007  
4.339872e-010  -0.000000e+000  -0.000000e+000  3.921514e-007  7.766807e-007  8.207547e-007  8.428542e-007  8.493965e-007  8.341192e-007  
-0.000000e+000  -0.000000e+000  -0.000000e+000  7.607553e-007  1.507664e-006  1.475339e-006  1.407856e-006  1.326062e-006  1.163493e-006  
-0.000000e+000  -0.000000e+000  -0.000000e+000  1.464005e-006  2.900547e-006  2.582528e-006  2.211939e-006  1.844231e-006  1.224314e-006  
-0.000000e+000  -0.000000e+000  -0.000000e+000  2.814540e-006  5.576549e-006  4.378205e-006  3.117157e-006  1.932156e-006  3.955512e-008  
-0.000000e+000  -0.000000e+000  -0.000000e+000  5.371147e-006  1.064343e-005  7.048193e-006  3.419533e-006  9.592255e-008  -5.061159e-006  
-4.194150e-010  -0.000000e+000  -0.000000e+000  1.019392e-005  2.020534e-005  1.042737e-005  7.843810e-007  -7.915911e-006  -2.117089e-005  
-0.000000e+000  -0.000000e+000  -0.000000e+000  1.920249e-005  3.807026e-005  1.297747e-005  -1.141811e-005  -3.322169e-005  -6.604936e-005  
-4.414082e-010  -0.000000e+000  -0.000000e+000  3.534641e-005  7.009577e-005  9.270618e-006  -4.930274e-005  -1.013144e-004  -1.789946e-004  
-0.000000e+000  -0.000000e+000  -0.000000e+000  5.426209e-005  1.076359e-004  -6.635899e-006  -1.160660e-004  -2.128660e-004  -3.567439e-004  
-0.000000e+000  -0.000000e+000  -0.000000e+000  6.713238e-005  1.331820e-004  -2.148348e-005  -1.692791e-004  -2.998239e-004  -4.934915e-004  
-0.000000e+000  -0.000000e+000  -0.000000e+000  8.306103e-005  1.648056e-004  -4.512174e-005  -2.453183e-004  -4.218996e-004  -6.833954e-004  
-0.000000e+000  -0.000000e+000  -0.000000e+000  1.025924e-004  2.035916e-004  -8.110016e-005  -3.520892e-004  -5.908033e-004  -9.437226e-004  
-0.000000e+000  -0.000000e+000  -0.000000e+000  1.264004e-004  2.508842e-004  -1.342591e-004  -5.002406e-004  -8.222494e-004  -1.297589e-003  
-0.000000e+000  -0.000000e+000  -0.000000e+000  1.554828e-004  3.086681e-004  -2.118598e-004  -7.057143e-004  -1.139758e-003  -1.779579e-003  
-0.000000e+000  -0.000000e+000  -0.000000e+000  2.176912e-004  4.323128e-004  -4.083542e-004  -1.204260e-003  -1.902737e-003  -2.930388e-003  
-0.000000e+000  -0.000000e+000  -0.000000e+000  3.669249e-004  7.291987e-004  -1.086659e-003  -2.800630e-003  -4.301584e-003  -6.503799e-003  
-0.000000e+000  -0.000000e+000  -0.000000e+000  6.197418e-004  1.232902e-003  -2.808185e-003  -6.612619e-003  -9.938102e-003  -1.480560e-002  
-0.000000e+000  -0.000000e+000  -0.000000e+000  1.007159e-003  2.006672e-003  -6.892706e-003  -1.525289e-002  -2.254941e-002  -3.320790e-002  
-6.017875e-010  -0.000000e+000  -0.000000e+000  1.545058e-003  3.086008e-003  -1.638554e-002  -3.464407e-002  -5.055877e-002  -7.376639e-002  
-0.000000e+000  -0.000000e+000  -0.000000e+000  2.143372e-003  4.301222e-003  -3.808898e-002  -7.777613e-002  -1.123294e-001  -1.626396e-001  
-6.577832e-010  -0.000000e+000  -0.000000e+000  2.374233e-003  4.823697e-003  -8.707988e-002  -1.730039e-001  -2.477349e-001  -3.563856e-001  
-7.924100e-010  -0.000000e+000  -0.000000e+000  8.741772e-004  1.994326e-003  -1.965742e-001  -3.819806e-001  -5.430625e-001  -7.768711e-001  
-0.000000e+000  -0.000000e+000  -0.000000e+000  -6.144830e-003  -1.159416e-002  -4.394896e-001  -8.384512e-001  -1.184594e+000  -1.685775e+000  
-0.000000e+000  -0.000000e+000  -0.000000e+000  -2.859352e-002  -5.532316e-002  -9.760622e-001  -1.832783e+000  -2.574290e+000  -3.642643e+000  
-0.000000e+000  -0.000000e+000  -0.000000e+000  -9.214530e-002  -1.792103e-001  -2.162559e+000  -4.000536e+000  -5.582755e+000  -7.835851e+000  
-0.000000e+000  -0.000000e+000  -0.000000e+000  -2.674406e-001  -5.190842e-001  -4.822231e+000  -8.769769e+000  -1.212140e+001  -1.675297e+001  
-0.000000e+000  -0.000000e+000  -0.000000e+000  -7.905899e-001  -1.513317e+000  -1.106247e+001  -1.957314e+001  -2.653366e+001  -3.541264e+001  
5.176710e-010  -0.000000e+000  -0.000000e+000  -2.815394e+000  -5.169186e+000  -2.760993e+001  -4.591327e+001  -5.936083e+001  -7.291215e+001  
-0.000000e+000  -0.000000e+000  -0.000000e+000  -1.455395e+001  -2.475241e+001  -8.185524e+001  -1.168227e+002  -1.343573e+002  -1.370767e+002  
-0.000000e+000  -0.000000e+000  -0.000000e+000  -7.857396e+001  -1.252545e+002  -2.407218e+002  -2.622056e+002  -2.437594e+002  -1.867490e+002  
-0.000000e+000  -0.000000e+000  -0.000000e+000  -2.081318e+002  -3.306544e+002  -4.482558e+002  -3.957200e+002  -3.134633e+002  -2.018523e+002  
-0.000000e+000  -0.000000e+000  -0.000000e+000  -5.877014e+002  -1.017718e+003  -8.679622e+002  -5.683504e+002  -3.611008e+002  -1.901454e+002  
-0.000000e+000  -0.000000e+000  -0.000000e+000  -1.314164e+003  -3.337750e+003  -1.395503e+003  -6.226021e+002  -3.181203e+002  -1.438145e+002  
-0.000000e+000  -0.000000e+000  -0.000000e+000  -6.292797e+002  -0.000000e+000  -6.477526e+002  -3.570429e+002  -1.873687e+002  -8.033347e+001  
-0.000000e+000  -0.000000e+000  -0.000000e+000  -0.000000e+000  -0.000000e+000  -7.431505e-009  -1.260315e-008  -1.787595e-008  -3.248448e-008  
-0.000000e+000  -0.000000e+000  -0.000000e+000  6.292797e+002  -0.000000e+000  6.477526e+002  3.570429e+002  1.873687e+002  8.033347e+001  
-0.000000e+000  -0.000000e+000  -0.000000e+000  1.314164e+003  3.337750e+003  1.395503e+003  6.226021e+002  3.181203e+002  1.438145e+002  
-0.000000e+000  -0.000000e+000  -0.000000e+000  5.877014e+002  1.017718e+003  8.679622e+002  5.683504e+002  3.611008e+002  1.901454e+002  
-0.000000e+000  -0.000000e+000  -0.000000e+000  2.081318e+002  3.306544e+002  4.482558e+002  3.957200e+002  3.134633e+002  2.018523e+002  
-0.000000e+000  -0.000000e+000  -0.000000e+000  7.857396e+001  1.252545e+002  2.407218e+002  2.622056e+002  2.437594e+002  1.867490e+002  
-8.412712e-010  -5.038947e-010  -0.000000e+000  1.455395e+001  2.475241e+001  8.185524e+001  1.168227e+002  1.343573e+002  1.370767e+002  
-0.000000e+000  -0.000000e+000  -0.000000e+000  2.815394e+000  5.169187e+000  2.760993e+001  4.591327e+001  5.936083e+001  7.291215e+001  
-0.000000e+000  -0.000000e+000  -0.000000e+000  7.905899e-001  1.513317e+000  1.106247e+001  1.957314e+001  2.653366e+001  3.541264e+001  
-0.000000e+000  -0.000000e+000  -0.000000e+000  2.674406e-001  5.190842e-001  4.822231e+000  8.769769e+000  1.212140e+001  1.675297e+001  
-0.000000e+000  -0.000000e+000  -0.000000e+000  9.214530e-002  1.792103e-001  2.162559e+000  4.000536e+000  5.582755e+000  7.835851e+000  
-0.000000e+000  -0.000000e+000  -0.000000e+000  2.859351e-002  5.532315e-002  9.760622e-001  1.832783e+000  2.574290e+000  3.642643e+000  
-0.000000e+000  -0.000000e+000  -0.000000e+000  6.144825e-003  1.159415e-002  4.394895e-001  8.384512e-001  1.184594e+000  1.685775e+000  
-0.000000e+000  -0.000000e+000  -0.000000e+000  -8.741826e-004  -1.994336e-003  1.965742e-001  3.819806e-001  5.430625e-001  7.768711e-001  
-6.247982e-010  -0.000000e+000  -0.000000e+000  -2.374227e-003  -4.823684e-003  8.707989e-002  1.730039e-001  2.477349e-001  3.563856e-001  
-0.000000e+000  -0.000000e+000  -0.000000e+000  -2.143369e-003  -4.301216e-003  3.808899e-002  7.777613e-002  1.123293e-001  1.626396e-001  
-0.000000e+000  -0.000000e+000  -0.000000e+000  -1.545058e-003  -3.086008e-003  1.638554e-002  3.464406e-002  5.055876e-002  7.376637e-002  
-0.000000e+000  -0.000000e+000  -0.000000e+000  -1.007160e-003  -2.006674e-003  6.892702e-003  1.525289e-002  2.254940e-002  3.320788e-002  
-0.000000e+000  -0.000000e+000  -0.000000e+000  -6.197419e-004  -1.232901e-003  2.808181e-003  6.612612e-003  9.938093e-003  1.480559e-002  
-0.000000e+000  -0.000000e+000  -0.000000e+000  -3.669249e-004  -7.291980e-004  1.086659e-003  2.800631e-003  4.301586e-003  6.503801e-003  
-5.612304e-010  -0.000000e+000  -0.000000e+000  -2.176894e-004  -4.323097e-004  4.083615e-004  1.204271e-003  1.902752e-003  2.930406e-003  
-0.000000e+000  -0.000000e+000  -0.000000e+000  -1.554792e-004  -3.086619e-004  2.118697e-004  7.057269e-004  1.139771e-003  1.779591e-003  
-0.000000e+000  -0.000000e+000  -0.000000e+000  -1.263952e-004  -2.508749e-004  1.342723e-004  5.002538e-004  8.222629e-004  1.297601e-003  
-0.000000e+000  -0.000000e+000  -0.000000e+000  -1.025857e-004  -2.035784e-004  8.111698e-005  3.521066e-004  5.908202e-004  9.437385e-004  
-0.000000e+000  -0.000000e+000  -0.000000e+000  -8.305268e-005  -1.647893e-004  4.514160e-005  2.453395e-004  4.219215e-004  6.834174e-004  
-0.000000e+000  -0.000000e+000  -0.000000e+000  -6.712349e-005  -1.331646e-004  2.150655e-005  1.693052e-004  2.998505e-004  4.935181e-004  
-0.000000e+000  -0.000000e+000  -0.000000e+000  -5.425304e-005  -1.076168e-004  6.660103e-006  1.160927e-004  2.128947e-004  3.567728e-004  
-0.000000e+000  -4.492368e-010  -0.000000e+000  -3.533772e-005  -7.007822e-005  -9.248499e-006  4.932861e-005  1.013424e-004  1.790250e-004  
-0.000000e+000  -0.000000e+000  -0.000000e+000  -1.920932e-005  -3.808339e-005  -1.298497e-005  1.141630e-005  3.322397e-005  6.605473e-005  
6.238868e-010  -0.000000e+000  -0.000000e+000  -1.019053e-005  -2.019848e-005  -1.042667e-005  -7.879519e-007  7.909091e-006  2.115759e-005  
-0.000000e+000  -0.000000e+000  -0.000000e+000  -5.374650e-006  -1.065084e-005  -7.057582e-006  -3.430497e-006  -1.088086e-007  5.041831e-006  
4.794240e-010  -0.000000e+000  -0.000000e+000  -2.824692e-006  -5.597071e-006  -4.399916e-006  -3.140051e-006  -1.956285e-006  -6.736834e-008  
-0.000000e+000  -0.000000e+000  -0.000000e+000  -1.471443e-006  -2.914942e-006  -2.596631e-006  -2.224716e-006  -1.855302e-006  -1.231524e-006  
5.804619e-010  -0.000000e+000  -0.000000e+000  -7.632277e-007  -1.511563e-006  -1.479873e-006  -1.412084e-006  -1.329038e-006  -1.162641e-006  
-0.000000e+000  -0.000000e+000  -0.000000e+000  -3.918184e-007  -7.758345e-007  -8.199393e-007  -8.410117e-007  -8.470235e-007  -8.330435e-007  
-0.000000e+000  -0.000000e+000  -0.000000e+000  -2.015632e-007  -3.994520e-007  -4.488888e-007  -4.839848e-007  -5.076212e-007  -5.294832e-007  
-0.000000e+000  -0.000000e+000  -0.000000e+000  -1.001056e-007  -1.977431e-007  -2.398282e-007  -2.726506e-007  -2.965606e-007  -3.202121e-007  
-0.000000e+000  -0.000000e+000  -0.000000e+000  -5.447369e-008  -1.074531e-007  -1.338169e-007  -1.550982e-007  -1.715875e-007  -1.894341e-007  
-0.000000e+000  -0.000000e+000  -0.000000e+000  -2.954784e-008  -5.814402e-008  -7.550350e-008  -9.049104e-008  -1.029048e-007  -1.227998e-007  
-4.886992e-010  -0.000000e+000  -0.000000e+000  -1.719567e-008  -3.419847e-008  -4.388494e-008  -5.183800e-008  -5.787282e-008  -6.413822e-008  
-4.417706e-010  -0.000000e+000  -0.000000e+000  -6.610397e-009  -1.330072e-008  -2.055149e-008  -2.613024e-008  -3.002785e-008  -3.187449e-008  
-0.000000e+000  -0.000000e+000  -0.000000e+000  -6.361415e-009  -1.232673e-008  -1.597326e-008  -1.844565e-008  -2.100882e-008  -2.474137e-008  
-1.231696e-009  -0.000000e+000  -0.000000e+000  -5.513045e-009  -9.798093e-009  -1.294796e-008  -1.505272e-008  -1.593595e-008  -1.961670e-008  
-2.176091e-009  -2.478195e-009  -0.000000e+000  -4.861650e-009  -8.817568e-009  -1.154232e-008  -1.196255e-008  -1.246471e-008  -1.416269e-008  
-8.598420e-009  -7.234988e-009  -0.000000e+000  -6.551468e-009  -1.015478e-008  -1.159902e-008  -8.988670e-009  -6.389099e-009  -7.046244e-009  
-1.847613e-008  -2.133028e-008  -2.528126e-008  -2.687948e-008  -2.593684e-008  -1.321629e-008  -6.873502e-009  -2.848757e-009  -0.000000e+000  
-1.502855e-008  -1.634852e-008  -1.679892e-008  -1.659005e-008  -1.581912e-008  -9.446415e-009  -4.378994e-009  -0.000000e+000  3.209225e-009  
-1.078207e-008  -1.131837e-008  -1.130564e-008  -1.059751e-008  -1.031740e-008  -6.445829e-009  -3.340763e-009  -0.000000e+000  2.888559e-009  
-3.839935e-009  -3.733004e-009  -3.755216e-009  -3.866178e-009  -3.671482e-009  -3.057203e-009  -2.262933e-009  -1.575452e-009  -3.010671e-009  
-0.000000e+000  -0.000000e+000  -0.000000e+000  -0.000000e+000  -0.000000e+000  -0.000000e+000  -0.000000e+000  -0.000000e+000  -0.000000e+000  

0.000000e+000  0.000000e+000  0.000000e+000  0.000000e+000  0.000000e+000  0.000000e+000  0.000000e+000  0.000000e+000  0.000000e+000  
0.000000e+000  0.000000e+000  0.000000e+000  0.000000e+000  0.000000e+000  0.000000e+000  0.000000e+000  0.000000e+000  0.000000e+000  
0.000000e+000  0.000000e+000  0.000000e+000  0.000000e+000  0.000000e+000  0.000000e+000  0.000000e+000  0.000000e+000  0.000000e+000  
0.000000e+000  0.000000e+000  0.000000e+000  0.000000e+000  0.000000e+000  0.000000e+000  0.000000e+000  0.000000e+000  0.000000e+000  
0.000000e+000  0.000000e+000  0.000000e+000  0.000000e+000  0.000000e+000  0.000000e+000  0.000000e+000  0.000000e+000  0.000000e+000  
0.000000e+000  0.000000e+000  0.000000e+000  0.000000e+000  0.000000e+000  0.000000e+000  0.000000e+000  0.000000e+000  0.000000e+000  
0.000000e+000  0.000000e+000  0.000000e+000  0.000000e+000  0.000000e+000  0.000000e+000  0.000000e+000  0.000000e+000  0.000000e+000  
0.000000e+000  0.000000e+000  0.000000e+000  0.000000e+000  0.000000e+000  0.000000e+000  0.000000e+000  0.000000e+000  0.000000e+000  
0.000000e+000  0.000000e+000  0.000000e+000  0.000000e+000  0.000000e+000  0.000000e+000  0.000000e+000  0.000000e+000  0.000000e+000  
0.000000e+000  0.000000e+000  0.000000e+000  0.000000e+000  0.000000e+000  0.000000e+000  0.000000e+000  0.000000e+000  0.000000e+000  
0.000000e+000  0.000000e+000  0.000000e+000  0.000000e+000  0.000000e+000  0.000000e+000  0.000000e+000  0.000000e+000  0.000000e+000  
0.000000e+000  0.000000e+000  0.000000e+000  0.000000e+000  0.000000e+000  0.000000e+000  0.000000e+000  0.000000e+000  0.000000e+000  
0.000000e+000  0.000000e+000  0.000000e+000  0.000000e+000  0.000000e+000  0.000000e+000  0.000000e+000  0.000000e+000  0.000000e+000  
0.000000e+000  0.000000e+000  0.000000e+000  0.000000e+000  0.000000e+000  0.000000e+000  0.000000e+000  0.000000e+000  0.000000e+000  
0.000000e+000  0.000000e+000  0.000000e+000  0.000000e+000  0.000000e+000  0.000000e+000  0.000000e+000  0.000000e+000  0.000000e+000  
0.000000e+000  0.000000e+000  0.000000e+000  0.000000e+000  0.000000e+000  0.000000e+000  0.000000e+000  0.000000e+000  0.000000e+000  
0.000000e+000  0.000000e+000  0.000000e+000  0.000000e+000  0.000000e+000  0.000000e+000  0.000000e+000  0.000000e+000  0.000000e+000  
0.000000e+000  0.000000e+000  0.000000e+000  0.000000e+000  0.000000e+000  0.000000e+000  0.000000e+000  0.000000e+000  0.000000e+000  
0.000000e+000  0.000000e+000  0.000000e+000  0.000000e+000  0.000000e+000  0.000000e+000  0.000000e+000  0.000000e+000  0.000000e+000  
0.000000e+000  0.000000e+000  0.000000e+000  0.000000e+000  0.000000e+000  0.000000e+000  0.000000e+000  0.000000e+000  0.000000e+000  
0.000000e+000  0.000000e+000  0.000000e+000  0.000000e+000  0.000000e+000  0.000000e+000  0.000000e+000  0.000000e+000  0.000000e+000  
0.000000e+000  0.000000e+000  0.000000e+000  0.000000e+000  0.000000e+000  0.000000e+000  0.000000e+000  0.000000e+000  0.000000e+000  
0.000000e+000  0.000000e+000  0.000000e+000  0.000000e+000  0.000000e+000  0.000000e+000  0.000000e+000  0.000000e+000  0.000000e+000  
0.000000e+000  0.000000e+000  0.000000e+000  0.000000e+000  0.000000e+000  0.000000e+000  0.000000e+000  0.000000e+000  0.000000e+000  
0.000000e+000  0.000000e+000  0.000000e+000  0.000000e+000  0.000000e+000  0.000000e+000  0.000000e+000  0.000000e+000  0.000000e+000  
0.000000e+000  0.000000e+000  0.000000e+000  0.000000e+000  0.000000e+000  0.000000e+000  0.000000e+000  0.000000e+000  0.000000e+000  
0.000000e+000  0.000000e+000  0.000000e+000  0.000000e+000  0.000000e+000  0.000000e+000  0.000000e+000  0.000000e+000  0.000000e+000  
0.000000e+000  0.000000e+000  0.000000e+000  0.000000e+000  0.000000e+000  0.000000e+000  0.000000e+000  0.000000e+000  0.000000e+000  
0.000000e+000  0.000000e+000  0.000000e+000  0.000000e+000  0.000000e+000  0.000000e+000  0.000000e+000  0.000000e+000  0.000000e+000  
0.000000e+000  0.000000e+000  0.000000e+000  0.000000e+000  0.000000e+000  0.000000e+000  0.000000e+000  0.000000e+000  0.000000e+000  
0.000000e+000  0.000000e+000  0.000000e+000  0.000000e+000  0.000000e+000  0.000000e+000  0.000000e+000  0.000000e+000  0.000000e+000  
0.000000e+000  0.000000e+000  0.000000e+000  0.000000e+000  0.000000e+000  0.000000e+000  0.000000e+000  0.000000e+000  0.000000e+000  
0.000000e+000  0.000000e+000  0.000000e+000  0.000000e+000  0.000000e+000  0.000000e+000  0.000000e+000  0.000000e+000  0.000000e+000  
0.000000e+000  0.000000e+000  0.000000e+000  0.000000e+000  0.000000e+000  0.000000e+000  0.000000e+000  0.000000e+000  0.000000e+000  
0.000000e+000  0.000000e+000  0.000000e+000  0.000000e+000  0.000000e+000  0.000000e+000  0.000000e+000  0.000000e+000  0.000000e+000  
0.000000e+000  0.000000e+000  0.000000e+000  0.000000e+000  0.000000e+000  0.000000e+000  0.000000e+000  0.000000e+000  0.000000e+000  
0.000000e+000  0.000000e+000  0.000000e+000  0.000000e+000  0.000000e+000  0.000000e+000  0.000000e+000  0.000000e+000  0.000000e+000  
0.000000e+000  0.000000e+000  0.000000e+000  0.000000e+000  0.000000e+000  0.000000e+000  0.000000e+000  0.000000e+000  0.000000e+000  
0.000000e+000  0.000000e+000  0.000000e+000  0.000000e+000  0.000000e+000  0.000000e+000  0.000000e+000  0.000000e+000  0.000000e+000  
0.000000e+000  0.000000e+000  0.000000e+000  0.000000e+000  0.000000e+000  0.000000e+000  0.000000e+000  0.000000e+000  0.000000e+000  
0.000000e+000  0.000000e+000  0.000000e+000  0.000000e+000  0.000000e+000  0.000000e+000  0.000000e+000  0.000000e+000  0.000000e+000  
0.000000e+000  0.000000e+000  0.000000e+000  0.000000e+000  0.000000e+000  0.000000e+000  0.000000e+000  0.000000e+000  0.000000e+000  
0.000000e+000  0.000000e+000  0.000000e+000  0.000000e+000  0.000000e+000  0.000000e+000  0.000000e+000  0.000000e+000  0.000000e+000  
0.000000e+000  0.000000e+000  0.000000e+000  0.000000e+000  0.000000e+000  0.000000e+000  0.000000e+000  0.000000e+000  0.000000e+000  
0.000000e+000  0.000000e+000  0.000000e+000  0.000000e+000  0.000000e+000  0.000000e+000  0.000000e+000  0.000000e+000  0.000000e+000  
0.000000e+000  0.000000e+000  0.000000e+000  0.000000e+000  0.000000e+000  0.000000e+000  0.000000e+000  0.000000e+000  0.000000e+000  
0.000000e+000  0.000000e+000  0.000000e+000  0.000000e+000  0.000000e+000  0.000000e+000  0.000000e+000  0.000000e+000  0.000000e+000  
0.000000e+000  0.000000e+000  0.000000e+000  0.000000e+000  0.000000e+000  0.000000e+000  0.000000e+000  0.000000e+000  0.000000e+000  
0.000000e+000  0.000000e+000  0.000000e+000  0.000000e+000  0.000000e+000  0.000000e+000  0.000000e+000  0.000000e+000  0.000000e+000  
0.000000e+000  0.000000e+000  0.000000e+000  0.000000e+000  0.000000e+000  0.000000e+000  0.000000e+000  0.000000e+000  0.000000e+000  
0.000000e+000  0.000000e+000  0.000000e+000  0.000000e+000  0.000000e+000  0.000000e+000  0.000000e+000  0.000000e+000  0.000000e+000  
0.000000e+000  0.000000e+000  0.000000e+000  0.000000e+000  0.000000e+000  0.000000e+000  0.000000e+000  0.000000e+000  0.000000e+000  
0.000000e+000  0.000000e+000  0.000000e+000  0.000000e+000  0.000000e+000  0.000000e+000  0.000000e+000  0.000000e+000  0.000000e+000  
0.000000e+000  0.000000e+000  0.000000e+000  0.000000e+000  0.000000e+000  0.000000e+000  0.000000e+000  0.000000e+000  0.000000e+000  
0.000000e+000  0.000000e+000  0.000000e+000  0.000000e+000  0.000000e+000  0.000000e+000  0.000000e+000  0.000000e+000  0.000000e+000  
0.000000e+000  0.000000e+000  0.000000e+000  0.000000e+000  0.000000e+000  0.000000e+000  0.000000e+000  0.000000e+000  0.000000e+000  
0.000000e+000  0.000000e+000  0.000000e+000  0.000000e+000  0.000000e+000  0.000000e+000  0.000000e+000  0.000000e+000  0.000000e+000  
0.000000e+000  0.000000e+000  0.000000e+000  0.000000e+000  0.000000e+000  0.000000e+000  0.000000e+000  0.000000e+000  0.000000e+000  
0.000000e+000  0.000000e+000  0.000000e+000  0.000000e+000  0.000000e+000  0.000000e+000  0.000000e+000  0.000000e+000  0.000000e+000  
0.000000e+000  0.000000e+000  0.000000e+000  0.000000e+000  0.000000e+000  0.000000e+000  0.000000e+000  0.000000e+000  0.000000e+000  
0.000000e+000  0.000000e+000  0.000000e+000  0.000000e+000  0.000000e+000  0.000000e+000  0.000000e+000  0.000000e+000  0.000000e+000  
0.000000e+000  0.000000e+000  0.000000e+000  0.000000e+000  0.000000e+000  0.000000e+000  0.000000e+000  0.000000e+000  0.000000e+000  
0.000000e+000  0.000000e+000  0.000000e+000  0.000000e+000  0.000000e+000  0.000000e+000  0.000000e+000  0.000000e+000  0.000000e+000  
0.000000e+000  0.000000e+000  0.000000e+000  0.000000e+000  0.000000e+000  0.000000e+000  0.000000e+000  0.000000e+000  0.000000e+000  
0.000000e+000  0.000000e+000  0.000000e+000  0.000000e+000  0.000000e+000  0.000000e+000  0.000000e+000  0.000000e+000  0.000000e+000  
0.000000e+000  0.000000e+000  0.000000e+000  0.000000e+000  0.000000e+000  0.000000e+000  0.000000e+000  0.000000e+000  0.000000e+000  
0.000000e+000  0.000000e+000  0.000000e+000  0.000000e+000  0.000000e+000  0.000000e+000  0.000000e+000  0.000000e+000  0.000000e+000  
0.000000e+000  0.000000e+000  0.000000e+000  0.000000e+000  0.000000e+000  0.000000e+000  0.000000e+000  0.000000e+000  0.000000e+000  
0.000000e+000  0.000000e+000  0.000000e+000  0.000000e+000  0.000000e+000  0.000000e+000  0.000000e+000  0.000000e+000  0.000000e+000  
0.000000e+000  0.000000e+000  0.000000e+000  0.000000e+000  0.000000e+000  0.000000e+000  0.000000e+000  0.000000e+000  0.000000e+000  
0.000000e+000  0.000000e+000  0.000000e+000  0.000000e+000  0.000000e+000  0.000000e+000  0.000000e+000  0.000000e+000  0.000000e+000  
0.000000e+000  0.000000e+000  0.000000e+000  0.000000e+000  0.000000e+000  0.000000e+000  0.000000e+000  0.000000e+000  0.000000e+000  
0.000000e+000  0.000000e+000  0.000000e+000  0.000000e+000  0.000000e+000  0.000000e+000  0.000000e+000  0.000000e+000  0.000000e+000  
0.000000e+000  0.000000e+000  0.000000e+000  0.000000e+000  0.000000e+000  0.000000e+000  0.000000e+000  0.000000e+000  0.000000e+000  
0.000000e+000  0.000000e+000  0.000000e+000  0.000000e+000  0.000000e+000  0.000000e+000  0.000000e+000  0.000000e+000  0.000000e+000  
0.000000e+000  0.000000e+000  0.000000e+000  0.000000e+000  0.000000e+000  0.000000e+000  0.000000e+000  0.000000e+000  0.000000e+000  
0.000000e+000  0.000000e+000  0.000000e+000  0.000000e+000  0.000000e+000  0.000000e+000  0.000000e+000  0.000000e+000  0.000000e+000  
0.000000e+000  0.000000e+000  0.000000e+000  0.000000e+000  0.000000e+000  0.000000e+000  0.000000e+000  0.000000e+000  0.000000e+000  
0.000000e+000  0.000000e+000  0.000000e+000  0.000000e+000  0.000000e+000  0.000000e+000  0.000000e+000  0.000000e+000  0.000000e+000  
0.000000e+000  0.000000e+000  0.000000e+000  0.000000e+000  0.000000e+000  0.000000e+000  0.000000e+000  0.000000e+000  0.000000e+000  
0.000000e+000  0.000000e+000  0.000000e+000  0.000000e+000  0.000000e+000  0.000000e+000  0.000000e+000  0.000000e+000  0.000000e+000  
0.000000e+000  0.000000e+000  0.000000e+000  0.000000e+000  0.000000e+000  0.000000e+000  0.000000e+000  0.000000e+000  0.000000e+000  
0.000000e+000  0.000000e+000  0.000000e+000  0.000000e+000  0.000000e+000  0.000000e+000  0.000000e+000  0.000000e+000  0.000000e+000  
0.000000e+000  0.000000e+000  0.000000e+000  0.000000e+000  0.000000e+000  0.000000e+000  0.000000e+000  0.000000e+000  0.000000e+000  
0.000000e+000  0.000000e+000  0.000000e+000  0.000000e+000  0.000000e+000  0.000000e+000  0.000000e+000  0.000000e+000  0.000000e+000  
0.000000e+000  0.000000e+000  0.000000e+000  0.000000e+000  0.000000e+000  0.000000e+000  0.000000e+000  0.000000e+000  0.000000e+000  
0.000000e+000  0.000000e+000  0.000000e+000  0.000000e+000  0.000000e+000  0.000000e+000  0.000000e+000  0.000000e+000  0.000000e+000  
0.000000e+000  0.000000e+000  0.000000e+000  0.000000e+000  0.000000e+000  0.000000e+000  0.000000e+000  0.000000e+000  0.000000e+000  
0.000000e+000  0.000000e+000  0.000000e+000  0.000000e+000  0.000000e+000  0.000000e+000  0.000000e+000  0.000000e+000  0.000000e+000  
0.000000e+000  0.000000e+000  0.000000e+000  0.000000e+000  0.000000e+000  0.000000e+000  0.000000e+000  0.000000e+000  0.000000e+000  
0.000000e+000  0.000000e+000  0.000000e+000  0.000000e+000  0.000000e+000  0.000000e+000  0.000000e+000  0.000000e+000  0.000000e+000  
0.000000e+000  0.000000e+000  0.000000e+000  0.000000e+000  0.000000e+000  0.000000e+000  0.000000e+000  0.000000e+000  0.000000e+000  
0.000000e+000  0.000000e+000  0.000000e+000  0.000000e+000  0.000000e+000  0.000000e+000  0.000000e+000  0.000000e+000  0.000000e+000  
0.000000e+000  0.000000e+000  0.000000e+000  0.000000e+000  0.000000e+000  0.000000e+000  0.000000e+000  0.000000e+000  0.000000e+000  
0.000000e+000  0.000000e+000  0.000000e+000  0.000000e+000  0.000000e+000  0.000000e+000  0.000000e+000  0.000000e+000  0.000000e+000  
0.000000e+000  0.000000e+000  0.000000e+000  0.000000e+000  0.000000e+000  0.000000e+000  0.000000e+000  0.000000e+000  0.000000e+000  
0.000000e+000  0.000000e+000  0.000000e+000  0.000000e+000  0.000000e+000  0.000000e+000  0.000000e+000  0.000000e+000  0.000000e+000  
0.000000e+000  0.000000e+000  0.000000e+000  0.000000e+000  0.000000e+000  0.000000e+000  0.000000e+000  0.000000e+000  0.000000e+000  

0.000000e+000  0.000000e+000  0.000000e+000  0.000000e+000  0.000000e+000  0.000000e+000  0.000000e+000  0.000000e+000  0.000000e+000  
0.000000e+000  0.000000e+000  0.000000e+000  0.000000e+000  0.000000e+000  0.000000e+000  0.000000e+000  0.000000e+000  0.000000e+000  
0.000000e+000  0.000000e+000  0.000000e+000  0.000000e+000  0.000000e+000  0.000000e+000  0.000000e+000  0.000000e+000  0.000000e+000  
0.000000e+000  0.000000e+000  0.000000e+000  0.000000e+000  0.000000e+000  0.000000e+000  0.000000e+000  0.000000e+000  0.000000e+000  
0.000000e+000  0.000000e+000  0.000000e+000  0.000000e+000  0.000000e+000  0.000000e+000  0.000000e+000  0.000000e+000  0.000000e+000  
0.000000e+000  0.000000e+000  0.000000e+000  0.000000e+000  0.000000e+000  0.000000e+000  0.000000e+000  0.000000e+000  0.000000e+000  
0.000000e+000  0.000000e+000  0.000000e+000  0.000000e+000  0.000000e+000  0.000000e+000  0.000000e+000  0.000000e+000  0.000000e+000  
0.000000e+000  0.000000e+000  0.000000e+000  0.000000e+000  0.000000e+000  0.000000e+000  0.000000e+000  0.000000e+000  0.000000e+000  
0.000000e+000  0.000000e+000  0.000000e+000  0.000000e+000  0.000000e+000  0.000000e+000  0.000000e+000  0.000000e+000  0.000000e+000  
0.000000e+000  0.000000e+000  0.000000e+000  0.000000e+000  0.000000e+000  0.000000e+000  0.000000e+000  0.000000e+000  0.000000e+000  
0.000000e+000  0.000000e+000  0.000000e+000  0.000000e+000  0.000000e+000  0.000000e+000  0.000000e+000  0.000000e+000  0.000000e+000  
0.000000e+000  0.000000e+000  0.000000e+000  0.000000e+000  0.000000e+000  0.000000e+000  0.000000e+000  0.000000e+000  0.000000e+000  
0.000000e+000  0.000000e+000  0.000000e+000  0.000000e+000  0.000000e+000  0.000000e+000  0.000000e+000  0.000000e+000  0.000000e+000  
0.000000e+000  0.000000e+000  0.000000e+000  0.000000e+000  0.000000e+000  0.000000e+000  0.000000e+000  0.000000e+000  0.000000e+000  
0.000000e+000  0.000000e+000  0.000000e+000  0.000000e+000  0.000000e+000  0.000000e+000  0.000000e+000  0.000000e+000  0.000000e+000  
0.000000e+000  0.000000e+000  0.000000e+000  0.000000e+000  0.000000e+000  0.000000e+000  0.000000e+000  0.000000e+000  0.000000e+000  
0.000000e+000  0.000000e+000  0.000000e+000  0.000000e+000  0.000000e+000  0.000000e+000  0.000000e+000  0.000000e+000  0.000000e+000  
0.000000e+000  0.000000e+000  0.000000e+000  0.000000e+000  0.000000e+000  0.000000e+000  0.000000e+000  0.000000e+000  0.000000e+000  
0.000000e+000  0.000000e+000  0.000000e+000  0.000000e+000  0.000000e+000  0.000000e+000  0.000000e+000  0.000000e+000  0.000000e+000  
0.000000e+000  0.000000e+000  0.000000e+000  0.000000e+000  0.000000e+000  0.000000e+000  0.000000e+000  0.000000e+000  0.000000e+000  
0.000000e+000  0.000000e+000  0.000000e+000  0.000000e+000  0.000000e+000  0.000000e+000  0.000000e+000  0.000000e+000  0.000000e+000  
0.000000e+000  0.000000e+000  0.000000e+000  0.000000e+000  0.000000e+000  0.000000e+000  0.000000e+000  0.000000e+000  0.000000e+000  
0.000000e+000  0.000000e+000  0.000000e+000  0.000000e+000  0.000000e+000  0.000000e+000  0.000000e+000  0.000000e+000  0.000000e+000  
0.000000e+000  0.000000e+000  0.000000e+000  0.000000e+000  0.000000e+000  0.000000e+000  0.000000e+000  0.000000e+000  0.000000e+000  
0.000000e+000  0.000000e+000  0.000000e+000  0.000000e+000  0.000000e+000  0.000000e+000  0.000000e+000  0.000000e+000  0.000000e+000  
0.000000e+000  0.000000e+000  0.000000e+000  0.000000e+000  0.000000e+000  0.000000e+000  0.000000e+000  0.000000e+000  0.000000e+000  
0.000000e+000  0.000000e+000  0.000000e+000  0.000000e+000  0.000000e+000  0.000000e+000  0.000000e+000  0.000000e+000  0.000000e+000  
0.000000e+000  0.000000e+000  0.000000e+000  0.000000e+000  0.000000e+000  0.000000e+000  0.000000e+000  0.000000e+000  0.000000e+000  
0.000000e+000  0.000000e+000  0.000000e+000  0.000000e+000  0.000000e+000  0.000000e+000  0.000000e+000  0.000000e+000  0.000000e+000  
0.000000e+000  0.000000e+000  0.000000e+000  0.000000e+000  0.000000e+000  0.000000e+000  0.000000e+000  0.000000e+000  0.000000e+000  
0.000000e+000  0.000000e+000  0.000000e+000  0.000000e+000  0.000000e+000  0.000000e+000  0.000000e+000  0.000000e+000  0.000000e+000  
0.000000e+000  0.000000e+000  0.000000e+000  0.000000e+000  0.000000e+000  0.000000e+000  0.000000e+000  0.000000e+000  0.000000e+000  
0.000000e+000  0.000000e+000  0.000000e+000  0.000000e+000  0.000000e+000  0.000000e+000  0.000000e+000  0.000000e+000  0.000000e+000  
0.000000e+000  0.000000e+000  0.000000e+000  0.000000e+000  0.000000e+000  0.000000e+000  0.000000e+000  0.000000e+000  0.000000e+000  
0.000000e+000  0.000000e+000  0.000000e+000  0.000000e+000  0.000000e+000  0.000000e+000  0.000000e+000  0.000000e+000  0.000000e+000  
0.000000e+000  0.000000e+000  0.000000e+000  0.000000e+000  0.000000e+000  0.000000e+000  0.000000e+000  0.000000e+000  0.000000e+000  
0.000000e+000  0.000000e+000  0.000000e+000  0.000000e+000  0.000000e+000  0.000000e+000  0.000000e+000  0.000000e+000  0.000000e+000  
0.000000e+000  0.000000e+000  0.000000e+000  0.000000e+000  0.000000e+000  0.000000e+000  0.000000e+000  0.000000e+000  0.000000e+000  
0.000000e+000  0.000000e+000  0.000000e+000  0.000000e+000  0.000000e+000  0.000000e+000  0.000000e+000  0.000000e+000  0.000000e+000  
0.000000e+000  0.000000e+000  0.000000e+000  0.000000e+000  0.000000e+000  0.000000e+000  0.000000e+000  0.000000e+000  0.000000e+000  
0.000000e+000  0.000000e+000  0.000000e+000  0.000000e+000  0.000000e+000  0.000000e+000  0.000000e+000  0.000000e+000  0.000000e+000  
0.000000e+000  0.000000e+000  0.000000e+000  0.000000e+000  0.000000e+000  0.000000e+000  0.000000e+000  0.000000e+000  0.000000e+000  
0.000000e+000  0.000000e+000  0.000000e+000  0.000000e+000  0.000000e+000  0.000000e+000  0.000000e+000  0.000000e+000  0.000000e+000  
0.000000e+000  0.000000e+000  0.000000e+000  0.000000e+000  0.000000e+000  0.000000e+000  0.000000e+000  0.000000e+000  0.000000e+000  
0.000000e+000  0.000000e+000  0.000000e+000  0.000000e+000  0.000000e+000  0.000000e+000  0.000000e+000  0.000000e+000  0.000000e+000  
0.000000e+000  0.000000e+000  0.000000e+000  0.000000e+000  0.000000e+000  0.000000e+000  0.000000e+000  0.000000e+000  0.000000e+000  
0.000000e+000  0.000000e+000  0.000000e+000  0.000000e+000  0.000000e+000  0.000000e+000  0.000000e+000  0.000000e+000  0.000000e+000  
0.000000e+000  0.000000e+000  0.000000e+000  0.000000e+000  0.000000e+000  0.000000e+000  0.000000e+000  0.000000e+000  0.000000e+000  
0.000000e+000  0.000000e+000  0.000000e+000  0.000000e+000  0.000000e+000  0.000000e+000  0.000000e+000  0.000000e+000  0.000000e+000  
0.000000e+000  0.000000e+000  0.000000e+000  0.000000e+000  0.000000e+000  0.000000e+000  0.000000e+000  0.000000e+000  0.000000e+000  
0.000000e+000  0.000000e+000  0.000000e+000  0.000000e+000  0.000000e+000  0.000000e+000  0.000000e+000  0.000000e+000  0.000000e+000  
0.000000e+000  0.000000e+000  0.000000e+000  0.000000e+000  0.000000e+000  0.000000e+000  0.000000e+000  0.000000e+000  0.000000e+000  
0.000000e+000  0.000000e+000  0.000000e+000  0.000000e+000  0.000000e+000  0.000000e+000  0.000000e+000  0.000000e+000  0.000000e+000  
0.000000e+000  0.000000e+000  0.000000e+000  0.000000e+000  0.000000e+000  0.000000e+000  0.000000e+000  0.000000e+000  0.000000e+000  
0.000000e+000  0.000000e+000  0.000000e+000  0.000000e+000  0.000000e+000  0.000000e+000  0.000000e+000  0.000000e+000  0.000000e+000  
0.000000e+000  0.000000e+000  0.000000e+000  0.000000e+000  0.000000e+000  0.000000e+000  0.000000e+000  0.000000e+000  0.000000e+000  
0.000000e+000  0.000000e+000  0.000000e+000  0.000000e+000  0.000000e+000  0.000000e+000  0.000000e+000  0.000000e+000  0.000000e+000  
0.000000e+000  0.000000e+000  0.000000e+000  0.000000e+000  0.000000e+000  0.000000e+000  0.000000e+000  0.000000e+000  0.000000e+000  
0.000000e+000  0.000000e+000  0.000000e+000  0.000000e+000  0.000000e+000  0.000000e+000  0.000000e+000  0.000000e+000  0.000000e+000  
0.000000e+000  0.000000e+000  0.000000e+000  0.000000e+000  0.000000e+000  0.000000e+000  0.000000e+000  0.000000e+000  0.000000e+000  
0.000000e+000  0.000000e+000  0.000000e+000  0.000000e+000  0.000000e+000  0.000000e+000  0.000000e+000  0.000000e+000  0.000000e+000  
0.000000e+000  0.000000e+000  0.000000e+000  0.000000e+000  0.000000e+000  0.000000e+000  0.000000e+000  0.000000e+000  0.000000e+000  
0.000000e+000  0.000000e+000  0.000000e+000  0.000000e+000  0.000000e+000  0.000000e+000  0.000000e+000  0.000000e+000  0.000000e+000  
0.000000e+000  0.000000e+000  0.000000e+000  0.000000e+000  0.000000e+000  0.000000e+000  0.000000e+000  0.000000e+000  0.000000e+000  
0.000000e+000  0.000000e+000  0.000000e+000  0.000000e+000  0.000000e+000  0.000000e+000  0.000000e+000  0.000000e+000  0.000000e+000  
0.000000e+000  0.000000e+000  0.000000e+000  0.000000e+000  0.000000e+000  0.000000e+000  0.000000e+000  0.000000e+000  0.000000e+000  
0.000000e+000  0.000000e+000  0.000000e+000  0.000000e+000  0.000000e+000  0.000000e+000  0.000000e+000  0.000000e+000  0.000000e+000  
0.000000e+000  0.000000e+000  0.000000e+000  0.000000e+000  0.000000e+000  0.000000e+000  0.000000e+000  0.000000e+000  0.000000e+000  
0.000000e+000  0.000000e+000  0.000000e+000  0.000000e+000  0.000000e+000  0.000000e+000  0.000000e+000  0.000000e+000  0.000000e+000  
0.000000e+000  0.000000e+000  0.000000e+000  0.000000e+000  0.000000e+000  0.000000e+000  0.000000e+000  0.000000e+000  0.000000e+000  
0.000000e+000  0.000000e+000  0.000000e+000  0.000000e+000  0.000000e+000  0.000000e+000  0.000000e+000  0.000000e+000  0.000000e+000  
0.000000e+000  0.000000e+000  0.000000e+000  0.000000e+000  0.000000e+000  0.000000e+000  0.000000e+000  0.000000e+000  0.000000e+000  
0.000000e+000  0.000000e+000  0.000000e+000  0.000000e+000  0.000000e+000  0.000000e+000  0.000000e+000  0.000000e+000  0.000000e+000  
0.000000e+000  0.000000e+000  0.000000e+000  0.000000e+000  0.000000e+000  0.000000e+000  0.000000e+000  0.000000e+000  0.000000e+000  
0.000000e+000  0.000000e+000  0.000000e+000  0.000000e+000  0.000000e+000  0.000000e+000  0.000000e+000  0.000000e+000  0.000000e+000  
0.000000e+000  0.000000e+000  0.000000e+000  0.000000e+000  0.000000e+000  0.000000e+000  0.000000e+000  0.000000e+000  0.000000e+000  
0.000000e+000  0.000000e+000  0.000000e+000  0.000000e+000  0.000000e+000  0.000000e+000  0.000000e+000  0.000000e+000  0.000000e+000  
0.000000e+000  0.000000e+000  0.000000e+000  0.000000e+000  0.000000e+000  0.000000e+000  0.000000e+000  0.000000e+000  0.000000e+000  
0.000000e+000  0.000000e+000  0.000000e+000  0.000000e+000  0.000000e+000  0.000000e+000  0.000000e+000  0.000000e+000  0.000000e+000  
0.000000e+000  0.000000e+000  0.000000e+000  0.000000e+000  0.000000e+000  0.000000e+000  0.000000e+000  0.000000e+000  0.000000e+000  
0.000000e+000  0.000000e+000  0.000000e+000  0.000000e+000  0.000000e+000  0.000000e+000  0.000000e+000  0.000000e+000  0.000000e+000  
0.000000e+000  0.000000e+000  0.000000e+000  0.000000e+000  0.000000e+000  0.000000e+000  0.000000e+000  0.000000e+000  0.000000e+000  
0.000000e+000  0.000000e+000  0.000000e+000  0.000000e+000  0.000000e+000  0.000000e+000  0.000000e+000  0.000000e+000  0.000000e+000  
0.000000e+000  0.000000e+000  0.000000e+000  0.000000e+000  0.000000e+000  0.000000e+000  0.000000e+000  0.000000e+000  0.000000e+000  
0.000000e+000  0.000000e+000  0.000000e+000  0.000000e+000  0.000000e+000  0.000000e+000  0.000000e+000  0.000000e+000  0.000000e+000  
0.000000e+000  0.000000e+000  0.000000e+000  0.000000e+000  0.000000e+000  0.000000e+000  0.000000e+000  0.000000e+000  0.000000e+000  
0.000000e+000  0.000000e+000  0.000000e+000  0.000000e+000  0.000000e+000  0.000000e+000  0.000000e+000  0.000000e+000  0.000000e+000  
0.000000e+000  0.000000e+000  0.000000e+000  0.000000e+000  0.000000e+000  0.000000e+000  0.000000e+000  0.000000e+000  0.000000e+000  
0.000000e+000  0.000000e+000  0.000000e+000  0.000000e+000  0.000000e+000  0.000000e+000  0.000000e+000  0.000000e+000  0.000000e+000  
0.000000e+000  0.000000e+000  0.000000e+000  0.000000e+000  0.000000e+000  0.000000e+000  0.000000e+000  0.000000e+000  0.000000e+000  
0.000000e+000  0.000000e+000  0.000000e+000  0.000000e+000  0.000000e+000  0.000000e+000  0.000000e+000  0.000000e+000  0.000000e+000  
0.000000e+000  0.000000e+000  0.000000e+000  0.000000e+000  0.000000e+000  0.000000e+000  0.000000e+000  0.000000e+000  0.000000e+000  
0.000000e+000  0.000000e+000  0.000000e+000  0.000000e+000  0.000000e+000  0.000000e+000  0.000000e+000  0.000000e+000  0.000000e+000  
0.000000e+000  0.000000e+000  0.000000e+000  0.000000e+000  0.000000e+000  0.000000e+000  0.000000e+000  0.000000e+000  0.000000e+000  
0.000000e+000  0.000000e+000  0.000000e+000  0.000000e+000  0.000000e+000  0.000000e+000  0.000000e+000  0.000000e+000  0.000000e+000  
0.000000e+000  0.000000e+000  0.000000e+000  0.000000e+000  0.000000e+000  0.000000e+000  0.000000e+000  0.000000e+000  0.000000e+000  
0.000000e+000  0.000000e+000  0.000000e+000  0.000000e+000  0.000000e+000  0.000000e+000  0.000000e+000  0.000000e+000  0.000000e+000  
0.000000e+000  0.000000e+000  0.000000e+000  0.000000e+000  0.000000e+000  0.000000e+000  0.000000e+000  0.000000e+000  0.000000e+000  

0.000000e+000  0.000000e+000  0.000000e+000  0.000000e+000  0.000000e+000  0.000000e+000  0.000000e+000  0.000000e+000  0.000000e+000  
0.000000e+000  0.000000e+000  0.000000e+000  0.000000e+000  0.000000e+000  0.000000e+000  0.000000e+000  0.000000e+000  0.000000e+000  
0.000000e+000  0.000000e+000  0.000000e+000  0.000000e+000  0.000000e+000  0.000000e+000  0.000000e+000  0.000000e+000  0.000000e+000  
0.000000e+000  0.000000e+000  0.000000e+000  0.000000e+000  0.000000e+000  0.000000e+000  0.000000e+000  0.000000e+000  0.000000e+000  
0.000000e+000  0.000000e+000  0.000000e+000  0.000000e+000  0.000000e+000  0.000000e+000  0.000000e+000  0.000000e+000  0.000000e+000  
0.000000e+000  0.000000e+000  0.000000e+000  0.000000e+000  0.000000e+000  0.000000e+000  0.000000e+000  0.000000e+000  0.000000e+000  
0.000000e+000  0.000000e+000  0.000000e+000  0.000000e+000  0.000000e+000  0.000000e+000  0.000000e+000  0.000000e+000  0.000000e+000  
0.000000e+000  0.000000e+000  0.000000e+000  0.000000e+000  0.000000e+000  0.000000e+000  0.000000e+000  0.000000e+000  0.000000e+000  
0.000000e+000  0.000000e+000  0.000000e+000  0.000000e+000  0.000000e+000  0.000000e+000  0.000000e+000  0.000000e+000  0.000000e+000  
0.000000e+000  0.000000e+000  0.000000e+000  0.000000e+000  0.000000e+000  0.000000e+000  0.000000e+000  0.000000e+000  0.000000e+000  
0.000000e+000  0.000000e+000  0.000000e+000  0.000000e+000  0.000000e+000  0.000000e+000  0.000000e+000  0.000000e+000  0.000000e+000  
0.000000e+000  0.000000e+000  0.000000e+000  0.000000e+000  0.000000e+000  0.000000e+000  0.000000e+000  0.000000e+000  0.000000e+000  
0.000000e+000  0.000000e+000  0.000000e+000  0.000000e+000  0.000000e+000  0.000000e+000  0.000000e+000  0.000000e+000  0.000000e+000  
0.000000e+000  0.000000e+000  0.000000e+000  0.000000e+000  0.000000e+000  0.000000e+000  0.000000e+000  0.000000e+000  0.000000e+000  
0.000000e+000  0.000000e+000  0.000000e+000  0.000000e+000  0.000000e+000  0.000000e+000  0.000000e+000  0.000000e+000  0.000000e+000  
0.000000e+000  0.000000e+000  0.000000e+000  0.000000e+000  0.000000e+000  0.000000e+000  0.000000e+000  0.000000e+000  0.000000e+000  
0.000000e+000  0.000000e+000  0.000000e+000  0.000000e+000  0.000000e+000  0.000000e+000  0.000000e+000  0.000000e+000  0.000000e+000  
0.000000e+000  0.000000e+000  0.000000e+000  0.000000e+000  0.000000e+000  0.000000e+000  0.000000e+000  0.000000e+000  0.000000e+000  
0.000000e+000  0.000000e+000  0.000000e+000  0.000000e+000  0.000000e+000  0.000000e+000  0.000000e+000  0.000000e+000  0.000000e+000  
0.000000e+000  0.000000e+000  0.000000e+000  0.000000e+000  0.000000e+000  0.000000e+000  0.000000e+000  0.000000e+000  0.000000e+000  
0.000000e+000  0.000000e+000  0.000000e+000  0.000000e+000  0.000000e+000  0.000000e+000  0.000000e+000  0.000000e+000  0.000000e+000  
0.000000e+000  0.000000e+000  0.000000e+000  0.000000e+000  0.000000e+000  0.000000e+000  0.000000e+000  0.000000e+000  0.000000e+000  
0.000000e+000  0.000000e+000  0.000000e+000  0.000000e+000  0.000000e+000  0.000000e+000  0.000000e+000  0.000000e+000  0.000000e+000  
0.000000e+000  0.000000e+000  0.000000e+000  0.000000e+000  0.000000e+000  0.000000e+000  0.000000e+000  0.000000e+000  0.000000e+000  
0.000000e+000  0.000000e+000  0.000000e+000  0.000000e+000  0.000000e+000  0.000000e+000  0.000000e+000  0.000000e+000  0.000000e+000  
0.000000e+000  0.000000e+000  0.000000e+000  0.000000e+000  0.000000e+000  0.000000e+000  0.000000e+000  0.000000e+000  0.000000e+000  
0.000000e+000  0.000000e+000  0.000000e+000  0.000000e+000  0.000000e+000  0.000000e+000  0.000000e+000  0.000000e+000  0.000000e+000  
0.000000e+000  0.000000e+000  0.000000e+000  0.000000e+000  0.000000e+000  0.000000e+000  0.000000e+000  0.000000e+000  0.000000e+000  
0.000000e+000  0.000000e+000  0.000000e+000  0.000000e+000  0.000000e+000  0.000000e+000  0.000000e+000  0.000000e+000  0.000000e+000  
0.000000e+000  0.000000e+000  0.000000e+000  0.000000e+000  0.000000e+000  0.000000e+000  0.000000e+000  0.000000e+000  0.000000e+000  
0.000000e+000  0.000000e+000  0.000000e+000  0.000000e+000  0.000000e+000  0.000000e+000  0.000000e+000  0.000000e+000  0.000000e+000  
0.000000e+000  0.000000e+000  0.000000e+000  0.000000e+000  0.000000e+000  0.000000e+000  0.000000e+000  0.000000e+000  0.000000e+000  
0.000000e+000  0.000000e+000  0.000000e+000  0.000000e+000  0.000000e+000  0.000000e+000  0.000000e+000  0.000000e+000  0.000000e+000  
0.000000e+000  0.000000e+000  0.000000e+000  0.000000e+000  0.000000e+000  0.000000e+000  0.000000e+000  0.000000e+000  0.000000e+000  
0.000000e+000  0.000000e+000  0.000000e+000  0.000000e+000  0.000000e+000  0.000000e+000  0.000000e+000  0.000000e+000  0.000000e+000  
0.000000e+000  0.000000e+000  0.000000e+000  0.000000e+000  0.000000e+000  0.000000e+000  0.000000e+000  0.000000e+000  0.000000e+000  
0.000000e+000  0.000000e+000  0.000000e+000  0.000000e+000  0.000000e+000  0.000000e+000  0.000000e+000  0.000000e+000  0.000000e+000  
0.000000e+000  0.000000e+000  0.000000e+000  0.000000e+000  0.000000e+000  0.000000e+000  0.000000e+000  0.000000e+000  0.000000e+000  
0.000000e+000  0.000000e+000  0.000000e+000  0.000000e+000  0.000000e+000  0.000000e+000  0.000000e+000  0.000000e+000  0.000000e+000  
0.000000e+000  0.000000e+000  0.000000e+000  0.000000e+000  0.000000e+000  0.000000e+000  0.000000e+000  0.000000e+000  0.000000e+000  
0.000000e+000  0.000000e+000  0.000000e+000  0.000000e+000  0.000000e+000  0.000000e+000  0.000000e+000  0.000000e+000  0.000000e+000  
0.000000e+000  0.000000e+000  0.000000e+000  0.000000e+000  0.000000e+000  0.000000e+000  0.000000e+000  0.000000e+000  0.000000e+000  
0.000000e+000  0.000000e+000  0.000000e+000  0.000000e+000  0.000000e+000  0.000000e+000  0.000000e+000  0.000000e+000  0.000000e+000  
0.000000e+000  0.000000e+000  0.000000e+000  0.000000e+000  0.000000e+000  0.000000e+000  0.000000e+000  0.000000e+000  0.000000e+000  
0.000000e+000  0.000000e+000  0.000000e+000  0.000000e+000  0.000000e+000  0.000000e+000  0.000000e+000  0.000000e+000  0.000000e+000  
0.000000e+000  0.000000e+000  0.000000e+000  0.000000e+000  0.000000e+000  0.000000e+000  0.000000e+000  0.000000e+000  0.000000e+000  
0.000000e+000  0.000000e+000  0.000000e+000  0.000000e+000  0.000000e+000  0.000000e+000  0.000000e+000  0.000000e+000  0.000000e+000  
0.000000e+000  0.000000e+000  0.000000e+000  0.000000e+000  0.000000e+000  0.000000e+000  0.000000e+000  0.000000e+000  0.000000e+000  
0.000000e+000  0.000000e+000  0.000000e+000  0.000000e+000  0.000000e+000  0.000000e+000  0.000000e+000  0.000000e+000  0.000000e+000  
0.000000e+000  0.000000e+000  0.000000e+000  0.000000e+000  0.000000e+000  0.000000e+000  0.000000e+000  0.000000e+000  0.000000e+000  
0.000000e+000  0.000000e+000  0.000000e+000  0.000000e+000  0.000000e+000  0.000000e+000  0.000000e+000  0.000000e+000  0.000000e+000  
0.000000e+000  0.000000e+000  0.000000e+000  0.000000e+000  0.000000e+000  0.000000e+000  0.000000e+000  0.000000e+000  0.000000e+000  
0.000000e+000  0.000000e+000  0.000000e+000  0.000000e+000  0.000000e+000  0.000000e+000  0.000000e+000  0.000000e+000  0.000000e+000  
0.000000e+000  0.000000e+000  0.000000e+000  0.000000e+000  0.000000e+000  0.000000e+000  0.000000e+000  0.000000e+000  0.000000e+000  
0.000000e+000  0.000000e+000  0.000000e+000  0.000000e+000  0.000000e+000  0.000000e+000  0.000000e+000  0.000000e+000  0.000000e+000  
0.000000e+000  0.000000e+000  0.000000e+000  0.000000e+000  0.000000e+000  0.000000e+000  0.000000e+000  0.000000e+000  0.000000e+000  
0.000000e+000  0.000000e+000  0.000000e+000  0.000000e+000  0.000000e+000  0.000000e+000  0.000000e+000  0.000000e+000  0.000000e+000  
0.000000e+000  0.000000e+000  0.000000e+000  0.000000e+000  0.000000e+000  0.000000e+000  0.000000e+000  0.000000e+000  0.000000e+000  
0.000000e+000  0.000000e+000  0.000000e+000  0.000000e+000  0.000000e+000  0.000000e+000  0.000000e+000  0.000000e+000  0.000000e+000  
0.000000e+000  0.000000e+000  0.000000e+000  0.000000e+000  0.000000e+000  0.000000e+000  0.000000e+000  0.000000e+000  0.000000e+000  
0.000000e+000  0.000000e+000  0.000000e+000  0.000000e+000  0.000000e+000  0.000000e+000  0.000000e+000  0.000000e+000  0.000000e+000  
0.000000e+000  0.000000e+000  0.000000e+000  0.000000e+000  0.000000e+000  0.000000e+000  0.000000e+000  0.000000e+000  0.000000e+000  
0.000000e+000  0.000000e+000  0.000000e+000  0.000000e+000  0.000000e+000  0.000000e+000  0.000000e+000  0.000000e+000  0.000000e+000  
0.000000e+000  0.000000e+000  0.000000e+000  0.000000e+000  0.000000e+000  0.000000e+000  0.000000e+000  0.000000e+000  0.000000e+000  
0.000000e+000  0.000000e+000  0.000000e+000  0.000000e+000  0.000000e+000  0.000000e+000  0.000000e+000  0.000000e+000  0.000000e+000  
0.000000e+000  0.000000e+000  0.000000e+000  0.000000e+000  0.000000e+000  0.000000e+000  0.000000e+000  0.000000e+000  0.000000e+000  
0.000000e+000  0.000000e+000  0.000000e+000  0.000000e+000  0.000000e+000  0.000000e+000  0.000000e+000  0.000000e+000  0.000000e+000  
0.000000e+000  0.000000e+000  0.000000e+000  0.000000e+000  0.000000e+000  0.000000e+000  0.000000e+000  0.000000e+000  0.000000e+000  
0.000000e+000  0.000000e+000  0.000000e+000  0.000000e+000  0.000000e+000  0.000000e+000  0.000000e+000  0.000000e+000  0.000000e+000  
0.000000e+000  0.000000e+000  0.000000e+000  0.000000e+000  0.000000e+000  0.000000e+000  0.000000e+000  0.000000e+000  0.000000e+000  
0.000000e+000  0.000000e+000  0.000000e+000  0.000000e+000  0.000000e+000  0.000000e+000  0.000000e+000  0.000000e+000  0.000000e+000  
0.000000e+000  0.000000e+000  0.000000e+000  0.000000e+000  0.000000e+000  0.000000e+000  0.000000e+000  0.000000e+000  0.000000e+000  
0.000000e+000  0.000000e+000  0.000000e+000  0.000000e+000  0.000000e+000  0.000000e+000  0.000000e+000  0.000000e+000  0.000000e+000  
0.000000e+000  0.000000e+000  0.000000e+000  0.000000e+000  0.000000e+000  0.000000e+000  0.000000e+000  0.000000e+000  0.000000e+000  
0.000000e+000  0.000000e+000  0.000000e+000  0.000000e+000  0.000000e+000  0.000000e+000  0.000000e+000  0.000000e+000  0.000000e+000  
0.000000e+000  0.000000e+000  0.000000e+000  0.000000e+000  0.000000e+000  0.000000e+000  0.000000e+000  0.000000e+000  0.000000e+000  
0.000000e+000  0.000000e+000  0.000000e+000  0.000000e+000  0.000000e+000  0.000000e+000  0.000000e+000  0.000000e+000  0.000000e+000  
0.000000e+000  0.000000e+000  0.000000e+000  0.000000e+000  0.000000e+000  0.000000e+000  0.000000e+000  0.000000e+000  0.000000e+000  
0.000000e+000  0.000000e+000  0.000000e+000  0.000000e+000  0.000000e+000  0.000000e+000  0.000000e+000  0.000000e+000  0.000000e+000  
0.000000e+000  0.000000e+000  0.000000e+000  0.000000e+000  0.000000e+000  0.000000e+000  0.000000e+000  0.000000e+000  0.000000e+000  
0.000000e+000  0.000000e+000  0.000000e+000  0.000000e+000  0.000000e+000  0.000000e+000  0.000000e+000  0.000000e+000  0.000000e+000  
0.000000e+000  0.000000e+000  0.000000e+000  0.000000e+000  0.000000e+000  0.000000e+000  0.000000e+000  0.000000e+000  0.000000e+000  
0.000000e+000  0.000000e+000  0.000000e+000  0.000000e+000  0.000000e+000  0.000000e+000  0.000000e+000  0.000000e+000  0.000000e+000  
0.000000e+000  0.000000e+000  0.000000e+000  0.000000e+000  0.000000e+000  0.000000e+000  0.000000e+000  0.000000e+000  0.000000e+000  
0.000000e+000  0.000000e+000  0.000000e+000  0.000000e+000  0.000000e+000  0.000000e+000  0.000000e+000  0.000000e+000  0.000000e+000  
0.000000e+000  0.000000e+000  0.000000e+000  0.000000e+000  0.000000e+000  0.000000e+000  0.000000e+000  0.000000e+000  0.000000e+000  
0.000000e+000  0.000000e+000  0.000000e+000  0.000000e+000  0.000000e+000  0.000000e+000  0.000000e+000  0.000000e+000  0.000000e+000  
0.000000e+000  0.000000e+000  0.000000e+000  0.000000e+000  0.000000e+000  0.000000e+000  0.000000e+000  0.000000e+000  0.000000e+000  
0.000000e+000  0.000000e+000  0.000000e+000  0.000000e+000  0.000000e+000  0.000000e+000  0.000000e+000  0.000000e+000  0.000000e+000  
0.000000e+000  0.000000e+000  0.000000e+000  0.000000e+000  0.000000e+000  0.000000e+000  0.000000e+000  0.000000e+000  0.000000e+000  
0.000000e+000  0.000000e+000  0.000000e+000  0.000000e+000  0.000000e+000  0.000000e+000  0.000000e+000  0.000000e+000  0.000000e+000  
0.000000e+000  0.000000e+000  0.000000e+000  0.000000e+000  0.000000e+000  0.000000e+000  0.000000e+000  0.000000e+000  0.000000e+000  
0.000000e+000  0.000000e+000  0.000000e+000  0.000000e+000  0.000000e+000  0.000000e+000  0.000000e+000  0.000000e+000  0.000000e+000  
0.000000e+000  0.000000e+000  0.000000e+000  0.000000e+000  0.000000e+000  0.000000e+000  0.000000e+000  0.000000e+000  0.000000e+000  
0.000000e+000  0.000000e+000  0.000000e+000  0.000000e+000  0.000000e+000  0.000000e+000  0.000000e+000  0.000000e+000  0.000000e+000  
0.000000e+000  0.000000e+000  0.000000e+000  0.000000e+000  0.000000e+000  0.000000e+000  0.000000e+000  0.000000e+000  0.000000e+000  
0.000000e+000  0.000000e+000  0.000000e+000  0.000000e+000  0.000000e+000  0.000000e+000  0.000000e+000  0.000000e+000  0.000000e+000  
0.000000e+000  0.000000e+000  0.000000e+000  0.000000e+000  0.000000e+000  0.000000e+000  0.000000e+000  0.000000e+000  0.000000e+000  

1.277187e-007  6.912239e-008  5.052471e-008  1.482063e-008  -3.770349e-008  -6.757012e-008  -4.593790e-008  -1.517953e-009  7.295876e-008  
4.066436e-008  3.358348e-008  3.776666e-008  -2.416216e-008  -2.501540e-009  -4.244562e-008  -4.489592e-008  -4.422917e-008  -2.119238e-008  
4.326587e-008  1.142380e-008  5.067591e-008  -1.928079e-008  -1.147708e-008  -1.832367e-008  -3.587808e-008  -4.972688e-008  -4.424927e-008  
-1.215088e-008  3.418804e-008  3.774432e-008  -1.977594e-009  4.148319e-009  -7.038325e-009  -3.057064e-008  -3.818060e-008  -6.083190e-008  
3.794602e-009  2.005332e-008  -0.000000e+000  2.137328e-008  -7.780064e-009  4.525208e-009  -1.385977e-009  -2.065324e-008  -4.146348e-008  
3.445149e-008  -3.171210e-008  -0.000000e+000  -1.079424e-008  -3.746443e-009  1.051431e-008  1.940799e-008  -7.667405e-009  -5.358563e-008  
2.129805e-008  5.585852e-009  -0.000000e+000  3.311796e-008  -3.830559e-010  -1.427478e-008  -1.001839e-008  -2.484975e-008  -8.870092e-008  
8.758415e-009  7.138030e-009  -0.000000e+000  -1.926981e-008  4.338199e-008  -9.634016e-009  -2.807845e-008  -6.267901e-008  -1.500768e-007  
-1.544727e-009  -0.000000e+000  -0.000000e+000  -4.818639e-008  -2.977133e-008  -3.378220e-008  -7.825528e-008  -1.296098e-007  -2.334324e-007  
1.492416e-009  6.051319e-008  -0.000000e+000  -3.686500e-008  -6.618234e-009  -1.109933e-007  -2.022694e-007  -2.706393e-007  -3.051704e-007  
-1.506745e-009  -0.000000e+000  -0.000000e+000  -4.845972e-008  -1.249726e-007  -2.339379e-007  -3.529252e-007  -4.270355e-007  -5.309672e-007  
1.506745e-009  -0.000000e+000  -0.000000e+000  -9.737040e-008  -2.346811e-007  -3.214668e-007  -4.748382e-007  -6.165688e-007  -8.139166e-007  
-0.000000e+000  -0.000000e+000  -0.000000e+000  -1.968253e-007  -4.066911e-007  -7.062522e-007  -1.021730e-006  -1.288046e-006  -1.685544e-006  
-0.000000e+000  -0.000000e+000  -0.000000e+000  -4.380229e-007  -8.454200e-007  -1.484034e-006  -2.062420e-006  -2.545888e-006  -3.254926e-006  
-1.578308e-009  -0.000000e+000  -0.000000e+000  -9.173150e-007  -1.820419e-006  -2.998109e-006  -4.061671e-006  -4.954023e-006  -6.223924e-006  
1.578308e-009  -0.000000e+000  -0.000000e+000  -1.805202e-006  -3.583660e-006  -5.898135e-006  -7.962128e-006  -9.694034e-006  -1.215585e-005  
-0.000000e+000  -4.914444e-008  -0.000000e+000  -3.560314e-006  -7.052040e-006  -1.162235e-005  -1.565746e-005  -1.905270e-005  -2.378294e-005  
-0.000000e+000  -0.000000e+000  -0.000000e+000  -7.032419e-006  -1.395051e-005  -2.278809e-005  -3.066606e-005  -3.729138e-005  -4.642419e-005  
-0.000000e+000  4.785787e-008  -0.000000e+000  -1.389454e-005  -2.748365e-005  -4.473495e-005  -6.012973e-005  -7.309622e-005  -9.106632e-005  
1.525312e-009  -3.640334e-008  -0.000000e+000  -2.743931e-005  -5.432227e-005  -8.785885e-005  -1.178441e-004  -1.430441e-004  -1.779875e-004  
-1.525312e-009  -4.864161e-008  -0.000000e+000  -5.419718e-005  -1.071981e-004  -1.725370e-004  -2.307828e-004  -2.796828e-004  -3.474195e-004  
1.661564e-009  -5.067559e-008  -0.000000e+000  -1.069412e-004  -2.117407e-004  -3.382883e-004  -4.511005e-004  -5.457917e-004  -6.768250e-004  
-2.501071e-009  -0.000000e+000  -0.000000e+000  -2.023336e-004  -4.005077e-004  -6.354326e-004  -8.446579e-004  -1.020123e-003  -1.262718e-003  
-0.000000e+000  -0.000000e+000  -0.000000e+000  -2.601292e-004  -5.149195e-004  -8.143249e-004  -1.080792e-003  -1.304187e-003  -1.612931e-003  
-0.000000e+000  -0.000000e+000  -0.000000e+000  -3.333105e-004  -6.598002e-004  -1.040012e-003  -1.378263e-003  -1.661746e-003  -2.053357e-003  
-0.000000e+000  -0.000000e+000  -0.000000e+000  -4.262479e-004  -8.436092e-004  -1.325426e-003  -1.753813e-003  -2.112702e-003  -2.608250e-003  
-0.000000e+000  -0.000000e+000  -0.000000e+000  -5.427659e-004  -1.074429e-003  -1.682281e-003  -2.222581e-003  -2.675033e-003  -3.299446e-003  
-0.000000e+000  -0.000000e+000  -0.000000e+000  -6.906759e-004  -1.367142e-003  -2.133210e-003  -2.813768e-003  -3.383476e-003  -4.169261e-003  
-0.000000e+000  -0.000000e+000  -0.000000e+000  -8.783650e-004  -1.738628e-003  -2.703141e-003  -3.559535e-003  -4.276108e-003  -5.263933e-003  
-0.000000e+000  -0.000000e+000  -0.000000e+000  -1.574243e-003  -3.116067e-003  -4.802527e-003  -6.297917e-003  -7.547925e-003  -9.268550e-003  
-0.000000e+000  -0.000000e+000  -0.000000e+000  -2.999245e-003  -5.936944e-003  -9.050752e-003  -1.180712e-002  -1.410804e-002  -1.726894e-002  
-0.000000e+000  4.885847e-008  -0.000000e+000  -5.738716e-003  -1.136000e-002  -1.710486e-002  -2.217999e-002  -2.640974e-002  -3.220678e-002  
2.278376e-009  -0.000000e+000  -0.000000e+000  -1.098705e-002  -2.174991e-002  -3.229811e-002  -4.159396e-002  -4.932644e-002  -5.989408e-002  
5.218647e-008  3.427847e-008  -0.000000e+000  -2.102585e-002  -4.162378e-002  -6.085711e-002  -7.775692e-002  -9.178123e-002  -1.108809e-001  
5.468308e-008  1.325715e-008  -0.000000e+000  -4.020480e-002  -7.959398e-002  -1.143552e-001  -1.447872e-001  -1.699668e-001  -2.041081e-001  
5.096988e-010  -0.000000e+000  -0.000000e+000  -7.680589e-002  -1.520584e-001  -2.141934e-001  -2.683369e-001  -3.129659e-001  -3.731338e-001  
-3.000075e-009  -4.581427e-008  -0.000000e+000  -1.465818e-001  -2.902073e-001  -3.997226e-001  -4.945691e-001  -5.723522e-001  -6.764040e-001  
-0.000000e+000  -0.000000e+000  -0.000000e+000  -2.794907e-001  -5.533510e-001  -7.428680e-001  -9.056091e-001  -1.038113e+000  -1.213368e+000  
-0.000000e+000  -3.577866e-008  -0.000000e+000  -5.326293e-001  -1.054491e+000  -1.374374e+000  -1.645577e+000  -1.863946e+000  -2.147604e+000  
-0.000000e+000  -3.837213e-008  -0.000000e+000  -1.015728e+000  -2.010595e+000  -2.531313e+000  -2.963415e+000  -3.304684e+000  -3.733916e+000  
-0.000000e+000  -0.000000e+000  -0.000000e+000  -1.944696e+000  -3.847589e+000  -4.646189e+000  -5.281360e+000  -5.763724e+000  -6.330867e+000  
-1.959909e-009  -4.372290e-008  -0.000000e+000  -3.768994e+000  -7.448063e+000  -8.526631e+000  -9.296415e+000  -9.822779e+000  -1.033219e+001  
2.052173e-009  -0.000000e+000  -0.000000e+000  -7.527707e+000  -1.484432e+001  -1.573050e+001  -1.605857e+001  -1.609775e+001  -1.582439e+001  
-0.000000e+000  -0.000000e+000  -0.000000e+000  -1.491866e+001  -2.945338e+001  -2.752143e+001  -2.526207e+001  -2.334171e+001  -2.104478e+001  
-0.000000e+000  -0.000000e+000  -0.000000e+000  -1.976200e+001  -3.960718e+001  -3.322899e+001  -2.847451e+001  -2.530602e+001  -2.234190e+001  
-0.000000e+000  -0.000000e+000  -0.000000e+000  -2.430919e+001  -5.079849e+001  -3.715414e+001  -2.992017e+001  -2.603435e+001  -2.303678e+001  
-0.000000e+000  -0.000000e+000  -0.000000e+000  -2.241070e+001  -5.345058e+001  -3.343444e+001  -2.744090e+001  -2.498938e+001  -2.312548e+001  
-0.000000e+000  -0.000000e+000  -0.000000e+000  -5.017464e+000  -0.000000e+000  -1.994809e+001  -2.298698e+001  -2.354745e+001  -2.298795e+001  
-0.000000e+000  -0.000000e+000  -0.000000e+000  -1.136361e+000  -0.000000e+000  -1.398559e+001  -2.015514e+001  -2.248651e+001  -2.284851e+001  
-0.000000e+000  -0.000000e+000  -0.000000e+000  -1.136362e+000  -0.000000e+000  -1.398559e+001  -2.015514e+001  -2.248651e+001  -2.284851e+001  
-0.000000e+000  -0.000000e+000  -0.000000e+000  -5.017464e+000  -0.000000e+000  -1.994809e+001  -2.298698e+001  -2.354745e+001  -2.298795e+001  
-0.000000e+000  -0.000000e+000  -0.000000e+000  -2.241070e+001  -5.345058e+001  -3.343444e+001  -2.744090e+001  -2.498938e+001  -2.312548e+001  
-0.000000e+000  -0.000000e+000  -0.000000e+000  -2.430919e+001  -5.079849e+001  -3.715414e+001  -2.992017e+001  -2.603435e+001  -2.303678e+001  
-0.000000e+000  -0.000000e+000  -0.000000e+000  -1.976200e+001  -3.960718e+001  -3.322899e+001  -2.847451e+001  -2.530602e+001  -2.234190e+001  
5.008594e-009  2.999989e-009  -0.000000e+000  -1.491866e+001  -2.945338e+001  -2.752143e+001  -2.526207e+001  -2.334171e+001  -2.104478e+001  
-3.335002e-009  -1.997560e-009  -0.000000e+000  -7.527707e+000  -1.484432e+001  -1.573050e+001  -1.605857e+001  -1.609775e+001  -1.582439e+001  
-0.000000e+000  -0.000000e+000  -0.000000e+000  -3.768994e+000  -7.448062e+000  -8.526631e+000  -9.296415e+000  -9.822779e+000  -1.033219e+001  
-0.000000e+000  -0.000000e+000  -0.000000e+000  -1.944696e+000  -3.847589e+000  -4.646189e+000  -5.281360e+000  -5.763724e+000  -6.330867e+000  
-0.000000e+000  -0.000000e+000  -0.000000e+000  -1.015728e+000  -2.010595e+000  -2.531313e+000  -2.963415e+000  -3.304684e+000  -3.733916e+000  
-0.000000e+000  -0.000000e+000  -0.000000e+000  -5.326293e-001  -1.054491e+000  -1.374374e+000  -1.645577e+000  -1.863946e+000  -2.147604e+000  
-0.000000e+000  -5.342285e-008  -0.000000e+000  -2.794907e-001  -5.533510e-001  -7.428680e-001  -9.056091e-001  -1.038113e+000  -1.213368e+000  
-0.000000e+000  -6.026651e-008  -0.000000e+000  -1.465818e-001  -2.902073e-001  -3.997226e-001  -4.945691e-001  -5.723521e-001  -6.764038e-001  
2.365494e-009  -0.000000e+000  -0.000000e+000  -7.680587e-002  -1.520585e-001  -2.141934e-001  -2.683369e-001  -3.129657e-001  -3.731335e-001  
-2.365494e-009  -0.000000e+000  -0.000000e+000  -4.020481e-002  -7.959397e-002  -1.143553e-001  -1.447872e-001  -1.699666e-001  -2.041078e-001  
-0.000000e+000  -0.000000e+000  -0.000000e+000  -2.102579e-002  -4.162381e-002  -6.085708e-002  -7.775681e-002  -9.178112e-002  -1.108807e-001  
-0.000000e+000  -0.000000e+000  -0.000000e+000  -1.098705e-002  -2.174984e-002  -3.229806e-002  -4.159396e-002  -4.932645e-002  -5.989404e-002  
-0.000000e+000  -0.000000e+000  -0.000000e+000  -5.738670e-003  -1.135994e-002  -1.710474e-002  -2.217991e-002  -2.640970e-002  -3.220685e-002  
-0.000000e+000  -0.000000e+000  -0.000000e+000  -2.999205e-003  -5.936900e-003  -9.050719e-003  -1.180712e-002  -1.410809e-002  -1.726907e-002  
2.224853e-009  3.644626e-008  -0.000000e+000  -1.574227e-003  -3.116068e-003  -4.802538e-003  -6.297998e-003  -7.548046e-003  -9.268648e-003  
-3.341343e-009  -0.000000e+000  -0.000000e+000  -8.783593e-004  -1.738667e-003  -2.703164e-003  -3.559551e-003  -4.276127e-003  -5.263928e-003  
-0.000000e+000  -0.000000e+000  -0.000000e+000  -6.906885e-004  -1.367185e-003  -2.133250e-003  -2.813795e-003  -3.383508e-003  -4.169293e-003  
-0.000000e+000  -0.000000e+000  -0.000000e+000  -5.428264e-004  -1.074444e-003  -1.682349e-003  -2.222655e-003  -2.675106e-003  -3.299525e-003  
-0.000000e+000  -0.000000e+000  -0.000000e+000  -4.262309e-004  -8.436944e-004  -1.325480e-003  -1.753910e-003  -2.112810e-003  -2.608355e-003  
-0.000000e+000  -0.000000e+000  -0.000000e+000  -3.333378e-004  -6.598365e-004  -1.040108e-003  -1.378398e-003  -1.661869e-003  -2.053453e-003  
-0.000000e+000  -0.000000e+000  -0.000000e+000  -2.601801e-004  -5.149821e-004  -8.144206e-004  -1.080899e-003  -1.304295e-003  -1.613018e-003  
-0.000000e+000  2.545429e-009  -0.000000e+000  -2.023475e-004  -4.005686e-004  -6.355414e-004  -8.447614e-004  -1.020225e-003  -1.262816e-003  
-0.000000e+000  -1.691032e-009  -0.000000e+000  -1.069310e-004  -2.116591e-004  -3.383014e-004  -4.511408e-004  -5.458487e-004  -6.769184e-004  
-2.268927e-009  -0.000000e+000  -0.000000e+000  -5.418032e-005  -1.072679e-004  -1.724825e-004  -2.307318e-004  -2.796732e-004  -3.475217e-004  
2.268927e-009  -0.000000e+000  -0.000000e+000  -2.743047e-005  -5.429803e-005  -8.792146e-005  -1.179435e-004  -1.431788e-004  -1.781241e-004  
-1.743550e-009  -0.000000e+000  -0.000000e+000  -1.387927e-005  -2.748969e-005  -4.477778e-005  -6.023308e-005  -7.318897e-005  -9.113304e-005  
1.743550e-009  3.562181e-008  -0.000000e+000  -7.065058e-006  -1.392905e-005  -2.278885e-005  -3.066922e-005  -3.732354e-005  -4.658159e-005  
-2.111001e-009  -5.208842e-008  -0.000000e+000  -3.546446e-006  -7.058003e-006  -1.155568e-005  -1.561162e-005  -1.901356e-005  -2.376797e-005  
2.111001e-009  -3.750712e-008  -0.000000e+000  -1.781344e-006  -3.617660e-006  -5.852751e-006  -7.911679e-006  -9.624575e-006  -1.206105e-005  
-0.000000e+000  -0.000000e+000  -0.000000e+000  -9.018656e-007  -1.813798e-006  -2.975318e-006  -4.008492e-006  -4.873236e-006  -6.124320e-006  
-0.000000e+000  -0.000000e+000  -0.000000e+000  -4.584145e-007  -9.414449e-007  -1.489351e-006  -2.014820e-006  -2.456300e-006  -3.129325e-006  
-0.000000e+000  -6.231588e-008  -0.000000e+000  -2.089414e-007  -4.783068e-007  -8.223943e-007  -1.108990e-006  -1.348981e-006  -1.627897e-006  
-0.000000e+000  -0.000000e+000  -0.000000e+000  -1.045930e-007  -2.752131e-007  -4.394419e-007  -5.979949e-007  -7.130137e-007  -8.418069e-007  
1.777282e-009  -0.000000e+000  -0.000000e+000  -4.894326e-008  -8.712465e-008  -1.827594e-007  -3.224505e-007  -4.378136e-007  -5.942012e-007  
-0.000000e+000  -0.000000e+000  -0.000000e+000  -2.090685e-008  -9.776590e-008  -1.181564e-007  -1.889652e-007  -2.534155e-007  -3.197633e-007  
-1.662928e-009  5.535822e-008  -0.000000e+000  2.505432e-009  -4.800165e-008  -8.982963e-008  -1.208582e-007  -1.498405e-007  -1.799692e-007  
6.978936e-009  -0.000000e+000  -0.000000e+000  7.068628e-009  -5.908917e-008  -6.955352e-008  -9.675164e-008  -1.203512e-007  -1.049065e-007  
9.773437e-009  2.564658e-008  -0.000000e+000  -3.981768e-008  -2.592957e-008  -6.663776e-008  -1.157438e-007  -1.164504e-007  -1.127946e-007  
-1.766365e-009  -8.799092e-009  -0.000000e+000  -4.732143e-008  -1.802895e-008  -6.732467e-008  -1.093978e-007  -1.365628e-007  -1.175234e-007  
-2.214936e-008  -5.407129e-009  -0.000000e+000  -2.648032e-008  -3.334463e-008  -8.699455e-008  -1.009388e-007  -9.694617e-008  -1.077653e-007  
1.643827e-008  -3.760645e-008  -4.818782e-009  -2.940272e-008  -4.248900e-008  -6.213747e-008  -6.939089e-008  -7.170684e-008  -6.390233e-008  
1.954600e-008  1.713854e-008  -2.871969e-008  -2.413178e-008  -2.478492e-008  -5.171633e-008  -3.182076e-008  -3.082941e-008  -2.334071e-008  
2.474248e-008  4.226379e-008  2.500405e-008  -1.441221e-008  -2.239415e-008  -2.720775e-008  -3.552950e-008  -9.790996e-009  4.760964e-010  
5.647357e-008  5.453754e-008  3.640342e-008  1.962078e-008  7.386584e-009  -3.390806e-008  -4.753969e-008  -6.158880e-008  -1.608650e-008  

