Port monitor named: Port1_h1.prt

nx        = 108
ny        = 83
nz        = 21

nu        = 9
nv        = 98
iu        = 8
iv        = 6

idir      = 1
dcut      = -1.048000e-001
icut      = 6
type      = 1
frequency = 1.800000e+009

fcutoff   = 0.000000e+000
alpha     = 0.000000e+000
beta      = 6.981413e+001
accuracy  = 1.122776e-010

type          = QTEM
wave imp.     = 2.044742e+002
wave imp.sig. = 1.521220e-008
line imp.     = 4.906735e+001

ref. port     = 0

1.117657e-009  4.468462e-010  1.519073e-010  5.004925e-010  -4.614957e-010  -3.170720e-010  1.263070e-011  5.962958e-010  1.286291e-009  
-1.951600e-010  1.102400e-009  -7.364760e-010  -3.076834e-010  4.237661e-010  -1.293589e-009  -4.732707e-010  3.138326e-010  1.287024e-009  
2.837018e-009  -1.270071e-009  6.073327e-010  -9.834423e-010  -8.832570e-010  -6.318404e-010  -2.898911e-010  -5.885110e-010  9.466199e-010  
-9.137730e-010  6.562164e-010  1.315770e-009  -1.321059e-009  5.375174e-010  -6.527789e-010  -1.546016e-009  -9.069828e-010  -9.485146e-010  
-1.592542e-009  2.603427e-009  -0.000000e+000  1.619629e-009  -2.265238e-010  -3.217308e-010  -1.063412e-009  -6.427508e-010  6.847088e-010  
6.509714e-010  -1.904935e-009  -0.000000e+000  -2.238717e-009  -1.801268e-010  1.260189e-009  1.506302e-009  8.987870e-010  1.850420e-009  
6.298771e-010  -8.509554e-011  -0.000000e+000  2.663207e-009  -2.224859e-009  -2.359199e-010  9.317475e-010  1.947562e-009  3.169612e-009  
1.974345e-010  1.367829e-010  -0.000000e+000  5.580680e-010  1.409110e-009  4.627408e-010  9.561034e-010  1.272605e-009  1.577441e-009  
-5.627350e-011  -1.081050e-009  -0.000000e+000  -2.611829e-010  -5.293416e-010  1.242170e-009  2.062631e-009  2.352366e-009  1.083375e-009  
5.357913e-011  1.081050e-009  -0.000000e+000  1.178858e-010  1.937827e-009  1.956100e-009  2.395521e-009  2.451829e-009  3.627700e-009  
-5.587030e-011  -0.000000e+000  -0.000000e+000  7.257751e-010  1.669696e-009  1.147697e-009  1.656987e-009  2.780398e-009  4.327486e-009  
2.691755e-011  -0.000000e+000  -0.000000e+000  1.473323e-009  2.471600e-009  6.136546e-009  8.919777e-009  1.105390e-008  1.450878e-008  
-0.000000e+000  -0.000000e+000  -0.000000e+000  3.775946e-009  6.781512e-009  1.265024e-008  1.719440e-008  2.095337e-008  2.636182e-008  
2.819600e-011  -0.000000e+000  -0.000000e+000  7.584242e-009  1.548446e-008  2.485967e-008  3.334006e-008  4.051467e-008  5.039934e-008  
-5.852387e-011  -0.000000e+000  -0.000000e+000  1.393550e-008  2.768452e-008  4.777637e-008  6.554022e-008  8.050647e-008  1.018748e-007  
2.819600e-011  8.779511e-010  -0.000000e+000  2.761753e-008  5.455555e-008  9.501416e-008  1.305591e-007  1.606759e-007  2.019991e-007  
-0.000000e+000  -8.779511e-010  -0.000000e+000  5.483658e-008  1.089910e-007  1.867867e-007  2.572586e-007  3.167694e-007  3.984651e-007  
-0.000000e+000  -8.549669e-010  -0.000000e+000  1.087641e-007  2.143720e-007  3.705673e-007  5.110477e-007  6.301518e-007  7.973244e-007  
-2.724926e-011  1.505302e-009  -0.000000e+000  2.155889e-007  4.271810e-007  7.357735e-007  1.014252e-006  1.249128e-006  1.577683e-006  
5.655879e-011  2.186331e-010  -0.000000e+000  4.279463e-007  8.453569e-007  1.461529e-006  2.013764e-006  2.479895e-006  3.130850e-006  
-5.693261e-011  3.633646e-011  -0.000000e+000  8.479290e-007  1.680612e-006  2.897350e-006  3.992002e-006  4.917152e-006  6.209184e-006  
8.193501e-011  -9.710735e-010  -0.000000e+000  1.654330e-006  3.272929e-006  5.648502e-006  7.783752e-006  9.587084e-006  1.210648e-005  
-1.271455e-010  -0.000000e+000  -0.000000e+000  2.671576e-006  5.287554e-006  9.126846e-006  1.257437e-005  1.548642e-005  1.955598e-005  
-0.000000e+000  -0.000000e+000  -0.000000e+000  3.390503e-006  6.710993e-006  1.157866e-005  1.595391e-005  1.964985e-005  2.481384e-005  
-0.000000e+000  -0.000000e+000  -0.000000e+000  4.316592e-006  8.534629e-006  1.473107e-005  2.029668e-005  2.499750e-005  3.156583e-005  
-0.000000e+000  -0.000000e+000  -0.000000e+000  5.486205e-006  1.086629e-005  1.874422e-005  2.582880e-005  3.181150e-005  4.017003e-005  
-0.000000e+000  -0.000000e+000  -0.000000e+000  6.983117e-006  1.381591e-005  2.384171e-005  3.285016e-005  4.046003e-005  5.109112e-005  
-0.000000e+000  -0.000000e+000  -0.000000e+000  8.885293e-006  1.758180e-005  3.034078e-005  4.180639e-005  5.148881e-005  6.501866e-005  
-0.000000e+000  -0.000000e+000  -0.000000e+000  1.315117e-005  2.602486e-005  4.490768e-005  6.187549e-005  7.620753e-005  9.623063e-005  
-0.000000e+000  -0.000000e+000  -0.000000e+000  2.469957e-005  4.888029e-005  8.434589e-005  1.162169e-004  1.431346e-004  1.807384e-004  
-0.000000e+000  -9.086635e-010  -0.000000e+000  4.790401e-005  9.480088e-005  1.635838e-004  2.253962e-004  2.776040e-004  3.505409e-004  
-4.237294e-011  9.086635e-010  -0.000000e+000  9.266046e-005  1.833731e-004  3.164208e-004  4.359846e-004  5.369702e-004  6.780505e-004  
-9.252282e-010  -6.375066e-010  -0.000000e+000  1.791104e-004  3.544523e-004  6.116267e-004  8.427347e-004  1.037926e-003  1.310605e-003  
-4.643173e-011  3.909519e-010  -0.000000e+000  3.461589e-004  6.850362e-004  1.182054e-003  1.628678e-003  2.005875e-003  2.532755e-003  
1.010741e-009  2.465548e-010  -0.000000e+000  6.690394e-004  1.323989e-003  2.284536e-003  3.147601e-003  3.876416e-003  4.894176e-003  
6.916684e-011  8.520478e-010  -0.000000e+000  1.293389e-003  2.559478e-003  4.416071e-003  6.083823e-003  7.491697e-003  9.456369e-003  
-5.579500e-011  -8.520478e-010  -0.000000e+000  2.502006e-003  4.950866e-003  8.540660e-003  1.176316e-002  1.448120e-002  1.826735e-002  
-0.000000e+000  6.654070e-010  -0.000000e+000  4.848298e-003  9.591906e-003  1.653935e-002  2.276494e-002  2.800431e-002  3.526839e-002  
-0.000000e+000  4.823301e-011  -0.000000e+000  9.437254e-003  1.866183e-002  3.213965e-002  4.416063e-002  5.421858e-002  6.799373e-002  
-0.000000e+000  -7.136400e-010  -0.000000e+000  1.859057e-002  3.671404e-002  6.302023e-002  8.618821e-002  1.052763e-001  1.305926e-001  
3.645014e-011  8.131529e-010  -0.000000e+000  3.781163e-002  7.439494e-002  1.265097e-001  1.708198e-001  2.058299e-001  2.483720e-001  
-7.715912e-011  -8.131529e-010  -0.000000e+000  8.373399e-002  1.629470e-001  2.696038e-001  3.512995e-001  4.082967e-001  4.603064e-001  
4.193692e-011  -0.000000e+000  -0.000000e+000  2.225296e-001  4.201319e-001  6.430461e-001  7.619404e-001  8.080308e-001  7.800366e-001  
-0.000000e+000  -0.000000e+000  -0.000000e+000  6.349707e-001  1.137287e+000  1.475912e+000  1.453172e+000  1.298393e+000  9.840440e-001  
-0.000000e+000  -0.000000e+000  -0.000000e+000  1.256167e+000  2.199603e+000  2.403739e+000  2.018200e+000  1.577255e+000  1.027274e+000  
-0.000000e+000  -0.000000e+000  -0.000000e+000  2.789339e+000  5.135634e+000  4.072424e+000  2.664424e+000  1.720098e+000  9.386031e-001  
-0.000000e+000  -0.000000e+000  -0.000000e+000  5.231690e+000  1.373654e+001  5.906145e+000  2.744996e+000  1.461232e+000  6.967769e-001  
-0.000000e+000  -0.000000e+000  -0.000000e+000  2.830027e+000  -0.000000e+000  2.780716e+000  1.563335e+000  8.490128e-001  3.852358e-001  
-0.000000e+000  -0.000000e+000  -0.000000e+000  1.816153e-009  -0.000000e+000  -2.858355e-010  2.733146e-009  1.987704e-009  3.336634e-010  
-0.000000e+000  -0.000000e+000  -0.000000e+000  -2.830027e+000  -0.000000e+000  -2.780716e+000  -1.563335e+000  -8.490128e-001  -3.852358e-001  
-0.000000e+000  -0.000000e+000  -0.000000e+000  -5.231690e+000  -1.373654e+001  -5.906145e+000  -2.744996e+000  -1.461232e+000  -6.967769e-001  
-0.000000e+000  -0.000000e+000  -0.000000e+000  -2.789339e+000  -5.135634e+000  -4.072424e+000  -2.664424e+000  -1.720098e+000  -9.386031e-001  
-0.000000e+000  -0.000000e+000  -0.000000e+000  -1.256167e+000  -2.199603e+000  -2.403739e+000  -2.018200e+000  -1.577255e+000  -1.027274e+000  
-2.574909e-010  -1.542289e-010  -0.000000e+000  -6.349707e-001  -1.137287e+000  -1.475912e+000  -1.453172e+000  -1.298393e+000  -9.840440e-001  
1.746370e-010  1.046020e-010  -0.000000e+000  -2.225296e-001  -4.201319e-001  -6.430461e-001  -7.619404e-001  -8.080308e-001  -7.800366e-001  
-6.202394e-011  -3.715037e-011  -0.000000e+000  -8.373399e-002  -1.629470e-001  -2.696038e-001  -3.512995e-001  -4.082967e-001  -4.603064e-001  
-0.000000e+000  -0.000000e+000  -0.000000e+000  -3.781163e-002  -7.439494e-002  -1.265097e-001  -1.708198e-001  -2.058299e-001  -2.483720e-001  
-0.000000e+000  -0.000000e+000  -0.000000e+000  -1.859057e-002  -3.671404e-002  -6.302023e-002  -8.618822e-002  -1.052763e-001  -1.305926e-001  
-0.000000e+000  -0.000000e+000  -0.000000e+000  -9.437254e-003  -1.866183e-002  -3.213965e-002  -4.416063e-002  -5.421858e-002  -6.799373e-002  
-0.000000e+000  9.935513e-010  -0.000000e+000  -4.848297e-003  -9.591904e-003  -1.653934e-002  -2.276493e-002  -2.800431e-002  -3.526839e-002  
-0.000000e+000  1.272775e-010  -0.000000e+000  -2.502007e-003  -4.950865e-003  -8.540661e-003  -1.176316e-002  -1.448120e-002  -1.826735e-002  
-4.399316e-011  -1.120829e-009  -0.000000e+000  -1.293390e-003  -2.559476e-003  -4.416071e-003  -6.083824e-003  -7.491697e-003  -9.456370e-003  
9.105548e-011  -0.000000e+000  -0.000000e+000  -6.690389e-004  -1.323991e-003  -2.284536e-003  -3.147602e-003  -3.876417e-003  -4.894176e-003  
-4.399316e-011  -0.000000e+000  -0.000000e+000  -3.461602e-004  -6.850356e-004  -1.182055e-003  -1.628678e-003  -2.005874e-003  -2.532752e-003  
-0.000000e+000  -0.000000e+000  -0.000000e+000  -1.791095e-004  -3.544541e-004  -6.116269e-004  -8.427326e-004  -1.037924e-003  -1.310602e-003  
-0.000000e+000  -0.000000e+000  -0.000000e+000  -9.266124e-005  -1.833727e-004  -3.164221e-004  -4.359862e-004  -5.369713e-004  -6.780483e-004  
-0.000000e+000  -0.000000e+000  -0.000000e+000  -4.790390e-005  -9.480070e-005  -1.635822e-004  -2.253945e-004  -2.776020e-004  -3.505397e-004  
-4.137752e-011  -6.778228e-010  -0.000000e+000  -2.469912e-005  -4.887945e-005  -8.434509e-005  -1.162154e-004  -1.431334e-004  -1.807391e-004  
1.165042e-010  7.447928e-010  -0.000000e+000  -1.315097e-005  -2.602409e-005  -4.490748e-005  -6.187688e-005  -7.620968e-005  -9.623284e-005  
-1.717778e-010  -0.000000e+000  -0.000000e+000  -8.884365e-006  -1.758158e-005  -3.033991e-005  -4.180585e-005  -5.148827e-005  -6.501679e-005  
-0.000000e+000  -0.000000e+000  -0.000000e+000  -6.980680e-006  -1.381742e-005  -2.384032e-005  -3.284779e-005  -4.045796e-005  -5.108873e-005  
-0.000000e+000  -0.000000e+000  -0.000000e+000  -5.490226e-006  -1.086276e-005  -1.874505e-005  -2.582776e-005  -3.180980e-005  -4.016879e-005  
-0.000000e+000  -0.000000e+000  -0.000000e+000  -4.314378e-006  -8.537195e-006  -1.472906e-005  -2.029486e-005  -2.499681e-005  -3.156639e-005  
-0.000000e+000  -0.000000e+000  -0.000000e+000  -3.389347e-006  -6.709741e-006  -1.157877e-005  -1.595544e-005  -1.965073e-005  -2.481441e-005  
-0.000000e+000  -1.294005e-010  -0.000000e+000  -2.673496e-006  -5.287735e-006  -9.126299e-006  -1.257468e-005  -1.548691e-005  -1.955560e-005  
-0.000000e+000  8.338816e-011  -0.000000e+000  -1.654837e-006  -3.275745e-006  -5.650445e-006  -7.785088e-006  -9.588076e-006  -1.210671e-005  
4.053372e-011  -3.020980e-011  -0.000000e+000  -8.480135e-007  -1.677842e-006  -2.898522e-006  -3.993624e-006  -4.918352e-006  -6.209054e-006  
-8.413214e-011  -0.000000e+000  -0.000000e+000  -4.278197e-007  -8.470721e-007  -1.459440e-006  -2.011059e-006  -2.477284e-006  -3.130170e-006  
7.168174e-011  -0.000000e+000  -0.000000e+000  -2.156866e-007  -4.266034e-007  -7.360807e-007  -1.014129e-006  -1.249813e-006  -1.578837e-006  
-6.465109e-011  -6.363731e-010  -0.000000e+000  -1.078584e-007  -2.147626e-007  -3.712123e-007  -5.127251e-007  -6.311157e-007  -7.955678e-007  
6.886044e-011  1.566917e-009  -0.000000e+000  -5.563087e-008  -1.084303e-007  -1.879220e-007  -2.580713e-007  -3.179887e-007  -4.015091e-007  
-7.827621e-011  -2.604905e-010  -0.000000e+000  -2.778386e-008  -5.403554e-008  -9.461160e-008  -1.306207e-007  -1.612029e-007  -2.034294e-007  
3.771242e-011  -6.700538e-010  -0.000000e+000  -1.378691e-008  -2.841438e-008  -4.737675e-008  -6.559804e-008  -8.072049e-008  -1.019659e-007  
-0.000000e+000  -0.000000e+000  -0.000000e+000  -6.931994e-009  -1.362211e-008  -2.434130e-008  -3.323890e-008  -4.068429e-008  -5.090374e-008  
-0.000000e+000  1.113255e-009  -0.000000e+000  -3.965020e-009  -7.302462e-009  -1.073689e-008  -1.484306e-008  -1.832514e-008  -2.524962e-008  
-0.000000e+000  -1.113255e-009  -0.000000e+000  -1.596565e-009  -3.100372e-009  -6.183989e-009  -8.366899e-009  -1.051849e-008  -1.311271e-008  
-3.175063e-011  -0.000000e+000  -0.000000e+000  -8.490195e-010  -3.074528e-009  -4.214666e-009  -4.478005e-009  -4.410874e-009  -3.820179e-009  
3.415124e-011  -0.000000e+000  -0.000000e+000  -4.163928e-010  3.580946e-010  -9.385401e-010  -2.130035e-009  -3.009932e-009  -4.587689e-009  
3.187781e-011  -9.889584e-010  -0.000000e+000  -3.857815e-010  -8.236874e-010  -4.050952e-010  -1.088355e-009  -1.702833e-009  -2.340807e-009  
-1.656002e-010  1.060805e-009  -0.000000e+000  -5.619357e-011  2.730174e-010  -3.100773e-010  -3.713325e-010  -4.618900e-010  -1.316856e-009  
-1.360121e-010  -1.303781e-009  -0.000000e+000  2.410614e-009  -1.637585e-009  -8.462303e-011  1.039438e-009  -1.200215e-010  4.973635e-010  
5.973319e-010  1.763269e-009  -0.000000e+000  4.053454e-010  -3.583253e-010  9.161904e-011  -2.638466e-010  1.083673e-009  3.099663e-010  
1.078437e-009  -1.368952e-010  -0.000000e+000  -1.027305e-009  8.284774e-010  1.056924e-009  -3.858704e-010  -1.982582e-009  -4.614515e-010  
-1.934381e-009  1.794651e-009  3.030135e-010  2.854113e-010  6.073198e-010  -1.239618e-009  -1.621921e-009  -1.310607e-009  -2.302000e-009  
-8.927473e-011  -2.792797e-009  1.336879e-009  -1.951331e-010  -8.514309e-010  -5.005152e-010  -1.950230e-009  -2.145313e-009  -2.144503e-009  
-2.197555e-010  -1.263015e-009  -2.763972e-009  -4.580409e-010  -7.478968e-011  -1.254586e-009  2.110511e-010  -1.104130e-009  -1.264133e-009  
-3.954439e-010  -1.419185e-010  -1.303928e-010  -4.253705e-010  -3.708061e-010  1.025024e-010  1.679309e-010  6.840529e-010  2.310438e-010  
-0.000000e+000  -0.000000e+000  -0.000000e+000  -0.000000e+000  -0.000000e+000  -0.000000e+000  -0.000000e+000  -0.000000e+000  -0.000000e+000  

-5.070393e-009  -1.651197e-009  -3.208236e-009  -4.693647e-009  -1.764336e-009  1.204523e-009  2.532696e-009  1.965576e-009  -0.000000e+000  
-6.235405e-010  3.259938e-010  -5.501963e-009  1.846334e-009  -2.349118e-009  -2.075276e-010  -2.042400e-011  5.644146e-010  -0.000000e+000  
-2.753958e-009  3.352871e-009  -6.199916e-009  6.303639e-010  -4.544420e-010  -1.068204e-009  -8.521816e-010  1.023151e-010  -0.000000e+000  
3.988374e-009  2.902657e-010  -3.528126e-009  4.927760e-010  -7.044757e-010  -1.411245e-009  -4.932321e-010  -6.310654e-010  -0.000000e+000  
1.415908e-009  -1.229871e-009  1.283636e-009  -2.609938e-009  6.090781e-010  -4.055440e-010  -1.159201e-009  -5.829348e-010  -0.000000e+000  
-5.694676e-009  2.872287e-009  -9.808994e-010  5.966734e-010  7.347871e-010  4.397169e-010  -1.604468e-009  -1.241907e-009  -0.000000e+000  
-1.352343e-009  -5.023580e-010  2.896232e-009  -2.968467e-009  -8.732001e-010  1.675934e-010  -9.135799e-010  -1.717665e-009  -0.000000e+000  
-1.394660e-010  -6.419515e-010  -1.714877e-009  5.496864e-009  -3.111222e-009  -1.135975e-009  -2.054566e-009  -2.345651e-009  -0.000000e+000  
1.329541e-010  -0.000000e+000  -4.238109e-009  1.619649e-009  -2.814869e-010  -2.618716e-009  -3.025771e-009  -2.799251e-009  -0.000000e+000  
5.079897e-009  -5.459158e-009  -3.305554e-009  2.601043e-009  -6.244684e-009  -5.483146e-009  -4.136324e-009  -1.043579e-009  -0.000000e+000  
1.296850e-010  -0.000000e+000  -4.396796e-009  -6.862776e-009  -6.769210e-009  -7.296688e-009  -4.659086e-009  -2.987720e-009  -0.000000e+000  
-1.296850e-010  -0.000000e+000  -8.766860e-009  -1.228456e-008  -5.863923e-009  -9.625148e-009  -8.863648e-009  -5.681729e-009  -0.000000e+000  
-0.000000e+000  -0.000000e+000  -1.781680e-008  -1.895637e-008  -1.922710e-008  -1.999461e-008  -1.693052e-008  -1.153196e-008  -0.000000e+000  
-0.000000e+000  -0.000000e+000  -3.961318e-008  -3.688983e-008  -4.093402e-008  -3.716783e-008  -3.118970e-008  -2.089287e-008  -0.000000e+000  
1.358444e-010  -0.000000e+000  -8.290421e-008  -8.159527e-008  -7.637823e-008  -6.917963e-008  -5.825155e-008  -3.798403e-008  -0.000000e+000  
-1.358444e-010  -0.000000e+000  -1.635261e-007  -1.610464e-007  -1.516788e-007  -1.359083e-007  -1.144736e-007  -7.456442e-008  -0.000000e+000  
-4.229845e-009  4.433534e-009  -3.233750e-007  -3.170674e-007  -3.030365e-007  -2.693065e-007  -2.274342e-007  -1.456405e-007  -0.000000e+000  
-0.000000e+000  -0.000000e+000  -6.405259e-007  -6.298889e-007  -5.952415e-007  -5.336469e-007  -4.506402e-007  -2.861470e-007  -0.000000e+000  
4.119110e-009  -4.317467e-009  -1.269565e-006  -1.241440e-006  -1.180826e-006  -1.060150e-006  -8.967141e-007  -5.722916e-007  -0.000000e+000  
-3.264506e-009  3.284104e-009  -2.515881e-006  -2.464232e-006  -2.337784e-006  -2.103314e-006  -1.776549e-006  -1.134977e-006  -0.000000e+000  
-4.055283e-009  4.388171e-009  -4.988132e-006  -4.877034e-006  -4.644284e-006  -4.170755e-006  -3.521441e-006  -2.249312e-006  -0.000000e+000  
-4.504640e-009  4.571665e-009  -9.883401e-006  -9.682363e-006  -9.198181e-006  -8.265951e-006  -6.981482e-006  -4.459121e-006  -0.000000e+000  
2.152663e-010  -0.000000e+000  -1.877963e-005  -1.838769e-005  -1.747894e-005  -1.570656e-005  -1.326410e-005  -8.472714e-006  -0.000000e+000  
-0.000000e+000  -0.000000e+000  -2.419158e-005  -2.368718e-005  -2.251979e-005  -2.023210e-005  -1.708573e-005  -1.091469e-005  -0.000000e+000  
-0.000000e+000  -0.000000e+000  -3.105743e-005  -3.041130e-005  -2.890945e-005  -2.597331e-005  -2.193422e-005  -1.401225e-005  -0.000000e+000  
-0.000000e+000  -0.000000e+000  -3.979451e-005  -3.895173e-005  -3.703965e-005  -3.327387e-005  -2.809880e-005  -1.795074e-005  -0.000000e+000  
-0.000000e+000  -0.000000e+000  -5.077313e-005  -4.971603e-005  -4.725846e-005  -4.245944e-005  -3.585382e-005  -2.290482e-005  -0.000000e+000  
-0.000000e+000  -0.000000e+000  -6.474046e-005  -6.338465e-005  -6.025730e-005  -5.413528e-005  -4.571402e-005  -2.920325e-005  -0.000000e+000  
-0.000000e+000  -0.000000e+000  -8.250603e-005  -8.077455e-005  -7.679341e-005  -6.898967e-005  -5.825490e-005  -3.721564e-005  -0.000000e+000  
-0.000000e+000  -0.000000e+000  -1.486167e-004  -1.454959e-004  -1.383235e-004  -1.242588e-004  -1.049242e-004  -6.702721e-005  -0.000000e+000  
-0.000000e+000  -0.000000e+000  -2.849010e-004  -2.789278e-004  -2.651679e-004  -2.381992e-004  -2.011257e-004  -1.284733e-004  -0.000000e+000  
4.205231e-009  -4.407735e-009  -5.488960e-004  -5.373951e-004  -5.108701e-004  -4.589004e-004  -3.874682e-004  -2.474941e-004  -0.000000e+000  
-1.960990e-010  -0.000000e+000  -1.058864e-003  -1.036691e-003  -9.855005e-004  -8.852168e-004  -7.474045e-004  -4.773807e-004  -0.000000e+000  
-1.551566e-009  -3.102642e-009  -2.043200e-003  -2.000417e-003  -1.901606e-003  -1.708025e-003  -1.442055e-003  -9.210088e-004  -0.000000e+000  
-3.575321e-009  -1.205790e-009  -3.942600e-003  -3.860074e-003  -3.669288e-003  -3.295551e-003  -2.782214e-003  -1.776756e-003  -0.000000e+000  
-4.386960e-011  -0.000000e+000  -7.607371e-003  -7.448121e-003  -7.079663e-003  -6.357923e-003  -5.367025e-003  -3.426789e-003  -0.000000e+000  
-3.685003e-009  4.133104e-009  -1.467872e-002  -1.437119e-002  -1.365898e-002  -1.226422e-002  -1.035062e-002  -6.605956e-003  -0.000000e+000  
-0.000000e+000  -0.000000e+000  -2.832885e-002  -2.773364e-002  -2.635379e-002  -2.365298e-002  -1.995250e-002  -1.272106e-002  -0.000000e+000  
-3.079457e-009  3.227749e-009  -5.471360e-002  -5.355445e-002  -5.086425e-002  -4.560590e-002  -3.842368e-002  -2.443489e-002  -0.000000e+000  
-3.302676e-009  3.461717e-009  -1.059082e-001  -1.036127e-001  -9.827936e-002  -8.789390e-002  -7.381910e-002  -4.663717e-002  -0.000000e+000  
-0.000000e+000  -0.000000e+000  -2.062853e-001  -2.015316e-001  -1.904827e-001  -1.691995e-001  -1.409416e-001  -8.755583e-002  -0.000000e+000  
-3.594526e-009  3.944433e-009  -4.087766e-001  -3.977302e-001  -3.721456e-001  -3.244174e-001  -2.643996e-001  -1.572571e-001  -0.000000e+000  
-1.766298e-010  -0.000000e+000  -8.499946e-001  -8.165958e-001  -7.406574e-001  -6.111696e-001  -4.689365e-001  -2.482736e-001  -0.000000e+000  
-0.000000e+000  -0.000000e+000  -1.885725e+000  -1.743294e+000  -1.433097e+000  -1.002496e+000  -6.448223e-001  -2.395331e-001  -0.000000e+000  
-0.000000e+000  -0.000000e+000  -3.021407e+000  -2.651301e+000  -1.852441e+000  -1.011753e+000  -4.987731e-001  -9.322874e-002  -0.000000e+000  
-0.000000e+000  -0.000000e+000  -5.232286e+000  -4.327501e+000  -2.133631e+000  -6.244583e-001  -3.808858e-002  1.722178e-001  -0.000000e+000  
-0.000000e+000  -0.000000e+000  -1.007740e+001  -8.419671e+000  -1.020965e+000  8.938803e-001  9.812259e-001  5.564351e-001  -0.000000e+000  
-0.000000e+000  -0.000000e+000  -1.666813e+001  -1.854479e+001  7.196499e+000  3.428127e+000  2.005292e+000  8.332030e-001  -0.000000e+000  
-0.000000e+000  -0.000000e+000  -2.039827e+001  -2.256301e+001  7.723403e+000  4.443451e+000  2.600962e+000  1.009167e+000  -0.000000e+000  
-0.000000e+000  -0.000000e+000  -2.039827e+001  -2.256301e+001  7.723403e+000  4.443451e+000  2.600962e+000  1.009167e+000  -0.000000e+000  
-0.000000e+000  -0.000000e+000  -1.666813e+001  -1.854479e+001  7.196499e+000  3.428127e+000  2.005292e+000  8.332030e-001  -0.000000e+000  
-0.000000e+000  -0.000000e+000  -1.007740e+001  -8.419671e+000  -1.020965e+000  8.938803e-001  9.812259e-001  5.564351e-001  -0.000000e+000  
-0.000000e+000  -0.000000e+000  -5.232286e+000  -4.327501e+000  -2.133631e+000  -6.244583e-001  -3.808858e-002  1.722178e-001  -0.000000e+000  
-0.000000e+000  -0.000000e+000  -3.021407e+000  -2.651301e+000  -1.852441e+000  -1.011753e+000  -4.987731e-001  -9.322874e-002  -0.000000e+000  
-1.728800e-010  -2.698009e-010  -1.885725e+000  -1.743294e+000  -1.433097e+000  -1.002496e+000  -6.448223e-001  -2.395331e-001  -0.000000e+000  
1.151131e-010  1.796486e-010  -8.499946e-001  -8.165958e-001  -7.406574e-001  -6.111696e-001  -4.689365e-001  -2.482736e-001  -0.000000e+000  
-0.000000e+000  -0.000000e+000  -4.087766e-001  -3.977302e-001  -3.721457e-001  -3.244174e-001  -2.643996e-001  -1.572571e-001  -0.000000e+000  
-0.000000e+000  -0.000000e+000  -2.062853e-001  -2.015316e-001  -1.904827e-001  -1.691995e-001  -1.409416e-001  -8.755584e-002  -0.000000e+000  
-0.000000e+000  -0.000000e+000  -1.059082e-001  -1.036127e-001  -9.827936e-002  -8.789390e-002  -7.381910e-002  -4.663717e-002  -0.000000e+000  
-0.000000e+000  -0.000000e+000  -5.471360e-002  -5.355445e-002  -5.086425e-002  -4.560590e-002  -3.842368e-002  -2.443489e-002  -0.000000e+000  
-4.598086e-009  4.819508e-009  -2.832885e-002  -2.773364e-002  -2.635379e-002  -2.365297e-002  -1.995250e-002  -1.272105e-002  -0.000000e+000  
-5.187118e-009  5.436904e-009  -1.467872e-002  -1.437119e-002  -1.365898e-002  -1.226422e-002  -1.035061e-002  -6.605951e-003  -0.000000e+000  
-2.035973e-010  -0.000000e+000  -7.607369e-003  -7.448130e-003  -7.079656e-003  -6.357922e-003  -5.367021e-003  -3.426783e-003  -0.000000e+000  
2.035973e-010  -0.000000e+000  -3.942601e-003  -3.860072e-003  -3.669288e-003  -3.295546e-003  -2.782209e-003  -1.776751e-003  -0.000000e+000  
-0.000000e+000  -0.000000e+000  -2.043196e-003  -2.000425e-003  -1.901602e-003  -1.708020e-003  -1.442054e-003  -9.210065e-004  -0.000000e+000  
-0.000000e+000  -0.000000e+000  -1.058864e-003  -1.036684e-003  -9.855019e-004  -8.852195e-004  -7.474049e-004  -4.773793e-004  -0.000000e+000  
-0.000000e+000  -0.000000e+000  -5.488919e-004  -5.373943e-004  -5.108664e-004  -4.589023e-004  -3.874704e-004  -2.474973e-004  -0.000000e+000  
-0.000000e+000  -0.000000e+000  -2.848975e-004  -2.789274e-004  -2.651687e-004  -2.382012e-004  -2.011289e-004  -1.284754e-004  -0.000000e+000  
2.945425e-009  -3.287975e-009  -1.486153e-004  -1.454973e-004  -1.383242e-004  -1.242629e-004  -1.049266e-004  -6.702665e-005  -0.000000e+000  
2.875882e-010  -0.000000e+000  -8.250554e-005  -8.077849e-005  -7.679253e-005  -6.898933e-005  -5.825517e-005  -3.721502e-005  -0.000000e+000  
-0.000000e+000  -0.000000e+000  -6.474158e-005  -6.338740e-005  -6.025717e-005  -5.413460e-005  -4.571430e-005  -2.920330e-005  -0.000000e+000  
-0.000000e+000  -0.000000e+000  -5.077848e-005  -4.971207e-005  -4.726158e-005  -4.245987e-005  -3.585378e-005  -2.290502e-005  -0.000000e+000  
-0.000000e+000  -0.000000e+000  -3.979304e-005  -3.896076e-005  -3.703798e-005  -3.327640e-005  -2.809950e-005  -1.795072e-005  -0.000000e+000  
-0.000000e+000  -0.000000e+000  -3.105987e-005  -3.041214e-005  -2.891299e-005  -2.597566e-005  -2.193367e-005  -1.401159e-005  -0.000000e+000  
-0.000000e+000  -0.000000e+000  -2.419613e-005  -2.368827e-005  -2.252188e-005  -2.023290e-005  -1.708594e-005  -1.091421e-005  -0.000000e+000  
2.190841e-010  -2.289206e-010  -1.878094e-005  -1.839189e-005  -1.748192e-005  -1.570645e-005  -1.326414e-005  -8.472703e-006  -0.000000e+000  
-1.455466e-010  1.520813e-010  -9.882609e-006  -9.676186e-006  -9.203973e-006  -8.267846e-006  -6.982711e-006  -4.460250e-006  -0.000000e+000  
1.952857e-010  -0.000000e+000  -4.986661e-006  -4.884690e-006  -4.637313e-006  -4.171115e-006  -3.523976e-006  -2.252391e-006  -0.000000e+000  
-1.952857e-010  -0.000000e+000  -2.515192e-006  -2.462961e-006  -2.343087e-006  -2.105723e-006  -1.778813e-006  -1.135180e-006  -0.000000e+000  
1.500668e-010  -0.000000e+000  -1.268298e-006  -1.243388e-006  -1.183205e-006  -1.063846e-006  -8.962917e-007  -5.717051e-007  -0.000000e+000  
2.915889e-009  -3.213598e-009  -6.434043e-007  -6.251320e-007  -5.965504e-007  -5.338375e-007  -4.523607e-007  -2.894915e-007  -0.000000e+000  
-4.301538e-009  4.699122e-009  -3.221036e-007  -3.187687e-007  -2.987314e-007  -2.703735e-007  -2.277282e-007  -1.462289e-007  -0.000000e+000  
-3.409918e-009  3.383681e-009  -1.613743e-007  -1.660912e-007  -1.469440e-007  -1.354385e-007  -1.132394e-007  -7.381318e-008  -0.000000e+000  
-0.000000e+000  -0.000000e+000  -8.150293e-008  -8.233069e-008  -7.526051e-008  -6.725451e-008  -5.650419e-008  -3.737483e-008  -0.000000e+000  
-0.000000e+000  -0.000000e+000  -4.133386e-008  -4.347435e-008  -3.545319e-008  -3.386537e-008  -2.854907e-008  -1.979168e-008  -0.000000e+000  
-5.363505e-009  5.621786e-009  -1.890587e-008  -2.420852e-008  -2.178445e-008  -1.832157e-008  -1.537588e-008  -8.363560e-009  -0.000000e+000  
-0.000000e+000  -0.000000e+000  -9.475898e-009  -1.527932e-008  -1.049270e-008  -1.007285e-008  -7.437021e-009  -3.925693e-009  -0.000000e+000  
-1.529700e-010  -0.000000e+000  -4.452792e-009  -3.505156e-009  -6.103253e-009  -8.586537e-009  -7.122450e-009  -4.438728e-009  -0.000000e+000  
-0.000000e+000  -0.000000e+000  -1.916756e-009  -6.842713e-009  -1.511035e-009  -4.371649e-009  -3.968700e-009  -1.921751e-009  -0.000000e+000  
4.907790e-009  -4.994106e-009  1.469932e-010  -4.516530e-009  -2.677414e-009  -2.030937e-009  -1.875363e-009  -9.305176e-010  -0.000000e+000  
-6.006746e-010  -0.000000e+000  5.740840e-010  -5.869615e-009  -7.851185e-010  -1.717048e-009  -1.479057e-009  3.310906e-010  -0.000000e+000  
1.366196e-009  -2.306499e-009  -3.551359e-009  1.181269e-009  -2.486117e-009  -2.942894e-009  -1.478453e-010  4.207787e-011  -0.000000e+000  
-5.924866e-010  8.204234e-010  -4.220327e-009  2.535831e-009  -2.963868e-009  -2.523315e-009  -1.640024e-009  4.550867e-010  -0.000000e+000  
1.464669e-009  4.105887e-010  -1.716412e-009  -6.682422e-010  -3.208389e-009  -9.004738e-010  1.555409e-010  -3.140120e-010  -0.000000e+000  
-4.661617e-009  2.807637e-009  -2.200402e-009  -1.211247e-009  -1.203459e-009  -4.874770e-010  -1.878692e-010  1.755524e-010  -0.000000e+000  
-2.194037e-010  -3.979069e-009  3.631394e-010  -1.087686e-010  -1.598730e-009  1.079527e-009  1.043621e-011  1.700091e-010  -0.000000e+000  
1.497853e-009  -1.516642e-009  -3.513706e-009  -7.528902e-010  -3.273732e-010  -5.219873e-010  1.433123e-009  2.444851e-010  -0.000000e+000  
-1.802556e-010  -1.594082e-009  -1.523805e-009  -1.133573e-009  -2.419970e-009  -8.337600e-010  -8.414448e-010  1.183416e-009  -0.000000e+000  

0.000000e+000  0.000000e+000  0.000000e+000  0.000000e+000  0.000000e+000  0.000000e+000  0.000000e+000  0.000000e+000  0.000000e+000  
0.000000e+000  0.000000e+000  0.000000e+000  0.000000e+000  0.000000e+000  0.000000e+000  0.000000e+000  0.000000e+000  0.000000e+000  
0.000000e+000  0.000000e+000  0.000000e+000  0.000000e+000  0.000000e+000  0.000000e+000  0.000000e+000  0.000000e+000  0.000000e+000  
0.000000e+000  0.000000e+000  0.000000e+000  0.000000e+000  0.000000e+000  0.000000e+000  0.000000e+000  0.000000e+000  0.000000e+000  
0.000000e+000  0.000000e+000  0.000000e+000  0.000000e+000  0.000000e+000  0.000000e+000  0.000000e+000  0.000000e+000  0.000000e+000  
0.000000e+000  0.000000e+000  0.000000e+000  0.000000e+000  0.000000e+000  0.000000e+000  0.000000e+000  0.000000e+000  0.000000e+000  
0.000000e+000  0.000000e+000  0.000000e+000  0.000000e+000  0.000000e+000  0.000000e+000  0.000000e+000  0.000000e+000  0.000000e+000  
0.000000e+000  0.000000e+000  0.000000e+000  0.000000e+000  0.000000e+000  0.000000e+000  0.000000e+000  0.000000e+000  0.000000e+000  
0.000000e+000  0.000000e+000  0.000000e+000  0.000000e+000  0.000000e+000  0.000000e+000  0.000000e+000  0.000000e+000  0.000000e+000  
0.000000e+000  0.000000e+000  0.000000e+000  0.000000e+000  0.000000e+000  0.000000e+000  0.000000e+000  0.000000e+000  0.000000e+000  
0.000000e+000  0.000000e+000  0.000000e+000  0.000000e+000  0.000000e+000  0.000000e+000  0.000000e+000  0.000000e+000  0.000000e+000  
0.000000e+000  0.000000e+000  0.000000e+000  0.000000e+000  0.000000e+000  0.000000e+000  0.000000e+000  0.000000e+000  0.000000e+000  
0.000000e+000  0.000000e+000  0.000000e+000  0.000000e+000  0.000000e+000  0.000000e+000  0.000000e+000  0.000000e+000  0.000000e+000  
0.000000e+000  0.000000e+000  0.000000e+000  0.000000e+000  0.000000e+000  0.000000e+000  0.000000e+000  0.000000e+000  0.000000e+000  
0.000000e+000  0.000000e+000  0.000000e+000  0.000000e+000  0.000000e+000  0.000000e+000  0.000000e+000  0.000000e+000  0.000000e+000  
0.000000e+000  0.000000e+000  0.000000e+000  0.000000e+000  0.000000e+000  0.000000e+000  0.000000e+000  0.000000e+000  0.000000e+000  
0.000000e+000  0.000000e+000  0.000000e+000  0.000000e+000  0.000000e+000  0.000000e+000  0.000000e+000  0.000000e+000  0.000000e+000  
0.000000e+000  0.000000e+000  0.000000e+000  0.000000e+000  0.000000e+000  0.000000e+000  0.000000e+000  0.000000e+000  0.000000e+000  
0.000000e+000  0.000000e+000  0.000000e+000  0.000000e+000  0.000000e+000  0.000000e+000  0.000000e+000  0.000000e+000  0.000000e+000  
0.000000e+000  0.000000e+000  0.000000e+000  0.000000e+000  0.000000e+000  0.000000e+000  0.000000e+000  0.000000e+000  0.000000e+000  
0.000000e+000  0.000000e+000  0.000000e+000  0.000000e+000  0.000000e+000  0.000000e+000  0.000000e+000  0.000000e+000  0.000000e+000  
0.000000e+000  0.000000e+000  0.000000e+000  0.000000e+000  0.000000e+000  0.000000e+000  0.000000e+000  0.000000e+000  0.000000e+000  
0.000000e+000  0.000000e+000  0.000000e+000  0.000000e+000  0.000000e+000  0.000000e+000  0.000000e+000  0.000000e+000  0.000000e+000  
0.000000e+000  0.000000e+000  0.000000e+000  0.000000e+000  0.000000e+000  0.000000e+000  0.000000e+000  0.000000e+000  0.000000e+000  
0.000000e+000  0.000000e+000  0.000000e+000  0.000000e+000  0.000000e+000  0.000000e+000  0.000000e+000  0.000000e+000  0.000000e+000  
0.000000e+000  0.000000e+000  0.000000e+000  0.000000e+000  0.000000e+000  0.000000e+000  0.000000e+000  0.000000e+000  0.000000e+000  
0.000000e+000  0.000000e+000  0.000000e+000  0.000000e+000  0.000000e+000  0.000000e+000  0.000000e+000  0.000000e+000  0.000000e+000  
0.000000e+000  0.000000e+000  0.000000e+000  0.000000e+000  0.000000e+000  0.000000e+000  0.000000e+000  0.000000e+000  0.000000e+000  
0.000000e+000  0.000000e+000  0.000000e+000  0.000000e+000  0.000000e+000  0.000000e+000  0.000000e+000  0.000000e+000  0.000000e+000  
0.000000e+000  0.000000e+000  0.000000e+000  0.000000e+000  0.000000e+000  0.000000e+000  0.000000e+000  0.000000e+000  0.000000e+000  
0.000000e+000  0.000000e+000  0.000000e+000  0.000000e+000  0.000000e+000  0.000000e+000  0.000000e+000  0.000000e+000  0.000000e+000  
0.000000e+000  0.000000e+000  0.000000e+000  0.000000e+000  0.000000e+000  0.000000e+000  0.000000e+000  0.000000e+000  0.000000e+000  
0.000000e+000  0.000000e+000  0.000000e+000  0.000000e+000  0.000000e+000  0.000000e+000  0.000000e+000  0.000000e+000  0.000000e+000  
0.000000e+000  0.000000e+000  0.000000e+000  0.000000e+000  0.000000e+000  0.000000e+000  0.000000e+000  0.000000e+000  0.000000e+000  
0.000000e+000  0.000000e+000  0.000000e+000  0.000000e+000  0.000000e+000  0.000000e+000  0.000000e+000  0.000000e+000  0.000000e+000  
0.000000e+000  0.000000e+000  0.000000e+000  0.000000e+000  0.000000e+000  0.000000e+000  0.000000e+000  0.000000e+000  0.000000e+000  
0.000000e+000  0.000000e+000  0.000000e+000  0.000000e+000  0.000000e+000  0.000000e+000  0.000000e+000  0.000000e+000  0.000000e+000  
0.000000e+000  0.000000e+000  0.000000e+000  0.000000e+000  0.000000e+000  0.000000e+000  0.000000e+000  0.000000e+000  0.000000e+000  
0.000000e+000  0.000000e+000  0.000000e+000  0.000000e+000  0.000000e+000  0.000000e+000  0.000000e+000  0.000000e+000  0.000000e+000  
0.000000e+000  0.000000e+000  0.000000e+000  0.000000e+000  0.000000e+000  0.000000e+000  0.000000e+000  0.000000e+000  0.000000e+000  
0.000000e+000  0.000000e+000  0.000000e+000  0.000000e+000  0.000000e+000  0.000000e+000  0.000000e+000  0.000000e+000  0.000000e+000  
0.000000e+000  0.000000e+000  0.000000e+000  0.000000e+000  0.000000e+000  0.000000e+000  0.000000e+000  0.000000e+000  0.000000e+000  
0.000000e+000  0.000000e+000  0.000000e+000  0.000000e+000  0.000000e+000  0.000000e+000  0.000000e+000  0.000000e+000  0.000000e+000  
0.000000e+000  0.000000e+000  0.000000e+000  0.000000e+000  0.000000e+000  0.000000e+000  0.000000e+000  0.000000e+000  0.000000e+000  
0.000000e+000  0.000000e+000  0.000000e+000  0.000000e+000  0.000000e+000  0.000000e+000  0.000000e+000  0.000000e+000  0.000000e+000  
0.000000e+000  0.000000e+000  0.000000e+000  0.000000e+000  0.000000e+000  0.000000e+000  0.000000e+000  0.000000e+000  0.000000e+000  
0.000000e+000  0.000000e+000  0.000000e+000  0.000000e+000  0.000000e+000  0.000000e+000  0.000000e+000  0.000000e+000  0.000000e+000  
0.000000e+000  0.000000e+000  0.000000e+000  0.000000e+000  0.000000e+000  0.000000e+000  0.000000e+000  0.000000e+000  0.000000e+000  
0.000000e+000  0.000000e+000  0.000000e+000  0.000000e+000  0.000000e+000  0.000000e+000  0.000000e+000  0.000000e+000  0.000000e+000  
0.000000e+000  0.000000e+000  0.000000e+000  0.000000e+000  0.000000e+000  0.000000e+000  0.000000e+000  0.000000e+000  0.000000e+000  
0.000000e+000  0.000000e+000  0.000000e+000  0.000000e+000  0.000000e+000  0.000000e+000  0.000000e+000  0.000000e+000  0.000000e+000  
0.000000e+000  0.000000e+000  0.000000e+000  0.000000e+000  0.000000e+000  0.000000e+000  0.000000e+000  0.000000e+000  0.000000e+000  
0.000000e+000  0.000000e+000  0.000000e+000  0.000000e+000  0.000000e+000  0.000000e+000  0.000000e+000  0.000000e+000  0.000000e+000  
0.000000e+000  0.000000e+000  0.000000e+000  0.000000e+000  0.000000e+000  0.000000e+000  0.000000e+000  0.000000e+000  0.000000e+000  
0.000000e+000  0.000000e+000  0.000000e+000  0.000000e+000  0.000000e+000  0.000000e+000  0.000000e+000  0.000000e+000  0.000000e+000  
0.000000e+000  0.000000e+000  0.000000e+000  0.000000e+000  0.000000e+000  0.000000e+000  0.000000e+000  0.000000e+000  0.000000e+000  
0.000000e+000  0.000000e+000  0.000000e+000  0.000000e+000  0.000000e+000  0.000000e+000  0.000000e+000  0.000000e+000  0.000000e+000  
0.000000e+000  0.000000e+000  0.000000e+000  0.000000e+000  0.000000e+000  0.000000e+000  0.000000e+000  0.000000e+000  0.000000e+000  
0.000000e+000  0.000000e+000  0.000000e+000  0.000000e+000  0.000000e+000  0.000000e+000  0.000000e+000  0.000000e+000  0.000000e+000  
0.000000e+000  0.000000e+000  0.000000e+000  0.000000e+000  0.000000e+000  0.000000e+000  0.000000e+000  0.000000e+000  0.000000e+000  
0.000000e+000  0.000000e+000  0.000000e+000  0.000000e+000  0.000000e+000  0.000000e+000  0.000000e+000  0.000000e+000  0.000000e+000  
0.000000e+000  0.000000e+000  0.000000e+000  0.000000e+000  0.000000e+000  0.000000e+000  0.000000e+000  0.000000e+000  0.000000e+000  
0.000000e+000  0.000000e+000  0.000000e+000  0.000000e+000  0.000000e+000  0.000000e+000  0.000000e+000  0.000000e+000  0.000000e+000  
0.000000e+000  0.000000e+000  0.000000e+000  0.000000e+000  0.000000e+000  0.000000e+000  0.000000e+000  0.000000e+000  0.000000e+000  
0.000000e+000  0.000000e+000  0.000000e+000  0.000000e+000  0.000000e+000  0.000000e+000  0.000000e+000  0.000000e+000  0.000000e+000  
0.000000e+000  0.000000e+000  0.000000e+000  0.000000e+000  0.000000e+000  0.000000e+000  0.000000e+000  0.000000e+000  0.000000e+000  
0.000000e+000  0.000000e+000  0.000000e+000  0.000000e+000  0.000000e+000  0.000000e+000  0.000000e+000  0.000000e+000  0.000000e+000  
0.000000e+000  0.000000e+000  0.000000e+000  0.000000e+000  0.000000e+000  0.000000e+000  0.000000e+000  0.000000e+000  0.000000e+000  
0.000000e+000  0.000000e+000  0.000000e+000  0.000000e+000  0.000000e+000  0.000000e+000  0.000000e+000  0.000000e+000  0.000000e+000  
0.000000e+000  0.000000e+000  0.000000e+000  0.000000e+000  0.000000e+000  0.000000e+000  0.000000e+000  0.000000e+000  0.000000e+000  
0.000000e+000  0.000000e+000  0.000000e+000  0.000000e+000  0.000000e+000  0.000000e+000  0.000000e+000  0.000000e+000  0.000000e+000  
0.000000e+000  0.000000e+000  0.000000e+000  0.000000e+000  0.000000e+000  0.000000e+000  0.000000e+000  0.000000e+000  0.000000e+000  
0.000000e+000  0.000000e+000  0.000000e+000  0.000000e+000  0.000000e+000  0.000000e+000  0.000000e+000  0.000000e+000  0.000000e+000  
0.000000e+000  0.000000e+000  0.000000e+000  0.000000e+000  0.000000e+000  0.000000e+000  0.000000e+000  0.000000e+000  0.000000e+000  
0.000000e+000  0.000000e+000  0.000000e+000  0.000000e+000  0.000000e+000  0.000000e+000  0.000000e+000  0.000000e+000  0.000000e+000  
0.000000e+000  0.000000e+000  0.000000e+000  0.000000e+000  0.000000e+000  0.000000e+000  0.000000e+000  0.000000e+000  0.000000e+000  
0.000000e+000  0.000000e+000  0.000000e+000  0.000000e+000  0.000000e+000  0.000000e+000  0.000000e+000  0.000000e+000  0.000000e+000  
0.000000e+000  0.000000e+000  0.000000e+000  0.000000e+000  0.000000e+000  0.000000e+000  0.000000e+000  0.000000e+000  0.000000e+000  
0.000000e+000  0.000000e+000  0.000000e+000  0.000000e+000  0.000000e+000  0.000000e+000  0.000000e+000  0.000000e+000  0.000000e+000  
0.000000e+000  0.000000e+000  0.000000e+000  0.000000e+000  0.000000e+000  0.000000e+000  0.000000e+000  0.000000e+000  0.000000e+000  
0.000000e+000  0.000000e+000  0.000000e+000  0.000000e+000  0.000000e+000  0.000000e+000  0.000000e+000  0.000000e+000  0.000000e+000  
0.000000e+000  0.000000e+000  0.000000e+000  0.000000e+000  0.000000e+000  0.000000e+000  0.000000e+000  0.000000e+000  0.000000e+000  
0.000000e+000  0.000000e+000  0.000000e+000  0.000000e+000  0.000000e+000  0.000000e+000  0.000000e+000  0.000000e+000  0.000000e+000  
0.000000e+000  0.000000e+000  0.000000e+000  0.000000e+000  0.000000e+000  0.000000e+000  0.000000e+000  0.000000e+000  0.000000e+000  
0.000000e+000  0.000000e+000  0.000000e+000  0.000000e+000  0.000000e+000  0.000000e+000  0.000000e+000  0.000000e+000  0.000000e+000  
0.000000e+000  0.000000e+000  0.000000e+000  0.000000e+000  0.000000e+000  0.000000e+000  0.000000e+000  0.000000e+000  0.000000e+000  
0.000000e+000  0.000000e+000  0.000000e+000  0.000000e+000  0.000000e+000  0.000000e+000  0.000000e+000  0.000000e+000  0.000000e+000  
0.000000e+000  0.000000e+000  0.000000e+000  0.000000e+000  0.000000e+000  0.000000e+000  0.000000e+000  0.000000e+000  0.000000e+000  
0.000000e+000  0.000000e+000  0.000000e+000  0.000000e+000  0.000000e+000  0.000000e+000  0.000000e+000  0.000000e+000  0.000000e+000  
0.000000e+000  0.000000e+000  0.000000e+000  0.000000e+000  0.000000e+000  0.000000e+000  0.000000e+000  0.000000e+000  0.000000e+000  
0.000000e+000  0.000000e+000  0.000000e+000  0.000000e+000  0.000000e+000  0.000000e+000  0.000000e+000  0.000000e+000  0.000000e+000  
0.000000e+000  0.000000e+000  0.000000e+000  0.000000e+000  0.000000e+000  0.000000e+000  0.000000e+000  0.000000e+000  0.000000e+000  
0.000000e+000  0.000000e+000  0.000000e+000  0.000000e+000  0.000000e+000  0.000000e+000  0.000000e+000  0.000000e+000  0.000000e+000  
0.000000e+000  0.000000e+000  0.000000e+000  0.000000e+000  0.000000e+000  0.000000e+000  0.000000e+000  0.000000e+000  0.000000e+000  
0.000000e+000  0.000000e+000  0.000000e+000  0.000000e+000  0.000000e+000  0.000000e+000  0.000000e+000  0.000000e+000  0.000000e+000  
0.000000e+000  0.000000e+000  0.000000e+000  0.000000e+000  0.000000e+000  0.000000e+000  0.000000e+000  0.000000e+000  0.000000e+000  
0.000000e+000  0.000000e+000  0.000000e+000  0.000000e+000  0.000000e+000  0.000000e+000  0.000000e+000  0.000000e+000  0.000000e+000  
0.000000e+000  0.000000e+000  0.000000e+000  0.000000e+000  0.000000e+000  0.000000e+000  0.000000e+000  0.000000e+000  0.000000e+000  

0.000000e+000  0.000000e+000  0.000000e+000  0.000000e+000  0.000000e+000  0.000000e+000  0.000000e+000  0.000000e+000  0.000000e+000  
0.000000e+000  0.000000e+000  0.000000e+000  0.000000e+000  0.000000e+000  0.000000e+000  0.000000e+000  0.000000e+000  0.000000e+000  
0.000000e+000  0.000000e+000  0.000000e+000  0.000000e+000  0.000000e+000  0.000000e+000  0.000000e+000  0.000000e+000  0.000000e+000  
0.000000e+000  0.000000e+000  0.000000e+000  0.000000e+000  0.000000e+000  0.000000e+000  0.000000e+000  0.000000e+000  0.000000e+000  
0.000000e+000  0.000000e+000  0.000000e+000  0.000000e+000  0.000000e+000  0.000000e+000  0.000000e+000  0.000000e+000  0.000000e+000  
0.000000e+000  0.000000e+000  0.000000e+000  0.000000e+000  0.000000e+000  0.000000e+000  0.000000e+000  0.000000e+000  0.000000e+000  
0.000000e+000  0.000000e+000  0.000000e+000  0.000000e+000  0.000000e+000  0.000000e+000  0.000000e+000  0.000000e+000  0.000000e+000  
0.000000e+000  0.000000e+000  0.000000e+000  0.000000e+000  0.000000e+000  0.000000e+000  0.000000e+000  0.000000e+000  0.000000e+000  
0.000000e+000  0.000000e+000  0.000000e+000  0.000000e+000  0.000000e+000  0.000000e+000  0.000000e+000  0.000000e+000  0.000000e+000  
0.000000e+000  0.000000e+000  0.000000e+000  0.000000e+000  0.000000e+000  0.000000e+000  0.000000e+000  0.000000e+000  0.000000e+000  
0.000000e+000  0.000000e+000  0.000000e+000  0.000000e+000  0.000000e+000  0.000000e+000  0.000000e+000  0.000000e+000  0.000000e+000  
0.000000e+000  0.000000e+000  0.000000e+000  0.000000e+000  0.000000e+000  0.000000e+000  0.000000e+000  0.000000e+000  0.000000e+000  
0.000000e+000  0.000000e+000  0.000000e+000  0.000000e+000  0.000000e+000  0.000000e+000  0.000000e+000  0.000000e+000  0.000000e+000  
0.000000e+000  0.000000e+000  0.000000e+000  0.000000e+000  0.000000e+000  0.000000e+000  0.000000e+000  0.000000e+000  0.000000e+000  
0.000000e+000  0.000000e+000  0.000000e+000  0.000000e+000  0.000000e+000  0.000000e+000  0.000000e+000  0.000000e+000  0.000000e+000  
0.000000e+000  0.000000e+000  0.000000e+000  0.000000e+000  0.000000e+000  0.000000e+000  0.000000e+000  0.000000e+000  0.000000e+000  
0.000000e+000  0.000000e+000  0.000000e+000  0.000000e+000  0.000000e+000  0.000000e+000  0.000000e+000  0.000000e+000  0.000000e+000  
0.000000e+000  0.000000e+000  0.000000e+000  0.000000e+000  0.000000e+000  0.000000e+000  0.000000e+000  0.000000e+000  0.000000e+000  
0.000000e+000  0.000000e+000  0.000000e+000  0.000000e+000  0.000000e+000  0.000000e+000  0.000000e+000  0.000000e+000  0.000000e+000  
0.000000e+000  0.000000e+000  0.000000e+000  0.000000e+000  0.000000e+000  0.000000e+000  0.000000e+000  0.000000e+000  0.000000e+000  
0.000000e+000  0.000000e+000  0.000000e+000  0.000000e+000  0.000000e+000  0.000000e+000  0.000000e+000  0.000000e+000  0.000000e+000  
0.000000e+000  0.000000e+000  0.000000e+000  0.000000e+000  0.000000e+000  0.000000e+000  0.000000e+000  0.000000e+000  0.000000e+000  
0.000000e+000  0.000000e+000  0.000000e+000  0.000000e+000  0.000000e+000  0.000000e+000  0.000000e+000  0.000000e+000  0.000000e+000  
0.000000e+000  0.000000e+000  0.000000e+000  0.000000e+000  0.000000e+000  0.000000e+000  0.000000e+000  0.000000e+000  0.000000e+000  
0.000000e+000  0.000000e+000  0.000000e+000  0.000000e+000  0.000000e+000  0.000000e+000  0.000000e+000  0.000000e+000  0.000000e+000  
0.000000e+000  0.000000e+000  0.000000e+000  0.000000e+000  0.000000e+000  0.000000e+000  0.000000e+000  0.000000e+000  0.000000e+000  
0.000000e+000  0.000000e+000  0.000000e+000  0.000000e+000  0.000000e+000  0.000000e+000  0.000000e+000  0.000000e+000  0.000000e+000  
0.000000e+000  0.000000e+000  0.000000e+000  0.000000e+000  0.000000e+000  0.000000e+000  0.000000e+000  0.000000e+000  0.000000e+000  
0.000000e+000  0.000000e+000  0.000000e+000  0.000000e+000  0.000000e+000  0.000000e+000  0.000000e+000  0.000000e+000  0.000000e+000  
0.000000e+000  0.000000e+000  0.000000e+000  0.000000e+000  0.000000e+000  0.000000e+000  0.000000e+000  0.000000e+000  0.000000e+000  
0.000000e+000  0.000000e+000  0.000000e+000  0.000000e+000  0.000000e+000  0.000000e+000  0.000000e+000  0.000000e+000  0.000000e+000  
0.000000e+000  0.000000e+000  0.000000e+000  0.000000e+000  0.000000e+000  0.000000e+000  0.000000e+000  0.000000e+000  0.000000e+000  
0.000000e+000  0.000000e+000  0.000000e+000  0.000000e+000  0.000000e+000  0.000000e+000  0.000000e+000  0.000000e+000  0.000000e+000  
0.000000e+000  0.000000e+000  0.000000e+000  0.000000e+000  0.000000e+000  0.000000e+000  0.000000e+000  0.000000e+000  0.000000e+000  
0.000000e+000  0.000000e+000  0.000000e+000  0.000000e+000  0.000000e+000  0.000000e+000  0.000000e+000  0.000000e+000  0.000000e+000  
0.000000e+000  0.000000e+000  0.000000e+000  0.000000e+000  0.000000e+000  0.000000e+000  0.000000e+000  0.000000e+000  0.000000e+000  
0.000000e+000  0.000000e+000  0.000000e+000  0.000000e+000  0.000000e+000  0.000000e+000  0.000000e+000  0.000000e+000  0.000000e+000  
0.000000e+000  0.000000e+000  0.000000e+000  0.000000e+000  0.000000e+000  0.000000e+000  0.000000e+000  0.000000e+000  0.000000e+000  
0.000000e+000  0.000000e+000  0.000000e+000  0.000000e+000  0.000000e+000  0.000000e+000  0.000000e+000  0.000000e+000  0.000000e+000  
0.000000e+000  0.000000e+000  0.000000e+000  0.000000e+000  0.000000e+000  0.000000e+000  0.000000e+000  0.000000e+000  0.000000e+000  
0.000000e+000  0.000000e+000  0.000000e+000  0.000000e+000  0.000000e+000  0.000000e+000  0.000000e+000  0.000000e+000  0.000000e+000  
0.000000e+000  0.000000e+000  0.000000e+000  0.000000e+000  0.000000e+000  0.000000e+000  0.000000e+000  0.000000e+000  0.000000e+000  
0.000000e+000  0.000000e+000  0.000000e+000  0.000000e+000  0.000000e+000  0.000000e+000  0.000000e+000  0.000000e+000  0.000000e+000  
0.000000e+000  0.000000e+000  0.000000e+000  0.000000e+000  0.000000e+000  0.000000e+000  0.000000e+000  0.000000e+000  0.000000e+000  
0.000000e+000  0.000000e+000  0.000000e+000  0.000000e+000  0.000000e+000  0.000000e+000  0.000000e+000  0.000000e+000  0.000000e+000  
0.000000e+000  0.000000e+000  0.000000e+000  0.000000e+000  0.000000e+000  0.000000e+000  0.000000e+000  0.000000e+000  0.000000e+000  
0.000000e+000  0.000000e+000  0.000000e+000  0.000000e+000  0.000000e+000  0.000000e+000  0.000000e+000  0.000000e+000  0.000000e+000  
0.000000e+000  0.000000e+000  0.000000e+000  0.000000e+000  0.000000e+000  0.000000e+000  0.000000e+000  0.000000e+000  0.000000e+000  
0.000000e+000  0.000000e+000  0.000000e+000  0.000000e+000  0.000000e+000  0.000000e+000  0.000000e+000  0.000000e+000  0.000000e+000  
0.000000e+000  0.000000e+000  0.000000e+000  0.000000e+000  0.000000e+000  0.000000e+000  0.000000e+000  0.000000e+000  0.000000e+000  
0.000000e+000  0.000000e+000  0.000000e+000  0.000000e+000  0.000000e+000  0.000000e+000  0.000000e+000  0.000000e+000  0.000000e+000  
0.000000e+000  0.000000e+000  0.000000e+000  0.000000e+000  0.000000e+000  0.000000e+000  0.000000e+000  0.000000e+000  0.000000e+000  
0.000000e+000  0.000000e+000  0.000000e+000  0.000000e+000  0.000000e+000  0.000000e+000  0.000000e+000  0.000000e+000  0.000000e+000  
0.000000e+000  0.000000e+000  0.000000e+000  0.000000e+000  0.000000e+000  0.000000e+000  0.000000e+000  0.000000e+000  0.000000e+000  
0.000000e+000  0.000000e+000  0.000000e+000  0.000000e+000  0.000000e+000  0.000000e+000  0.000000e+000  0.000000e+000  0.000000e+000  
0.000000e+000  0.000000e+000  0.000000e+000  0.000000e+000  0.000000e+000  0.000000e+000  0.000000e+000  0.000000e+000  0.000000e+000  
0.000000e+000  0.000000e+000  0.000000e+000  0.000000e+000  0.000000e+000  0.000000e+000  0.000000e+000  0.000000e+000  0.000000e+000  
0.000000e+000  0.000000e+000  0.000000e+000  0.000000e+000  0.000000e+000  0.000000e+000  0.000000e+000  0.000000e+000  0.000000e+000  
0.000000e+000  0.000000e+000  0.000000e+000  0.000000e+000  0.000000e+000  0.000000e+000  0.000000e+000  0.000000e+000  0.000000e+000  
0.000000e+000  0.000000e+000  0.000000e+000  0.000000e+000  0.000000e+000  0.000000e+000  0.000000e+000  0.000000e+000  0.000000e+000  
0.000000e+000  0.000000e+000  0.000000e+000  0.000000e+000  0.000000e+000  0.000000e+000  0.000000e+000  0.000000e+000  0.000000e+000  
0.000000e+000  0.000000e+000  0.000000e+000  0.000000e+000  0.000000e+000  0.000000e+000  0.000000e+000  0.000000e+000  0.000000e+000  
0.000000e+000  0.000000e+000  0.000000e+000  0.000000e+000  0.000000e+000  0.000000e+000  0.000000e+000  0.000000e+000  0.000000e+000  
0.000000e+000  0.000000e+000  0.000000e+000  0.000000e+000  0.000000e+000  0.000000e+000  0.000000e+000  0.000000e+000  0.000000e+000  
0.000000e+000  0.000000e+000  0.000000e+000  0.000000e+000  0.000000e+000  0.000000e+000  0.000000e+000  0.000000e+000  0.000000e+000  
0.000000e+000  0.000000e+000  0.000000e+000  0.000000e+000  0.000000e+000  0.000000e+000  0.000000e+000  0.000000e+000  0.000000e+000  
0.000000e+000  0.000000e+000  0.000000e+000  0.000000e+000  0.000000e+000  0.000000e+000  0.000000e+000  0.000000e+000  0.000000e+000  
0.000000e+000  0.000000e+000  0.000000e+000  0.000000e+000  0.000000e+000  0.000000e+000  0.000000e+000  0.000000e+000  0.000000e+000  
0.000000e+000  0.000000e+000  0.000000e+000  0.000000e+000  0.000000e+000  0.000000e+000  0.000000e+000  0.000000e+000  0.000000e+000  
0.000000e+000  0.000000e+000  0.000000e+000  0.000000e+000  0.000000e+000  0.000000e+000  0.000000e+000  0.000000e+000  0.000000e+000  
0.000000e+000  0.000000e+000  0.000000e+000  0.000000e+000  0.000000e+000  0.000000e+000  0.000000e+000  0.000000e+000  0.000000e+000  
0.000000e+000  0.000000e+000  0.000000e+000  0.000000e+000  0.000000e+000  0.000000e+000  0.000000e+000  0.000000e+000  0.000000e+000  
0.000000e+000  0.000000e+000  0.000000e+000  0.000000e+000  0.000000e+000  0.000000e+000  0.000000e+000  0.000000e+000  0.000000e+000  
0.000000e+000  0.000000e+000  0.000000e+000  0.000000e+000  0.000000e+000  0.000000e+000  0.000000e+000  0.000000e+000  0.000000e+000  
0.000000e+000  0.000000e+000  0.000000e+000  0.000000e+000  0.000000e+000  0.000000e+000  0.000000e+000  0.000000e+000  0.000000e+000  
0.000000e+000  0.000000e+000  0.000000e+000  0.000000e+000  0.000000e+000  0.000000e+000  0.000000e+000  0.000000e+000  0.000000e+000  
0.000000e+000  0.000000e+000  0.000000e+000  0.000000e+000  0.000000e+000  0.000000e+000  0.000000e+000  0.000000e+000  0.000000e+000  
0.000000e+000  0.000000e+000  0.000000e+000  0.000000e+000  0.000000e+000  0.000000e+000  0.000000e+000  0.000000e+000  0.000000e+000  
0.000000e+000  0.000000e+000  0.000000e+000  0.000000e+000  0.000000e+000  0.000000e+000  0.000000e+000  0.000000e+000  0.000000e+000  
0.000000e+000  0.000000e+000  0.000000e+000  0.000000e+000  0.000000e+000  0.000000e+000  0.000000e+000  0.000000e+000  0.000000e+000  
0.000000e+000  0.000000e+000  0.000000e+000  0.000000e+000  0.000000e+000  0.000000e+000  0.000000e+000  0.000000e+000  0.000000e+000  
0.000000e+000  0.000000e+000  0.000000e+000  0.000000e+000  0.000000e+000  0.000000e+000  0.000000e+000  0.000000e+000  0.000000e+000  
0.000000e+000  0.000000e+000  0.000000e+000  0.000000e+000  0.000000e+000  0.000000e+000  0.000000e+000  0.000000e+000  0.000000e+000  
0.000000e+000  0.000000e+000  0.000000e+000  0.000000e+000  0.000000e+000  0.000000e+000  0.000000e+000  0.000000e+000  0.000000e+000  
0.000000e+000  0.000000e+000  0.000000e+000  0.000000e+000  0.000000e+000  0.000000e+000  0.000000e+000  0.000000e+000  0.000000e+000  
0.000000e+000  0.000000e+000  0.000000e+000  0.000000e+000  0.000000e+000  0.000000e+000  0.000000e+000  0.000000e+000  0.000000e+000  
0.000000e+000  0.000000e+000  0.000000e+000  0.000000e+000  0.000000e+000  0.000000e+000  0.000000e+000  0.000000e+000  0.000000e+000  
0.000000e+000  0.000000e+000  0.000000e+000  0.000000e+000  0.000000e+000  0.000000e+000  0.000000e+000  0.000000e+000  0.000000e+000  
0.000000e+000  0.000000e+000  0.000000e+000  0.000000e+000  0.000000e+000  0.000000e+000  0.000000e+000  0.000000e+000  0.000000e+000  
0.000000e+000  0.000000e+000  0.000000e+000  0.000000e+000  0.000000e+000  0.000000e+000  0.000000e+000  0.000000e+000  0.000000e+000  
0.000000e+000  0.000000e+000  0.000000e+000  0.000000e+000  0.000000e+000  0.000000e+000  0.000000e+000  0.000000e+000  0.000000e+000  
0.000000e+000  0.000000e+000  0.000000e+000  0.000000e+000  0.000000e+000  0.000000e+000  0.000000e+000  0.000000e+000  0.000000e+000  
0.000000e+000  0.000000e+000  0.000000e+000  0.000000e+000  0.000000e+000  0.000000e+000  0.000000e+000  0.000000e+000  0.000000e+000  
0.000000e+000  0.000000e+000  0.000000e+000  0.000000e+000  0.000000e+000  0.000000e+000  0.000000e+000  0.000000e+000  0.000000e+000  
0.000000e+000  0.000000e+000  0.000000e+000  0.000000e+000  0.000000e+000  0.000000e+000  0.000000e+000  0.000000e+000  0.000000e+000  
0.000000e+000  0.000000e+000  0.000000e+000  0.000000e+000  0.000000e+000  0.000000e+000  0.000000e+000  0.000000e+000  0.000000e+000  
0.000000e+000  0.000000e+000  0.000000e+000  0.000000e+000  0.000000e+000  0.000000e+000  0.000000e+000  0.000000e+000  0.000000e+000  
0.000000e+000  0.000000e+000  0.000000e+000  0.000000e+000  0.000000e+000  0.000000e+000  0.000000e+000  0.000000e+000  0.000000e+000  

0.000000e+000  0.000000e+000  0.000000e+000  0.000000e+000  0.000000e+000  0.000000e+000  0.000000e+000  0.000000e+000  0.000000e+000  
0.000000e+000  0.000000e+000  0.000000e+000  0.000000e+000  0.000000e+000  0.000000e+000  0.000000e+000  0.000000e+000  0.000000e+000  
0.000000e+000  0.000000e+000  0.000000e+000  0.000000e+000  0.000000e+000  0.000000e+000  0.000000e+000  0.000000e+000  0.000000e+000  
0.000000e+000  0.000000e+000  0.000000e+000  0.000000e+000  0.000000e+000  0.000000e+000  0.000000e+000  0.000000e+000  0.000000e+000  
0.000000e+000  0.000000e+000  0.000000e+000  0.000000e+000  0.000000e+000  0.000000e+000  0.000000e+000  0.000000e+000  0.000000e+000  
0.000000e+000  0.000000e+000  0.000000e+000  0.000000e+000  0.000000e+000  0.000000e+000  0.000000e+000  0.000000e+000  0.000000e+000  
0.000000e+000  0.000000e+000  0.000000e+000  0.000000e+000  0.000000e+000  0.000000e+000  0.000000e+000  0.000000e+000  0.000000e+000  
0.000000e+000  0.000000e+000  0.000000e+000  0.000000e+000  0.000000e+000  0.000000e+000  0.000000e+000  0.000000e+000  0.000000e+000  
0.000000e+000  0.000000e+000  0.000000e+000  0.000000e+000  0.000000e+000  0.000000e+000  0.000000e+000  0.000000e+000  0.000000e+000  
0.000000e+000  0.000000e+000  0.000000e+000  0.000000e+000  0.000000e+000  0.000000e+000  0.000000e+000  0.000000e+000  0.000000e+000  
0.000000e+000  0.000000e+000  0.000000e+000  0.000000e+000  0.000000e+000  0.000000e+000  0.000000e+000  0.000000e+000  0.000000e+000  
0.000000e+000  0.000000e+000  0.000000e+000  0.000000e+000  0.000000e+000  0.000000e+000  0.000000e+000  0.000000e+000  0.000000e+000  
0.000000e+000  0.000000e+000  0.000000e+000  0.000000e+000  0.000000e+000  0.000000e+000  0.000000e+000  0.000000e+000  0.000000e+000  
0.000000e+000  0.000000e+000  0.000000e+000  0.000000e+000  0.000000e+000  0.000000e+000  0.000000e+000  0.000000e+000  0.000000e+000  
0.000000e+000  0.000000e+000  0.000000e+000  0.000000e+000  0.000000e+000  0.000000e+000  0.000000e+000  0.000000e+000  0.000000e+000  
0.000000e+000  0.000000e+000  0.000000e+000  0.000000e+000  0.000000e+000  0.000000e+000  0.000000e+000  0.000000e+000  0.000000e+000  
0.000000e+000  0.000000e+000  0.000000e+000  0.000000e+000  0.000000e+000  0.000000e+000  0.000000e+000  0.000000e+000  0.000000e+000  
0.000000e+000  0.000000e+000  0.000000e+000  0.000000e+000  0.000000e+000  0.000000e+000  0.000000e+000  0.000000e+000  0.000000e+000  
0.000000e+000  0.000000e+000  0.000000e+000  0.000000e+000  0.000000e+000  0.000000e+000  0.000000e+000  0.000000e+000  0.000000e+000  
0.000000e+000  0.000000e+000  0.000000e+000  0.000000e+000  0.000000e+000  0.000000e+000  0.000000e+000  0.000000e+000  0.000000e+000  
0.000000e+000  0.000000e+000  0.000000e+000  0.000000e+000  0.000000e+000  0.000000e+000  0.000000e+000  0.000000e+000  0.000000e+000  
0.000000e+000  0.000000e+000  0.000000e+000  0.000000e+000  0.000000e+000  0.000000e+000  0.000000e+000  0.000000e+000  0.000000e+000  
0.000000e+000  0.000000e+000  0.000000e+000  0.000000e+000  0.000000e+000  0.000000e+000  0.000000e+000  0.000000e+000  0.000000e+000  
0.000000e+000  0.000000e+000  0.000000e+000  0.000000e+000  0.000000e+000  0.000000e+000  0.000000e+000  0.000000e+000  0.000000e+000  
0.000000e+000  0.000000e+000  0.000000e+000  0.000000e+000  0.000000e+000  0.000000e+000  0.000000e+000  0.000000e+000  0.000000e+000  
0.000000e+000  0.000000e+000  0.000000e+000  0.000000e+000  0.000000e+000  0.000000e+000  0.000000e+000  0.000000e+000  0.000000e+000  
0.000000e+000  0.000000e+000  0.000000e+000  0.000000e+000  0.000000e+000  0.000000e+000  0.000000e+000  0.000000e+000  0.000000e+000  
0.000000e+000  0.000000e+000  0.000000e+000  0.000000e+000  0.000000e+000  0.000000e+000  0.000000e+000  0.000000e+000  0.000000e+000  
0.000000e+000  0.000000e+000  0.000000e+000  0.000000e+000  0.000000e+000  0.000000e+000  0.000000e+000  0.000000e+000  0.000000e+000  
0.000000e+000  0.000000e+000  0.000000e+000  0.000000e+000  0.000000e+000  0.000000e+000  0.000000e+000  0.000000e+000  0.000000e+000  
0.000000e+000  0.000000e+000  0.000000e+000  0.000000e+000  0.000000e+000  0.000000e+000  0.000000e+000  0.000000e+000  0.000000e+000  
0.000000e+000  0.000000e+000  0.000000e+000  0.000000e+000  0.000000e+000  0.000000e+000  0.000000e+000  0.000000e+000  0.000000e+000  
0.000000e+000  0.000000e+000  0.000000e+000  0.000000e+000  0.000000e+000  0.000000e+000  0.000000e+000  0.000000e+000  0.000000e+000  
0.000000e+000  0.000000e+000  0.000000e+000  0.000000e+000  0.000000e+000  0.000000e+000  0.000000e+000  0.000000e+000  0.000000e+000  
0.000000e+000  0.000000e+000  0.000000e+000  0.000000e+000  0.000000e+000  0.000000e+000  0.000000e+000  0.000000e+000  0.000000e+000  
0.000000e+000  0.000000e+000  0.000000e+000  0.000000e+000  0.000000e+000  0.000000e+000  0.000000e+000  0.000000e+000  0.000000e+000  
0.000000e+000  0.000000e+000  0.000000e+000  0.000000e+000  0.000000e+000  0.000000e+000  0.000000e+000  0.000000e+000  0.000000e+000  
0.000000e+000  0.000000e+000  0.000000e+000  0.000000e+000  0.000000e+000  0.000000e+000  0.000000e+000  0.000000e+000  0.000000e+000  
0.000000e+000  0.000000e+000  0.000000e+000  0.000000e+000  0.000000e+000  0.000000e+000  0.000000e+000  0.000000e+000  0.000000e+000  
0.000000e+000  0.000000e+000  0.000000e+000  0.000000e+000  0.000000e+000  0.000000e+000  0.000000e+000  0.000000e+000  0.000000e+000  
0.000000e+000  0.000000e+000  0.000000e+000  0.000000e+000  0.000000e+000  0.000000e+000  0.000000e+000  0.000000e+000  0.000000e+000  
0.000000e+000  0.000000e+000  0.000000e+000  0.000000e+000  0.000000e+000  0.000000e+000  0.000000e+000  0.000000e+000  0.000000e+000  
0.000000e+000  0.000000e+000  0.000000e+000  0.000000e+000  0.000000e+000  0.000000e+000  0.000000e+000  0.000000e+000  0.000000e+000  
0.000000e+000  0.000000e+000  0.000000e+000  0.000000e+000  0.000000e+000  0.000000e+000  0.000000e+000  0.000000e+000  0.000000e+000  
0.000000e+000  0.000000e+000  0.000000e+000  0.000000e+000  0.000000e+000  0.000000e+000  0.000000e+000  0.000000e+000  0.000000e+000  
0.000000e+000  0.000000e+000  0.000000e+000  0.000000e+000  0.000000e+000  0.000000e+000  0.000000e+000  0.000000e+000  0.000000e+000  
0.000000e+000  0.000000e+000  0.000000e+000  0.000000e+000  0.000000e+000  0.000000e+000  0.000000e+000  0.000000e+000  0.000000e+000  
0.000000e+000  0.000000e+000  0.000000e+000  0.000000e+000  0.000000e+000  0.000000e+000  0.000000e+000  0.000000e+000  0.000000e+000  
0.000000e+000  0.000000e+000  0.000000e+000  0.000000e+000  0.000000e+000  0.000000e+000  0.000000e+000  0.000000e+000  0.000000e+000  
0.000000e+000  0.000000e+000  0.000000e+000  0.000000e+000  0.000000e+000  0.000000e+000  0.000000e+000  0.000000e+000  0.000000e+000  
0.000000e+000  0.000000e+000  0.000000e+000  0.000000e+000  0.000000e+000  0.000000e+000  0.000000e+000  0.000000e+000  0.000000e+000  
0.000000e+000  0.000000e+000  0.000000e+000  0.000000e+000  0.000000e+000  0.000000e+000  0.000000e+000  0.000000e+000  0.000000e+000  
0.000000e+000  0.000000e+000  0.000000e+000  0.000000e+000  0.000000e+000  0.000000e+000  0.000000e+000  0.000000e+000  0.000000e+000  
0.000000e+000  0.000000e+000  0.000000e+000  0.000000e+000  0.000000e+000  0.000000e+000  0.000000e+000  0.000000e+000  0.000000e+000  
0.000000e+000  0.000000e+000  0.000000e+000  0.000000e+000  0.000000e+000  0.000000e+000  0.000000e+000  0.000000e+000  0.000000e+000  
0.000000e+000  0.000000e+000  0.000000e+000  0.000000e+000  0.000000e+000  0.000000e+000  0.000000e+000  0.000000e+000  0.000000e+000  
0.000000e+000  0.000000e+000  0.000000e+000  0.000000e+000  0.000000e+000  0.000000e+000  0.000000e+000  0.000000e+000  0.000000e+000  
0.000000e+000  0.000000e+000  0.000000e+000  0.000000e+000  0.000000e+000  0.000000e+000  0.000000e+000  0.000000e+000  0.000000e+000  
0.000000e+000  0.000000e+000  0.000000e+000  0.000000e+000  0.000000e+000  0.000000e+000  0.000000e+000  0.000000e+000  0.000000e+000  
0.000000e+000  0.000000e+000  0.000000e+000  0.000000e+000  0.000000e+000  0.000000e+000  0.000000e+000  0.000000e+000  0.000000e+000  
0.000000e+000  0.000000e+000  0.000000e+000  0.000000e+000  0.000000e+000  0.000000e+000  0.000000e+000  0.000000e+000  0.000000e+000  
0.000000e+000  0.000000e+000  0.000000e+000  0.000000e+000  0.000000e+000  0.000000e+000  0.000000e+000  0.000000e+000  0.000000e+000  
0.000000e+000  0.000000e+000  0.000000e+000  0.000000e+000  0.000000e+000  0.000000e+000  0.000000e+000  0.000000e+000  0.000000e+000  
0.000000e+000  0.000000e+000  0.000000e+000  0.000000e+000  0.000000e+000  0.000000e+000  0.000000e+000  0.000000e+000  0.000000e+000  
0.000000e+000  0.000000e+000  0.000000e+000  0.000000e+000  0.000000e+000  0.000000e+000  0.000000e+000  0.000000e+000  0.000000e+000  
0.000000e+000  0.000000e+000  0.000000e+000  0.000000e+000  0.000000e+000  0.000000e+000  0.000000e+000  0.000000e+000  0.000000e+000  
0.000000e+000  0.000000e+000  0.000000e+000  0.000000e+000  0.000000e+000  0.000000e+000  0.000000e+000  0.000000e+000  0.000000e+000  
0.000000e+000  0.000000e+000  0.000000e+000  0.000000e+000  0.000000e+000  0.000000e+000  0.000000e+000  0.000000e+000  0.000000e+000  
0.000000e+000  0.000000e+000  0.000000e+000  0.000000e+000  0.000000e+000  0.000000e+000  0.000000e+000  0.000000e+000  0.000000e+000  
0.000000e+000  0.000000e+000  0.000000e+000  0.000000e+000  0.000000e+000  0.000000e+000  0.000000e+000  0.000000e+000  0.000000e+000  
0.000000e+000  0.000000e+000  0.000000e+000  0.000000e+000  0.000000e+000  0.000000e+000  0.000000e+000  0.000000e+000  0.000000e+000  
0.000000e+000  0.000000e+000  0.000000e+000  0.000000e+000  0.000000e+000  0.000000e+000  0.000000e+000  0.000000e+000  0.000000e+000  
0.000000e+000  0.000000e+000  0.000000e+000  0.000000e+000  0.000000e+000  0.000000e+000  0.000000e+000  0.000000e+000  0.000000e+000  
0.000000e+000  0.000000e+000  0.000000e+000  0.000000e+000  0.000000e+000  0.000000e+000  0.000000e+000  0.000000e+000  0.000000e+000  
0.000000e+000  0.000000e+000  0.000000e+000  0.000000e+000  0.000000e+000  0.000000e+000  0.000000e+000  0.000000e+000  0.000000e+000  
0.000000e+000  0.000000e+000  0.000000e+000  0.000000e+000  0.000000e+000  0.000000e+000  0.000000e+000  0.000000e+000  0.000000e+000  
0.000000e+000  0.000000e+000  0.000000e+000  0.000000e+000  0.000000e+000  0.000000e+000  0.000000e+000  0.000000e+000  0.000000e+000  
0.000000e+000  0.000000e+000  0.000000e+000  0.000000e+000  0.000000e+000  0.000000e+000  0.000000e+000  0.000000e+000  0.000000e+000  
0.000000e+000  0.000000e+000  0.000000e+000  0.000000e+000  0.000000e+000  0.000000e+000  0.000000e+000  0.000000e+000  0.000000e+000  
0.000000e+000  0.000000e+000  0.000000e+000  0.000000e+000  0.000000e+000  0.000000e+000  0.000000e+000  0.000000e+000  0.000000e+000  
0.000000e+000  0.000000e+000  0.000000e+000  0.000000e+000  0.000000e+000  0.000000e+000  0.000000e+000  0.000000e+000  0.000000e+000  
0.000000e+000  0.000000e+000  0.000000e+000  0.000000e+000  0.000000e+000  0.000000e+000  0.000000e+000  0.000000e+000  0.000000e+000  
0.000000e+000  0.000000e+000  0.000000e+000  0.000000e+000  0.000000e+000  0.000000e+000  0.000000e+000  0.000000e+000  0.000000e+000  
0.000000e+000  0.000000e+000  0.000000e+000  0.000000e+000  0.000000e+000  0.000000e+000  0.000000e+000  0.000000e+000  0.000000e+000  
0.000000e+000  0.000000e+000  0.000000e+000  0.000000e+000  0.000000e+000  0.000000e+000  0.000000e+000  0.000000e+000  0.000000e+000  
0.000000e+000  0.000000e+000  0.000000e+000  0.000000e+000  0.000000e+000  0.000000e+000  0.000000e+000  0.000000e+000  0.000000e+000  
0.000000e+000  0.000000e+000  0.000000e+000  0.000000e+000  0.000000e+000  0.000000e+000  0.000000e+000  0.000000e+000  0.000000e+000  
0.000000e+000  0.000000e+000  0.000000e+000  0.000000e+000  0.000000e+000  0.000000e+000  0.000000e+000  0.000000e+000  0.000000e+000  
0.000000e+000  0.000000e+000  0.000000e+000  0.000000e+000  0.000000e+000  0.000000e+000  0.000000e+000  0.000000e+000  0.000000e+000  
0.000000e+000  0.000000e+000  0.000000e+000  0.000000e+000  0.000000e+000  0.000000e+000  0.000000e+000  0.000000e+000  0.000000e+000  
0.000000e+000  0.000000e+000  0.000000e+000  0.000000e+000  0.000000e+000  0.000000e+000  0.000000e+000  0.000000e+000  0.000000e+000  
0.000000e+000  0.000000e+000  0.000000e+000  0.000000e+000  0.000000e+000  0.000000e+000  0.000000e+000  0.000000e+000  0.000000e+000  
0.000000e+000  0.000000e+000  0.000000e+000  0.000000e+000  0.000000e+000  0.000000e+000  0.000000e+000  0.000000e+000  0.000000e+000  
0.000000e+000  0.000000e+000  0.000000e+000  0.000000e+000  0.000000e+000  0.000000e+000  0.000000e+000  0.000000e+000  0.000000e+000  
0.000000e+000  0.000000e+000  0.000000e+000  0.000000e+000  0.000000e+000  0.000000e+000  0.000000e+000  0.000000e+000  0.000000e+000  
0.000000e+000  0.000000e+000  0.000000e+000  0.000000e+000  0.000000e+000  0.000000e+000  0.000000e+000  0.000000e+000  0.000000e+000  
0.000000e+000  0.000000e+000  0.000000e+000  0.000000e+000  0.000000e+000  0.000000e+000  0.000000e+000  0.000000e+000  0.000000e+000  
0.000000e+000  0.000000e+000  0.000000e+000  0.000000e+000  0.000000e+000  0.000000e+000  0.000000e+000  0.000000e+000  0.000000e+000  

-6.620264e-011  -8.763985e-011  -1.445691e-010  -1.592087e-010  -1.219873e-010  -7.365577e-011  1.154572e-011  6.088471e-011  0.000000e+000  
2.588485e-011  -1.188696e-010  -2.205973e-010  -1.051886e-010  -3.088371e-010  -3.262206e-010  -2.496506e-010  -2.300062e-010  0.000000e+000  
-7.180291e-011  -1.744721e-010  -6.256662e-011  -3.238250e-010  -2.469070e-010  -3.040515e-010  -3.688361e-010  -3.152099e-010  0.000000e+000  
-2.468215e-011  -2.206276e-010  -1.186695e-010  -1.284258e-010  -2.178622e-010  -3.768251e-010  -3.022355e-010  -2.937110e-010  0.000000e+000  
6.740957e-011  -6.108535e-011  -6.101545e-011  -1.300918e-010  -1.958721e-010  -1.387533e-010  -2.746377e-010  -2.282802e-010  0.000000e+000  
-1.552892e-010  4.815666e-011  -4.051087e-011  3.685526e-011  -7.700330e-011  -4.047934e-011  -9.843927e-011  -1.289584e-010  0.000000e+000  
-2.461404e-011  -1.132965e-010  3.600376e-011  -8.753763e-011  7.523396e-011  -6.274067e-011  1.727893e-011  1.070660e-011  0.000000e+000  
0.000000e+000  0.000000e+000  -1.489902e-010  -1.127458e-010  -5.410014e-011  5.761082e-011  1.149656e-010  1.510093e-010  0.000000e+000  
-3.532036e-011  6.169885e-011  1.284917e-009  1.232199e-009  1.124613e-009  8.940762e-010  6.758412e-010  3.525193e-010  0.000000e+000  
0.000000e+000  -6.169885e-011  1.857883e-009  1.832177e-009  1.695484e-009  1.495019e-009  1.247580e-009  8.273002e-010  0.000000e+000  
-3.565948e-011  0.000000e+000  2.898108e-009  2.817128e-009  2.766590e-009  2.556673e-009  2.251439e-009  1.583481e-009  0.000000e+000  
0.000000e+000  0.000000e+000  6.533091e-009  6.389921e-009  6.059291e-009  5.406003e-009  4.566281e-009  2.932829e-009  0.000000e+000  
0.000000e+000  0.000000e+000  1.166113e-008  1.140602e-008  1.082401e-008  9.710310e-009  8.226557e-009  5.328140e-009  0.000000e+000  
0.000000e+000  0.000000e+000  2.164568e-008  2.113211e-008  2.008324e-008  1.798644e-008  1.514116e-008  9.675560e-009  0.000000e+000  
-3.735312e-011  0.000000e+000  4.369184e-008  4.277268e-008  4.064199e-008  3.648959e-008  3.075143e-008  1.958301e-008  0.000000e+000  
0.000000e+000  -5.010735e-011  8.684920e-008  8.509448e-008  8.084499e-008  7.256356e-008  6.124175e-008  3.908863e-008  0.000000e+000  
0.000000e+000  5.010735e-011  1.715709e-007  1.680399e-007  1.596975e-007  1.433685e-007  1.209988e-007  7.723960e-008  0.000000e+000  
0.000000e+000  4.879557e-011  3.402801e-007  3.331895e-007  3.166579e-007  2.841978e-007  2.398113e-007  1.530664e-007  0.000000e+000  
0.000000e+000  -8.591217e-011  6.724999e-007  6.585130e-007  6.257139e-007  5.614049e-007  4.735261e-007  3.019504e-007  0.000000e+000  
3.609890e-011  -1.247805e-011  1.328744e-006  1.301184e-006  1.236221e-006  1.108947e-006  9.353185e-007  5.964396e-007  0.000000e+000  
0.000000e+000  0.000000e+000  2.621026e-006  2.566906e-006  2.438629e-006  2.187521e-006  1.845028e-006  1.176727e-006  0.000000e+000  
3.799185e-011  5.542213e-011  5.083645e-006  4.978708e-006  4.729451e-006  4.241517e-006  3.576816e-006  2.280630e-006  0.000000e+000  
0.000000e+000  0.000000e+000  8.173975e-006  8.005615e-006  7.604182e-006  6.818499e-006  5.749300e-006  3.665194e-006  0.000000e+000  
0.000000e+000  0.000000e+000  1.034802e-005  1.013487e-005  9.626404e-006  8.631200e-006  7.277324e-006  4.639007e-006  0.000000e+000  
0.000000e+000  0.000000e+000  1.313194e-005  1.286136e-005  1.221586e-005  1.095216e-005  9.233737e-006  5.885648e-006  0.000000e+000  
0.000000e+000  0.000000e+000  1.666924e-005  1.632636e-005  1.550620e-005  1.390118e-005  1.171925e-005  7.469338e-006  0.000000e+000  
0.000000e+000  0.000000e+000  2.114630e-005  2.071152e-005  1.967055e-005  1.763289e-005  1.486449e-005  9.473085e-006  0.000000e+000  
0.000000e+000  0.000000e+000  2.683944e-005  2.628797e-005  2.496574e-005  2.237789e-005  1.886314e-005  1.202038e-005  0.000000e+000  
0.000000e+000  0.000000e+000  3.955806e-005  3.874635e-005  3.679522e-005  3.297667e-005  2.779455e-005  1.770934e-005  0.000000e+000  
0.000000e+000  0.000000e+000  7.373635e-005  7.222682e-005  6.858190e-005  6.144957e-005  5.178320e-005  3.298480e-005  0.000000e+000  
0.000000e+000  5.186019e-011  1.417822e-004  1.388871e-004  1.318614e-004  1.181151e-004  9.951350e-005  6.336859e-005  0.000000e+000  
0.000000e+000  -5.186019e-011  2.716909e-004  2.661588e-004  2.526592e-004  2.262500e-004  1.905730e-004  1.213126e-004  0.000000e+000  
9.053302e-011  7.512183e-011  5.197939e-004  5.092426e-004  4.833379e-004  4.326686e-004  3.643447e-004  2.318418e-004  0.000000e+000  
0.000000e+000  -2.392884e-011  9.932866e-004  9.731935e-004  9.235259e-004  8.263938e-004  6.956877e-004  4.424933e-004  0.000000e+000  
1.949380e-011  -5.119299e-011  1.895931e-003  1.857722e-003  1.762563e-003  1.576501e-003  1.326701e-003  8.434300e-004  0.000000e+000  
6.820244e-011  -4.862896e-011  3.614483e-003  3.541936e-003  3.359729e-003  3.003558e-003  2.526615e-003  1.605283e-003  0.000000e+000  
0.000000e+000  4.862896e-011  6.881932e-003  6.744369e-003  6.395616e-003  5.714113e-003  4.804280e-003  3.049929e-003  0.000000e+000  
0.000000e+000  -3.797680e-011  1.308578e-002  1.282513e-002  1.215730e-002  1.085298e-002  9.118179e-003  5.781352e-003  0.000000e+000  
0.000000e+000  -2.752805e-012  2.485247e-002  2.435805e-002  2.307584e-002  2.057412e-002  1.726387e-002  1.092137e-002  0.000000e+000  
0.000000e+000  4.072961e-011  4.717065e-002  4.622714e-002  4.374442e-002  3.891087e-002  3.256913e-002  2.050615e-002  0.000000e+000  
0.000000e+000  -4.640911e-011  8.962958e-002  8.779798e-002  8.287745e-002  7.334517e-002  6.104711e-002  3.802034e-002  0.000000e+000  
-4.455576e-011  4.640911e-011  1.712264e-001  1.675477e-001  1.572135e-001  1.373980e-001  1.128059e-001  6.845290e-002  0.000000e+000  
0.000000e+000  0.000000e+000  3.243989e-001  3.171292e-001  2.932150e-001  2.479292e-001  1.967214e-001  1.122688e-001  0.000000e+000  
0.000000e+000  0.000000e+000  5.166614e-001  5.090490e-001  4.582367e-001  3.608282e-001  2.680337e-001  1.378161e-001  0.000000e+000  
0.000000e+000  0.000000e+000  6.469376e-001  6.505538e-001  5.734087e-001  4.217103e-001  2.967355e-001  1.419662e-001  0.000000e+000  
0.000000e+000  0.000000e+000  7.649048e-001  8.174345e-001  6.960444e-001  4.524474e-001  2.931306e-001  1.281343e-001  0.000000e+000  
0.000000e+000  0.000000e+000  7.321787e-001  9.058035e-001  7.282578e-001  3.918695e-001  2.323154e-001  9.438722e-002  0.000000e+000  
0.000000e+000  0.000000e+000  4.253659e-001  4.903611e-001  3.816890e-001  2.221654e-001  1.315996e-001  5.195845e-002  0.000000e+000  
0.000000e+000  0.000000e+000  0.000000e+000  -1.829173e-010  1.047576e-010  6.636536e-011  -1.283997e-010  -3.274887e-010  0.000000e+000  
0.000000e+000  0.000000e+000  -4.253659e-001  -4.903611e-001  -3.816890e-001  -2.221654e-001  -1.315996e-001  -5.195846e-002  0.000000e+000  
0.000000e+000  0.000000e+000  -7.321787e-001  -9.058035e-001  -7.282578e-001  -3.918695e-001  -2.323154e-001  -9.438722e-002  0.000000e+000  
0.000000e+000  0.000000e+000  -7.649048e-001  -8.174345e-001  -6.960444e-001  -4.524474e-001  -2.931306e-001  -1.281343e-001  0.000000e+000  
0.000000e+000  0.000000e+000  -6.469376e-001  -6.505538e-001  -5.734087e-001  -4.217103e-001  -2.967355e-001  -1.419662e-001  0.000000e+000  
0.000000e+000  0.000000e+000  -5.166614e-001  -5.090490e-001  -4.582367e-001  -3.608282e-001  -2.680337e-001  -1.378161e-001  0.000000e+000  
2.903788e-011  4.531727e-011  -3.243989e-001  -3.171292e-001  -2.932150e-001  -2.479292e-001  -1.967214e-001  -1.122688e-001  0.000000e+000  
0.000000e+000  0.000000e+000  -1.712264e-001  -1.675477e-001  -1.572135e-001  -1.373980e-001  -1.128059e-001  -6.845290e-002  0.000000e+000  
0.000000e+000  0.000000e+000  -8.962958e-002  -8.779798e-002  -8.287745e-002  -7.334517e-002  -6.104711e-002  -3.802034e-002  0.000000e+000  
0.000000e+000  0.000000e+000  -4.717065e-002  -4.622714e-002  -4.374442e-002  -3.891087e-002  -3.256913e-002  -2.050616e-002  0.000000e+000  
0.000000e+000  0.000000e+000  -2.485247e-002  -2.435805e-002  -2.307584e-002  -2.057412e-002  -1.726387e-002  -1.092137e-002  0.000000e+000  
0.000000e+000  -5.670500e-011  -1.308578e-002  -1.282513e-002  -1.215730e-002  -1.085299e-002  -9.118180e-003  -5.781352e-003  0.000000e+000  
0.000000e+000  -7.264115e-012  -6.881932e-003  -6.744370e-003  -6.395616e-003  -5.714113e-003  -4.804281e-003  -3.049929e-003  0.000000e+000  
0.000000e+000  6.396911e-011  -3.614484e-003  -3.541936e-003  -3.359730e-003  -3.003559e-003  -2.526615e-003  -1.605283e-003  0.000000e+000  
5.377615e-011  0.000000e+000  -1.895930e-003  -1.857722e-003  -1.762562e-003  -1.576501e-003  -1.326701e-003  -8.434296e-004  0.000000e+000  
0.000000e+000  0.000000e+000  -9.932863e-004  -9.731930e-004  -9.235255e-004  -8.263934e-004  -6.956873e-004  -4.424929e-004  0.000000e+000  
0.000000e+000  0.000000e+000  -5.197938e-004  -5.092426e-004  -4.833378e-004  -4.326684e-004  -3.643445e-004  -2.318417e-004  0.000000e+000  
0.000000e+000  0.000000e+000  -2.716911e-004  -2.661588e-004  -2.526592e-004  -2.262499e-004  -1.905728e-004  -1.213123e-004  0.000000e+000  
0.000000e+000  0.000000e+000  -1.417821e-004  -1.388869e-004  -1.318612e-004  -1.181149e-004  -9.951336e-005  -6.336863e-005  0.000000e+000  
0.000000e+000  3.868541e-011  -7.373628e-005  -7.222671e-005  -6.858183e-005  -6.144948e-005  -5.178320e-005  -3.298493e-005  0.000000e+000  
4.830490e-011  -4.250760e-011  -3.955790e-005  -3.874624e-005  -3.679507e-005  -3.297657e-005  -2.779444e-005  -1.770927e-005  0.000000e+000  
0.000000e+000  0.000000e+000  -2.683909e-005  -2.628773e-005  -2.496548e-005  -2.237768e-005  -1.886309e-005  -1.202037e-005  0.000000e+000  
0.000000e+000  0.000000e+000  -2.114572e-005  -2.071119e-005  -1.967009e-005  -1.763275e-005  -1.486438e-005  -9.473099e-006  0.000000e+000  
0.000000e+000  0.000000e+000  -1.666867e-005  -1.632559e-005  -1.550574e-005  -1.390086e-005  -1.171911e-005  -7.469328e-006  0.000000e+000  
0.000000e+000  0.000000e+000  -1.313099e-005  -1.286060e-005  -1.221519e-005  -1.095178e-005  -9.233508e-006  -5.885575e-006  0.000000e+000  
0.000000e+000  0.000000e+000  -1.034703e-005  -1.013400e-005  -9.625652e-006  -8.630694e-006  -7.277047e-006  -4.638852e-006  0.000000e+000  
0.000000e+000  0.000000e+000  -8.173101e-006  -8.004562e-006  -7.603330e-006  -6.817959e-006  -5.748821e-006  -3.664946e-006  0.000000e+000  
-3.866565e-011  4.040167e-011  -5.082746e-006  -4.977829e-006  -4.728632e-006  -4.240751e-006  -3.576204e-006  -2.280205e-006  0.000000e+000  
0.000000e+000  0.000000e+000  -2.621978e-006  -2.567708e-006  -2.439300e-006  -2.187868e-006  -1.845174e-006  -1.176707e-006  0.000000e+000  
-5.369772e-011  0.000000e+000  -1.328167e-006  -1.300669e-006  -1.235740e-006  -1.108640e-006  -9.352169e-007  -5.966484e-007  0.000000e+000  
0.000000e+000  0.000000e+000  -6.728550e-007  -6.588966e-007  -6.260792e-007  -5.617295e-007  -4.739020e-007  -3.023281e-007  0.000000e+000  
-4.126385e-011  3.631976e-011  -3.414216e-007  -3.343640e-007  -3.175968e-007  -2.849601e-007  -2.402989e-007  -1.532144e-007  0.000000e+000  
0.000000e+000  -8.942876e-011  -1.724409e-007  -1.688130e-007  -1.604286e-007  -1.439258e-007  -1.214679e-007  -7.757472e-008  0.000000e+000  
-4.996015e-011  1.486699e-011  -8.707271e-008  -8.522386e-008  -8.104427e-008  -7.276561e-008  -6.139665e-008  -3.916521e-008  0.000000e+000  
0.000000e+000  3.824201e-011  -4.362293e-008  -4.271653e-008  -4.059765e-008  -3.647269e-008  -3.080461e-008  -1.971887e-008  0.000000e+000  
0.000000e+000  0.000000e+000  -2.197017e-008  -2.152675e-008  -2.035107e-008  -1.815305e-008  -1.524666e-008  -9.687389e-009  0.000000e+000  
0.000000e+000  -6.353685e-011  -1.057284e-008  -1.030940e-008  -9.846166e-009  -8.868311e-009  -7.490903e-009  -4.797045e-009  0.000000e+000  
0.000000e+000  6.353685e-011  -5.708578e-009  -5.548174e-009  -5.273584e-009  -4.661374e-009  -3.898019e-009  -2.365891e-009  0.000000e+000  
0.000000e+000  0.000000e+000  -3.066414e-009  -2.972812e-009  -2.729658e-009  -2.348774e-009  -1.923208e-009  -1.270403e-009  0.000000e+000  
4.206217e-011  0.000000e+000  -1.767578e-009  -1.729052e-009  -1.650632e-009  -1.498742e-009  -1.256379e-009  -7.768224e-010  0.000000e+000  
3.802304e-011  5.644287e-011  -5.980667e-010  -6.192114e-010  -6.168024e-010  -5.819531e-010  -4.806499e-010  -2.176753e-010  0.000000e+000  
0.000000e+000  -6.054336e-011  -6.599388e-010  -6.160752e-010  -6.137403e-010  -5.134715e-010  -4.948660e-010  -3.822030e-010  0.000000e+000  
1.060117e-010  0.000000e+000  -4.675076e-010  -4.871338e-010  -4.219362e-010  -3.609415e-010  -3.186101e-010  -2.869327e-010  0.000000e+000  
-1.586509e-010  -7.813297e-011  -3.344979e-010  -3.449348e-010  -2.783567e-010  -2.162501e-010  -1.983991e-010  -1.663269e-010  0.000000e+000  
5.037172e-012  -2.500183e-011  -1.615190e-010  -6.857832e-011  -1.210833e-010  -4.795344e-011  -4.891457e-011  -1.168500e-010  0.000000e+000  
1.141526e-010  -1.227056e-010  1.374946e-010  3.769291e-011  1.730817e-011  2.505169e-011  5.547946e-011  3.321686e-011  0.000000e+000  
-9.024106e-011  1.501269e-010  4.181180e-011  -2.786626e-011  1.498843e-010  8.541788e-011  1.456911e-010  5.492703e-011  0.000000e+000  
-6.747385e-011  -9.212961e-012  1.325031e-010  1.967749e-011  1.110858e-010  9.847218e-011  6.573395e-011  5.382358e-011  0.000000e+000  
1.830063e-011  3.888994e-012  -7.686313e-012  3.489565e-011  6.839469e-011  6.925848e-011  5.513117e-011  -9.051154e-011  0.000000e+000  
0.000000e+000  0.000000e+000  0.000000e+000  0.000000e+000  0.000000e+000  0.000000e+000  0.000000e+000  0.000000e+000  0.000000e+000  

