Port monitor named: Port1_h1.prt

nx        = 110
ny        = 81
nz        = 20

nu        = 7
nv        = 14
iu        = 9
iv        = 49

idir      = 1
dcut      = -4.500000e-002
icut      = 6
type      = 1
frequency = 1.850000e+009

fcutoff   = 3.974054e+009
alpha     = 1.125934e+002
beta      = 0.000000e+000
accuracy  = 1.232148e-013

type          = UNDEF
wave imp.     = 6.110793e+002
wave imp.sig. = 8.723223e-009
line imp.     = 0.000000e+000

ref. port     = 0

0.000000e+000  0.000000e+000  0.000000e+000  0.000000e+000  0.000000e+000  0.000000e+000  0.000000e+000  
0.000000e+000  0.000000e+000  0.000000e+000  0.000000e+000  0.000000e+000  0.000000e+000  0.000000e+000  
0.000000e+000  0.000000e+000  0.000000e+000  0.000000e+000  0.000000e+000  0.000000e+000  0.000000e+000  
0.000000e+000  0.000000e+000  0.000000e+000  0.000000e+000  0.000000e+000  0.000000e+000  0.000000e+000  
0.000000e+000  0.000000e+000  0.000000e+000  0.000000e+000  0.000000e+000  0.000000e+000  0.000000e+000  
0.000000e+000  0.000000e+000  0.000000e+000  0.000000e+000  0.000000e+000  0.000000e+000  0.000000e+000  
0.000000e+000  0.000000e+000  0.000000e+000  0.000000e+000  0.000000e+000  0.000000e+000  0.000000e+000  
0.000000e+000  0.000000e+000  0.000000e+000  0.000000e+000  0.000000e+000  0.000000e+000  0.000000e+000  
0.000000e+000  0.000000e+000  0.000000e+000  0.000000e+000  0.000000e+000  0.000000e+000  0.000000e+000  
0.000000e+000  0.000000e+000  0.000000e+000  0.000000e+000  0.000000e+000  0.000000e+000  0.000000e+000  
0.000000e+000  0.000000e+000  0.000000e+000  0.000000e+000  0.000000e+000  0.000000e+000  0.000000e+000  
0.000000e+000  0.000000e+000  0.000000e+000  0.000000e+000  0.000000e+000  0.000000e+000  0.000000e+000  
0.000000e+000  0.000000e+000  0.000000e+000  0.000000e+000  0.000000e+000  0.000000e+000  0.000000e+000  
0.000000e+000  0.000000e+000  0.000000e+000  0.000000e+000  0.000000e+000  0.000000e+000  0.000000e+000  

0.000000e+000  0.000000e+000  0.000000e+000  0.000000e+000  0.000000e+000  0.000000e+000  0.000000e+000  
0.000000e+000  0.000000e+000  0.000000e+000  0.000000e+000  0.000000e+000  0.000000e+000  0.000000e+000  
0.000000e+000  0.000000e+000  0.000000e+000  0.000000e+000  0.000000e+000  0.000000e+000  0.000000e+000  
0.000000e+000  0.000000e+000  0.000000e+000  0.000000e+000  0.000000e+000  0.000000e+000  0.000000e+000  
0.000000e+000  0.000000e+000  0.000000e+000  0.000000e+000  0.000000e+000  0.000000e+000  0.000000e+000  
0.000000e+000  0.000000e+000  0.000000e+000  0.000000e+000  0.000000e+000  0.000000e+000  0.000000e+000  
0.000000e+000  0.000000e+000  0.000000e+000  0.000000e+000  0.000000e+000  0.000000e+000  0.000000e+000  
0.000000e+000  0.000000e+000  0.000000e+000  0.000000e+000  0.000000e+000  0.000000e+000  0.000000e+000  
0.000000e+000  0.000000e+000  0.000000e+000  0.000000e+000  0.000000e+000  0.000000e+000  0.000000e+000  
0.000000e+000  0.000000e+000  0.000000e+000  0.000000e+000  0.000000e+000  0.000000e+000  0.000000e+000  
0.000000e+000  0.000000e+000  0.000000e+000  0.000000e+000  0.000000e+000  0.000000e+000  0.000000e+000  
0.000000e+000  0.000000e+000  0.000000e+000  0.000000e+000  0.000000e+000  0.000000e+000  0.000000e+000  
0.000000e+000  0.000000e+000  0.000000e+000  0.000000e+000  0.000000e+000  0.000000e+000  0.000000e+000  
0.000000e+000  0.000000e+000  0.000000e+000  0.000000e+000  0.000000e+000  0.000000e+000  0.000000e+000  

0.000000e+000  0.000000e+000  0.000000e+000  0.000000e+000  0.000000e+000  0.000000e+000  0.000000e+000  
0.000000e+000  0.000000e+000  0.000000e+000  0.000000e+000  0.000000e+000  0.000000e+000  0.000000e+000  
0.000000e+000  0.000000e+000  0.000000e+000  0.000000e+000  0.000000e+000  0.000000e+000  0.000000e+000  
0.000000e+000  0.000000e+000  0.000000e+000  0.000000e+000  0.000000e+000  0.000000e+000  0.000000e+000  
0.000000e+000  0.000000e+000  0.000000e+000  0.000000e+000  0.000000e+000  0.000000e+000  0.000000e+000  
0.000000e+000  0.000000e+000  0.000000e+000  0.000000e+000  0.000000e+000  0.000000e+000  0.000000e+000  
0.000000e+000  0.000000e+000  0.000000e+000  0.000000e+000  0.000000e+000  0.000000e+000  0.000000e+000  
0.000000e+000  0.000000e+000  0.000000e+000  0.000000e+000  0.000000e+000  0.000000e+000  0.000000e+000  
0.000000e+000  0.000000e+000  0.000000e+000  0.000000e+000  0.000000e+000  0.000000e+000  0.000000e+000  
0.000000e+000  0.000000e+000  0.000000e+000  0.000000e+000  0.000000e+000  0.000000e+000  0.000000e+000  
0.000000e+000  0.000000e+000  0.000000e+000  0.000000e+000  0.000000e+000  0.000000e+000  0.000000e+000  
0.000000e+000  0.000000e+000  0.000000e+000  0.000000e+000  0.000000e+000  0.000000e+000  0.000000e+000  
0.000000e+000  0.000000e+000  0.000000e+000  0.000000e+000  0.000000e+000  0.000000e+000  0.000000e+000  
0.000000e+000  0.000000e+000  0.000000e+000  0.000000e+000  0.000000e+000  0.000000e+000  0.000000e+000  

-9.210761e-001  -9.085752e-001  -8.775376e-001  -8.054198e-001  -7.187430e-001  -6.337007e-001  -4.925319e-001  
-2.576714e+000  -2.534744e+000  -2.425877e+000  -2.157397e+000  -1.840191e+000  -1.545157e+000  -1.112175e+000  
-3.911648e+000  -3.868566e+000  -3.695729e+000  -3.082048e+000  -2.405670e+000  -1.850484e+000  -1.197636e+000  
-4.851554e+000  -4.957087e+000  -4.920909e+000  -3.704251e+000  -2.601479e+000  -1.835585e+000  -1.094374e+000  
-5.273972e+000  -6.230532e+000  -7.524596e+000  -4.120009e+000  -2.373648e+000  -1.487881e+000  -8.144178e-001  
-2.408428e+000  -2.315109e+000  0.000000e+000  -2.086643e+000  -1.266991e+000  -7.865903e-001  -4.166852e-001  
1.412783e-010  1.127975e-010  0.000000e+000  1.759812e-010  2.561485e-010  2.975205e-010  3.287974e-010  
2.408428e+000  2.315109e+000  0.000000e+000  2.086643e+000  1.266991e+000  7.865903e-001  4.166852e-001  
5.273972e+000  6.230532e+000  7.524596e+000  4.120009e+000  2.373648e+000  1.487881e+000  8.144178e-001  
4.851554e+000  4.957087e+000  4.920909e+000  3.704251e+000  2.601479e+000  1.835585e+000  1.094374e+000  
3.911648e+000  3.868566e+000  3.695729e+000  3.082048e+000  2.405670e+000  1.850484e+000  1.197636e+000  
2.576714e+000  2.534744e+000  2.425877e+000  2.157397e+000  1.840191e+000  1.545157e+000  1.112175e+000  
9.210761e-001  9.085752e-001  8.775376e-001  8.054198e-001  7.187430e-001  6.337007e-001  4.925319e-001  
0.000000e+000  0.000000e+000  0.000000e+000  0.000000e+000  0.000000e+000  0.000000e+000  0.000000e+000  

2.222386e-001  6.692080e-001  7.312896e-001  4.539700e-001  2.497198e-001  2.865749e-002  0.000000e+000  
1.523752e-001  4.867259e-001  4.689146e-001  1.709674e-001  -1.397024e-002  -1.497294e-001  0.000000e+000  
-2.221297e-002  1.962783e-002  -2.444655e-001  -6.051758e-001  -7.119555e-001  -5.763720e-001  0.000000e+000  
-1.202871e-001  -3.393320e-001  -9.912292e-001  -1.388240e+000  -1.345802e+000  -8.936120e-001  0.000000e+000  
6.599157e-003  -5.002710e-001  -2.375561e+000  -2.616902e+000  -2.197686e+000  -1.248322e+000  0.000000e+000  
1.442300e+000  4.361511e+000  -6.759870e+000  -4.503498e+000  -3.163307e+000  -1.566840e+000  0.000000e+000  
1.312069e+000  3.206633e+000  -7.764904e+000  -5.234825e+000  -3.593373e+000  -1.710207e+000  0.000000e+000  
1.312069e+000  3.206633e+000  -7.764904e+000  -5.234825e+000  -3.593373e+000  -1.710207e+000  0.000000e+000  
1.442300e+000  4.361511e+000  -6.759870e+000  -4.503498e+000  -3.163307e+000  -1.566840e+000  0.000000e+000  
6.599157e-003  -5.002710e-001  -2.375561e+000  -2.616902e+000  -2.197686e+000  -1.248322e+000  0.000000e+000  
-1.202871e-001  -3.393320e-001  -9.912292e-001  -1.388240e+000  -1.345802e+000  -8.936120e-001  0.000000e+000  
-2.221297e-002  1.962783e-002  -2.444655e-001  -6.051758e-001  -7.119555e-001  -5.763720e-001  0.000000e+000  
1.523752e-001  4.867259e-001  4.689146e-001  1.709674e-001  -1.397024e-002  -1.497294e-001  0.000000e+000  
2.222386e-001  6.692080e-001  7.312896e-001  4.539700e-001  2.497198e-001  2.865749e-002  0.000000e+000  

6.702529e-002  1.926088e-001  2.307919e-001  1.834889e-001  1.394521e-001  7.269559e-002  -0.000000e+000  
1.713254e-001  4.955352e-001  5.864643e-001  4.532217e-001  3.356456e-001  1.673746e-001  -0.000000e+000  
2.252608e-001  6.598535e-001  7.608054e-001  5.558163e-001  3.932427e-001  1.836878e-001  -0.000000e+000  
2.495435e-001  7.446832e-001  8.284839e-001  5.665125e-001  3.832507e-001  1.698881e-001  -0.000000e+000  
2.428964e-001  7.797927e-001  7.939966e-001  4.791520e-001  3.047090e-001  1.277085e-001  -0.000000e+000  
1.055005e-001  3.020272e-001  3.987882e-001  2.509957e-001  1.594339e-001  6.561376e-002  -0.000000e+000  
-0.000000e+000  -0.000000e+000  -0.000000e+000  -0.000000e+000  -0.000000e+000  -0.000000e+000  -0.000000e+000  
-1.055005e-001  -3.020272e-001  -3.987882e-001  -2.509957e-001  -1.594339e-001  -6.561376e-002  -0.000000e+000  
-2.428964e-001  -7.797927e-001  -7.939966e-001  -4.791520e-001  -3.047090e-001  -1.277085e-001  -0.000000e+000  
-2.495435e-001  -7.446832e-001  -8.284839e-001  -5.665125e-001  -3.832507e-001  -1.698881e-001  -0.000000e+000  
-2.252608e-001  -6.598535e-001  -7.608054e-001  -5.558163e-001  -3.932427e-001  -1.836878e-001  -0.000000e+000  
-1.713254e-001  -4.955352e-001  -5.864643e-001  -4.532217e-001  -3.356456e-001  -1.673746e-001  -0.000000e+000  
-6.702529e-002  -1.926088e-001  -2.307919e-001  -1.834889e-001  -1.394521e-001  -7.269559e-002  -0.000000e+000  
-0.000000e+000  -0.000000e+000  -0.000000e+000  -0.000000e+000  -0.000000e+000  -0.000000e+000  -0.000000e+000  

