Port monitor named: Port1_e1.prt

nx        = 110
ny        = 81
nz        = 20

nu        = 7
nv        = 14
iu        = 9
iv        = 49

idir      = 1
dcut      = -4.500000e-002
icut      = 6
type      = 0
frequency = 1.850000e+009

fcutoff   = 3.974054e+009
alpha     = 1.125934e+002
beta      = 0.000000e+000
accuracy  = 1.232148e-013

type          = UNDEF
wave imp.     = 6.110793e+002
wave imp.sig. = 8.723223e-009
line imp.     = 0.000000e+000

ref. port     = 0

3.620155e+001  9.625468e+001  5.731644e+002  5.951007e+002  5.565338e+002  4.011798e+002  0.000000e+000  
4.645424e+001  1.236826e+002  7.366387e+002  7.606483e+002  7.045935e+002  4.964493e+002  0.000000e+000  
7.102922e+001  1.941852e+002  1.176153e+003  1.196804e+003  1.079082e+003  7.155724e+002  0.000000e+000  
7.427647e+001  2.389011e+002  1.607801e+003  1.601440e+003  1.395017e+003  8.708785e+002  0.000000e+000  
-1.363396e+001  1.904228e+002  2.332121e+003  2.187239e+003  1.796823e+003  1.039444e+003  0.000000e+000  
-6.381254e+002  -2.052613e+003  4.041085e+003  2.990412e+003  2.227672e+003  1.187107e+003  0.000000e+000  
-5.645099e+002  -1.476264e+003  4.744972e+003  3.366765e+003  2.431977e+003  1.253990e+003  0.000000e+000  
-5.645099e+002  -1.476264e+003  4.744972e+003  3.366765e+003  2.431977e+003  1.253990e+003  0.000000e+000  
-6.381254e+002  -2.052613e+003  4.041085e+003  2.990412e+003  2.227672e+003  1.187107e+003  0.000000e+000  
-1.363396e+001  1.904228e+002  2.332121e+003  2.187239e+003  1.796823e+003  1.039444e+003  0.000000e+000  
7.427647e+001  2.389011e+002  1.607801e+003  1.601440e+003  1.395017e+003  8.708785e+002  0.000000e+000  
7.102922e+001  1.941852e+002  1.176153e+003  1.196804e+003  1.079082e+003  7.155724e+002  0.000000e+000  
4.645424e+001  1.236826e+002  7.366387e+002  7.606483e+002  7.045935e+002  4.964493e+002  0.000000e+000  
3.620155e+001  9.625468e+001  5.731644e+002  5.951007e+002  5.565338e+002  4.011798e+002  0.000000e+000  

-5.818133e+002  -5.782730e+002  -5.686432e+002  -5.001125e+002  -4.315977e+002  -3.707550e+002  -2.800619e+002  
-1.551179e+003  -1.541006e+003  -1.511772e+003  -1.286952e+003  -1.066119e+003  -8.774520e+002  -6.209316e+002  
-2.190257e+003  -2.185454e+003  -2.148478e+003  -1.720620e+003  -1.322310e+003  -1.012031e+003  -6.563581e+002  
-2.575522e+003  -2.629745e+003  -2.652397e+003  -1.942333e+003  -1.369888e+003  -9.773363e+002  -5.925102e+002  
-2.665694e+003  -3.069146e+003  -3.586869e+003  -1.971295e+003  -1.191675e+003  -7.726202e+002  -4.363812e+002  
-1.191706e+003  -1.132207e+003  0.000000e+000  -1.092353e+003  -6.485800e+002  -4.072674e+002  -2.222945e+002  
0.000000e+000  0.000000e+000  0.000000e+000  0.000000e+000  0.000000e+000  0.000000e+000  0.000000e+000  
1.191706e+003  1.132207e+003  0.000000e+000  1.092353e+003  6.485800e+002  4.072674e+002  2.222945e+002  
2.665694e+003  3.069146e+003  3.586869e+003  1.971295e+003  1.191675e+003  7.726202e+002  4.363812e+002  
2.575522e+003  2.629745e+003  2.652397e+003  1.942333e+003  1.369888e+003  9.773363e+002  5.925102e+002  
2.190257e+003  2.185454e+003  2.148478e+003  1.720620e+003  1.322310e+003  1.012031e+003  6.563581e+002  
1.551179e+003  1.541006e+003  1.511772e+003  1.286952e+003  1.066119e+003  8.774520e+002  6.209316e+002  
5.818133e+002  5.782730e+002  5.686432e+002  5.001125e+002  4.315977e+002  3.707550e+002  2.800619e+002  
0.000000e+000  0.000000e+000  0.000000e+000  0.000000e+000  0.000000e+000  0.000000e+000  0.000000e+000  

-2.491952e+003  -2.492630e+003  -2.493499e+003  -2.558461e+003  -2.631290e+003  -2.702479e+003  -2.828504e+003  
-2.250401e+003  -2.252857e+003  -2.258430e+003  -2.350219e+003  -2.450518e+003  -2.546464e+003  -2.710034e+003  
-1.725641e+003  -1.732444e+003  -1.750084e+003  -1.914138e+003  -2.087354e+003  -2.246461e+003  -2.497060e+003  
-1.344030e+003  -1.352303e+003  -1.378345e+003  -1.614185e+003  -1.856156e+003  -2.069343e+003  -2.382235e+003  
-8.906715e+002  -8.893378e+002  -9.128391e+002  -1.271450e+003  -1.614635e+003  -1.897407e+003  -2.278337e+003  
-4.168057e+002  -3.408465e+002  0.000000e+000  -9.169886e+002  -1.402505e+003  -1.760810e+003  -2.201662e+003  
-2.418022e+002  -1.741741e+002  0.000000e+000  -7.584015e+002  -1.307921e+003  -1.701553e+003  -2.169509e+003  
-2.418022e+002  -1.741741e+002  0.000000e+000  -7.584015e+002  -1.307921e+003  -1.701553e+003  -2.169509e+003  
-4.168057e+002  -3.408465e+002  0.000000e+000  -9.169886e+002  -1.402505e+003  -1.760810e+003  -2.201662e+003  
-8.906715e+002  -8.893378e+002  -9.128391e+002  -1.271450e+003  -1.614635e+003  -1.897407e+003  -2.278337e+003  
-1.344030e+003  -1.352303e+003  -1.378345e+003  -1.614185e+003  -1.856156e+003  -2.069343e+003  -2.382235e+003  
-1.725641e+003  -1.732444e+003  -1.750084e+003  -1.914138e+003  -2.087354e+003  -2.246461e+003  -2.497060e+003  
-2.250401e+003  -2.252857e+003  -2.258430e+003  -2.350219e+003  -2.450518e+003  -2.546464e+003  -2.710034e+003  
-2.491952e+003  -2.492630e+003  -2.493499e+003  -2.558461e+003  -2.631290e+003  -2.702479e+003  -2.828504e+003  

0.000000e+000  0.000000e+000  0.000000e+000  0.000000e+000  0.000000e+000  0.000000e+000  0.000000e+000  
0.000000e+000  0.000000e+000  0.000000e+000  0.000000e+000  0.000000e+000  0.000000e+000  0.000000e+000  
0.000000e+000  0.000000e+000  0.000000e+000  0.000000e+000  0.000000e+000  0.000000e+000  0.000000e+000  
0.000000e+000  0.000000e+000  0.000000e+000  0.000000e+000  0.000000e+000  0.000000e+000  0.000000e+000  
0.000000e+000  0.000000e+000  0.000000e+000  0.000000e+000  0.000000e+000  0.000000e+000  0.000000e+000  
0.000000e+000  0.000000e+000  0.000000e+000  0.000000e+000  0.000000e+000  0.000000e+000  0.000000e+000  
0.000000e+000  0.000000e+000  0.000000e+000  0.000000e+000  0.000000e+000  0.000000e+000  0.000000e+000  
0.000000e+000  0.000000e+000  0.000000e+000  0.000000e+000  0.000000e+000  0.000000e+000  0.000000e+000  
0.000000e+000  0.000000e+000  0.000000e+000  0.000000e+000  0.000000e+000  0.000000e+000  0.000000e+000  
0.000000e+000  0.000000e+000  0.000000e+000  0.000000e+000  0.000000e+000  0.000000e+000  0.000000e+000  
0.000000e+000  0.000000e+000  0.000000e+000  0.000000e+000  0.000000e+000  0.000000e+000  0.000000e+000  
0.000000e+000  0.000000e+000  0.000000e+000  0.000000e+000  0.000000e+000  0.000000e+000  0.000000e+000  
0.000000e+000  0.000000e+000  0.000000e+000  0.000000e+000  0.000000e+000  0.000000e+000  0.000000e+000  
0.000000e+000  0.000000e+000  0.000000e+000  0.000000e+000  0.000000e+000  0.000000e+000  0.000000e+000  

0.000000e+000  0.000000e+000  0.000000e+000  0.000000e+000  0.000000e+000  0.000000e+000  0.000000e+000  
0.000000e+000  0.000000e+000  0.000000e+000  0.000000e+000  0.000000e+000  0.000000e+000  0.000000e+000  
0.000000e+000  0.000000e+000  0.000000e+000  0.000000e+000  0.000000e+000  0.000000e+000  0.000000e+000  
0.000000e+000  0.000000e+000  0.000000e+000  0.000000e+000  0.000000e+000  0.000000e+000  0.000000e+000  
0.000000e+000  0.000000e+000  0.000000e+000  0.000000e+000  0.000000e+000  0.000000e+000  0.000000e+000  
0.000000e+000  0.000000e+000  0.000000e+000  0.000000e+000  0.000000e+000  0.000000e+000  0.000000e+000  
0.000000e+000  0.000000e+000  0.000000e+000  0.000000e+000  0.000000e+000  0.000000e+000  0.000000e+000  
0.000000e+000  0.000000e+000  0.000000e+000  0.000000e+000  0.000000e+000  0.000000e+000  0.000000e+000  
0.000000e+000  0.000000e+000  0.000000e+000  0.000000e+000  0.000000e+000  0.000000e+000  0.000000e+000  
0.000000e+000  0.000000e+000  0.000000e+000  0.000000e+000  0.000000e+000  0.000000e+000  0.000000e+000  
0.000000e+000  0.000000e+000  0.000000e+000  0.000000e+000  0.000000e+000  0.000000e+000  0.000000e+000  
0.000000e+000  0.000000e+000  0.000000e+000  0.000000e+000  0.000000e+000  0.000000e+000  0.000000e+000  
0.000000e+000  0.000000e+000  0.000000e+000  0.000000e+000  0.000000e+000  0.000000e+000  0.000000e+000  
0.000000e+000  0.000000e+000  0.000000e+000  0.000000e+000  0.000000e+000  0.000000e+000  0.000000e+000  

0.000000e+000  0.000000e+000  0.000000e+000  0.000000e+000  0.000000e+000  0.000000e+000  0.000000e+000  
0.000000e+000  0.000000e+000  0.000000e+000  0.000000e+000  0.000000e+000  0.000000e+000  0.000000e+000  
0.000000e+000  0.000000e+000  0.000000e+000  0.000000e+000  0.000000e+000  0.000000e+000  0.000000e+000  
0.000000e+000  0.000000e+000  0.000000e+000  0.000000e+000  0.000000e+000  0.000000e+000  0.000000e+000  
0.000000e+000  0.000000e+000  0.000000e+000  0.000000e+000  0.000000e+000  0.000000e+000  0.000000e+000  
0.000000e+000  0.000000e+000  0.000000e+000  0.000000e+000  0.000000e+000  0.000000e+000  0.000000e+000  
0.000000e+000  0.000000e+000  0.000000e+000  0.000000e+000  0.000000e+000  0.000000e+000  0.000000e+000  
0.000000e+000  0.000000e+000  0.000000e+000  0.000000e+000  0.000000e+000  0.000000e+000  0.000000e+000  
0.000000e+000  0.000000e+000  0.000000e+000  0.000000e+000  0.000000e+000  0.000000e+000  0.000000e+000  
0.000000e+000  0.000000e+000  0.000000e+000  0.000000e+000  0.000000e+000  0.000000e+000  0.000000e+000  
0.000000e+000  0.000000e+000  0.000000e+000  0.000000e+000  0.000000e+000  0.000000e+000  0.000000e+000  
0.000000e+000  0.000000e+000  0.000000e+000  0.000000e+000  0.000000e+000  0.000000e+000  0.000000e+000  
0.000000e+000  0.000000e+000  0.000000e+000  0.000000e+000  0.000000e+000  0.000000e+000  0.000000e+000  
0.000000e+000  0.000000e+000  0.000000e+000  0.000000e+000  0.000000e+000  0.000000e+000  0.000000e+000  

