Defined reference frequency for open boundary condition (1.8 GHz) is larger
than the lowest relevant system frequency (monitor at 0.698 GHz).
Please check open boundary settings to ensure accurate monitor results for the
lowest frequency of interest.

--------------------------------------------------------------------------------
Build version: 2015.0 Release from 2015-01-16 (change 344899)

Starting adaptive port meshing.

--------------------------------------------------------------------------------
Mode calculation for port 1:

--------------------------------------------------------------------------------

--------------------------------------------------------------------------------

--------------------------------------------------------------------------------
Number of mesh faces filled with PEC due to fill limit restrictions: 0

--------------------------------------------------------------------------------
Port mode solver: Detected dispersive material(s) at port 1. 
Using a constant approximation of dispersive material(s) at 1.8GHz and
neglecting loss terms. 

--------------------------------------------------------------------------------
  -------------------------------- F-Calc 1.8 --------------------------------
  Port   Mode   Type        Z-Wave        Z-Wave-Sigma  Z-Line        F-Cutoff
  1      1      QTEM        205           3.37e-011     48            ---
  ----------------------------------------------------------------------------

Pass 1 successfully completed. 

--------------------------------------------------------------------------------

--------------------------------------------------------------------------------
Number of mesh faces filled with PEC due to fill limit restrictions: 0

--------------------------------------------------------------------------------
  -------------------------------- F-Calc 1.8 --------------------------------
  Port   Mode   Type        Z-Wave        Z-Wave-Sigma  Z-Line        F-Cutoff
  1      1      QTEM        208           6.94e-011     48.6          ---
  ----------------------------------------------------------------------------

Pass 2 successfully completed. Delta (Line Imp.): 1.319224%

--------------------------------------------------------------------------------

--------------------------------------------------------------------------------
Number of mesh faces filled with PEC due to fill limit restrictions: 0

--------------------------------------------------------------------------------
  -------------------------------- F-Calc 1.8 --------------------------------
  Port   Mode   Type        Z-Wave        Z-Wave-Sigma  Z-Line        F-Cutoff
  1      1      QTEM        229           17.2          49            ---
  ----------------------------------------------------------------------------

Pass 3 successfully completed. Delta (Line Imp.): 0.685146%

--------------------------------------------------------------------------------

--------------------------------------------------------------------------------
Number of mesh faces filled with PEC due to fill limit restrictions: 0

--------------------------------------------------------------------------------
  -------------------------------- F-Calc 1.8 --------------------------------
  Port   Mode   Type        Z-Wave        Z-Wave-Sigma  Z-Line        F-Cutoff
  1      1      QTEM        254           5.86e-010     49.1          ---
  ----------------------------------------------------------------------------

Pass 4 successfully completed. Delta (Line Imp.): 0.228703%
Adaptive port meshing finished. 

--------------------------------------------------------------------------------

Solver started at: 10:31 AM Tuesday, 18. August 2020

  Module:  Time Domain: S-Parameter (Win 64)
  Version: 2015.0 Release from 2015-01-16 (change 344899)


--------------------------------------------------------------------------------

--------------------------------------------------------------------------------
======================================================================
 Solver cycle: 1
======================================================================

Stimulation at port 1 (mode 1) 


--------------------------------------------------------------------------------
Units settings: 

  Dimensions: mm
  Frequency:  GHz
  Time:       ns

--------------------------------------------------------------------------------
Number of mesh faces filled with PEC due to fill limit restrictions: 0

--------------------------------------------------------------------------------
Mesh statistics:

   Hexahedral mesh type: FPBA [accuracy enhancement is enabled]

   Parallelization type: domain decomposition
      Number of parallel working threads: 4
      Number of calculation domains used: 4


--------------------------------------------------------------------------------
Port mode solver: Detected dispersive material(s) at port 1. 
Using a constant approximation of dispersive material(s) at 1.8GHz and
neglecting loss terms. 

--------------------------------------------------------------------------------
Boundary conditions: 

  YZsymmetry: none
  XZsymmetry: none
  XYsymmetry: none

  Xmin: expanded open, 4 Layer, depth 33.3103 mm
  Xmax: expanded open, 4 Layer, depth 33.3103 mm

  Ymin: expanded open, 4 Layer, depth 33.3103 mm
  Ymax: expanded open, 4 Layer, depth 30.682 mm

  Zmin: expanded open, 4 Layer, depth 30.708 mm
  Zmax: expanded open, 4 Layer, depth 33.3103 mm

  PML-Type: Convolution PML

--------------------------------------------------------------------------------
Frequency settings: 

  Fmin:    0
  Fmax:    3.6
  Nfsteps: 1001

--------------------------------------------------------------------------------
Waveguide boundaries:

Port: 1

  -------------------------------- F-Calc 1.8 --------------------------------
  Port   Mode   Type        Z-Wave        Z-Wave-Sigma  Z-Line        F-Cutoff
  1      1      QTEM        204           5.10e-012     49.1          ---
  ----------------------------------------------------------------------------

Field update statistics:

  Number of components in total: 	1299781
  Number of lossy metal components:	37356
  Number of disp. elements:		41570

Subcycling state:      Automatically deactivated

--------------------------------------------------------------------------------

--------------------------------------------------------------------------------

--------------------------------------------------------------------------------
*** Warning ***

Solver run aborted by user (discarding results).

--------------------------------------------------------------------------------
Frequency domain results normalized to default signal.

--------------------------------------------------------------------------------

  ----------------------------------------------------------------------------
                      Peak memory used (kB)         Free physical memory (kB) 
                                                    At begin     Minimum      
  ----------------------------------------------------------------------------
  Matrices calc.      384692                        10281372     9925120      
  Solver run total    410932                        10318072     9520344      
  ----------------------------------------------------------------------------

--------------------------------------------------------------------------------
Solver Statistics:

  Hardware:
     Computer name:                 	DESKTOP-S1T4ESL 

     Number of CPU threads:             4
     hardware info:                  	hardware acceleration not activated

  Number of mesh cells:             	209300
  Excitation duration:              	9.87374652e-001 ns 
  Calculation time for excitation:  	4      	s
  Number of calculated pulse widths:	5.39296 
  Steady state accuracy limit:      	-30	dB 
  Simulated number of time steps:   	2769   
  Maximum number of time steps:     	10268  
  Time step width:
     without subcycles:             	1.92302899e-003 ns
     used:                          	1.92302899e-003 ns

  Matrix calculation time:          	17     	s
  Solver setup time:                	5      	s
  Solver loop time:                 	20     	s
  Solver post processing time:      	0      	s
                                    	------------
  Total solver time:                	42     	s

--------------------------------------------------------------------------------

  Adaptive port meshing time:       	30     	s
  Total solver time (all cycles):   	42     	s
  Pause time:                       	3      	s
                                    	------------
  Total simulation time:            	75     	s  ( = 0 h, 1 m, 15 s )

--------------------------------------------------------------------------------
Solver finished at: 10:32 AM Tuesday, 18. August 2020


--------------------------------------------------------------------------------
Defined reference frequency for open boundary condition (1.8 GHz) is larger
than the lowest relevant system frequency (monitor at 0.698 GHz).
Please check open boundary settings to ensure accurate monitor results for the
lowest frequency of interest.

--------------------------------------------------------------------------------
Adaptation results were found. Adaptive port meshing skipped.

--------------------------------------------------------------------------------

Solver started at: 11:04 AM Tuesday, 18. August 2020

  Module:  Time Domain: S-Parameter (Win 64)
  Version: 2015.0 Release from 2015-01-16 (change 344899)


--------------------------------------------------------------------------------

--------------------------------------------------------------------------------
======================================================================
 Solver cycle: 1
======================================================================

Stimulation at port 1 (mode 1) 


--------------------------------------------------------------------------------
Units settings: 

  Dimensions: mm
  Frequency:  GHz
  Time:       ns

--------------------------------------------------------------------------------
Number of mesh faces filled with PEC due to fill limit restrictions: 0

--------------------------------------------------------------------------------
Port mode solver: Detected dispersive material(s) at port 1. 
Using a constant approximation of dispersive material(s) at 1.8GHz and
neglecting loss terms. 

--------------------------------------------------------------------------------
Boundary conditions: 

  YZsymmetry: none
  XZsymmetry: none
  XYsymmetry: none

  Xmin: expanded open, 4 Layer, depth 33.3103 mm
  Xmax: expanded open, 4 Layer, depth 33.3103 mm

  Ymin: expanded open, 4 Layer, depth 33.3103 mm
  Ymax: expanded open, 4 Layer, depth 30.682 mm

  Zmin: expanded open, 4 Layer, depth 30.708 mm
  Zmax: expanded open, 4 Layer, depth 33.3103 mm

  PML-Type: Convolution PML

--------------------------------------------------------------------------------
Frequency settings: 

  Fmin:    0
  Fmax:    3.6
  Nfsteps: 1001

--------------------------------------------------------------------------------
Waveguide boundaries:

Port: 1

Reloaded mode(s) for port 1.

--------------------------------------------------------------------------------
Field update statistics:

  Number of components in total: 	1299781
  Number of lossy metal components:	37356
  Number of disp. elements:		41570

Subcycling state:      Automatically deactivated

--------------------------------------------------------------------------------

--------------------------------------------------------------------------------

--------------------------------------------------------------------------------
*** Warning ***

Maximum simulation time reached, solver stopped.
Please note that the steady state energy criterion has not been satisfied.
More...

--------------------------------------------------------------------------------
Frequency domain results normalized to default signal.

--------------------------------------------------------------------------------

  ----------------------------------------------------------------------------
                      Peak memory used (kB)         Free physical memory (kB) 
                                                    At begin     Minimum      
  ----------------------------------------------------------------------------
  Matrices calc.      384692                        10281372     9925120      
  Solver run total    463948                        10897216     10313152     
  ----------------------------------------------------------------------------

--------------------------------------------------------------------------------
Solver Statistics:

  Hardware:
     Computer name:                 	DESKTOP-S1T4ESL 

     Number of CPU threads:             4
     hardware info:                  	hardware acceleration not activated

  Number of mesh cells:             	209300
  Excitation duration:              	9.87374652e-001 ns 
  Calculation time for excitation:  	3      	s
  Number of calculated pulse widths:	19.9981 
  Steady state accuracy limit:      	-30	dB 
  Simulated number of time steps:   	10268  
  Maximum number of time steps:     	10268  
  Time step width:
     without subcycles:             	1.92302899e-003 ns
     used:                          	1.92302899e-003 ns

  Reloading matrices:               	1      	s
  Solver setup time:                	3      	s
  Solver loop time:                 	58     	s
  Solver post processing time:      	12     	s
                                    	------------
  Total solver time:                	74     	s  ( = 0 h, 1 m, 14 s )

--------------------------------------------------------------------------------

  Adaptive port meshing time:       	0      	s
  Total solver time (all cycles):   	74     	s  ( = 0 h, 1 m, 14 s )
                                    	------------
  Total simulation time:            	74     	s  ( = 0 h, 1 m, 14 s )

--------------------------------------------------------------------------------
Solver finished at: 11:05 AM Tuesday, 18. August 2020


--------------------------------------------------------------------------------
Creating parametric 1D results.

--------------------------------------------------------------------------------
