Port monitor named: Port1_h1.prt

nx        = 116
ny        = 92
nz        = 21

nu        = 9
nv        = 106
iu        = 8
iv        = 6

idir      = 1
dcut      = -1.048000e-001
icut      = 6
type      = 1
frequency = 1.800000e+009

fcutoff   = 0.000000e+000
alpha     = 0.000000e+000
beta      = 6.981522e+001
accuracy  = 3.884897e-014

type          = QTEM
wave imp.     = 2.044707e+002
wave imp.sig. = 5.104685e-012
line imp.     = 4.906773e+001

ref. port     = 0

1.604484e-011  2.101019e-011  2.869213e-011  3.320026e-011  -3.772042e-010  -2.579022e-011  -0.000000e+000  9.616551e-011  2.948916e-011  
-1.672113e-010  -3.227846e-011  1.446677e-010  -2.170857e-009  1.210566e-009  -2.913704e-011  1.767645e-011  5.491154e-011  1.021843e-010  
-7.853856e-010  -1.628016e-010  1.454637e-010  -2.164022e-010  -1.078409e-010  -2.726327e-011  3.559699e-011  8.414051e-011  1.438014e-010  
-1.675637e-010  -9.852004e-010  -1.177837e-009  1.449160e-009  -1.183806e-010  -0.000000e+000  7.121591e-011  1.289666e-010  2.006815e-010  
-2.000219e-009  1.139238e-009  -0.000000e+000  -8.799492e-011  -2.997102e-011  5.584424e-011  1.321018e-010  1.940191e-010  2.769989e-010  
8.494524e-010  -1.976409e-009  -0.000000e+000  1.862197e-011  5.427461e-011  1.349047e-010  2.123342e-010  2.809219e-010  3.775010e-010  
9.572863e-010  6.808513e-010  -0.000000e+000  5.512092e-011  1.170390e-010  2.128126e-010  3.071236e-010  3.887558e-010  5.057694e-010  
-0.000000e+000  -0.000000e+000  -0.000000e+000  1.070256e-010  2.121981e-010  3.680537e-010  5.096565e-010  6.304360e-010  8.014765e-010  
-0.000000e+000  -0.000000e+000  -0.000000e+000  2.188820e-010  4.332179e-010  7.480176e-010  1.031307e-009  1.270786e-009  1.605623e-009  
-0.000000e+000  -0.000000e+000  -0.000000e+000  4.404084e-010  8.714734e-010  1.503802e-009  2.072048e-009  2.552125e-009  3.222903e-009  
-0.000000e+000  -0.000000e+000  -0.000000e+000  8.761983e-010  1.734151e-009  2.992209e-009  4.122724e-009  5.077530e-009  6.411848e-009  
-0.000000e+000  -0.000000e+000  -0.000000e+000  1.739315e-009  3.441796e-009  5.939172e-009  8.183374e-009  1.007892e-008  1.272709e-008  
-0.000000e+000  -0.000000e+000  -0.000000e+000  3.450247e-009  6.828079e-009  1.178222e-008  1.623432e-008  1.999461e-008  2.524807e-008  
-0.000000e+000  -0.000000e+000  -0.000000e+000  6.843619e-009  1.354311e-008  2.336993e-008  3.220084e-008  3.965955e-008  5.007963e-008  
-0.000000e+000  -0.000000e+000  -0.000000e+000  1.357405e-008  2.686277e-008  4.635302e-008  6.386811e-008  7.866174e-008  9.932968e-008  
-0.000000e+000  -0.000000e+000  -0.000000e+000  2.692267e-008  5.327937e-008  9.193674e-008  1.266768e-007  1.560191e-007  1.970115e-007  
-0.000000e+000  -0.000000e+000  -0.000000e+000  5.339894e-008  1.056749e-007  1.823486e-007  2.512519e-007  3.094491e-007  3.907544e-007  
-0.000000e+000  -0.000000e+000  -0.000000e+000  1.059113e-007  2.095958e-007  3.616709e-007  4.983348e-007  6.137636e-007  7.750248e-007  
-0.000000e+000  -0.000000e+000  -0.000000e+000  2.100655e-007  4.157139e-007  7.173404e-007  9.884000e-007  1.217342e-006  1.537189e-006  
-0.000000e+000  -0.000000e+000  -0.000000e+000  4.166451e-007  8.245295e-007  1.422777e-006  1.960399e-006  2.414484e-006  3.048869e-006  
-0.000000e+000  -0.000000e+000  -0.000000e+000  8.263764e-007  1.635377e-006  2.821945e-006  3.888266e-006  4.788902e-006  6.047146e-006  
-0.000000e+000  -0.000000e+000  -0.000000e+000  1.611520e-006  3.189154e-006  5.503087e-006  7.582523e-006  9.338856e-006  1.179256e-005  
-0.000000e+000  -0.000000e+000  -0.000000e+000  2.603300e-006  5.151862e-006  8.889860e-006  1.224905e-005  1.508628e-005  1.905008e-005  
-0.000000e+000  -0.000000e+000  -0.000000e+000  3.303065e-006  6.536674e-006  1.127944e-005  1.554158e-005  1.914146e-005  2.417071e-005  
-0.000000e+000  -0.000000e+000  -0.000000e+000  4.201716e-006  8.315087e-006  1.434820e-005  1.976992e-005  2.434921e-005  3.074676e-005  
-0.000000e+000  -0.000000e+000  -0.000000e+000  5.351040e-006  1.058956e-005  1.827295e-005  2.517770e-005  3.100959e-005  3.915710e-005  
-0.000000e+000  -0.000000e+000  -0.000000e+000  6.817625e-006  1.349190e-005  2.328111e-005  3.207828e-005  3.950855e-005  4.988908e-005  
-0.000000e+000  -0.000000e+000  -0.000000e+000  8.691409e-006  1.720006e-005  2.967978e-005  4.089480e-005  5.036722e-005  6.360077e-005  
-0.000000e+000  -0.000000e+000  -0.000000e+000  1.298459e-005  2.569616e-005  4.434032e-005  6.109507e-005  7.524646e-005  9.501681e-005  
-0.000000e+000  -0.000000e+000  -0.000000e+000  2.487345e-005  4.922388e-005  8.493887e-005  1.170345e-004  1.441430e-004  1.820152e-004  
-0.000000e+000  -0.000000e+000  -0.000000e+000  4.903904e-005  9.704691e-005  1.674604e-004  2.307380e-004  2.841834e-004  3.588493e-004  
-0.000000e+000  -0.000000e+000  -0.000000e+000  9.642342e-005  1.908192e-004  3.292699e-004  4.536892e-004  5.587752e-004  7.055842e-004  
-0.000000e+000  -0.000000e+000  -0.000000e+000  1.857091e-004  3.675127e-004  6.341633e-004  8.737872e-004  1.076174e-003  1.358907e-003  
-0.000000e+000  -0.000000e+000  -0.000000e+000  2.965136e-004  5.867901e-004  1.012533e-003  1.395116e-003  1.718238e-003  2.169610e-003  
-0.000000e+000  -0.000000e+000  -0.000000e+000  3.759892e-004  7.440684e-004  1.283918e-003  1.769032e-003  2.178740e-003  2.751039e-003  
-0.000000e+000  -0.000000e+000  -0.000000e+000  4.779338e-004  9.458103e-004  1.632020e-003  2.248638e-003  2.769390e-003  3.496748e-003  
-0.000000e+000  -0.000000e+000  -0.000000e+000  6.076981e-004  1.202603e-003  2.075102e-003  2.859083e-003  3.521145e-003  4.445774e-003  
-0.000000e+000  -0.000000e+000  -0.000000e+000  7.722243e-004  1.528183e-003  2.636852e-003  3.632983e-003  4.474137e-003  5.648692e-003  
-0.000000e+000  -0.000000e+000  -0.000000e+000  9.819019e-004  1.943104e-003  3.352713e-003  4.619123e-003  5.688385e-003  7.181094e-003  
-0.000000e+000  -0.000000e+000  -0.000000e+000  1.443988e-003  2.857478e-003  4.930160e-003  6.791908e-003  8.363426e-003  1.055611e-002  
-0.000000e+000  -0.000000e+000  -0.000000e+000  2.678439e-003  5.299931e-003  9.142599e-003  1.259176e-002  1.550062e-002  1.955153e-002  
-0.000000e+000  -0.000000e+000  -0.000000e+000  5.160153e-003  1.020865e-002  1.760177e-002  2.422523e-002  2.979785e-002  3.751930e-002  
-0.000000e+000  -0.000000e+000  -0.000000e+000  9.961361e-003  1.969721e-002  3.391833e-002  4.659583e-002  5.719637e-002  7.169530e-002  
-0.000000e+000  -0.000000e+000  -0.000000e+000  1.945621e-002  3.841908e-002  6.592739e-002  9.012659e-002  1.100366e-001  1.363658e-001  
-0.000000e+000  -0.000000e+000  -0.000000e+000  3.926531e-002  7.723474e-002  1.312519e-001  1.770634e-001  2.131494e-001  2.567079e-001  
-0.000000e+000  -0.000000e+000  -0.000000e+000  8.640150e-002  1.680438e-001  2.776453e-001  3.611156e-001  4.189257e-001  4.706423e-001  
-0.000000e+000  -0.000000e+000  -0.000000e+000  2.275774e-001  4.292863e-001  6.555163e-001  7.744761e-001  8.190093e-001  7.869283e-001  
-0.000000e+000  -0.000000e+000  -0.000000e+000  6.383595e-001  1.143007e+000  1.481540e+000  1.457014e+000  1.300632e+000  9.849878e-001  
-0.000000e+000  -0.000000e+000  -0.000000e+000  1.262093e+000  2.209722e+000  2.411245e+000  2.021706e+000  1.578216e+000  1.026984e+000  
-0.000000e+000  -0.000000e+000  -0.000000e+000  2.794845e+000  5.147249e+000  4.077078e+000  2.665135e+000  1.719464e+000  9.379186e-001  
-0.000000e+000  -0.000000e+000  -0.000000e+000  5.230072e+000  1.373342e+001  5.905154e+000  2.744881e+000  1.461203e+000  6.967316e-001  
-0.000000e+000  -0.000000e+000  -0.000000e+000  2.829781e+000  -0.000000e+000  2.780323e+000  1.563212e+000  8.489791e-001  3.852122e-001  
-0.000000e+000  -0.000000e+000  -0.000000e+000  -0.000000e+000  -0.000000e+000  -0.000000e+000  -0.000000e+000  -0.000000e+000  -4.987249e-012  
-0.000000e+000  -0.000000e+000  -0.000000e+000  -2.829781e+000  -0.000000e+000  -2.780323e+000  -1.563212e+000  -8.489791e-001  -3.852122e-001  
-0.000000e+000  -0.000000e+000  -0.000000e+000  -5.230072e+000  -1.373342e+001  -5.905154e+000  -2.744881e+000  -1.461203e+000  -6.967316e-001  
-0.000000e+000  -0.000000e+000  -0.000000e+000  -2.794845e+000  -5.147249e+000  -4.077078e+000  -2.665135e+000  -1.719464e+000  -9.379186e-001  
-0.000000e+000  -0.000000e+000  -0.000000e+000  -1.262093e+000  -2.209722e+000  -2.411245e+000  -2.021706e+000  -1.578216e+000  -1.026984e+000  
-0.000000e+000  -0.000000e+000  -0.000000e+000  -6.383595e-001  -1.143007e+000  -1.481540e+000  -1.457014e+000  -1.300632e+000  -9.849878e-001  
-0.000000e+000  -0.000000e+000  -0.000000e+000  -2.275774e-001  -4.292863e-001  -6.555163e-001  -7.744761e-001  -8.190093e-001  -7.869283e-001  
-0.000000e+000  -0.000000e+000  -0.000000e+000  -8.640150e-002  -1.680438e-001  -2.776453e-001  -3.611156e-001  -4.189257e-001  -4.706423e-001  
-0.000000e+000  -0.000000e+000  -0.000000e+000  -3.926531e-002  -7.723474e-002  -1.312519e-001  -1.770634e-001  -2.131494e-001  -2.567079e-001  
-0.000000e+000  -0.000000e+000  -0.000000e+000  -1.945621e-002  -3.841908e-002  -6.592739e-002  -9.012659e-002  -1.100366e-001  -1.363658e-001  
-0.000000e+000  -0.000000e+000  -0.000000e+000  -9.961361e-003  -1.969721e-002  -3.391833e-002  -4.659583e-002  -5.719637e-002  -7.169530e-002  
-0.000000e+000  -0.000000e+000  -0.000000e+000  -5.160153e-003  -1.020865e-002  -1.760177e-002  -2.422523e-002  -2.979785e-002  -3.751930e-002  
-0.000000e+000  -0.000000e+000  -0.000000e+000  -2.678439e-003  -5.299931e-003  -9.142599e-003  -1.259176e-002  -1.550062e-002  -1.955153e-002  
-0.000000e+000  -0.000000e+000  -0.000000e+000  -1.443988e-003  -2.857478e-003  -4.930160e-003  -6.791908e-003  -8.363426e-003  -1.055611e-002  
-0.000000e+000  -0.000000e+000  -0.000000e+000  -9.819019e-004  -1.943104e-003  -3.352713e-003  -4.619123e-003  -5.688385e-003  -7.181094e-003  
-0.000000e+000  -0.000000e+000  -0.000000e+000  -7.722243e-004  -1.528183e-003  -2.636852e-003  -3.632983e-003  -4.474137e-003  -5.648692e-003  
-0.000000e+000  -0.000000e+000  -0.000000e+000  -6.076981e-004  -1.202603e-003  -2.075102e-003  -2.859083e-003  -3.521145e-003  -4.445774e-003  
-0.000000e+000  -0.000000e+000  -0.000000e+000  -4.779338e-004  -9.458103e-004  -1.632020e-003  -2.248638e-003  -2.769390e-003  -3.496748e-003  
-0.000000e+000  -0.000000e+000  -0.000000e+000  -3.759892e-004  -7.440684e-004  -1.283918e-003  -1.769032e-003  -2.178740e-003  -2.751039e-003  
-0.000000e+000  -0.000000e+000  -0.000000e+000  -2.965136e-004  -5.867901e-004  -1.012533e-003  -1.395116e-003  -1.718238e-003  -2.169610e-003  
-0.000000e+000  -0.000000e+000  -0.000000e+000  -1.857091e-004  -3.675127e-004  -6.341633e-004  -8.737872e-004  -1.076174e-003  -1.358907e-003  
-0.000000e+000  -0.000000e+000  -0.000000e+000  -9.642342e-005  -1.908192e-004  -3.292699e-004  -4.536892e-004  -5.587752e-004  -7.055842e-004  
-0.000000e+000  -0.000000e+000  -0.000000e+000  -4.903904e-005  -9.704691e-005  -1.674604e-004  -2.307380e-004  -2.841834e-004  -3.588493e-004  
-0.000000e+000  -0.000000e+000  -0.000000e+000  -2.487345e-005  -4.922388e-005  -8.493887e-005  -1.170345e-004  -1.441430e-004  -1.820152e-004  
-0.000000e+000  -0.000000e+000  -0.000000e+000  -1.298459e-005  -2.569616e-005  -4.434032e-005  -6.109507e-005  -7.524646e-005  -9.501681e-005  
-0.000000e+000  -0.000000e+000  -0.000000e+000  -8.691408e-006  -1.720006e-005  -2.967978e-005  -4.089480e-005  -5.036722e-005  -6.360077e-005  
-0.000000e+000  -0.000000e+000  -0.000000e+000  -6.817628e-006  -1.349190e-005  -2.328112e-005  -3.207828e-005  -3.950855e-005  -4.988908e-005  
-0.000000e+000  -0.000000e+000  -0.000000e+000  -5.351037e-006  -1.058956e-005  -1.827295e-005  -2.517770e-005  -3.100959e-005  -3.915710e-005  
-0.000000e+000  -0.000000e+000  -0.000000e+000  -4.201720e-006  -8.315083e-006  -1.434820e-005  -1.976992e-005  -2.434921e-005  -3.074676e-005  
-0.000000e+000  -0.000000e+000  -0.000000e+000  -3.303063e-006  -6.536676e-006  -1.127944e-005  -1.554158e-005  -1.914146e-005  -2.417071e-005  
-0.000000e+000  -0.000000e+000  -0.000000e+000  -2.603301e-006  -5.151861e-006  -8.889860e-006  -1.224905e-005  -1.508628e-005  -1.905008e-005  
-0.000000e+000  -0.000000e+000  -0.000000e+000  -1.611520e-006  -3.189155e-006  -5.503087e-006  -7.582523e-006  -9.338856e-006  -1.179256e-005  
-0.000000e+000  -0.000000e+000  -0.000000e+000  -8.263765e-007  -1.635377e-006  -2.821945e-006  -3.888266e-006  -4.788902e-006  -6.047146e-006  
-0.000000e+000  -0.000000e+000  -0.000000e+000  -4.166453e-007  -8.245297e-007  -1.422778e-006  -1.960398e-006  -2.414484e-006  -3.048869e-006  
-0.000000e+000  -0.000000e+000  -0.000000e+000  -2.100654e-007  -4.157138e-007  -7.173403e-007  -9.884000e-007  -1.217342e-006  -1.537189e-006  
-0.000000e+000  -0.000000e+000  -0.000000e+000  -1.059113e-007  -2.095958e-007  -3.616709e-007  -4.983347e-007  -6.137635e-007  -7.750247e-007  
-0.000000e+000  -0.000000e+000  -0.000000e+000  -5.339887e-008  -1.056748e-007  -1.823485e-007  -2.512519e-007  -3.094491e-007  -3.907543e-007  
-0.000000e+000  -0.000000e+000  -0.000000e+000  -2.692284e-008  -5.327973e-008  -9.193713e-008  -1.266769e-007  -1.560188e-007  -1.970116e-007  
-0.000000e+000  -0.000000e+000  -0.000000e+000  -1.357383e-008  -2.686229e-008  -4.635268e-008  -6.386810e-008  -7.866205e-008  -9.932957e-008  
-0.000000e+000  -0.000000e+000  -0.000000e+000  -6.843688e-009  -1.354334e-008  -2.337010e-008  -3.220089e-008  -3.965950e-008  -5.007976e-008  
-0.000000e+000  -0.000000e+000  -0.000000e+000  -3.450448e-009  -6.828242e-009  -1.178229e-008  -1.623421e-008  -1.999451e-008  -2.524812e-008  
-0.000000e+000  -0.000000e+000  -0.000000e+000  -1.739052e-009  -3.441599e-009  -5.939052e-009  -8.183563e-009  -1.007925e-008  -1.272723e-008  
-0.000000e+000  -0.000000e+000  -0.000000e+000  -8.763135e-010  -1.734097e-009  -2.992320e-009  -4.122809e-009  -5.077581e-009  -6.411923e-009  
-0.000000e+000  -0.000000e+000  -0.000000e+000  -4.402171e-010  -8.715971e-010  -1.503683e-009  -2.071990e-009  -2.552054e-009  -3.222813e-009  
-0.000000e+000  -0.000000e+000  -0.000000e+000  -2.189055e-010  -4.330860e-010  -7.479303e-010  -1.031204e-009  -1.270751e-009  -1.605515e-009  
-0.000000e+000  -0.000000e+000  -0.000000e+000  -1.071328e-010  -2.123541e-010  -3.681608e-010  -5.096278e-010  -6.301657e-010  -8.012998e-010  
-9.580853e-010  -6.815356e-010  -0.000000e+000  -5.519570e-011  -1.170260e-010  -2.129510e-010  -3.064515e-010  -3.883477e-010  -5.055416e-010  
-8.504490e-010  1.978054e-009  -0.000000e+000  -1.884991e-011  -5.385873e-011  -1.344275e-010  -2.124151e-010  -2.808157e-010  -3.774297e-010  
2.001142e-009  -1.139535e-009  -0.000000e+000  8.889978e-011  3.006864e-011  -5.541031e-011  -1.320853e-010  -1.943034e-010  -2.768305e-010  
1.688289e-010  9.849905e-010  1.178815e-009  -1.449553e-009  1.191833e-010  -0.000000e+000  -7.139986e-011  -1.288173e-010  -2.004480e-010  
7.858485e-010  1.638563e-010  -1.458911e-010  2.171393e-010  1.080405e-010  2.735879e-011  -3.506779e-011  -8.379118e-011  -1.436336e-010  
1.675448e-010  3.182061e-011  -1.444648e-010  2.170966e-009  -1.210654e-009  2.901441e-011  -1.768078e-011  -5.460509e-011  -1.022351e-010  
-1.600499e-011  -2.094513e-011  -2.864405e-011  -3.312127e-011  3.772878e-010  2.591802e-011  -0.000000e+000  -9.608526e-011  -2.940766e-011  
-0.000000e+000  -0.000000e+000  -0.000000e+000  -0.000000e+000  -0.000000e+000  -0.000000e+000  -0.000000e+000  -0.000000e+000  -0.000000e+000  

3.570122e-012  1.007107e-011  1.828078e-011  2.746750e-011  3.761167e-011  4.052564e-011  3.093487e-010  -1.967415e-010  -0.000000e+000  
-2.883953e-011  -3.966073e-011  -1.043998e-011  2.794481e-009  -1.504403e-009  -1.036912e-010  -9.482263e-011  -6.604932e-011  -0.000000e+000  
-2.506831e-010  -3.304982e-010  3.870261e-009  -2.883436e-009  -1.605224e-010  -1.576431e-010  -1.381360e-010  -9.156600e-011  -0.000000e+000  
-1.274469e-009  -8.395941e-010  4.474028e-009  -3.069094e-009  -2.523837e-010  -2.303586e-010  -1.949064e-010  -1.240131e-010  -0.000000e+000  
6.591324e-011  2.000346e-010  -5.371268e-010  -4.479111e-010  -3.802510e-010  -3.212834e-010  -2.633250e-010  -1.635001e-010  -0.000000e+000  
-5.256775e-009  2.297257e-009  -6.169243e-010  -5.582012e-010  -4.864714e-010  -4.162169e-010  -3.409622e-010  -2.114994e-010  -0.000000e+000  
-4.680237e-010  -1.204484e-009  -6.641817e-010  -6.347377e-010  -5.912696e-010  -5.162138e-010  -4.291620e-010  -2.683919e-010  -0.000000e+000  
-0.000000e+000  -0.000000e+000  -7.805653e-010  -7.624895e-010  -7.183980e-010  -6.398332e-010  -5.358824e-010  -3.382065e-010  -0.000000e+000  
-0.000000e+000  -0.000000e+000  -1.361952e-009  -1.333506e-009  -1.266131e-009  -1.136694e-009  -9.591020e-010  -6.118616e-010  -0.000000e+000  
-0.000000e+000  -0.000000e+000  -2.633548e-009  -2.578672e-009  -2.451399e-009  -2.203014e-009  -1.860348e-009  -1.188154e-009  -0.000000e+000  
-0.000000e+000  -0.000000e+000  -5.190413e-009  -5.081418e-009  -4.831222e-009  -4.341440e-009  -3.666762e-009  -2.342519e-009  -0.000000e+000  
-0.000000e+000  -0.000000e+000  -1.027568e-008  -1.006074e-008  -9.564450e-009  -8.594345e-009  -7.258373e-009  -4.638013e-009  -0.000000e+000  
-0.000000e+000  -0.000000e+000  -2.036666e-008  -1.993850e-008  -1.895699e-008  -1.703369e-008  -1.438587e-008  -9.192137e-009  -0.000000e+000  
-0.000000e+000  -0.000000e+000  -4.037655e-008  -3.952882e-008  -3.758230e-008  -3.376924e-008  -2.851941e-008  -1.822290e-008  -0.000000e+000  
-0.000000e+000  -0.000000e+000  -8.005007e-008  -7.836811e-008  -7.451114e-008  -6.695057e-008  -5.654161e-008  -3.612711e-008  -0.000000e+000  
-0.000000e+000  -0.000000e+000  -1.587054e-007  -1.553724e-007  -1.477220e-007  -1.327314e-007  -1.120946e-007  -7.162206e-008  -0.000000e+000  
-0.000000e+000  -0.000000e+000  -3.146337e-007  -3.080279e-007  -2.928581e-007  -2.631370e-007  -2.222230e-007  -1.419847e-007  -0.000000e+000  
-0.000000e+000  -0.000000e+000  -6.237398e-007  -6.106447e-007  -5.805689e-007  -5.216403e-007  -4.405276e-007  -2.814621e-007  -0.000000e+000  
-0.000000e+000  -0.000000e+000  -1.236465e-006  -1.210511e-006  -1.150883e-006  -1.034051e-006  -8.732489e-007  -5.579269e-007  -0.000000e+000  
-0.000000e+000  -0.000000e+000  -2.450982e-006  -2.399542e-006  -2.281326e-006  -2.049702e-006  -1.730937e-006  -1.105891e-006  -0.000000e+000  
-0.000000e+000  -0.000000e+000  -4.858207e-006  -4.756263e-006  -4.521902e-006  -4.062713e-006  -3.430840e-006  -2.191910e-006  -0.000000e+000  
-0.000000e+000  -0.000000e+000  -9.629140e-006  -9.427122e-006  -8.962523e-006  -8.052234e-006  -6.799765e-006  -4.344166e-006  -0.000000e+000  
-0.000000e+000  -0.000000e+000  -1.829588e-005  -1.791211e-005  -1.702918e-005  -1.529927e-005  -1.291936e-005  -8.253603e-006  -0.000000e+000  
-0.000000e+000  -0.000000e+000  -2.356979e-005  -2.307544e-005  -2.193790e-005  -1.970914e-005  -1.664313e-005  -1.063244e-005  -0.000000e+000  
-0.000000e+000  -0.000000e+000  -3.025920e-005  -2.962459e-005  -2.816407e-005  -2.530254e-005  -2.136624e-005  -1.364965e-005  -0.000000e+000  
-0.000000e+000  -0.000000e+000  -3.876566e-005  -3.795272e-005  -3.608146e-005  -3.241519e-005  -2.737218e-005  -1.748632e-005  -0.000000e+000  
-0.000000e+000  -0.000000e+000  -4.955117e-005  -4.851214e-005  -4.612005e-005  -4.143334e-005  -3.498707e-005  -2.235074e-005  -0.000000e+000  
-0.000000e+000  -0.000000e+000  -6.328763e-005  -6.196069e-005  -5.890518e-005  -5.291873e-005  -4.468519e-005  -2.854587e-005  -0.000000e+000  
-0.000000e+000  -0.000000e+000  -8.079274e-005  -7.909892e-005  -7.519791e-005  -6.755495e-005  -5.704374e-005  -3.644036e-005  -0.000000e+000  
-0.000000e+000  -0.000000e+000  -1.484399e-004  -1.453286e-004  -1.381597e-004  -1.241143e-004  -1.048007e-004  -6.694632e-005  -0.000000e+000  
-0.000000e+000  -0.000000e+000  -2.892469e-004  -2.831859e-004  -2.692127e-004  -2.418369e-004  -2.041994e-004  -1.304374e-004  -0.000000e+000  
-0.000000e+000  -0.000000e+000  -5.665078e-004  -5.546404e-004  -5.272645e-004  -4.736313e-004  -3.999083e-004  -2.554414e-004  -0.000000e+000  
-0.000000e+000  -0.000000e+000  -1.110939e-003  -1.087674e-003  -1.033970e-003  -9.287583e-004  -7.841681e-004  -5.008639e-004  -0.000000e+000  
-0.000000e+000  -0.000000e+000  -2.073485e-003  -2.030075e-003  -1.929801e-003  -1.733358e-003  -1.463454e-003  -9.346850e-004  -0.000000e+000  
-0.000000e+000  -0.000000e+000  -2.666553e-003  -2.610732e-003  -2.481749e-003  -2.229070e-003  -1.881939e-003  -1.201923e-003  -0.000000e+000  
-0.000000e+000  -0.000000e+000  -3.418144e-003  -3.346596e-003  -3.181221e-003  -2.857254e-003  -2.412240e-003  -1.540545e-003  -0.000000e+000  
-0.000000e+000  -0.000000e+000  -4.372923e-003  -4.281395e-003  -4.069770e-003  -3.655210e-003  -3.085831e-003  -1.970628e-003  -0.000000e+000  
-0.000000e+000  -0.000000e+000  -5.572217e-003  -5.455587e-003  -5.185838e-003  -4.657435e-003  -3.931801e-003  -2.510709e-003  -0.000000e+000  
-0.000000e+000  -0.000000e+000  -7.095167e-003  -6.946651e-003  -6.603042e-003  -5.929982e-003  -5.005861e-003  -3.196292e-003  -0.000000e+000  
-0.000000e+000  -0.000000e+000  -9.030260e-003  -8.841206e-003  -8.403660e-003  -7.546647e-003  -6.370202e-003  -4.066956e-003  -0.000000e+000  
-0.000000e+000  -0.000000e+000  -1.602167e-002  -1.568595e-002  -1.490834e-002  -1.338557e-002  -1.129658e-002  -7.209137e-003  -0.000000e+000  
-0.000000e+000  -0.000000e+000  -3.040755e-002  -2.976842e-002  -2.828658e-002  -2.538633e-002  -2.141329e-002  -1.365057e-002  -0.000000e+000  
-0.000000e+000  -0.000000e+000  -5.805289e-002  -5.682180e-002  -5.396435e-002  -4.837998e-002  -4.075513e-002  -2.590988e-002  -0.000000e+000  
-0.000000e+000  -0.000000e+000  -1.112490e-001  -1.088323e-001  -1.032171e-001  -9.228673e-002  -7.748462e-002  -4.892154e-002  -0.000000e+000  
-0.000000e+000  -0.000000e+000  -2.146559e-001  -2.096856e-001  -1.981332e-001  -1.758992e-001  -1.464260e-001  -9.084002e-002  -0.000000e+000  
-0.000000e+000  -0.000000e+000  -4.216092e-001  -4.101108e-001  -3.834864e-001  -3.339110e-001  -2.717659e-001  -1.611965e-001  -0.000000e+000  
-0.000000e+000  -0.000000e+000  -8.695873e-001  -8.349439e-001  -7.562338e-001  -6.224699e-001  -4.762927e-001  -2.507949e-001  -0.000000e+000  
-0.000000e+000  -0.000000e+000  -1.899856e+000  -1.755118e+000  -1.440085e+000  -1.004204e+000  -6.437301e-001  -2.374235e-001  -0.000000e+000  
-0.000000e+000  -0.000000e+000  -3.036436e+000  -2.663223e+000  -1.857578e+000  -1.011502e+000  -4.965823e-001  -9.111790e-002  -0.000000e+000  
-0.000000e+000  -0.000000e+000  -5.247795e+000  -4.339309e+000  -2.134715e+000  -6.215081e-001  -3.510718e-002  1.738016e-001  -0.000000e+000  
-0.000000e+000  -0.000000e+000  -1.008108e+001  -8.423995e+000  -1.019245e+000  8.945485e-001  9.812447e-001  5.563706e-001  -0.000000e+000  
-0.000000e+000  -0.000000e+000  -1.666979e+001  -1.854538e+001  7.195735e+000  3.428085e+000  2.005241e+000  8.331445e-001  -0.000000e+000  
-0.000000e+000  -0.000000e+000  -2.039960e+001  -2.256416e+001  7.722668e+000  4.443180e+000  2.600836e+000  1.009104e+000  -0.000000e+000  
-0.000000e+000  -0.000000e+000  -2.039960e+001  -2.256416e+001  7.722668e+000  4.443180e+000  2.600836e+000  1.009104e+000  -0.000000e+000  
-0.000000e+000  -0.000000e+000  -1.666979e+001  -1.854538e+001  7.195735e+000  3.428085e+000  2.005241e+000  8.331445e-001  -0.000000e+000  
-0.000000e+000  -0.000000e+000  -1.008108e+001  -8.423995e+000  -1.019245e+000  8.945485e-001  9.812447e-001  5.563706e-001  -0.000000e+000  
-0.000000e+000  -0.000000e+000  -5.247795e+000  -4.339309e+000  -2.134715e+000  -6.215081e-001  -3.510718e-002  1.738016e-001  -0.000000e+000  
-0.000000e+000  -0.000000e+000  -3.036436e+000  -2.663223e+000  -1.857578e+000  -1.011502e+000  -4.965823e-001  -9.111790e-002  -0.000000e+000  
-0.000000e+000  -0.000000e+000  -1.899856e+000  -1.755118e+000  -1.440085e+000  -1.004204e+000  -6.437301e-001  -2.374235e-001  -0.000000e+000  
-0.000000e+000  -0.000000e+000  -8.695873e-001  -8.349439e-001  -7.562338e-001  -6.224699e-001  -4.762927e-001  -2.507949e-001  -0.000000e+000  
-0.000000e+000  -0.000000e+000  -4.216092e-001  -4.101108e-001  -3.834864e-001  -3.339110e-001  -2.717659e-001  -1.611965e-001  -0.000000e+000  
-0.000000e+000  -0.000000e+000  -2.146559e-001  -2.096856e-001  -1.981332e-001  -1.758992e-001  -1.464260e-001  -9.084002e-002  -0.000000e+000  
-0.000000e+000  -0.000000e+000  -1.112490e-001  -1.088323e-001  -1.032171e-001  -9.228673e-002  -7.748462e-002  -4.892154e-002  -0.000000e+000  
-0.000000e+000  -0.000000e+000  -5.805289e-002  -5.682180e-002  -5.396435e-002  -4.837998e-002  -4.075513e-002  -2.590988e-002  -0.000000e+000  
-0.000000e+000  -0.000000e+000  -3.040755e-002  -2.976842e-002  -2.828658e-002  -2.538633e-002  -2.141329e-002  -1.365057e-002  -0.000000e+000  
-0.000000e+000  -0.000000e+000  -1.602167e-002  -1.568595e-002  -1.490834e-002  -1.338557e-002  -1.129658e-002  -7.209137e-003  -0.000000e+000  
-0.000000e+000  -0.000000e+000  -9.030260e-003  -8.841206e-003  -8.403660e-003  -7.546647e-003  -6.370202e-003  -4.066956e-003  -0.000000e+000  
-0.000000e+000  -0.000000e+000  -7.095167e-003  -6.946651e-003  -6.603042e-003  -5.929982e-003  -5.005861e-003  -3.196292e-003  -0.000000e+000  
-0.000000e+000  -0.000000e+000  -5.572217e-003  -5.455587e-003  -5.185838e-003  -4.657435e-003  -3.931801e-003  -2.510709e-003  -0.000000e+000  
-0.000000e+000  -0.000000e+000  -4.372923e-003  -4.281395e-003  -4.069770e-003  -3.655210e-003  -3.085831e-003  -1.970628e-003  -0.000000e+000  
-0.000000e+000  -0.000000e+000  -3.418144e-003  -3.346596e-003  -3.181221e-003  -2.857254e-003  -2.412240e-003  -1.540545e-003  -0.000000e+000  
-0.000000e+000  -0.000000e+000  -2.666553e-003  -2.610732e-003  -2.481749e-003  -2.229070e-003  -1.881939e-003  -1.201923e-003  -0.000000e+000  
-0.000000e+000  -0.000000e+000  -2.073485e-003  -2.030075e-003  -1.929801e-003  -1.733358e-003  -1.463454e-003  -9.346850e-004  -0.000000e+000  
-0.000000e+000  -0.000000e+000  -1.110939e-003  -1.087674e-003  -1.033970e-003  -9.287583e-004  -7.841681e-004  -5.008639e-004  -0.000000e+000  
-0.000000e+000  -0.000000e+000  -5.665078e-004  -5.546404e-004  -5.272645e-004  -4.736313e-004  -3.999083e-004  -2.554414e-004  -0.000000e+000  
-0.000000e+000  -0.000000e+000  -2.892469e-004  -2.831859e-004  -2.692127e-004  -2.418369e-004  -2.041994e-004  -1.304374e-004  -0.000000e+000  
-0.000000e+000  -0.000000e+000  -1.484399e-004  -1.453286e-004  -1.381597e-004  -1.241143e-004  -1.048007e-004  -6.694632e-005  -0.000000e+000  
-0.000000e+000  -0.000000e+000  -8.079274e-005  -7.909892e-005  -7.519791e-005  -6.755495e-005  -5.704374e-005  -3.644036e-005  -0.000000e+000  
-0.000000e+000  -0.000000e+000  -6.328763e-005  -6.196069e-005  -5.890518e-005  -5.291873e-005  -4.468519e-005  -2.854587e-005  -0.000000e+000  
-0.000000e+000  -0.000000e+000  -4.955117e-005  -4.851215e-005  -4.612005e-005  -4.143334e-005  -3.498707e-005  -2.235074e-005  -0.000000e+000  
-0.000000e+000  -0.000000e+000  -3.876566e-005  -3.795271e-005  -3.608146e-005  -3.241519e-005  -2.737218e-005  -1.748632e-005  -0.000000e+000  
-0.000000e+000  -0.000000e+000  -3.025919e-005  -2.962459e-005  -2.816407e-005  -2.530254e-005  -2.136624e-005  -1.364965e-005  -0.000000e+000  
-0.000000e+000  -0.000000e+000  -2.356979e-005  -2.307544e-005  -2.193790e-005  -1.970914e-005  -1.664313e-005  -1.063244e-005  -0.000000e+000  
-0.000000e+000  -0.000000e+000  -1.829588e-005  -1.791211e-005  -1.702918e-005  -1.529927e-005  -1.291936e-005  -8.253604e-006  -0.000000e+000  
-0.000000e+000  -0.000000e+000  -9.629140e-006  -9.427121e-006  -8.962523e-006  -8.052234e-006  -6.799765e-006  -4.344166e-006  -0.000000e+000  
-0.000000e+000  -0.000000e+000  -4.858207e-006  -4.756264e-006  -4.521902e-006  -4.062713e-006  -3.430840e-006  -2.191910e-006  -0.000000e+000  
-0.000000e+000  -0.000000e+000  -2.450981e-006  -2.399542e-006  -2.281326e-006  -2.049702e-006  -1.730937e-006  -1.105890e-006  -0.000000e+000  
-0.000000e+000  -0.000000e+000  -1.236465e-006  -1.210511e-006  -1.150883e-006  -1.034051e-006  -8.732489e-007  -5.579269e-007  -0.000000e+000  
-0.000000e+000  -0.000000e+000  -6.237395e-007  -6.106448e-007  -5.805693e-007  -5.216405e-007  -4.405276e-007  -2.814622e-007  -0.000000e+000  
-0.000000e+000  -0.000000e+000  -3.146338e-007  -3.080280e-007  -2.928586e-007  -2.631369e-007  -2.222227e-007  -1.419849e-007  -0.000000e+000  
-0.000000e+000  -0.000000e+000  -1.587047e-007  -1.553717e-007  -1.477224e-007  -1.327322e-007  -1.120954e-007  -7.162186e-008  -0.000000e+000  
-0.000000e+000  -0.000000e+000  -8.005040e-008  -7.836867e-008  -7.451113e-008  -6.695032e-008  -5.654138e-008  -3.612751e-008  -0.000000e+000  
-0.000000e+000  -0.000000e+000  -4.037652e-008  -3.952856e-008  -3.758246e-008  -3.376939e-008  -2.851950e-008  -1.822302e-008  -0.000000e+000  
-0.000000e+000  -0.000000e+000  -2.036563e-008  -1.993842e-008  -1.895745e-008  -1.703438e-008  -1.438592e-008  -9.192031e-009  -0.000000e+000  
-0.000000e+000  -0.000000e+000  -1.027592e-008  -1.006031e-008  -9.564642e-009  -8.594035e-009  -7.257957e-009  -4.638182e-009  -0.000000e+000  
-0.000000e+000  -0.000000e+000  -5.190078e-009  -5.081817e-009  -4.830875e-009  -4.341206e-009  -3.666451e-009  -2.342653e-009  -0.000000e+000  
-0.000000e+000  -0.000000e+000  -2.634138e-009  -2.577505e-009  -2.451811e-009  -2.202575e-009  -1.860073e-009  -1.188312e-009  -0.000000e+000  
-0.000000e+000  -0.000000e+000  -1.362402e-009  -1.333084e-009  -1.266376e-009  -1.136286e-009  -9.585889e-010  -6.121181e-010  -0.000000e+000  
-0.000000e+000  -0.000000e+000  -7.805069e-010  -7.618282e-010  -7.187764e-010  -6.398160e-010  -5.360782e-010  -3.383255e-010  -0.000000e+000  
-4.682179e-010  -1.205695e-009  -6.639883e-010  -6.342241e-010  -5.914716e-010  -5.171028e-010  -4.290567e-010  -2.684158e-010  -0.000000e+000  
-5.261444e-009  2.298959e-009  -6.163333e-010  -5.587913e-010  -4.867372e-010  -4.164725e-010  -3.410630e-010  -2.115012e-010  -0.000000e+000  
6.330883e-011  2.008689e-010  -5.378090e-010  -4.471020e-010  -3.808872e-010  -3.210643e-010  -2.630820e-010  -1.637290e-010  -0.000000e+000  
-1.274654e-009  -8.410755e-010  4.476040e-009  -3.070280e-009  -2.523091e-010  -2.297700e-010  -1.950206e-010  -1.242791e-010  -0.000000e+000  
-2.518310e-010  -3.295536e-010  3.870329e-009  -2.883727e-009  -1.603301e-010  -1.575217e-010  -1.380519e-010  -9.173957e-011  -0.000000e+000  
-2.869250e-011  -3.979632e-011  -1.022106e-011  2.794529e-009  -1.504173e-009  -1.036962e-010  -9.507229e-011  -6.604495e-011  -0.000000e+000  
3.552575e-012  1.004930e-011  1.829068e-011  2.748308e-011  3.764670e-011  4.053046e-011  3.093040e-010  -1.967359e-010  -0.000000e+000  

0.000000e+000  0.000000e+000  0.000000e+000  0.000000e+000  0.000000e+000  0.000000e+000  0.000000e+000  0.000000e+000  0.000000e+000  
0.000000e+000  0.000000e+000  0.000000e+000  0.000000e+000  0.000000e+000  0.000000e+000  0.000000e+000  0.000000e+000  0.000000e+000  
0.000000e+000  0.000000e+000  0.000000e+000  0.000000e+000  0.000000e+000  0.000000e+000  0.000000e+000  0.000000e+000  0.000000e+000  
0.000000e+000  0.000000e+000  0.000000e+000  0.000000e+000  0.000000e+000  0.000000e+000  0.000000e+000  0.000000e+000  0.000000e+000  
0.000000e+000  0.000000e+000  0.000000e+000  0.000000e+000  0.000000e+000  0.000000e+000  0.000000e+000  0.000000e+000  0.000000e+000  
0.000000e+000  0.000000e+000  0.000000e+000  0.000000e+000  0.000000e+000  0.000000e+000  0.000000e+000  0.000000e+000  0.000000e+000  
0.000000e+000  0.000000e+000  0.000000e+000  0.000000e+000  0.000000e+000  0.000000e+000  0.000000e+000  0.000000e+000  0.000000e+000  
0.000000e+000  0.000000e+000  0.000000e+000  0.000000e+000  0.000000e+000  0.000000e+000  0.000000e+000  0.000000e+000  0.000000e+000  
0.000000e+000  0.000000e+000  0.000000e+000  0.000000e+000  0.000000e+000  0.000000e+000  0.000000e+000  0.000000e+000  0.000000e+000  
0.000000e+000  0.000000e+000  0.000000e+000  0.000000e+000  0.000000e+000  0.000000e+000  0.000000e+000  0.000000e+000  0.000000e+000  
0.000000e+000  0.000000e+000  0.000000e+000  0.000000e+000  0.000000e+000  0.000000e+000  0.000000e+000  0.000000e+000  0.000000e+000  
0.000000e+000  0.000000e+000  0.000000e+000  0.000000e+000  0.000000e+000  0.000000e+000  0.000000e+000  0.000000e+000  0.000000e+000  
0.000000e+000  0.000000e+000  0.000000e+000  0.000000e+000  0.000000e+000  0.000000e+000  0.000000e+000  0.000000e+000  0.000000e+000  
0.000000e+000  0.000000e+000  0.000000e+000  0.000000e+000  0.000000e+000  0.000000e+000  0.000000e+000  0.000000e+000  0.000000e+000  
0.000000e+000  0.000000e+000  0.000000e+000  0.000000e+000  0.000000e+000  0.000000e+000  0.000000e+000  0.000000e+000  0.000000e+000  
0.000000e+000  0.000000e+000  0.000000e+000  0.000000e+000  0.000000e+000  0.000000e+000  0.000000e+000  0.000000e+000  0.000000e+000  
0.000000e+000  0.000000e+000  0.000000e+000  0.000000e+000  0.000000e+000  0.000000e+000  0.000000e+000  0.000000e+000  0.000000e+000  
0.000000e+000  0.000000e+000  0.000000e+000  0.000000e+000  0.000000e+000  0.000000e+000  0.000000e+000  0.000000e+000  0.000000e+000  
0.000000e+000  0.000000e+000  0.000000e+000  0.000000e+000  0.000000e+000  0.000000e+000  0.000000e+000  0.000000e+000  0.000000e+000  
0.000000e+000  0.000000e+000  0.000000e+000  0.000000e+000  0.000000e+000  0.000000e+000  0.000000e+000  0.000000e+000  0.000000e+000  
0.000000e+000  0.000000e+000  0.000000e+000  0.000000e+000  0.000000e+000  0.000000e+000  0.000000e+000  0.000000e+000  0.000000e+000  
0.000000e+000  0.000000e+000  0.000000e+000  0.000000e+000  0.000000e+000  0.000000e+000  0.000000e+000  0.000000e+000  0.000000e+000  
0.000000e+000  0.000000e+000  0.000000e+000  0.000000e+000  0.000000e+000  0.000000e+000  0.000000e+000  0.000000e+000  0.000000e+000  
0.000000e+000  0.000000e+000  0.000000e+000  0.000000e+000  0.000000e+000  0.000000e+000  0.000000e+000  0.000000e+000  0.000000e+000  
0.000000e+000  0.000000e+000  0.000000e+000  0.000000e+000  0.000000e+000  0.000000e+000  0.000000e+000  0.000000e+000  0.000000e+000  
0.000000e+000  0.000000e+000  0.000000e+000  0.000000e+000  0.000000e+000  0.000000e+000  0.000000e+000  0.000000e+000  0.000000e+000  
0.000000e+000  0.000000e+000  0.000000e+000  0.000000e+000  0.000000e+000  0.000000e+000  0.000000e+000  0.000000e+000  0.000000e+000  
0.000000e+000  0.000000e+000  0.000000e+000  0.000000e+000  0.000000e+000  0.000000e+000  0.000000e+000  0.000000e+000  0.000000e+000  
0.000000e+000  0.000000e+000  0.000000e+000  0.000000e+000  0.000000e+000  0.000000e+000  0.000000e+000  0.000000e+000  0.000000e+000  
0.000000e+000  0.000000e+000  0.000000e+000  0.000000e+000  0.000000e+000  0.000000e+000  0.000000e+000  0.000000e+000  0.000000e+000  
0.000000e+000  0.000000e+000  0.000000e+000  0.000000e+000  0.000000e+000  0.000000e+000  0.000000e+000  0.000000e+000  0.000000e+000  
0.000000e+000  0.000000e+000  0.000000e+000  0.000000e+000  0.000000e+000  0.000000e+000  0.000000e+000  0.000000e+000  0.000000e+000  
0.000000e+000  0.000000e+000  0.000000e+000  0.000000e+000  0.000000e+000  0.000000e+000  0.000000e+000  0.000000e+000  0.000000e+000  
0.000000e+000  0.000000e+000  0.000000e+000  0.000000e+000  0.000000e+000  0.000000e+000  0.000000e+000  0.000000e+000  0.000000e+000  
0.000000e+000  0.000000e+000  0.000000e+000  0.000000e+000  0.000000e+000  0.000000e+000  0.000000e+000  0.000000e+000  0.000000e+000  
0.000000e+000  0.000000e+000  0.000000e+000  0.000000e+000  0.000000e+000  0.000000e+000  0.000000e+000  0.000000e+000  0.000000e+000  
0.000000e+000  0.000000e+000  0.000000e+000  0.000000e+000  0.000000e+000  0.000000e+000  0.000000e+000  0.000000e+000  0.000000e+000  
0.000000e+000  0.000000e+000  0.000000e+000  0.000000e+000  0.000000e+000  0.000000e+000  0.000000e+000  0.000000e+000  0.000000e+000  
0.000000e+000  0.000000e+000  0.000000e+000  0.000000e+000  0.000000e+000  0.000000e+000  0.000000e+000  0.000000e+000  0.000000e+000  
0.000000e+000  0.000000e+000  0.000000e+000  0.000000e+000  0.000000e+000  0.000000e+000  0.000000e+000  0.000000e+000  0.000000e+000  
0.000000e+000  0.000000e+000  0.000000e+000  0.000000e+000  0.000000e+000  0.000000e+000  0.000000e+000  0.000000e+000  0.000000e+000  
0.000000e+000  0.000000e+000  0.000000e+000  0.000000e+000  0.000000e+000  0.000000e+000  0.000000e+000  0.000000e+000  0.000000e+000  
0.000000e+000  0.000000e+000  0.000000e+000  0.000000e+000  0.000000e+000  0.000000e+000  0.000000e+000  0.000000e+000  0.000000e+000  
0.000000e+000  0.000000e+000  0.000000e+000  0.000000e+000  0.000000e+000  0.000000e+000  0.000000e+000  0.000000e+000  0.000000e+000  
0.000000e+000  0.000000e+000  0.000000e+000  0.000000e+000  0.000000e+000  0.000000e+000  0.000000e+000  0.000000e+000  0.000000e+000  
0.000000e+000  0.000000e+000  0.000000e+000  0.000000e+000  0.000000e+000  0.000000e+000  0.000000e+000  0.000000e+000  0.000000e+000  
0.000000e+000  0.000000e+000  0.000000e+000  0.000000e+000  0.000000e+000  0.000000e+000  0.000000e+000  0.000000e+000  0.000000e+000  
0.000000e+000  0.000000e+000  0.000000e+000  0.000000e+000  0.000000e+000  0.000000e+000  0.000000e+000  0.000000e+000  0.000000e+000  
0.000000e+000  0.000000e+000  0.000000e+000  0.000000e+000  0.000000e+000  0.000000e+000  0.000000e+000  0.000000e+000  0.000000e+000  
0.000000e+000  0.000000e+000  0.000000e+000  0.000000e+000  0.000000e+000  0.000000e+000  0.000000e+000  0.000000e+000  0.000000e+000  
0.000000e+000  0.000000e+000  0.000000e+000  0.000000e+000  0.000000e+000  0.000000e+000  0.000000e+000  0.000000e+000  0.000000e+000  
0.000000e+000  0.000000e+000  0.000000e+000  0.000000e+000  0.000000e+000  0.000000e+000  0.000000e+000  0.000000e+000  0.000000e+000  
0.000000e+000  0.000000e+000  0.000000e+000  0.000000e+000  0.000000e+000  0.000000e+000  0.000000e+000  0.000000e+000  0.000000e+000  
0.000000e+000  0.000000e+000  0.000000e+000  0.000000e+000  0.000000e+000  0.000000e+000  0.000000e+000  0.000000e+000  0.000000e+000  
0.000000e+000  0.000000e+000  0.000000e+000  0.000000e+000  0.000000e+000  0.000000e+000  0.000000e+000  0.000000e+000  0.000000e+000  
0.000000e+000  0.000000e+000  0.000000e+000  0.000000e+000  0.000000e+000  0.000000e+000  0.000000e+000  0.000000e+000  0.000000e+000  
0.000000e+000  0.000000e+000  0.000000e+000  0.000000e+000  0.000000e+000  0.000000e+000  0.000000e+000  0.000000e+000  0.000000e+000  
0.000000e+000  0.000000e+000  0.000000e+000  0.000000e+000  0.000000e+000  0.000000e+000  0.000000e+000  0.000000e+000  0.000000e+000  
0.000000e+000  0.000000e+000  0.000000e+000  0.000000e+000  0.000000e+000  0.000000e+000  0.000000e+000  0.000000e+000  0.000000e+000  
0.000000e+000  0.000000e+000  0.000000e+000  0.000000e+000  0.000000e+000  0.000000e+000  0.000000e+000  0.000000e+000  0.000000e+000  
0.000000e+000  0.000000e+000  0.000000e+000  0.000000e+000  0.000000e+000  0.000000e+000  0.000000e+000  0.000000e+000  0.000000e+000  
0.000000e+000  0.000000e+000  0.000000e+000  0.000000e+000  0.000000e+000  0.000000e+000  0.000000e+000  0.000000e+000  0.000000e+000  
0.000000e+000  0.000000e+000  0.000000e+000  0.000000e+000  0.000000e+000  0.000000e+000  0.000000e+000  0.000000e+000  0.000000e+000  
0.000000e+000  0.000000e+000  0.000000e+000  0.000000e+000  0.000000e+000  0.000000e+000  0.000000e+000  0.000000e+000  0.000000e+000  
0.000000e+000  0.000000e+000  0.000000e+000  0.000000e+000  0.000000e+000  0.000000e+000  0.000000e+000  0.000000e+000  0.000000e+000  
0.000000e+000  0.000000e+000  0.000000e+000  0.000000e+000  0.000000e+000  0.000000e+000  0.000000e+000  0.000000e+000  0.000000e+000  
0.000000e+000  0.000000e+000  0.000000e+000  0.000000e+000  0.000000e+000  0.000000e+000  0.000000e+000  0.000000e+000  0.000000e+000  
0.000000e+000  0.000000e+000  0.000000e+000  0.000000e+000  0.000000e+000  0.000000e+000  0.000000e+000  0.000000e+000  0.000000e+000  
0.000000e+000  0.000000e+000  0.000000e+000  0.000000e+000  0.000000e+000  0.000000e+000  0.000000e+000  0.000000e+000  0.000000e+000  
0.000000e+000  0.000000e+000  0.000000e+000  0.000000e+000  0.000000e+000  0.000000e+000  0.000000e+000  0.000000e+000  0.000000e+000  
0.000000e+000  0.000000e+000  0.000000e+000  0.000000e+000  0.000000e+000  0.000000e+000  0.000000e+000  0.000000e+000  0.000000e+000  
0.000000e+000  0.000000e+000  0.000000e+000  0.000000e+000  0.000000e+000  0.000000e+000  0.000000e+000  0.000000e+000  0.000000e+000  
0.000000e+000  0.000000e+000  0.000000e+000  0.000000e+000  0.000000e+000  0.000000e+000  0.000000e+000  0.000000e+000  0.000000e+000  
0.000000e+000  0.000000e+000  0.000000e+000  0.000000e+000  0.000000e+000  0.000000e+000  0.000000e+000  0.000000e+000  0.000000e+000  
0.000000e+000  0.000000e+000  0.000000e+000  0.000000e+000  0.000000e+000  0.000000e+000  0.000000e+000  0.000000e+000  0.000000e+000  
0.000000e+000  0.000000e+000  0.000000e+000  0.000000e+000  0.000000e+000  0.000000e+000  0.000000e+000  0.000000e+000  0.000000e+000  
0.000000e+000  0.000000e+000  0.000000e+000  0.000000e+000  0.000000e+000  0.000000e+000  0.000000e+000  0.000000e+000  0.000000e+000  
0.000000e+000  0.000000e+000  0.000000e+000  0.000000e+000  0.000000e+000  0.000000e+000  0.000000e+000  0.000000e+000  0.000000e+000  
0.000000e+000  0.000000e+000  0.000000e+000  0.000000e+000  0.000000e+000  0.000000e+000  0.000000e+000  0.000000e+000  0.000000e+000  
0.000000e+000  0.000000e+000  0.000000e+000  0.000000e+000  0.000000e+000  0.000000e+000  0.000000e+000  0.000000e+000  0.000000e+000  
0.000000e+000  0.000000e+000  0.000000e+000  0.000000e+000  0.000000e+000  0.000000e+000  0.000000e+000  0.000000e+000  0.000000e+000  
0.000000e+000  0.000000e+000  0.000000e+000  0.000000e+000  0.000000e+000  0.000000e+000  0.000000e+000  0.000000e+000  0.000000e+000  
0.000000e+000  0.000000e+000  0.000000e+000  0.000000e+000  0.000000e+000  0.000000e+000  0.000000e+000  0.000000e+000  0.000000e+000  
0.000000e+000  0.000000e+000  0.000000e+000  0.000000e+000  0.000000e+000  0.000000e+000  0.000000e+000  0.000000e+000  0.000000e+000  
0.000000e+000  0.000000e+000  0.000000e+000  0.000000e+000  0.000000e+000  0.000000e+000  0.000000e+000  0.000000e+000  0.000000e+000  
0.000000e+000  0.000000e+000  0.000000e+000  0.000000e+000  0.000000e+000  0.000000e+000  0.000000e+000  0.000000e+000  0.000000e+000  
0.000000e+000  0.000000e+000  0.000000e+000  0.000000e+000  0.000000e+000  0.000000e+000  0.000000e+000  0.000000e+000  0.000000e+000  
0.000000e+000  0.000000e+000  0.000000e+000  0.000000e+000  0.000000e+000  0.000000e+000  0.000000e+000  0.000000e+000  0.000000e+000  
0.000000e+000  0.000000e+000  0.000000e+000  0.000000e+000  0.000000e+000  0.000000e+000  0.000000e+000  0.000000e+000  0.000000e+000  
0.000000e+000  0.000000e+000  0.000000e+000  0.000000e+000  0.000000e+000  0.000000e+000  0.000000e+000  0.000000e+000  0.000000e+000  
0.000000e+000  0.000000e+000  0.000000e+000  0.000000e+000  0.000000e+000  0.000000e+000  0.000000e+000  0.000000e+000  0.000000e+000  
0.000000e+000  0.000000e+000  0.000000e+000  0.000000e+000  0.000000e+000  0.000000e+000  0.000000e+000  0.000000e+000  0.000000e+000  
0.000000e+000  0.000000e+000  0.000000e+000  0.000000e+000  0.000000e+000  0.000000e+000  0.000000e+000  0.000000e+000  0.000000e+000  
0.000000e+000  0.000000e+000  0.000000e+000  0.000000e+000  0.000000e+000  0.000000e+000  0.000000e+000  0.000000e+000  0.000000e+000  
0.000000e+000  0.000000e+000  0.000000e+000  0.000000e+000  0.000000e+000  0.000000e+000  0.000000e+000  0.000000e+000  0.000000e+000  
0.000000e+000  0.000000e+000  0.000000e+000  0.000000e+000  0.000000e+000  0.000000e+000  0.000000e+000  0.000000e+000  0.000000e+000  
0.000000e+000  0.000000e+000  0.000000e+000  0.000000e+000  0.000000e+000  0.000000e+000  0.000000e+000  0.000000e+000  0.000000e+000  
0.000000e+000  0.000000e+000  0.000000e+000  0.000000e+000  0.000000e+000  0.000000e+000  0.000000e+000  0.000000e+000  0.000000e+000  
0.000000e+000  0.000000e+000  0.000000e+000  0.000000e+000  0.000000e+000  0.000000e+000  0.000000e+000  0.000000e+000  0.000000e+000  
0.000000e+000  0.000000e+000  0.000000e+000  0.000000e+000  0.000000e+000  0.000000e+000  0.000000e+000  0.000000e+000  0.000000e+000  
0.000000e+000  0.000000e+000  0.000000e+000  0.000000e+000  0.000000e+000  0.000000e+000  0.000000e+000  0.000000e+000  0.000000e+000  
0.000000e+000  0.000000e+000  0.000000e+000  0.000000e+000  0.000000e+000  0.000000e+000  0.000000e+000  0.000000e+000  0.000000e+000  
0.000000e+000  0.000000e+000  0.000000e+000  0.000000e+000  0.000000e+000  0.000000e+000  0.000000e+000  0.000000e+000  0.000000e+000  
0.000000e+000  0.000000e+000  0.000000e+000  0.000000e+000  0.000000e+000  0.000000e+000  0.000000e+000  0.000000e+000  0.000000e+000  
0.000000e+000  0.000000e+000  0.000000e+000  0.000000e+000  0.000000e+000  0.000000e+000  0.000000e+000  0.000000e+000  0.000000e+000  
0.000000e+000  0.000000e+000  0.000000e+000  0.000000e+000  0.000000e+000  0.000000e+000  0.000000e+000  0.000000e+000  0.000000e+000  

0.000000e+000  0.000000e+000  0.000000e+000  0.000000e+000  0.000000e+000  0.000000e+000  0.000000e+000  0.000000e+000  0.000000e+000  
0.000000e+000  0.000000e+000  0.000000e+000  0.000000e+000  0.000000e+000  0.000000e+000  0.000000e+000  0.000000e+000  0.000000e+000  
0.000000e+000  0.000000e+000  0.000000e+000  0.000000e+000  0.000000e+000  0.000000e+000  0.000000e+000  0.000000e+000  0.000000e+000  
0.000000e+000  0.000000e+000  0.000000e+000  0.000000e+000  0.000000e+000  0.000000e+000  0.000000e+000  0.000000e+000  0.000000e+000  
0.000000e+000  0.000000e+000  0.000000e+000  0.000000e+000  0.000000e+000  0.000000e+000  0.000000e+000  0.000000e+000  0.000000e+000  
0.000000e+000  0.000000e+000  0.000000e+000  0.000000e+000  0.000000e+000  0.000000e+000  0.000000e+000  0.000000e+000  0.000000e+000  
0.000000e+000  0.000000e+000  0.000000e+000  0.000000e+000  0.000000e+000  0.000000e+000  0.000000e+000  0.000000e+000  0.000000e+000  
0.000000e+000  0.000000e+000  0.000000e+000  0.000000e+000  0.000000e+000  0.000000e+000  0.000000e+000  0.000000e+000  0.000000e+000  
0.000000e+000  0.000000e+000  0.000000e+000  0.000000e+000  0.000000e+000  0.000000e+000  0.000000e+000  0.000000e+000  0.000000e+000  
0.000000e+000  0.000000e+000  0.000000e+000  0.000000e+000  0.000000e+000  0.000000e+000  0.000000e+000  0.000000e+000  0.000000e+000  
0.000000e+000  0.000000e+000  0.000000e+000  0.000000e+000  0.000000e+000  0.000000e+000  0.000000e+000  0.000000e+000  0.000000e+000  
0.000000e+000  0.000000e+000  0.000000e+000  0.000000e+000  0.000000e+000  0.000000e+000  0.000000e+000  0.000000e+000  0.000000e+000  
0.000000e+000  0.000000e+000  0.000000e+000  0.000000e+000  0.000000e+000  0.000000e+000  0.000000e+000  0.000000e+000  0.000000e+000  
0.000000e+000  0.000000e+000  0.000000e+000  0.000000e+000  0.000000e+000  0.000000e+000  0.000000e+000  0.000000e+000  0.000000e+000  
0.000000e+000  0.000000e+000  0.000000e+000  0.000000e+000  0.000000e+000  0.000000e+000  0.000000e+000  0.000000e+000  0.000000e+000  
0.000000e+000  0.000000e+000  0.000000e+000  0.000000e+000  0.000000e+000  0.000000e+000  0.000000e+000  0.000000e+000  0.000000e+000  
0.000000e+000  0.000000e+000  0.000000e+000  0.000000e+000  0.000000e+000  0.000000e+000  0.000000e+000  0.000000e+000  0.000000e+000  
0.000000e+000  0.000000e+000  0.000000e+000  0.000000e+000  0.000000e+000  0.000000e+000  0.000000e+000  0.000000e+000  0.000000e+000  
0.000000e+000  0.000000e+000  0.000000e+000  0.000000e+000  0.000000e+000  0.000000e+000  0.000000e+000  0.000000e+000  0.000000e+000  
0.000000e+000  0.000000e+000  0.000000e+000  0.000000e+000  0.000000e+000  0.000000e+000  0.000000e+000  0.000000e+000  0.000000e+000  
0.000000e+000  0.000000e+000  0.000000e+000  0.000000e+000  0.000000e+000  0.000000e+000  0.000000e+000  0.000000e+000  0.000000e+000  
0.000000e+000  0.000000e+000  0.000000e+000  0.000000e+000  0.000000e+000  0.000000e+000  0.000000e+000  0.000000e+000  0.000000e+000  
0.000000e+000  0.000000e+000  0.000000e+000  0.000000e+000  0.000000e+000  0.000000e+000  0.000000e+000  0.000000e+000  0.000000e+000  
0.000000e+000  0.000000e+000  0.000000e+000  0.000000e+000  0.000000e+000  0.000000e+000  0.000000e+000  0.000000e+000  0.000000e+000  
0.000000e+000  0.000000e+000  0.000000e+000  0.000000e+000  0.000000e+000  0.000000e+000  0.000000e+000  0.000000e+000  0.000000e+000  
0.000000e+000  0.000000e+000  0.000000e+000  0.000000e+000  0.000000e+000  0.000000e+000  0.000000e+000  0.000000e+000  0.000000e+000  
0.000000e+000  0.000000e+000  0.000000e+000  0.000000e+000  0.000000e+000  0.000000e+000  0.000000e+000  0.000000e+000  0.000000e+000  
0.000000e+000  0.000000e+000  0.000000e+000  0.000000e+000  0.000000e+000  0.000000e+000  0.000000e+000  0.000000e+000  0.000000e+000  
0.000000e+000  0.000000e+000  0.000000e+000  0.000000e+000  0.000000e+000  0.000000e+000  0.000000e+000  0.000000e+000  0.000000e+000  
0.000000e+000  0.000000e+000  0.000000e+000  0.000000e+000  0.000000e+000  0.000000e+000  0.000000e+000  0.000000e+000  0.000000e+000  
0.000000e+000  0.000000e+000  0.000000e+000  0.000000e+000  0.000000e+000  0.000000e+000  0.000000e+000  0.000000e+000  0.000000e+000  
0.000000e+000  0.000000e+000  0.000000e+000  0.000000e+000  0.000000e+000  0.000000e+000  0.000000e+000  0.000000e+000  0.000000e+000  
0.000000e+000  0.000000e+000  0.000000e+000  0.000000e+000  0.000000e+000  0.000000e+000  0.000000e+000  0.000000e+000  0.000000e+000  
0.000000e+000  0.000000e+000  0.000000e+000  0.000000e+000  0.000000e+000  0.000000e+000  0.000000e+000  0.000000e+000  0.000000e+000  
0.000000e+000  0.000000e+000  0.000000e+000  0.000000e+000  0.000000e+000  0.000000e+000  0.000000e+000  0.000000e+000  0.000000e+000  
0.000000e+000  0.000000e+000  0.000000e+000  0.000000e+000  0.000000e+000  0.000000e+000  0.000000e+000  0.000000e+000  0.000000e+000  
0.000000e+000  0.000000e+000  0.000000e+000  0.000000e+000  0.000000e+000  0.000000e+000  0.000000e+000  0.000000e+000  0.000000e+000  
0.000000e+000  0.000000e+000  0.000000e+000  0.000000e+000  0.000000e+000  0.000000e+000  0.000000e+000  0.000000e+000  0.000000e+000  
0.000000e+000  0.000000e+000  0.000000e+000  0.000000e+000  0.000000e+000  0.000000e+000  0.000000e+000  0.000000e+000  0.000000e+000  
0.000000e+000  0.000000e+000  0.000000e+000  0.000000e+000  0.000000e+000  0.000000e+000  0.000000e+000  0.000000e+000  0.000000e+000  
0.000000e+000  0.000000e+000  0.000000e+000  0.000000e+000  0.000000e+000  0.000000e+000  0.000000e+000  0.000000e+000  0.000000e+000  
0.000000e+000  0.000000e+000  0.000000e+000  0.000000e+000  0.000000e+000  0.000000e+000  0.000000e+000  0.000000e+000  0.000000e+000  
0.000000e+000  0.000000e+000  0.000000e+000  0.000000e+000  0.000000e+000  0.000000e+000  0.000000e+000  0.000000e+000  0.000000e+000  
0.000000e+000  0.000000e+000  0.000000e+000  0.000000e+000  0.000000e+000  0.000000e+000  0.000000e+000  0.000000e+000  0.000000e+000  
0.000000e+000  0.000000e+000  0.000000e+000  0.000000e+000  0.000000e+000  0.000000e+000  0.000000e+000  0.000000e+000  0.000000e+000  
0.000000e+000  0.000000e+000  0.000000e+000  0.000000e+000  0.000000e+000  0.000000e+000  0.000000e+000  0.000000e+000  0.000000e+000  
0.000000e+000  0.000000e+000  0.000000e+000  0.000000e+000  0.000000e+000  0.000000e+000  0.000000e+000  0.000000e+000  0.000000e+000  
0.000000e+000  0.000000e+000  0.000000e+000  0.000000e+000  0.000000e+000  0.000000e+000  0.000000e+000  0.000000e+000  0.000000e+000  
0.000000e+000  0.000000e+000  0.000000e+000  0.000000e+000  0.000000e+000  0.000000e+000  0.000000e+000  0.000000e+000  0.000000e+000  
0.000000e+000  0.000000e+000  0.000000e+000  0.000000e+000  0.000000e+000  0.000000e+000  0.000000e+000  0.000000e+000  0.000000e+000  
0.000000e+000  0.000000e+000  0.000000e+000  0.000000e+000  0.000000e+000  0.000000e+000  0.000000e+000  0.000000e+000  0.000000e+000  
0.000000e+000  0.000000e+000  0.000000e+000  0.000000e+000  0.000000e+000  0.000000e+000  0.000000e+000  0.000000e+000  0.000000e+000  
0.000000e+000  0.000000e+000  0.000000e+000  0.000000e+000  0.000000e+000  0.000000e+000  0.000000e+000  0.000000e+000  0.000000e+000  
0.000000e+000  0.000000e+000  0.000000e+000  0.000000e+000  0.000000e+000  0.000000e+000  0.000000e+000  0.000000e+000  0.000000e+000  
0.000000e+000  0.000000e+000  0.000000e+000  0.000000e+000  0.000000e+000  0.000000e+000  0.000000e+000  0.000000e+000  0.000000e+000  
0.000000e+000  0.000000e+000  0.000000e+000  0.000000e+000  0.000000e+000  0.000000e+000  0.000000e+000  0.000000e+000  0.000000e+000  
0.000000e+000  0.000000e+000  0.000000e+000  0.000000e+000  0.000000e+000  0.000000e+000  0.000000e+000  0.000000e+000  0.000000e+000  
0.000000e+000  0.000000e+000  0.000000e+000  0.000000e+000  0.000000e+000  0.000000e+000  0.000000e+000  0.000000e+000  0.000000e+000  
0.000000e+000  0.000000e+000  0.000000e+000  0.000000e+000  0.000000e+000  0.000000e+000  0.000000e+000  0.000000e+000  0.000000e+000  
0.000000e+000  0.000000e+000  0.000000e+000  0.000000e+000  0.000000e+000  0.000000e+000  0.000000e+000  0.000000e+000  0.000000e+000  
0.000000e+000  0.000000e+000  0.000000e+000  0.000000e+000  0.000000e+000  0.000000e+000  0.000000e+000  0.000000e+000  0.000000e+000  
0.000000e+000  0.000000e+000  0.000000e+000  0.000000e+000  0.000000e+000  0.000000e+000  0.000000e+000  0.000000e+000  0.000000e+000  
0.000000e+000  0.000000e+000  0.000000e+000  0.000000e+000  0.000000e+000  0.000000e+000  0.000000e+000  0.000000e+000  0.000000e+000  
0.000000e+000  0.000000e+000  0.000000e+000  0.000000e+000  0.000000e+000  0.000000e+000  0.000000e+000  0.000000e+000  0.000000e+000  
0.000000e+000  0.000000e+000  0.000000e+000  0.000000e+000  0.000000e+000  0.000000e+000  0.000000e+000  0.000000e+000  0.000000e+000  
0.000000e+000  0.000000e+000  0.000000e+000  0.000000e+000  0.000000e+000  0.000000e+000  0.000000e+000  0.000000e+000  0.000000e+000  
0.000000e+000  0.000000e+000  0.000000e+000  0.000000e+000  0.000000e+000  0.000000e+000  0.000000e+000  0.000000e+000  0.000000e+000  
0.000000e+000  0.000000e+000  0.000000e+000  0.000000e+000  0.000000e+000  0.000000e+000  0.000000e+000  0.000000e+000  0.000000e+000  
0.000000e+000  0.000000e+000  0.000000e+000  0.000000e+000  0.000000e+000  0.000000e+000  0.000000e+000  0.000000e+000  0.000000e+000  
0.000000e+000  0.000000e+000  0.000000e+000  0.000000e+000  0.000000e+000  0.000000e+000  0.000000e+000  0.000000e+000  0.000000e+000  
0.000000e+000  0.000000e+000  0.000000e+000  0.000000e+000  0.000000e+000  0.000000e+000  0.000000e+000  0.000000e+000  0.000000e+000  
0.000000e+000  0.000000e+000  0.000000e+000  0.000000e+000  0.000000e+000  0.000000e+000  0.000000e+000  0.000000e+000  0.000000e+000  
0.000000e+000  0.000000e+000  0.000000e+000  0.000000e+000  0.000000e+000  0.000000e+000  0.000000e+000  0.000000e+000  0.000000e+000  
0.000000e+000  0.000000e+000  0.000000e+000  0.000000e+000  0.000000e+000  0.000000e+000  0.000000e+000  0.000000e+000  0.000000e+000  
0.000000e+000  0.000000e+000  0.000000e+000  0.000000e+000  0.000000e+000  0.000000e+000  0.000000e+000  0.000000e+000  0.000000e+000  
0.000000e+000  0.000000e+000  0.000000e+000  0.000000e+000  0.000000e+000  0.000000e+000  0.000000e+000  0.000000e+000  0.000000e+000  
0.000000e+000  0.000000e+000  0.000000e+000  0.000000e+000  0.000000e+000  0.000000e+000  0.000000e+000  0.000000e+000  0.000000e+000  
0.000000e+000  0.000000e+000  0.000000e+000  0.000000e+000  0.000000e+000  0.000000e+000  0.000000e+000  0.000000e+000  0.000000e+000  
0.000000e+000  0.000000e+000  0.000000e+000  0.000000e+000  0.000000e+000  0.000000e+000  0.000000e+000  0.000000e+000  0.000000e+000  
0.000000e+000  0.000000e+000  0.000000e+000  0.000000e+000  0.000000e+000  0.000000e+000  0.000000e+000  0.000000e+000  0.000000e+000  
0.000000e+000  0.000000e+000  0.000000e+000  0.000000e+000  0.000000e+000  0.000000e+000  0.000000e+000  0.000000e+000  0.000000e+000  
0.000000e+000  0.000000e+000  0.000000e+000  0.000000e+000  0.000000e+000  0.000000e+000  0.000000e+000  0.000000e+000  0.000000e+000  
0.000000e+000  0.000000e+000  0.000000e+000  0.000000e+000  0.000000e+000  0.000000e+000  0.000000e+000  0.000000e+000  0.000000e+000  
0.000000e+000  0.000000e+000  0.000000e+000  0.000000e+000  0.000000e+000  0.000000e+000  0.000000e+000  0.000000e+000  0.000000e+000  
0.000000e+000  0.000000e+000  0.000000e+000  0.000000e+000  0.000000e+000  0.000000e+000  0.000000e+000  0.000000e+000  0.000000e+000  
0.000000e+000  0.000000e+000  0.000000e+000  0.000000e+000  0.000000e+000  0.000000e+000  0.000000e+000  0.000000e+000  0.000000e+000  
0.000000e+000  0.000000e+000  0.000000e+000  0.000000e+000  0.000000e+000  0.000000e+000  0.000000e+000  0.000000e+000  0.000000e+000  
0.000000e+000  0.000000e+000  0.000000e+000  0.000000e+000  0.000000e+000  0.000000e+000  0.000000e+000  0.000000e+000  0.000000e+000  
0.000000e+000  0.000000e+000  0.000000e+000  0.000000e+000  0.000000e+000  0.000000e+000  0.000000e+000  0.000000e+000  0.000000e+000  
0.000000e+000  0.000000e+000  0.000000e+000  0.000000e+000  0.000000e+000  0.000000e+000  0.000000e+000  0.000000e+000  0.000000e+000  
0.000000e+000  0.000000e+000  0.000000e+000  0.000000e+000  0.000000e+000  0.000000e+000  0.000000e+000  0.000000e+000  0.000000e+000  
0.000000e+000  0.000000e+000  0.000000e+000  0.000000e+000  0.000000e+000  0.000000e+000  0.000000e+000  0.000000e+000  0.000000e+000  
0.000000e+000  0.000000e+000  0.000000e+000  0.000000e+000  0.000000e+000  0.000000e+000  0.000000e+000  0.000000e+000  0.000000e+000  
0.000000e+000  0.000000e+000  0.000000e+000  0.000000e+000  0.000000e+000  0.000000e+000  0.000000e+000  0.000000e+000  0.000000e+000  
0.000000e+000  0.000000e+000  0.000000e+000  0.000000e+000  0.000000e+000  0.000000e+000  0.000000e+000  0.000000e+000  0.000000e+000  
0.000000e+000  0.000000e+000  0.000000e+000  0.000000e+000  0.000000e+000  0.000000e+000  0.000000e+000  0.000000e+000  0.000000e+000  
0.000000e+000  0.000000e+000  0.000000e+000  0.000000e+000  0.000000e+000  0.000000e+000  0.000000e+000  0.000000e+000  0.000000e+000  
0.000000e+000  0.000000e+000  0.000000e+000  0.000000e+000  0.000000e+000  0.000000e+000  0.000000e+000  0.000000e+000  0.000000e+000  
0.000000e+000  0.000000e+000  0.000000e+000  0.000000e+000  0.000000e+000  0.000000e+000  0.000000e+000  0.000000e+000  0.000000e+000  
0.000000e+000  0.000000e+000  0.000000e+000  0.000000e+000  0.000000e+000  0.000000e+000  0.000000e+000  0.000000e+000  0.000000e+000  
0.000000e+000  0.000000e+000  0.000000e+000  0.000000e+000  0.000000e+000  0.000000e+000  0.000000e+000  0.000000e+000  0.000000e+000  
0.000000e+000  0.000000e+000  0.000000e+000  0.000000e+000  0.000000e+000  0.000000e+000  0.000000e+000  0.000000e+000  0.000000e+000  
0.000000e+000  0.000000e+000  0.000000e+000  0.000000e+000  0.000000e+000  0.000000e+000  0.000000e+000  0.000000e+000  0.000000e+000  
0.000000e+000  0.000000e+000  0.000000e+000  0.000000e+000  0.000000e+000  0.000000e+000  0.000000e+000  0.000000e+000  0.000000e+000  
0.000000e+000  0.000000e+000  0.000000e+000  0.000000e+000  0.000000e+000  0.000000e+000  0.000000e+000  0.000000e+000  0.000000e+000  
0.000000e+000  0.000000e+000  0.000000e+000  0.000000e+000  0.000000e+000  0.000000e+000  0.000000e+000  0.000000e+000  0.000000e+000  

0.000000e+000  0.000000e+000  0.000000e+000  0.000000e+000  0.000000e+000  0.000000e+000  0.000000e+000  0.000000e+000  0.000000e+000  
0.000000e+000  0.000000e+000  0.000000e+000  0.000000e+000  0.000000e+000  0.000000e+000  0.000000e+000  0.000000e+000  0.000000e+000  
0.000000e+000  0.000000e+000  0.000000e+000  0.000000e+000  0.000000e+000  0.000000e+000  0.000000e+000  0.000000e+000  0.000000e+000  
0.000000e+000  0.000000e+000  0.000000e+000  0.000000e+000  0.000000e+000  0.000000e+000  0.000000e+000  0.000000e+000  0.000000e+000  
0.000000e+000  0.000000e+000  0.000000e+000  0.000000e+000  0.000000e+000  0.000000e+000  0.000000e+000  0.000000e+000  0.000000e+000  
0.000000e+000  0.000000e+000  0.000000e+000  0.000000e+000  0.000000e+000  0.000000e+000  0.000000e+000  0.000000e+000  0.000000e+000  
0.000000e+000  0.000000e+000  0.000000e+000  0.000000e+000  0.000000e+000  0.000000e+000  0.000000e+000  0.000000e+000  0.000000e+000  
0.000000e+000  0.000000e+000  0.000000e+000  0.000000e+000  0.000000e+000  0.000000e+000  0.000000e+000  0.000000e+000  0.000000e+000  
0.000000e+000  0.000000e+000  0.000000e+000  0.000000e+000  0.000000e+000  0.000000e+000  0.000000e+000  0.000000e+000  0.000000e+000  
0.000000e+000  0.000000e+000  0.000000e+000  0.000000e+000  0.000000e+000  0.000000e+000  0.000000e+000  0.000000e+000  0.000000e+000  
0.000000e+000  0.000000e+000  0.000000e+000  0.000000e+000  0.000000e+000  0.000000e+000  0.000000e+000  0.000000e+000  0.000000e+000  
0.000000e+000  0.000000e+000  0.000000e+000  0.000000e+000  0.000000e+000  0.000000e+000  0.000000e+000  0.000000e+000  0.000000e+000  
0.000000e+000  0.000000e+000  0.000000e+000  0.000000e+000  0.000000e+000  0.000000e+000  0.000000e+000  0.000000e+000  0.000000e+000  
0.000000e+000  0.000000e+000  0.000000e+000  0.000000e+000  0.000000e+000  0.000000e+000  0.000000e+000  0.000000e+000  0.000000e+000  
0.000000e+000  0.000000e+000  0.000000e+000  0.000000e+000  0.000000e+000  0.000000e+000  0.000000e+000  0.000000e+000  0.000000e+000  
0.000000e+000  0.000000e+000  0.000000e+000  0.000000e+000  0.000000e+000  0.000000e+000  0.000000e+000  0.000000e+000  0.000000e+000  
0.000000e+000  0.000000e+000  0.000000e+000  0.000000e+000  0.000000e+000  0.000000e+000  0.000000e+000  0.000000e+000  0.000000e+000  
0.000000e+000  0.000000e+000  0.000000e+000  0.000000e+000  0.000000e+000  0.000000e+000  0.000000e+000  0.000000e+000  0.000000e+000  
0.000000e+000  0.000000e+000  0.000000e+000  0.000000e+000  0.000000e+000  0.000000e+000  0.000000e+000  0.000000e+000  0.000000e+000  
0.000000e+000  0.000000e+000  0.000000e+000  0.000000e+000  0.000000e+000  0.000000e+000  0.000000e+000  0.000000e+000  0.000000e+000  
0.000000e+000  0.000000e+000  0.000000e+000  0.000000e+000  0.000000e+000  0.000000e+000  0.000000e+000  0.000000e+000  0.000000e+000  
0.000000e+000  0.000000e+000  0.000000e+000  0.000000e+000  0.000000e+000  0.000000e+000  0.000000e+000  0.000000e+000  0.000000e+000  
0.000000e+000  0.000000e+000  0.000000e+000  0.000000e+000  0.000000e+000  0.000000e+000  0.000000e+000  0.000000e+000  0.000000e+000  
0.000000e+000  0.000000e+000  0.000000e+000  0.000000e+000  0.000000e+000  0.000000e+000  0.000000e+000  0.000000e+000  0.000000e+000  
0.000000e+000  0.000000e+000  0.000000e+000  0.000000e+000  0.000000e+000  0.000000e+000  0.000000e+000  0.000000e+000  0.000000e+000  
0.000000e+000  0.000000e+000  0.000000e+000  0.000000e+000  0.000000e+000  0.000000e+000  0.000000e+000  0.000000e+000  0.000000e+000  
0.000000e+000  0.000000e+000  0.000000e+000  0.000000e+000  0.000000e+000  0.000000e+000  0.000000e+000  0.000000e+000  0.000000e+000  
0.000000e+000  0.000000e+000  0.000000e+000  0.000000e+000  0.000000e+000  0.000000e+000  0.000000e+000  0.000000e+000  0.000000e+000  
0.000000e+000  0.000000e+000  0.000000e+000  0.000000e+000  0.000000e+000  0.000000e+000  0.000000e+000  0.000000e+000  0.000000e+000  
0.000000e+000  0.000000e+000  0.000000e+000  0.000000e+000  0.000000e+000  0.000000e+000  0.000000e+000  0.000000e+000  0.000000e+000  
0.000000e+000  0.000000e+000  0.000000e+000  0.000000e+000  0.000000e+000  0.000000e+000  0.000000e+000  0.000000e+000  0.000000e+000  
0.000000e+000  0.000000e+000  0.000000e+000  0.000000e+000  0.000000e+000  0.000000e+000  0.000000e+000  0.000000e+000  0.000000e+000  
0.000000e+000  0.000000e+000  0.000000e+000  0.000000e+000  0.000000e+000  0.000000e+000  0.000000e+000  0.000000e+000  0.000000e+000  
0.000000e+000  0.000000e+000  0.000000e+000  0.000000e+000  0.000000e+000  0.000000e+000  0.000000e+000  0.000000e+000  0.000000e+000  
0.000000e+000  0.000000e+000  0.000000e+000  0.000000e+000  0.000000e+000  0.000000e+000  0.000000e+000  0.000000e+000  0.000000e+000  
0.000000e+000  0.000000e+000  0.000000e+000  0.000000e+000  0.000000e+000  0.000000e+000  0.000000e+000  0.000000e+000  0.000000e+000  
0.000000e+000  0.000000e+000  0.000000e+000  0.000000e+000  0.000000e+000  0.000000e+000  0.000000e+000  0.000000e+000  0.000000e+000  
0.000000e+000  0.000000e+000  0.000000e+000  0.000000e+000  0.000000e+000  0.000000e+000  0.000000e+000  0.000000e+000  0.000000e+000  
0.000000e+000  0.000000e+000  0.000000e+000  0.000000e+000  0.000000e+000  0.000000e+000  0.000000e+000  0.000000e+000  0.000000e+000  
0.000000e+000  0.000000e+000  0.000000e+000  0.000000e+000  0.000000e+000  0.000000e+000  0.000000e+000  0.000000e+000  0.000000e+000  
0.000000e+000  0.000000e+000  0.000000e+000  0.000000e+000  0.000000e+000  0.000000e+000  0.000000e+000  0.000000e+000  0.000000e+000  
0.000000e+000  0.000000e+000  0.000000e+000  0.000000e+000  0.000000e+000  0.000000e+000  0.000000e+000  0.000000e+000  0.000000e+000  
0.000000e+000  0.000000e+000  0.000000e+000  0.000000e+000  0.000000e+000  0.000000e+000  0.000000e+000  0.000000e+000  0.000000e+000  
0.000000e+000  0.000000e+000  0.000000e+000  0.000000e+000  0.000000e+000  0.000000e+000  0.000000e+000  0.000000e+000  0.000000e+000  
0.000000e+000  0.000000e+000  0.000000e+000  0.000000e+000  0.000000e+000  0.000000e+000  0.000000e+000  0.000000e+000  0.000000e+000  
0.000000e+000  0.000000e+000  0.000000e+000  0.000000e+000  0.000000e+000  0.000000e+000  0.000000e+000  0.000000e+000  0.000000e+000  
0.000000e+000  0.000000e+000  0.000000e+000  0.000000e+000  0.000000e+000  0.000000e+000  0.000000e+000  0.000000e+000  0.000000e+000  
0.000000e+000  0.000000e+000  0.000000e+000  0.000000e+000  0.000000e+000  0.000000e+000  0.000000e+000  0.000000e+000  0.000000e+000  
0.000000e+000  0.000000e+000  0.000000e+000  0.000000e+000  0.000000e+000  0.000000e+000  0.000000e+000  0.000000e+000  0.000000e+000  
0.000000e+000  0.000000e+000  0.000000e+000  0.000000e+000  0.000000e+000  0.000000e+000  0.000000e+000  0.000000e+000  0.000000e+000  
0.000000e+000  0.000000e+000  0.000000e+000  0.000000e+000  0.000000e+000  0.000000e+000  0.000000e+000  0.000000e+000  0.000000e+000  
0.000000e+000  0.000000e+000  0.000000e+000  0.000000e+000  0.000000e+000  0.000000e+000  0.000000e+000  0.000000e+000  0.000000e+000  
0.000000e+000  0.000000e+000  0.000000e+000  0.000000e+000  0.000000e+000  0.000000e+000  0.000000e+000  0.000000e+000  0.000000e+000  
0.000000e+000  0.000000e+000  0.000000e+000  0.000000e+000  0.000000e+000  0.000000e+000  0.000000e+000  0.000000e+000  0.000000e+000  
0.000000e+000  0.000000e+000  0.000000e+000  0.000000e+000  0.000000e+000  0.000000e+000  0.000000e+000  0.000000e+000  0.000000e+000  
0.000000e+000  0.000000e+000  0.000000e+000  0.000000e+000  0.000000e+000  0.000000e+000  0.000000e+000  0.000000e+000  0.000000e+000  
0.000000e+000  0.000000e+000  0.000000e+000  0.000000e+000  0.000000e+000  0.000000e+000  0.000000e+000  0.000000e+000  0.000000e+000  
0.000000e+000  0.000000e+000  0.000000e+000  0.000000e+000  0.000000e+000  0.000000e+000  0.000000e+000  0.000000e+000  0.000000e+000  
0.000000e+000  0.000000e+000  0.000000e+000  0.000000e+000  0.000000e+000  0.000000e+000  0.000000e+000  0.000000e+000  0.000000e+000  
0.000000e+000  0.000000e+000  0.000000e+000  0.000000e+000  0.000000e+000  0.000000e+000  0.000000e+000  0.000000e+000  0.000000e+000  
0.000000e+000  0.000000e+000  0.000000e+000  0.000000e+000  0.000000e+000  0.000000e+000  0.000000e+000  0.000000e+000  0.000000e+000  
0.000000e+000  0.000000e+000  0.000000e+000  0.000000e+000  0.000000e+000  0.000000e+000  0.000000e+000  0.000000e+000  0.000000e+000  
0.000000e+000  0.000000e+000  0.000000e+000  0.000000e+000  0.000000e+000  0.000000e+000  0.000000e+000  0.000000e+000  0.000000e+000  
0.000000e+000  0.000000e+000  0.000000e+000  0.000000e+000  0.000000e+000  0.000000e+000  0.000000e+000  0.000000e+000  0.000000e+000  
0.000000e+000  0.000000e+000  0.000000e+000  0.000000e+000  0.000000e+000  0.000000e+000  0.000000e+000  0.000000e+000  0.000000e+000  
0.000000e+000  0.000000e+000  0.000000e+000  0.000000e+000  0.000000e+000  0.000000e+000  0.000000e+000  0.000000e+000  0.000000e+000  
0.000000e+000  0.000000e+000  0.000000e+000  0.000000e+000  0.000000e+000  0.000000e+000  0.000000e+000  0.000000e+000  0.000000e+000  
0.000000e+000  0.000000e+000  0.000000e+000  0.000000e+000  0.000000e+000  0.000000e+000  0.000000e+000  0.000000e+000  0.000000e+000  
0.000000e+000  0.000000e+000  0.000000e+000  0.000000e+000  0.000000e+000  0.000000e+000  0.000000e+000  0.000000e+000  0.000000e+000  
0.000000e+000  0.000000e+000  0.000000e+000  0.000000e+000  0.000000e+000  0.000000e+000  0.000000e+000  0.000000e+000  0.000000e+000  
0.000000e+000  0.000000e+000  0.000000e+000  0.000000e+000  0.000000e+000  0.000000e+000  0.000000e+000  0.000000e+000  0.000000e+000  
0.000000e+000  0.000000e+000  0.000000e+000  0.000000e+000  0.000000e+000  0.000000e+000  0.000000e+000  0.000000e+000  0.000000e+000  
0.000000e+000  0.000000e+000  0.000000e+000  0.000000e+000  0.000000e+000  0.000000e+000  0.000000e+000  0.000000e+000  0.000000e+000  
0.000000e+000  0.000000e+000  0.000000e+000  0.000000e+000  0.000000e+000  0.000000e+000  0.000000e+000  0.000000e+000  0.000000e+000  
0.000000e+000  0.000000e+000  0.000000e+000  0.000000e+000  0.000000e+000  0.000000e+000  0.000000e+000  0.000000e+000  0.000000e+000  
0.000000e+000  0.000000e+000  0.000000e+000  0.000000e+000  0.000000e+000  0.000000e+000  0.000000e+000  0.000000e+000  0.000000e+000  
0.000000e+000  0.000000e+000  0.000000e+000  0.000000e+000  0.000000e+000  0.000000e+000  0.000000e+000  0.000000e+000  0.000000e+000  
0.000000e+000  0.000000e+000  0.000000e+000  0.000000e+000  0.000000e+000  0.000000e+000  0.000000e+000  0.000000e+000  0.000000e+000  
0.000000e+000  0.000000e+000  0.000000e+000  0.000000e+000  0.000000e+000  0.000000e+000  0.000000e+000  0.000000e+000  0.000000e+000  
0.000000e+000  0.000000e+000  0.000000e+000  0.000000e+000  0.000000e+000  0.000000e+000  0.000000e+000  0.000000e+000  0.000000e+000  
0.000000e+000  0.000000e+000  0.000000e+000  0.000000e+000  0.000000e+000  0.000000e+000  0.000000e+000  0.000000e+000  0.000000e+000  
0.000000e+000  0.000000e+000  0.000000e+000  0.000000e+000  0.000000e+000  0.000000e+000  0.000000e+000  0.000000e+000  0.000000e+000  
0.000000e+000  0.000000e+000  0.000000e+000  0.000000e+000  0.000000e+000  0.000000e+000  0.000000e+000  0.000000e+000  0.000000e+000  
0.000000e+000  0.000000e+000  0.000000e+000  0.000000e+000  0.000000e+000  0.000000e+000  0.000000e+000  0.000000e+000  0.000000e+000  
0.000000e+000  0.000000e+000  0.000000e+000  0.000000e+000  0.000000e+000  0.000000e+000  0.000000e+000  0.000000e+000  0.000000e+000  
0.000000e+000  0.000000e+000  0.000000e+000  0.000000e+000  0.000000e+000  0.000000e+000  0.000000e+000  0.000000e+000  0.000000e+000  
0.000000e+000  0.000000e+000  0.000000e+000  0.000000e+000  0.000000e+000  0.000000e+000  0.000000e+000  0.000000e+000  0.000000e+000  
0.000000e+000  0.000000e+000  0.000000e+000  0.000000e+000  0.000000e+000  0.000000e+000  0.000000e+000  0.000000e+000  0.000000e+000  
0.000000e+000  0.000000e+000  0.000000e+000  0.000000e+000  0.000000e+000  0.000000e+000  0.000000e+000  0.000000e+000  0.000000e+000  
0.000000e+000  0.000000e+000  0.000000e+000  0.000000e+000  0.000000e+000  0.000000e+000  0.000000e+000  0.000000e+000  0.000000e+000  
0.000000e+000  0.000000e+000  0.000000e+000  0.000000e+000  0.000000e+000  0.000000e+000  0.000000e+000  0.000000e+000  0.000000e+000  
0.000000e+000  0.000000e+000  0.000000e+000  0.000000e+000  0.000000e+000  0.000000e+000  0.000000e+000  0.000000e+000  0.000000e+000  
0.000000e+000  0.000000e+000  0.000000e+000  0.000000e+000  0.000000e+000  0.000000e+000  0.000000e+000  0.000000e+000  0.000000e+000  
0.000000e+000  0.000000e+000  0.000000e+000  0.000000e+000  0.000000e+000  0.000000e+000  0.000000e+000  0.000000e+000  0.000000e+000  
0.000000e+000  0.000000e+000  0.000000e+000  0.000000e+000  0.000000e+000  0.000000e+000  0.000000e+000  0.000000e+000  0.000000e+000  
0.000000e+000  0.000000e+000  0.000000e+000  0.000000e+000  0.000000e+000  0.000000e+000  0.000000e+000  0.000000e+000  0.000000e+000  
0.000000e+000  0.000000e+000  0.000000e+000  0.000000e+000  0.000000e+000  0.000000e+000  0.000000e+000  0.000000e+000  0.000000e+000  
0.000000e+000  0.000000e+000  0.000000e+000  0.000000e+000  0.000000e+000  0.000000e+000  0.000000e+000  0.000000e+000  0.000000e+000  
0.000000e+000  0.000000e+000  0.000000e+000  0.000000e+000  0.000000e+000  0.000000e+000  0.000000e+000  0.000000e+000  0.000000e+000  
0.000000e+000  0.000000e+000  0.000000e+000  0.000000e+000  0.000000e+000  0.000000e+000  0.000000e+000  0.000000e+000  0.000000e+000  
0.000000e+000  0.000000e+000  0.000000e+000  0.000000e+000  0.000000e+000  0.000000e+000  0.000000e+000  0.000000e+000  0.000000e+000  
0.000000e+000  0.000000e+000  0.000000e+000  0.000000e+000  0.000000e+000  0.000000e+000  0.000000e+000  0.000000e+000  0.000000e+000  
0.000000e+000  0.000000e+000  0.000000e+000  0.000000e+000  0.000000e+000  0.000000e+000  0.000000e+000  0.000000e+000  0.000000e+000  
0.000000e+000  0.000000e+000  0.000000e+000  0.000000e+000  0.000000e+000  0.000000e+000  0.000000e+000  0.000000e+000  0.000000e+000  
0.000000e+000  0.000000e+000  0.000000e+000  0.000000e+000  0.000000e+000  0.000000e+000  0.000000e+000  0.000000e+000  0.000000e+000  
0.000000e+000  0.000000e+000  0.000000e+000  0.000000e+000  0.000000e+000  0.000000e+000  0.000000e+000  0.000000e+000  0.000000e+000  

0.000000e+000  -2.411012e-012  -4.376562e-012  -6.575825e-012  1.978718e-011  2.150521e-011  2.056035e-011  6.625430e-012  0.000000e+000  
5.920076e-012  6.905919e-012  0.000000e+000  1.184599e-010  3.159363e-011  3.304229e-011  3.055954e-011  2.162824e-011  0.000000e+000  
2.938428e-011  3.784092e-011  2.856344e-011  3.977529e-011  4.615458e-011  4.725267e-011  4.307322e-011  2.989886e-011  0.000000e+000  
5.760631e-012  6.098195e-011  1.443777e-010  6.210504e-011  6.886048e-011  6.800392e-011  6.065209e-011  4.111414e-011  0.000000e+000  
7.624816e-011  1.079401e-011  9.885981e-011  1.024785e-010  1.031963e-010  9.732625e-011  8.477715e-011  5.617168e-011  0.000000e+000  
-4.522523e-011  5.490077e-011  1.556389e-010  1.537173e-010  1.486609e-010  1.361229e-010  1.166634e-010  7.600432e-011  0.000000e+000  
0.000000e+000  0.000000e+000  2.175157e-010  2.134644e-010  2.039817e-010  1.846453e-010  1.569244e-010  1.012403e-010  0.000000e+000  
0.000000e+000  0.000000e+000  3.517042e-010  3.444316e-010  3.276483e-010  2.946352e-010  2.490606e-010  1.594080e-010  0.000000e+000  
0.000000e+000  0.000000e+000  7.054689e-010  6.907429e-010  6.566190e-010  5.897736e-010  4.979549e-010  3.180732e-010  0.000000e+000  
0.000000e+000  0.000000e+000  1.413314e-009  1.383788e-009  1.315332e-009  1.181231e-009  9.971741e-010  6.367681e-010  0.000000e+000  
0.000000e+000  0.000000e+000  2.805789e-009  2.747192e-009  2.611178e-009  2.344762e-009  1.979274e-009  1.263815e-009  0.000000e+000  
0.000000e+000  0.000000e+000  5.556529e-009  5.440571e-009  5.171057e-009  4.643142e-009  3.919172e-009  2.502246e-009  0.000000e+000  
0.000000e+000  0.000000e+000  1.099547e-008  1.076615e-008  1.023244e-008  9.187084e-009  7.754147e-009  4.950334e-009  0.000000e+000  
0.000000e+000  0.000000e+000  2.174997e-008  2.129670e-008  2.024021e-008  1.817095e-008  1.533579e-008  9.789618e-009  0.000000e+000  
0.000000e+000  0.000000e+000  4.301095e-008  4.211533e-008  4.002436e-008  3.592918e-008  3.032114e-008  1.935364e-008  0.000000e+000  
0.000000e+000  0.000000e+000  8.503075e-008  8.326175e-008  7.912432e-008  7.102149e-008  5.993143e-008  3.824938e-008  0.000000e+000  
0.000000e+000  0.000000e+000  1.680514e-007  1.645586e-007  1.563736e-007  1.403446e-007  1.184198e-007  7.556878e-008  0.000000e+000  
0.000000e+000  0.000000e+000  3.320212e-007  3.251280e-007  3.089394e-007  2.772386e-007  2.339064e-007  1.492463e-007  0.000000e+000  
0.000000e+000  0.000000e+000  6.557427e-007  6.421447e-007  6.101347e-007  5.474561e-007  4.618424e-007  2.946410e-007  0.000000e+000  
0.000000e+000  0.000000e+000  1.294584e-006  1.267773e-006  1.204497e-006  1.080604e-006  9.115134e-007  5.814255e-007  0.000000e+000  
0.000000e+000  0.000000e+000  2.554694e-006  2.501863e-006  2.376819e-006  2.132006e-006  1.798175e-006  1.146800e-006  0.000000e+000  
0.000000e+000  0.000000e+000  4.954838e-006  4.852529e-006  4.609638e-006  4.134138e-006  3.486351e-006  2.223033e-006  0.000000e+000  
0.000000e+000  0.000000e+000  7.967745e-006  7.803440e-006  7.412353e-006  6.646786e-006  5.604666e-006  3.573189e-006  0.000000e+000  
0.000000e+000  0.000000e+000  1.008743e-005  9.879542e-006  9.384110e-006  8.414314e-006  7.094693e-006  4.522797e-006  0.000000e+000  
0.000000e+000  0.000000e+000  1.280187e-005  1.253822e-005  1.190906e-005  1.067753e-005  9.002451e-006  5.738507e-006  0.000000e+000  
0.000000e+000  0.000000e+000  1.626354e-005  1.592884e-005  1.512900e-005  1.356343e-005  1.143493e-005  7.288434e-006  0.000000e+000  
0.000000e+000  0.000000e+000  2.066795e-005  2.024293e-005  1.922574e-005  1.723483e-005  1.452926e-005  9.259881e-006  0.000000e+000  
0.000000e+000  0.000000e+000  2.627840e-005  2.573842e-005  2.444413e-005  2.191097e-005  1.847011e-005  1.177040e-005  0.000000e+000  
0.000000e+000  0.000000e+000  3.909329e-005  3.829097e-005  3.636321e-005  3.259045e-005  2.746963e-005  1.750289e-005  0.000000e+000  
0.000000e+000  0.000000e+000  7.431165e-005  7.279000e-005  6.911749e-005  6.193097e-005  5.218994e-005  3.324489e-005  0.000000e+000  
0.000000e+000  0.000000e+000  1.452320e-004  1.422659e-004  1.350704e-004  1.209920e-004  1.019388e-004  6.491450e-005  0.000000e+000  
0.000000e+000  0.000000e+000  2.828507e-004  2.770905e-004  2.630381e-004  2.355475e-004  1.984066e-004  1.263013e-004  0.000000e+000  
0.000000e+000  0.000000e+000  5.391998e-004  5.282533e-004  5.013851e-004  4.488308e-004  3.779595e-004  2.405096e-004  0.000000e+000  
0.000000e+000  0.000000e+000  8.535783e-004  8.362946e-004  7.936538e-004  7.102593e-004  5.979733e-004  3.803897e-004  0.000000e+000  
0.000000e+000  0.000000e+000  1.077812e-003  1.056016e-003  1.002106e-003  8.966788e-004  7.548366e-004  4.800975e-004  0.000000e+000  
0.000000e+000  0.000000e+000  1.363844e-003  1.336302e-003  1.267993e-003  1.134416e-003  9.548499e-004  6.072036e-004  0.000000e+000  
0.000000e+000  0.000000e+000  1.725875e-003  1.691071e-003  1.604505e-003  1.435239e-003  1.207898e-003  7.679731e-004  0.000000e+000  
0.000000e+000  0.000000e+000  2.182231e-003  2.138290e-003  2.028667e-003  1.814336e-003  1.526732e-003  9.704853e-004  0.000000e+000  
0.000000e+000  0.000000e+000  2.760305e-003  2.704810e-003  2.565922e-003  2.294400e-003  1.930406e-003  1.226810e-003  0.000000e+000  
0.000000e+000  0.000000e+000  4.026128e-003  3.945370e-003  3.742264e-003  3.345255e-003  2.813857e-003  1.787592e-003  0.000000e+000  
0.000000e+000  0.000000e+000  7.354866e-003  7.207910e-003  6.834972e-003  6.106238e-003  5.133668e-003  3.258729e-003  0.000000e+000  
0.000000e+000  0.000000e+000  1.390111e-002  1.362430e-002  1.291433e-002  1.152779e-002  9.684333e-003  6.139459e-003  0.000000e+000  
0.000000e+000  0.000000e+000  2.617563e-002  2.565488e-002  2.430300e-002  2.166562e-002  1.817752e-002  1.149675e-002  0.000000e+000  
0.000000e+000  0.000000e+000  4.922618e-002  4.824095e-002  4.564577e-002  4.059425e-002  3.397097e-002  2.138006e-002  0.000000e+000  
0.000000e+000  0.000000e+000  9.267005e-002  9.077334e-002  8.567154e-002  7.579138e-002  6.305863e-002  3.924343e-002  0.000000e+000  
0.000000e+000  0.000000e+000  1.754152e-001  1.716377e-001  1.610014e-001  1.406159e-001  1.153652e-001  6.991108e-002  0.000000e+000  
0.000000e+000  0.000000e+000  3.285250e-001  3.211640e-001  2.968090e-001  2.506972e-001  1.986999e-001  1.131791e-001  0.000000e+000  
0.000000e+000  0.000000e+000  5.176811e-001  5.101125e-001  4.591361e-001  3.613900e-001  2.683695e-001  1.379423e-001  0.000000e+000  
0.000000e+000  0.000000e+000  6.476265e-001  6.513984e-001  5.740579e-001  4.219372e-001  2.967716e-001  1.419250e-001  0.000000e+000  
0.000000e+000  0.000000e+000  7.649172e-001  8.176715e-001  6.961622e-001  4.523219e-001  2.929759e-001  1.280453e-001  0.000000e+000  
0.000000e+000  0.000000e+000  7.321589e-001  9.057232e-001  7.282031e-001  3.918623e-001  2.323121e-001  9.438492e-002  0.000000e+000  
0.000000e+000  0.000000e+000  4.253434e-001  4.903238e-001  3.816623e-001  2.221571e-001  1.315965e-001  5.195719e-002  0.000000e+000  
0.000000e+000  0.000000e+000  0.000000e+000  0.000000e+000  0.000000e+000  0.000000e+000  0.000000e+000  0.000000e+000  0.000000e+000  
0.000000e+000  0.000000e+000  -4.253434e-001  -4.903238e-001  -3.816623e-001  -2.221571e-001  -1.315965e-001  -5.195719e-002  0.000000e+000  
0.000000e+000  0.000000e+000  -7.321589e-001  -9.057232e-001  -7.282031e-001  -3.918623e-001  -2.323121e-001  -9.438492e-002  0.000000e+000  
0.000000e+000  0.000000e+000  -7.649172e-001  -8.176715e-001  -6.961622e-001  -4.523219e-001  -2.929759e-001  -1.280453e-001  0.000000e+000  
0.000000e+000  0.000000e+000  -6.476265e-001  -6.513984e-001  -5.740579e-001  -4.219372e-001  -2.967716e-001  -1.419250e-001  0.000000e+000  
0.000000e+000  0.000000e+000  -5.176811e-001  -5.101125e-001  -4.591361e-001  -3.613900e-001  -2.683695e-001  -1.379423e-001  0.000000e+000  
0.000000e+000  0.000000e+000  -3.285250e-001  -3.211640e-001  -2.968090e-001  -2.506972e-001  -1.986999e-001  -1.131791e-001  0.000000e+000  
0.000000e+000  0.000000e+000  -1.754152e-001  -1.716377e-001  -1.610014e-001  -1.406159e-001  -1.153652e-001  -6.991108e-002  0.000000e+000  
0.000000e+000  0.000000e+000  -9.267005e-002  -9.077334e-002  -8.567154e-002  -7.579138e-002  -6.305863e-002  -3.924343e-002  0.000000e+000  
0.000000e+000  0.000000e+000  -4.922618e-002  -4.824095e-002  -4.564577e-002  -4.059425e-002  -3.397097e-002  -2.138006e-002  0.000000e+000  
0.000000e+000  0.000000e+000  -2.617563e-002  -2.565488e-002  -2.430300e-002  -2.166562e-002  -1.817752e-002  -1.149675e-002  0.000000e+000  
0.000000e+000  0.000000e+000  -1.390111e-002  -1.362430e-002  -1.291433e-002  -1.152779e-002  -9.684333e-003  -6.139459e-003  0.000000e+000  
0.000000e+000  0.000000e+000  -7.354866e-003  -7.207910e-003  -6.834972e-003  -6.106238e-003  -5.133668e-003  -3.258729e-003  0.000000e+000  
0.000000e+000  0.000000e+000  -4.026128e-003  -3.945370e-003  -3.742264e-003  -3.345255e-003  -2.813857e-003  -1.787592e-003  0.000000e+000  
0.000000e+000  0.000000e+000  -2.760305e-003  -2.704810e-003  -2.565922e-003  -2.294400e-003  -1.930406e-003  -1.226810e-003  0.000000e+000  
0.000000e+000  0.000000e+000  -2.182231e-003  -2.138290e-003  -2.028667e-003  -1.814336e-003  -1.526732e-003  -9.704853e-004  0.000000e+000  
0.000000e+000  0.000000e+000  -1.725875e-003  -1.691071e-003  -1.604505e-003  -1.435239e-003  -1.207898e-003  -7.679731e-004  0.000000e+000  
0.000000e+000  0.000000e+000  -1.363844e-003  -1.336302e-003  -1.267993e-003  -1.134416e-003  -9.548499e-004  -6.072036e-004  0.000000e+000  
0.000000e+000  0.000000e+000  -1.077812e-003  -1.056016e-003  -1.002106e-003  -8.966788e-004  -7.548366e-004  -4.800975e-004  0.000000e+000  
0.000000e+000  0.000000e+000  -8.535783e-004  -8.362946e-004  -7.936538e-004  -7.102593e-004  -5.979733e-004  -3.803897e-004  0.000000e+000  
0.000000e+000  0.000000e+000  -5.391998e-004  -5.282533e-004  -5.013851e-004  -4.488308e-004  -3.779595e-004  -2.405096e-004  0.000000e+000  
0.000000e+000  0.000000e+000  -2.828507e-004  -2.770905e-004  -2.630381e-004  -2.355475e-004  -1.984066e-004  -1.263013e-004  0.000000e+000  
0.000000e+000  0.000000e+000  -1.452320e-004  -1.422659e-004  -1.350704e-004  -1.209920e-004  -1.019388e-004  -6.491450e-005  0.000000e+000  
0.000000e+000  0.000000e+000  -7.431165e-005  -7.279000e-005  -6.911749e-005  -6.193097e-005  -5.218994e-005  -3.324489e-005  0.000000e+000  
0.000000e+000  0.000000e+000  -3.909329e-005  -3.829097e-005  -3.636321e-005  -3.259045e-005  -2.746963e-005  -1.750289e-005  0.000000e+000  
0.000000e+000  0.000000e+000  -2.627840e-005  -2.573842e-005  -2.444413e-005  -2.191097e-005  -1.847011e-005  -1.177040e-005  0.000000e+000  
0.000000e+000  0.000000e+000  -2.066795e-005  -2.024293e-005  -1.922574e-005  -1.723483e-005  -1.452926e-005  -9.259881e-006  0.000000e+000  
0.000000e+000  0.000000e+000  -1.626354e-005  -1.592884e-005  -1.512900e-005  -1.356343e-005  -1.143493e-005  -7.288434e-006  0.000000e+000  
0.000000e+000  0.000000e+000  -1.280187e-005  -1.253822e-005  -1.190906e-005  -1.067753e-005  -9.002451e-006  -5.738507e-006  0.000000e+000  
0.000000e+000  0.000000e+000  -1.008743e-005  -9.879542e-006  -9.384110e-006  -8.414314e-006  -7.094693e-006  -4.522797e-006  0.000000e+000  
0.000000e+000  0.000000e+000  -7.967744e-006  -7.803440e-006  -7.412353e-006  -6.646786e-006  -5.604666e-006  -3.573189e-006  0.000000e+000  
0.000000e+000  0.000000e+000  -4.954838e-006  -4.852529e-006  -4.609638e-006  -4.134137e-006  -3.486351e-006  -2.223033e-006  0.000000e+000  
0.000000e+000  0.000000e+000  -2.554694e-006  -2.501863e-006  -2.376819e-006  -2.132006e-006  -1.798175e-006  -1.146800e-006  0.000000e+000  
0.000000e+000  0.000000e+000  -1.294584e-006  -1.267773e-006  -1.204497e-006  -1.080604e-006  -9.115133e-007  -5.814254e-007  0.000000e+000  
0.000000e+000  0.000000e+000  -6.557427e-007  -6.421447e-007  -6.101347e-007  -5.474560e-007  -4.618424e-007  -2.946409e-007  0.000000e+000  
0.000000e+000  0.000000e+000  -3.320212e-007  -3.251280e-007  -3.089394e-007  -2.772386e-007  -2.339064e-007  -1.492463e-007  0.000000e+000  
0.000000e+000  0.000000e+000  -1.680514e-007  -1.645586e-007  -1.563736e-007  -1.403447e-007  -1.184198e-007  -7.556878e-008  0.000000e+000  
0.000000e+000  0.000000e+000  -8.503073e-008  -8.326172e-008  -7.912430e-008  -7.102146e-008  -5.993140e-008  -3.824938e-008  0.000000e+000  
0.000000e+000  0.000000e+000  -4.301096e-008  -4.211534e-008  -4.002440e-008  -3.592923e-008  -3.032117e-008  -1.935365e-008  0.000000e+000  
0.000000e+000  0.000000e+000  -2.175004e-008  -2.129677e-008  -2.024026e-008  -1.817099e-008  -1.533582e-008  -9.789654e-009  0.000000e+000  
0.000000e+000  0.000000e+000  -1.099552e-008  -1.076620e-008  -1.023249e-008  -9.187132e-009  -7.754186e-009  -4.950347e-009  0.000000e+000  
0.000000e+000  0.000000e+000  -5.556606e-009  -5.440643e-009  -5.171125e-009  -4.643195e-009  -3.919210e-009  -2.502269e-009  0.000000e+000  
0.000000e+000  0.000000e+000  -2.805828e-009  -2.747228e-009  -2.611217e-009  -2.344790e-009  -1.979291e-009  -1.263817e-009  0.000000e+000  
0.000000e+000  0.000000e+000  -1.413377e-009  -1.383839e-009  -1.315385e-009  -1.181272e-009  -9.972017e-010  -6.367780e-010  0.000000e+000  
0.000000e+000  0.000000e+000  -7.055560e-010  -6.908186e-010  -6.567032e-010  -5.898490e-010  -4.980204e-010  -3.181090e-010  0.000000e+000  
0.000000e+000  0.000000e+000  -3.517666e-010  -3.444922e-010  -3.276992e-010  -2.946847e-010  -2.490997e-010  -1.594470e-010  0.000000e+000  
0.000000e+000  0.000000e+000  -2.175749e-010  -2.135072e-010  -2.040511e-010  -1.846742e-010  -1.569755e-010  -1.012664e-010  0.000000e+000  
4.524400e-011  -5.491655e-011  -1.556728e-010  -1.538222e-010  -1.487126e-010  -1.361995e-010  -1.167031e-010  -7.604707e-011  0.000000e+000  
-7.624524e-011  -1.083134e-011  -9.896004e-011  -1.025062e-010  -1.032660e-010  -9.739367e-011  -8.484507e-011  -5.622545e-011  0.000000e+000  
-5.765745e-012  -6.101681e-011  -1.443678e-010  -6.220074e-011  -6.889639e-011  -6.805719e-011  -6.070372e-011  -4.116397e-011  0.000000e+000  
-2.946139e-011  -3.778957e-011  -2.864797e-011  -3.971628e-011  -4.620351e-011  -4.729404e-011  -4.310379e-011  -2.992304e-011  0.000000e+000  
-5.889739e-012  -6.942982e-012  0.000000e+000  -1.185345e-010  -3.160049e-011  -3.306460e-011  -3.060137e-011  -2.163274e-011  0.000000e+000  
0.000000e+000  2.405799e-012  4.378931e-012  6.579556e-012  -1.978051e-011  -2.150970e-011  -2.057483e-011  -6.635435e-012  0.000000e+000  
0.000000e+000  0.000000e+000  0.000000e+000  0.000000e+000  0.000000e+000  0.000000e+000  0.000000e+000  0.000000e+000  0.000000e+000  

