Port monitor named: Port1_e1.prt

nx        = 116
ny        = 92
nz        = 21

nu        = 9
nv        = 106
iu        = 8
iv        = 6

idir      = 1
dcut      = -1.048000e-001
icut      = 6
type      = 0
frequency = 1.800000e+009

fcutoff   = 0.000000e+000
alpha     = 0.000000e+000
beta      = 6.981522e+001
accuracy  = 3.884897e-014

type          = QTEM
wave imp.     = 2.044707e+002
wave imp.sig. = 5.104685e-012
line imp.     = 4.906773e+001

ref. port     = 0

-0.000000e+000  -0.000000e+000  -0.000000e+000  -0.000000e+000  -0.000000e+000  -0.000000e+000  -0.000000e+000  -6.589995e-010  -0.000000e+000  
-0.000000e+000  -0.000000e+000  -0.000000e+000  -0.000000e+000  -2.205102e-009  -2.390113e-009  -2.227256e-009  -1.552072e-009  -0.000000e+000  
-0.000000e+000  -0.000000e+000  -0.000000e+000  -2.664562e-009  -3.671207e-009  -3.823471e-009  -3.369480e-009  -2.165894e-009  -0.000000e+000  
-0.000000e+000  -0.000000e+000  -0.000000e+000  -3.970208e-009  -6.422608e-009  -5.995506e-009  -4.889180e-009  -2.908614e-009  -0.000000e+000  
2.723151e-009  8.222362e-009  -6.595936e-009  -5.994989e-009  -1.322918e-008  -9.006319e-009  -6.600636e-009  -3.701189e-009  -0.000000e+000  
-0.000000e+000  3.369439e-009  -4.877710e-009  -3.846116e-009  -1.248976e-008  -9.922948e-009  -7.684838e-009  -4.451420e-009  -0.000000e+000  
-0.000000e+000  -0.000000e+000  -3.504985e-009  -3.134818e-009  -1.212064e-008  -1.049077e-008  -8.557704e-009  -5.210203e-009  -0.000000e+000  
-0.000000e+000  -0.000000e+000  -3.227690e-009  -3.069044e-009  -1.274125e-008  -1.151121e-008  -9.698278e-009  -6.137039e-009  -0.000000e+000  
-0.000000e+000  -0.000000e+000  -4.752526e-009  -4.618870e-009  -1.965711e-008  -1.813885e-008  -1.561072e-008  -1.022207e-008  -0.000000e+000  
-0.000000e+000  -0.000000e+000  -9.414336e-009  -9.163865e-009  -3.907189e-008  -3.612863e-008  -3.117095e-008  -2.050828e-008  -0.000000e+000  
-0.000000e+000  -0.000000e+000  -1.994585e-008  -1.941649e-008  -8.279422e-008  -7.656843e-008  -6.607528e-008  -4.349234e-008  -0.000000e+000  
-0.000000e+000  -0.000000e+000  -4.287077e-008  -4.173306e-008  -1.779536e-007  -1.645730e-007  -1.420214e-007  -9.348684e-008  -0.000000e+000  
-0.000000e+000  -0.000000e+000  -9.242610e-008  -8.997304e-008  -3.836561e-007  -3.548090e-007  -3.061898e-007  -2.015523e-007  -0.000000e+000  
-0.000000e+000  -0.000000e+000  -1.993951e-007  -1.941034e-007  -8.276805e-007  -7.654472e-007  -6.605584e-007  -4.348188e-007  -0.000000e+000  
-0.000000e+000  -0.000000e+000  -4.302247e-007  -4.188071e-007  -1.785849e-006  -1.651571e-006  -1.425257e-006  -9.381880e-007  -0.000000e+000  
-0.000000e+000  -0.000000e+000  -9.283055e-007  -9.036692e-007  -3.853360e-006  -3.563627e-006  -3.075305e-006  -2.024347e-006  -0.000000e+000  
-0.000000e+000  -0.000000e+000  -2.003035e-006  -1.949877e-006  -8.314523e-006  -7.689358e-006  -6.635689e-006  -4.368000e-006  -0.000000e+000  
-0.000000e+000  -0.000000e+000  -4.322022e-006  -4.207320e-006  -1.794055e-005  -1.659161e-005  -1.431807e-005  -9.424992e-006  -0.000000e+000  
-0.000000e+000  -0.000000e+000  -9.325786e-006  -9.078290e-006  -3.871099e-005  -3.580032e-005  -3.089462e-005  -2.033665e-005  -0.000000e+000  
-0.000000e+000  -0.000000e+000  -2.012259e-005  -1.958856e-005  -8.352813e-005  -7.724768e-005  -6.666247e-005  -4.388115e-005  -0.000000e+000  
-0.000000e+000  -0.000000e+000  -4.341927e-005  -4.226697e-005  -1.802317e-004  -1.666802e-004  -1.438401e-004  -9.468399e-005  -0.000000e+000  
-0.000000e+000  -0.000000e+000  -9.368736e-005  -9.120100e-005  -3.888927e-004  -3.596520e-004  -3.103691e-004  -2.043032e-004  -0.000000e+000  
-0.000000e+000  -0.000000e+000  -1.929692e-004  -1.878481e-004  -8.010080e-004  -7.407805e-004  -6.392717e-004  -4.208062e-004  -0.000000e+000  
-0.000000e+000  -0.000000e+000  -2.574301e-004  -2.505982e-004  -1.068583e-003  -9.882364e-004  -8.528188e-004  -5.613755e-004  -0.000000e+000  
-0.000000e+000  -0.000000e+000  -3.416390e-004  -3.325723e-004  -1.418130e-003  -1.311502e-003  -1.131787e-003  -7.450089e-004  -0.000000e+000  
-0.000000e+000  -0.000000e+000  -4.520556e-004  -4.400585e-004  -1.876466e-003  -1.735375e-003  -1.497577e-003  -9.857934e-004  -0.000000e+000  
-0.000000e+000  -0.000000e+000  -5.964922e-004  -5.806620e-004  -2.476017e-003  -2.289846e-003  -1.976069e-003  -1.300765e-003  -0.000000e+000  
-0.000000e+000  -0.000000e+000  -7.863168e-004  -7.654488e-004  -3.263971e-003  -3.018554e-003  -2.604923e-003  -1.714713e-003  -0.000000e+000  
-0.000000e+000  -0.000000e+000  -1.035973e-003  -1.008480e-003  -4.300286e-003  -3.976949e-003  -3.431989e-003  -2.259137e-003  -0.000000e+000  
-0.000000e+000  -0.000000e+000  -2.048215e-003  -1.993857e-003  -8.502061e-003  -7.862794e-003  -6.785358e-003  -4.466520e-003  -0.000000e+000  
-0.000000e+000  -0.000000e+000  -4.334933e-003  -4.219888e-003  -1.799414e-002  -1.664116e-002  -1.436083e-002  -9.453135e-003  -0.000000e+000  
-0.000000e+000  -0.000000e+000  -9.236446e-003  -8.991319e-003  -3.834012e-002  -3.545732e-002  -3.059859e-002  -2.014175e-002  -0.000000e+000  
-0.000000e+000  -0.000000e+000  -1.970934e-002  -1.918626e-002  -8.181259e-002  -7.566102e-002  -6.529306e-002  -4.297949e-002  -0.000000e+000  
-0.000000e+000  -0.000000e+000  -3.982512e-002  -3.876814e-002  -1.653119e-001  -1.528815e-001  -1.319314e-001  -8.684368e-002  -0.000000e+000  
-0.000000e+000  -0.000000e+000  -5.303422e-002  -5.162659e-002  -2.201415e-001  -2.035878e-001  -1.756883e-001  -1.156454e-001  -0.000000e+000  
-0.000000e+000  -0.000000e+000  -7.027921e-002  -6.841376e-002  -2.917232e-001  -2.697857e-001  -2.328131e-001  -1.532451e-001  -0.000000e+000  
-0.000000e+000  -0.000000e+000  -9.287278e-002  -9.040740e-002  -3.855051e-001  -3.565131e-001  -3.076521e-001  -2.025020e-001  -0.000000e+000  
-0.000000e+000  -0.000000e+000  -1.221546e-001  -1.189115e-001  -5.070464e-001  -4.689096e-001  -4.046387e-001  -2.663314e-001  -0.000000e+000  
-0.000000e+000  -0.000000e+000  -1.605231e-001  -1.562603e-001  -6.662993e-001  -6.161760e-001  -5.317084e-001  -3.499503e-001  -0.000000e+000  
-0.000000e+000  -0.000000e+000  -2.108349e-001  -2.052342e-001  -8.751154e-001  -8.092662e-001  -6.983059e-001  -4.595623e-001  -0.000000e+000  
-0.000000e+000  -0.000000e+000  -4.013375e-001  -3.906627e-001  -1.665704e+000  -1.540241e+000  -1.328887e+000  -8.742948e-001  -0.000000e+000  
-0.000000e+000  -0.000000e+000  -8.254413e-001  -8.034019e-001  -3.425077e+000  -3.166336e+000  -2.730830e+000  -1.795094e+000  -0.000000e+000  
-0.000000e+000  -0.000000e+000  -1.711184e+000  -1.664989e+000  -7.095459e+000  -6.555033e+000  -5.647624e+000  -3.703609e+000  -0.000000e+000  
-0.000000e+000  -0.000000e+000  -3.564906e+000  -3.465499e+000  -1.475148e+001  -1.360220e+001  -1.168631e+001  -7.614852e+000  -0.000000e+000  
-0.000000e+000  -0.000000e+000  -7.503945e+000  -7.272962e+000  -3.084522e+001  -2.828732e+001  -2.411573e+001  -1.544903e+001  -0.000000e+000  
-0.000000e+000  -0.000000e+000  -1.630383e+001  -1.563151e+001  -6.543722e+001  -5.903379e+001  -4.926172e+001  -3.017830e+001  -0.000000e+000  
-0.000000e+000  -0.000000e+000  -3.936147e+001  -3.618838e+001  -1.439620e+002  -1.233079e+002  -9.687920e+001  -5.274057e+001  -0.000000e+000  
-0.000000e+000  -0.000000e+000  -1.182369e+002  -9.562957e+001  -3.162766e+002  -2.311454e+002  -1.536307e+002  -6.061411e+001  -0.000000e+000  
-0.000000e+000  -0.000000e+000  -2.632217e+002  -1.856319e+002  -4.528787e+002  -2.614887e+002  -1.380675e+002  -3.433926e+001  -0.000000e+000  
-0.000000e+000  -0.000000e+000  -6.326225e+002  -4.083448e+002  -5.934588e+002  -2.106339e+002  -5.229238e+001  1.945547e+001  -0.000000e+000  
-0.000000e+000  -0.000000e+000  -1.651049e+003  -1.159135e+003  -4.397509e+002  1.125814e+002  1.712988e+002  1.033513e+002  -0.000000e+000  
-0.000000e+000  -0.000000e+000  -3.303644e+003  -3.838775e+003  1.633407e+003  7.331423e+002  4.147157e+002  1.666250e+002  -0.000000e+000  
-0.000000e+000  -0.000000e+000  -4.132390e+003  -4.613708e+003  1.739246e+003  9.761137e+002  5.565147e+002  2.073400e+002  -0.000000e+000  
-0.000000e+000  -0.000000e+000  -4.132390e+003  -4.613708e+003  1.739246e+003  9.761137e+002  5.565147e+002  2.073400e+002  -0.000000e+000  
-0.000000e+000  -0.000000e+000  -3.303644e+003  -3.838775e+003  1.633407e+003  7.331423e+002  4.147157e+002  1.666250e+002  -0.000000e+000  
-0.000000e+000  -0.000000e+000  -1.651049e+003  -1.159135e+003  -4.397509e+002  1.125814e+002  1.712988e+002  1.033513e+002  -0.000000e+000  
-0.000000e+000  -0.000000e+000  -6.326225e+002  -4.083448e+002  -5.934588e+002  -2.106339e+002  -5.229238e+001  1.945547e+001  -0.000000e+000  
-0.000000e+000  -0.000000e+000  -2.632217e+002  -1.856319e+002  -4.528787e+002  -2.614887e+002  -1.380675e+002  -3.433926e+001  -0.000000e+000  
-0.000000e+000  -0.000000e+000  -1.182369e+002  -9.562957e+001  -3.162766e+002  -2.311454e+002  -1.536307e+002  -6.061411e+001  -0.000000e+000  
-0.000000e+000  -0.000000e+000  -3.936147e+001  -3.618838e+001  -1.439620e+002  -1.233079e+002  -9.687920e+001  -5.274057e+001  -0.000000e+000  
-0.000000e+000  -0.000000e+000  -1.630383e+001  -1.563151e+001  -6.543722e+001  -5.903379e+001  -4.926172e+001  -3.017830e+001  -0.000000e+000  
-0.000000e+000  -0.000000e+000  -7.503945e+000  -7.272962e+000  -3.084522e+001  -2.828732e+001  -2.411573e+001  -1.544903e+001  -0.000000e+000  
-0.000000e+000  -0.000000e+000  -3.564906e+000  -3.465499e+000  -1.475148e+001  -1.360220e+001  -1.168631e+001  -7.614852e+000  -0.000000e+000  
-0.000000e+000  -0.000000e+000  -1.711184e+000  -1.664989e+000  -7.095459e+000  -6.555033e+000  -5.647624e+000  -3.703609e+000  -0.000000e+000  
-0.000000e+000  -0.000000e+000  -8.254413e-001  -8.034019e-001  -3.425077e+000  -3.166336e+000  -2.730830e+000  -1.795094e+000  -0.000000e+000  
-0.000000e+000  -0.000000e+000  -4.013375e-001  -3.906627e-001  -1.665704e+000  -1.540241e+000  -1.328887e+000  -8.742948e-001  -0.000000e+000  
-0.000000e+000  -0.000000e+000  -2.108349e-001  -2.052342e-001  -8.751154e-001  -8.092662e-001  -6.983059e-001  -4.595623e-001  -0.000000e+000  
-0.000000e+000  -0.000000e+000  -1.605231e-001  -1.562603e-001  -6.662993e-001  -6.161760e-001  -5.317084e-001  -3.499503e-001  -0.000000e+000  
-0.000000e+000  -0.000000e+000  -1.221546e-001  -1.189115e-001  -5.070464e-001  -4.689096e-001  -4.046387e-001  -2.663314e-001  -0.000000e+000  
-0.000000e+000  -0.000000e+000  -9.287278e-002  -9.040740e-002  -3.855051e-001  -3.565131e-001  -3.076521e-001  -2.025020e-001  -0.000000e+000  
-0.000000e+000  -0.000000e+000  -7.027921e-002  -6.841376e-002  -2.917232e-001  -2.697857e-001  -2.328131e-001  -1.532451e-001  -0.000000e+000  
-0.000000e+000  -0.000000e+000  -5.303422e-002  -5.162659e-002  -2.201415e-001  -2.035878e-001  -1.756883e-001  -1.156454e-001  -0.000000e+000  
-0.000000e+000  -0.000000e+000  -3.982512e-002  -3.876814e-002  -1.653119e-001  -1.528815e-001  -1.319314e-001  -8.684368e-002  -0.000000e+000  
-0.000000e+000  -0.000000e+000  -1.970934e-002  -1.918626e-002  -8.181259e-002  -7.566102e-002  -6.529306e-002  -4.297949e-002  -0.000000e+000  
-0.000000e+000  -0.000000e+000  -9.236446e-003  -8.991319e-003  -3.834012e-002  -3.545732e-002  -3.059859e-002  -2.014175e-002  -0.000000e+000  
-0.000000e+000  -0.000000e+000  -4.334933e-003  -4.219888e-003  -1.799414e-002  -1.664116e-002  -1.436083e-002  -9.453135e-003  -0.000000e+000  
-0.000000e+000  -0.000000e+000  -2.048215e-003  -1.993857e-003  -8.502061e-003  -7.862794e-003  -6.785358e-003  -4.466520e-003  -0.000000e+000  
-0.000000e+000  -0.000000e+000  -1.035973e-003  -1.008480e-003  -4.300286e-003  -3.976949e-003  -3.431989e-003  -2.259137e-003  -0.000000e+000  
-0.000000e+000  -0.000000e+000  -7.863168e-004  -7.654488e-004  -3.263971e-003  -3.018554e-003  -2.604923e-003  -1.714713e-003  -0.000000e+000  
-0.000000e+000  -0.000000e+000  -5.964922e-004  -5.806620e-004  -2.476017e-003  -2.289846e-003  -1.976069e-003  -1.300765e-003  -0.000000e+000  
-0.000000e+000  -0.000000e+000  -4.520556e-004  -4.400585e-004  -1.876466e-003  -1.735375e-003  -1.497577e-003  -9.857934e-004  -0.000000e+000  
-0.000000e+000  -0.000000e+000  -3.416390e-004  -3.325723e-004  -1.418130e-003  -1.311502e-003  -1.131787e-003  -7.450089e-004  -0.000000e+000  
-0.000000e+000  -0.000000e+000  -2.574301e-004  -2.505982e-004  -1.068583e-003  -9.882364e-004  -8.528188e-004  -5.613755e-004  -0.000000e+000  
-0.000000e+000  -0.000000e+000  -1.929692e-004  -1.878481e-004  -8.010080e-004  -7.407805e-004  -6.392717e-004  -4.208062e-004  -0.000000e+000  
-0.000000e+000  -0.000000e+000  -9.368736e-005  -9.120100e-005  -3.888927e-004  -3.596520e-004  -3.103691e-004  -2.043032e-004  -0.000000e+000  
-0.000000e+000  -0.000000e+000  -4.341927e-005  -4.226697e-005  -1.802317e-004  -1.666802e-004  -1.438401e-004  -9.468399e-005  -0.000000e+000  
-0.000000e+000  -0.000000e+000  -2.012259e-005  -1.958856e-005  -8.352813e-005  -7.724769e-005  -6.666247e-005  -4.388115e-005  -0.000000e+000  
-0.000000e+000  -0.000000e+000  -9.325787e-006  -9.078291e-006  -3.871099e-005  -3.580033e-005  -3.089462e-005  -2.033666e-005  -0.000000e+000  
-0.000000e+000  -0.000000e+000  -4.322023e-006  -4.207321e-006  -1.794055e-005  -1.659161e-005  -1.431807e-005  -9.424994e-006  -0.000000e+000  
-0.000000e+000  -0.000000e+000  -2.003036e-006  -1.949878e-006  -8.314528e-006  -7.689361e-006  -6.635692e-006  -4.368002e-006  -0.000000e+000  
-0.000000e+000  -0.000000e+000  -9.283061e-007  -9.036700e-007  -3.853366e-006  -3.563633e-006  -3.075310e-006  -2.024350e-006  -0.000000e+000  
-0.000000e+000  -0.000000e+000  -4.302264e-007  -4.188086e-007  -1.785853e-006  -1.651575e-006  -1.425261e-006  -9.381911e-007  -0.000000e+000  
-0.000000e+000  -0.000000e+000  -1.993955e-007  -1.941038e-007  -8.276831e-007  -7.654498e-007  -6.605607e-007  -4.348203e-007  -0.000000e+000  
-0.000000e+000  -0.000000e+000  -9.242554e-008  -8.997303e-008  -3.836576e-007  -3.548108e-007  -3.061910e-007  -2.015528e-007  -0.000000e+000  
-0.000000e+000  -0.000000e+000  -4.287033e-008  -4.173255e-008  -1.779521e-007  -1.645714e-007  -1.420201e-007  -9.348657e-008  -0.000000e+000  
-0.000000e+000  -0.000000e+000  -1.994548e-008  -1.941626e-008  -8.279275e-008  -7.656706e-008  -6.607420e-008  -4.349229e-008  -0.000000e+000  
-0.000000e+000  -0.000000e+000  -9.414517e-009  -9.163637e-009  -3.907167e-008  -3.612811e-008  -3.117066e-008  -2.050882e-008  -0.000000e+000  
-0.000000e+000  -0.000000e+000  -4.752759e-009  -4.618864e-009  -1.965724e-008  -1.813856e-008  -1.561047e-008  -1.022287e-008  -0.000000e+000  
-0.000000e+000  -0.000000e+000  -3.228250e-009  -3.069554e-009  -1.274453e-008  -1.151411e-008  -9.700813e-009  -6.138658e-009  -0.000000e+000  
-0.000000e+000  -0.000000e+000  -3.506218e-009  -3.136034e-009  -1.212555e-008  -1.049534e-008  -8.560909e-009  -5.212159e-009  -0.000000e+000  
-0.000000e+000  3.372051e-009  -4.880544e-009  -3.848228e-009  -1.249645e-008  -9.927883e-009  -7.688444e-009  -4.453410e-009  -0.000000e+000  
2.724852e-009  8.229615e-009  -6.600489e-009  -5.998919e-009  -1.323734e-008  -9.010823e-009  -6.603531e-009  -3.702940e-009  -0.000000e+000  
-0.000000e+000  -0.000000e+000  -0.000000e+000  -3.971761e-009  -6.425701e-009  -5.997847e-009  -4.891095e-009  -2.909846e-009  -0.000000e+000  
-0.000000e+000  -0.000000e+000  -0.000000e+000  -2.665543e-009  -3.672240e-009  -3.824563e-009  -3.370631e-009  -2.166699e-009  -0.000000e+000  
-0.000000e+000  -0.000000e+000  -0.000000e+000  -0.000000e+000  -2.205233e-009  -2.390545e-009  -2.227914e-009  -1.552599e-009  -0.000000e+000  
-0.000000e+000  -0.000000e+000  -0.000000e+000  -0.000000e+000  -0.000000e+000  -0.000000e+000  -0.000000e+000  -6.589510e-010  -0.000000e+000  

4.435552e-009  4.425621e-009  4.397609e-009  4.347848e-009  4.273082e-009  4.115158e-009  3.944998e-009  3.795560e-009  3.602496e-009  
9.468605e-009  9.537388e-009  9.617624e-009  9.595747e-009  9.352655e-009  8.557281e-009  7.817456e-009  7.302062e-009  6.896165e-009  
1.125875e-008  1.160015e-008  1.203980e-008  1.236456e-008  1.203771e-008  1.031466e-008  9.144150e-009  8.500780e-009  8.152620e-009  
1.174679e-008  1.347418e-008  1.482690e-008  1.704385e-008  1.654177e-008  1.148435e-008  9.905733e-009  9.394170e-009  9.375710e-009  
5.270865e-009  4.548343e-009  -0.000000e+000  3.696315e-009  6.103521e-009  8.572710e-009  9.462409e-009  9.982607e-009  1.067402e-008  
1.819615e-009  1.294166e-009  -0.000000e+000  2.563015e-009  4.721878e-009  7.658290e-009  9.539426e-009  1.080729e-008  1.224247e-008  
-0.000000e+000  -0.000000e+000  -0.000000e+000  2.633383e-009  5.098444e-009  8.122658e-009  1.045125e-008  1.218655e-008  1.426177e-008  
-0.000000e+000  -0.000000e+000  -0.000000e+000  3.666578e-009  7.245025e-009  1.066721e-008  1.360725e-008  1.598835e-008  1.909901e-008  
-0.000000e+000  -0.000000e+000  -0.000000e+000  7.074131e-009  1.400456e-008  1.943766e-008  2.414487e-008  2.800294e-008  3.315283e-008  
-0.000000e+000  -0.000000e+000  -0.000000e+000  1.392993e-008  2.758082e-008  3.695074e-008  4.499720e-008  5.154994e-008  6.022165e-008  
-0.000000e+000  -0.000000e+000  -0.000000e+000  2.724475e-008  5.394684e-008  6.992772e-008  8.347782e-008  9.439592e-008  1.086086e-007  
-0.000000e+000  -0.000000e+000  -0.000000e+000  5.311096e-008  1.051707e-007  1.314127e-007  1.532418e-007  1.705411e-007  1.924610e-007  
-0.000000e+000  -0.000000e+000  -0.000000e+000  1.032887e-007  2.045468e-007  2.448870e-007  2.773536e-007  3.023190e-007  3.323449e-007  
-0.000000e+000  -0.000000e+000  -0.000000e+000  2.004068e-007  3.969044e-007  4.516743e-007  4.927252e-007  5.220965e-007  5.526584e-007  
-0.000000e+000  -0.000000e+000  -0.000000e+000  3.878560e-007  7.682140e-007  8.223887e-007  8.534473e-007  8.682414e-007  8.663139e-007  
-0.000000e+000  -0.000000e+000  -0.000000e+000  7.484844e-007  1.482649e-006  1.472598e-006  1.425534e-006  1.361101e-006  1.222328e-006  
-0.000000e+000  -0.000000e+000  -0.000000e+000  1.439680e-006  2.852149e-006  2.578678e-006  2.250857e-006  1.920717e-006  1.354287e-006  
-0.000000e+000  -0.000000e+000  -0.000000e+000  2.758655e-006  5.465909e-006  4.376439e-006  3.220303e-006  2.128895e-006  3.771324e-007  
-0.000000e+000  -0.000000e+000  -0.000000e+000  5.262628e-006  1.042885e-005  7.087563e-006  3.702807e-006  5.960228e-007  -4.234152e-006  
-0.000000e+000  -0.000000e+000  -0.000000e+000  9.987165e-006  1.979508e-005  1.062090e-005  1.552015e-006  -6.642759e-006  -1.914824e-005  
-0.000000e+000  -0.000000e+000  -0.000000e+000  1.883597e-005  3.734223e-005  1.365024e-005  -9.419675e-006  -3.005940e-005  -6.117484e-005  
-0.000000e+000  -0.000000e+000  -0.000000e+000  3.470449e-005  6.881982e-005  1.116092e-005  -4.442342e-005  -9.381673e-005  -1.676535e-004  
-0.000000e+000  -0.000000e+000  -0.000000e+000  5.333318e-005  1.057871e-004  -2.780275e-006  -1.068366e-004  -1.989372e-004  -3.359291e-004  
-0.000000e+000  -0.000000e+000  -0.000000e+000  6.601921e-005  1.309665e-004  -1.610614e-005  -1.567543e-004  -2.810516e-004  -4.655736e-004  
-0.000000e+000  -0.000000e+000  -0.000000e+000  8.173370e-005  1.621635e-004  -3.762011e-005  -2.282766e-004  -3.965247e-004  -6.458319e-004  
-0.000000e+000  -0.000000e+000  -0.000000e+000  1.010889e-004  2.005970e-004  -7.079676e-005  -3.292914e-004  -5.570986e-004  -8.940812e-004  
-0.000000e+000  -0.000000e+000  -0.000000e+000  1.248252e-004  2.477415e-004  -1.204653e-004  -4.705511e-004  -7.786962e-004  -1.233799e-003  
-0.000000e+000  -0.000000e+000  -0.000000e+000  1.538912e-004  3.054881e-004  -1.935344e-004  -6.672286e-004  -1.083702e-003  -1.697901e-003  
-0.000000e+000  -0.000000e+000  -0.000000e+000  2.175148e-004  4.319309e-004  -3.836090e-004  -1.156045e-003  -1.834121e-003  -2.832127e-003  
-0.000000e+000  -0.000000e+000  -0.000000e+000  3.735563e-004  7.423209e-004  -1.063572e-003  -2.768574e-003  -4.261945e-003  -6.453548e-003  
-0.000000e+000  -0.000000e+000  -0.000000e+000  6.409294e-004  1.274948e-003  -2.825346e-003  -6.686133e-003  -1.006125e-002  -1.500214e-002  
-0.000000e+000  -0.000000e+000  -0.000000e+000  1.057220e-003  2.106241e-003  -7.103017e-003  -1.575508e-002  -2.330681e-002  -3.433907e-002  
-0.000000e+000  -0.000000e+000  -0.000000e+000  1.620170e-003  3.235594e-003  -1.685135e-002  -3.568833e-002  -5.210815e-002  -7.605426e-002  
-0.000000e+000  -0.000000e+000  -0.000000e+000  2.039081e-003  4.085145e-003  -3.108033e-002  -6.401704e-002  -9.270186e-002  -1.344854e-001  
-0.000000e+000  -0.000000e+000  -0.000000e+000  2.246325e-003  4.510535e-003  -4.199593e-002  -8.553176e-002  -1.234328e-001  -1.786120e-001  
-0.000000e+000  -0.000000e+000  -0.000000e+000  2.394397e-003  4.823818e-003  -5.689355e-002  -1.146383e-001  -1.648895e-001  -2.380099e-001  
-0.000000e+000  -0.000000e+000  -0.000000e+000  2.431792e-003  4.924498e-003  -7.700510e-002  -1.536217e-001  -2.202699e-001  -3.171962e-001  
-0.000000e+000  -0.000000e+000  -0.000000e+000  2.285816e-003  4.670626e-003  -1.039722e-001  -2.055188e-001  -2.938191e-001  -4.221607e-001  
-0.000000e+000  -0.000000e+000  -0.000000e+000  1.846590e-003  3.847682e-003  -1.402578e-001  -2.748838e-001  -3.919014e-001  -5.618773e-001  
-0.000000e+000  -0.000000e+000  -0.000000e+000  3.030260e-004  8.990670e-004  -2.245707e-001  -4.350530e-001  -6.178892e-001  -8.831975e-001  
-0.000000e+000  -0.000000e+000  -0.000000e+000  -7.448794e-003  -1.412802e-002  -4.770442e-001  -9.085929e-001  -1.282949e+000  -1.824816e+000  
-0.000000e+000  -0.000000e+000  -0.000000e+000  -3.215175e-002  -6.226358e-002  -1.051578e+000  -1.971902e+000  -2.768240e+000  -3.914928e+000  
-0.000000e+000  -0.000000e+000  -0.000000e+000  -1.004570e-001  -1.954080e-001  -2.305225e+000  -4.259612e+000  -5.941118e+000  -8.332709e+000  
-0.000000e+000  -0.000000e+000  -0.000000e+000  -2.861780e-001  -5.553033e-001  -5.085790e+000  -9.238270e+000  -1.275971e+001  -1.761322e+001  
-0.000000e+000  -0.000000e+000  -0.000000e+000  -8.360477e-001  -1.598888e+000  -1.155493e+001  -2.041041e+001  -2.763406e+001  -3.679586e+001  
-0.000000e+000  -0.000000e+000  -0.000000e+000  -2.956964e+000  -5.419862e+000  -2.860744e+001  -4.743204e+001  -6.118198e+001  -7.484033e+001  
-0.000000e+000  -0.000000e+000  -0.000000e+000  -1.509238e+001  -2.562949e+001  -8.387209e+001  -1.191822e+002  -1.365938e+002  -1.385923e+002  
-0.000000e+000  -0.000000e+000  -0.000000e+000  -7.923301e+001  -1.262725e+002  -2.419296e+002  -2.630708e+002  -2.442696e+002  -1.869604e+002  
-0.000000e+000  -0.000000e+000  -0.000000e+000  -2.095076e+002  -3.328535e+002  -4.500977e+002  -3.966424e+002  -3.137577e+002  -2.018107e+002  
-0.000000e+000  -0.000000e+000  -0.000000e+000  -5.892095e+002  -1.020693e+003  -8.692821e+002  -5.686384e+002  -3.610112e+002  -1.900009e+002  
-0.000000e+000  -0.000000e+000  -0.000000e+000  -1.313751e+003  -3.336995e+003  -1.395260e+003  -6.225839e+002  -3.181207e+002  -1.437989e+002  
-0.000000e+000  -0.000000e+000  -0.000000e+000  -6.292063e+002  -0.000000e+000  -6.476575e+002  -3.570168e+002  -1.873638e+002  -8.032579e+001  
-0.000000e+000  -0.000000e+000  -0.000000e+000  -0.000000e+000  -0.000000e+000  -0.000000e+000  -0.000000e+000  -0.000000e+000  -0.000000e+000  
-0.000000e+000  -0.000000e+000  -0.000000e+000  6.292063e+002  -0.000000e+000  6.476575e+002  3.570168e+002  1.873638e+002  8.032579e+001  
-0.000000e+000  -0.000000e+000  -0.000000e+000  1.313751e+003  3.336995e+003  1.395260e+003  6.225839e+002  3.181207e+002  1.437989e+002  
-0.000000e+000  -0.000000e+000  -0.000000e+000  5.892095e+002  1.020693e+003  8.692821e+002  5.686384e+002  3.610112e+002  1.900009e+002  
-0.000000e+000  -0.000000e+000  -0.000000e+000  2.095076e+002  3.328535e+002  4.500977e+002  3.966424e+002  3.137577e+002  2.018107e+002  
-0.000000e+000  -0.000000e+000  -0.000000e+000  7.923301e+001  1.262725e+002  2.419296e+002  2.630708e+002  2.442696e+002  1.869604e+002  
-0.000000e+000  -0.000000e+000  -0.000000e+000  1.509238e+001  2.562949e+001  8.387209e+001  1.191822e+002  1.365938e+002  1.385923e+002  
-0.000000e+000  -0.000000e+000  -0.000000e+000  2.956964e+000  5.419862e+000  2.860744e+001  4.743204e+001  6.118198e+001  7.484033e+001  
-0.000000e+000  -0.000000e+000  -0.000000e+000  8.360477e-001  1.598888e+000  1.155493e+001  2.041041e+001  2.763406e+001  3.679586e+001  
-0.000000e+000  -0.000000e+000  -0.000000e+000  2.861780e-001  5.553033e-001  5.085790e+000  9.238270e+000  1.275971e+001  1.761322e+001  
-0.000000e+000  -0.000000e+000  -0.000000e+000  1.004570e-001  1.954080e-001  2.305225e+000  4.259612e+000  5.941118e+000  8.332709e+000  
-0.000000e+000  -0.000000e+000  -0.000000e+000  3.215175e-002  6.226358e-002  1.051578e+000  1.971902e+000  2.768240e+000  3.914928e+000  
-0.000000e+000  -0.000000e+000  -0.000000e+000  7.448794e-003  1.412802e-002  4.770442e-001  9.085929e-001  1.282949e+000  1.824816e+000  
-0.000000e+000  -0.000000e+000  -0.000000e+000  -3.030260e-004  -8.990670e-004  2.245707e-001  4.350530e-001  6.178892e-001  8.831975e-001  
-0.000000e+000  -0.000000e+000  -0.000000e+000  -1.846590e-003  -3.847682e-003  1.402578e-001  2.748838e-001  3.919014e-001  5.618773e-001  
-0.000000e+000  -0.000000e+000  -0.000000e+000  -2.285816e-003  -4.670626e-003  1.039722e-001  2.055188e-001  2.938191e-001  4.221607e-001  
-0.000000e+000  -0.000000e+000  -0.000000e+000  -2.431792e-003  -4.924498e-003  7.700510e-002  1.536217e-001  2.202699e-001  3.171962e-001  
-0.000000e+000  -0.000000e+000  -0.000000e+000  -2.394397e-003  -4.823818e-003  5.689355e-002  1.146383e-001  1.648895e-001  2.380099e-001  
-0.000000e+000  -0.000000e+000  -0.000000e+000  -2.246325e-003  -4.510535e-003  4.199593e-002  8.553176e-002  1.234328e-001  1.786120e-001  
-0.000000e+000  -0.000000e+000  -0.000000e+000  -2.039081e-003  -4.085145e-003  3.108033e-002  6.401704e-002  9.270186e-002  1.344854e-001  
-0.000000e+000  -0.000000e+000  -0.000000e+000  -1.620170e-003  -3.235594e-003  1.685135e-002  3.568833e-002  5.210815e-002  7.605426e-002  
-0.000000e+000  -0.000000e+000  -0.000000e+000  -1.057220e-003  -2.106241e-003  7.103017e-003  1.575508e-002  2.330681e-002  3.433907e-002  
-0.000000e+000  -0.000000e+000  -0.000000e+000  -6.409294e-004  -1.274948e-003  2.825346e-003  6.686133e-003  1.006125e-002  1.500214e-002  
-0.000000e+000  -0.000000e+000  -0.000000e+000  -3.735563e-004  -7.423209e-004  1.063572e-003  2.768574e-003  4.261945e-003  6.453548e-003  
-0.000000e+000  -0.000000e+000  -0.000000e+000  -2.175148e-004  -4.319309e-004  3.836091e-004  1.156045e-003  1.834121e-003  2.832127e-003  
-0.000000e+000  -0.000000e+000  -0.000000e+000  -1.538912e-004  -3.054881e-004  1.935344e-004  6.672286e-004  1.083702e-003  1.697901e-003  
-0.000000e+000  -0.000000e+000  -0.000000e+000  -1.248252e-004  -2.477415e-004  1.204653e-004  4.705511e-004  7.786962e-004  1.233799e-003  
-0.000000e+000  -0.000000e+000  -0.000000e+000  -1.010889e-004  -2.005970e-004  7.079677e-005  3.292914e-004  5.570986e-004  8.940812e-004  
-0.000000e+000  -0.000000e+000  -0.000000e+000  -8.173370e-005  -1.621635e-004  3.762011e-005  2.282766e-004  3.965247e-004  6.458319e-004  
-0.000000e+000  -0.000000e+000  -0.000000e+000  -6.601921e-005  -1.309665e-004  1.610614e-005  1.567543e-004  2.810516e-004  4.655737e-004  
-0.000000e+000  -0.000000e+000  -0.000000e+000  -5.333318e-005  -1.057871e-004  2.780279e-006  1.068366e-004  1.989372e-004  3.359291e-004  
-0.000000e+000  -0.000000e+000  -0.000000e+000  -3.470449e-005  -6.881982e-005  -1.116091e-005  4.442343e-005  9.381674e-005  1.676535e-004  
-0.000000e+000  -0.000000e+000  -0.000000e+000  -1.883597e-005  -3.734223e-005  -1.365024e-005  9.419681e-006  3.005941e-005  6.117485e-005  
-0.000000e+000  -0.000000e+000  -0.000000e+000  -9.987164e-006  -1.979508e-005  -1.062090e-005  -1.552012e-006  6.642763e-006  1.914824e-005  
-0.000000e+000  -0.000000e+000  -0.000000e+000  -5.262628e-006  -1.042885e-005  -7.087562e-006  -3.702805e-006  -5.960212e-007  4.234154e-006  
-0.000000e+000  -0.000000e+000  -0.000000e+000  -2.758655e-006  -5.465909e-006  -4.376439e-006  -3.220303e-006  -2.128895e-006  -3.771319e-007  
-0.000000e+000  -0.000000e+000  -0.000000e+000  -1.439680e-006  -2.852149e-006  -2.578679e-006  -2.250857e-006  -1.920717e-006  -1.354288e-006  
-0.000000e+000  -0.000000e+000  -0.000000e+000  -7.484840e-007  -1.482648e-006  -1.472598e-006  -1.425534e-006  -1.361101e-006  -1.222328e-006  
-0.000000e+000  -0.000000e+000  -0.000000e+000  -3.878564e-007  -7.682147e-007  -8.223896e-007  -8.534482e-007  -8.682424e-007  -8.663156e-007  
-0.000000e+000  -0.000000e+000  -0.000000e+000  -2.004073e-007  -3.969054e-007  -4.516755e-007  -4.927266e-007  -5.220982e-007  -5.526603e-007  
-0.000000e+000  -0.000000e+000  -0.000000e+000  -1.032891e-007  -2.045477e-007  -2.448884e-007  -2.773556e-007  -3.023214e-007  -3.323470e-007  
-0.000000e+000  -0.000000e+000  -0.000000e+000  -5.311185e-008  -1.051723e-007  -1.314145e-007  -1.532435e-007  -1.705426e-007  -1.924629e-007  
-0.000000e+000  -0.000000e+000  -0.000000e+000  -2.724520e-008  -5.394775e-008  -6.992933e-008  -8.347996e-008  -9.439844e-008  -1.086113e-007  
-0.000000e+000  -0.000000e+000  -0.000000e+000  -1.393076e-008  -2.758222e-008  -3.695346e-008  -4.500092e-008  -5.155440e-008  -6.022689e-008  
-0.000000e+000  -0.000000e+000  -0.000000e+000  -7.075132e-009  -1.400647e-008  -1.944116e-008  -2.414976e-008  -2.800899e-008  -3.316044e-008  
-0.000000e+000  -0.000000e+000  -0.000000e+000  -3.667359e-009  -7.246606e-009  -1.067074e-008  -1.361272e-008  -1.599544e-008  -1.910820e-008  
-0.000000e+000  -0.000000e+000  -0.000000e+000  -2.634445e-009  -5.100401e-009  -8.127294e-009  -1.045789e-008  -1.219468e-008  -1.427156e-008  
-1.821134e-009  -1.295467e-009  -0.000000e+000  -2.564325e-009  -4.724898e-009  -7.663801e-009  -9.546609e-009  -1.081553e-008  -1.225241e-008  
-5.275810e-009  -4.552251e-009  -0.000000e+000  -3.699538e-009  -6.108109e-009  -8.579825e-009  -9.470323e-009  -9.991079e-009  -1.068409e-008  
-1.175766e-008  -1.348615e-008  -1.483988e-008  -1.705825e-008  -1.655585e-008  -1.149440e-008  -9.914718e-009  -9.403158e-009  -9.385564e-009  
-1.126912e-008  -1.161142e-008  -1.205048e-008  -1.237620e-008  -1.204834e-008  -1.032425e-008  -9.153310e-009  -8.509774e-009  -8.161680e-009  
-9.477749e-009  -9.546179e-009  -9.626846e-009  -9.604357e-009  -9.361527e-009  -8.565443e-009  -7.825402e-009  -7.310289e-009  -6.904005e-009  
-4.440317e-009  -4.430434e-009  -4.402483e-009  -4.352695e-009  -4.277887e-009  -4.119815e-009  -3.949635e-009  -3.800300e-009  -3.607332e-009  
-0.000000e+000  -0.000000e+000  -0.000000e+000  -0.000000e+000  -0.000000e+000  -0.000000e+000  -0.000000e+000  -0.000000e+000  -0.000000e+000  

0.000000e+000  0.000000e+000  0.000000e+000  0.000000e+000  0.000000e+000  0.000000e+000  0.000000e+000  0.000000e+000  0.000000e+000  
0.000000e+000  0.000000e+000  0.000000e+000  0.000000e+000  0.000000e+000  0.000000e+000  0.000000e+000  0.000000e+000  0.000000e+000  
0.000000e+000  0.000000e+000  0.000000e+000  0.000000e+000  0.000000e+000  0.000000e+000  0.000000e+000  0.000000e+000  0.000000e+000  
0.000000e+000  0.000000e+000  0.000000e+000  0.000000e+000  0.000000e+000  0.000000e+000  0.000000e+000  0.000000e+000  0.000000e+000  
0.000000e+000  0.000000e+000  0.000000e+000  0.000000e+000  0.000000e+000  0.000000e+000  0.000000e+000  0.000000e+000  0.000000e+000  
0.000000e+000  0.000000e+000  0.000000e+000  0.000000e+000  0.000000e+000  0.000000e+000  0.000000e+000  0.000000e+000  0.000000e+000  
0.000000e+000  0.000000e+000  0.000000e+000  0.000000e+000  0.000000e+000  0.000000e+000  0.000000e+000  0.000000e+000  0.000000e+000  
0.000000e+000  0.000000e+000  0.000000e+000  0.000000e+000  0.000000e+000  0.000000e+000  0.000000e+000  0.000000e+000  0.000000e+000  
0.000000e+000  0.000000e+000  0.000000e+000  0.000000e+000  0.000000e+000  0.000000e+000  0.000000e+000  0.000000e+000  0.000000e+000  
0.000000e+000  0.000000e+000  0.000000e+000  0.000000e+000  0.000000e+000  0.000000e+000  0.000000e+000  0.000000e+000  0.000000e+000  
0.000000e+000  0.000000e+000  0.000000e+000  0.000000e+000  0.000000e+000  0.000000e+000  0.000000e+000  0.000000e+000  0.000000e+000  
0.000000e+000  0.000000e+000  0.000000e+000  0.000000e+000  0.000000e+000  0.000000e+000  0.000000e+000  0.000000e+000  0.000000e+000  
0.000000e+000  0.000000e+000  0.000000e+000  0.000000e+000  0.000000e+000  0.000000e+000  0.000000e+000  0.000000e+000  0.000000e+000  
0.000000e+000  0.000000e+000  0.000000e+000  0.000000e+000  0.000000e+000  0.000000e+000  0.000000e+000  0.000000e+000  0.000000e+000  
0.000000e+000  0.000000e+000  0.000000e+000  0.000000e+000  0.000000e+000  0.000000e+000  0.000000e+000  0.000000e+000  0.000000e+000  
0.000000e+000  0.000000e+000  0.000000e+000  0.000000e+000  0.000000e+000  0.000000e+000  0.000000e+000  0.000000e+000  0.000000e+000  
0.000000e+000  0.000000e+000  0.000000e+000  0.000000e+000  0.000000e+000  0.000000e+000  0.000000e+000  0.000000e+000  0.000000e+000  
0.000000e+000  0.000000e+000  0.000000e+000  0.000000e+000  0.000000e+000  0.000000e+000  0.000000e+000  0.000000e+000  0.000000e+000  
0.000000e+000  0.000000e+000  0.000000e+000  0.000000e+000  0.000000e+000  0.000000e+000  0.000000e+000  0.000000e+000  0.000000e+000  
0.000000e+000  0.000000e+000  0.000000e+000  0.000000e+000  0.000000e+000  0.000000e+000  0.000000e+000  0.000000e+000  0.000000e+000  
0.000000e+000  0.000000e+000  0.000000e+000  0.000000e+000  0.000000e+000  0.000000e+000  0.000000e+000  0.000000e+000  0.000000e+000  
0.000000e+000  0.000000e+000  0.000000e+000  0.000000e+000  0.000000e+000  0.000000e+000  0.000000e+000  0.000000e+000  0.000000e+000  
0.000000e+000  0.000000e+000  0.000000e+000  0.000000e+000  0.000000e+000  0.000000e+000  0.000000e+000  0.000000e+000  0.000000e+000  
0.000000e+000  0.000000e+000  0.000000e+000  0.000000e+000  0.000000e+000  0.000000e+000  0.000000e+000  0.000000e+000  0.000000e+000  
0.000000e+000  0.000000e+000  0.000000e+000  0.000000e+000  0.000000e+000  0.000000e+000  0.000000e+000  0.000000e+000  0.000000e+000  
0.000000e+000  0.000000e+000  0.000000e+000  0.000000e+000  0.000000e+000  0.000000e+000  0.000000e+000  0.000000e+000  0.000000e+000  
0.000000e+000  0.000000e+000  0.000000e+000  0.000000e+000  0.000000e+000  0.000000e+000  0.000000e+000  0.000000e+000  0.000000e+000  
0.000000e+000  0.000000e+000  0.000000e+000  0.000000e+000  0.000000e+000  0.000000e+000  0.000000e+000  0.000000e+000  0.000000e+000  
0.000000e+000  0.000000e+000  0.000000e+000  0.000000e+000  0.000000e+000  0.000000e+000  0.000000e+000  0.000000e+000  0.000000e+000  
0.000000e+000  0.000000e+000  0.000000e+000  0.000000e+000  0.000000e+000  0.000000e+000  0.000000e+000  0.000000e+000  0.000000e+000  
0.000000e+000  0.000000e+000  0.000000e+000  0.000000e+000  0.000000e+000  0.000000e+000  0.000000e+000  0.000000e+000  0.000000e+000  
0.000000e+000  0.000000e+000  0.000000e+000  0.000000e+000  0.000000e+000  0.000000e+000  0.000000e+000  0.000000e+000  0.000000e+000  
0.000000e+000  0.000000e+000  0.000000e+000  0.000000e+000  0.000000e+000  0.000000e+000  0.000000e+000  0.000000e+000  0.000000e+000  
0.000000e+000  0.000000e+000  0.000000e+000  0.000000e+000  0.000000e+000  0.000000e+000  0.000000e+000  0.000000e+000  0.000000e+000  
0.000000e+000  0.000000e+000  0.000000e+000  0.000000e+000  0.000000e+000  0.000000e+000  0.000000e+000  0.000000e+000  0.000000e+000  
0.000000e+000  0.000000e+000  0.000000e+000  0.000000e+000  0.000000e+000  0.000000e+000  0.000000e+000  0.000000e+000  0.000000e+000  
0.000000e+000  0.000000e+000  0.000000e+000  0.000000e+000  0.000000e+000  0.000000e+000  0.000000e+000  0.000000e+000  0.000000e+000  
0.000000e+000  0.000000e+000  0.000000e+000  0.000000e+000  0.000000e+000  0.000000e+000  0.000000e+000  0.000000e+000  0.000000e+000  
0.000000e+000  0.000000e+000  0.000000e+000  0.000000e+000  0.000000e+000  0.000000e+000  0.000000e+000  0.000000e+000  0.000000e+000  
0.000000e+000  0.000000e+000  0.000000e+000  0.000000e+000  0.000000e+000  0.000000e+000  0.000000e+000  0.000000e+000  0.000000e+000  
0.000000e+000  0.000000e+000  0.000000e+000  0.000000e+000  0.000000e+000  0.000000e+000  0.000000e+000  0.000000e+000  0.000000e+000  
0.000000e+000  0.000000e+000  0.000000e+000  0.000000e+000  0.000000e+000  0.000000e+000  0.000000e+000  0.000000e+000  0.000000e+000  
0.000000e+000  0.000000e+000  0.000000e+000  0.000000e+000  0.000000e+000  0.000000e+000  0.000000e+000  0.000000e+000  0.000000e+000  
0.000000e+000  0.000000e+000  0.000000e+000  0.000000e+000  0.000000e+000  0.000000e+000  0.000000e+000  0.000000e+000  0.000000e+000  
0.000000e+000  0.000000e+000  0.000000e+000  0.000000e+000  0.000000e+000  0.000000e+000  0.000000e+000  0.000000e+000  0.000000e+000  
0.000000e+000  0.000000e+000  0.000000e+000  0.000000e+000  0.000000e+000  0.000000e+000  0.000000e+000  0.000000e+000  0.000000e+000  
0.000000e+000  0.000000e+000  0.000000e+000  0.000000e+000  0.000000e+000  0.000000e+000  0.000000e+000  0.000000e+000  0.000000e+000  
0.000000e+000  0.000000e+000  0.000000e+000  0.000000e+000  0.000000e+000  0.000000e+000  0.000000e+000  0.000000e+000  0.000000e+000  
0.000000e+000  0.000000e+000  0.000000e+000  0.000000e+000  0.000000e+000  0.000000e+000  0.000000e+000  0.000000e+000  0.000000e+000  
0.000000e+000  0.000000e+000  0.000000e+000  0.000000e+000  0.000000e+000  0.000000e+000  0.000000e+000  0.000000e+000  0.000000e+000  
0.000000e+000  0.000000e+000  0.000000e+000  0.000000e+000  0.000000e+000  0.000000e+000  0.000000e+000  0.000000e+000  0.000000e+000  
0.000000e+000  0.000000e+000  0.000000e+000  0.000000e+000  0.000000e+000  0.000000e+000  0.000000e+000  0.000000e+000  0.000000e+000  
0.000000e+000  0.000000e+000  0.000000e+000  0.000000e+000  0.000000e+000  0.000000e+000  0.000000e+000  0.000000e+000  0.000000e+000  
0.000000e+000  0.000000e+000  0.000000e+000  0.000000e+000  0.000000e+000  0.000000e+000  0.000000e+000  0.000000e+000  0.000000e+000  
0.000000e+000  0.000000e+000  0.000000e+000  0.000000e+000  0.000000e+000  0.000000e+000  0.000000e+000  0.000000e+000  0.000000e+000  
0.000000e+000  0.000000e+000  0.000000e+000  0.000000e+000  0.000000e+000  0.000000e+000  0.000000e+000  0.000000e+000  0.000000e+000  
0.000000e+000  0.000000e+000  0.000000e+000  0.000000e+000  0.000000e+000  0.000000e+000  0.000000e+000  0.000000e+000  0.000000e+000  
0.000000e+000  0.000000e+000  0.000000e+000  0.000000e+000  0.000000e+000  0.000000e+000  0.000000e+000  0.000000e+000  0.000000e+000  
0.000000e+000  0.000000e+000  0.000000e+000  0.000000e+000  0.000000e+000  0.000000e+000  0.000000e+000  0.000000e+000  0.000000e+000  
0.000000e+000  0.000000e+000  0.000000e+000  0.000000e+000  0.000000e+000  0.000000e+000  0.000000e+000  0.000000e+000  0.000000e+000  
0.000000e+000  0.000000e+000  0.000000e+000  0.000000e+000  0.000000e+000  0.000000e+000  0.000000e+000  0.000000e+000  0.000000e+000  
0.000000e+000  0.000000e+000  0.000000e+000  0.000000e+000  0.000000e+000  0.000000e+000  0.000000e+000  0.000000e+000  0.000000e+000  
0.000000e+000  0.000000e+000  0.000000e+000  0.000000e+000  0.000000e+000  0.000000e+000  0.000000e+000  0.000000e+000  0.000000e+000  
0.000000e+000  0.000000e+000  0.000000e+000  0.000000e+000  0.000000e+000  0.000000e+000  0.000000e+000  0.000000e+000  0.000000e+000  
0.000000e+000  0.000000e+000  0.000000e+000  0.000000e+000  0.000000e+000  0.000000e+000  0.000000e+000  0.000000e+000  0.000000e+000  
0.000000e+000  0.000000e+000  0.000000e+000  0.000000e+000  0.000000e+000  0.000000e+000  0.000000e+000  0.000000e+000  0.000000e+000  
0.000000e+000  0.000000e+000  0.000000e+000  0.000000e+000  0.000000e+000  0.000000e+000  0.000000e+000  0.000000e+000  0.000000e+000  
0.000000e+000  0.000000e+000  0.000000e+000  0.000000e+000  0.000000e+000  0.000000e+000  0.000000e+000  0.000000e+000  0.000000e+000  
0.000000e+000  0.000000e+000  0.000000e+000  0.000000e+000  0.000000e+000  0.000000e+000  0.000000e+000  0.000000e+000  0.000000e+000  
0.000000e+000  0.000000e+000  0.000000e+000  0.000000e+000  0.000000e+000  0.000000e+000  0.000000e+000  0.000000e+000  0.000000e+000  
0.000000e+000  0.000000e+000  0.000000e+000  0.000000e+000  0.000000e+000  0.000000e+000  0.000000e+000  0.000000e+000  0.000000e+000  
0.000000e+000  0.000000e+000  0.000000e+000  0.000000e+000  0.000000e+000  0.000000e+000  0.000000e+000  0.000000e+000  0.000000e+000  
0.000000e+000  0.000000e+000  0.000000e+000  0.000000e+000  0.000000e+000  0.000000e+000  0.000000e+000  0.000000e+000  0.000000e+000  
0.000000e+000  0.000000e+000  0.000000e+000  0.000000e+000  0.000000e+000  0.000000e+000  0.000000e+000  0.000000e+000  0.000000e+000  
0.000000e+000  0.000000e+000  0.000000e+000  0.000000e+000  0.000000e+000  0.000000e+000  0.000000e+000  0.000000e+000  0.000000e+000  
0.000000e+000  0.000000e+000  0.000000e+000  0.000000e+000  0.000000e+000  0.000000e+000  0.000000e+000  0.000000e+000  0.000000e+000  
0.000000e+000  0.000000e+000  0.000000e+000  0.000000e+000  0.000000e+000  0.000000e+000  0.000000e+000  0.000000e+000  0.000000e+000  
0.000000e+000  0.000000e+000  0.000000e+000  0.000000e+000  0.000000e+000  0.000000e+000  0.000000e+000  0.000000e+000  0.000000e+000  
0.000000e+000  0.000000e+000  0.000000e+000  0.000000e+000  0.000000e+000  0.000000e+000  0.000000e+000  0.000000e+000  0.000000e+000  
0.000000e+000  0.000000e+000  0.000000e+000  0.000000e+000  0.000000e+000  0.000000e+000  0.000000e+000  0.000000e+000  0.000000e+000  
0.000000e+000  0.000000e+000  0.000000e+000  0.000000e+000  0.000000e+000  0.000000e+000  0.000000e+000  0.000000e+000  0.000000e+000  
0.000000e+000  0.000000e+000  0.000000e+000  0.000000e+000  0.000000e+000  0.000000e+000  0.000000e+000  0.000000e+000  0.000000e+000  
0.000000e+000  0.000000e+000  0.000000e+000  0.000000e+000  0.000000e+000  0.000000e+000  0.000000e+000  0.000000e+000  0.000000e+000  
0.000000e+000  0.000000e+000  0.000000e+000  0.000000e+000  0.000000e+000  0.000000e+000  0.000000e+000  0.000000e+000  0.000000e+000  
0.000000e+000  0.000000e+000  0.000000e+000  0.000000e+000  0.000000e+000  0.000000e+000  0.000000e+000  0.000000e+000  0.000000e+000  
0.000000e+000  0.000000e+000  0.000000e+000  0.000000e+000  0.000000e+000  0.000000e+000  0.000000e+000  0.000000e+000  0.000000e+000  
0.000000e+000  0.000000e+000  0.000000e+000  0.000000e+000  0.000000e+000  0.000000e+000  0.000000e+000  0.000000e+000  0.000000e+000  
0.000000e+000  0.000000e+000  0.000000e+000  0.000000e+000  0.000000e+000  0.000000e+000  0.000000e+000  0.000000e+000  0.000000e+000  
0.000000e+000  0.000000e+000  0.000000e+000  0.000000e+000  0.000000e+000  0.000000e+000  0.000000e+000  0.000000e+000  0.000000e+000  
0.000000e+000  0.000000e+000  0.000000e+000  0.000000e+000  0.000000e+000  0.000000e+000  0.000000e+000  0.000000e+000  0.000000e+000  
0.000000e+000  0.000000e+000  0.000000e+000  0.000000e+000  0.000000e+000  0.000000e+000  0.000000e+000  0.000000e+000  0.000000e+000  
0.000000e+000  0.000000e+000  0.000000e+000  0.000000e+000  0.000000e+000  0.000000e+000  0.000000e+000  0.000000e+000  0.000000e+000  
0.000000e+000  0.000000e+000  0.000000e+000  0.000000e+000  0.000000e+000  0.000000e+000  0.000000e+000  0.000000e+000  0.000000e+000  
0.000000e+000  0.000000e+000  0.000000e+000  0.000000e+000  0.000000e+000  0.000000e+000  0.000000e+000  0.000000e+000  0.000000e+000  
0.000000e+000  0.000000e+000  0.000000e+000  0.000000e+000  0.000000e+000  0.000000e+000  0.000000e+000  0.000000e+000  0.000000e+000  
0.000000e+000  0.000000e+000  0.000000e+000  0.000000e+000  0.000000e+000  0.000000e+000  0.000000e+000  0.000000e+000  0.000000e+000  
0.000000e+000  0.000000e+000  0.000000e+000  0.000000e+000  0.000000e+000  0.000000e+000  0.000000e+000  0.000000e+000  0.000000e+000  
0.000000e+000  0.000000e+000  0.000000e+000  0.000000e+000  0.000000e+000  0.000000e+000  0.000000e+000  0.000000e+000  0.000000e+000  
0.000000e+000  0.000000e+000  0.000000e+000  0.000000e+000  0.000000e+000  0.000000e+000  0.000000e+000  0.000000e+000  0.000000e+000  
0.000000e+000  0.000000e+000  0.000000e+000  0.000000e+000  0.000000e+000  0.000000e+000  0.000000e+000  0.000000e+000  0.000000e+000  
0.000000e+000  0.000000e+000  0.000000e+000  0.000000e+000  0.000000e+000  0.000000e+000  0.000000e+000  0.000000e+000  0.000000e+000  
0.000000e+000  0.000000e+000  0.000000e+000  0.000000e+000  0.000000e+000  0.000000e+000  0.000000e+000  0.000000e+000  0.000000e+000  
0.000000e+000  0.000000e+000  0.000000e+000  0.000000e+000  0.000000e+000  0.000000e+000  0.000000e+000  0.000000e+000  0.000000e+000  
0.000000e+000  0.000000e+000  0.000000e+000  0.000000e+000  0.000000e+000  0.000000e+000  0.000000e+000  0.000000e+000  0.000000e+000  
0.000000e+000  0.000000e+000  0.000000e+000  0.000000e+000  0.000000e+000  0.000000e+000  0.000000e+000  0.000000e+000  0.000000e+000  
0.000000e+000  0.000000e+000  0.000000e+000  0.000000e+000  0.000000e+000  0.000000e+000  0.000000e+000  0.000000e+000  0.000000e+000  

0.000000e+000  0.000000e+000  0.000000e+000  0.000000e+000  0.000000e+000  0.000000e+000  0.000000e+000  0.000000e+000  0.000000e+000  
0.000000e+000  0.000000e+000  0.000000e+000  0.000000e+000  0.000000e+000  0.000000e+000  0.000000e+000  0.000000e+000  0.000000e+000  
0.000000e+000  0.000000e+000  0.000000e+000  0.000000e+000  0.000000e+000  0.000000e+000  0.000000e+000  0.000000e+000  0.000000e+000  
0.000000e+000  0.000000e+000  0.000000e+000  0.000000e+000  0.000000e+000  0.000000e+000  0.000000e+000  0.000000e+000  0.000000e+000  
0.000000e+000  0.000000e+000  0.000000e+000  0.000000e+000  0.000000e+000  0.000000e+000  0.000000e+000  0.000000e+000  0.000000e+000  
0.000000e+000  0.000000e+000  0.000000e+000  0.000000e+000  0.000000e+000  0.000000e+000  0.000000e+000  0.000000e+000  0.000000e+000  
0.000000e+000  0.000000e+000  0.000000e+000  0.000000e+000  0.000000e+000  0.000000e+000  0.000000e+000  0.000000e+000  0.000000e+000  
0.000000e+000  0.000000e+000  0.000000e+000  0.000000e+000  0.000000e+000  0.000000e+000  0.000000e+000  0.000000e+000  0.000000e+000  
0.000000e+000  0.000000e+000  0.000000e+000  0.000000e+000  0.000000e+000  0.000000e+000  0.000000e+000  0.000000e+000  0.000000e+000  
0.000000e+000  0.000000e+000  0.000000e+000  0.000000e+000  0.000000e+000  0.000000e+000  0.000000e+000  0.000000e+000  0.000000e+000  
0.000000e+000  0.000000e+000  0.000000e+000  0.000000e+000  0.000000e+000  0.000000e+000  0.000000e+000  0.000000e+000  0.000000e+000  
0.000000e+000  0.000000e+000  0.000000e+000  0.000000e+000  0.000000e+000  0.000000e+000  0.000000e+000  0.000000e+000  0.000000e+000  
0.000000e+000  0.000000e+000  0.000000e+000  0.000000e+000  0.000000e+000  0.000000e+000  0.000000e+000  0.000000e+000  0.000000e+000  
0.000000e+000  0.000000e+000  0.000000e+000  0.000000e+000  0.000000e+000  0.000000e+000  0.000000e+000  0.000000e+000  0.000000e+000  
0.000000e+000  0.000000e+000  0.000000e+000  0.000000e+000  0.000000e+000  0.000000e+000  0.000000e+000  0.000000e+000  0.000000e+000  
0.000000e+000  0.000000e+000  0.000000e+000  0.000000e+000  0.000000e+000  0.000000e+000  0.000000e+000  0.000000e+000  0.000000e+000  
0.000000e+000  0.000000e+000  0.000000e+000  0.000000e+000  0.000000e+000  0.000000e+000  0.000000e+000  0.000000e+000  0.000000e+000  
0.000000e+000  0.000000e+000  0.000000e+000  0.000000e+000  0.000000e+000  0.000000e+000  0.000000e+000  0.000000e+000  0.000000e+000  
0.000000e+000  0.000000e+000  0.000000e+000  0.000000e+000  0.000000e+000  0.000000e+000  0.000000e+000  0.000000e+000  0.000000e+000  
0.000000e+000  0.000000e+000  0.000000e+000  0.000000e+000  0.000000e+000  0.000000e+000  0.000000e+000  0.000000e+000  0.000000e+000  
0.000000e+000  0.000000e+000  0.000000e+000  0.000000e+000  0.000000e+000  0.000000e+000  0.000000e+000  0.000000e+000  0.000000e+000  
0.000000e+000  0.000000e+000  0.000000e+000  0.000000e+000  0.000000e+000  0.000000e+000  0.000000e+000  0.000000e+000  0.000000e+000  
0.000000e+000  0.000000e+000  0.000000e+000  0.000000e+000  0.000000e+000  0.000000e+000  0.000000e+000  0.000000e+000  0.000000e+000  
0.000000e+000  0.000000e+000  0.000000e+000  0.000000e+000  0.000000e+000  0.000000e+000  0.000000e+000  0.000000e+000  0.000000e+000  
0.000000e+000  0.000000e+000  0.000000e+000  0.000000e+000  0.000000e+000  0.000000e+000  0.000000e+000  0.000000e+000  0.000000e+000  
0.000000e+000  0.000000e+000  0.000000e+000  0.000000e+000  0.000000e+000  0.000000e+000  0.000000e+000  0.000000e+000  0.000000e+000  
0.000000e+000  0.000000e+000  0.000000e+000  0.000000e+000  0.000000e+000  0.000000e+000  0.000000e+000  0.000000e+000  0.000000e+000  
0.000000e+000  0.000000e+000  0.000000e+000  0.000000e+000  0.000000e+000  0.000000e+000  0.000000e+000  0.000000e+000  0.000000e+000  
0.000000e+000  0.000000e+000  0.000000e+000  0.000000e+000  0.000000e+000  0.000000e+000  0.000000e+000  0.000000e+000  0.000000e+000  
0.000000e+000  0.000000e+000  0.000000e+000  0.000000e+000  0.000000e+000  0.000000e+000  0.000000e+000  0.000000e+000  0.000000e+000  
0.000000e+000  0.000000e+000  0.000000e+000  0.000000e+000  0.000000e+000  0.000000e+000  0.000000e+000  0.000000e+000  0.000000e+000  
0.000000e+000  0.000000e+000  0.000000e+000  0.000000e+000  0.000000e+000  0.000000e+000  0.000000e+000  0.000000e+000  0.000000e+000  
0.000000e+000  0.000000e+000  0.000000e+000  0.000000e+000  0.000000e+000  0.000000e+000  0.000000e+000  0.000000e+000  0.000000e+000  
0.000000e+000  0.000000e+000  0.000000e+000  0.000000e+000  0.000000e+000  0.000000e+000  0.000000e+000  0.000000e+000  0.000000e+000  
0.000000e+000  0.000000e+000  0.000000e+000  0.000000e+000  0.000000e+000  0.000000e+000  0.000000e+000  0.000000e+000  0.000000e+000  
0.000000e+000  0.000000e+000  0.000000e+000  0.000000e+000  0.000000e+000  0.000000e+000  0.000000e+000  0.000000e+000  0.000000e+000  
0.000000e+000  0.000000e+000  0.000000e+000  0.000000e+000  0.000000e+000  0.000000e+000  0.000000e+000  0.000000e+000  0.000000e+000  
0.000000e+000  0.000000e+000  0.000000e+000  0.000000e+000  0.000000e+000  0.000000e+000  0.000000e+000  0.000000e+000  0.000000e+000  
0.000000e+000  0.000000e+000  0.000000e+000  0.000000e+000  0.000000e+000  0.000000e+000  0.000000e+000  0.000000e+000  0.000000e+000  
0.000000e+000  0.000000e+000  0.000000e+000  0.000000e+000  0.000000e+000  0.000000e+000  0.000000e+000  0.000000e+000  0.000000e+000  
0.000000e+000  0.000000e+000  0.000000e+000  0.000000e+000  0.000000e+000  0.000000e+000  0.000000e+000  0.000000e+000  0.000000e+000  
0.000000e+000  0.000000e+000  0.000000e+000  0.000000e+000  0.000000e+000  0.000000e+000  0.000000e+000  0.000000e+000  0.000000e+000  
0.000000e+000  0.000000e+000  0.000000e+000  0.000000e+000  0.000000e+000  0.000000e+000  0.000000e+000  0.000000e+000  0.000000e+000  
0.000000e+000  0.000000e+000  0.000000e+000  0.000000e+000  0.000000e+000  0.000000e+000  0.000000e+000  0.000000e+000  0.000000e+000  
0.000000e+000  0.000000e+000  0.000000e+000  0.000000e+000  0.000000e+000  0.000000e+000  0.000000e+000  0.000000e+000  0.000000e+000  
0.000000e+000  0.000000e+000  0.000000e+000  0.000000e+000  0.000000e+000  0.000000e+000  0.000000e+000  0.000000e+000  0.000000e+000  
0.000000e+000  0.000000e+000  0.000000e+000  0.000000e+000  0.000000e+000  0.000000e+000  0.000000e+000  0.000000e+000  0.000000e+000  
0.000000e+000  0.000000e+000  0.000000e+000  0.000000e+000  0.000000e+000  0.000000e+000  0.000000e+000  0.000000e+000  0.000000e+000  
0.000000e+000  0.000000e+000  0.000000e+000  0.000000e+000  0.000000e+000  0.000000e+000  0.000000e+000  0.000000e+000  0.000000e+000  
0.000000e+000  0.000000e+000  0.000000e+000  0.000000e+000  0.000000e+000  0.000000e+000  0.000000e+000  0.000000e+000  0.000000e+000  
0.000000e+000  0.000000e+000  0.000000e+000  0.000000e+000  0.000000e+000  0.000000e+000  0.000000e+000  0.000000e+000  0.000000e+000  
0.000000e+000  0.000000e+000  0.000000e+000  0.000000e+000  0.000000e+000  0.000000e+000  0.000000e+000  0.000000e+000  0.000000e+000  
0.000000e+000  0.000000e+000  0.000000e+000  0.000000e+000  0.000000e+000  0.000000e+000  0.000000e+000  0.000000e+000  0.000000e+000  
0.000000e+000  0.000000e+000  0.000000e+000  0.000000e+000  0.000000e+000  0.000000e+000  0.000000e+000  0.000000e+000  0.000000e+000  
0.000000e+000  0.000000e+000  0.000000e+000  0.000000e+000  0.000000e+000  0.000000e+000  0.000000e+000  0.000000e+000  0.000000e+000  
0.000000e+000  0.000000e+000  0.000000e+000  0.000000e+000  0.000000e+000  0.000000e+000  0.000000e+000  0.000000e+000  0.000000e+000  
0.000000e+000  0.000000e+000  0.000000e+000  0.000000e+000  0.000000e+000  0.000000e+000  0.000000e+000  0.000000e+000  0.000000e+000  
0.000000e+000  0.000000e+000  0.000000e+000  0.000000e+000  0.000000e+000  0.000000e+000  0.000000e+000  0.000000e+000  0.000000e+000  
0.000000e+000  0.000000e+000  0.000000e+000  0.000000e+000  0.000000e+000  0.000000e+000  0.000000e+000  0.000000e+000  0.000000e+000  
0.000000e+000  0.000000e+000  0.000000e+000  0.000000e+000  0.000000e+000  0.000000e+000  0.000000e+000  0.000000e+000  0.000000e+000  
0.000000e+000  0.000000e+000  0.000000e+000  0.000000e+000  0.000000e+000  0.000000e+000  0.000000e+000  0.000000e+000  0.000000e+000  
0.000000e+000  0.000000e+000  0.000000e+000  0.000000e+000  0.000000e+000  0.000000e+000  0.000000e+000  0.000000e+000  0.000000e+000  
0.000000e+000  0.000000e+000  0.000000e+000  0.000000e+000  0.000000e+000  0.000000e+000  0.000000e+000  0.000000e+000  0.000000e+000  
0.000000e+000  0.000000e+000  0.000000e+000  0.000000e+000  0.000000e+000  0.000000e+000  0.000000e+000  0.000000e+000  0.000000e+000  
0.000000e+000  0.000000e+000  0.000000e+000  0.000000e+000  0.000000e+000  0.000000e+000  0.000000e+000  0.000000e+000  0.000000e+000  
0.000000e+000  0.000000e+000  0.000000e+000  0.000000e+000  0.000000e+000  0.000000e+000  0.000000e+000  0.000000e+000  0.000000e+000  
0.000000e+000  0.000000e+000  0.000000e+000  0.000000e+000  0.000000e+000  0.000000e+000  0.000000e+000  0.000000e+000  0.000000e+000  
0.000000e+000  0.000000e+000  0.000000e+000  0.000000e+000  0.000000e+000  0.000000e+000  0.000000e+000  0.000000e+000  0.000000e+000  
0.000000e+000  0.000000e+000  0.000000e+000  0.000000e+000  0.000000e+000  0.000000e+000  0.000000e+000  0.000000e+000  0.000000e+000  
0.000000e+000  0.000000e+000  0.000000e+000  0.000000e+000  0.000000e+000  0.000000e+000  0.000000e+000  0.000000e+000  0.000000e+000  
0.000000e+000  0.000000e+000  0.000000e+000  0.000000e+000  0.000000e+000  0.000000e+000  0.000000e+000  0.000000e+000  0.000000e+000  
0.000000e+000  0.000000e+000  0.000000e+000  0.000000e+000  0.000000e+000  0.000000e+000  0.000000e+000  0.000000e+000  0.000000e+000  
0.000000e+000  0.000000e+000  0.000000e+000  0.000000e+000  0.000000e+000  0.000000e+000  0.000000e+000  0.000000e+000  0.000000e+000  
0.000000e+000  0.000000e+000  0.000000e+000  0.000000e+000  0.000000e+000  0.000000e+000  0.000000e+000  0.000000e+000  0.000000e+000  
0.000000e+000  0.000000e+000  0.000000e+000  0.000000e+000  0.000000e+000  0.000000e+000  0.000000e+000  0.000000e+000  0.000000e+000  
0.000000e+000  0.000000e+000  0.000000e+000  0.000000e+000  0.000000e+000  0.000000e+000  0.000000e+000  0.000000e+000  0.000000e+000  
0.000000e+000  0.000000e+000  0.000000e+000  0.000000e+000  0.000000e+000  0.000000e+000  0.000000e+000  0.000000e+000  0.000000e+000  
0.000000e+000  0.000000e+000  0.000000e+000  0.000000e+000  0.000000e+000  0.000000e+000  0.000000e+000  0.000000e+000  0.000000e+000  
0.000000e+000  0.000000e+000  0.000000e+000  0.000000e+000  0.000000e+000  0.000000e+000  0.000000e+000  0.000000e+000  0.000000e+000  
0.000000e+000  0.000000e+000  0.000000e+000  0.000000e+000  0.000000e+000  0.000000e+000  0.000000e+000  0.000000e+000  0.000000e+000  
0.000000e+000  0.000000e+000  0.000000e+000  0.000000e+000  0.000000e+000  0.000000e+000  0.000000e+000  0.000000e+000  0.000000e+000  
0.000000e+000  0.000000e+000  0.000000e+000  0.000000e+000  0.000000e+000  0.000000e+000  0.000000e+000  0.000000e+000  0.000000e+000  
0.000000e+000  0.000000e+000  0.000000e+000  0.000000e+000  0.000000e+000  0.000000e+000  0.000000e+000  0.000000e+000  0.000000e+000  
0.000000e+000  0.000000e+000  0.000000e+000  0.000000e+000  0.000000e+000  0.000000e+000  0.000000e+000  0.000000e+000  0.000000e+000  
0.000000e+000  0.000000e+000  0.000000e+000  0.000000e+000  0.000000e+000  0.000000e+000  0.000000e+000  0.000000e+000  0.000000e+000  
0.000000e+000  0.000000e+000  0.000000e+000  0.000000e+000  0.000000e+000  0.000000e+000  0.000000e+000  0.000000e+000  0.000000e+000  
0.000000e+000  0.000000e+000  0.000000e+000  0.000000e+000  0.000000e+000  0.000000e+000  0.000000e+000  0.000000e+000  0.000000e+000  
0.000000e+000  0.000000e+000  0.000000e+000  0.000000e+000  0.000000e+000  0.000000e+000  0.000000e+000  0.000000e+000  0.000000e+000  
0.000000e+000  0.000000e+000  0.000000e+000  0.000000e+000  0.000000e+000  0.000000e+000  0.000000e+000  0.000000e+000  0.000000e+000  
0.000000e+000  0.000000e+000  0.000000e+000  0.000000e+000  0.000000e+000  0.000000e+000  0.000000e+000  0.000000e+000  0.000000e+000  
0.000000e+000  0.000000e+000  0.000000e+000  0.000000e+000  0.000000e+000  0.000000e+000  0.000000e+000  0.000000e+000  0.000000e+000  
0.000000e+000  0.000000e+000  0.000000e+000  0.000000e+000  0.000000e+000  0.000000e+000  0.000000e+000  0.000000e+000  0.000000e+000  
0.000000e+000  0.000000e+000  0.000000e+000  0.000000e+000  0.000000e+000  0.000000e+000  0.000000e+000  0.000000e+000  0.000000e+000  
0.000000e+000  0.000000e+000  0.000000e+000  0.000000e+000  0.000000e+000  0.000000e+000  0.000000e+000  0.000000e+000  0.000000e+000  
0.000000e+000  0.000000e+000  0.000000e+000  0.000000e+000  0.000000e+000  0.000000e+000  0.000000e+000  0.000000e+000  0.000000e+000  
0.000000e+000  0.000000e+000  0.000000e+000  0.000000e+000  0.000000e+000  0.000000e+000  0.000000e+000  0.000000e+000  0.000000e+000  
0.000000e+000  0.000000e+000  0.000000e+000  0.000000e+000  0.000000e+000  0.000000e+000  0.000000e+000  0.000000e+000  0.000000e+000  
0.000000e+000  0.000000e+000  0.000000e+000  0.000000e+000  0.000000e+000  0.000000e+000  0.000000e+000  0.000000e+000  0.000000e+000  
0.000000e+000  0.000000e+000  0.000000e+000  0.000000e+000  0.000000e+000  0.000000e+000  0.000000e+000  0.000000e+000  0.000000e+000  
0.000000e+000  0.000000e+000  0.000000e+000  0.000000e+000  0.000000e+000  0.000000e+000  0.000000e+000  0.000000e+000  0.000000e+000  
0.000000e+000  0.000000e+000  0.000000e+000  0.000000e+000  0.000000e+000  0.000000e+000  0.000000e+000  0.000000e+000  0.000000e+000  
0.000000e+000  0.000000e+000  0.000000e+000  0.000000e+000  0.000000e+000  0.000000e+000  0.000000e+000  0.000000e+000  0.000000e+000  
0.000000e+000  0.000000e+000  0.000000e+000  0.000000e+000  0.000000e+000  0.000000e+000  0.000000e+000  0.000000e+000  0.000000e+000  
0.000000e+000  0.000000e+000  0.000000e+000  0.000000e+000  0.000000e+000  0.000000e+000  0.000000e+000  0.000000e+000  0.000000e+000  
0.000000e+000  0.000000e+000  0.000000e+000  0.000000e+000  0.000000e+000  0.000000e+000  0.000000e+000  0.000000e+000  0.000000e+000  
0.000000e+000  0.000000e+000  0.000000e+000  0.000000e+000  0.000000e+000  0.000000e+000  0.000000e+000  0.000000e+000  0.000000e+000  

0.000000e+000  0.000000e+000  0.000000e+000  0.000000e+000  0.000000e+000  0.000000e+000  0.000000e+000  0.000000e+000  0.000000e+000  
0.000000e+000  0.000000e+000  0.000000e+000  0.000000e+000  0.000000e+000  0.000000e+000  0.000000e+000  0.000000e+000  0.000000e+000  
0.000000e+000  0.000000e+000  0.000000e+000  0.000000e+000  0.000000e+000  0.000000e+000  0.000000e+000  0.000000e+000  0.000000e+000  
0.000000e+000  0.000000e+000  0.000000e+000  0.000000e+000  0.000000e+000  0.000000e+000  0.000000e+000  0.000000e+000  0.000000e+000  
0.000000e+000  0.000000e+000  0.000000e+000  0.000000e+000  0.000000e+000  0.000000e+000  0.000000e+000  0.000000e+000  0.000000e+000  
0.000000e+000  0.000000e+000  0.000000e+000  0.000000e+000  0.000000e+000  0.000000e+000  0.000000e+000  0.000000e+000  0.000000e+000  
0.000000e+000  0.000000e+000  0.000000e+000  0.000000e+000  0.000000e+000  0.000000e+000  0.000000e+000  0.000000e+000  0.000000e+000  
0.000000e+000  0.000000e+000  0.000000e+000  0.000000e+000  0.000000e+000  0.000000e+000  0.000000e+000  0.000000e+000  0.000000e+000  
0.000000e+000  0.000000e+000  0.000000e+000  0.000000e+000  0.000000e+000  0.000000e+000  0.000000e+000  0.000000e+000  0.000000e+000  
0.000000e+000  0.000000e+000  0.000000e+000  0.000000e+000  0.000000e+000  0.000000e+000  0.000000e+000  0.000000e+000  0.000000e+000  
0.000000e+000  0.000000e+000  0.000000e+000  0.000000e+000  0.000000e+000  0.000000e+000  0.000000e+000  0.000000e+000  0.000000e+000  
0.000000e+000  0.000000e+000  0.000000e+000  0.000000e+000  0.000000e+000  0.000000e+000  0.000000e+000  0.000000e+000  0.000000e+000  
0.000000e+000  0.000000e+000  0.000000e+000  0.000000e+000  0.000000e+000  0.000000e+000  0.000000e+000  0.000000e+000  0.000000e+000  
0.000000e+000  0.000000e+000  0.000000e+000  0.000000e+000  0.000000e+000  0.000000e+000  0.000000e+000  0.000000e+000  0.000000e+000  
0.000000e+000  0.000000e+000  0.000000e+000  0.000000e+000  0.000000e+000  0.000000e+000  0.000000e+000  0.000000e+000  0.000000e+000  
0.000000e+000  0.000000e+000  0.000000e+000  0.000000e+000  0.000000e+000  0.000000e+000  0.000000e+000  0.000000e+000  0.000000e+000  
0.000000e+000  0.000000e+000  0.000000e+000  0.000000e+000  0.000000e+000  0.000000e+000  0.000000e+000  0.000000e+000  0.000000e+000  
0.000000e+000  0.000000e+000  0.000000e+000  0.000000e+000  0.000000e+000  0.000000e+000  0.000000e+000  0.000000e+000  0.000000e+000  
0.000000e+000  0.000000e+000  0.000000e+000  0.000000e+000  0.000000e+000  0.000000e+000  0.000000e+000  0.000000e+000  0.000000e+000  
0.000000e+000  0.000000e+000  0.000000e+000  0.000000e+000  0.000000e+000  0.000000e+000  0.000000e+000  0.000000e+000  0.000000e+000  
0.000000e+000  0.000000e+000  0.000000e+000  0.000000e+000  0.000000e+000  0.000000e+000  0.000000e+000  0.000000e+000  0.000000e+000  
0.000000e+000  0.000000e+000  0.000000e+000  0.000000e+000  0.000000e+000  0.000000e+000  0.000000e+000  0.000000e+000  0.000000e+000  
0.000000e+000  0.000000e+000  0.000000e+000  0.000000e+000  0.000000e+000  0.000000e+000  0.000000e+000  0.000000e+000  0.000000e+000  
0.000000e+000  0.000000e+000  0.000000e+000  0.000000e+000  0.000000e+000  0.000000e+000  0.000000e+000  0.000000e+000  0.000000e+000  
0.000000e+000  0.000000e+000  0.000000e+000  0.000000e+000  0.000000e+000  0.000000e+000  0.000000e+000  0.000000e+000  0.000000e+000  
0.000000e+000  0.000000e+000  0.000000e+000  0.000000e+000  0.000000e+000  0.000000e+000  0.000000e+000  0.000000e+000  0.000000e+000  
0.000000e+000  0.000000e+000  0.000000e+000  0.000000e+000  0.000000e+000  0.000000e+000  0.000000e+000  0.000000e+000  0.000000e+000  
0.000000e+000  0.000000e+000  0.000000e+000  0.000000e+000  0.000000e+000  0.000000e+000  0.000000e+000  0.000000e+000  0.000000e+000  
0.000000e+000  0.000000e+000  0.000000e+000  0.000000e+000  0.000000e+000  0.000000e+000  0.000000e+000  0.000000e+000  0.000000e+000  
0.000000e+000  0.000000e+000  0.000000e+000  0.000000e+000  0.000000e+000  0.000000e+000  0.000000e+000  0.000000e+000  0.000000e+000  
0.000000e+000  0.000000e+000  0.000000e+000  0.000000e+000  0.000000e+000  0.000000e+000  0.000000e+000  0.000000e+000  0.000000e+000  
0.000000e+000  0.000000e+000  0.000000e+000  0.000000e+000  0.000000e+000  0.000000e+000  0.000000e+000  0.000000e+000  0.000000e+000  
0.000000e+000  0.000000e+000  0.000000e+000  0.000000e+000  0.000000e+000  0.000000e+000  0.000000e+000  0.000000e+000  0.000000e+000  
0.000000e+000  0.000000e+000  0.000000e+000  0.000000e+000  0.000000e+000  0.000000e+000  0.000000e+000  0.000000e+000  0.000000e+000  
0.000000e+000  0.000000e+000  0.000000e+000  0.000000e+000  0.000000e+000  0.000000e+000  0.000000e+000  0.000000e+000  0.000000e+000  
0.000000e+000  0.000000e+000  0.000000e+000  0.000000e+000  0.000000e+000  0.000000e+000  0.000000e+000  0.000000e+000  0.000000e+000  
0.000000e+000  0.000000e+000  0.000000e+000  0.000000e+000  0.000000e+000  0.000000e+000  0.000000e+000  0.000000e+000  0.000000e+000  
0.000000e+000  0.000000e+000  0.000000e+000  0.000000e+000  0.000000e+000  0.000000e+000  0.000000e+000  0.000000e+000  0.000000e+000  
0.000000e+000  0.000000e+000  0.000000e+000  0.000000e+000  0.000000e+000  0.000000e+000  0.000000e+000  0.000000e+000  0.000000e+000  
0.000000e+000  0.000000e+000  0.000000e+000  0.000000e+000  0.000000e+000  0.000000e+000  0.000000e+000  0.000000e+000  0.000000e+000  
0.000000e+000  0.000000e+000  0.000000e+000  0.000000e+000  0.000000e+000  0.000000e+000  0.000000e+000  0.000000e+000  0.000000e+000  
0.000000e+000  0.000000e+000  0.000000e+000  0.000000e+000  0.000000e+000  0.000000e+000  0.000000e+000  0.000000e+000  0.000000e+000  
0.000000e+000  0.000000e+000  0.000000e+000  0.000000e+000  0.000000e+000  0.000000e+000  0.000000e+000  0.000000e+000  0.000000e+000  
0.000000e+000  0.000000e+000  0.000000e+000  0.000000e+000  0.000000e+000  0.000000e+000  0.000000e+000  0.000000e+000  0.000000e+000  
0.000000e+000  0.000000e+000  0.000000e+000  0.000000e+000  0.000000e+000  0.000000e+000  0.000000e+000  0.000000e+000  0.000000e+000  
0.000000e+000  0.000000e+000  0.000000e+000  0.000000e+000  0.000000e+000  0.000000e+000  0.000000e+000  0.000000e+000  0.000000e+000  
0.000000e+000  0.000000e+000  0.000000e+000  0.000000e+000  0.000000e+000  0.000000e+000  0.000000e+000  0.000000e+000  0.000000e+000  
0.000000e+000  0.000000e+000  0.000000e+000  0.000000e+000  0.000000e+000  0.000000e+000  0.000000e+000  0.000000e+000  0.000000e+000  
0.000000e+000  0.000000e+000  0.000000e+000  0.000000e+000  0.000000e+000  0.000000e+000  0.000000e+000  0.000000e+000  0.000000e+000  
0.000000e+000  0.000000e+000  0.000000e+000  0.000000e+000  0.000000e+000  0.000000e+000  0.000000e+000  0.000000e+000  0.000000e+000  
0.000000e+000  0.000000e+000  0.000000e+000  0.000000e+000  0.000000e+000  0.000000e+000  0.000000e+000  0.000000e+000  0.000000e+000  
0.000000e+000  0.000000e+000  0.000000e+000  0.000000e+000  0.000000e+000  0.000000e+000  0.000000e+000  0.000000e+000  0.000000e+000  
0.000000e+000  0.000000e+000  0.000000e+000  0.000000e+000  0.000000e+000  0.000000e+000  0.000000e+000  0.000000e+000  0.000000e+000  
0.000000e+000  0.000000e+000  0.000000e+000  0.000000e+000  0.000000e+000  0.000000e+000  0.000000e+000  0.000000e+000  0.000000e+000  
0.000000e+000  0.000000e+000  0.000000e+000  0.000000e+000  0.000000e+000  0.000000e+000  0.000000e+000  0.000000e+000  0.000000e+000  
0.000000e+000  0.000000e+000  0.000000e+000  0.000000e+000  0.000000e+000  0.000000e+000  0.000000e+000  0.000000e+000  0.000000e+000  
0.000000e+000  0.000000e+000  0.000000e+000  0.000000e+000  0.000000e+000  0.000000e+000  0.000000e+000  0.000000e+000  0.000000e+000  
0.000000e+000  0.000000e+000  0.000000e+000  0.000000e+000  0.000000e+000  0.000000e+000  0.000000e+000  0.000000e+000  0.000000e+000  
0.000000e+000  0.000000e+000  0.000000e+000  0.000000e+000  0.000000e+000  0.000000e+000  0.000000e+000  0.000000e+000  0.000000e+000  
0.000000e+000  0.000000e+000  0.000000e+000  0.000000e+000  0.000000e+000  0.000000e+000  0.000000e+000  0.000000e+000  0.000000e+000  
0.000000e+000  0.000000e+000  0.000000e+000  0.000000e+000  0.000000e+000  0.000000e+000  0.000000e+000  0.000000e+000  0.000000e+000  
0.000000e+000  0.000000e+000  0.000000e+000  0.000000e+000  0.000000e+000  0.000000e+000  0.000000e+000  0.000000e+000  0.000000e+000  
0.000000e+000  0.000000e+000  0.000000e+000  0.000000e+000  0.000000e+000  0.000000e+000  0.000000e+000  0.000000e+000  0.000000e+000  
0.000000e+000  0.000000e+000  0.000000e+000  0.000000e+000  0.000000e+000  0.000000e+000  0.000000e+000  0.000000e+000  0.000000e+000  
0.000000e+000  0.000000e+000  0.000000e+000  0.000000e+000  0.000000e+000  0.000000e+000  0.000000e+000  0.000000e+000  0.000000e+000  
0.000000e+000  0.000000e+000  0.000000e+000  0.000000e+000  0.000000e+000  0.000000e+000  0.000000e+000  0.000000e+000  0.000000e+000  
0.000000e+000  0.000000e+000  0.000000e+000  0.000000e+000  0.000000e+000  0.000000e+000  0.000000e+000  0.000000e+000  0.000000e+000  
0.000000e+000  0.000000e+000  0.000000e+000  0.000000e+000  0.000000e+000  0.000000e+000  0.000000e+000  0.000000e+000  0.000000e+000  
0.000000e+000  0.000000e+000  0.000000e+000  0.000000e+000  0.000000e+000  0.000000e+000  0.000000e+000  0.000000e+000  0.000000e+000  
0.000000e+000  0.000000e+000  0.000000e+000  0.000000e+000  0.000000e+000  0.000000e+000  0.000000e+000  0.000000e+000  0.000000e+000  
0.000000e+000  0.000000e+000  0.000000e+000  0.000000e+000  0.000000e+000  0.000000e+000  0.000000e+000  0.000000e+000  0.000000e+000  
0.000000e+000  0.000000e+000  0.000000e+000  0.000000e+000  0.000000e+000  0.000000e+000  0.000000e+000  0.000000e+000  0.000000e+000  
0.000000e+000  0.000000e+000  0.000000e+000  0.000000e+000  0.000000e+000  0.000000e+000  0.000000e+000  0.000000e+000  0.000000e+000  
0.000000e+000  0.000000e+000  0.000000e+000  0.000000e+000  0.000000e+000  0.000000e+000  0.000000e+000  0.000000e+000  0.000000e+000  
0.000000e+000  0.000000e+000  0.000000e+000  0.000000e+000  0.000000e+000  0.000000e+000  0.000000e+000  0.000000e+000  0.000000e+000  
0.000000e+000  0.000000e+000  0.000000e+000  0.000000e+000  0.000000e+000  0.000000e+000  0.000000e+000  0.000000e+000  0.000000e+000  
0.000000e+000  0.000000e+000  0.000000e+000  0.000000e+000  0.000000e+000  0.000000e+000  0.000000e+000  0.000000e+000  0.000000e+000  
0.000000e+000  0.000000e+000  0.000000e+000  0.000000e+000  0.000000e+000  0.000000e+000  0.000000e+000  0.000000e+000  0.000000e+000  
0.000000e+000  0.000000e+000  0.000000e+000  0.000000e+000  0.000000e+000  0.000000e+000  0.000000e+000  0.000000e+000  0.000000e+000  
0.000000e+000  0.000000e+000  0.000000e+000  0.000000e+000  0.000000e+000  0.000000e+000  0.000000e+000  0.000000e+000  0.000000e+000  
0.000000e+000  0.000000e+000  0.000000e+000  0.000000e+000  0.000000e+000  0.000000e+000  0.000000e+000  0.000000e+000  0.000000e+000  
0.000000e+000  0.000000e+000  0.000000e+000  0.000000e+000  0.000000e+000  0.000000e+000  0.000000e+000  0.000000e+000  0.000000e+000  
0.000000e+000  0.000000e+000  0.000000e+000  0.000000e+000  0.000000e+000  0.000000e+000  0.000000e+000  0.000000e+000  0.000000e+000  
0.000000e+000  0.000000e+000  0.000000e+000  0.000000e+000  0.000000e+000  0.000000e+000  0.000000e+000  0.000000e+000  0.000000e+000  
0.000000e+000  0.000000e+000  0.000000e+000  0.000000e+000  0.000000e+000  0.000000e+000  0.000000e+000  0.000000e+000  0.000000e+000  
0.000000e+000  0.000000e+000  0.000000e+000  0.000000e+000  0.000000e+000  0.000000e+000  0.000000e+000  0.000000e+000  0.000000e+000  
0.000000e+000  0.000000e+000  0.000000e+000  0.000000e+000  0.000000e+000  0.000000e+000  0.000000e+000  0.000000e+000  0.000000e+000  
0.000000e+000  0.000000e+000  0.000000e+000  0.000000e+000  0.000000e+000  0.000000e+000  0.000000e+000  0.000000e+000  0.000000e+000  
0.000000e+000  0.000000e+000  0.000000e+000  0.000000e+000  0.000000e+000  0.000000e+000  0.000000e+000  0.000000e+000  0.000000e+000  
0.000000e+000  0.000000e+000  0.000000e+000  0.000000e+000  0.000000e+000  0.000000e+000  0.000000e+000  0.000000e+000  0.000000e+000  
0.000000e+000  0.000000e+000  0.000000e+000  0.000000e+000  0.000000e+000  0.000000e+000  0.000000e+000  0.000000e+000  0.000000e+000  
0.000000e+000  0.000000e+000  0.000000e+000  0.000000e+000  0.000000e+000  0.000000e+000  0.000000e+000  0.000000e+000  0.000000e+000  
0.000000e+000  0.000000e+000  0.000000e+000  0.000000e+000  0.000000e+000  0.000000e+000  0.000000e+000  0.000000e+000  0.000000e+000  
0.000000e+000  0.000000e+000  0.000000e+000  0.000000e+000  0.000000e+000  0.000000e+000  0.000000e+000  0.000000e+000  0.000000e+000  
0.000000e+000  0.000000e+000  0.000000e+000  0.000000e+000  0.000000e+000  0.000000e+000  0.000000e+000  0.000000e+000  0.000000e+000  
0.000000e+000  0.000000e+000  0.000000e+000  0.000000e+000  0.000000e+000  0.000000e+000  0.000000e+000  0.000000e+000  0.000000e+000  
0.000000e+000  0.000000e+000  0.000000e+000  0.000000e+000  0.000000e+000  0.000000e+000  0.000000e+000  0.000000e+000  0.000000e+000  
0.000000e+000  0.000000e+000  0.000000e+000  0.000000e+000  0.000000e+000  0.000000e+000  0.000000e+000  0.000000e+000  0.000000e+000  
0.000000e+000  0.000000e+000  0.000000e+000  0.000000e+000  0.000000e+000  0.000000e+000  0.000000e+000  0.000000e+000  0.000000e+000  
0.000000e+000  0.000000e+000  0.000000e+000  0.000000e+000  0.000000e+000  0.000000e+000  0.000000e+000  0.000000e+000  0.000000e+000  
0.000000e+000  0.000000e+000  0.000000e+000  0.000000e+000  0.000000e+000  0.000000e+000  0.000000e+000  0.000000e+000  0.000000e+000  
0.000000e+000  0.000000e+000  0.000000e+000  0.000000e+000  0.000000e+000  0.000000e+000  0.000000e+000  0.000000e+000  0.000000e+000  
0.000000e+000  0.000000e+000  0.000000e+000  0.000000e+000  0.000000e+000  0.000000e+000  0.000000e+000  0.000000e+000  0.000000e+000  
0.000000e+000  0.000000e+000  0.000000e+000  0.000000e+000  0.000000e+000  0.000000e+000  0.000000e+000  0.000000e+000  0.000000e+000  
0.000000e+000  0.000000e+000  0.000000e+000  0.000000e+000  0.000000e+000  0.000000e+000  0.000000e+000  0.000000e+000  0.000000e+000  
0.000000e+000  0.000000e+000  0.000000e+000  0.000000e+000  0.000000e+000  0.000000e+000  0.000000e+000  0.000000e+000  0.000000e+000  

-1.852742e-008  -1.848594e-008  -1.836893e-008  -1.816108e-008  -1.784878e-008  -1.718913e-008  -1.647836e-008  -1.105282e-008  -1.847225e-008  
-2.142505e-008  -2.176012e-008  -2.222092e-008  -2.233962e-008  9.433026e-009  -1.676213e-008  -1.837481e-008  -1.984598e-008  -2.208613e-008  
-1.912523e-008  -2.203779e-008  -2.587768e-008  1.812636e-008  -1.450887e-008  -1.700792e-008  -1.944334e-008  -2.157576e-008  -2.467867e-008  
-5.214086e-009  -2.002150e-008  -2.977632e-008  2.109241e-008  -1.358078e-008  -1.745390e-008  -2.097752e-008  -2.397468e-008  -2.818180e-008  
-3.120791e-009  -2.510399e-009  -0.000000e+000  -8.115632e-009  -1.287345e-008  -1.840276e-008  -2.326168e-008  -2.731135e-008  -3.288322e-008  
3.571606e-008  -2.535977e-008  -0.000000e+000  -6.741866e-009  -1.287368e-008  -2.032965e-008  -2.677460e-008  -3.209251e-008  -3.936348e-008  
1.883071e-008  1.339298e-008  -0.000000e+000  -7.355842e-009  -1.439759e-008  -2.372337e-008  -3.187321e-008  -3.866281e-008  -4.797227e-008  
-0.000000e+000  -0.000000e+000  -0.000000e+000  -8.694586e-009  -1.719252e-008  -2.869449e-008  -3.892452e-008  -4.748759e-008  -5.929934e-008  
-0.000000e+000  -0.000000e+000  -0.000000e+000  -1.521966e-008  -3.012337e-008  -5.063596e-008  -6.900923e-008  -8.448560e-008  -1.060205e-007  
-0.000000e+000  -0.000000e+000  -0.000000e+000  -2.941707e-008  -5.822419e-008  -9.785206e-008  -1.333772e-007  -1.633196e-007  -2.050135e-007  
-0.000000e+000  -0.000000e+000  -0.000000e+000  -5.789987e-008  -1.145900e-007  -1.921898e-007  -2.617358e-007  -3.203530e-007  -4.019791e-007  
-0.000000e+000  -0.000000e+000  -0.000000e+000  -1.144378e-007  -2.264954e-007  -3.789108e-007  -5.154648e-007  -6.305306e-007  -7.907551e-007  
-0.000000e+000  -0.000000e+000  -0.000000e+000  -2.264024e-007  -4.480736e-007  -7.474987e-007  -1.015677e-006  -1.241605e-006  -1.556092e-006  
-0.000000e+000  -0.000000e+000  -0.000000e+000  -4.479361e-007  -8.865292e-007  -1.474361e-006  -2.000679e-006  -2.443959e-006  -3.060771e-006  
-0.000000e+000  -0.000000e+000  -0.000000e+000  -8.861232e-007  -1.753761e-006  -2.906722e-006  -3.938649e-006  -4.807517e-006  -6.016010e-006  
-0.000000e+000  -0.000000e+000  -0.000000e+000  -1.752599e-006  -3.468678e-006  -5.727527e-006  -7.748425e-006  -9.449453e-006  -1.181433e-005  
-0.000000e+000  -0.000000e+000  -0.000000e+000  -3.465444e-006  -6.858749e-006  -1.127873e-005  -1.523131e-005  -1.855709e-005  -2.317841e-005  
-0.000000e+000  -0.000000e+000  -0.000000e+000  -6.850393e-006  -1.355830e-005  -2.219500e-005  -2.991438e-005  -3.640704e-005  -4.542379e-005  
-0.000000e+000  -0.000000e+000  -0.000000e+000  -1.353747e-005  -2.679368e-005  -4.364340e-005  -5.869481e-005  -7.134864e-005  -8.891050e-005  
-0.000000e+000  -0.000000e+000  -0.000000e+000  -2.674325e-005  -5.293146e-005  -8.574635e-005  -1.150399e-004  -1.396548e-004  -1.737923e-004  
-0.000000e+000  -0.000000e+000  -0.000000e+000  -5.281171e-005  -1.045287e-004  -1.683086e-004  -2.252025e-004  -2.729821e-004  -3.391914e-004  
-0.000000e+000  -0.000000e+000  -0.000000e+000  -1.042486e-004  -2.063392e-004  -3.300241e-004  -4.402630e-004  -5.327814e-004  -6.608667e-004  
-0.000000e+000  -0.000000e+000  -0.000000e+000  -1.972425e-004  -3.904076e-004  -6.200644e-004  -8.245699e-004  -9.960808e-004  -1.233285e-003  
-0.000000e+000  -0.000000e+000  -0.000000e+000  -2.536054e-004  -5.019717e-004  -7.946676e-004  -1.055196e-003  -1.273619e-003  -1.575557e-003  
-0.000000e+000  -0.000000e+000  -0.000000e+000  -3.249592e-004  -6.432095e-004  -1.014988e-003  -1.345766e-003  -1.622991e-003  -2.006029e-003  
-0.000000e+000  -0.000000e+000  -0.000000e+000  -4.155089e-004  -8.224449e-004  -1.293596e-003  -1.712601e-003  -2.063646e-003  -2.548439e-003  
-0.000000e+000  -0.000000e+000  -0.000000e+000  -5.300708e-004  -1.049212e-003  -1.644771e-003  -2.174172e-003  -2.617547e-003  -3.229529e-003  
-0.000000e+000  -0.000000e+000  -0.000000e+000  -6.756493e-004  -1.337377e-003  -2.089283e-003  -2.757339e-003  -3.316626e-003  -4.088177e-003  
-0.000000e+000  -0.000000e+000  -0.000000e+000  -8.607347e-004  -1.703747e-003  -2.652120e-003  -3.494304e-003  -4.199087e-003  -5.170789e-003  
-0.000000e+000  -0.000000e+000  -0.000000e+000  -1.573333e-003  -3.114327e-003  -4.804955e-003  -6.304324e-003  -7.557785e-003  -9.283398e-003  
-0.000000e+000  -0.000000e+000  -0.000000e+000  -3.046560e-003  -6.030632e-003  -9.201954e-003  -1.200971e-002  -1.435382e-002  -1.757460e-002  
-0.000000e+000  -0.000000e+000  -0.000000e+000  -5.925196e-003  -1.172915e-002  -1.767343e-002  -2.292542e-002  -2.730301e-002  -3.330354e-002  
-0.000000e+000  -0.000000e+000  -0.000000e+000  -1.153033e-002  -2.282536e-002  -3.391115e-002  -4.368166e-002  -5.180952e-002  -6.291864e-002  
-0.000000e+000  -0.000000e+000  -0.000000e+000  -2.135076e-002  -4.226699e-002  -6.187047e-002  -7.909958e-002  -9.339991e-002  -1.128809e-001  
-0.000000e+000  -0.000000e+000  -0.000000e+000  -2.735605e-002  -5.415606e-002  -7.871609e-002  -1.002707e-001  -1.181408e-001  -1.424435e-001  
-0.000000e+000  -0.000000e+000  -0.000000e+000  -3.493832e-002  -6.916734e-002  -9.982796e-002  -1.266967e-001  -1.489459e-001  -1.791503e-001  
-0.000000e+000  -0.000000e+000  -0.000000e+000  -4.453205e-002  -8.816113e-002  -1.263258e-001  -1.597176e-001  -1.873328e-001  -2.247501e-001  
-0.000000e+000  -0.000000e+000  -0.000000e+000  -5.653231e-002  -1.119197e-001  -1.591873e-001  -2.004730e-001  -2.345695e-001  -2.806725e-001  
-0.000000e+000  -0.000000e+000  -0.000000e+000  -7.170497e-002  -1.419594e-001  -2.003622e-001  -2.512789e-001  -2.932651e-001  -3.499053e-001  
-0.000000e+000  -0.000000e+000  -0.000000e+000  -9.089653e-002  -1.799564e-001  -2.519489e-001  -3.145838e-001  -3.661454e-001  -4.355235e-001  
-0.000000e+000  -0.000000e+000  -0.000000e+000  -1.597473e-001  -3.162738e-001  -4.342358e-001  -5.362999e-001  -6.199352e-001  -7.316769e-001  
-0.000000e+000  -0.000000e+000  -0.000000e+000  -2.996246e-001  -5.932134e-001  -7.942312e-001  -9.666749e-001  -1.106958e+000  -1.292247e+000  
-0.000000e+000  -0.000000e+000  -0.000000e+000  -5.644755e-001  -1.117534e+000  -1.452681e+000  -1.736446e+000  -1.964660e+000  -2.260530e+000  
-0.000000e+000  -0.000000e+000  -0.000000e+000  -1.065769e+000  -2.109613e+000  -2.648975e+000  -3.095652e+000  -3.447784e+000  -3.889291e+000  
-0.000000e+000  -0.000000e+000  -0.000000e+000  -2.021480e+000  -3.999349e+000  -4.816843e+000  -5.464760e+000  -5.955166e+000  -6.528356e+000  
-0.000000e+000  -0.000000e+000  -0.000000e+000  -3.883001e+000  -7.672819e+000  -8.760859e+000  -9.531107e+000  -1.005333e+001  -1.054989e+001  
-0.000000e+000  -0.000000e+000  -0.000000e+000  -7.688597e+000  -1.516053e+001  -1.602070e+001  -1.631430e+001  -1.632114e+001  -1.600350e+001  
-0.000000e+000  -0.000000e+000  -0.000000e+000  -1.499717e+001  -2.961136e+001  -2.761948e+001  -2.531737e+001  -2.337137e+001  -2.105804e+001  
-0.000000e+000  -0.000000e+000  -0.000000e+000  -1.982212e+001  -3.973444e+001  -3.329578e+001  -2.850743e+001  -2.532152e+001  -2.234737e+001  
-0.000000e+000  -0.000000e+000  -0.000000e+000  -2.433296e+001  -5.086303e+001  -3.717321e+001  -2.992633e+001  -2.603678e+001  -2.303726e+001  
-0.000000e+000  -0.000000e+000  -0.000000e+000  -2.240506e+001  -5.344386e+001  -3.343304e+001  -2.744342e+001  -2.499208e+001  -2.312578e+001  
-0.000000e+000  -0.000000e+000  -0.000000e+000  -5.016200e+000  -0.000000e+000  -1.994806e+001  -2.298846e+001  -2.354937e+001  -2.298854e+001  
-0.000000e+000  -0.000000e+000  -0.000000e+000  -1.136075e+000  -0.000000e+000  -1.398591e+001  -2.015629e+001  -2.248806e+001  -2.284921e+001  
-0.000000e+000  -0.000000e+000  -0.000000e+000  -1.136075e+000  -0.000000e+000  -1.398591e+001  -2.015629e+001  -2.248806e+001  -2.284921e+001  
-0.000000e+000  -0.000000e+000  -0.000000e+000  -5.016200e+000  -0.000000e+000  -1.994806e+001  -2.298846e+001  -2.354937e+001  -2.298854e+001  
-0.000000e+000  -0.000000e+000  -0.000000e+000  -2.240506e+001  -5.344386e+001  -3.343304e+001  -2.744342e+001  -2.499208e+001  -2.312578e+001  
-0.000000e+000  -0.000000e+000  -0.000000e+000  -2.433296e+001  -5.086303e+001  -3.717321e+001  -2.992633e+001  -2.603678e+001  -2.303726e+001  
-0.000000e+000  -0.000000e+000  -0.000000e+000  -1.982212e+001  -3.973444e+001  -3.329578e+001  -2.850743e+001  -2.532152e+001  -2.234737e+001  
-0.000000e+000  -0.000000e+000  -0.000000e+000  -1.499717e+001  -2.961136e+001  -2.761948e+001  -2.531737e+001  -2.337137e+001  -2.105804e+001  
-0.000000e+000  -0.000000e+000  -0.000000e+000  -7.688597e+000  -1.516053e+001  -1.602070e+001  -1.631430e+001  -1.632114e+001  -1.600350e+001  
-0.000000e+000  -0.000000e+000  -0.000000e+000  -3.883001e+000  -7.672819e+000  -8.760859e+000  -9.531107e+000  -1.005333e+001  -1.054989e+001  
-0.000000e+000  -0.000000e+000  -0.000000e+000  -2.021480e+000  -3.999349e+000  -4.816843e+000  -5.464760e+000  -5.955166e+000  -6.528356e+000  
-0.000000e+000  -0.000000e+000  -0.000000e+000  -1.065769e+000  -2.109613e+000  -2.648975e+000  -3.095652e+000  -3.447784e+000  -3.889291e+000  
-0.000000e+000  -0.000000e+000  -0.000000e+000  -5.644755e-001  -1.117534e+000  -1.452681e+000  -1.736446e+000  -1.964660e+000  -2.260530e+000  
-0.000000e+000  -0.000000e+000  -0.000000e+000  -2.996246e-001  -5.932134e-001  -7.942312e-001  -9.666749e-001  -1.106958e+000  -1.292247e+000  
-0.000000e+000  -0.000000e+000  -0.000000e+000  -1.597473e-001  -3.162738e-001  -4.342358e-001  -5.362999e-001  -6.199352e-001  -7.316769e-001  
-0.000000e+000  -0.000000e+000  -0.000000e+000  -9.089653e-002  -1.799564e-001  -2.519489e-001  -3.145838e-001  -3.661454e-001  -4.355235e-001  
-0.000000e+000  -0.000000e+000  -0.000000e+000  -7.170497e-002  -1.419594e-001  -2.003622e-001  -2.512789e-001  -2.932651e-001  -3.499053e-001  
-0.000000e+000  -0.000000e+000  -0.000000e+000  -5.653231e-002  -1.119197e-001  -1.591873e-001  -2.004730e-001  -2.345695e-001  -2.806725e-001  
-0.000000e+000  -0.000000e+000  -0.000000e+000  -4.453205e-002  -8.816113e-002  -1.263258e-001  -1.597176e-001  -1.873328e-001  -2.247501e-001  
-0.000000e+000  -0.000000e+000  -0.000000e+000  -3.493832e-002  -6.916734e-002  -9.982796e-002  -1.266967e-001  -1.489459e-001  -1.791503e-001  
-0.000000e+000  -0.000000e+000  -0.000000e+000  -2.735605e-002  -5.415606e-002  -7.871609e-002  -1.002707e-001  -1.181408e-001  -1.424435e-001  
-0.000000e+000  -0.000000e+000  -0.000000e+000  -2.135076e-002  -4.226699e-002  -6.187047e-002  -7.909958e-002  -9.339991e-002  -1.128809e-001  
-0.000000e+000  -0.000000e+000  -0.000000e+000  -1.153033e-002  -2.282536e-002  -3.391115e-002  -4.368166e-002  -5.180952e-002  -6.291864e-002  
-0.000000e+000  -0.000000e+000  -0.000000e+000  -5.925196e-003  -1.172915e-002  -1.767343e-002  -2.292542e-002  -2.730301e-002  -3.330354e-002  
-0.000000e+000  -0.000000e+000  -0.000000e+000  -3.046560e-003  -6.030632e-003  -9.201954e-003  -1.200971e-002  -1.435382e-002  -1.757460e-002  
-0.000000e+000  -0.000000e+000  -0.000000e+000  -1.573333e-003  -3.114327e-003  -4.804955e-003  -6.304324e-003  -7.557785e-003  -9.283398e-003  
-0.000000e+000  -0.000000e+000  -0.000000e+000  -8.607347e-004  -1.703747e-003  -2.652120e-003  -3.494304e-003  -4.199087e-003  -5.170789e-003  
-0.000000e+000  -0.000000e+000  -0.000000e+000  -6.756493e-004  -1.337377e-003  -2.089283e-003  -2.757339e-003  -3.316626e-003  -4.088177e-003  
-0.000000e+000  -0.000000e+000  -0.000000e+000  -5.300708e-004  -1.049212e-003  -1.644771e-003  -2.174172e-003  -2.617547e-003  -3.229529e-003  
-0.000000e+000  -0.000000e+000  -0.000000e+000  -4.155089e-004  -8.224448e-004  -1.293596e-003  -1.712601e-003  -2.063646e-003  -2.548439e-003  
-0.000000e+000  -0.000000e+000  -0.000000e+000  -3.249592e-004  -6.432095e-004  -1.014988e-003  -1.345766e-003  -1.622991e-003  -2.006029e-003  
-0.000000e+000  -0.000000e+000  -0.000000e+000  -2.536055e-004  -5.019717e-004  -7.946676e-004  -1.055196e-003  -1.273619e-003  -1.575557e-003  
-0.000000e+000  -0.000000e+000  -0.000000e+000  -1.972425e-004  -3.904076e-004  -6.200644e-004  -8.245699e-004  -9.960808e-004  -1.233285e-003  
-0.000000e+000  -0.000000e+000  -0.000000e+000  -1.042486e-004  -2.063392e-004  -3.300241e-004  -4.402630e-004  -5.327814e-004  -6.608667e-004  
-0.000000e+000  -0.000000e+000  -0.000000e+000  -5.281171e-005  -1.045287e-004  -1.683086e-004  -2.252025e-004  -2.729821e-004  -3.391914e-004  
-0.000000e+000  -0.000000e+000  -0.000000e+000  -2.674324e-005  -5.293146e-005  -8.574634e-005  -1.150399e-004  -1.396548e-004  -1.737923e-004  
-0.000000e+000  -0.000000e+000  -0.000000e+000  -1.353747e-005  -2.679368e-005  -4.364340e-005  -5.869481e-005  -7.134864e-005  -8.891050e-005  
-0.000000e+000  -0.000000e+000  -0.000000e+000  -6.850390e-006  -1.355830e-005  -2.219500e-005  -2.991439e-005  -3.640705e-005  -4.542380e-005  
-0.000000e+000  -0.000000e+000  -0.000000e+000  -3.465445e-006  -6.858752e-006  -1.127874e-005  -1.523132e-005  -1.855709e-005  -2.317843e-005  
-0.000000e+000  -0.000000e+000  -0.000000e+000  -1.752590e-006  -3.468661e-006  -5.727517e-006  -7.748429e-006  -9.449471e-006  -1.181434e-005  
-0.000000e+000  -0.000000e+000  -0.000000e+000  -8.861268e-007  -1.753770e-006  -2.906731e-006  -3.938654e-006  -4.807517e-006  -6.016025e-006  
-0.000000e+000  -0.000000e+000  -0.000000e+000  -4.479357e-007  -8.865259e-007  -1.474360e-006  -2.000681e-006  -2.443962e-006  -3.060779e-006  
-0.000000e+000  -0.000000e+000  -0.000000e+000  -2.263906e-007  -4.480609e-007  -7.474940e-007  -1.015684e-006  -1.241613e-006  -1.556096e-006  
-0.000000e+000  -0.000000e+000  -0.000000e+000  -1.144406e-007  -2.264933e-007  -3.789123e-007  -5.154610e-007  -6.305196e-007  -7.907506e-007  
-0.000000e+000  -0.000000e+000  -0.000000e+000  -5.789607e-008  -1.145908e-007  -1.921846e-007  -2.617266e-007  -3.203384e-007  -4.019697e-007  
-0.000000e+000  -0.000000e+000  -0.000000e+000  -2.942376e-008  -5.821763e-008  -9.785274e-008  -1.333702e-007  -1.633078e-007  -2.050077e-007  
-0.000000e+000  -0.000000e+000  -0.000000e+000  -1.522476e-008  -3.012367e-008  -5.064057e-008  -6.900670e-008  -8.447408e-008  -1.060187e-007  
-0.000000e+000  -0.000000e+000  -0.000000e+000  -8.693892e-009  -1.718427e-008  -2.869260e-008  -3.892208e-008  -4.748837e-008  -5.930438e-008  
1.884643e-008  1.340644e-008  -0.000000e+000  -7.353574e-009  -1.438941e-008  -2.371832e-008  -3.188335e-008  -3.867083e-008  -4.798084e-008  
3.575153e-008  -2.537855e-008  -0.000000e+000  -6.734987e-009  -1.287339e-008  -2.033345e-008  -2.678245e-008  -3.210182e-008  -3.937249e-008  
-3.102993e-009  -2.522958e-009  -0.000000e+000  -8.126242e-009  -1.287464e-008  -1.841440e-008  -2.326909e-008  -2.731425e-008  -3.289457e-008  
-5.219380e-009  -2.002894e-008  -2.980097e-008  2.109063e-008  -1.359595e-008  -1.746749e-008  -2.098059e-008  -2.397959e-008  -2.819668e-008  
-1.913837e-008  -2.206427e-008  -2.589318e-008  1.811162e-008  -1.452685e-008  -1.702243e-008  -1.945564e-008  -2.158648e-008  -2.469590e-008  
-2.144369e-008  -2.177705e-008  -2.223943e-008  -2.235564e-008  9.417554e-009  -1.677355e-008  -1.838628e-008  -1.986177e-008  -2.210166e-008  
-1.854732e-008  -1.850605e-008  -1.838929e-008  -1.818133e-008  -1.786885e-008  -1.720858e-008  -1.649773e-008  -1.107297e-008  -1.849219e-008  

