Port monitor named: Port1_e1.prt

nx        = 162
ny        = 104
nz        = 21

nu        = 7
nv        = 14
iu        = 10
iv        = 75

idir      = 1
dcut      = -8.869000e-002
icut      = 6
type      = 0
frequency = 1.850000e+009

fcutoff   = 4.141709e+009
alpha     = 1.100592e+002
beta      = 0.000000e+000
accuracy  = 1.263309e-013

type          = UNDEF
wave imp.     = 6.588107e+002
wave imp.sig. = 4.808959e-008
line imp.     = 0.000000e+000

ref. port     = 0

3.777861e+001  1.013823e+002  4.996473e+002  5.297407e+002  5.017768e+002  3.674316e+002  0.000000e+000  
5.111908e+001  1.373619e+002  6.769931e+002  7.128754e+002  6.673861e+002  4.754868e+002  0.000000e+000  
8.137807e+001  2.245403e+002  1.126678e+003  1.166740e+003  1.059488e+003  7.058851e+002  0.000000e+000  
8.740814e+001  2.813965e+002  1.573102e+003  1.590518e+003  1.390503e+003  8.682504e+002  0.000000e+000  
-5.644225e+000  2.337439e+002  2.334917e+003  2.209068e+003  1.812586e+003  1.044331e+003  0.000000e+000  
-6.704740e+002  -2.187468e+003  4.198667e+003  3.065254e+003  2.266277e+003  1.198781e+003  0.000000e+000  
-5.926632e+002  -1.566568e+003  4.916062e+003  3.462271e+003  2.483410e+003  1.269985e+003  0.000000e+000  
-5.926632e+002  -1.566568e+003  4.916062e+003  3.462271e+003  2.483410e+003  1.269985e+003  0.000000e+000  
-6.704740e+002  -2.187468e+003  4.198667e+003  3.065254e+003  2.266277e+003  1.198781e+003  0.000000e+000  
-5.644225e+000  2.337439e+002  2.334917e+003  2.209068e+003  1.812586e+003  1.044331e+003  0.000000e+000  
8.740814e+001  2.813965e+002  1.573102e+003  1.590518e+003  1.390503e+003  8.682504e+002  0.000000e+000  
8.137807e+001  2.245403e+002  1.126678e+003  1.166740e+003  1.059488e+003  7.058851e+002  0.000000e+000  
5.111908e+001  1.373619e+002  6.769931e+002  7.128754e+002  6.673861e+002  4.754868e+002  0.000000e+000  
3.777861e+001  1.013823e+002  4.996473e+002  5.297407e+002  5.017768e+002  3.674316e+002  0.000000e+000  

-6.441458e+002  -6.399563e+002  -6.286309e+002  -5.570176e+002  -4.838893e+002  -4.181575e+002  -3.192672e+002  
-1.645969e+003  -1.634026e+003  -1.599876e+003  -1.368045e+003  -1.136065e+003  -9.364646e+002  -6.652963e+002  
-2.315939e+003  -2.309602e+003  -2.265602e+003  -1.818700e+003  -1.396876e+003  -1.067986e+003  -6.939341e+002  
-2.731200e+003  -2.789993e+003  -2.814137e+003  -2.058269e+003  -1.446105e+003  -1.028444e+003  -6.237941e+002  
-2.839281e+003  -3.275552e+003  -3.863756e+003  -2.104166e+003  -1.261183e+003  -8.137745e+002  -4.595390e+002  
-1.273760e+003  -1.211058e+003  0.000000e+000  -1.155283e+003  -6.869864e+002  -4.305575e+002  -2.349800e+002  
0.000000e+000  0.000000e+000  0.000000e+000  0.000000e+000  0.000000e+000  0.000000e+000  0.000000e+000  
1.273760e+003  1.211058e+003  0.000000e+000  1.155283e+003  6.869864e+002  4.305575e+002  2.349800e+002  
2.839281e+003  3.275552e+003  3.863756e+003  2.104166e+003  1.261183e+003  8.137745e+002  4.595390e+002  
2.731200e+003  2.789993e+003  2.814137e+003  2.058269e+003  1.446105e+003  1.028444e+003  6.237941e+002  
2.315939e+003  2.309602e+003  2.265602e+003  1.818700e+003  1.396876e+003  1.067986e+003  6.939341e+002  
1.645969e+003  1.634026e+003  1.599876e+003  1.368045e+003  1.136065e+003  9.364646e+002  6.652963e+002  
6.441458e+002  6.399563e+002  6.286309e+002  5.570176e+002  4.838893e+002  4.181575e+002  3.192672e+002  
0.000000e+000  0.000000e+000  0.000000e+000  0.000000e+000  0.000000e+000  0.000000e+000  0.000000e+000  

-2.539215e+003  -2.540404e+003  -2.543412e+003  -2.600392e+003  -2.665468e+003  -2.729739e+003  -2.844165e+003  
-2.273000e+003  -2.276152e+003  -2.284449e+003  -2.369510e+003  -2.463905e+003  -2.554877e+003  -2.710076e+003  
-1.742880e+003  -1.750557e+003  -1.771688e+003  -1.928195e+003  -2.095821e+003  -2.250556e+003  -2.493338e+003  
-1.358992e+003  -1.368271e+003  -1.398429e+003  -1.626734e+003  -1.863756e+003  -2.073015e+003  -2.378034e+003  
-9.018926e+002  -9.015987e+002  -9.292291e+002  -1.282159e+003  -1.621876e+003  -1.901323e+003  -2.274185e+003  
-4.219296e+002  -3.468089e+002  0.000000e+000  -9.246609e+002  -1.409318e+003  -1.764930e+003  -2.197557e+003  
-2.420489e+002  -1.756172e+002  0.000000e+000  -7.631866e+002  -1.312993e+003  -1.704687e+003  -2.164841e+003  
-2.420489e+002  -1.756172e+002  0.000000e+000  -7.631866e+002  -1.312993e+003  -1.704687e+003  -2.164841e+003  
-4.219296e+002  -3.468089e+002  0.000000e+000  -9.246609e+002  -1.409318e+003  -1.764930e+003  -2.197557e+003  
-9.018926e+002  -9.015987e+002  -9.292291e+002  -1.282159e+003  -1.621876e+003  -1.901323e+003  -2.274185e+003  
-1.358992e+003  -1.368271e+003  -1.398429e+003  -1.626734e+003  -1.863756e+003  -2.073015e+003  -2.378034e+003  
-1.742880e+003  -1.750557e+003  -1.771688e+003  -1.928195e+003  -2.095821e+003  -2.250556e+003  -2.493338e+003  
-2.273000e+003  -2.276152e+003  -2.284449e+003  -2.369510e+003  -2.463905e+003  -2.554877e+003  -2.710076e+003  
-2.539215e+003  -2.540404e+003  -2.543412e+003  -2.600392e+003  -2.665468e+003  -2.729739e+003  -2.844165e+003  

0.000000e+000  0.000000e+000  0.000000e+000  0.000000e+000  0.000000e+000  0.000000e+000  0.000000e+000  
0.000000e+000  0.000000e+000  0.000000e+000  0.000000e+000  0.000000e+000  0.000000e+000  0.000000e+000  
0.000000e+000  0.000000e+000  0.000000e+000  0.000000e+000  0.000000e+000  0.000000e+000  0.000000e+000  
0.000000e+000  0.000000e+000  0.000000e+000  0.000000e+000  0.000000e+000  0.000000e+000  0.000000e+000  
0.000000e+000  0.000000e+000  0.000000e+000  0.000000e+000  0.000000e+000  0.000000e+000  0.000000e+000  
0.000000e+000  0.000000e+000  0.000000e+000  0.000000e+000  0.000000e+000  0.000000e+000  0.000000e+000  
0.000000e+000  0.000000e+000  0.000000e+000  0.000000e+000  0.000000e+000  0.000000e+000  0.000000e+000  
0.000000e+000  0.000000e+000  0.000000e+000  0.000000e+000  0.000000e+000  0.000000e+000  0.000000e+000  
0.000000e+000  0.000000e+000  0.000000e+000  0.000000e+000  0.000000e+000  0.000000e+000  0.000000e+000  
0.000000e+000  0.000000e+000  0.000000e+000  0.000000e+000  0.000000e+000  0.000000e+000  0.000000e+000  
0.000000e+000  0.000000e+000  0.000000e+000  0.000000e+000  0.000000e+000  0.000000e+000  0.000000e+000  
0.000000e+000  0.000000e+000  0.000000e+000  0.000000e+000  0.000000e+000  0.000000e+000  0.000000e+000  
0.000000e+000  0.000000e+000  0.000000e+000  0.000000e+000  0.000000e+000  0.000000e+000  0.000000e+000  
0.000000e+000  0.000000e+000  0.000000e+000  0.000000e+000  0.000000e+000  0.000000e+000  0.000000e+000  

0.000000e+000  0.000000e+000  0.000000e+000  0.000000e+000  0.000000e+000  0.000000e+000  0.000000e+000  
0.000000e+000  0.000000e+000  0.000000e+000  0.000000e+000  0.000000e+000  0.000000e+000  0.000000e+000  
0.000000e+000  0.000000e+000  0.000000e+000  0.000000e+000  0.000000e+000  0.000000e+000  0.000000e+000  
0.000000e+000  0.000000e+000  0.000000e+000  0.000000e+000  0.000000e+000  0.000000e+000  0.000000e+000  
0.000000e+000  0.000000e+000  0.000000e+000  0.000000e+000  0.000000e+000  0.000000e+000  0.000000e+000  
0.000000e+000  0.000000e+000  0.000000e+000  0.000000e+000  0.000000e+000  0.000000e+000  0.000000e+000  
0.000000e+000  0.000000e+000  0.000000e+000  0.000000e+000  0.000000e+000  0.000000e+000  0.000000e+000  
0.000000e+000  0.000000e+000  0.000000e+000  0.000000e+000  0.000000e+000  0.000000e+000  0.000000e+000  
0.000000e+000  0.000000e+000  0.000000e+000  0.000000e+000  0.000000e+000  0.000000e+000  0.000000e+000  
0.000000e+000  0.000000e+000  0.000000e+000  0.000000e+000  0.000000e+000  0.000000e+000  0.000000e+000  
0.000000e+000  0.000000e+000  0.000000e+000  0.000000e+000  0.000000e+000  0.000000e+000  0.000000e+000  
0.000000e+000  0.000000e+000  0.000000e+000  0.000000e+000  0.000000e+000  0.000000e+000  0.000000e+000  
0.000000e+000  0.000000e+000  0.000000e+000  0.000000e+000  0.000000e+000  0.000000e+000  0.000000e+000  
0.000000e+000  0.000000e+000  0.000000e+000  0.000000e+000  0.000000e+000  0.000000e+000  0.000000e+000  

0.000000e+000  0.000000e+000  0.000000e+000  0.000000e+000  0.000000e+000  0.000000e+000  0.000000e+000  
0.000000e+000  0.000000e+000  0.000000e+000  0.000000e+000  0.000000e+000  0.000000e+000  0.000000e+000  
0.000000e+000  0.000000e+000  0.000000e+000  0.000000e+000  0.000000e+000  0.000000e+000  0.000000e+000  
0.000000e+000  0.000000e+000  0.000000e+000  0.000000e+000  0.000000e+000  0.000000e+000  0.000000e+000  
0.000000e+000  0.000000e+000  0.000000e+000  0.000000e+000  0.000000e+000  0.000000e+000  0.000000e+000  
0.000000e+000  0.000000e+000  0.000000e+000  0.000000e+000  0.000000e+000  0.000000e+000  0.000000e+000  
0.000000e+000  0.000000e+000  0.000000e+000  0.000000e+000  0.000000e+000  0.000000e+000  0.000000e+000  
0.000000e+000  0.000000e+000  0.000000e+000  0.000000e+000  0.000000e+000  0.000000e+000  0.000000e+000  
0.000000e+000  0.000000e+000  0.000000e+000  0.000000e+000  0.000000e+000  0.000000e+000  0.000000e+000  
0.000000e+000  0.000000e+000  0.000000e+000  0.000000e+000  0.000000e+000  0.000000e+000  0.000000e+000  
0.000000e+000  0.000000e+000  0.000000e+000  0.000000e+000  0.000000e+000  0.000000e+000  0.000000e+000  
0.000000e+000  0.000000e+000  0.000000e+000  0.000000e+000  0.000000e+000  0.000000e+000  0.000000e+000  
0.000000e+000  0.000000e+000  0.000000e+000  0.000000e+000  0.000000e+000  0.000000e+000  0.000000e+000  
0.000000e+000  0.000000e+000  0.000000e+000  0.000000e+000  0.000000e+000  0.000000e+000  0.000000e+000  

