Port monitor named: Port1_h1.prt

nx        = 162
ny        = 104
nz        = 21

nu        = 7
nv        = 14
iu        = 10
iv        = 75

idir      = 1
dcut      = -8.869000e-002
icut      = 6
type      = 1
frequency = 1.850000e+009

fcutoff   = 4.141709e+009
alpha     = 1.100592e+002
beta      = 0.000000e+000
accuracy  = 1.263309e-013

type          = UNDEF
wave imp.     = 6.588107e+002
wave imp.sig. = 4.808959e-008
line imp.     = 0.000000e+000

ref. port     = 0

0.000000e+000  0.000000e+000  0.000000e+000  0.000000e+000  0.000000e+000  0.000000e+000  0.000000e+000  
0.000000e+000  0.000000e+000  0.000000e+000  0.000000e+000  0.000000e+000  0.000000e+000  0.000000e+000  
0.000000e+000  0.000000e+000  0.000000e+000  0.000000e+000  0.000000e+000  0.000000e+000  0.000000e+000  
0.000000e+000  0.000000e+000  0.000000e+000  0.000000e+000  0.000000e+000  0.000000e+000  0.000000e+000  
0.000000e+000  0.000000e+000  0.000000e+000  0.000000e+000  0.000000e+000  0.000000e+000  0.000000e+000  
0.000000e+000  0.000000e+000  0.000000e+000  0.000000e+000  0.000000e+000  0.000000e+000  0.000000e+000  
0.000000e+000  0.000000e+000  0.000000e+000  0.000000e+000  0.000000e+000  0.000000e+000  0.000000e+000  
0.000000e+000  0.000000e+000  0.000000e+000  0.000000e+000  0.000000e+000  0.000000e+000  0.000000e+000  
0.000000e+000  0.000000e+000  0.000000e+000  0.000000e+000  0.000000e+000  0.000000e+000  0.000000e+000  
0.000000e+000  0.000000e+000  0.000000e+000  0.000000e+000  0.000000e+000  0.000000e+000  0.000000e+000  
0.000000e+000  0.000000e+000  0.000000e+000  0.000000e+000  0.000000e+000  0.000000e+000  0.000000e+000  
0.000000e+000  0.000000e+000  0.000000e+000  0.000000e+000  0.000000e+000  0.000000e+000  0.000000e+000  
0.000000e+000  0.000000e+000  0.000000e+000  0.000000e+000  0.000000e+000  0.000000e+000  0.000000e+000  
0.000000e+000  0.000000e+000  0.000000e+000  0.000000e+000  0.000000e+000  0.000000e+000  0.000000e+000  

0.000000e+000  0.000000e+000  0.000000e+000  0.000000e+000  0.000000e+000  0.000000e+000  0.000000e+000  
0.000000e+000  0.000000e+000  0.000000e+000  0.000000e+000  0.000000e+000  0.000000e+000  0.000000e+000  
0.000000e+000  0.000000e+000  0.000000e+000  0.000000e+000  0.000000e+000  0.000000e+000  0.000000e+000  
0.000000e+000  0.000000e+000  0.000000e+000  0.000000e+000  0.000000e+000  0.000000e+000  0.000000e+000  
0.000000e+000  0.000000e+000  0.000000e+000  0.000000e+000  0.000000e+000  0.000000e+000  0.000000e+000  
0.000000e+000  0.000000e+000  0.000000e+000  0.000000e+000  0.000000e+000  0.000000e+000  0.000000e+000  
0.000000e+000  0.000000e+000  0.000000e+000  0.000000e+000  0.000000e+000  0.000000e+000  0.000000e+000  
0.000000e+000  0.000000e+000  0.000000e+000  0.000000e+000  0.000000e+000  0.000000e+000  0.000000e+000  
0.000000e+000  0.000000e+000  0.000000e+000  0.000000e+000  0.000000e+000  0.000000e+000  0.000000e+000  
0.000000e+000  0.000000e+000  0.000000e+000  0.000000e+000  0.000000e+000  0.000000e+000  0.000000e+000  
0.000000e+000  0.000000e+000  0.000000e+000  0.000000e+000  0.000000e+000  0.000000e+000  0.000000e+000  
0.000000e+000  0.000000e+000  0.000000e+000  0.000000e+000  0.000000e+000  0.000000e+000  0.000000e+000  
0.000000e+000  0.000000e+000  0.000000e+000  0.000000e+000  0.000000e+000  0.000000e+000  0.000000e+000  
0.000000e+000  0.000000e+000  0.000000e+000  0.000000e+000  0.000000e+000  0.000000e+000  0.000000e+000  

0.000000e+000  0.000000e+000  0.000000e+000  0.000000e+000  0.000000e+000  0.000000e+000  0.000000e+000  
0.000000e+000  0.000000e+000  0.000000e+000  0.000000e+000  0.000000e+000  0.000000e+000  0.000000e+000  
0.000000e+000  0.000000e+000  0.000000e+000  0.000000e+000  0.000000e+000  0.000000e+000  0.000000e+000  
0.000000e+000  0.000000e+000  0.000000e+000  0.000000e+000  0.000000e+000  0.000000e+000  0.000000e+000  
0.000000e+000  0.000000e+000  0.000000e+000  0.000000e+000  0.000000e+000  0.000000e+000  0.000000e+000  
0.000000e+000  0.000000e+000  0.000000e+000  0.000000e+000  0.000000e+000  0.000000e+000  0.000000e+000  
0.000000e+000  0.000000e+000  0.000000e+000  0.000000e+000  0.000000e+000  0.000000e+000  0.000000e+000  
0.000000e+000  0.000000e+000  0.000000e+000  0.000000e+000  0.000000e+000  0.000000e+000  0.000000e+000  
0.000000e+000  0.000000e+000  0.000000e+000  0.000000e+000  0.000000e+000  0.000000e+000  0.000000e+000  
0.000000e+000  0.000000e+000  0.000000e+000  0.000000e+000  0.000000e+000  0.000000e+000  0.000000e+000  
0.000000e+000  0.000000e+000  0.000000e+000  0.000000e+000  0.000000e+000  0.000000e+000  0.000000e+000  
0.000000e+000  0.000000e+000  0.000000e+000  0.000000e+000  0.000000e+000  0.000000e+000  0.000000e+000  
0.000000e+000  0.000000e+000  0.000000e+000  0.000000e+000  0.000000e+000  0.000000e+000  0.000000e+000  
0.000000e+000  0.000000e+000  0.000000e+000  0.000000e+000  0.000000e+000  0.000000e+000  0.000000e+000  

-9.336352e-001  -9.225186e-001  -8.928876e-001  -8.220311e-001  -7.356921e-001  -6.505347e-001  -5.092804e-001  
-2.500989e+000  -2.463764e+000  -2.360276e+000  -2.098556e+000  -1.787741e+000  -1.499153e+000  -1.080196e+000  
-3.770478e+000  -3.729696e+000  -3.562182e+000  -2.960611e+000  -2.302964e+000  -1.767092e+000  -1.145134e+000  
-4.688521e+000  -4.774703e+000  -4.732515e+000  -3.538807e+000  -2.474559e+000  -1.741678e+000  -1.040367e+000  
-5.138024e+000  -5.987090e+000  -7.208625e+000  -3.907346e+000  -2.247011e+000  -1.407899e+000  -7.733381e-001  
-2.320052e+000  -2.216826e+000  0.000000e+000  -1.993280e+000  -1.205483e+000  -7.471343e-001  -3.969848e-001  
-6.963043e-010  -5.143499e-010  0.000000e+000  -8.682966e-010  -1.257303e-009  -1.404921e-009  -1.516800e-009  
2.320052e+000  2.216826e+000  0.000000e+000  1.993280e+000  1.205483e+000  7.471343e-001  3.969848e-001  
5.138024e+000  5.987090e+000  7.208625e+000  3.907346e+000  2.247011e+000  1.407899e+000  7.733381e-001  
4.688521e+000  4.774703e+000  4.732515e+000  3.538807e+000  2.474559e+000  1.741678e+000  1.040367e+000  
3.770478e+000  3.729696e+000  3.562182e+000  2.960611e+000  2.302964e+000  1.767092e+000  1.145134e+000  
2.500989e+000  2.463764e+000  2.360276e+000  2.098556e+000  1.787741e+000  1.499153e+000  1.080196e+000  
9.336352e-001  9.225186e-001  8.928876e-001  8.220311e-001  7.356921e-001  6.505347e-001  5.092804e-001  
0.000000e+000  0.000000e+000  0.000000e+000  0.000000e+000  0.000000e+000  0.000000e+000  0.000000e+000  

1.850819e-001  5.120041e-001  5.394203e-001  3.078698e-001  1.427377e-001  -2.264442e-002  0.000000e+000  
1.211684e-001  3.402161e-001  2.861575e-001  2.818676e-002  -1.208029e-001  -2.030692e-001  0.000000e+000  
-2.978836e-002  -7.768803e-002  -3.697014e-001  -6.972938e-001  -7.756521e-001  -6.034430e-001  0.000000e+000  
-1.184683e-001  -4.053284e-001  -1.070099e+000  -1.432254e+000  -1.367830e+000  -8.982004e-001  0.000000e+000  
-1.791463e-002  -5.526844e-001  -2.384291e+000  -2.584594e+000  -2.160490e+000  -1.226371e+000  0.000000e+000  
1.239059e+000  4.054600e+000  -6.490798e+000  -4.337685e+000  -3.053283e+000  -1.520446e+000  0.000000e+000  
1.097687e+000  2.903198e+000  -7.462026e+000  -5.033990e+000  -3.459592e+000  -1.655414e+000  0.000000e+000  
1.097687e+000  2.903198e+000  -7.462026e+000  -5.033990e+000  -3.459592e+000  -1.655414e+000  0.000000e+000  
1.239059e+000  4.054600e+000  -6.490798e+000  -4.337685e+000  -3.053283e+000  -1.520446e+000  0.000000e+000  
-1.791463e-002  -5.526844e-001  -2.384291e+000  -2.584594e+000  -2.160490e+000  -1.226371e+000  0.000000e+000  
-1.184683e-001  -4.053284e-001  -1.070099e+000  -1.432254e+000  -1.367830e+000  -8.982004e-001  0.000000e+000  
-2.978836e-002  -7.768803e-002  -3.697014e-001  -6.972938e-001  -7.756521e-001  -6.034430e-001  0.000000e+000  
1.211684e-001  3.402161e-001  2.861575e-001  2.818676e-002  -1.208029e-001  -2.030692e-001  0.000000e+000  
1.850819e-001  5.120041e-001  5.394203e-001  3.078698e-001  1.427377e-001  -2.264442e-002  0.000000e+000  

6.084209e-002  1.662944e-001  1.983841e-001  1.582978e-001  1.206015e-001  6.325095e-002  -0.000000e+000  
1.494963e-001  4.090113e-001  4.808796e-001  3.718269e-001  2.752710e-001  1.374906e-001  -0.000000e+000  
1.973202e-001  5.418788e-001  6.191385e-001  4.514320e-001  3.187587e-001  1.489440e-001  -0.000000e+000  
2.201673e-001  6.121686e-001  6.737924e-001  4.589416e-001  3.095548e-001  1.371848e-001  -0.000000e+000  
2.152074e-001  6.411137e-001  6.464178e-001  3.882230e-001  2.461068e-001  1.031379e-001  -0.000000e+000  
9.576810e-002  2.529454e-001  3.258132e-001  2.042898e-001  1.293394e-001  5.320280e-002  -0.000000e+000  
1.249299e-011  3.796934e-011  -4.440707e-011  -1.746623e-011  -0.000000e+000  -0.000000e+000  -0.000000e+000  
-9.576810e-002  -2.529454e-001  -3.258132e-001  -2.042898e-001  -1.293394e-001  -5.320280e-002  -0.000000e+000  
-2.152074e-001  -6.411137e-001  -6.464178e-001  -3.882230e-001  -2.461068e-001  -1.031379e-001  -0.000000e+000  
-2.201673e-001  -6.121686e-001  -6.737924e-001  -4.589416e-001  -3.095548e-001  -1.371848e-001  -0.000000e+000  
-1.973202e-001  -5.418788e-001  -6.191385e-001  -4.514320e-001  -3.187587e-001  -1.489440e-001  -0.000000e+000  
-1.494963e-001  -4.090113e-001  -4.808796e-001  -3.718269e-001  -2.752710e-001  -1.374906e-001  -0.000000e+000  
-6.084209e-002  -1.662944e-001  -1.983841e-001  -1.582978e-001  -1.206015e-001  -6.325095e-002  -0.000000e+000  
-0.000000e+000  -0.000000e+000  -0.000000e+000  -0.000000e+000  -0.000000e+000  -0.000000e+000  -0.000000e+000  

